dataset_size_test 500
8 circular 2 0 500
Sample 0
Take max_iter as  677
Score of validation 0.77
Score of training 0.9925
Score of validation (classical) [0.67, 0.78, 0.8, 0.48]
Score of training (classical) [0.7325, 0.88, 0.885, 0.5725]
Sample 1
Take max_iter as  688
Score of validation 0.84
Score of training 0.9875
Score of validation (classical) [0.7, 0.86, 0.87, 0.6]
Score of training (classical) [0.7525, 0.8875, 0.8775, 0.625]
Sample 2
Take max_iter as  658
Score of validation 0.82
Score of training 0.99
Score of validation (classical) [0.69, 0.82, 0.81, 0.53]
Score of training (classical) [0.7325, 0.8675, 0.845, 0.515]
Sample 3
Take max_iter as  677
Score of validation 0.81
Score of training 0.99
Score of validation (classical) [0.71, 0.77, 0.77, 0.54]
Score of training (classical) [0.7425, 0.845, 0.8325, 0.575]
Sample 4
Take max_iter as  649
Score of validation 0.79
Score of training 0.985
Score of validation (classical) [0.69, 0.8, 0.77, 0.52]
Score of training (classical) [0.74, 0.865, 0.835, 0.5325]
Sample 5
Take max_iter as  646
Score of validation 0.76
Score of training 0.995
Score of validation (classical) [0.68, 0.78, 0.79, 0.56]
Score of training (classical) [0.7425, 0.855, 0.8525, 0.545]
Sample 6
Take max_iter as  668
Score of validation 0.73
Score of training 0.99
Score of validation (classical) [0.75, 0.79, 0.8, 0.58]
Score of training (classical) [0.7325, 0.8525, 0.8375, 0.56]
Sample 7
Take max_iter as  661
Score of validation 0.83
Score of training 0.99
Score of validation (classical) [0.8, 0.85, 0.83, 0.59]
Score of training (classical) [0.7375, 0.865, 0.85, 0.55]
Sample 8
Take max_iter as  690
Score of validation 0.79
Score of training 0.9875
Score of validation (classical) [0.74, 0.85, 0.84, 0.52]
Score of training (classical) [0.7, 0.875, 0.8525, 0.5]
Sample 9
Take max_iter as  641
Score of validation 0.81
Score of training 0.9875
Score of validation (classical) [0.67, 0.83, 0.79, 0.49]
Score of training (classical) [0.75, 0.86, 0.845, 0.5725]
Sample 10
Take max_iter as  651
Score of validation 0.82
Score of training 0.99
Score of validation (classical) [0.7, 0.74, 0.74, 0.65]
Score of training (classical) [0.78, 0.885, 0.885, 0.6375]
Sample 11
Take max_iter as  665
Score of validation 0.8
Score of training 0.985
Score of validation (classical) [0.69, 0.77, 0.77, 0.5]
Score of training (classical) [0.72, 0.8625, 0.8525, 0.4775]
Sample 12
Take max_iter as  704
Score of validation 0.8
Score of training 0.9875
Score of validation (classical) [0.74, 0.83, 0.8, 0.51]
Score of training (classical) [0.75, 0.875, 0.8575, 0.5675]
Sample 13
Take max_iter as  665
Score of validation 0.77
Score of training 0.985
Score of validation (classical) [0.68, 0.82, 0.82, 0.47]
Score of training (classical) [0.7325, 0.855, 0.83, 0.5175]
Sample 14
Take max_iter as  637
Score of validation 0.73
Score of training 0.9925
Score of validation (classical) [0.7, 0.75, 0.77, 0.56]
Score of training (classical) [0.7775, 0.855, 0.85, 0.51]
Sample 15
Take max_iter as  670
Score of validation 0.79
Score of training 0.9825
Score of validation (classical) [0.75, 0.82, 0.79, 0.43]
Score of training (classical) [0.735, 0.875, 0.865, 0.5]
Sample 16
Take max_iter as  693
Score of validation 0.79
Score of training 0.985
Score of validation (classical) [0.66, 0.77, 0.74, 0.5]
Score of training (classical) [0.7475, 0.8475, 0.8275, 0.5925]
Sample 17
Take max_iter as  648
Score of validation 0.74
Score of training 0.9825
Score of validation (classical) [0.66, 0.81, 0.79, 0.48]
Score of training (classical) [0.7325, 0.8725, 0.86, 0.5225]
Sample 18
Take max_iter as  657
Score of validation 0.85
Score of training 0.9875
Score of validation (classical) [0.75, 0.83, 0.86, 0.58]
Score of training (classical) [0.74, 0.8725, 0.8725, 0.545]
Sample 19
Take max_iter as  644
Score of validation 0.85
Score of training 0.9925
Score of validation (classical) [0.72, 0.8, 0.79, 0.55]
Score of training (classical) [0.7375, 0.88, 0.85, 0.5475]
Sample 20
Take max_iter as  650
Score of validation 0.79
Score of training 0.99
Score of validation (classical) [0.68, 0.77, 0.79, 0.63]
Score of training (classical) [0.7425, 0.8625, 0.8575, 0.66]
Sample 21
Take max_iter as  684
Score of validation 0.81
Score of training 0.99
Score of validation (classical) [0.71, 0.84, 0.83, 0.48]
Score of training (classical) [0.7425, 0.89, 0.89, 0.49]
Sample 22
Take max_iter as  684
Score of validation 0.83
Score of training 0.9875
Score of validation (classical) [0.74, 0.82, 0.79, 0.64]
Score of training (classical) [0.76, 0.8875, 0.865, 0.655]
Sample 23
Take max_iter as  675
Score of validation 0.79
Score of training 0.9875
Score of validation (classical) [0.73, 0.85, 0.8, 0.45]
Score of training (classical) [0.7275, 0.8725, 0.8775, 0.5575]
Sample 24
Take max_iter as  698
Score of validation 0.8
Score of training 0.99
Score of validation (classical) [0.66, 0.79, 0.77, 0.46]
Score of training (classical) [0.765, 0.87, 0.8775, 0.57]
Sample 25
Take max_iter as  685
Score of validation 0.76
Score of training 0.9825
Score of validation (classical) [0.71, 0.8, 0.8, 0.48]
Score of training (classical) [0.7425, 0.86, 0.8575, 0.5875]
Sample 26
Take max_iter as  673
Score of validation 0.77
Score of training 0.9825
Score of validation (classical) [0.76, 0.84, 0.85, 0.64]
Score of training (classical) [0.7525, 0.87, 0.855, 0.62]
Sample 27
Take max_iter as  621
Score of validation 0.74
Score of training 0.9825
Score of validation (classical) [0.72, 0.86, 0.84, 0.5]
Score of training (classical) [0.735, 0.8725, 0.8625, 0.55]
Sample 28
Take max_iter as  653
Score of validation 0.77
Score of training 0.9875
Score of validation (classical) [0.7, 0.82, 0.77, 0.58]
Score of training (classical) [0.755, 0.885, 0.8725, 0.58]
Sample 29
Take max_iter as  679
Score of validation 0.79
Score of training 0.9875
Score of validation (classical) [0.7, 0.79, 0.75, 0.54]
Score of training (classical) [0.77, 0.865, 0.8625, 0.5175]
Sample 30
Take max_iter as  699
Score of validation 0.75
Score of training 0.99
Score of validation (classical) [0.66, 0.8, 0.79, 0.58]
Score of training (classical) [0.745, 0.86, 0.845, 0.63]
Sample 31
Take max_iter as  718
Score of validation 0.73
Score of training 0.99
Score of validation (classical) [0.72, 0.8, 0.84, 0.59]
Score of training (classical) [0.73, 0.8675, 0.8575, 0.585]
Sample 32
Take max_iter as  689
Score of validation 0.77
Score of training 0.9925
Score of validation (classical) [0.71, 0.78, 0.77, 0.54]
Score of training (classical) [0.7275, 0.8625, 0.8425, 0.5225]
Sample 33
Take max_iter as  649
Score of validation 0.78
Score of training 0.9875
Score of validation (classical) [0.74, 0.77, 0.8, 0.56]
Score of training (classical) [0.7725, 0.87, 0.86, 0.6075]
Sample 34
Take max_iter as  700
Score of validation 0.77
Score of training 0.985
Score of validation (classical) [0.68, 0.82, 0.77, 0.46]
Score of training (classical) [0.7425, 0.8775, 0.845, 0.5225]
Sample 35
Take max_iter as  718
Score of validation 0.75
Score of training 0.985
Score of validation (classical) [0.7, 0.83, 0.82, 0.56]
Score of training (classical) [0.74, 0.8625, 0.865, 0.51]
Sample 36
Take max_iter as  674
Score of validation 0.83
Score of training 0.985
Score of validation (classical) [0.74, 0.83, 0.8, 0.67]
Score of training (classical) [0.745, 0.8675, 0.8525, 0.6125]
Sample 37
Take max_iter as  721
Score of validation 0.75
Score of training 0.9875
Score of validation (classical) [0.64, 0.78, 0.8, 0.54]
Score of training (classical) [0.73, 0.885, 0.8575, 0.6325]
Sample 38
Take max_iter as  648
Score of validation 0.8
Score of training 0.995
Score of validation (classical) [0.68, 0.81, 0.81, 0.53]
Score of training (classical) [0.725, 0.875, 0.86, 0.56]
Sample 39
Take max_iter as  704
Score of validation 0.78
Score of training 0.985
Score of validation (classical) [0.74, 0.8, 0.8, 0.56]
Score of training (classical) [0.74, 0.865, 0.85, 0.615]
Sample 40
Take max_iter as  670
Score of validation 0.77
Score of training 0.985
Score of validation (classical) [0.68, 0.78, 0.75, 0.62]
Score of training (classical) [0.6875, 0.8225, 0.805, 0.505]
Sample 41
Take max_iter as  642
Score of validation 0.76
Score of training 0.9875
Score of validation (classical) [0.74, 0.87, 0.84, 0.52]
Score of training (classical) [0.7275, 0.8675, 0.8575, 0.5675]
Sample 42
Take max_iter as  623
Score of validation 0.84
Score of training 0.99
Score of validation (classical) [0.73, 0.83, 0.82, 0.67]
Score of training (classical) [0.72, 0.8775, 0.8625, 0.545]
Sample 43
Take max_iter as  658
Score of validation 0.77
Score of training 1.0
Score of validation (classical) [0.7, 0.77, 0.76, 0.51]
Score of training (classical) [0.745, 0.885, 0.88, 0.52]
Sample 44
Take max_iter as  679
Score of validation 0.81
Score of training 0.99
Score of validation (classical) [0.68, 0.83, 0.8, 0.58]
Score of training (classical) [0.7175, 0.88, 0.8775, 0.5225]
Sample 45
Take max_iter as  666
Score of validation 0.76
Score of training 0.9875
Score of validation (classical) [0.76, 0.82, 0.81, 0.55]
Score of training (classical) [0.725, 0.865, 0.86, 0.5075]
Sample 46
Take max_iter as  697
Score of validation 0.81
Score of training 0.98
Score of validation (classical) [0.82, 0.88, 0.86, 0.58]
Score of training (classical) [0.7275, 0.8575, 0.8525, 0.505]
Sample 47
Take max_iter as  672
Score of validation 0.79
Score of training 0.99
Score of validation (classical) [0.64, 0.74, 0.72, 0.52]
Score of training (classical) [0.7525, 0.8775, 0.8725, 0.6075]
Sample 48
Take max_iter as  668
Score of validation 0.82
Score of training 0.995
Score of validation (classical) [0.71, 0.81, 0.79, 0.57]
Score of training (classical) [0.7475, 0.8725, 0.8625, 0.555]
Sample 49
Take max_iter as  664
Score of validation 0.76
Score of training 0.99
Score of validation (classical) [0.68, 0.79, 0.77, 0.51]
Score of training (classical) [0.7475, 0.8725, 0.8375, 0.525]
Sample 50
Take max_iter as  680
Score of validation 0.77
Score of training 0.99
Score of validation (classical) [0.68, 0.77, 0.77, 0.52]
Score of training (classical) [0.735, 0.8675, 0.85, 0.58]
Sample 51
Take max_iter as  638
Score of validation 0.76
Score of training 0.99
Score of validation (classical) [0.67, 0.71, 0.72, 0.55]
Score of training (classical) [0.7275, 0.8675, 0.8525, 0.4975]
Sample 52
Take max_iter as  674
Score of validation 0.81
Score of training 0.995
Score of validation (classical) [0.71, 0.81, 0.81, 0.63]
Score of training (classical) [0.7475, 0.88, 0.88, 0.53]
Sample 53
Take max_iter as  639
Score of validation 0.72
Score of training 0.9875
Score of validation (classical) [0.68, 0.81, 0.82, 0.48]
Score of training (classical) [0.725, 0.8525, 0.8375, 0.535]
Sample 54
Take max_iter as  652
Score of validation 0.87
Score of training 0.99
Score of validation (classical) [0.71, 0.81, 0.81, 0.62]
Score of training (classical) [0.75, 0.865, 0.855, 0.5075]
Sample 55
Take max_iter as  683
Score of validation 0.83
Score of training 0.99
Score of validation (classical) [0.72, 0.82, 0.79, 0.54]
Score of training (classical) [0.7625, 0.8725, 0.8625, 0.64]
Sample 56
Take max_iter as  649
Score of validation 0.81
Score of training 0.9875
Score of validation (classical) [0.76, 0.86, 0.83, 0.55]
Score of training (classical) [0.76, 0.875, 0.88, 0.5325]
Sample 57
Take max_iter as  638
Score of validation 0.76
Score of training 0.985
Score of validation (classical) [0.73, 0.82, 0.81, 0.55]
Score of training (classical) [0.745, 0.8725, 0.8625, 0.5275]
Sample 58
Take max_iter as  661
Score of validation 0.82
Score of training 0.985
Score of validation (classical) [0.77, 0.88, 0.89, 0.54]
Score of training (classical) [0.7225, 0.8725, 0.875, 0.525]
Sample 59
Take max_iter as  624
Score of validation 0.85
Score of training 0.99
Score of validation (classical) [0.65, 0.86, 0.81, 0.6]
Score of training (classical) [0.73, 0.8525, 0.8375, 0.575]
Sample 60
Take max_iter as  637
Score of validation 0.8
Score of training 0.995
Score of validation (classical) [0.69, 0.82, 0.82, 0.58]
Score of training (classical) [0.7175, 0.8875, 0.875, 0.5575]
Sample 61
Take max_iter as  672
Score of validation 0.86
Score of training 0.99
Score of validation (classical) [0.71, 0.81, 0.75, 0.5]
Score of training (classical) [0.7375, 0.865, 0.825, 0.5675]
Sample 62
Take max_iter as  722
Score of validation 0.8
Score of training 0.9925
Score of validation (classical) [0.79, 0.84, 0.83, 0.5]
Score of training (classical) [0.7725, 0.8875, 0.885, 0.51]
Sample 63
Take max_iter as  658
Score of validation 0.84
Score of training 0.99
Score of validation (classical) [0.75, 0.8, 0.83, 0.54]
Score of training (classical) [0.7475, 0.8525, 0.8425, 0.5125]
Sample 64
Take max_iter as  677
Score of validation 0.8
Score of training 0.985
Score of validation (classical) [0.72, 0.83, 0.83, 0.67]
Score of training (classical) [0.7625, 0.8775, 0.85, 0.6375]
Sample 65
Take max_iter as  706
Score of validation 0.73
Score of training 0.99
Score of validation (classical) [0.78, 0.82, 0.81, 0.49]
Score of training (classical) [0.745, 0.86, 0.8625, 0.5025]
Sample 66
Take max_iter as  726
Score of validation 0.74
Score of training 0.985
Score of validation (classical) [0.68, 0.8, 0.82, 0.49]
Score of training (classical) [0.7175, 0.86, 0.8525, 0.5275]
Sample 67
Take max_iter as  664
Score of validation 0.8
Score of training 0.9875
Score of validation (classical) [0.72, 0.75, 0.77, 0.55]
Score of training (classical) [0.7125, 0.83, 0.835, 0.54]
Sample 68
Take max_iter as  654
Score of validation 0.75
Score of training 0.985
Score of validation (classical) [0.68, 0.77, 0.74, 0.49]
Score of training (classical) [0.7675, 0.8375, 0.84, 0.5775]
Sample 69
Take max_iter as  635
Score of validation 0.77
Score of training 0.995
Score of validation (classical) [0.72, 0.8, 0.8, 0.5]
Score of training (classical) [0.71, 0.855, 0.835, 0.5025]
Sample 70
Take max_iter as  616
Score of validation 0.79
Score of training 0.985
Score of validation (classical) [0.75, 0.85, 0.83, 0.55]
Score of training (classical) [0.74, 0.875, 0.8625, 0.5925]
Sample 71
Take max_iter as  697
Score of validation 0.76
Score of training 0.9925
Score of validation (classical) [0.71, 0.8, 0.78, 0.53]
Score of training (classical) [0.7325, 0.8725, 0.855, 0.445]
Sample 72
Take max_iter as  635
Score of validation 0.8
Score of training 0.9975
Score of validation (classical) [0.69, 0.79, 0.8, 0.52]
Score of training (classical) [0.6975, 0.85, 0.8325, 0.5675]
Sample 73
Take max_iter as  661
Score of validation 0.8
Score of training 0.99
Score of validation (classical) [0.66, 0.74, 0.74, 0.48]
Score of training (classical) [0.74, 0.85, 0.8425, 0.51]
Sample 74
Take max_iter as  642
Score of validation 0.75
Score of training 0.985
Score of validation (classical) [0.73, 0.79, 0.8, 0.48]
Score of training (classical) [0.7225, 0.8675, 0.865, 0.535]
Sample 75
Take max_iter as  697
Score of validation 0.81
Score of training 0.9875
Score of validation (classical) [0.71, 0.82, 0.81, 0.61]
Score of training (classical) [0.7175, 0.89, 0.8725, 0.5475]
Sample 76
Take max_iter as  708
Score of validation 0.75
Score of training 0.985
Score of validation (classical) [0.77, 0.83, 0.84, 0.62]
Score of training (classical) [0.745, 0.87, 0.8425, 0.545]
Sample 77
Take max_iter as  693
Score of validation 0.74
Score of training 0.9925
Score of validation (classical) [0.68, 0.81, 0.78, 0.5]
Score of training (classical) [0.76, 0.8825, 0.8775, 0.5725]
Sample 78
Take max_iter as  656
Score of validation 0.73
Score of training 0.9925
Score of validation (classical) [0.71, 0.74, 0.73, 0.59]
Score of training (classical) [0.74, 0.8625, 0.86, 0.4825]
Sample 79
Take max_iter as  659
Score of validation 0.78
Score of training 0.9875
Score of validation (classical) [0.68, 0.83, 0.82, 0.47]
Score of training (classical) [0.7325, 0.85, 0.845, 0.5425]
Sample 80
Take max_iter as  618
Score of validation 0.8
Score of training 0.9875
Score of validation (classical) [0.71, 0.79, 0.77, 0.63]
Score of training (classical) [0.725, 0.86, 0.8525, 0.5325]
Sample 81
Take max_iter as  659
Score of validation 0.75
Score of training 0.995
Score of validation (classical) [0.66, 0.8, 0.81, 0.58]
Score of training (classical) [0.755, 0.86, 0.8625, 0.545]
Sample 82
Take max_iter as  659
Score of validation 0.84
Score of training 0.9875
Score of validation (classical) [0.75, 0.86, 0.86, 0.6]
Score of training (classical) [0.72, 0.8675, 0.8475, 0.5575]
Sample 83
Take max_iter as  677
Score of validation 0.75
Score of training 0.985
Score of validation (classical) [0.68, 0.8, 0.8, 0.43]
Score of training (classical) [0.7525, 0.8675, 0.87, 0.5025]
Sample 84
Take max_iter as  658
Score of validation 0.75
Score of training 0.995
Score of validation (classical) [0.75, 0.8, 0.8, 0.61]
Score of training (classical) [0.785, 0.8875, 0.8825, 0.6]
Sample 85
Take max_iter as  630
Score of validation 0.76
Score of training 0.985
Score of validation (classical) [0.68, 0.82, 0.81, 0.51]
Score of training (classical) [0.7275, 0.8375, 0.8425, 0.5225]
Sample 86
Take max_iter as  612
Score of validation 0.8
Score of training 0.9825
Score of validation (classical) [0.74, 0.87, 0.84, 0.53]
Score of training (classical) [0.6925, 0.845, 0.8375, 0.535]
Sample 87
Take max_iter as  639
Score of validation 0.81
Score of training 0.985
Score of validation (classical) [0.71, 0.8, 0.79, 0.47]
Score of training (classical) [0.78, 0.8925, 0.8775, 0.5975]
Sample 88
Take max_iter as  700
Score of validation 0.77
Score of training 0.995
Score of validation (classical) [0.75, 0.8, 0.79, 0.55]
Score of training (classical) [0.7725, 0.8675, 0.85, 0.6025]
Sample 89
Take max_iter as  663
Score of validation 0.75
Score of training 0.9925
Score of validation (classical) [0.74, 0.79, 0.81, 0.61]
Score of training (classical) [0.7475, 0.8725, 0.8575, 0.5375]
Sample 90
Take max_iter as  654
Score of validation 0.81
Score of training 0.9875
Score of validation (classical) [0.73, 0.83, 0.83, 0.59]
Score of training (classical) [0.7325, 0.8775, 0.86, 0.5375]
Sample 91
Take max_iter as  648
Score of validation 0.82
Score of training 0.9925
Score of validation (classical) [0.7, 0.79, 0.78, 0.54]
Score of training (classical) [0.745, 0.86, 0.8425, 0.605]
Sample 92
Take max_iter as  650
Score of validation 0.72
Score of training 0.9925
Score of validation (classical) [0.76, 0.79, 0.81, 0.6]
Score of training (classical) [0.74, 0.8575, 0.85, 0.5225]
Sample 93
Take max_iter as  614
Score of validation 0.76
Score of training 0.9925
Score of validation (classical) [0.74, 0.82, 0.83, 0.48]
Score of training (classical) [0.7025, 0.84, 0.8375, 0.51]
Sample 94
Take max_iter as  626
Score of validation 0.79
Score of training 0.9925
Score of validation (classical) [0.75, 0.81, 0.81, 0.48]
Score of training (classical) [0.7525, 0.87, 0.87, 0.5275]
Sample 95
Take max_iter as  668
Score of validation 0.77
Score of training 0.9875
Score of validation (classical) [0.7, 0.8, 0.81, 0.51]
Score of training (classical) [0.72, 0.8675, 0.8425, 0.495]
Sample 96
Take max_iter as  705
Score of validation 0.85
Score of training 0.9875
Score of validation (classical) [0.81, 0.86, 0.86, 0.55]
Score of training (classical) [0.7775, 0.88, 0.875, 0.5375]
Sample 97
Take max_iter as  650
Score of validation 0.82
Score of training 0.99
Score of validation (classical) [0.74, 0.84, 0.82, 0.59]
Score of training (classical) [0.7325, 0.8675, 0.855, 0.5725]
Sample 98
Take max_iter as  674
Score of validation 0.88
Score of training 0.995
Score of validation (classical) [0.7, 0.8, 0.81, 0.46]
Score of training (classical) [0.7125, 0.855, 0.8325, 0.5425]
Sample 99
Take max_iter as  695
Score of validation 0.82
Score of training 0.99
Score of validation (classical) [0.77, 0.87, 0.84, 0.43]
Score of training (classical) [0.7425, 0.8725, 0.865, 0.4975]
Sample 100
Take max_iter as  658
Score of validation 0.78
Score of training 0.985
Score of validation (classical) [0.64, 0.73, 0.74, 0.5]
Score of training (classical) [0.71, 0.86, 0.8625, 0.51]
Sample 101
Take max_iter as  676
Score of validation 0.79
Score of training 0.995
Score of validation (classical) [0.66, 0.82, 0.79, 0.46]
Score of training (classical) [0.76, 0.865, 0.8475, 0.5325]
Sample 102
Take max_iter as  616
Score of validation 0.72
Score of training 0.9875
Score of validation (classical) [0.66, 0.75, 0.78, 0.52]
Score of training (classical) [0.7125, 0.8775, 0.87, 0.5725]
Sample 103
Take max_iter as  705
Score of validation 0.81
Score of training 0.99
Score of validation (classical) [0.7, 0.84, 0.83, 0.64]
Score of training (classical) [0.72, 0.8625, 0.8525, 0.6025]
Sample 104
Take max_iter as  652
Score of validation 0.77
Score of training 0.9925
Score of validation (classical) [0.67, 0.8, 0.78, 0.54]
Score of training (classical) [0.705, 0.855, 0.8475, 0.54]
Sample 105
Take max_iter as  617
Score of validation 0.79
Score of training 0.9875
Score of validation (classical) [0.74, 0.81, 0.82, 0.62]
Score of training (classical) [0.72, 0.8475, 0.8425, 0.59]
Sample 106
Take max_iter as  665
Score of validation 0.78
Score of training 0.9875
Score of validation (classical) [0.65, 0.77, 0.77, 0.43]
Score of training (classical) [0.725, 0.8725, 0.8575, 0.515]
Sample 107
Take max_iter as  716
Score of validation 0.85
Score of training 0.99
Score of validation (classical) [0.72, 0.83, 0.83, 0.53]
Score of training (classical) [0.745, 0.8725, 0.8525, 0.555]
Sample 108
Take max_iter as  648
Score of validation 0.78
Score of training 0.9825
Score of validation (classical) [0.66, 0.82, 0.82, 0.47]
Score of training (classical) [0.715, 0.8825, 0.8575, 0.4675]
Sample 109
Take max_iter as  687
Score of validation 0.8
Score of training 0.9875
Score of validation (classical) [0.74, 0.85, 0.86, 0.57]
Score of training (classical) [0.7475, 0.8675, 0.8625, 0.5725]
Sample 110
Take max_iter as  690
Score of validation 0.72
Score of training 0.9825
Score of validation (classical) [0.67, 0.79, 0.78, 0.45]
Score of training (classical) [0.735, 0.875, 0.8525, 0.53]
Sample 111
Take max_iter as  719
Score of validation 0.77
Score of training 0.9975
Score of validation (classical) [0.68, 0.82, 0.84, 0.46]
Score of training (classical) [0.725, 0.8675, 0.8625, 0.515]
Sample 112
Take max_iter as  678
Score of validation 0.79
Score of training 0.9875
Score of validation (classical) [0.73, 0.77, 0.75, 0.55]
Score of training (classical) [0.7275, 0.8625, 0.8525, 0.475]
Sample 113
Take max_iter as  672
Score of validation 0.81
Score of training 0.9925
Score of validation (classical) [0.69, 0.8, 0.81, 0.55]
Score of training (classical) [0.7525, 0.8625, 0.86, 0.53]
Sample 114
Take max_iter as  673
Score of validation 0.75
Score of training 0.99
Score of validation (classical) [0.65, 0.73, 0.74, 0.49]
Score of training (classical) [0.725, 0.8575, 0.8375, 0.5925]
Sample 115
Take max_iter as  639
Score of validation 0.87
Score of training 0.99
Score of validation (classical) [0.76, 0.81, 0.79, 0.58]
Score of training (classical) [0.7625, 0.88, 0.8725, 0.5875]
Sample 116
Take max_iter as  672
Score of validation 0.78
Score of training 0.9825
Score of validation (classical) [0.69, 0.81, 0.8, 0.45]
Score of training (classical) [0.74, 0.8725, 0.86, 0.5225]
Sample 117
Take max_iter as  631
Score of validation 0.77
Score of training 0.995
Score of validation (classical) [0.64, 0.77, 0.77, 0.52]
Score of training (classical) [0.7225, 0.84, 0.8325, 0.5675]
Sample 118
Take max_iter as  654
Score of validation 0.85
Score of training 0.9875
Score of validation (classical) [0.77, 0.79, 0.82, 0.57]
Score of training (classical) [0.7325, 0.845, 0.83, 0.53]
Sample 119
Take max_iter as  643
Score of validation 0.78
Score of training 0.9975
Score of validation (classical) [0.72, 0.81, 0.84, 0.49]
Score of training (classical) [0.74, 0.86, 0.8575, 0.56]
Sample 120
Take max_iter as  673
Score of validation 0.82
Score of training 0.9925
Score of validation (classical) [0.75, 0.81, 0.82, 0.67]
Score of training (classical) [0.7475, 0.8825, 0.87, 0.65]
Sample 121
Take max_iter as  628
Score of validation 0.84
Score of training 0.99
Score of validation (classical) [0.75, 0.84, 0.85, 0.53]
Score of training (classical) [0.74, 0.8625, 0.855, 0.4925]
Sample 122
Take max_iter as  688
Score of validation 0.82
Score of training 0.9925
Score of validation (classical) [0.72, 0.81, 0.83, 0.52]
Score of training (classical) [0.7375, 0.86, 0.87, 0.5125]
Sample 123
Take max_iter as  660
Score of validation 0.82
Score of training 0.9875
Score of validation (classical) [0.71, 0.8, 0.8, 0.57]
Score of training (classical) [0.735, 0.87, 0.8575, 0.5325]
Sample 124
Take max_iter as  658
Score of validation 0.79
Score of training 0.99
Score of validation (classical) [0.75, 0.87, 0.86, 0.52]
Score of training (classical) [0.695, 0.82, 0.8225, 0.515]
Sample 125
Take max_iter as  673
Score of validation 0.84
Score of training 0.9825
Score of validation (classical) [0.67, 0.76, 0.74, 0.6]
Score of training (classical) [0.77, 0.8775, 0.8625, 0.6875]
Sample 126
Take max_iter as  687
Score of validation 0.8
Score of training 0.99
Score of validation (classical) [0.73, 0.86, 0.83, 0.54]
Score of training (classical) [0.7625, 0.865, 0.8425, 0.59]
Sample 127
Take max_iter as  638
Score of validation 0.77
Score of training 0.985
Score of validation (classical) [0.75, 0.79, 0.78, 0.53]
Score of training (classical) [0.7375, 0.8675, 0.85, 0.56]
Sample 128
Take max_iter as  642
Score of validation 0.79
Score of training 0.98
Score of validation (classical) [0.7, 0.78, 0.81, 0.64]
Score of training (classical) [0.73, 0.87, 0.865, 0.5825]
Sample 129
Take max_iter as  634
Score of validation 0.79
Score of training 0.9925
Score of validation (classical) [0.76, 0.78, 0.84, 0.5]
Score of training (classical) [0.71, 0.8525, 0.8475, 0.4675]
Sample 130
Take max_iter as  650
Score of validation 0.81
Score of training 0.985
Score of validation (classical) [0.76, 0.8, 0.8, 0.6]
Score of training (classical) [0.7275, 0.84, 0.8325, 0.52]
Sample 131
Take max_iter as  699
Score of validation 0.78
Score of training 0.9925
Score of validation (classical) [0.75, 0.82, 0.83, 0.43]
Score of training (classical) [0.74, 0.8575, 0.845, 0.4625]
Sample 132
Take max_iter as  646
Score of validation 0.81
Score of training 0.99
Score of validation (classical) [0.79, 0.82, 0.83, 0.49]
Score of training (classical) [0.7475, 0.86, 0.855, 0.4925]
Sample 133
Take max_iter as  703
Score of validation 0.76
Score of training 0.9825
Score of validation (classical) [0.74, 0.81, 0.82, 0.61]
Score of training (classical) [0.7425, 0.8675, 0.8625, 0.525]
Sample 134
Take max_iter as  625
Score of validation 0.81
Score of training 0.9825
Score of validation (classical) [0.75, 0.85, 0.83, 0.61]
Score of training (classical) [0.715, 0.8675, 0.86, 0.585]
Sample 135
Take max_iter as  633
Score of validation 0.74
Score of training 0.9875
Score of validation (classical) [0.72, 0.83, 0.81, 0.61]
Score of training (classical) [0.7575, 0.8725, 0.8525, 0.6475]
Sample 136
Take max_iter as  686
Score of validation 0.75
Score of training 0.9975
Score of validation (classical) [0.7, 0.78, 0.78, 0.44]
Score of training (classical) [0.75, 0.86, 0.85, 0.54]
Sample 137
Take max_iter as  685
Score of validation 0.81
Score of training 0.99
Score of validation (classical) [0.66, 0.81, 0.78, 0.55]
Score of training (classical) [0.7625, 0.8575, 0.8425, 0.62]
Sample 138
Take max_iter as  640
Score of validation 0.74
Score of training 0.985
Score of validation (classical) [0.7, 0.79, 0.81, 0.5]
Score of training (classical) [0.7125, 0.865, 0.8625, 0.44]
Sample 139
Take max_iter as  631
Score of validation 0.77
Score of training 0.9875
Score of validation (classical) [0.71, 0.8, 0.76, 0.56]
Score of training (classical) [0.7375, 0.8625, 0.8425, 0.5]
Sample 140
Take max_iter as  674
Score of validation 0.77
Score of training 0.995
Score of validation (classical) [0.69, 0.75, 0.76, 0.62]
Score of training (classical) [0.745, 0.845, 0.8475, 0.5975]
Sample 141
Take max_iter as  715
Score of validation 0.76
Score of training 0.9925
Score of validation (classical) [0.68, 0.83, 0.82, 0.55]
Score of training (classical) [0.7475, 0.8825, 0.8525, 0.5525]
Sample 142
Take max_iter as  685
Score of validation 0.86
Score of training 0.9875
Score of validation (classical) [0.75, 0.81, 0.78, 0.56]
Score of training (classical) [0.745, 0.8425, 0.8275, 0.5175]
Sample 143
Take max_iter as  696
Score of validation 0.72
Score of training 0.995
Score of validation (classical) [0.7, 0.79, 0.82, 0.47]
Score of training (classical) [0.7425, 0.9, 0.8925, 0.49]
Sample 144
Take max_iter as  718
Score of validation 0.81
Score of training 0.9825
Score of validation (classical) [0.72, 0.81, 0.82, 0.39]
Score of training (classical) [0.72, 0.8425, 0.8475, 0.465]
Sample 145
Take max_iter as  663
Score of validation 0.77
Score of training 0.9975
Score of validation (classical) [0.69, 0.79, 0.8, 0.61]
Score of training (classical) [0.74, 0.8675, 0.865, 0.595]
Sample 146
Take max_iter as  630
Score of validation 0.8
Score of training 0.9875
Score of validation (classical) [0.69, 0.83, 0.8, 0.52]
Score of training (classical) [0.755, 0.87, 0.855, 0.5875]
Sample 147
Take max_iter as  685
Score of validation 0.79
Score of training 0.9925
Score of validation (classical) [0.68, 0.74, 0.77, 0.53]
Score of training (classical) [0.7725, 0.875, 0.855, 0.5775]
Sample 148
Take max_iter as  649
Score of validation 0.79
Score of training 0.99
Score of validation (classical) [0.72, 0.75, 0.79, 0.53]
Score of training (classical) [0.7575, 0.88, 0.875, 0.5425]
Sample 149
Take max_iter as  721
Score of validation 0.77
Score of training 0.995
Score of validation (classical) [0.71, 0.81, 0.82, 0.48]
Score of training (classical) [0.69, 0.8525, 0.8525, 0.3925]
Sample 150
Take max_iter as  649
Score of validation 0.71
Score of training 0.985
Score of validation (classical) [0.71, 0.75, 0.76, 0.55]
Score of training (classical) [0.7225, 0.8575, 0.8525, 0.4775]
Sample 151
Take max_iter as  692
Score of validation 0.84
Score of training 0.9825
Score of validation (classical) [0.74, 0.82, 0.8, 0.63]
Score of training (classical) [0.7825, 0.8625, 0.86, 0.57]
Sample 152
Take max_iter as  662
Score of validation 0.73
Score of training 0.9875
Score of validation (classical) [0.68, 0.81, 0.83, 0.42]
Score of training (classical) [0.73, 0.87, 0.865, 0.495]
Sample 153
Take max_iter as  676
Score of validation 0.83
Score of training 0.99
Score of validation (classical) [0.77, 0.81, 0.82, 0.54]
Score of training (classical) [0.755, 0.8725, 0.85, 0.5725]
Sample 154
Take max_iter as  672
Score of validation 0.8
Score of training 0.985
Score of validation (classical) [0.74, 0.81, 0.83, 0.58]
Score of training (classical) [0.74, 0.8775, 0.8525, 0.57]
Sample 155
Take max_iter as  676
Score of validation 0.79
Score of training 0.9925
Score of validation (classical) [0.76, 0.86, 0.81, 0.46]
Score of training (classical) [0.7275, 0.855, 0.83, 0.5375]
Sample 156
Take max_iter as  655
Score of validation 0.82
Score of training 0.9875
Score of validation (classical) [0.71, 0.8, 0.79, 0.52]
Score of training (classical) [0.745, 0.8525, 0.825, 0.53]
Sample 157
Take max_iter as  649
Score of validation 0.79
Score of training 0.995
Score of validation (classical) [0.76, 0.83, 0.81, 0.62]
Score of training (classical) [0.7275, 0.845, 0.8325, 0.5675]
Sample 158
Take max_iter as  634
Score of validation 0.88
Score of training 0.9875
Score of validation (classical) [0.68, 0.83, 0.82, 0.54]
Score of training (classical) [0.71, 0.86, 0.8375, 0.55]
Sample 159
Take max_iter as  634
Score of validation 0.78
Score of training 0.995
Score of validation (classical) [0.77, 0.81, 0.81, 0.52]
Score of training (classical) [0.745, 0.8725, 0.8525, 0.4875]
Sample 160
Take max_iter as  664
Score of validation 0.75
Score of training 0.98
Score of validation (classical) [0.71, 0.82, 0.79, 0.48]
Score of training (classical) [0.7375, 0.8725, 0.8625, 0.5]
Sample 161
Take max_iter as  658
Score of validation 0.83
Score of training 0.9925
Score of validation (classical) [0.7, 0.75, 0.75, 0.55]
Score of training (classical) [0.7375, 0.88, 0.8625, 0.5125]
Sample 162
Take max_iter as  636
Score of validation 0.76
Score of training 0.985
Score of validation (classical) [0.71, 0.83, 0.82, 0.49]
Score of training (classical) [0.715, 0.8675, 0.85, 0.475]
Sample 163
Take max_iter as  640
Score of validation 0.76
Score of training 0.995
Score of validation (classical) [0.69, 0.82, 0.82, 0.5]
Score of training (classical) [0.745, 0.8575, 0.8275, 0.515]
Sample 164
Take max_iter as  672
Score of validation 0.77
Score of training 0.995
Score of validation (classical) [0.74, 0.8, 0.79, 0.66]
Score of training (classical) [0.7425, 0.86, 0.86, 0.6025]
Sample 165
Take max_iter as  625
Score of validation 0.76
Score of training 0.9825
Score of validation (classical) [0.67, 0.78, 0.79, 0.6]
Score of training (classical) [0.725, 0.86, 0.8325, 0.6225]
Sample 166
Take max_iter as  696
Score of validation 0.84
Score of training 0.9925
Score of validation (classical) [0.75, 0.82, 0.83, 0.58]
Score of training (classical) [0.7475, 0.875, 0.865, 0.515]
Sample 167
Take max_iter as  611
Score of validation 0.77
Score of training 0.985
Score of validation (classical) [0.7, 0.77, 0.78, 0.62]
Score of training (classical) [0.74, 0.8675, 0.865, 0.5425]
Sample 168
Take max_iter as  673
Score of validation 0.75
Score of training 0.99
Score of validation (classical) [0.67, 0.78, 0.75, 0.55]
Score of training (classical) [0.745, 0.86, 0.8375, 0.5225]
Sample 169
Take max_iter as  678
Score of validation 0.77
Score of training 0.9825
Score of validation (classical) [0.75, 0.83, 0.81, 0.5]
Score of training (classical) [0.7375, 0.8575, 0.84, 0.495]
Sample 170
Take max_iter as  669
Score of validation 0.77
Score of training 0.9825
Score of validation (classical) [0.72, 0.77, 0.77, 0.54]
Score of training (classical) [0.74, 0.87, 0.8475, 0.5675]
Sample 171
Take max_iter as  650
Score of validation 0.74
Score of training 0.9875
Score of validation (classical) [0.68, 0.82, 0.84, 0.54]
Score of training (classical) [0.71, 0.8525, 0.8275, 0.455]
Sample 172
Take max_iter as  672
Score of validation 0.81
Score of training 0.9825
Score of validation (classical) [0.77, 0.84, 0.83, 0.57]
Score of training (classical) [0.755, 0.8825, 0.8875, 0.52]
Sample 173
Take max_iter as  651
Score of validation 0.77
Score of training 0.9825
Score of validation (classical) [0.67, 0.79, 0.8, 0.5]
Score of training (classical) [0.7375, 0.855, 0.8425, 0.5625]
Sample 174
Take max_iter as  697
Score of validation 0.8
Score of training 0.995
Score of validation (classical) [0.75, 0.8, 0.79, 0.54]
Score of training (classical) [0.72, 0.835, 0.83, 0.51]
Sample 175
Take max_iter as  649
Score of validation 0.75
Score of training 0.9875
Score of validation (classical) [0.7, 0.84, 0.84, 0.59]
Score of training (classical) [0.7225, 0.87, 0.855, 0.5425]
Sample 176
Take max_iter as  662
Score of validation 0.73
Score of training 0.985
Score of validation (classical) [0.67, 0.79, 0.77, 0.61]
Score of training (classical) [0.76, 0.855, 0.8375, 0.5825]
Sample 177
Take max_iter as  668
Score of validation 0.79
Score of training 0.99
Score of validation (classical) [0.71, 0.81, 0.8, 0.57]
Score of training (classical) [0.76, 0.87, 0.8725, 0.5625]
Sample 178
Take max_iter as  682
Score of validation 0.77
Score of training 0.98
Score of validation (classical) [0.7, 0.75, 0.79, 0.57]
Score of training (classical) [0.73, 0.8625, 0.8575, 0.545]
Sample 179
Take max_iter as  685
Score of validation 0.85
Score of training 0.9875
Score of validation (classical) [0.71, 0.79, 0.78, 0.48]
Score of training (classical) [0.77, 0.885, 0.8725, 0.5525]
Sample 180
Take max_iter as  700
Score of validation 0.72
Score of training 0.995
Score of validation (classical) [0.69, 0.72, 0.73, 0.54]
Score of training (classical) [0.7825, 0.8775, 0.8675, 0.5125]
Sample 181
Take max_iter as  642
Score of validation 0.82
Score of training 0.995
Score of validation (classical) [0.75, 0.82, 0.84, 0.53]
Score of training (classical) [0.7475, 0.8525, 0.8475, 0.5675]
Sample 182
Take max_iter as  659
Score of validation 0.88
Score of training 0.9925
Score of validation (classical) [0.79, 0.81, 0.81, 0.6]
Score of training (classical) [0.7425, 0.885, 0.855, 0.505]
Sample 183
Take max_iter as  639
Score of validation 0.8
Score of training 0.9925
Score of validation (classical) [0.71, 0.78, 0.8, 0.45]
Score of training (classical) [0.7175, 0.88, 0.865, 0.4725]
Sample 184
Take max_iter as  682
Score of validation 0.78
Score of training 0.9875
Score of validation (classical) [0.71, 0.82, 0.77, 0.45]
Score of training (classical) [0.7725, 0.89, 0.8725, 0.49]
Sample 185
Take max_iter as  671
Score of validation 0.77
Score of training 0.99
Score of validation (classical) [0.71, 0.79, 0.78, 0.55]
Score of training (classical) [0.77, 0.8725, 0.8675, 0.5625]
Sample 186
Take max_iter as  652
Score of validation 0.81
Score of training 0.985
Score of validation (classical) [0.7, 0.76, 0.75, 0.55]
Score of training (classical) [0.74, 0.8675, 0.8475, 0.58]
Sample 187
Take max_iter as  666
Score of validation 0.78
Score of training 0.9875
Score of validation (classical) [0.71, 0.77, 0.78, 0.63]
Score of training (classical) [0.7775, 0.87, 0.8625, 0.5925]
Sample 188
Take max_iter as  693
Score of validation 0.82
Score of training 0.9925
Score of validation (classical) [0.8, 0.86, 0.85, 0.5]
Score of training (classical) [0.73, 0.85, 0.855, 0.5175]
Sample 189
Take max_iter as  687
Score of validation 0.72
Score of training 0.9825
Score of validation (classical) [0.75, 0.88, 0.86, 0.55]
Score of training (classical) [0.7375, 0.86, 0.8525, 0.565]
Sample 190
Take max_iter as  661
Score of validation 0.74
Score of training 0.9925
Score of validation (classical) [0.67, 0.79, 0.76, 0.58]
Score of training (classical) [0.745, 0.8575, 0.855, 0.5925]
Sample 191
Take max_iter as  698
Score of validation 0.78
Score of training 0.985
Score of validation (classical) [0.69, 0.81, 0.83, 0.5]
Score of training (classical) [0.7425, 0.8575, 0.845, 0.54]
Sample 192
Take max_iter as  690
Score of validation 0.77
Score of training 0.99
Score of validation (classical) [0.69, 0.8, 0.79, 0.57]
Score of training (classical) [0.72, 0.84, 0.83, 0.515]
Sample 193
Take max_iter as  702
Score of validation 0.74
Score of training 0.995
Score of validation (classical) [0.76, 0.8, 0.82, 0.66]
Score of training (classical) [0.7575, 0.8625, 0.85, 0.605]
Sample 194
Take max_iter as  670
Score of validation 0.81
Score of training 0.98
Score of validation (classical) [0.72, 0.86, 0.86, 0.59]
Score of training (classical) [0.74, 0.86, 0.8725, 0.575]
Sample 195
Take max_iter as  631
Score of validation 0.82
Score of training 0.99
Score of validation (classical) [0.75, 0.82, 0.82, 0.59]
Score of training (classical) [0.745, 0.875, 0.8625, 0.515]
Sample 196
Take max_iter as  660
Score of validation 0.8
Score of training 0.9875
Score of validation (classical) [0.71, 0.78, 0.79, 0.53]
Score of training (classical) [0.7525, 0.875, 0.8725, 0.555]
Sample 197
Take max_iter as  651
Score of validation 0.91
Score of training 0.9875
Score of validation (classical) [0.79, 0.82, 0.85, 0.49]
Score of training (classical) [0.7425, 0.86, 0.86, 0.505]
Sample 198
Take max_iter as  666
Score of validation 0.77
Score of training 0.995
Score of validation (classical) [0.71, 0.8, 0.78, 0.5]
Score of training (classical) [0.7425, 0.8475, 0.84, 0.58]
Sample 199
Take max_iter as  711
Score of validation 0.79
Score of training 0.9825
Score of validation (classical) [0.75, 0.84, 0.8, 0.54]
Score of training (classical) [0.7675, 0.885, 0.875, 0.5275]
Sample 200
Take max_iter as  669
Score of validation 0.77
Score of training 0.9925
Score of validation (classical) [0.73, 0.83, 0.83, 0.64]
Score of training (classical) [0.7425, 0.8925, 0.87, 0.6075]
Sample 201
Take max_iter as  655
Score of validation 0.76
Score of training 0.99
Score of validation (classical) [0.69, 0.85, 0.82, 0.58]
Score of training (classical) [0.7125, 0.865, 0.8575, 0.4975]
Sample 202
Take max_iter as  708
Score of validation 0.75
Score of training 0.9875
Score of validation (classical) [0.71, 0.74, 0.73, 0.59]
Score of training (classical) [0.72, 0.855, 0.8425, 0.46]
Sample 203
Take max_iter as  691
Score of validation 0.77
Score of training 0.98
Score of validation (classical) [0.71, 0.8, 0.81, 0.56]
Score of training (classical) [0.76, 0.8725, 0.865, 0.5575]
Sample 204
Take max_iter as  651
Score of validation 0.74
Score of training 0.9875
Score of validation (classical) [0.66, 0.79, 0.75, 0.67]
Score of training (classical) [0.745, 0.8625, 0.8325, 0.61]
Sample 205
Take max_iter as  675
Score of validation 0.74
Score of training 0.9875
Score of validation (classical) [0.71, 0.76, 0.75, 0.64]
Score of training (classical) [0.7625, 0.86, 0.86, 0.6]
Sample 206
Take max_iter as  689
Score of validation 0.75
Score of training 0.98
Score of validation (classical) [0.66, 0.77, 0.77, 0.5]
Score of training (classical) [0.7625, 0.88, 0.87, 0.585]
Sample 207
Take max_iter as  666
Score of validation 0.79
Score of training 0.99
Score of validation (classical) [0.81, 0.88, 0.86, 0.58]
Score of training (classical) [0.735, 0.8375, 0.82, 0.5875]
Sample 208
Take max_iter as  689
Score of validation 0.74
Score of training 0.9875
Score of validation (classical) [0.74, 0.83, 0.8, 0.64]
Score of training (classical) [0.765, 0.88, 0.8625, 0.5125]
Sample 209
Take max_iter as  683
Score of validation 0.83
Score of training 0.9875
Score of validation (classical) [0.71, 0.8, 0.81, 0.56]
Score of training (classical) [0.7175, 0.875, 0.8725, 0.52]
Sample 210
Take max_iter as  728
Score of validation 0.82
Score of training 0.985
Score of validation (classical) [0.71, 0.78, 0.79, 0.51]
Score of training (classical) [0.7225, 0.8525, 0.84, 0.5775]
Sample 211
Take max_iter as  672
Score of validation 0.78
Score of training 0.9875
Score of validation (classical) [0.76, 0.85, 0.84, 0.5]
Score of training (classical) [0.72, 0.845, 0.8425, 0.4625]
Sample 212
Take max_iter as  695
Score of validation 0.75
Score of training 0.99
Score of validation (classical) [0.74, 0.79, 0.77, 0.56]
Score of training (classical) [0.7575, 0.86, 0.84, 0.535]
Sample 213
Take max_iter as  622
Score of validation 0.76
Score of training 0.98
Score of validation (classical) [0.73, 0.84, 0.81, 0.52]
Score of training (classical) [0.735, 0.8375, 0.82, 0.5475]
Sample 214
Take max_iter as  677
Score of validation 0.76
Score of training 0.99
Score of validation (classical) [0.79, 0.83, 0.83, 0.65]
Score of training (classical) [0.76, 0.87, 0.86, 0.57]
Sample 215
Take max_iter as  673
Score of validation 0.79
Score of training 0.995
Score of validation (classical) [0.73, 0.79, 0.79, 0.57]
Score of training (classical) [0.765, 0.8975, 0.8825, 0.59]
Sample 216
Take max_iter as  665
Score of validation 0.74
Score of training 0.9925
Score of validation (classical) [0.77, 0.85, 0.87, 0.58]
Score of training (classical) [0.7525, 0.8725, 0.8525, 0.5525]
Sample 217
Take max_iter as  684
Score of validation 0.74
Score of training 0.9875
Score of validation (classical) [0.71, 0.78, 0.79, 0.51]
Score of training (classical) [0.7575, 0.865, 0.8525, 0.505]
Sample 218
Take max_iter as  697
Score of validation 0.75
Score of training 0.9975
Score of validation (classical) [0.71, 0.82, 0.79, 0.6]
Score of training (classical) [0.74, 0.875, 0.8525, 0.63]
Sample 219
Take max_iter as  685
Score of validation 0.76
Score of training 0.985
Score of validation (classical) [0.72, 0.79, 0.82, 0.52]
Score of training (classical) [0.72, 0.8725, 0.88, 0.5275]
Sample 220
Take max_iter as  703
Score of validation 0.85
Score of training 0.9925
Score of validation (classical) [0.7, 0.85, 0.82, 0.56]
Score of training (classical) [0.745, 0.9075, 0.8875, 0.5325]
Sample 221
Take max_iter as  626
Score of validation 0.78
Score of training 0.9925
Score of validation (classical) [0.75, 0.87, 0.83, 0.48]
Score of training (classical) [0.74, 0.8725, 0.8525, 0.5]
Sample 222
Take max_iter as  709
Score of validation 0.83
Score of training 0.985
Score of validation (classical) [0.7, 0.81, 0.82, 0.53]
Score of training (classical) [0.755, 0.875, 0.8625, 0.5175]
Sample 223
Take max_iter as  698
Score of validation 0.75
Score of training 0.9875
Score of validation (classical) [0.71, 0.77, 0.79, 0.52]
Score of training (classical) [0.7375, 0.875, 0.855, 0.62]
Sample 224
Take max_iter as  664
Score of validation 0.75
Score of training 0.985
Score of validation (classical) [0.64, 0.79, 0.79, 0.49]
Score of training (classical) [0.7325, 0.85, 0.84, 0.5675]
Sample 225
Take max_iter as  651
Score of validation 0.78
Score of training 0.9775
Score of validation (classical) [0.68, 0.74, 0.76, 0.49]
Score of training (classical) [0.7275, 0.8625, 0.8525, 0.5075]
Sample 226
Take max_iter as  703
Score of validation 0.8
Score of training 0.995
Score of validation (classical) [0.71, 0.78, 0.79, 0.54]
Score of training (classical) [0.7125, 0.86, 0.87, 0.52]
Sample 227
Take max_iter as  631
Score of validation 0.81
Score of training 0.9925
Score of validation (classical) [0.76, 0.85, 0.82, 0.51]
Score of training (classical) [0.73, 0.86, 0.8325, 0.5375]
Sample 228
Take max_iter as  670
Score of validation 0.76
Score of training 0.985
Score of validation (classical) [0.67, 0.78, 0.8, 0.5]
Score of training (classical) [0.745, 0.865, 0.8625, 0.4975]
Sample 229
Take max_iter as  643
Score of validation 0.84
Score of training 0.99
Score of validation (classical) [0.76, 0.8, 0.79, 0.5]
Score of training (classical) [0.7525, 0.8425, 0.8275, 0.52]
Sample 230
Take max_iter as  629
Score of validation 0.78
Score of training 0.99
Score of validation (classical) [0.74, 0.81, 0.79, 0.55]
Score of training (classical) [0.7575, 0.865, 0.8625, 0.5625]
Sample 231
Take max_iter as  696
Score of validation 0.75
Score of training 0.9925
Score of validation (classical) [0.68, 0.74, 0.75, 0.61]
Score of training (classical) [0.7275, 0.8475, 0.8375, 0.55]
Sample 232
Take max_iter as  685
Score of validation 0.71
Score of training 0.985
Score of validation (classical) [0.72, 0.86, 0.82, 0.51]
Score of training (classical) [0.75, 0.885, 0.865, 0.5525]
Sample 233
Take max_iter as  650
Score of validation 0.72
Score of training 0.99
Score of validation (classical) [0.76, 0.81, 0.82, 0.58]
Score of training (classical) [0.7575, 0.8525, 0.835, 0.5]
Sample 234
Take max_iter as  666
Score of validation 0.81
Score of training 0.9875
Score of validation (classical) [0.66, 0.73, 0.72, 0.47]
Score of training (classical) [0.7575, 0.855, 0.8525, 0.535]
Sample 235
Take max_iter as  698
Score of validation 0.8
Score of training 0.985
Score of validation (classical) [0.71, 0.81, 0.79, 0.59]
Score of training (classical) [0.7425, 0.875, 0.8625, 0.6]
Sample 236
Take max_iter as  738
Score of validation 0.73
Score of training 0.9875
Score of validation (classical) [0.73, 0.83, 0.84, 0.58]
Score of training (classical) [0.7275, 0.85, 0.84, 0.55]
Sample 237
Take max_iter as  675
Score of validation 0.83
Score of training 0.985
Score of validation (classical) [0.67, 0.78, 0.76, 0.55]
Score of training (classical) [0.7325, 0.865, 0.8475, 0.56]
Sample 238
Take max_iter as  692
Score of validation 0.75
Score of training 0.9925
Score of validation (classical) [0.75, 0.82, 0.83, 0.59]
Score of training (classical) [0.755, 0.8775, 0.8675, 0.595]
Sample 239
Take max_iter as  701
Score of validation 0.8
Score of training 0.99
Score of validation (classical) [0.74, 0.82, 0.82, 0.57]
Score of training (classical) [0.7225, 0.8675, 0.8625, 0.56]
Sample 240
Take max_iter as  644
Score of validation 0.79
Score of training 0.985
Score of validation (classical) [0.67, 0.81, 0.78, 0.58]
Score of training (classical) [0.7475, 0.8875, 0.865, 0.5725]
Sample 241
Take max_iter as  645
Score of validation 0.73
Score of training 0.99
Score of validation (classical) [0.69, 0.81, 0.78, 0.5]
Score of training (classical) [0.735, 0.8775, 0.855, 0.585]
Sample 242
Take max_iter as  680
Score of validation 0.77
Score of training 0.9825
Score of validation (classical) [0.67, 0.78, 0.79, 0.47]
Score of training (classical) [0.715, 0.8625, 0.85, 0.505]
Sample 243
Take max_iter as  683
Score of validation 0.77
Score of training 0.9975
Score of validation (classical) [0.72, 0.8, 0.79, 0.6]
Score of training (classical) [0.7375, 0.88, 0.84, 0.55]
Sample 244
Take max_iter as  651
Score of validation 0.79
Score of training 0.99
Score of validation (classical) [0.73, 0.8, 0.81, 0.52]
Score of training (classical) [0.74, 0.87, 0.85, 0.525]
Sample 245
Take max_iter as  663
Score of validation 0.83
Score of training 0.9925
Score of validation (classical) [0.7, 0.83, 0.86, 0.51]
Score of training (classical) [0.7275, 0.8775, 0.8725, 0.4675]
Sample 246
Take max_iter as  710
Score of validation 0.74
Score of training 0.99
Score of validation (classical) [0.7, 0.82, 0.82, 0.57]
Score of training (classical) [0.73, 0.8525, 0.8375, 0.6175]
Sample 247
Take max_iter as  669
Score of validation 0.75
Score of training 0.985
Score of validation (classical) [0.73, 0.83, 0.83, 0.46]
Score of training (classical) [0.7375, 0.87, 0.85, 0.475]
Sample 248
Take max_iter as  649
Score of validation 0.76
Score of training 0.9925
Score of validation (classical) [0.74, 0.82, 0.81, 0.54]
Score of training (classical) [0.7675, 0.8825, 0.86, 0.57]
Sample 249
Take max_iter as  687
Score of validation 0.79
Score of training 0.99
Score of validation (classical) [0.73, 0.85, 0.83, 0.65]
Score of training (classical) [0.715, 0.8575, 0.8475, 0.59]
Sample 250
Take max_iter as  657
Score of validation 0.77
Score of training 0.99
Score of validation (classical) [0.75, 0.83, 0.83, 0.51]
Score of training (classical) [0.7275, 0.87, 0.8575, 0.505]
Sample 251
Take max_iter as  688
Score of validation 0.81
Score of training 0.985
Score of validation (classical) [0.76, 0.83, 0.8, 0.55]
Score of training (classical) [0.7775, 0.87, 0.85, 0.5375]
Sample 252
Take max_iter as  678
Score of validation 0.81
Score of training 0.98
Score of validation (classical) [0.73, 0.8, 0.81, 0.55]
Score of training (classical) [0.7425, 0.85, 0.84, 0.535]
Sample 253
Take max_iter as  670
Score of validation 0.8
Score of training 0.9925
Score of validation (classical) [0.74, 0.81, 0.81, 0.64]
Score of training (classical) [0.7525, 0.89, 0.865, 0.6575]
Sample 254
Take max_iter as  624
Score of validation 0.75
Score of training 0.9875
Score of validation (classical) [0.74, 0.8, 0.81, 0.57]
Score of training (classical) [0.765, 0.87, 0.8675, 0.5875]
Sample 255
Take max_iter as  696
Score of validation 0.78
Score of training 0.9925
Score of validation (classical) [0.76, 0.81, 0.84, 0.65]
Score of training (classical) [0.7375, 0.87, 0.87, 0.5925]
Sample 256
Take max_iter as  667
Score of validation 0.82
Score of training 0.98
Score of validation (classical) [0.77, 0.83, 0.83, 0.54]
Score of training (classical) [0.7325, 0.8525, 0.8275, 0.54]
Sample 257
Take max_iter as  682
Score of validation 0.83
Score of training 0.9925
Score of validation (classical) [0.75, 0.87, 0.85, 0.63]
Score of training (classical) [0.73, 0.89, 0.88, 0.53]
Sample 258
Take max_iter as  668
Score of validation 0.81
Score of training 0.9875
Score of validation (classical) [0.7, 0.83, 0.82, 0.6]
Score of training (classical) [0.7575, 0.88, 0.8725, 0.6175]
Sample 259
Take max_iter as  659
Score of validation 0.76
Score of training 0.985
Score of validation (classical) [0.72, 0.82, 0.81, 0.55]
Score of training (classical) [0.7325, 0.83, 0.82, 0.5025]
Sample 260
Take max_iter as  643
Score of validation 0.78
Score of training 0.9925
Score of validation (classical) [0.68, 0.82, 0.77, 0.55]
Score of training (classical) [0.745, 0.8675, 0.8475, 0.5875]
Sample 261
Take max_iter as  627
Score of validation 0.72
Score of training 0.985
Score of validation (classical) [0.63, 0.81, 0.77, 0.51]
Score of training (classical) [0.7425, 0.8525, 0.8475, 0.5625]
Sample 262
Take max_iter as  704
Score of validation 0.78
Score of training 0.9925
Score of validation (classical) [0.75, 0.85, 0.86, 0.57]
Score of training (classical) [0.735, 0.8525, 0.8375, 0.5275]
Sample 263
Take max_iter as  658
Score of validation 0.79
Score of training 0.9875
Score of validation (classical) [0.71, 0.81, 0.79, 0.64]
Score of training (classical) [0.705, 0.84, 0.82, 0.625]
Sample 264
Take max_iter as  665
Score of validation 0.81
Score of training 0.9925
Score of validation (classical) [0.76, 0.83, 0.84, 0.61]
Score of training (classical) [0.755, 0.8675, 0.8625, 0.555]
Sample 265
Take max_iter as  624
Score of validation 0.82
Score of training 0.9775
Score of validation (classical) [0.67, 0.79, 0.77, 0.46]
Score of training (classical) [0.7575, 0.87, 0.8625, 0.5575]
Sample 266
Take max_iter as  638
Score of validation 0.8
Score of training 0.985
Score of validation (classical) [0.6, 0.77, 0.74, 0.46]
Score of training (classical) [0.72, 0.865, 0.85, 0.58]
Sample 267
Take max_iter as  653
Score of validation 0.84
Score of training 0.985
Score of validation (classical) [0.69, 0.84, 0.82, 0.49]
Score of training (classical) [0.73, 0.865, 0.845, 0.5775]
Sample 268
Take max_iter as  619
Score of validation 0.75
Score of training 0.9875
Score of validation (classical) [0.75, 0.84, 0.81, 0.52]
Score of training (classical) [0.7325, 0.88, 0.855, 0.52]
Sample 269
Take max_iter as  659
Score of validation 0.85
Score of training 0.9875
Score of validation (classical) [0.73, 0.82, 0.82, 0.54]
Score of training (classical) [0.765, 0.875, 0.8625, 0.535]
Sample 270
Take max_iter as  637
Score of validation 0.78
Score of training 0.985
Score of validation (classical) [0.67, 0.78, 0.77, 0.62]
Score of training (classical) [0.7375, 0.8625, 0.8425, 0.605]
Sample 271
Take max_iter as  636
Score of validation 0.78
Score of training 0.9875
Score of validation (classical) [0.68, 0.77, 0.79, 0.66]
Score of training (classical) [0.735, 0.86, 0.855, 0.6175]
Sample 272
Take max_iter as  713
Score of validation 0.78
Score of training 0.99
Score of validation (classical) [0.68, 0.8, 0.81, 0.46]
Score of training (classical) [0.73, 0.8825, 0.86, 0.5175]
Sample 273
Take max_iter as  688
Score of validation 0.71
Score of training 0.985
Score of validation (classical) [0.63, 0.77, 0.8, 0.51]
Score of training (classical) [0.7075, 0.8575, 0.855, 0.615]
Sample 274
Take max_iter as  647
Score of validation 0.77
Score of training 0.9825
Score of validation (classical) [0.67, 0.77, 0.8, 0.6]
Score of training (classical) [0.7275, 0.8425, 0.83, 0.61]
Sample 275
Take max_iter as  677
Score of validation 0.78
Score of training 0.9975
Score of validation (classical) [0.71, 0.84, 0.82, 0.53]
Score of training (classical) [0.715, 0.885, 0.875, 0.5025]
Sample 276
Take max_iter as  731
Score of validation 0.78
Score of training 0.995
Score of validation (classical) [0.72, 0.78, 0.77, 0.52]
Score of training (classical) [0.7575, 0.8775, 0.8675, 0.5325]
Sample 277
Take max_iter as  652
Score of validation 0.72
Score of training 0.9875
Score of validation (classical) [0.72, 0.85, 0.84, 0.51]
Score of training (classical) [0.76, 0.895, 0.8775, 0.525]
Sample 278
Take max_iter as  662
Score of validation 0.76
Score of training 0.9875
Score of validation (classical) [0.64, 0.77, 0.75, 0.46]
Score of training (classical) [0.7125, 0.865, 0.8525, 0.545]
Sample 279
Take max_iter as  715
Score of validation 0.81
Score of training 0.985
Score of validation (classical) [0.72, 0.85, 0.84, 0.55]
Score of training (classical) [0.725, 0.865, 0.8475, 0.46]
Sample 280
Take max_iter as  695
Score of validation 0.76
Score of training 0.9925
Score of validation (classical) [0.64, 0.78, 0.77, 0.56]
Score of training (classical) [0.7575, 0.865, 0.865, 0.5925]
Sample 281
Take max_iter as  704
Score of validation 0.81
Score of training 0.995
Score of validation (classical) [0.72, 0.81, 0.81, 0.56]
Score of training (classical) [0.7675, 0.8825, 0.8825, 0.565]
Sample 282
Take max_iter as  684
Score of validation 0.82
Score of training 0.9825
Score of validation (classical) [0.67, 0.82, 0.81, 0.59]
Score of training (classical) [0.7275, 0.86, 0.8475, 0.585]
Sample 283
Take max_iter as  690
Score of validation 0.75
Score of training 0.99
Score of validation (classical) [0.69, 0.78, 0.75, 0.46]
Score of training (classical) [0.715, 0.87, 0.855, 0.4875]
Sample 284
Take max_iter as  626
Score of validation 0.77
Score of training 0.9875
Score of validation (classical) [0.71, 0.83, 0.83, 0.57]
Score of training (classical) [0.7075, 0.86, 0.84, 0.545]
Sample 285
Take max_iter as  702
Score of validation 0.79
Score of training 0.985
Score of validation (classical) [0.71, 0.8, 0.78, 0.59]
Score of training (classical) [0.765, 0.8775, 0.87, 0.595]
Sample 286
Take max_iter as  661
Score of validation 0.83
Score of training 0.9875
Score of validation (classical) [0.81, 0.91, 0.91, 0.65]
Score of training (classical) [0.73, 0.8625, 0.8425, 0.585]
Sample 287
Take max_iter as  655
Score of validation 0.79
Score of training 0.985
Score of validation (classical) [0.69, 0.76, 0.71, 0.41]
Score of training (classical) [0.7075, 0.855, 0.8425, 0.425]
Sample 288
Take max_iter as  660
Score of validation 0.84
Score of training 0.995
Score of validation (classical) [0.68, 0.77, 0.77, 0.55]
Score of training (classical) [0.725, 0.8575, 0.8325, 0.5725]
Sample 289
Take max_iter as  712
Score of validation 0.78
Score of training 0.995
Score of validation (classical) [0.69, 0.85, 0.82, 0.57]
Score of training (classical) [0.7525, 0.865, 0.8425, 0.5975]
Sample 290
Take max_iter as  647
Score of validation 0.75
Score of training 0.9875
Score of validation (classical) [0.67, 0.74, 0.74, 0.57]
Score of training (classical) [0.7275, 0.87, 0.86, 0.545]
Sample 291
Take max_iter as  657
Score of validation 0.71
Score of training 0.9925
Score of validation (classical) [0.66, 0.77, 0.8, 0.5]
Score of training (classical) [0.72, 0.8875, 0.87, 0.515]
Sample 292
Take max_iter as  641
Score of validation 0.78
Score of training 0.9925
Score of validation (classical) [0.71, 0.82, 0.82, 0.5]
Score of training (classical) [0.73, 0.855, 0.84, 0.52]
Sample 293
Take max_iter as  693
Score of validation 0.86
Score of training 0.9925
Score of validation (classical) [0.77, 0.82, 0.81, 0.48]
Score of training (classical) [0.7575, 0.885, 0.8675, 0.53]
Sample 294
Take max_iter as  649
Score of validation 0.76
Score of training 0.985
Score of validation (classical) [0.77, 0.86, 0.85, 0.61]
Score of training (classical) [0.72, 0.86, 0.85, 0.5625]
Sample 295
Take max_iter as  682
Score of validation 0.76
Score of training 0.9875
Score of validation (classical) [0.77, 0.77, 0.81, 0.53]
Score of training (classical) [0.725, 0.855, 0.8325, 0.5025]
Sample 296
Take max_iter as  702
Score of validation 0.84
Score of training 0.9925
Score of validation (classical) [0.72, 0.8, 0.81, 0.48]
Score of training (classical) [0.7275, 0.8575, 0.8425, 0.555]
Sample 297
Take max_iter as  666
Score of validation 0.77
Score of training 0.9875
Score of validation (classical) [0.71, 0.76, 0.79, 0.57]
Score of training (classical) [0.74, 0.865, 0.8625, 0.5925]
Sample 298
Take max_iter as  690
Score of validation 0.82
Score of training 0.98
Score of validation (classical) [0.7, 0.77, 0.77, 0.55]
Score of training (classical) [0.72, 0.8575, 0.8325, 0.4875]
Sample 299
Take max_iter as  630
Score of validation 0.77
Score of training 0.99
Score of validation (classical) [0.72, 0.81, 0.76, 0.6]
Score of training (classical) [0.7425, 0.86, 0.8475, 0.585]
