dataset_size_test 300
8 circular 2 0 300
Sample 0
Take max_iter as  426
Score of validation 0.7166666666666667
Score of training 0.9916666666666667
Score of validation (classical) [0.75, 0.7666666666666667, 0.7833333333333333, 0.6]
Score of training (classical) [0.7083333333333334, 0.8708333333333333, 0.8333333333333334, 0.6083333333333333]
Sample 1
Take max_iter as  475
Score of validation 0.6333333333333333
Score of training 0.9875
Score of validation (classical) [0.7166666666666667, 0.8333333333333334, 0.7666666666666667, 0.6]
Score of training (classical) [0.7166666666666667, 0.8666666666666667, 0.85, 0.6291666666666667]
Sample 2
Take max_iter as  465
Score of validation 0.65
Score of training 0.9875
Score of validation (classical) [0.7, 0.8166666666666667, 0.8, 0.5833333333333334]
Score of training (classical) [0.725, 0.8791666666666667, 0.8583333333333333, 0.6125]
Sample 3
Take max_iter as  415
Score of validation 0.7333333333333333
Score of training 0.9791666666666666
Score of validation (classical) [0.7833333333333333, 0.8333333333333334, 0.8166666666666667, 0.6666666666666666]
Score of training (classical) [0.7333333333333333, 0.8625, 0.8458333333333333, 0.5708333333333333]
Sample 4
Take max_iter as  433
Score of validation 0.65
Score of training 0.9916666666666667
Score of validation (classical) [0.7166666666666667, 0.75, 0.75, 0.7]
Score of training (classical) [0.7375, 0.85, 0.8208333333333333, 0.6583333333333333]
Sample 5
Take max_iter as  432
Score of validation 0.75
Score of training 0.9958333333333333
Score of validation (classical) [0.6666666666666666, 0.7833333333333333, 0.7666666666666667, 0.5666666666666667]
Score of training (classical) [0.7083333333333334, 0.8791666666666667, 0.85, 0.5458333333333333]
Sample 6
Take max_iter as  441
Score of validation 0.65
Score of training 0.9875
Score of validation (classical) [0.7, 0.8833333333333333, 0.8666666666666667, 0.4666666666666667]
Score of training (classical) [0.7458333333333333, 0.8708333333333333, 0.8333333333333334, 0.5666666666666667]
Sample 7
Take max_iter as  426
Score of validation 0.7166666666666667
Score of training 0.9875
Score of validation (classical) [0.7333333333333333, 0.7666666666666667, 0.7666666666666667, 0.6833333333333333]
Score of training (classical) [0.6916666666666667, 0.8458333333333333, 0.8041666666666667, 0.5833333333333334]
Sample 8
Take max_iter as  425
Score of validation 0.75
Score of training 0.9875
Score of validation (classical) [0.75, 0.8333333333333334, 0.8166666666666667, 0.6333333333333333]
Score of training (classical) [0.7375, 0.8666666666666667, 0.8541666666666666, 0.5958333333333333]
Sample 9
Take max_iter as  462
Score of validation 0.7666666666666667
Score of training 0.9958333333333333
Score of validation (classical) [0.7166666666666667, 0.8, 0.7333333333333333, 0.65]
Score of training (classical) [0.7666666666666667, 0.8583333333333333, 0.8291666666666667, 0.5916666666666667]
Sample 10
Take max_iter as  414
Score of validation 0.8166666666666667
Score of training 0.9916666666666667
Score of validation (classical) [0.7, 0.8, 0.8166666666666667, 0.4666666666666667]
Score of training (classical) [0.7208333333333333, 0.8666666666666667, 0.8666666666666667, 0.5708333333333333]
Sample 11
Take max_iter as  430
Score of validation 0.55
Score of training 0.9791666666666666
Score of validation (classical) [0.7, 0.75, 0.7166666666666667, 0.6333333333333333]
Score of training (classical) [0.7791666666666667, 0.8875, 0.8666666666666667, 0.6125]
Sample 12
Take max_iter as  417
Score of validation 0.7
Score of training 0.9958333333333333
Score of validation (classical) [0.6833333333333333, 0.8833333333333333, 0.7833333333333333, 0.5166666666666667]
Score of training (classical) [0.7125, 0.8625, 0.8375, 0.5833333333333334]
Sample 13
Take max_iter as  444
Score of validation 0.7333333333333333
Score of training 0.9833333333333333
Score of validation (classical) [0.7666666666666667, 0.85, 0.8166666666666667, 0.55]
Score of training (classical) [0.7541666666666667, 0.85, 0.8333333333333334, 0.5833333333333334]
Sample 14
Take max_iter as  457
Score of validation 0.7666666666666667
Score of training 0.9958333333333333
Score of validation (classical) [0.7333333333333333, 0.8333333333333334, 0.8333333333333334, 0.55]
Score of training (classical) [0.7875, 0.9, 0.8875, 0.6]
Sample 15
Take max_iter as  439
Score of validation 0.7
Score of training 0.9875
Score of validation (classical) [0.7, 0.7666666666666667, 0.75, 0.65]
Score of training (classical) [0.7875, 0.8583333333333333, 0.8541666666666666, 0.6791666666666667]
Sample 16
Take max_iter as  424
Score of validation 0.8
Score of training 0.9958333333333333
Score of validation (classical) [0.6333333333333333, 0.8, 0.75, 0.48333333333333334]
Score of training (classical) [0.775, 0.9, 0.875, 0.6375]
Sample 17
Take max_iter as  428
Score of validation 0.75
Score of training 0.9916666666666667
Score of validation (classical) [0.6666666666666666, 0.7333333333333333, 0.7333333333333333, 0.48333333333333334]
Score of training (classical) [0.7333333333333333, 0.8833333333333333, 0.8458333333333333, 0.5458333333333333]
Sample 18
Take max_iter as  433
Score of validation 0.7333333333333333
Score of training 1.0
Score of validation (classical) [0.7833333333333333, 0.8166666666666667, 0.7833333333333333, 0.6]
Score of training (classical) [0.7416666666666667, 0.875, 0.85, 0.6]
Sample 19
Take max_iter as  429
Score of validation 0.7666666666666667
Score of training 1.0
Score of validation (classical) [0.8, 0.8833333333333333, 0.8833333333333333, 0.6666666666666666]
Score of training (classical) [0.7958333333333333, 0.9, 0.8666666666666667, 0.575]
Sample 20
Take max_iter as  447
Score of validation 0.7833333333333333
Score of training 0.9916666666666667
Score of validation (classical) [0.8333333333333334, 0.8666666666666667, 0.8666666666666667, 0.6833333333333333]
Score of training (classical) [0.7375, 0.8625, 0.8625, 0.5666666666666667]
Sample 21
Take max_iter as  438
Score of validation 0.6666666666666666
Score of training 0.9875
Score of validation (classical) [0.7333333333333333, 0.7833333333333333, 0.7666666666666667, 0.6333333333333333]
Score of training (classical) [0.7166666666666667, 0.8666666666666667, 0.8625, 0.5916666666666667]
Sample 22
Take max_iter as  443
Score of validation 0.7833333333333333
Score of training 0.9916666666666667
Score of validation (classical) [0.7, 0.7833333333333333, 0.8, 0.5166666666666667]
Score of training (classical) [0.75, 0.8416666666666667, 0.8125, 0.5875]
Sample 23
Take max_iter as  420
Score of validation 0.7333333333333333
Score of training 0.9791666666666666
Score of validation (classical) [0.7333333333333333, 0.8, 0.8, 0.65]
Score of training (classical) [0.6916666666666667, 0.8458333333333333, 0.8291666666666667, 0.5166666666666667]
Sample 24
Take max_iter as  397
Score of validation 0.7666666666666667
Score of training 0.9833333333333333
Score of validation (classical) [0.75, 0.8, 0.8166666666666667, 0.65]
Score of training (classical) [0.7583333333333333, 0.8583333333333333, 0.8416666666666667, 0.6208333333333333]
Sample 25
Take max_iter as  440
Score of validation 0.6333333333333333
Score of training 0.9916666666666667
Score of validation (classical) [0.6666666666666666, 0.7666666666666667, 0.7833333333333333, 0.45]
Score of training (classical) [0.6875, 0.8375, 0.8125, 0.5208333333333334]
Sample 26
Take max_iter as  437
Score of validation 0.7166666666666667
Score of training 1.0
Score of validation (classical) [0.75, 0.8333333333333334, 0.85, 0.65]
Score of training (classical) [0.725, 0.8541666666666666, 0.8291666666666667, 0.55]
Sample 27
Take max_iter as  398
Score of validation 0.7833333333333333
Score of training 0.9958333333333333
Score of validation (classical) [0.6833333333333333, 0.7333333333333333, 0.7333333333333333, 0.6]
Score of training (classical) [0.7291666666666666, 0.8625, 0.8375, 0.5583333333333333]
Sample 28
Take max_iter as  424
Score of validation 0.7833333333333333
Score of training 0.9958333333333333
Score of validation (classical) [0.7, 0.7666666666666667, 0.7666666666666667, 0.5833333333333334]
Score of training (classical) [0.7333333333333333, 0.8583333333333333, 0.8375, 0.6083333333333333]
Sample 29
Take max_iter as  453
Score of validation 0.6333333333333333
Score of training 0.9958333333333333
Score of validation (classical) [0.7333333333333333, 0.8, 0.8166666666666667, 0.4666666666666667]
Score of training (classical) [0.7291666666666666, 0.8875, 0.8375, 0.6375]
Sample 30
Take max_iter as  420
Score of validation 0.7666666666666667
Score of training 0.9916666666666667
Score of validation (classical) [0.65, 0.7166666666666667, 0.7166666666666667, 0.5166666666666667]
Score of training (classical) [0.6833333333333333, 0.8541666666666666, 0.825, 0.5458333333333333]
Sample 31
Take max_iter as  447
Score of validation 0.8333333333333334
Score of training 0.9875
Score of validation (classical) [0.7, 0.85, 0.8166666666666667, 0.6333333333333333]
Score of training (classical) [0.7333333333333333, 0.8583333333333333, 0.8375, 0.5541666666666667]
Sample 32
Take max_iter as  427
Score of validation 0.8166666666666667
Score of training 0.9958333333333333
Score of validation (classical) [0.6833333333333333, 0.7666666666666667, 0.7, 0.6333333333333333]
Score of training (classical) [0.6875, 0.8333333333333334, 0.8041666666666667, 0.6]
Sample 33
Take max_iter as  457
Score of validation 0.8333333333333334
Score of training 0.9791666666666666
Score of validation (classical) [0.65, 0.7666666666666667, 0.7833333333333333, 0.5]
Score of training (classical) [0.7125, 0.8708333333333333, 0.8375, 0.5125]
Sample 34
Take max_iter as  436
Score of validation 0.7166666666666667
Score of training 0.9875
Score of validation (classical) [0.7333333333333333, 0.7333333333333333, 0.7666666666666667, 0.55]
Score of training (classical) [0.7208333333333333, 0.8375, 0.8333333333333334, 0.575]
Sample 35
Take max_iter as  440
Score of validation 0.7333333333333333
Score of training 0.9958333333333333
Score of validation (classical) [0.65, 0.7333333333333333, 0.7, 0.48333333333333334]
Score of training (classical) [0.725, 0.7958333333333333, 0.7833333333333333, 0.525]
Sample 36
Take max_iter as  446
Score of validation 0.7
Score of training 0.9875
Score of validation (classical) [0.75, 0.85, 0.8, 0.6333333333333333]
Score of training (classical) [0.7833333333333333, 0.8916666666666667, 0.8458333333333333, 0.6541666666666667]
Sample 37
Take max_iter as  455
Score of validation 0.7833333333333333
Score of training 0.9958333333333333
Score of validation (classical) [0.85, 0.9166666666666666, 0.8833333333333333, 0.6]
Score of training (classical) [0.7583333333333333, 0.875, 0.8625, 0.6416666666666667]
Sample 38
Take max_iter as  433
Score of validation 0.6666666666666666
Score of training 0.9916666666666667
Score of validation (classical) [0.6333333333333333, 0.7333333333333333, 0.75, 0.65]
Score of training (classical) [0.7541666666666667, 0.8833333333333333, 0.8625, 0.6291666666666667]
Sample 39
Take max_iter as  423
Score of validation 0.7
Score of training 1.0
Score of validation (classical) [0.5666666666666667, 0.7333333333333333, 0.6666666666666666, 0.55]
Score of training (classical) [0.7333333333333333, 0.8625, 0.8291666666666667, 0.6541666666666667]
Sample 40
Take max_iter as  438
Score of validation 0.7833333333333333
Score of training 0.9916666666666667
Score of validation (classical) [0.7666666666666667, 0.8166666666666667, 0.8166666666666667, 0.6666666666666666]
Score of training (classical) [0.7291666666666666, 0.8708333333333333, 0.8291666666666667, 0.625]
Sample 41
Take max_iter as  447
Score of validation 0.7333333333333333
Score of training 1.0
Score of validation (classical) [0.7166666666666667, 0.7833333333333333, 0.75, 0.6333333333333333]
Score of training (classical) [0.7208333333333333, 0.85, 0.8291666666666667, 0.5875]
Sample 42
Take max_iter as  444
Score of validation 0.7833333333333333
Score of training 0.9958333333333333
Score of validation (classical) [0.7166666666666667, 0.7833333333333333, 0.7333333333333333, 0.5]
Score of training (classical) [0.725, 0.8708333333333333, 0.8541666666666666, 0.5375]
Sample 43
Take max_iter as  455
Score of validation 0.6833333333333333
Score of training 0.9916666666666667
Score of validation (classical) [0.7166666666666667, 0.8166666666666667, 0.8166666666666667, 0.5333333333333333]
Score of training (classical) [0.7458333333333333, 0.8375, 0.825, 0.5625]
Sample 44
Take max_iter as  451
Score of validation 0.7666666666666667
Score of training 0.9916666666666667
Score of validation (classical) [0.7833333333333333, 0.8166666666666667, 0.8, 0.6666666666666666]
Score of training (classical) [0.7375, 0.8416666666666667, 0.8333333333333334, 0.5583333333333333]
Sample 45
Take max_iter as  412
Score of validation 0.6333333333333333
Score of training 0.9833333333333333
Score of validation (classical) [0.6666666666666666, 0.7666666666666667, 0.7666666666666667, 0.5833333333333334]
Score of training (classical) [0.7208333333333333, 0.875, 0.8541666666666666, 0.5541666666666667]
Sample 46
Take max_iter as  459
Score of validation 0.6666666666666666
Score of training 0.9958333333333333
Score of validation (classical) [0.6666666666666666, 0.7333333333333333, 0.7, 0.6333333333333333]
Score of training (classical) [0.7291666666666666, 0.8625, 0.8083333333333333, 0.6083333333333333]
Sample 47
Take max_iter as  453
Score of validation 0.7666666666666667
Score of training 0.9958333333333333
Score of validation (classical) [0.6166666666666667, 0.75, 0.7333333333333333, 0.5833333333333334]
Score of training (classical) [0.7458333333333333, 0.8875, 0.8541666666666666, 0.65]
Sample 48
Take max_iter as  452
Score of validation 0.7666666666666667
Score of training 0.9958333333333333
Score of validation (classical) [0.7333333333333333, 0.85, 0.8333333333333334, 0.3333333333333333]
Score of training (classical) [0.7291666666666666, 0.8958333333333334, 0.8666666666666667, 0.5]
Sample 49
Take max_iter as  437
Score of validation 0.7
Score of training 0.9916666666666667
Score of validation (classical) [0.75, 0.8166666666666667, 0.8166666666666667, 0.6666666666666666]
Score of training (classical) [0.7166666666666667, 0.8833333333333333, 0.8541666666666666, 0.6]
Sample 50
Take max_iter as  438
Score of validation 0.6666666666666666
Score of training 1.0
Score of validation (classical) [0.8, 0.8166666666666667, 0.8333333333333334, 0.6]
Score of training (classical) [0.7416666666666667, 0.8541666666666666, 0.8416666666666667, 0.55]
Sample 51
Take max_iter as  479
Score of validation 0.5666666666666667
Score of training 1.0
Score of validation (classical) [0.7333333333333333, 0.8166666666666667, 0.8, 0.55]
Score of training (classical) [0.7958333333333333, 0.8666666666666667, 0.85, 0.6166666666666667]
Sample 52
Take max_iter as  451
Score of validation 0.7833333333333333
Score of training 1.0
Score of validation (classical) [0.7333333333333333, 0.85, 0.8, 0.65]
Score of training (classical) [0.75, 0.8458333333333333, 0.8208333333333333, 0.6458333333333334]
Sample 53
Take max_iter as  451
Score of validation 0.7833333333333333
Score of training 1.0
Score of validation (classical) [0.7666666666666667, 0.9, 0.85, 0.6333333333333333]
Score of training (classical) [0.75, 0.8375, 0.8041666666666667, 0.5833333333333334]
Sample 54
Take max_iter as  438
Score of validation 0.7833333333333333
Score of training 0.9958333333333333
Score of validation (classical) [0.8166666666666667, 0.8333333333333334, 0.85, 0.6]
Score of training (classical) [0.7625, 0.9125, 0.8916666666666667, 0.5833333333333334]
Sample 55
Take max_iter as  457
Score of validation 0.75
Score of training 0.9916666666666667
Score of validation (classical) [0.7166666666666667, 0.8166666666666667, 0.7833333333333333, 0.6166666666666667]
Score of training (classical) [0.7375, 0.875, 0.8416666666666667, 0.5375]
Sample 56
Take max_iter as  449
Score of validation 0.8
Score of training 0.9875
Score of validation (classical) [0.7333333333333333, 0.7833333333333333, 0.7666666666666667, 0.6]
Score of training (classical) [0.7708333333333334, 0.85, 0.8291666666666667, 0.6541666666666667]
Sample 57
Take max_iter as  393
Score of validation 0.7333333333333333
Score of training 0.9958333333333333
Score of validation (classical) [0.6833333333333333, 0.75, 0.7166666666666667, 0.5333333333333333]
Score of training (classical) [0.7625, 0.8666666666666667, 0.8333333333333334, 0.65]
Sample 58
Take max_iter as  441
Score of validation 0.7666666666666667
Score of training 0.9916666666666667
Score of validation (classical) [0.7166666666666667, 0.85, 0.8333333333333334, 0.6333333333333333]
Score of training (classical) [0.7291666666666666, 0.8458333333333333, 0.8541666666666666, 0.6083333333333333]
Sample 59
Take max_iter as  430
Score of validation 0.7833333333333333
Score of training 0.9958333333333333
Score of validation (classical) [0.7166666666666667, 0.8, 0.7833333333333333, 0.5166666666666667]
Score of training (classical) [0.7416666666666667, 0.875, 0.8666666666666667, 0.6291666666666667]
Sample 60
Take max_iter as  458
Score of validation 0.6666666666666666
Score of training 0.9875
Score of validation (classical) [0.6833333333333333, 0.7333333333333333, 0.7333333333333333, 0.48333333333333334]
Score of training (classical) [0.725, 0.8666666666666667, 0.8541666666666666, 0.5458333333333333]
Sample 61
Take max_iter as  443
Score of validation 0.7166666666666667
Score of training 0.9958333333333333
Score of validation (classical) [0.7166666666666667, 0.8333333333333334, 0.7666666666666667, 0.5833333333333334]
Score of training (classical) [0.7666666666666667, 0.8666666666666667, 0.8375, 0.6]
Sample 62
Take max_iter as  399
Score of validation 0.7166666666666667
Score of training 0.9958333333333333
Score of validation (classical) [0.75, 0.8, 0.8, 0.6166666666666667]
Score of training (classical) [0.7916666666666666, 0.8666666666666667, 0.8333333333333334, 0.6291666666666667]
Sample 63
Take max_iter as  455
Score of validation 0.7666666666666667
Score of training 0.9916666666666667
Score of validation (classical) [0.7333333333333333, 0.7833333333333333, 0.8166666666666667, 0.43333333333333335]
Score of training (classical) [0.7583333333333333, 0.875, 0.8666666666666667, 0.48333333333333334]
Sample 64
Take max_iter as  467
Score of validation 0.7833333333333333
Score of training 0.9875
Score of validation (classical) [0.7, 0.85, 0.8333333333333334, 0.5]
Score of training (classical) [0.7375, 0.8791666666666667, 0.8583333333333333, 0.5416666666666666]
Sample 65
Take max_iter as  426
Score of validation 0.7
Score of training 0.9916666666666667
Score of validation (classical) [0.7833333333333333, 0.8833333333333333, 0.8666666666666667, 0.6333333333333333]
Score of training (classical) [0.8041666666666667, 0.8791666666666667, 0.85, 0.625]
Sample 66
Take max_iter as  436
Score of validation 0.7
Score of training 1.0
Score of validation (classical) [0.65, 0.75, 0.7666666666666667, 0.4]
Score of training (classical) [0.7458333333333333, 0.8708333333333333, 0.8416666666666667, 0.6208333333333333]
Sample 67
Take max_iter as  448
Score of validation 0.75
Score of training 0.9875
Score of validation (classical) [0.6833333333333333, 0.7166666666666667, 0.7166666666666667, 0.65]
Score of training (classical) [0.7625, 0.8916666666666667, 0.8666666666666667, 0.6458333333333334]
Sample 68
Take max_iter as  449
Score of validation 0.7166666666666667
Score of training 0.9916666666666667
Score of validation (classical) [0.7833333333333333, 0.7833333333333333, 0.8, 0.6833333333333333]
Score of training (classical) [0.7708333333333334, 0.85, 0.8, 0.6541666666666667]
Sample 69
Take max_iter as  431
Score of validation 0.75
Score of training 0.9916666666666667
Score of validation (classical) [0.8166666666666667, 0.8333333333333334, 0.8, 0.6666666666666666]
Score of training (classical) [0.7708333333333334, 0.85, 0.8458333333333333, 0.5833333333333334]
Sample 70
Take max_iter as  436
Score of validation 0.7833333333333333
Score of training 1.0
Score of validation (classical) [0.6666666666666666, 0.7666666666666667, 0.75, 0.5333333333333333]
Score of training (classical) [0.7416666666666667, 0.8666666666666667, 0.8541666666666666, 0.5625]
Sample 71
Take max_iter as  433
Score of validation 0.6833333333333333
Score of training 0.9958333333333333
Score of validation (classical) [0.7, 0.8333333333333334, 0.7833333333333333, 0.5]
Score of training (classical) [0.7541666666666667, 0.8625, 0.8375, 0.5083333333333333]
Sample 72
Take max_iter as  435
Score of validation 0.6666666666666666
Score of training 0.9958333333333333
Score of validation (classical) [0.75, 0.8666666666666667, 0.8666666666666667, 0.6833333333333333]
Score of training (classical) [0.7458333333333333, 0.875, 0.8333333333333334, 0.6125]
Sample 73
Take max_iter as  450
Score of validation 0.6666666666666666
Score of training 0.9875
Score of validation (classical) [0.7833333333333333, 0.8166666666666667, 0.7666666666666667, 0.6833333333333333]
Score of training (classical) [0.7833333333333333, 0.8791666666666667, 0.8583333333333333, 0.7208333333333333]
Sample 74
Take max_iter as  444
Score of validation 0.75
Score of training 0.9958333333333333
Score of validation (classical) [0.65, 0.8333333333333334, 0.7833333333333333, 0.5166666666666667]
Score of training (classical) [0.6875, 0.8208333333333333, 0.8041666666666667, 0.575]
Sample 75
Take max_iter as  459
Score of validation 0.7666666666666667
Score of training 0.9875
Score of validation (classical) [0.7166666666666667, 0.7666666666666667, 0.7666666666666667, 0.5833333333333334]
Score of training (classical) [0.725, 0.8333333333333334, 0.8166666666666667, 0.5]
Sample 76
Take max_iter as  420
Score of validation 0.6833333333333333
Score of training 0.9916666666666667
Score of validation (classical) [0.7166666666666667, 0.8666666666666667, 0.85, 0.6166666666666667]
Score of training (classical) [0.7583333333333333, 0.875, 0.8666666666666667, 0.5916666666666667]
Sample 77
Take max_iter as  446
Score of validation 0.7833333333333333
Score of training 0.9958333333333333
Score of validation (classical) [0.6833333333333333, 0.8, 0.75, 0.6166666666666667]
Score of training (classical) [0.7416666666666667, 0.8791666666666667, 0.825, 0.5708333333333333]
Sample 78
Take max_iter as  482
Score of validation 0.75
Score of training 0.9958333333333333
Score of validation (classical) [0.7333333333333333, 0.75, 0.7666666666666667, 0.6666666666666666]
Score of training (classical) [0.775, 0.8875, 0.8375, 0.6666666666666666]
Sample 79
Take max_iter as  452
Score of validation 0.8166666666666667
Score of training 0.9958333333333333
Score of validation (classical) [0.7333333333333333, 0.8333333333333334, 0.8166666666666667, 0.6666666666666666]
Score of training (classical) [0.7458333333333333, 0.85, 0.8125, 0.6583333333333333]
Sample 80
Take max_iter as  421
Score of validation 0.7666666666666667
Score of training 0.9958333333333333
Score of validation (classical) [0.6333333333333333, 0.6833333333333333, 0.7166666666666667, 0.45]
Score of training (classical) [0.7375, 0.8583333333333333, 0.8375, 0.6083333333333333]
Sample 81
Take max_iter as  435
Score of validation 0.7333333333333333
Score of training 0.9958333333333333
Score of validation (classical) [0.7333333333333333, 0.8333333333333334, 0.75, 0.5666666666666667]
Score of training (classical) [0.6916666666666667, 0.8666666666666667, 0.8375, 0.5625]
Sample 82
Take max_iter as  436
Score of validation 0.6666666666666666
Score of training 0.9958333333333333
Score of validation (classical) [0.7166666666666667, 0.8833333333333333, 0.8833333333333333, 0.5333333333333333]
Score of training (classical) [0.7416666666666667, 0.8458333333333333, 0.8416666666666667, 0.6166666666666667]
Sample 83
Take max_iter as  443
Score of validation 0.6666666666666666
Score of training 1.0
Score of validation (classical) [0.6833333333333333, 0.8333333333333334, 0.7833333333333333, 0.6166666666666667]
Score of training (classical) [0.7583333333333333, 0.8541666666666666, 0.8208333333333333, 0.6833333333333333]
Sample 84
Take max_iter as  418
Score of validation 0.6666666666666666
Score of training 0.9833333333333333
Score of validation (classical) [0.7166666666666667, 0.7333333333333333, 0.7333333333333333, 0.5833333333333334]
Score of training (classical) [0.7541666666666667, 0.8958333333333334, 0.8666666666666667, 0.6208333333333333]
Sample 85
Take max_iter as  440
Score of validation 0.7
Score of training 0.9916666666666667
Score of validation (classical) [0.7, 0.75, 0.75, 0.5166666666666667]
Score of training (classical) [0.7958333333333333, 0.8708333333333333, 0.8541666666666666, 0.5916666666666667]
Sample 86
Take max_iter as  436
Score of validation 0.7666666666666667
Score of training 0.9833333333333333
Score of validation (classical) [0.7, 0.8666666666666667, 0.8333333333333334, 0.6666666666666666]
Score of training (classical) [0.7458333333333333, 0.8708333333333333, 0.8541666666666666, 0.6791666666666667]
Sample 87
Take max_iter as  450
Score of validation 0.6
Score of training 0.9916666666666667
Score of validation (classical) [0.7166666666666667, 0.8, 0.8166666666666667, 0.5833333333333334]
Score of training (classical) [0.7041666666666667, 0.8458333333333333, 0.825, 0.475]
Sample 88
Take max_iter as  494
Score of validation 0.6833333333333333
Score of training 0.9958333333333333
Score of validation (classical) [0.7, 0.7666666666666667, 0.7333333333333333, 0.6166666666666667]
Score of training (classical) [0.7833333333333333, 0.8833333333333333, 0.875, 0.6166666666666667]
Sample 89
Take max_iter as  456
Score of validation 0.7333333333333333
Score of training 0.9875
Score of validation (classical) [0.7666666666666667, 0.8333333333333334, 0.85, 0.55]
Score of training (classical) [0.7541666666666667, 0.8625, 0.8333333333333334, 0.6]
Sample 90
Take max_iter as  419
Score of validation 0.7333333333333333
Score of training 0.9916666666666667
Score of validation (classical) [0.6333333333333333, 0.7666666666666667, 0.7333333333333333, 0.55]
Score of training (classical) [0.7333333333333333, 0.9, 0.8625, 0.5375]
Sample 91
Take max_iter as  429
Score of validation 0.8166666666666667
Score of training 0.9958333333333333
Score of validation (classical) [0.7333333333333333, 0.8166666666666667, 0.8, 0.55]
Score of training (classical) [0.7625, 0.8666666666666667, 0.7916666666666666, 0.525]
Sample 92
Take max_iter as  425
Score of validation 0.7
Score of training 0.9875
Score of validation (classical) [0.7166666666666667, 0.8333333333333334, 0.8166666666666667, 0.65]
Score of training (classical) [0.7291666666666666, 0.8708333333333333, 0.8583333333333333, 0.625]
Sample 93
Take max_iter as  441
Score of validation 0.6666666666666666
Score of training 0.9916666666666667
Score of validation (classical) [0.6666666666666666, 0.7833333333333333, 0.75, 0.55]
Score of training (classical) [0.7583333333333333, 0.8708333333333333, 0.8625, 0.5875]
Sample 94
Take max_iter as  433
Score of validation 0.7333333333333333
Score of training 0.9958333333333333
Score of validation (classical) [0.7833333333333333, 0.8, 0.8166666666666667, 0.65]
Score of training (classical) [0.7666666666666667, 0.8708333333333333, 0.8541666666666666, 0.7041666666666667]
Sample 95
Take max_iter as  465
Score of validation 0.6833333333333333
Score of training 0.9958333333333333
Score of validation (classical) [0.7333333333333333, 0.8333333333333334, 0.8, 0.48333333333333334]
Score of training (classical) [0.7625, 0.8666666666666667, 0.8291666666666667, 0.4708333333333333]
Sample 96
Take max_iter as  458
Score of validation 0.6333333333333333
Score of training 0.9958333333333333
Score of validation (classical) [0.8, 0.8, 0.8166666666666667, 0.6]
Score of training (classical) [0.75, 0.9083333333333333, 0.8666666666666667, 0.55]
Sample 97
Take max_iter as  458
Score of validation 0.7833333333333333
Score of training 0.9916666666666667
Score of validation (classical) [0.8, 0.8666666666666667, 0.9166666666666666, 0.6333333333333333]
Score of training (classical) [0.725, 0.8708333333333333, 0.8541666666666666, 0.5291666666666667]
Sample 98
Take max_iter as  427
Score of validation 0.7166666666666667
Score of training 0.9875
Score of validation (classical) [0.7, 0.8, 0.8, 0.5833333333333334]
Score of training (classical) [0.7083333333333334, 0.8416666666666667, 0.7958333333333333, 0.5333333333333333]
Sample 99
Take max_iter as  433
Score of validation 0.6833333333333333
Score of training 0.9875
Score of validation (classical) [0.6333333333333333, 0.7333333333333333, 0.6833333333333333, 0.4666666666666667]
Score of training (classical) [0.7666666666666667, 0.8625, 0.85, 0.575]
Sample 100
Take max_iter as  452
Score of validation 0.7833333333333333
Score of training 0.9958333333333333
Score of validation (classical) [0.7166666666666667, 0.7833333333333333, 0.75, 0.6333333333333333]
Score of training (classical) [0.75, 0.8791666666666667, 0.8708333333333333, 0.6291666666666667]
Sample 101
Take max_iter as  446
Score of validation 0.6666666666666666
Score of training 0.9958333333333333
Score of validation (classical) [0.6833333333333333, 0.7833333333333333, 0.7666666666666667, 0.5166666666666667]
Score of training (classical) [0.7125, 0.8291666666666667, 0.8333333333333334, 0.5375]
Sample 102
Take max_iter as  421
Score of validation 0.8
Score of training 0.9916666666666667
Score of validation (classical) [0.7333333333333333, 0.8333333333333334, 0.8166666666666667, 0.6333333333333333]
Score of training (classical) [0.7125, 0.8708333333333333, 0.8166666666666667, 0.5041666666666667]
Sample 103
Take max_iter as  433
Score of validation 0.7166666666666667
Score of training 0.9875
Score of validation (classical) [0.6, 0.7, 0.7166666666666667, 0.5333333333333333]
Score of training (classical) [0.7041666666666667, 0.8166666666666667, 0.7875, 0.5875]
Sample 104
Take max_iter as  407
Score of validation 0.8166666666666667
Score of training 0.9875
Score of validation (classical) [0.75, 0.7833333333333333, 0.7666666666666667, 0.5666666666666667]
Score of training (classical) [0.75, 0.8708333333333333, 0.8375, 0.6541666666666667]
Sample 105
Take max_iter as  457
Score of validation 0.7666666666666667
Score of training 1.0
Score of validation (classical) [0.7166666666666667, 0.8, 0.7833333333333333, 0.5333333333333333]
Score of training (classical) [0.725, 0.875, 0.8333333333333334, 0.5583333333333333]
Sample 106
Take max_iter as  410
Score of validation 0.7833333333333333
Score of training 0.9958333333333333
Score of validation (classical) [0.6833333333333333, 0.7666666666666667, 0.7666666666666667, 0.6333333333333333]
Score of training (classical) [0.7583333333333333, 0.8833333333333333, 0.8875, 0.5625]
Sample 107
Take max_iter as  441
Score of validation 0.6166666666666667
Score of training 0.9958333333333333
Score of validation (classical) [0.7166666666666667, 0.7833333333333333, 0.7666666666666667, 0.6333333333333333]
Score of training (classical) [0.75, 0.875, 0.85, 0.6416666666666667]
Sample 108
Take max_iter as  469
Score of validation 0.6833333333333333
Score of training 0.9916666666666667
Score of validation (classical) [0.8166666666666667, 0.8166666666666667, 0.85, 0.5833333333333334]
Score of training (classical) [0.7625, 0.8916666666666667, 0.8708333333333333, 0.5708333333333333]
Sample 109
Take max_iter as  408
Score of validation 0.8166666666666667
Score of training 1.0
Score of validation (classical) [0.7166666666666667, 0.8166666666666667, 0.8, 0.65]
Score of training (classical) [0.7291666666666666, 0.8583333333333333, 0.8541666666666666, 0.6416666666666667]
Sample 110
Take max_iter as  449
Score of validation 0.7166666666666667
Score of training 1.0
Score of validation (classical) [0.7666666666666667, 0.8, 0.8, 0.6666666666666666]
Score of training (classical) [0.7958333333333333, 0.8791666666666667, 0.8708333333333333, 0.6666666666666666]
Sample 111
Take max_iter as  438
Score of validation 0.7
Score of training 0.9875
Score of validation (classical) [0.6833333333333333, 0.75, 0.7833333333333333, 0.6166666666666667]
Score of training (classical) [0.7583333333333333, 0.8916666666666667, 0.875, 0.625]
Sample 112
Take max_iter as  453
Score of validation 0.8166666666666667
Score of training 0.9916666666666667
Score of validation (classical) [0.7, 0.8666666666666667, 0.75, 0.6333333333333333]
Score of training (classical) [0.7458333333333333, 0.8875, 0.8458333333333333, 0.5958333333333333]
Sample 113
Take max_iter as  416
Score of validation 0.7
Score of training 0.9875
Score of validation (classical) [0.7333333333333333, 0.8166666666666667, 0.7833333333333333, 0.65]
Score of training (classical) [0.7458333333333333, 0.9125, 0.8375, 0.5916666666666667]
Sample 114
Take max_iter as  443
Score of validation 0.6333333333333333
Score of training 0.9875
Score of validation (classical) [0.7666666666666667, 0.8333333333333334, 0.7833333333333333, 0.55]
Score of training (classical) [0.7625, 0.8458333333333333, 0.8333333333333334, 0.5583333333333333]
Sample 115
Take max_iter as  427
Score of validation 0.75
Score of training 0.9916666666666667
Score of validation (classical) [0.7833333333333333, 0.8666666666666667, 0.8166666666666667, 0.65]
Score of training (classical) [0.7458333333333333, 0.8333333333333334, 0.7958333333333333, 0.6416666666666667]
Sample 116
Take max_iter as  462
Score of validation 0.7833333333333333
Score of training 0.9958333333333333
Score of validation (classical) [0.7, 0.8333333333333334, 0.8, 0.6166666666666667]
Score of training (classical) [0.7625, 0.8583333333333333, 0.85, 0.5875]
Sample 117
Take max_iter as  392
Score of validation 0.7666666666666667
Score of training 0.9875
Score of validation (classical) [0.7166666666666667, 0.7833333333333333, 0.7666666666666667, 0.6166666666666667]
Score of training (classical) [0.7666666666666667, 0.8166666666666667, 0.8083333333333333, 0.6125]
Sample 118
Take max_iter as  461
Score of validation 0.6833333333333333
Score of training 0.9875
Score of validation (classical) [0.7166666666666667, 0.75, 0.75, 0.55]
Score of training (classical) [0.725, 0.8708333333333333, 0.85, 0.5041666666666667]
Sample 119
Take max_iter as  452
Score of validation 0.8
Score of training 1.0
Score of validation (classical) [0.7166666666666667, 0.8166666666666667, 0.8, 0.5]
Score of training (classical) [0.75, 0.8916666666666667, 0.8333333333333334, 0.5375]
Sample 120
Take max_iter as  428
Score of validation 0.7666666666666667
Score of training 0.9916666666666667
Score of validation (classical) [0.6333333333333333, 0.75, 0.7166666666666667, 0.48333333333333334]
Score of training (classical) [0.7375, 0.85, 0.8333333333333334, 0.5958333333333333]
Sample 121
Take max_iter as  440
Score of validation 0.6833333333333333
Score of training 0.9958333333333333
Score of validation (classical) [0.7, 0.8333333333333334, 0.85, 0.5666666666666667]
Score of training (classical) [0.7291666666666666, 0.8458333333333333, 0.8416666666666667, 0.6375]
Sample 122
Take max_iter as  480
Score of validation 0.75
Score of training 0.9958333333333333
Score of validation (classical) [0.8666666666666667, 0.9, 0.9166666666666666, 0.75]
Score of training (classical) [0.7416666666666667, 0.8791666666666667, 0.85, 0.6375]
Sample 123
Take max_iter as  469
Score of validation 0.6833333333333333
Score of training 0.9916666666666667
Score of validation (classical) [0.7, 0.7166666666666667, 0.7333333333333333, 0.6333333333333333]
Score of training (classical) [0.7916666666666666, 0.8666666666666667, 0.8416666666666667, 0.6375]
Sample 124
Take max_iter as  440
Score of validation 0.65
Score of training 1.0
Score of validation (classical) [0.6666666666666666, 0.8166666666666667, 0.7333333333333333, 0.6333333333333333]
Score of training (classical) [0.7791666666666667, 0.8708333333333333, 0.8333333333333334, 0.6958333333333333]
Sample 125
Take max_iter as  417
Score of validation 0.8
Score of training 1.0
Score of validation (classical) [0.6833333333333333, 0.8166666666666667, 0.85, 0.5666666666666667]
Score of training (classical) [0.7083333333333334, 0.8583333333333333, 0.825, 0.5916666666666667]
Sample 126
Take max_iter as  397
Score of validation 0.8
Score of training 0.9875
Score of validation (classical) [0.8, 0.9, 0.8666666666666667, 0.7333333333333333]
Score of training (classical) [0.7458333333333333, 0.8625, 0.8375, 0.5708333333333333]
Sample 127
Take max_iter as  415
Score of validation 0.7166666666666667
Score of training 0.9916666666666667
Score of validation (classical) [0.6833333333333333, 0.75, 0.7166666666666667, 0.5666666666666667]
Score of training (classical) [0.7291666666666666, 0.8583333333333333, 0.8416666666666667, 0.5125]
Sample 128
Take max_iter as  445
Score of validation 0.7833333333333333
Score of training 0.9875
Score of validation (classical) [0.7166666666666667, 0.8333333333333334, 0.8166666666666667, 0.6]
Score of training (classical) [0.7541666666666667, 0.875, 0.8375, 0.5916666666666667]
Sample 129
Take max_iter as  423
Score of validation 0.7
Score of training 0.9916666666666667
Score of validation (classical) [0.7, 0.8166666666666667, 0.8333333333333334, 0.6166666666666667]
Score of training (classical) [0.75, 0.8625, 0.85, 0.5833333333333334]
Sample 130
Take max_iter as  437
Score of validation 0.6666666666666666
Score of training 0.9875
Score of validation (classical) [0.7, 0.75, 0.7333333333333333, 0.6]
Score of training (classical) [0.7125, 0.8375, 0.825, 0.5583333333333333]
Sample 131
Take max_iter as  409
Score of validation 0.7
Score of training 0.9916666666666667
Score of validation (classical) [0.7166666666666667, 0.8333333333333334, 0.8166666666666667, 0.6166666666666667]
Score of training (classical) [0.7416666666666667, 0.8583333333333333, 0.825, 0.6041666666666666]
Sample 132
Take max_iter as  438
Score of validation 0.7333333333333333
Score of training 0.9875
Score of validation (classical) [0.7833333333333333, 0.8333333333333334, 0.8666666666666667, 0.6166666666666667]
Score of training (classical) [0.725, 0.875, 0.85, 0.525]
Sample 133
Take max_iter as  414
Score of validation 0.8333333333333334
Score of training 0.9958333333333333
Score of validation (classical) [0.7, 0.8166666666666667, 0.8166666666666667, 0.75]
Score of training (classical) [0.7541666666666667, 0.8458333333333333, 0.8291666666666667, 0.6333333333333333]
Sample 134
Take max_iter as  458
Score of validation 0.85
Score of training 0.9916666666666667
Score of validation (classical) [0.7333333333333333, 0.8, 0.8, 0.48333333333333334]
Score of training (classical) [0.7375, 0.8583333333333333, 0.8458333333333333, 0.49166666666666664]
Sample 135
Take max_iter as  458
Score of validation 0.75
Score of training 0.9916666666666667
Score of validation (classical) [0.7333333333333333, 0.8666666666666667, 0.8166666666666667, 0.55]
Score of training (classical) [0.7208333333333333, 0.9, 0.875, 0.525]
Sample 136
Take max_iter as  438
Score of validation 0.6833333333333333
Score of training 0.9875
Score of validation (classical) [0.6166666666666667, 0.7166666666666667, 0.6833333333333333, 0.6333333333333333]
Score of training (classical) [0.7833333333333333, 0.8958333333333334, 0.8625, 0.6625]
Sample 137
Take max_iter as  437
Score of validation 0.7
Score of training 0.9875
Score of validation (classical) [0.6833333333333333, 0.7166666666666667, 0.7666666666666667, 0.43333333333333335]
Score of training (classical) [0.7083333333333334, 0.8458333333333333, 0.8333333333333334, 0.48333333333333334]
Sample 138
Take max_iter as  451
Score of validation 0.7333333333333333
Score of training 0.9958333333333333
Score of validation (classical) [0.6833333333333333, 0.75, 0.6833333333333333, 0.6]
Score of training (classical) [0.7708333333333334, 0.8958333333333334, 0.8708333333333333, 0.6666666666666666]
Sample 139
Take max_iter as  460
Score of validation 0.7166666666666667
Score of training 1.0
Score of validation (classical) [0.65, 0.7666666666666667, 0.8166666666666667, 0.5333333333333333]
Score of training (classical) [0.7208333333333333, 0.8541666666666666, 0.8541666666666666, 0.5375]
Sample 140
Take max_iter as  462
Score of validation 0.7833333333333333
Score of training 0.9875
Score of validation (classical) [0.7, 0.85, 0.85, 0.5666666666666667]
Score of training (classical) [0.725, 0.85, 0.8458333333333333, 0.5666666666666667]
Sample 141
Take max_iter as  462
Score of validation 0.6666666666666666
Score of training 0.9875
Score of validation (classical) [0.7, 0.7666666666666667, 0.7333333333333333, 0.5833333333333334]
Score of training (classical) [0.7291666666666666, 0.8625, 0.8416666666666667, 0.5208333333333334]
Sample 142
Take max_iter as  426
Score of validation 0.8
Score of training 0.9875
Score of validation (classical) [0.7, 0.8333333333333334, 0.8333333333333334, 0.6]
Score of training (classical) [0.7416666666666667, 0.875, 0.8583333333333333, 0.5958333333333333]
Sample 143
Take max_iter as  428
Score of validation 0.8166666666666667
Score of training 0.9958333333333333
Score of validation (classical) [0.6666666666666666, 0.7666666666666667, 0.7666666666666667, 0.6166666666666667]
Score of training (classical) [0.7416666666666667, 0.8375, 0.8166666666666667, 0.6166666666666667]
Sample 144
Take max_iter as  449
Score of validation 0.7166666666666667
Score of training 0.9916666666666667
Score of validation (classical) [0.7833333333333333, 0.8166666666666667, 0.8333333333333334, 0.7166666666666667]
Score of training (classical) [0.775, 0.8916666666666667, 0.8458333333333333, 0.6208333333333333]
Sample 145
Take max_iter as  439
Score of validation 0.7166666666666667
Score of training 0.9916666666666667
Score of validation (classical) [0.7, 0.7833333333333333, 0.7666666666666667, 0.55]
Score of training (classical) [0.75, 0.8666666666666667, 0.8333333333333334, 0.5875]
Sample 146
Take max_iter as  444
Score of validation 0.7
Score of training 0.9916666666666667
Score of validation (classical) [0.7166666666666667, 0.8, 0.8166666666666667, 0.5666666666666667]
Score of training (classical) [0.775, 0.85, 0.85, 0.5833333333333334]
Sample 147
Take max_iter as  378
Score of validation 0.7666666666666667
Score of training 0.9958333333333333
Score of validation (classical) [0.6666666666666666, 0.75, 0.7333333333333333, 0.55]
Score of training (classical) [0.7291666666666666, 0.875, 0.8583333333333333, 0.6416666666666667]
Sample 148
Take max_iter as  423
Score of validation 0.8333333333333334
Score of training 0.9833333333333333
Score of validation (classical) [0.75, 0.8333333333333334, 0.8166666666666667, 0.6666666666666666]
Score of training (classical) [0.7333333333333333, 0.8625, 0.8375, 0.5333333333333333]
Sample 149
Take max_iter as  452
Score of validation 0.8166666666666667
Score of training 0.9958333333333333
Score of validation (classical) [0.7, 0.8, 0.8333333333333334, 0.6166666666666667]
Score of training (classical) [0.7416666666666667, 0.8583333333333333, 0.8166666666666667, 0.5625]
Sample 150
Take max_iter as  459
Score of validation 0.7166666666666667
Score of training 0.9958333333333333
Score of validation (classical) [0.7166666666666667, 0.7833333333333333, 0.8, 0.55]
Score of training (classical) [0.75, 0.8833333333333333, 0.8291666666666667, 0.6041666666666666]
Sample 151
Take max_iter as  462
Score of validation 0.7666666666666667
Score of training 0.9875
Score of validation (classical) [0.6833333333333333, 0.7666666666666667, 0.75, 0.5833333333333334]
Score of training (classical) [0.7416666666666667, 0.8791666666666667, 0.8708333333333333, 0.5375]
Sample 152
Take max_iter as  419
Score of validation 0.65
Score of training 0.9916666666666667
Score of validation (classical) [0.7, 0.8166666666666667, 0.8333333333333334, 0.6666666666666666]
Score of training (classical) [0.7541666666666667, 0.8375, 0.8041666666666667, 0.6375]
Sample 153
Take max_iter as  428
Score of validation 0.8166666666666667
Score of training 0.9875
Score of validation (classical) [0.7333333333333333, 0.8833333333333333, 0.8166666666666667, 0.5666666666666667]
Score of training (classical) [0.725, 0.825, 0.8, 0.6041666666666666]
Sample 154
Take max_iter as  430
Score of validation 0.7666666666666667
Score of training 0.9916666666666667
Score of validation (classical) [0.6833333333333333, 0.7833333333333333, 0.7833333333333333, 0.5666666666666667]
Score of training (classical) [0.7208333333333333, 0.8583333333333333, 0.8541666666666666, 0.5666666666666667]
Sample 155
Take max_iter as  449
Score of validation 0.65
Score of training 0.9958333333333333
Score of validation (classical) [0.7166666666666667, 0.7666666666666667, 0.7666666666666667, 0.6333333333333333]
Score of training (classical) [0.7708333333333334, 0.8833333333333333, 0.8458333333333333, 0.7125]
Sample 156
Take max_iter as  432
Score of validation 0.75
Score of training 1.0
Score of validation (classical) [0.7333333333333333, 0.7833333333333333, 0.7666666666666667, 0.6833333333333333]
Score of training (classical) [0.7833333333333333, 0.8791666666666667, 0.8708333333333333, 0.6916666666666667]
Sample 157
Take max_iter as  455
Score of validation 0.7166666666666667
Score of training 0.9958333333333333
Score of validation (classical) [0.7666666666666667, 0.8333333333333334, 0.7833333333333333, 0.6333333333333333]
Score of training (classical) [0.7583333333333333, 0.8875, 0.8458333333333333, 0.5875]
Sample 158
Take max_iter as  431
Score of validation 0.7333333333333333
Score of training 1.0
Score of validation (classical) [0.8, 0.8333333333333334, 0.85, 0.75]
Score of training (classical) [0.7208333333333333, 0.85, 0.8458333333333333, 0.5958333333333333]
Sample 159
Take max_iter as  436
Score of validation 0.6333333333333333
Score of training 0.9916666666666667
Score of validation (classical) [0.6833333333333333, 0.7833333333333333, 0.7166666666666667, 0.6333333333333333]
Score of training (classical) [0.7416666666666667, 0.8833333333333333, 0.85, 0.5916666666666667]
Sample 160
Take max_iter as  420
Score of validation 0.7833333333333333
Score of training 0.9916666666666667
Score of validation (classical) [0.75, 0.8166666666666667, 0.8333333333333334, 0.5833333333333334]
Score of training (classical) [0.6541666666666667, 0.8458333333333333, 0.8208333333333333, 0.5333333333333333]
Sample 161
Take max_iter as  408
Score of validation 0.7166666666666667
Score of training 1.0
Score of validation (classical) [0.7166666666666667, 0.8666666666666667, 0.8166666666666667, 0.6]
Score of training (classical) [0.7666666666666667, 0.9083333333333333, 0.8833333333333333, 0.5375]
Sample 162
Take max_iter as  485
Score of validation 0.7333333333333333
Score of training 0.9916666666666667
Score of validation (classical) [0.7166666666666667, 0.8, 0.7166666666666667, 0.5833333333333334]
Score of training (classical) [0.7375, 0.8708333333333333, 0.8291666666666667, 0.6]
Sample 163
Take max_iter as  423
Score of validation 0.6666666666666666
Score of training 0.9916666666666667
Score of validation (classical) [0.7666666666666667, 0.7833333333333333, 0.7666666666666667, 0.55]
Score of training (classical) [0.7291666666666666, 0.8666666666666667, 0.85, 0.55]
Sample 164
Take max_iter as  448
Score of validation 0.65
Score of training 0.9916666666666667
Score of validation (classical) [0.6333333333333333, 0.7333333333333333, 0.7166666666666667, 0.5166666666666667]
Score of training (classical) [0.775, 0.8791666666666667, 0.8666666666666667, 0.5833333333333334]
Sample 165
Take max_iter as  455
Score of validation 0.8
Score of training 0.9958333333333333
Score of validation (classical) [0.75, 0.85, 0.8333333333333334, 0.5166666666666667]
Score of training (classical) [0.725, 0.9083333333333333, 0.8875, 0.5]
Sample 166
Take max_iter as  475
Score of validation 0.6166666666666667
Score of training 0.9958333333333333
Score of validation (classical) [0.75, 0.7833333333333333, 0.7333333333333333, 0.5833333333333334]
Score of training (classical) [0.75, 0.8416666666666667, 0.8166666666666667, 0.6166666666666667]
Sample 167
Take max_iter as  443
Score of validation 0.7666666666666667
Score of training 0.9958333333333333
Score of validation (classical) [0.7166666666666667, 0.85, 0.8166666666666667, 0.6166666666666667]
Score of training (classical) [0.7125, 0.8958333333333334, 0.8583333333333333, 0.5875]
Sample 168
Take max_iter as  460
Score of validation 0.7666666666666667
Score of training 0.9875
Score of validation (classical) [0.7166666666666667, 0.8333333333333334, 0.7666666666666667, 0.55]
Score of training (classical) [0.725, 0.85, 0.8208333333333333, 0.6125]
Sample 169
Take max_iter as  436
Score of validation 0.7833333333333333
Score of training 0.9916666666666667
Score of validation (classical) [0.7333333333333333, 0.7833333333333333, 0.7833333333333333, 0.7]
Score of training (classical) [0.7458333333333333, 0.85, 0.8291666666666667, 0.65]
Sample 170
Take max_iter as  435
Score of validation 0.7
Score of training 0.9791666666666666
Score of validation (classical) [0.8, 0.9, 0.8666666666666667, 0.7333333333333333]
Score of training (classical) [0.75, 0.8041666666666667, 0.7875, 0.65]
Sample 171
Take max_iter as  460
Score of validation 0.7166666666666667
Score of training 0.9958333333333333
Score of validation (classical) [0.75, 0.85, 0.8333333333333334, 0.6166666666666667]
Score of training (classical) [0.75, 0.8666666666666667, 0.8375, 0.45]
Sample 172
Take max_iter as  435
Score of validation 0.7666666666666667
Score of training 0.9958333333333333
Score of validation (classical) [0.6666666666666666, 0.8, 0.8, 0.5666666666666667]
Score of training (classical) [0.7583333333333333, 0.8625, 0.8583333333333333, 0.6208333333333333]
Sample 173
Take max_iter as  421
Score of validation 0.6666666666666666
Score of training 0.9875
Score of validation (classical) [0.7333333333333333, 0.8666666666666667, 0.8833333333333333, 0.5333333333333333]
Score of training (classical) [0.7125, 0.8625, 0.8625, 0.5166666666666667]
Sample 174
Take max_iter as  435
Score of validation 0.75
Score of training 0.9833333333333333
Score of validation (classical) [0.8333333333333334, 0.9166666666666666, 0.9, 0.6166666666666667]
Score of training (classical) [0.725, 0.8916666666666667, 0.8791666666666667, 0.5125]
Sample 175
Take max_iter as  420
Score of validation 0.6166666666666667
Score of training 0.9958333333333333
Score of validation (classical) [0.75, 0.8, 0.7666666666666667, 0.6666666666666666]
Score of training (classical) [0.7791666666666667, 0.8916666666666667, 0.8583333333333333, 0.6666666666666666]
Sample 176
Take max_iter as  459
Score of validation 0.7666666666666667
Score of training 0.9833333333333333
Score of validation (classical) [0.7666666666666667, 0.85, 0.8166666666666667, 0.5166666666666667]
Score of training (classical) [0.7083333333333334, 0.8708333333333333, 0.8458333333333333, 0.5458333333333333]
Sample 177
Take max_iter as  440
Score of validation 0.7666666666666667
Score of training 0.9958333333333333
Score of validation (classical) [0.75, 0.8166666666666667, 0.8333333333333334, 0.55]
Score of training (classical) [0.7833333333333333, 0.875, 0.8583333333333333, 0.5833333333333334]
Sample 178
Take max_iter as  434
Score of validation 0.7833333333333333
Score of training 0.9916666666666667
Score of validation (classical) [0.7833333333333333, 0.9, 0.8333333333333334, 0.5666666666666667]
Score of training (classical) [0.7541666666666667, 0.8458333333333333, 0.8166666666666667, 0.55]
Sample 179
Take max_iter as  423
Score of validation 0.75
Score of training 0.9875
Score of validation (classical) [0.7, 0.8, 0.7333333333333333, 0.6333333333333333]
Score of training (classical) [0.7708333333333334, 0.8625, 0.8291666666666667, 0.6875]
Sample 180
Take max_iter as  453
Score of validation 0.7166666666666667
Score of training 0.9916666666666667
Score of validation (classical) [0.7, 0.7833333333333333, 0.7833333333333333, 0.5833333333333334]
Score of training (classical) [0.7208333333333333, 0.8833333333333333, 0.8541666666666666, 0.6]
Sample 181
Take max_iter as  433
Score of validation 0.75
Score of training 0.9791666666666666
Score of validation (classical) [0.7, 0.8, 0.8, 0.5333333333333333]
Score of training (classical) [0.7041666666666667, 0.8208333333333333, 0.7916666666666666, 0.575]
Sample 182
Take max_iter as  425
Score of validation 0.7833333333333333
Score of training 0.9916666666666667
Score of validation (classical) [0.65, 0.7666666666666667, 0.7166666666666667, 0.5]
Score of training (classical) [0.75, 0.8541666666666666, 0.8333333333333334, 0.5583333333333333]
Sample 183
Take max_iter as  422
Score of validation 0.8166666666666667
Score of training 0.9916666666666667
Score of validation (classical) [0.7333333333333333, 0.85, 0.8, 0.6666666666666666]
Score of training (classical) [0.7791666666666667, 0.875, 0.8416666666666667, 0.6416666666666667]
Sample 184
Take max_iter as  414
Score of validation 0.7666666666666667
Score of training 0.9916666666666667
Score of validation (classical) [0.7, 0.8166666666666667, 0.75, 0.6166666666666667]
Score of training (classical) [0.7541666666666667, 0.875, 0.8375, 0.6166666666666667]
Sample 185
Take max_iter as  431
Score of validation 0.7833333333333333
Score of training 0.9958333333333333
Score of validation (classical) [0.7, 0.8333333333333334, 0.8, 0.4666666666666667]
Score of training (classical) [0.6791666666666667, 0.8458333333333333, 0.825, 0.4625]
Sample 186
Take max_iter as  444
Score of validation 0.7833333333333333
Score of training 0.9916666666666667
Score of validation (classical) [0.75, 0.8, 0.85, 0.65]
Score of training (classical) [0.7916666666666666, 0.9125, 0.8958333333333334, 0.6083333333333333]
Sample 187
Take max_iter as  434
Score of validation 0.7833333333333333
Score of training 0.9916666666666667
Score of validation (classical) [0.6666666666666666, 0.75, 0.7833333333333333, 0.65]
Score of training (classical) [0.775, 0.8458333333333333, 0.8333333333333334, 0.6083333333333333]
Sample 188
Take max_iter as  462
Score of validation 0.6666666666666666
Score of training 0.9833333333333333
Score of validation (classical) [0.7666666666666667, 0.8, 0.8, 0.7166666666666667]
Score of training (classical) [0.7375, 0.8375, 0.8208333333333333, 0.6125]
Sample 189
Take max_iter as  460
Score of validation 0.7666666666666667
Score of training 1.0
Score of validation (classical) [0.6333333333333333, 0.7833333333333333, 0.7166666666666667, 0.5833333333333334]
Score of training (classical) [0.6791666666666667, 0.8708333333333333, 0.8416666666666667, 0.5125]
Sample 190
Take max_iter as  436
Score of validation 0.7833333333333333
Score of training 0.9958333333333333
Score of validation (classical) [0.7833333333333333, 0.85, 0.8166666666666667, 0.75]
Score of training (classical) [0.725, 0.8666666666666667, 0.8125, 0.6583333333333333]
Sample 191
Take max_iter as  436
Score of validation 0.7
Score of training 0.9958333333333333
Score of validation (classical) [0.7166666666666667, 0.85, 0.8166666666666667, 0.6833333333333333]
Score of training (classical) [0.7166666666666667, 0.8708333333333333, 0.8541666666666666, 0.65]
Sample 192
Take max_iter as  441
Score of validation 0.8166666666666667
Score of training 0.9833333333333333
Score of validation (classical) [0.7333333333333333, 0.8166666666666667, 0.8, 0.7]
Score of training (classical) [0.7166666666666667, 0.8458333333333333, 0.8208333333333333, 0.5541666666666667]
Sample 193
Take max_iter as  457
Score of validation 0.7166666666666667
Score of training 0.9916666666666667
Score of validation (classical) [0.7166666666666667, 0.8333333333333334, 0.7833333333333333, 0.4666666666666667]
Score of training (classical) [0.7666666666666667, 0.8916666666666667, 0.8708333333333333, 0.5541666666666667]
Sample 194
Take max_iter as  430
Score of validation 0.8
Score of training 0.9958333333333333
Score of validation (classical) [0.7, 0.8, 0.7833333333333333, 0.6]
Score of training (classical) [0.7125, 0.8541666666666666, 0.825, 0.5958333333333333]
Sample 195
Take max_iter as  408
Score of validation 0.7833333333333333
Score of training 0.9916666666666667
Score of validation (classical) [0.6833333333333333, 0.7833333333333333, 0.7666666666666667, 0.5666666666666667]
Score of training (classical) [0.7416666666666667, 0.875, 0.8541666666666666, 0.5875]
Sample 196
Take max_iter as  466
Score of validation 0.75
Score of training 1.0
Score of validation (classical) [0.65, 0.7166666666666667, 0.7, 0.45]
Score of training (classical) [0.7666666666666667, 0.8666666666666667, 0.8458333333333333, 0.5166666666666667]
Sample 197
Take max_iter as  426
Score of validation 0.8
Score of training 0.9958333333333333
Score of validation (classical) [0.7333333333333333, 0.8, 0.8, 0.7]
Score of training (classical) [0.7333333333333333, 0.875, 0.8541666666666666, 0.5875]
Sample 198
Take max_iter as  441
Score of validation 0.7833333333333333
Score of training 1.0
Score of validation (classical) [0.6666666666666666, 0.7, 0.6833333333333333, 0.5]
Score of training (classical) [0.7125, 0.8375, 0.8208333333333333, 0.5708333333333333]
Sample 199
Take max_iter as  444
Score of validation 0.6833333333333333
Score of training 0.9916666666666667
Score of validation (classical) [0.6833333333333333, 0.7333333333333333, 0.7333333333333333, 0.6333333333333333]
Score of training (classical) [0.7708333333333334, 0.8541666666666666, 0.8166666666666667, 0.6166666666666667]
Sample 200
Take max_iter as  417
Score of validation 0.7166666666666667
Score of training 0.9958333333333333
Score of validation (classical) [0.7, 0.8166666666666667, 0.8, 0.6333333333333333]
Score of training (classical) [0.725, 0.8708333333333333, 0.8541666666666666, 0.6125]
Sample 201
Take max_iter as  435
Score of validation 0.7166666666666667
Score of training 0.9958333333333333
Score of validation (classical) [0.6833333333333333, 0.7333333333333333, 0.7166666666666667, 0.4666666666666667]
Score of training (classical) [0.7916666666666666, 0.8583333333333333, 0.8416666666666667, 0.6791666666666667]
Sample 202
Take max_iter as  443
Score of validation 0.7833333333333333
Score of training 0.9958333333333333
Score of validation (classical) [0.6666666666666666, 0.7333333333333333, 0.7333333333333333, 0.43333333333333335]
Score of training (classical) [0.7708333333333334, 0.8625, 0.8208333333333333, 0.5791666666666667]
Sample 203
Take max_iter as  464
Score of validation 0.75
Score of training 1.0
Score of validation (classical) [0.7166666666666667, 0.8, 0.7666666666666667, 0.6666666666666666]
Score of training (classical) [0.7583333333333333, 0.8625, 0.8375, 0.5833333333333334]
Sample 204
Take max_iter as  411
Score of validation 0.7666666666666667
Score of training 0.9875
Score of validation (classical) [0.7166666666666667, 0.7833333333333333, 0.7833333333333333, 0.6666666666666666]
Score of training (classical) [0.7583333333333333, 0.8625, 0.8583333333333333, 0.625]
Sample 205
Take max_iter as  407
Score of validation 0.7166666666666667
Score of training 0.9916666666666667
Score of validation (classical) [0.7833333333333333, 0.8, 0.8, 0.7]
Score of training (classical) [0.7458333333333333, 0.8, 0.7916666666666666, 0.6541666666666667]
Sample 206
Take max_iter as  418
Score of validation 0.8166666666666667
Score of training 0.9958333333333333
Score of validation (classical) [0.7666666666666667, 0.9, 0.8833333333333333, 0.6]
Score of training (classical) [0.7541666666666667, 0.875, 0.8666666666666667, 0.5666666666666667]
Sample 207
Take max_iter as  437
Score of validation 0.6833333333333333
Score of training 0.9875
Score of validation (classical) [0.7666666666666667, 0.8333333333333334, 0.8333333333333334, 0.5666666666666667]
Score of training (classical) [0.7625, 0.8791666666666667, 0.85, 0.525]
Sample 208
Take max_iter as  449
Score of validation 0.7166666666666667
Score of training 0.9875
Score of validation (classical) [0.7833333333333333, 0.8333333333333334, 0.85, 0.6166666666666667]
Score of training (classical) [0.725, 0.875, 0.85, 0.5875]
Sample 209
Take max_iter as  418
Score of validation 0.75
Score of training 0.9958333333333333
Score of validation (classical) [0.8, 0.8666666666666667, 0.8333333333333334, 0.5666666666666667]
Score of training (classical) [0.7666666666666667, 0.8541666666666666, 0.8333333333333334, 0.5458333333333333]
Sample 210
Take max_iter as  436
Score of validation 0.7333333333333333
Score of training 0.9916666666666667
Score of validation (classical) [0.7833333333333333, 0.8833333333333333, 0.8333333333333334, 0.6166666666666667]
Score of training (classical) [0.7208333333333333, 0.8333333333333334, 0.7916666666666666, 0.6333333333333333]
Sample 211
Take max_iter as  454
Score of validation 0.7166666666666667
Score of training 0.9916666666666667
Score of validation (classical) [0.6833333333333333, 0.7666666666666667, 0.7666666666666667, 0.6333333333333333]
Score of training (classical) [0.7541666666666667, 0.85, 0.8166666666666667, 0.6208333333333333]
Sample 212
Take max_iter as  412
Score of validation 0.6333333333333333
Score of training 0.9958333333333333
Score of validation (classical) [0.6166666666666667, 0.7666666666666667, 0.7333333333333333, 0.48333333333333334]
Score of training (classical) [0.7125, 0.85, 0.825, 0.525]
Sample 213
Take max_iter as  414
Score of validation 0.7
Score of training 0.9916666666666667
Score of validation (classical) [0.8, 0.8166666666666667, 0.7666666666666667, 0.5166666666666667]
Score of training (classical) [0.7333333333333333, 0.875, 0.8541666666666666, 0.5791666666666667]
Sample 214
Take max_iter as  477
Score of validation 0.6666666666666666
Score of training 0.9958333333333333
Score of validation (classical) [0.7, 0.75, 0.75, 0.65]
Score of training (classical) [0.7833333333333333, 0.875, 0.875, 0.6]
Sample 215
Take max_iter as  439
Score of validation 0.8666666666666667
Score of training 0.9958333333333333
Score of validation (classical) [0.7666666666666667, 0.85, 0.8333333333333334, 0.5833333333333334]
Score of training (classical) [0.7375, 0.8458333333333333, 0.825, 0.5541666666666667]
Sample 216
Take max_iter as  456
Score of validation 0.5833333333333334
Score of training 0.9916666666666667
Score of validation (classical) [0.7333333333333333, 0.7833333333333333, 0.75, 0.55]
Score of training (classical) [0.75, 0.8291666666666667, 0.8416666666666667, 0.5]
Sample 217
Take max_iter as  428
Score of validation 0.6833333333333333
Score of training 0.9916666666666667
Score of validation (classical) [0.6666666666666666, 0.7666666666666667, 0.7666666666666667, 0.5833333333333334]
Score of training (classical) [0.7875, 0.875, 0.8583333333333333, 0.5875]
Sample 218
Take max_iter as  438
Score of validation 0.7666666666666667
Score of training 1.0
Score of validation (classical) [0.7666666666666667, 0.7833333333333333, 0.7833333333333333, 0.65]
Score of training (classical) [0.7375, 0.8791666666666667, 0.8666666666666667, 0.5958333333333333]
Sample 219
Take max_iter as  439
Score of validation 0.6666666666666666
Score of training 0.9875
Score of validation (classical) [0.7333333333333333, 0.8333333333333334, 0.8166666666666667, 0.6166666666666667]
Score of training (classical) [0.725, 0.8625, 0.825, 0.6]
Sample 220
Take max_iter as  476
Score of validation 0.7166666666666667
Score of training 0.9916666666666667
Score of validation (classical) [0.6166666666666667, 0.7333333333333333, 0.75, 0.5333333333333333]
Score of training (classical) [0.7666666666666667, 0.9166666666666666, 0.9, 0.6291666666666667]
Sample 221
Take max_iter as  451
Score of validation 0.7333333333333333
Score of training 0.9875
Score of validation (classical) [0.7166666666666667, 0.8333333333333334, 0.75, 0.6]
Score of training (classical) [0.7583333333333333, 0.8458333333333333, 0.8166666666666667, 0.5583333333333333]
Sample 222
Take max_iter as  415
Score of validation 0.7833333333333333
Score of training 0.9958333333333333
Score of validation (classical) [0.7666666666666667, 0.8, 0.7833333333333333, 0.6666666666666666]
Score of training (classical) [0.725, 0.875, 0.8666666666666667, 0.6375]
Sample 223
Take max_iter as  423
Score of validation 0.6833333333333333
Score of training 1.0
Score of validation (classical) [0.7, 0.7833333333333333, 0.7666666666666667, 0.6]
Score of training (classical) [0.75, 0.8625, 0.8541666666666666, 0.6541666666666667]
Sample 224
Take max_iter as  456
Score of validation 0.7666666666666667
Score of training 1.0
Score of validation (classical) [0.7, 0.75, 0.7833333333333333, 0.6]
Score of training (classical) [0.7208333333333333, 0.8833333333333333, 0.8791666666666667, 0.5416666666666666]
Sample 225
Take max_iter as  450
Score of validation 0.75
Score of training 0.9958333333333333
Score of validation (classical) [0.75, 0.8666666666666667, 0.85, 0.6166666666666667]
Score of training (classical) [0.7333333333333333, 0.8666666666666667, 0.8375, 0.5875]
Sample 226
Take max_iter as  430
Score of validation 0.75
Score of training 0.9916666666666667
Score of validation (classical) [0.6666666666666666, 0.7833333333333333, 0.75, 0.55]
Score of training (classical) [0.7208333333333333, 0.85, 0.8375, 0.5958333333333333]
Sample 227
Take max_iter as  459
Score of validation 0.7
Score of training 0.9875
Score of validation (classical) [0.6833333333333333, 0.7, 0.7333333333333333, 0.48333333333333334]
Score of training (classical) [0.6916666666666667, 0.8375, 0.8416666666666667, 0.575]
Sample 228
Take max_iter as  445
Score of validation 0.6833333333333333
Score of training 0.9833333333333333
Score of validation (classical) [0.8166666666666667, 0.8666666666666667, 0.85, 0.65]
Score of training (classical) [0.725, 0.875, 0.8416666666666667, 0.5791666666666667]
Sample 229
Take max_iter as  419
Score of validation 0.65
Score of training 0.9916666666666667
Score of validation (classical) [0.7666666666666667, 0.85, 0.8333333333333334, 0.6666666666666666]
Score of training (classical) [0.7125, 0.85, 0.8, 0.6541666666666667]
Sample 230
Take max_iter as  452
Score of validation 0.7333333333333333
Score of training 0.9958333333333333
Score of validation (classical) [0.7333333333333333, 0.7833333333333333, 0.8166666666666667, 0.6166666666666667]
Score of training (classical) [0.7416666666666667, 0.8458333333333333, 0.8541666666666666, 0.6291666666666667]
Sample 231
Take max_iter as  440
Score of validation 0.75
Score of training 0.9916666666666667
Score of validation (classical) [0.8333333333333334, 0.9166666666666666, 0.8666666666666667, 0.5333333333333333]
Score of training (classical) [0.7875, 0.9083333333333333, 0.8791666666666667, 0.49583333333333335]
Sample 232
Take max_iter as  469
Score of validation 0.65
Score of training 0.9875
Score of validation (classical) [0.6166666666666667, 0.6833333333333333, 0.7, 0.48333333333333334]
Score of training (classical) [0.7333333333333333, 0.8833333333333333, 0.8458333333333333, 0.6083333333333333]
Sample 233
Take max_iter as  450
Score of validation 0.8333333333333334
Score of training 0.9958333333333333
Score of validation (classical) [0.6833333333333333, 0.7666666666666667, 0.7, 0.6166666666666667]
Score of training (classical) [0.7833333333333333, 0.8833333333333333, 0.8375, 0.6916666666666667]
Sample 234
Take max_iter as  434
Score of validation 0.7166666666666667
Score of training 0.9958333333333333
Score of validation (classical) [0.75, 0.8, 0.7833333333333333, 0.5833333333333334]
Score of training (classical) [0.7333333333333333, 0.8625, 0.8458333333333333, 0.5541666666666667]
Sample 235
Take max_iter as  475
Score of validation 0.8166666666666667
Score of training 0.9916666666666667
Score of validation (classical) [0.8333333333333334, 0.9, 0.8333333333333334, 0.7666666666666667]
Score of training (classical) [0.75, 0.8833333333333333, 0.8375, 0.6583333333333333]
Sample 236
Take max_iter as  430
Score of validation 0.7833333333333333
Score of training 0.9958333333333333
Score of validation (classical) [0.6833333333333333, 0.7166666666666667, 0.7166666666666667, 0.6333333333333333]
Score of training (classical) [0.7208333333333333, 0.8666666666666667, 0.8333333333333334, 0.5625]
Sample 237
Take max_iter as  463
Score of validation 0.7666666666666667
Score of training 0.9916666666666667
Score of validation (classical) [0.7, 0.7833333333333333, 0.75, 0.48333333333333334]
Score of training (classical) [0.7583333333333333, 0.8458333333333333, 0.8125, 0.6166666666666667]
Sample 238
Take max_iter as  465
Score of validation 0.7166666666666667
Score of training 0.9875
Score of validation (classical) [0.7666666666666667, 0.8166666666666667, 0.7833333333333333, 0.45]
Score of training (classical) [0.7708333333333334, 0.8791666666666667, 0.8625, 0.5333333333333333]
Sample 239
Take max_iter as  422
Score of validation 0.8
Score of training 0.9833333333333333
Score of validation (classical) [0.6833333333333333, 0.8, 0.75, 0.4666666666666667]
Score of training (classical) [0.7333333333333333, 0.8458333333333333, 0.8291666666666667, 0.525]
Sample 240
Take max_iter as  404
Score of validation 0.7833333333333333
Score of training 0.9958333333333333
Score of validation (classical) [0.6166666666666667, 0.7666666666666667, 0.75, 0.5166666666666667]
Score of training (classical) [0.7041666666666667, 0.8333333333333334, 0.8333333333333334, 0.65]
Sample 241
Take max_iter as  433
Score of validation 0.7166666666666667
Score of training 0.9916666666666667
Score of validation (classical) [0.6333333333333333, 0.7, 0.7166666666666667, 0.6166666666666667]
Score of training (classical) [0.6958333333333333, 0.8625, 0.8208333333333333, 0.6041666666666666]
Sample 242
Take max_iter as  417
Score of validation 0.65
Score of training 0.9958333333333333
Score of validation (classical) [0.65, 0.6666666666666666, 0.6666666666666666, 0.5833333333333334]
Score of training (classical) [0.7875, 0.875, 0.8333333333333334, 0.6125]
Sample 243
Take max_iter as  440
Score of validation 0.65
Score of training 0.9958333333333333
Score of validation (classical) [0.6333333333333333, 0.85, 0.8333333333333334, 0.5]
Score of training (classical) [0.7041666666666667, 0.8458333333333333, 0.8041666666666667, 0.55]
Sample 244
Take max_iter as  483
Score of validation 0.6833333333333333
Score of training 0.9875
Score of validation (classical) [0.65, 0.8, 0.8166666666666667, 0.5]
Score of training (classical) [0.7416666666666667, 0.8958333333333334, 0.8833333333333333, 0.5791666666666667]
Sample 245
Take max_iter as  444
Score of validation 0.7166666666666667
Score of training 0.9958333333333333
Score of validation (classical) [0.6333333333333333, 0.7666666666666667, 0.7666666666666667, 0.48333333333333334]
Score of training (classical) [0.7375, 0.875, 0.8333333333333334, 0.625]
Sample 246
Take max_iter as  403
Score of validation 0.7833333333333333
Score of training 0.9875
Score of validation (classical) [0.7, 0.7833333333333333, 0.8, 0.5166666666666667]
Score of training (classical) [0.7, 0.8375, 0.8333333333333334, 0.5708333333333333]
Sample 247
Take max_iter as  431
Score of validation 0.7
Score of training 0.9916666666666667
Score of validation (classical) [0.8, 0.7666666666666667, 0.8333333333333334, 0.65]
Score of training (classical) [0.7458333333333333, 0.8541666666666666, 0.825, 0.6166666666666667]
Sample 248
Take max_iter as  443
Score of validation 0.7666666666666667
Score of training 0.9958333333333333
Score of validation (classical) [0.7833333333333333, 0.8333333333333334, 0.7833333333333333, 0.65]
Score of training (classical) [0.7458333333333333, 0.8791666666666667, 0.8333333333333334, 0.6375]
Sample 249
Take max_iter as  409
Score of validation 0.8333333333333334
Score of training 0.9958333333333333
Score of validation (classical) [0.75, 0.8, 0.7666666666666667, 0.7]
Score of training (classical) [0.7, 0.8666666666666667, 0.8333333333333334, 0.5833333333333334]
Sample 250
Take max_iter as  464
Score of validation 0.65
Score of training 0.9916666666666667
Score of validation (classical) [0.7, 0.8166666666666667, 0.8, 0.5833333333333334]
Score of training (classical) [0.7916666666666666, 0.8875, 0.8833333333333333, 0.475]
Sample 251
Take max_iter as  439
Score of validation 0.65
Score of training 1.0
Score of validation (classical) [0.6833333333333333, 0.7333333333333333, 0.7166666666666667, 0.5833333333333334]
Score of training (classical) [0.7333333333333333, 0.8375, 0.825, 0.6]
Sample 252
Take max_iter as  444
Score of validation 0.8333333333333334
Score of training 0.9916666666666667
Score of validation (classical) [0.7833333333333333, 0.85, 0.8166666666666667, 0.75]
Score of training (classical) [0.7666666666666667, 0.8833333333333333, 0.8708333333333333, 0.6291666666666667]
Sample 253
Take max_iter as  448
Score of validation 0.7
Score of training 0.9916666666666667
Score of validation (classical) [0.7333333333333333, 0.8666666666666667, 0.8, 0.5333333333333333]
Score of training (classical) [0.7125, 0.875, 0.8625, 0.49583333333333335]
Sample 254
Take max_iter as  446
Score of validation 0.7833333333333333
Score of training 0.9875
Score of validation (classical) [0.7333333333333333, 0.8666666666666667, 0.85, 0.5666666666666667]
Score of training (classical) [0.725, 0.8416666666666667, 0.8125, 0.5833333333333334]
Sample 255
Take max_iter as  421
Score of validation 0.7166666666666667
Score of training 0.9958333333333333
Score of validation (classical) [0.7333333333333333, 0.7666666666666667, 0.75, 0.6333333333333333]
Score of training (classical) [0.7333333333333333, 0.8958333333333334, 0.8583333333333333, 0.575]
Sample 256
Take max_iter as  425
Score of validation 0.7666666666666667
Score of training 0.9958333333333333
Score of validation (classical) [0.6833333333333333, 0.8166666666666667, 0.75, 0.5833333333333334]
Score of training (classical) [0.7, 0.8708333333333333, 0.8416666666666667, 0.5791666666666667]
Sample 257
Take max_iter as  424
Score of validation 0.7166666666666667
Score of training 0.9916666666666667
Score of validation (classical) [0.5833333333333334, 0.75, 0.7166666666666667, 0.55]
Score of training (classical) [0.6833333333333333, 0.8208333333333333, 0.8041666666666667, 0.6291666666666667]
Sample 258
Take max_iter as  422
Score of validation 0.75
Score of training 0.9958333333333333
Score of validation (classical) [0.65, 0.7166666666666667, 0.7333333333333333, 0.5166666666666667]
Score of training (classical) [0.7666666666666667, 0.8791666666666667, 0.8416666666666667, 0.5875]
Sample 259
Take max_iter as  461
Score of validation 0.7166666666666667
Score of training 0.9833333333333333
Score of validation (classical) [0.65, 0.7833333333333333, 0.7333333333333333, 0.6166666666666667]
Score of training (classical) [0.7333333333333333, 0.8583333333333333, 0.8291666666666667, 0.525]
Sample 260
Take max_iter as  431
Score of validation 0.75
Score of training 0.9958333333333333
Score of validation (classical) [0.7, 0.8166666666666667, 0.8, 0.6666666666666666]
Score of training (classical) [0.7416666666666667, 0.8791666666666667, 0.8708333333333333, 0.5958333333333333]
Sample 261
Take max_iter as  445
Score of validation 0.65
Score of training 0.9958333333333333
Score of validation (classical) [0.75, 0.8, 0.8, 0.5833333333333334]
Score of training (classical) [0.7625, 0.9041666666666667, 0.9, 0.49166666666666664]
Sample 262
Take max_iter as  444
Score of validation 0.7833333333333333
Score of training 0.9833333333333333
Score of validation (classical) [0.6333333333333333, 0.8, 0.75, 0.5333333333333333]
Score of training (classical) [0.7416666666666667, 0.85, 0.8375, 0.5416666666666666]
Sample 263
Take max_iter as  449
Score of validation 0.7666666666666667
Score of training 0.9958333333333333
Score of validation (classical) [0.7333333333333333, 0.8166666666666667, 0.8166666666666667, 0.6166666666666667]
Score of training (classical) [0.75, 0.8583333333333333, 0.8458333333333333, 0.5708333333333333]
Sample 264
Take max_iter as  432
Score of validation 0.7166666666666667
Score of training 0.9916666666666667
Score of validation (classical) [0.7, 0.7833333333333333, 0.7333333333333333, 0.7166666666666667]
Score of training (classical) [0.7291666666666666, 0.8541666666666666, 0.8333333333333334, 0.6166666666666667]
Sample 265
Take max_iter as  439
Score of validation 0.8
Score of training 0.9916666666666667
Score of validation (classical) [0.7, 0.8333333333333334, 0.7333333333333333, 0.5333333333333333]
Score of training (classical) [0.7166666666666667, 0.9, 0.85, 0.49166666666666664]
Sample 266
Take max_iter as  421
Score of validation 0.8166666666666667
Score of training 0.9958333333333333
Score of validation (classical) [0.6666666666666666, 0.8, 0.7833333333333333, 0.5]
Score of training (classical) [0.725, 0.85, 0.8166666666666667, 0.5875]
Sample 267
Take max_iter as  428
Score of validation 0.7833333333333333
Score of training 1.0
Score of validation (classical) [0.7333333333333333, 0.8333333333333334, 0.8666666666666667, 0.5]
Score of training (classical) [0.8, 0.8791666666666667, 0.8833333333333333, 0.5458333333333333]
Sample 268
Take max_iter as  478
Score of validation 0.75
Score of training 0.9958333333333333
Score of validation (classical) [0.7833333333333333, 0.7666666666666667, 0.75, 0.5666666666666667]
Score of training (classical) [0.7291666666666666, 0.8833333333333333, 0.85, 0.5416666666666666]
Sample 269
Take max_iter as  410
Score of validation 0.7666666666666667
Score of training 0.9958333333333333
Score of validation (classical) [0.7, 0.75, 0.75, 0.45]
Score of training (classical) [0.75, 0.8625, 0.825, 0.5416666666666666]
Sample 270
Take max_iter as  444
Score of validation 0.7
Score of training 0.9958333333333333
Score of validation (classical) [0.65, 0.8166666666666667, 0.7833333333333333, 0.5666666666666667]
Score of training (classical) [0.7416666666666667, 0.8666666666666667, 0.8333333333333334, 0.5583333333333333]
Sample 271
Take max_iter as  422
Score of validation 0.7333333333333333
Score of training 1.0
Score of validation (classical) [0.7, 0.8, 0.75, 0.5333333333333333]
Score of training (classical) [0.7208333333333333, 0.8791666666666667, 0.8541666666666666, 0.5375]
Sample 272
Take max_iter as  447
Score of validation 0.65
Score of training 0.9958333333333333
Score of validation (classical) [0.8, 0.85, 0.8333333333333334, 0.7166666666666667]
Score of training (classical) [0.7208333333333333, 0.85, 0.8375, 0.6083333333333333]
Sample 273
Take max_iter as  408
Score of validation 0.75
Score of training 0.9875
Score of validation (classical) [0.6166666666666667, 0.8166666666666667, 0.7666666666666667, 0.6166666666666667]
Score of training (classical) [0.7291666666666666, 0.8791666666666667, 0.825, 0.5958333333333333]
Sample 274
Take max_iter as  431
Score of validation 0.6833333333333333
Score of training 0.9916666666666667
Score of validation (classical) [0.65, 0.7666666666666667, 0.75, 0.65]
Score of training (classical) [0.7458333333333333, 0.8666666666666667, 0.8541666666666666, 0.6375]
Sample 275
Take max_iter as  458
Score of validation 0.7666666666666667
Score of training 0.9958333333333333
Score of validation (classical) [0.7166666666666667, 0.75, 0.7333333333333333, 0.6166666666666667]
Score of training (classical) [0.7458333333333333, 0.8541666666666666, 0.8375, 0.625]
Sample 276
Take max_iter as  448
Score of validation 0.8
Score of training 0.9875
Score of validation (classical) [0.7, 0.8, 0.75, 0.6]
Score of training (classical) [0.6875, 0.8625, 0.8458333333333333, 0.5916666666666667]
Sample 277
Take max_iter as  439
Score of validation 0.7333333333333333
Score of training 0.9958333333333333
Score of validation (classical) [0.75, 0.85, 0.8333333333333334, 0.55]
Score of training (classical) [0.7166666666666667, 0.8625, 0.8583333333333333, 0.5625]
Sample 278
Take max_iter as  417
Score of validation 0.75
Score of training 0.9916666666666667
Score of validation (classical) [0.7666666666666667, 0.8, 0.8, 0.6166666666666667]
Score of training (classical) [0.7541666666666667, 0.8583333333333333, 0.825, 0.5375]
Sample 279
Take max_iter as  473
Score of validation 0.75
Score of training 1.0
Score of validation (classical) [0.6833333333333333, 0.7833333333333333, 0.7666666666666667, 0.6]
Score of training (classical) [0.725, 0.8708333333333333, 0.8708333333333333, 0.625]
Sample 280
Take max_iter as  457
Score of validation 0.6666666666666666
Score of training 0.9958333333333333
Score of validation (classical) [0.7166666666666667, 0.8, 0.7333333333333333, 0.45]
Score of training (classical) [0.7375, 0.8416666666666667, 0.8041666666666667, 0.5541666666666667]
Sample 281
Take max_iter as  440
Score of validation 0.7166666666666667
Score of training 0.9833333333333333
Score of validation (classical) [0.7166666666666667, 0.8166666666666667, 0.7833333333333333, 0.6]
Score of training (classical) [0.7708333333333334, 0.8708333333333333, 0.8291666666666667, 0.6166666666666667]
Sample 282
Take max_iter as  455
Score of validation 0.6333333333333333
Score of training 0.9958333333333333
Score of validation (classical) [0.55, 0.7, 0.7, 0.5]
Score of training (classical) [0.7583333333333333, 0.8833333333333333, 0.8541666666666666, 0.5666666666666667]
Sample 283
Take max_iter as  446
Score of validation 0.7666666666666667
Score of training 0.9833333333333333
Score of validation (classical) [0.6833333333333333, 0.7833333333333333, 0.7333333333333333, 0.6833333333333333]
Score of training (classical) [0.7541666666666667, 0.8833333333333333, 0.8583333333333333, 0.625]
Sample 284
Take max_iter as  436
Score of validation 0.7166666666666667
Score of training 0.9875
Score of validation (classical) [0.8333333333333334, 0.8833333333333333, 0.8833333333333333, 0.5833333333333334]
Score of training (classical) [0.7541666666666667, 0.8708333333333333, 0.825, 0.6208333333333333]
Sample 285
Take max_iter as  453
Score of validation 0.6333333333333333
Score of training 0.9916666666666667
Score of validation (classical) [0.7833333333333333, 0.8833333333333333, 0.8666666666666667, 0.7666666666666667]
Score of training (classical) [0.7666666666666667, 0.85, 0.8291666666666667, 0.6208333333333333]
Sample 286
Take max_iter as  438
Score of validation 0.7333333333333333
Score of training 0.9875
Score of validation (classical) [0.7166666666666667, 0.8166666666666667, 0.8, 0.5]
Score of training (classical) [0.7208333333333333, 0.8666666666666667, 0.8541666666666666, 0.525]
Sample 287
Take max_iter as  411
Score of validation 0.65
Score of training 0.9916666666666667
Score of validation (classical) [0.75, 0.8, 0.8333333333333334, 0.6333333333333333]
Score of training (classical) [0.75, 0.8541666666666666, 0.8416666666666667, 0.6291666666666667]
Sample 288
Take max_iter as  439
Score of validation 0.7166666666666667
Score of training 0.9916666666666667
Score of validation (classical) [0.7666666666666667, 0.8166666666666667, 0.8, 0.6166666666666667]
Score of training (classical) [0.7333333333333333, 0.8541666666666666, 0.8291666666666667, 0.6]
Sample 289
Take max_iter as  418
Score of validation 0.7833333333333333
Score of training 0.9875
Score of validation (classical) [0.75, 0.8166666666666667, 0.8, 0.5833333333333334]
Score of training (classical) [0.7166666666666667, 0.8166666666666667, 0.8125, 0.55]
Sample 290
Take max_iter as  448
Score of validation 0.6
Score of training 0.9916666666666667
Score of validation (classical) [0.6333333333333333, 0.7333333333333333, 0.7333333333333333, 0.6]
Score of training (classical) [0.7375, 0.8458333333333333, 0.8083333333333333, 0.6958333333333333]
Sample 291
Take max_iter as  426
Score of validation 0.6833333333333333
Score of training 1.0
Score of validation (classical) [0.7166666666666667, 0.7666666666666667, 0.7666666666666667, 0.5666666666666667]
Score of training (classical) [0.7333333333333333, 0.8625, 0.8458333333333333, 0.5916666666666667]
Sample 292
Take max_iter as  399
Score of validation 0.7166666666666667
Score of training 1.0
Score of validation (classical) [0.7166666666666667, 0.85, 0.8, 0.6166666666666667]
Score of training (classical) [0.75, 0.8458333333333333, 0.825, 0.6458333333333334]
Sample 293
Take max_iter as  426
Score of validation 0.8166666666666667
Score of training 1.0
Score of validation (classical) [0.75, 0.8, 0.7666666666666667, 0.5833333333333334]
Score of training (classical) [0.7458333333333333, 0.8708333333333333, 0.8416666666666667, 0.49166666666666664]
Sample 294
Take max_iter as  434
Score of validation 0.7666666666666667
Score of training 0.9916666666666667
Score of validation (classical) [0.6666666666666666, 0.7666666666666667, 0.7333333333333333, 0.5666666666666667]
Score of training (classical) [0.7791666666666667, 0.8625, 0.8375, 0.6291666666666667]
Sample 295
Take max_iter as  439
Score of validation 0.75
Score of training 0.9833333333333333
Score of validation (classical) [0.6666666666666666, 0.7666666666666667, 0.85, 0.6666666666666666]
Score of training (classical) [0.6916666666666667, 0.8791666666666667, 0.8708333333333333, 0.6083333333333333]
Sample 296
Take max_iter as  478
Score of validation 0.7166666666666667
Score of training 0.9958333333333333
Score of validation (classical) [0.7166666666666667, 0.8, 0.7833333333333333, 0.6333333333333333]
Score of training (classical) [0.7958333333333333, 0.8833333333333333, 0.8708333333333333, 0.6166666666666667]
Sample 297
Take max_iter as  442
Score of validation 0.6666666666666666
Score of training 0.9958333333333333
Score of validation (classical) [0.7833333333333333, 0.8333333333333334, 0.8166666666666667, 0.6]
Score of training (classical) [0.7708333333333334, 0.8625, 0.8416666666666667, 0.5708333333333333]
Sample 298
Take max_iter as  439
Score of validation 0.7666666666666667
Score of training 1.0
Score of validation (classical) [0.7166666666666667, 0.8333333333333334, 0.7833333333333333, 0.5666666666666667]
Score of training (classical) [0.7125, 0.8916666666666667, 0.875, 0.49166666666666664]
Sample 299
Take max_iter as  424
Score of validation 0.8333333333333334
Score of training 0.9833333333333333
Score of validation (classical) [0.7333333333333333, 0.7833333333333333, 0.8, 0.6]
Score of training (classical) [0.7166666666666667, 0.8541666666666666, 0.8291666666666667, 0.6041666666666666]
