noise_test 12
8 circular 1 12
Attempt  0
Score of validation 0.5258964143426295
Score of training 1.0
Score of validation (classical) [0.7091633466135459, 0.6852589641434262, 0.6892430278884463, 0.6812749003984063]
Score of training (classical) [0.7242757242757243, 0.7472527472527473, 0.7682317682317682, 0.6113886113886113]
Attempt  1
Score of validation 0.4820717131474104
Score of training 1.0
Score of validation (classical) [0.6852589641434262, 0.6733067729083665, 0.6932270916334662, 0.649402390438247]
Score of training (classical) [0.7172827172827173, 0.7512487512487512, 0.7482517482517482, 0.6153846153846154]
Attempt  2
Score of validation 0.549800796812749
Score of training 1.0
Score of validation (classical) [0.7290836653386454, 0.7211155378486056, 0.7131474103585658, 0.6812749003984063]
Score of training (classical) [0.7062937062937062, 0.7552447552447552, 0.7672327672327672, 0.6003996003996004]
Attempt  3
Score of validation 0.5657370517928287
Score of training 1.0
Score of validation (classical) [0.6852589641434262, 0.6812749003984063, 0.6733067729083665, 0.6653386454183267]
Score of training (classical) [0.7262737262737263, 0.7492507492507493, 0.7732267732267732, 0.6223776223776224]
Attempt  4
Score of validation 0.5657370517928287
Score of training 1.0
Score of validation (classical) [0.6374501992031872, 0.6135458167330677, 0.649402390438247, 0.6254980079681275]
Score of training (classical) [0.7222777222777222, 0.7632367632367633, 0.7832167832167832, 0.6193806193806194]
Attempt  5
Score of validation 0.5697211155378487
Score of training 1.0
Score of validation (classical) [0.7051792828685259, 0.6932270916334662, 0.6932270916334662, 0.6573705179282868]
Score of training (classical) [0.7072927072927073, 0.7412587412587412, 0.7662337662337663, 0.6093906093906094]
Attempt  6
Score of validation 0.5139442231075697
Score of training 1.0
Score of validation (classical) [0.7131474103585658, 0.6573705179282868, 0.7131474103585658, 0.6932270916334662]
Score of training (classical) [0.7142857142857143, 0.7452547452547452, 0.7612387612387612, 0.6303696303696303]
Attempt  7
Score of validation 0.49800796812749004
Score of training 0.999000999000999
Score of validation (classical) [0.701195219123506, 0.6892430278884463, 0.6733067729083665, 0.6852589641434262]
Score of training (classical) [0.7182817182817183, 0.7372627372627373, 0.7712287712287712, 0.6113886113886113]
Attempt  8
Score of validation 0.5697211155378487
Score of training 1.0
Score of validation (classical) [0.6852589641434262, 0.6733067729083665, 0.6772908366533864, 0.6533864541832669]
Score of training (classical) [0.7182817182817183, 0.7362637362637363, 0.7552447552447552, 0.6193806193806194]
Attempt  9
Score of validation 0.5258964143426295
Score of training 1.0
Score of validation (classical) [0.6812749003984063, 0.6613545816733067, 0.6932270916334662, 0.6613545816733067]
Score of training (classical) [0.7182817182817183, 0.7602397602397603, 0.7652347652347652, 0.6053946053946054]
Attempt  10
Score of validation 0.5179282868525896
Score of training 1.0
Score of validation (classical) [0.7689243027888446, 0.6972111553784861, 0.7649402390438247, 0.7091633466135459]
Score of training (classical) [0.7052947052947053, 0.7332667332667333, 0.7272727272727273, 0.5894105894105894]
Attempt  11
Score of validation 0.5737051792828686
Score of training 0.999000999000999
Score of validation (classical) [0.7250996015936255, 0.6533864541832669, 0.7250996015936255, 0.7051792828685259]
Score of training (classical) [0.7092907092907093, 0.7272727272727273, 0.7482517482517482, 0.6003996003996004]
Attempt  12
Score of validation 0.4860557768924303
Score of training 0.999000999000999
Score of validation (classical) [0.6573705179282868, 0.6374501992031872, 0.6294820717131474, 0.6812749003984063]
Score of training (classical) [0.7342657342657343, 0.7662337662337663, 0.7772227772227772, 0.5924075924075924]
Attempt  13
Score of validation 0.47410358565737054
Score of training 1.0
Score of validation (classical) [0.7290836653386454, 0.6733067729083665, 0.6932270916334662, 0.6613545816733067]
Score of training (classical) [0.7192807192807192, 0.7602397602397603, 0.7632367632367633, 0.5874125874125874]
Attempt  14
Score of validation 0.5537848605577689
Score of training 1.0
Score of validation (classical) [0.6972111553784861, 0.6772908366533864, 0.7051792828685259, 0.6852589641434262]
Score of training (classical) [0.7082917082917083, 0.7312687312687313, 0.7542457542457542, 0.6243756243756243]
Attempt  15
Score of validation 0.49800796812749004
Score of training 1.0
Score of validation (classical) [0.6733067729083665, 0.6613545816733067, 0.7051792828685259, 0.6573705179282868]
Score of training (classical) [0.7182817182817183, 0.7462537462537463, 0.7452547452547452, 0.5964035964035964]
Attempt  16
Score of validation 0.4900398406374502
Score of training 1.0
Score of validation (classical) [0.7529880478087649, 0.6892430278884463, 0.7370517928286853, 0.6733067729083665]
Score of training (classical) [0.7082917082917083, 0.7432567432567433, 0.7582417582417582, 0.5974025974025974]
Attempt  17
Score of validation 0.5378486055776892
Score of training 0.999000999000999
Score of validation (classical) [0.7091633466135459, 0.6972111553784861, 0.7051792828685259, 0.6733067729083665]
Score of training (classical) [0.7172827172827173, 0.7432567432567433, 0.7632367632367633, 0.6263736263736264]
Attempt  18
Score of validation 0.5338645418326693
Score of training 1.0
Score of validation (classical) [0.7131474103585658, 0.7250996015936255, 0.7250996015936255, 0.6613545816733067]
Score of training (classical) [0.7072927072927073, 0.7522477522477522, 0.7682317682317682, 0.5974025974025974]
Attempt  19
Score of validation 0.5577689243027888
Score of training 1.0
Score of validation (classical) [0.6733067729083665, 0.6772908366533864, 0.6932270916334662, 0.6414342629482072]
Score of training (classical) [0.7232767232767233, 0.7542457542457542, 0.7752247752247752, 0.6413586413586414]
Attempt  20
Score of validation 0.5139442231075697
Score of training 1.0
Score of validation (classical) [0.7290836653386454, 0.6454183266932271, 0.6932270916334662, 0.6972111553784861]
Score of training (classical) [0.7192807192807192, 0.7392607392607392, 0.7512487512487512, 0.6233766233766234]
Attempt  21
Score of validation 0.4820717131474104
Score of training 0.998001998001998
Score of validation (classical) [0.701195219123506, 0.6812749003984063, 0.701195219123506, 0.6892430278884463]
Score of training (classical) [0.7152847152847153, 0.7492507492507493, 0.7482517482517482, 0.5994005994005994]
Attempt  22
Score of validation 0.5338645418326693
Score of training 0.999000999000999
Score of validation (classical) [0.7051792828685259, 0.6932270916334662, 0.6972111553784861, 0.6693227091633466]
Score of training (classical) [0.7202797202797203, 0.7362637362637363, 0.7522477522477522, 0.6123876123876124]
Attempt  23
Score of validation 0.5537848605577689
Score of training 1.0
Score of validation (classical) [0.6733067729083665, 0.6653386454183267, 0.6693227091633466, 0.6414342629482072]
Score of training (classical) [0.7152847152847153, 0.7592407592407593, 0.7612387612387612, 0.6003996003996004]
Attempt  24
Score of validation 0.47808764940239046
Score of training 1.0
Score of validation (classical) [0.701195219123506, 0.6932270916334662, 0.7051792828685259, 0.6533864541832669]
Score of training (classical) [0.7172827172827173, 0.7492507492507493, 0.7542457542457542, 0.5884115884115884]
Attempt  25
Score of validation 0.5537848605577689
Score of training 1.0
Score of validation (classical) [0.6972111553784861, 0.649402390438247, 0.701195219123506, 0.6613545816733067]
Score of training (classical) [0.7112887112887113, 0.7362637362637363, 0.7532467532467533, 0.6213786213786214]
Attempt  26
Score of validation 0.545816733067729
Score of training 1.0
Score of validation (classical) [0.6414342629482072, 0.6294820717131474, 0.6294820717131474, 0.6812749003984063]
Score of training (classical) [0.7252747252747253, 0.7602397602397603, 0.7782217782217782, 0.6103896103896104]
Attempt  27
Score of validation 0.46215139442231074
Score of training 1.0
Score of validation (classical) [0.7051792828685259, 0.6693227091633466, 0.6892430278884463, 0.6533864541832669]
Score of training (classical) [0.7162837162837162, 0.7372627372627373, 0.7652347652347652, 0.5964035964035964]
Attempt  28
Score of validation 0.46613545816733065
Score of training 1.0
Score of validation (classical) [0.7290836653386454, 0.7051792828685259, 0.7171314741035857, 0.6215139442231076]
Score of training (classical) [0.7222777222777222, 0.7462537462537463, 0.7632367632367633, 0.5984015984015985]
Attempt  29
Score of validation 0.5139442231075697
Score of training 1.0
Score of validation (classical) [0.701195219123506, 0.6772908366533864, 0.6932270916334662, 0.6733067729083665]
Score of training (classical) [0.7162837162837162, 0.7652347652347652, 0.7682317682317682, 0.6123876123876124]
Attempt  30
Score of validation 0.5219123505976095
Score of training 1.0
Score of validation (classical) [0.6892430278884463, 0.6733067729083665, 0.6733067729083665, 0.6653386454183267]
Score of training (classical) [0.7062937062937062, 0.7432567432567433, 0.7572427572427572, 0.6033966033966034]
Attempt  31
Score of validation 0.5378486055776892
Score of training 1.0
Score of validation (classical) [0.7051792828685259, 0.6932270916334662, 0.6733067729083665, 0.6852589641434262]
Score of training (classical) [0.7222777222777222, 0.7432567432567433, 0.7692307692307693, 0.5994005994005994]
Attempt  32
Score of validation 0.4900398406374502
Score of training 1.0
Score of validation (classical) [0.6932270916334662, 0.6852589641434262, 0.7051792828685259, 0.649402390438247]
Score of training (classical) [0.7152847152847153, 0.7392607392607392, 0.7562437562437563, 0.5954045954045954]
Attempt  33
Score of validation 0.44621513944223107
Score of training 0.998001998001998
Score of validation (classical) [0.6852589641434262, 0.6533864541832669, 0.7290836653386454, 0.6892430278884463]
Score of training (classical) [0.7052947052947053, 0.7472527472527473, 0.7452547452547452, 0.5994005994005994]
Attempt  34
Score of validation 0.5139442231075697
Score of training 1.0
Score of validation (classical) [0.6812749003984063, 0.6454183266932271, 0.6653386454183267, 0.6772908366533864]
Score of training (classical) [0.7162837162837162, 0.7512487512487512, 0.7642357642357642, 0.5904095904095904]
Attempt  35
Score of validation 0.5338645418326693
Score of training 1.0
Score of validation (classical) [0.701195219123506, 0.6733067729083665, 0.6972111553784861, 0.6812749003984063]
Score of training (classical) [0.7162837162837162, 0.7502497502497503, 0.7672327672327672, 0.6253746253746254]
Attempt  36
Score of validation 0.5219123505976095
Score of training 0.999000999000999
Score of validation (classical) [0.7091633466135459, 0.6653386454183267, 0.7171314741035857, 0.6733067729083665]
Score of training (classical) [0.7092907092907093, 0.7282717282717283, 0.7452547452547452, 0.6073926073926074]
Attempt  37
Score of validation 0.545816733067729
Score of training 1.0
Score of validation (classical) [0.6812749003984063, 0.6294820717131474, 0.6812749003984063, 0.6812749003984063]
Score of training (classical) [0.7212787212787213, 0.7532467532467533, 0.7572427572427572, 0.6403596403596403]
Attempt  38
Score of validation 0.46613545816733065
Score of training 1.0
Score of validation (classical) [0.7131474103585658, 0.7250996015936255, 0.6972111553784861, 0.6972111553784861]
Score of training (classical) [0.7052947052947053, 0.7412587412587412, 0.7432567432567433, 0.5894105894105894]
Attempt  39
Score of validation 0.545816733067729
Score of training 1.0
Score of validation (classical) [0.7290836653386454, 0.7051792828685259, 0.7370517928286853, 0.6653386454183267]
Score of training (classical) [0.7102897102897103, 0.7352647352647352, 0.7482517482517482, 0.6043956043956044]
Attempt  40
Score of validation 0.5099601593625498
Score of training 1.0
Score of validation (classical) [0.7171314741035857, 0.7171314741035857, 0.6932270916334662, 0.6932270916334662]
Score of training (classical) [0.7182817182817183, 0.7552447552447552, 0.7552447552447552, 0.6123876123876124]
Attempt  41
Score of validation 0.4820717131474104
Score of training 1.0
Score of validation (classical) [0.6892430278884463, 0.6334661354581673, 0.6653386454183267, 0.6693227091633466]
Score of training (classical) [0.7172827172827173, 0.7492507492507493, 0.7632367632367633, 0.5964035964035964]
Attempt  42
Score of validation 0.5179282868525896
Score of training 0.998001998001998
Score of validation (classical) [0.7250996015936255, 0.7290836653386454, 0.7290836653386454, 0.6972111553784861]
Score of training (classical) [0.7112887112887113, 0.7302697302697303, 0.7492507492507493, 0.6023976023976024]
Attempt  43
Score of validation 0.5697211155378487
Score of training 1.0
Score of validation (classical) [0.7211155378486056, 0.7211155378486056, 0.7330677290836654, 0.6812749003984063]
Score of training (classical) [0.7042957042957043, 0.7292707292707292, 0.7412587412587412, 0.5974025974025974]
Attempt  44
Score of validation 0.5737051792828686
Score of training 1.0
Score of validation (classical) [0.7091633466135459, 0.6772908366533864, 0.6733067729083665, 0.701195219123506]
Score of training (classical) [0.7232767232767233, 0.7522477522477522, 0.7592407592407593, 0.6133866133866134]
Attempt  45
Score of validation 0.5418326693227091
Score of training 1.0
Score of validation (classical) [0.7051792828685259, 0.6533864541832669, 0.7051792828685259, 0.7051792828685259]
Score of training (classical) [0.7122877122877123, 0.7382617382617382, 0.7552447552447552, 0.6063936063936064]
Attempt  46
Score of validation 0.50199203187251
Score of training 1.0
Score of validation (classical) [0.7410358565737052, 0.6772908366533864, 0.7171314741035857, 0.6812749003984063]
Score of training (classical) [0.7072927072927073, 0.7462537462537463, 0.7742257742257742, 0.6093906093906094]
Attempt  47
Score of validation 0.44223107569721115
Score of training 0.999000999000999
Score of validation (classical) [0.6972111553784861, 0.6653386454183267, 0.6812749003984063, 0.6772908366533864]
Score of training (classical) [0.7092907092907093, 0.7502497502497503, 0.7672327672327672, 0.6193806193806194]
Attempt  48
Score of validation 0.5298804780876494
Score of training 1.0
Score of validation (classical) [0.6972111553784861, 0.6892430278884463, 0.6852589641434262, 0.6772908366533864]
Score of training (classical) [0.7232767232767233, 0.7532467532467533, 0.7732267732267732, 0.6153846153846154]
Attempt  49
Score of validation 0.5139442231075697
Score of training 1.0
Score of validation (classical) [0.7131474103585658, 0.701195219123506, 0.6852589641434262, 0.6693227091633466]
Score of training (classical) [0.7162837162837162, 0.7412587412587412, 0.7622377622377622, 0.6003996003996004]
Attempt  50
Score of validation 0.5099601593625498
Score of training 0.999000999000999
Score of validation (classical) [0.7211155378486056, 0.7171314741035857, 0.6972111553784861, 0.6772908366533864]
Score of training (classical) [0.7142857142857143, 0.7362637362637363, 0.7562437562437563, 0.5984015984015985]
Attempt  51
Score of validation 0.5378486055776892
Score of training 0.999000999000999
Score of validation (classical) [0.7290836653386454, 0.6852589641434262, 0.7051792828685259, 0.6892430278884463]
Score of training (classical) [0.7172827172827173, 0.7462537462537463, 0.7652347652347652, 0.6163836163836164]
Attempt  52
Score of validation 0.5418326693227091
Score of training 1.0
Score of validation (classical) [0.7091633466135459, 0.7211155378486056, 0.6972111553784861, 0.6733067729083665]
Score of training (classical) [0.7182817182817183, 0.7412587412587412, 0.7632367632367633, 0.6333666333666333]
Attempt  53
Score of validation 0.5816733067729084
Score of training 1.0
Score of validation (classical) [0.7131474103585658, 0.701195219123506, 0.7171314741035857, 0.6254980079681275]
Score of training (classical) [0.7142857142857143, 0.7462537462537463, 0.7692307692307693, 0.5764235764235764]
Attempt  54
Score of validation 0.5737051792828686
Score of training 1.0
Score of validation (classical) [0.7091633466135459, 0.6533864541832669, 0.6653386454183267, 0.6533864541832669]
Score of training (classical) [0.7162837162837162, 0.7592407592407593, 0.7662337662337663, 0.6063936063936064]
Attempt  55
Score of validation 0.5139442231075697
Score of training 0.999000999000999
Score of validation (classical) [0.7290836653386454, 0.7171314741035857, 0.7290836653386454, 0.6892430278884463]
Score of training (classical) [0.7082917082917083, 0.7392607392607392, 0.7442557442557443, 0.6093906093906094]
Attempt  56
Score of validation 0.50199203187251
Score of training 1.0
Score of validation (classical) [0.6972111553784861, 0.6653386454183267, 0.701195219123506, 0.6812749003984063]
Score of training (classical) [0.7132867132867133, 0.7552447552447552, 0.7562437562437563, 0.6163836163836164]
Attempt  57
Score of validation 0.4940239043824701
Score of training 0.999000999000999
Score of validation (classical) [0.7171314741035857, 0.6693227091633466, 0.6932270916334662, 0.7051792828685259]
Score of training (classical) [0.7062937062937062, 0.7542457542457542, 0.7512487512487512, 0.6133866133866134]
Attempt  58
Score of validation 0.5537848605577689
Score of training 0.998001998001998
Score of validation (classical) [0.701195219123506, 0.6653386454183267, 0.6812749003984063, 0.6972111553784861]
Score of training (classical) [0.7132867132867133, 0.7522477522477522, 0.7592407592407593, 0.6033966033966034]
Attempt  59
Score of validation 0.5657370517928287
Score of training 0.999000999000999
Score of validation (classical) [0.6892430278884463, 0.6254980079681275, 0.7091633466135459, 0.7290836653386454]
Score of training (classical) [0.7172827172827173, 0.7512487512487512, 0.7782217782217782, 0.5934065934065934]
Attempt  60
Score of validation 0.4820717131474104
Score of training 1.0
Score of validation (classical) [0.6972111553784861, 0.7051792828685259, 0.7091633466135459, 0.6414342629482072]
Score of training (classical) [0.7132867132867133, 0.7462537462537463, 0.7592407592407593, 0.6123876123876124]
Attempt  61
Score of validation 0.5139442231075697
Score of training 1.0
Score of validation (classical) [0.6653386454183267, 0.6613545816733067, 0.6573705179282868, 0.649402390438247]
Score of training (classical) [0.7212787212787213, 0.7512487512487512, 0.7742257742257742, 0.6263736263736264]
Attempt  62
Score of validation 0.5657370517928287
Score of training 1.0
Score of validation (classical) [0.7091633466135459, 0.649402390438247, 0.7051792828685259, 0.6613545816733067]
Score of training (classical) [0.7102897102897103, 0.7472527472527473, 0.7632367632367633, 0.6003996003996004]
Attempt  63
Score of validation 0.5219123505976095
Score of training 1.0
Score of validation (classical) [0.7370517928286853, 0.7051792828685259, 0.7370517928286853, 0.6932270916334662]
Score of training (classical) [0.7232767232767233, 0.7312687312687313, 0.7532467532467533, 0.6213786213786214]
Attempt  64
Score of validation 0.545816733067729
Score of training 1.0
Score of validation (classical) [0.7051792828685259, 0.6693227091633466, 0.701195219123506, 0.6374501992031872]
Score of training (classical) [0.7212787212787213, 0.7422577422577422, 0.7612387612387612, 0.5994005994005994]
Attempt  65
Score of validation 0.5099601593625498
Score of training 1.0
Score of validation (classical) [0.7410358565737052, 0.7131474103585658, 0.7609561752988048, 0.6653386454183267]
Score of training (classical) [0.7062937062937062, 0.7392607392607392, 0.7462537462537463, 0.5964035964035964]
Attempt  66
Score of validation 0.5059760956175299
Score of training 1.0
Score of validation (classical) [0.7091633466135459, 0.7051792828685259, 0.7051792828685259, 0.7091633466135459]
Score of training (classical) [0.7112887112887113, 0.7452547452547452, 0.7522477522477522, 0.5844155844155844]
Attempt  67
Score of validation 0.49800796812749004
Score of training 0.999000999000999
Score of validation (classical) [0.6972111553784861, 0.6852589641434262, 0.6932270916334662, 0.6334661354581673]
Score of training (classical) [0.7222777222777222, 0.7442557442557443, 0.7562437562437563, 0.6203796203796204]
Attempt  68
Score of validation 0.4860557768924303
Score of training 1.0
Score of validation (classical) [0.7410358565737052, 0.6812749003984063, 0.7330677290836654, 0.6812749003984063]
Score of training (classical) [0.7012987012987013, 0.7252747252747253, 0.7362637362637363, 0.5984015984015985]
Attempt  69
Score of validation 0.5298804780876494
Score of training 1.0
Score of validation (classical) [0.7290836653386454, 0.7171314741035857, 0.7330677290836654, 0.7171314741035857]
Score of training (classical) [0.7142857142857143, 0.7472527472527473, 0.7552447552447552, 0.6113886113886113]
Attempt  70
Score of validation 0.50199203187251
Score of training 1.0
Score of validation (classical) [0.6892430278884463, 0.7211155378486056, 0.7250996015936255, 0.6812749003984063]
Score of training (classical) [0.7072927072927073, 0.7272727272727273, 0.7602397602397603, 0.6133866133866134]
Attempt  71
Score of validation 0.5179282868525896
Score of training 1.0
Score of validation (classical) [0.7091633466135459, 0.6653386454183267, 0.6972111553784861, 0.6772908366533864]
Score of training (classical) [0.7132867132867133, 0.7482517482517482, 0.7612387612387612, 0.5984015984015985]
Attempt  72
Score of validation 0.47410358565737054
Score of training 0.999000999000999
Score of validation (classical) [0.6892430278884463, 0.6932270916334662, 0.6932270916334662, 0.649402390438247]
Score of training (classical) [0.7182817182817183, 0.7372627372627373, 0.7582417582417582, 0.6083916083916084]
Attempt  73
Score of validation 0.5059760956175299
Score of training 1.0
Score of validation (classical) [0.7051792828685259, 0.649402390438247, 0.7091633466135459, 0.6414342629482072]
Score of training (classical) [0.7092907092907093, 0.7482517482517482, 0.7672327672327672, 0.6153846153846154]
Attempt  74
Score of validation 0.47808764940239046
Score of training 1.0
Score of validation (classical) [0.7131474103585658, 0.6812749003984063, 0.7051792828685259, 0.6972111553784861]
Score of training (classical) [0.7102897102897103, 0.7452547452547452, 0.7582417582417582, 0.6313686313686314]
Attempt  75
Score of validation 0.545816733067729
Score of training 1.0
Score of validation (classical) [0.6932270916334662, 0.6972111553784861, 0.701195219123506, 0.6812749003984063]
Score of training (classical) [0.7102897102897103, 0.7302697302697303, 0.7592407592407593, 0.5944055944055944]
Attempt  76
Score of validation 0.47808764940239046
Score of training 1.0
Score of validation (classical) [0.7091633466135459, 0.6812749003984063, 0.7051792828685259, 0.6533864541832669]
Score of training (classical) [0.7062937062937062, 0.7442557442557443, 0.7452547452547452, 0.5924075924075924]
Attempt  77
Score of validation 0.4860557768924303
Score of training 1.0
Score of validation (classical) [0.7131474103585658, 0.6772908366533864, 0.7131474103585658, 0.6972111553784861]
Score of training (classical) [0.7102897102897103, 0.7412587412587412, 0.7632367632367633, 0.5994005994005994]
Attempt  78
Score of validation 0.47808764940239046
Score of training 1.0
Score of validation (classical) [0.7729083665338645, 0.6852589641434262, 0.7529880478087649, 0.7131474103585658]
Score of training (classical) [0.6963036963036963, 0.7172827172827173, 0.7572427572427572, 0.6023976023976024]
Attempt  79
Score of validation 0.5059760956175299
Score of training 1.0
Score of validation (classical) [0.6812749003984063, 0.6693227091633466, 0.6772908366533864, 0.6454183266932271]
Score of training (classical) [0.7152847152847153, 0.7412587412587412, 0.7682317682317682, 0.6223776223776224]
Attempt  80
Score of validation 0.50199203187251
Score of training 0.999000999000999
Score of validation (classical) [0.6932270916334662, 0.649402390438247, 0.6772908366533864, 0.6653386454183267]
Score of training (classical) [0.7112887112887113, 0.7382617382617382, 0.7682317682317682, 0.6313686313686314]
Attempt  81
Score of validation 0.5577689243027888
Score of training 1.0
Score of validation (classical) [0.6892430278884463, 0.7330677290836654, 0.7171314741035857, 0.6573705179282868]
Score of training (classical) [0.7132867132867133, 0.7542457542457542, 0.7552447552447552, 0.5904095904095904]
Attempt  82
Score of validation 0.4860557768924303
Score of training 1.0
Score of validation (classical) [0.7649402390438247, 0.7091633466135459, 0.7450199203187251, 0.7091633466135459]
Score of training (classical) [0.7072927072927073, 0.7352647352647352, 0.7532467532467533, 0.6093906093906094]
Attempt  83
Score of validation 0.4900398406374502
Score of training 0.999000999000999
Score of validation (classical) [0.649402390438247, 0.6334661354581673, 0.6573705179282868, 0.6055776892430279]
Score of training (classical) [0.7232767232767233, 0.7592407592407593, 0.7742257742257742, 0.6393606393606394]
Attempt  84
Score of validation 0.4820717131474104
Score of training 1.0
Score of validation (classical) [0.6932270916334662, 0.6573705179282868, 0.6733067729083665, 0.6693227091633466]
Score of training (classical) [0.7132867132867133, 0.7492507492507493, 0.7582417582417582, 0.6123876123876124]
Attempt  85
Score of validation 0.46613545816733065
Score of training 0.999000999000999
Score of validation (classical) [0.7410358565737052, 0.7091633466135459, 0.749003984063745, 0.6972111553784861]
Score of training (classical) [0.7062937062937062, 0.7162837162837162, 0.7482517482517482, 0.5964035964035964]
Attempt  86
Score of validation 0.5139442231075697
Score of training 1.0
Score of validation (classical) [0.7370517928286853, 0.7290836653386454, 0.7569721115537849, 0.6733067729083665]
Score of training (classical) [0.7032967032967034, 0.7402597402597403, 0.7692307692307693, 0.6023976023976024]
Attempt  87
Score of validation 0.5179282868525896
Score of training 1.0
Score of validation (classical) [0.6932270916334662, 0.649402390438247, 0.6852589641434262, 0.6454183266932271]
Score of training (classical) [0.7142857142857143, 0.7592407592407593, 0.7662337662337663, 0.5914085914085914]
Attempt  88
Score of validation 0.5776892430278885
Score of training 1.0
Score of validation (classical) [0.6972111553784861, 0.6414342629482072, 0.6812749003984063, 0.7290836653386454]
Score of training (classical) [0.7172827172827173, 0.7492507492507493, 0.7692307692307693, 0.6163836163836164]
Attempt  89
Score of validation 0.4900398406374502
Score of training 0.999000999000999
Score of validation (classical) [0.7131474103585658, 0.6653386454183267, 0.701195219123506, 0.6892430278884463]
Score of training (classical) [0.7122877122877123, 0.7312687312687313, 0.7712287712287712, 0.6183816183816184]
Attempt  90
Score of validation 0.46215139442231074
Score of training 0.998001998001998
Score of validation (classical) [0.7171314741035857, 0.6812749003984063, 0.7051792828685259, 0.7091633466135459]
Score of training (classical) [0.7112887112887113, 0.7362637362637363, 0.7672327672327672, 0.6173826173826173]
Attempt  91
Score of validation 0.4820717131474104
Score of training 0.999000999000999
Score of validation (classical) [0.6812749003984063, 0.6693227091633466, 0.6772908366533864, 0.6573705179282868]
Score of training (classical) [0.7202797202797203, 0.7482517482517482, 0.7672327672327672, 0.6133866133866134]
Attempt  92
Score of validation 0.5298804780876494
Score of training 1.0
Score of validation (classical) [0.6972111553784861, 0.6613545816733067, 0.701195219123506, 0.6414342629482072]
Score of training (classical) [0.7082917082917083, 0.7442557442557443, 0.7692307692307693, 0.6143856143856143]
Attempt  93
Score of validation 0.5258964143426295
Score of training 1.0
Score of validation (classical) [0.6374501992031872, 0.6374501992031872, 0.6374501992031872, 0.6175298804780877]
Score of training (classical) [0.7312687312687313, 0.7502497502497503, 0.7782217782217782, 0.6223776223776224]
Attempt  94
Score of validation 0.5258964143426295
Score of training 1.0
Score of validation (classical) [0.6772908366533864, 0.6573705179282868, 0.6733067729083665, 0.6613545816733067]
Score of training (classical) [0.7152847152847153, 0.7442557442557443, 0.7562437562437563, 0.6273726273726273]
Attempt  95
Score of validation 0.5139442231075697
Score of training 1.0
Score of validation (classical) [0.701195219123506, 0.6812749003984063, 0.6852589641434262, 0.6613545816733067]
Score of training (classical) [0.7192807192807192, 0.7542457542457542, 0.7652347652347652, 0.5864135864135864]
Attempt  96
Score of validation 0.4541832669322709
Score of training 0.998001998001998
Score of validation (classical) [0.7689243027888446, 0.7529880478087649, 0.7370517928286853, 0.7091633466135459]
Score of training (classical) [0.6993006993006993, 0.7172827172827173, 0.7322677322677322, 0.5894105894105894]
Attempt  97
Score of validation 0.5099601593625498
Score of training 0.999000999000999
Score of validation (classical) [0.7330677290836654, 0.6972111553784861, 0.7091633466135459, 0.6932270916334662]
Score of training (classical) [0.7172827172827173, 0.7492507492507493, 0.7482517482517482, 0.5944055944055944]
Attempt  98
Score of validation 0.47410358565737054
Score of training 1.0
Score of validation (classical) [0.7370517928286853, 0.6972111553784861, 0.7250996015936255, 0.7091633466135459]
Score of training (classical) [0.7062937062937062, 0.7222777222777222, 0.7382617382617382, 0.5964035964035964]
Attempt  99
Score of validation 0.47808764940239046
Score of training 1.0
Score of validation (classical) [0.6932270916334662, 0.6812749003984063, 0.7051792828685259, 0.649402390438247]
Score of training (classical) [0.7052947052947053, 0.7402597402597403, 0.7562437562437563, 0.5754245754245755]
Attempt  100
Score of validation 0.5338645418326693
Score of training 1.0
Score of validation (classical) [0.7211155378486056, 0.7171314741035857, 0.7370517928286853, 0.6693227091633466]
Score of training (classical) [0.7082917082917083, 0.7282717282717283, 0.7472527472527473, 0.6103896103896104]
Attempt  101
Score of validation 0.49800796812749004
Score of training 1.0
Score of validation (classical) [0.701195219123506, 0.6852589641434262, 0.7131474103585658, 0.6454183266932271]
Score of training (classical) [0.7122877122877123, 0.7482517482517482, 0.7662337662337663, 0.6053946053946054]
Attempt  102
Score of validation 0.5099601593625498
Score of training 0.998001998001998
Score of validation (classical) [0.7171314741035857, 0.7051792828685259, 0.7330677290836654, 0.6533864541832669]
Score of training (classical) [0.7082917082917083, 0.7272727272727273, 0.7672327672327672, 0.5984015984015985]
Attempt  103
Score of validation 0.5697211155378487
Score of training 1.0
Score of validation (classical) [0.7051792828685259, 0.6972111553784861, 0.6932270916334662, 0.7171314741035857]
Score of training (classical) [0.7122877122877123, 0.7402597402597403, 0.7552447552447552, 0.6003996003996004]
Attempt  104
Score of validation 0.4940239043824701
Score of training 1.0
Score of validation (classical) [0.6653386454183267, 0.6693227091633466, 0.6653386454183267, 0.6533864541832669]
Score of training (classical) [0.7232767232767233, 0.7522477522477522, 0.7682317682317682, 0.6363636363636364]
Attempt  105
Score of validation 0.50199203187251
Score of training 1.0
Score of validation (classical) [0.7211155378486056, 0.6852589641434262, 0.7330677290836654, 0.6573705179282868]
Score of training (classical) [0.7022977022977023, 0.7392607392607392, 0.7532467532467533, 0.6083916083916084]
Attempt  106
Score of validation 0.5179282868525896
Score of training 1.0
Score of validation (classical) [0.7091633466135459, 0.6812749003984063, 0.6892430278884463, 0.6573705179282868]
Score of training (classical) [0.7132867132867133, 0.7642357642357642, 0.7642357642357642, 0.6043956043956044]
Attempt  107
Score of validation 0.5298804780876494
Score of training 1.0
Score of validation (classical) [0.7051792828685259, 0.6613545816733067, 0.6812749003984063, 0.6613545816733067]
Score of training (classical) [0.7212787212787213, 0.7332667332667333, 0.7502497502497503, 0.5984015984015985]
Attempt  108
Score of validation 0.5338645418326693
Score of training 1.0
Score of validation (classical) [0.7091633466135459, 0.6573705179282868, 0.7091633466135459, 0.6772908366533864]
Score of training (classical) [0.7132867132867133, 0.7402597402597403, 0.7512487512487512, 0.6023976023976024]
Attempt  109
Score of validation 0.5139442231075697
Score of training 1.0
Score of validation (classical) [0.6533864541832669, 0.6374501992031872, 0.6533864541832669, 0.6175298804780877]
Score of training (classical) [0.7222777222777222, 0.7562437562437563, 0.7742257742257742, 0.5944055944055944]
Attempt  110
Score of validation 0.50199203187251
Score of training 0.999000999000999
Score of validation (classical) [0.7131474103585658, 0.6613545816733067, 0.6812749003984063, 0.6653386454183267]
Score of training (classical) [0.7142857142857143, 0.7482517482517482, 0.7692307692307693, 0.6203796203796204]
Attempt  111
Score of validation 0.5099601593625498
Score of training 0.999000999000999
Score of validation (classical) [0.6892430278884463, 0.6294820717131474, 0.6812749003984063, 0.6573705179282868]
Score of training (classical) [0.7312687312687313, 0.7532467532467533, 0.7512487512487512, 0.6023976023976024]
Attempt  112
Score of validation 0.5059760956175299
Score of training 1.0
Score of validation (classical) [0.6573705179282868, 0.6414342629482072, 0.6613545816733067, 0.6294820717131474]
Score of training (classical) [0.7192807192807192, 0.7542457542457542, 0.7572427572427572, 0.6113886113886113]
Attempt  113
Score of validation 0.5298804780876494
Score of training 1.0
Score of validation (classical) [0.749003984063745, 0.7171314741035857, 0.7370517928286853, 0.7131474103585658]
Score of training (classical) [0.7022977022977023, 0.7322677322677322, 0.7502497502497503, 0.6133866133866134]
Attempt  114
Score of validation 0.4581673306772908
Score of training 1.0
Score of validation (classical) [0.7211155378486056, 0.7131474103585658, 0.6733067729083665, 0.6613545816733067]
Score of training (classical) [0.7132867132867133, 0.7362637362637363, 0.7682317682317682, 0.5964035964035964]
Attempt  115
Score of validation 0.5139442231075697
Score of training 1.0
Score of validation (classical) [0.7091633466135459, 0.6932270916334662, 0.7211155378486056, 0.6254980079681275]
Score of training (classical) [0.7082917082917083, 0.7422577422577422, 0.7432567432567433, 0.6283716283716284]
Attempt  116
Score of validation 0.5139442231075697
Score of training 1.0
Score of validation (classical) [0.6852589641434262, 0.6254980079681275, 0.6533864541832669, 0.6613545816733067]
Score of training (classical) [0.7252747252747253, 0.7412587412587412, 0.7612387612387612, 0.6293706293706294]
Attempt  117
Score of validation 0.5179282868525896
Score of training 1.0
Score of validation (classical) [0.6095617529880478, 0.5936254980079682, 0.5976095617529881, 0.6215139442231076]
Score of training (classical) [0.7332667332667333, 0.7592407592407593, 0.7822177822177823, 0.6403596403596403]
Attempt  118
Score of validation 0.4940239043824701
Score of training 1.0
Score of validation (classical) [0.6454183266932271, 0.6454183266932271, 0.6334661354581673, 0.6135458167330677]
Score of training (classical) [0.7292707292707292, 0.7502497502497503, 0.7682317682317682, 0.6203796203796204]
Attempt  119
Score of validation 0.5258964143426295
Score of training 1.0
Score of validation (classical) [0.7131474103585658, 0.6573705179282868, 0.6932270916334662, 0.6852589641434262]
Score of training (classical) [0.7112887112887113, 0.7352647352647352, 0.7552447552447552, 0.6093906093906094]
Attempt  120
Score of validation 0.5298804780876494
Score of training 1.0
Score of validation (classical) [0.6653386454183267, 0.6414342629482072, 0.649402390438247, 0.6772908366533864]
Score of training (classical) [0.7252747252747253, 0.7602397602397603, 0.7632367632367633, 0.6213786213786214]
Attempt  121
Score of validation 0.545816733067729
Score of training 1.0
Score of validation (classical) [0.6892430278884463, 0.6653386454183267, 0.6772908366533864, 0.6613545816733067]
Score of training (classical) [0.7192807192807192, 0.7352647352647352, 0.7572427572427572, 0.6333666333666333]
Attempt  122
Score of validation 0.5059760956175299
Score of training 1.0
Score of validation (classical) [0.6932270916334662, 0.6414342629482072, 0.6932270916334662, 0.6772908366533864]
Score of training (classical) [0.7192807192807192, 0.7512487512487512, 0.7592407592407593, 0.6123876123876124]
Attempt  123
Score of validation 0.5139442231075697
Score of training 0.999000999000999
Score of validation (classical) [0.7370517928286853, 0.7250996015936255, 0.7211155378486056, 0.7250996015936255]
Score of training (classical) [0.7082917082917083, 0.7342657342657343, 0.7372627372627373, 0.6023976023976024]
Attempt  124
Score of validation 0.46613545816733065
Score of training 1.0
Score of validation (classical) [0.6733067729083665, 0.6533864541832669, 0.6693227091633466, 0.6294820717131474]
Score of training (classical) [0.7222777222777222, 0.7552447552447552, 0.7622377622377622, 0.6343656343656343]
Attempt  125
Score of validation 0.5657370517928287
Score of training 0.999000999000999
Score of validation (classical) [0.6892430278884463, 0.6892430278884463, 0.7091633466135459, 0.6733067729083665]
Score of training (classical) [0.7192807192807192, 0.7462537462537463, 0.7652347652347652, 0.6153846153846154]
Attempt  126
Score of validation 0.5378486055776892
Score of training 0.999000999000999
Score of validation (classical) [0.7131474103585658, 0.7330677290836654, 0.7250996015936255, 0.6852589641434262]
Score of training (classical) [0.7102897102897103, 0.7422577422577422, 0.7432567432567433, 0.5784215784215784]
Attempt  127
Score of validation 0.5139442231075697
Score of training 1.0
Score of validation (classical) [0.701195219123506, 0.6972111553784861, 0.6892430278884463, 0.6454183266932271]
Score of training (classical) [0.7122877122877123, 0.7612387612387612, 0.7602397602397603, 0.6093906093906094]
Attempt  128
Score of validation 0.50199203187251
Score of training 1.0
Score of validation (classical) [0.7410358565737052, 0.7250996015936255, 0.7370517928286853, 0.6733067729083665]
Score of training (classical) [0.7012987012987013, 0.7252747252747253, 0.7342657342657343, 0.6013986013986014]
Attempt  129
Score of validation 0.450199203187251
Score of training 1.0
Score of validation (classical) [0.6892430278884463, 0.649402390438247, 0.6733067729083665, 0.6374501992031872]
Score of training (classical) [0.7172827172827173, 0.7502497502497503, 0.7672327672327672, 0.6083916083916084]
Attempt  130
Score of validation 0.5936254980079682
Score of training 1.0
Score of validation (classical) [0.6573705179282868, 0.6254980079681275, 0.6414342629482072, 0.6533864541832669]
Score of training (classical) [0.7262737262737263, 0.7532467532467533, 0.7802197802197802, 0.6153846153846154]
Attempt  131
Score of validation 0.5298804780876494
Score of training 1.0
Score of validation (classical) [0.7250996015936255, 0.6852589641434262, 0.6892430278884463, 0.701195219123506]
Score of training (classical) [0.7242757242757243, 0.7602397602397603, 0.7782217782217782, 0.6053946053946054]
Attempt  132
Score of validation 0.5378486055776892
Score of training 1.0
Score of validation (classical) [0.749003984063745, 0.7330677290836654, 0.7529880478087649, 0.7091633466135459]
Score of training (classical) [0.7092907092907093, 0.7122877122877123, 0.7442557442557443, 0.5934065934065934]
Attempt  133
Score of validation 0.5338645418326693
Score of training 1.0
Score of validation (classical) [0.6573705179282868, 0.6254980079681275, 0.6334661354581673, 0.649402390438247]
Score of training (classical) [0.7252747252747253, 0.7512487512487512, 0.7792207792207793, 0.6213786213786214]
Attempt  134
Score of validation 0.5219123505976095
Score of training 1.0
Score of validation (classical) [0.6772908366533864, 0.6414342629482072, 0.6772908366533864, 0.6852589641434262]
Score of training (classical) [0.7192807192807192, 0.7422577422577422, 0.7552447552447552, 0.5934065934065934]
Attempt  135
Score of validation 0.5338645418326693
Score of training 1.0
Score of validation (classical) [0.701195219123506, 0.7171314741035857, 0.7131474103585658, 0.6772908366533864]
Score of training (classical) [0.7212787212787213, 0.7372627372627373, 0.7772227772227772, 0.6103896103896104]
Attempt  136
Score of validation 0.50199203187251
Score of training 1.0
Score of validation (classical) [0.6932270916334662, 0.6772908366533864, 0.6972111553784861, 0.6454183266932271]
Score of training (classical) [0.7192807192807192, 0.7322677322677322, 0.7662337662337663, 0.5924075924075924]
Attempt  137
Score of validation 0.5059760956175299
Score of training 1.0
Score of validation (classical) [0.6932270916334662, 0.6613545816733067, 0.6852589641434262, 0.6772908366533864]
Score of training (classical) [0.7202797202797203, 0.7452547452547452, 0.7572427572427572, 0.6063936063936064]
Attempt  138
Score of validation 0.5298804780876494
Score of training 1.0
Score of validation (classical) [0.7370517928286853, 0.6852589641434262, 0.7171314741035857, 0.6892430278884463]
Score of training (classical) [0.7062937062937062, 0.7212787212787213, 0.7392607392607392, 0.6233766233766234]
Attempt  139
Score of validation 0.50199203187251
Score of training 1.0
Score of validation (classical) [0.6972111553784861, 0.6693227091633466, 0.6733067729083665, 0.6294820717131474]
Score of training (classical) [0.7212787212787213, 0.7572427572427572, 0.7692307692307693, 0.6023976023976024]
Attempt  140
Score of validation 0.46215139442231074
Score of training 1.0
Score of validation (classical) [0.7290836653386454, 0.7131474103585658, 0.6972111553784861, 0.6772908366533864]
Score of training (classical) [0.7032967032967034, 0.7292707292707292, 0.7532467532467533, 0.5914085914085914]
Attempt  141
Score of validation 0.545816733067729
Score of training 1.0
Score of validation (classical) [0.749003984063745, 0.649402390438247, 0.7091633466135459, 0.701195219123506]
Score of training (classical) [0.7112887112887113, 0.7462537462537463, 0.7682317682317682, 0.6073926073926074]
Attempt  142
Score of validation 0.50199203187251
Score of training 1.0
Score of validation (classical) [0.7330677290836654, 0.6892430278884463, 0.7051792828685259, 0.6613545816733067]
Score of training (classical) [0.7082917082917083, 0.7312687312687313, 0.7502497502497503, 0.5834165834165834]
Attempt  143
Score of validation 0.5338645418326693
Score of training 1.0
Score of validation (classical) [0.7171314741035857, 0.6852589641434262, 0.701195219123506, 0.6653386454183267]
Score of training (classical) [0.7212787212787213, 0.7552447552447552, 0.7912087912087912, 0.6343656343656343]
Attempt  144
Score of validation 0.5219123505976095
Score of training 1.0
Score of validation (classical) [0.7091633466135459, 0.6334661354581673, 0.7171314741035857, 0.701195219123506]
Score of training (classical) [0.7172827172827173, 0.7452547452547452, 0.7642357642357642, 0.6153846153846154]
Attempt  145
Score of validation 0.5099601593625498
Score of training 0.999000999000999
Score of validation (classical) [0.7091633466135459, 0.6932270916334662, 0.6972111553784861, 0.6772908366533864]
Score of training (classical) [0.7132867132867133, 0.7442557442557443, 0.7532467532467533, 0.5934065934065934]
Attempt  146
Score of validation 0.5139442231075697
Score of training 0.999000999000999
Score of validation (classical) [0.6972111553784861, 0.6772908366533864, 0.6772908366533864, 0.6693227091633466]
Score of training (classical) [0.7202797202797203, 0.7352647352647352, 0.7662337662337663, 0.6053946053946054]
Attempt  147
Score of validation 0.5258964143426295
Score of training 1.0
Score of validation (classical) [0.701195219123506, 0.6693227091633466, 0.6852589641434262, 0.6693227091633466]
Score of training (classical) [0.7112887112887113, 0.7502497502497503, 0.7542457542457542, 0.6203796203796204]
Attempt  148
Score of validation 0.4940239043824701
Score of training 1.0
Score of validation (classical) [0.6932270916334662, 0.649402390438247, 0.6892430278884463, 0.6414342629482072]
Score of training (classical) [0.7092907092907093, 0.7402597402597403, 0.7702297702297702, 0.6203796203796204]
Attempt  149
Score of validation 0.4701195219123506
Score of training 0.998001998001998
Score of validation (classical) [0.7171314741035857, 0.6972111553784861, 0.7091633466135459, 0.6573705179282868]
Score of training (classical) [0.7082917082917083, 0.7462537462537463, 0.7642357642357642, 0.6143856143856143]
Attempt  150
Score of validation 0.4541832669322709
Score of training 1.0
Score of validation (classical) [0.701195219123506, 0.6533864541832669, 0.6733067729083665, 0.6573705179282868]
Score of training (classical) [0.7212787212787213, 0.7552447552447552, 0.7712287712287712, 0.6093906093906094]
Attempt  151
Score of validation 0.4900398406374502
Score of training 1.0
Score of validation (classical) [0.6932270916334662, 0.6733067729083665, 0.6733067729083665, 0.6812749003984063]
Score of training (classical) [0.7162837162837162, 0.7612387612387612, 0.7762237762237763, 0.6133866133866134]
Attempt  152
Score of validation 0.5258964143426295
Score of training 1.0
Score of validation (classical) [0.7330677290836654, 0.6972111553784861, 0.7171314741035857, 0.6772908366533864]
Score of training (classical) [0.7102897102897103, 0.7502497502497503, 0.7472527472527473, 0.5954045954045954]
Attempt  153
Score of validation 0.5219123505976095
Score of training 0.999000999000999
Score of validation (classical) [0.7370517928286853, 0.7131474103585658, 0.7370517928286853, 0.6932270916334662]
Score of training (classical) [0.7012987012987013, 0.7262737262737263, 0.7612387612387612, 0.5934065934065934]
Attempt  154
Score of validation 0.5776892430278885
Score of training 1.0
Score of validation (classical) [0.6852589641434262, 0.6454183266932271, 0.6733067729083665, 0.6175298804780877]
Score of training (classical) [0.7182817182817183, 0.7522477522477522, 0.7602397602397603, 0.6023976023976024]
Attempt  155
Score of validation 0.5776892430278885
Score of training 1.0
Score of validation (classical) [0.7410358565737052, 0.6653386454183267, 0.6852589641434262, 0.6932270916334662]
Score of training (classical) [0.7152847152847153, 0.7432567432567433, 0.7552447552447552, 0.5964035964035964]
Attempt  156
Score of validation 0.50199203187251
Score of training 1.0
Score of validation (classical) [0.6812749003984063, 0.6533864541832669, 0.6573705179282868, 0.6454183266932271]
Score of training (classical) [0.7182817182817183, 0.7552447552447552, 0.7592407592407593, 0.6253746253746254]
Attempt  157
Score of validation 0.5338645418326693
Score of training 1.0
Score of validation (classical) [0.6892430278884463, 0.6812749003984063, 0.6613545816733067, 0.6215139442231076]
Score of training (classical) [0.7202797202797203, 0.7572427572427572, 0.7592407592407593, 0.6093906093906094]
Attempt  158
Score of validation 0.4940239043824701
Score of training 1.0
Score of validation (classical) [0.7330677290836654, 0.6932270916334662, 0.7051792828685259, 0.6733067729083665]
Score of training (classical) [0.7102897102897103, 0.7382617382617382, 0.7472527472527473, 0.5954045954045954]
Attempt  159
Score of validation 0.47808764940239046
Score of training 0.999000999000999
Score of validation (classical) [0.7051792828685259, 0.6573705179282868, 0.701195219123506, 0.7250996015936255]
Score of training (classical) [0.7122877122877123, 0.7262737262737263, 0.7512487512487512, 0.6193806193806194]
Attempt  160
Score of validation 0.5537848605577689
Score of training 1.0
Score of validation (classical) [0.7051792828685259, 0.6573705179282868, 0.7131474103585658, 0.6812749003984063]
Score of training (classical) [0.7152847152847153, 0.7372627372627373, 0.7532467532467533, 0.6053946053946054]
Attempt  161
Score of validation 0.4581673306772908
Score of training 1.0
Score of validation (classical) [0.701195219123506, 0.6812749003984063, 0.701195219123506, 0.649402390438247]
Score of training (classical) [0.7082917082917083, 0.7502497502497503, 0.7492507492507493, 0.6193806193806194]
Attempt  162
Score of validation 0.5139442231075697
Score of training 1.0
Score of validation (classical) [0.7330677290836654, 0.701195219123506, 0.7171314741035857, 0.6852589641434262]
Score of training (classical) [0.7162837162837162, 0.7442557442557443, 0.7512487512487512, 0.6013986013986014]
Attempt  163
Score of validation 0.5976095617529881
Score of training 0.999000999000999
Score of validation (classical) [0.7211155378486056, 0.7211155378486056, 0.7250996015936255, 0.6653386454183267]
Score of training (classical) [0.7202797202797203, 0.7552447552447552, 0.7622377622377622, 0.5884115884115884]
Attempt  164
Score of validation 0.5737051792828686
Score of training 1.0
Score of validation (classical) [0.7250996015936255, 0.6693227091633466, 0.7051792828685259, 0.6972111553784861]
Score of training (classical) [0.7052947052947053, 0.7472527472527473, 0.7682317682317682, 0.5994005994005994]
Attempt  165
Score of validation 0.5378486055776892
Score of training 1.0
Score of validation (classical) [0.6693227091633466, 0.6454183266932271, 0.6693227091633466, 0.6215139442231076]
Score of training (classical) [0.7312687312687313, 0.7362637362637363, 0.7672327672327672, 0.6203796203796204]
Attempt  166
Score of validation 0.4820717131474104
Score of training 0.999000999000999
Score of validation (classical) [0.701195219123506, 0.6693227091633466, 0.701195219123506, 0.6693227091633466]
Score of training (classical) [0.7132867132867133, 0.7452547452547452, 0.7642357642357642, 0.6223776223776224]
Attempt  167
Score of validation 0.49800796812749004
Score of training 1.0
Score of validation (classical) [0.7171314741035857, 0.6573705179282868, 0.7290836653386454, 0.6972111553784861]
Score of training (classical) [0.7202797202797203, 0.7582417582417582, 0.7632367632367633, 0.6233766233766234]
Attempt  168
Score of validation 0.49800796812749004
Score of training 1.0
Score of validation (classical) [0.6772908366533864, 0.6733067729083665, 0.6772908366533864, 0.6175298804780877]
Score of training (classical) [0.7202797202797203, 0.7572427572427572, 0.7642357642357642, 0.6093906093906094]
Attempt  169
Score of validation 0.5657370517928287
Score of training 1.0
Score of validation (classical) [0.701195219123506, 0.6573705179282868, 0.649402390438247, 0.7171314741035857]
Score of training (classical) [0.7212787212787213, 0.7532467532467533, 0.7552447552447552, 0.6193806193806194]
Attempt  170
Score of validation 0.4302788844621514
Score of training 0.999000999000999
Score of validation (classical) [0.7051792828685259, 0.6972111553784861, 0.6932270916334662, 0.6374501992031872]
Score of training (classical) [0.7022977022977023, 0.7492507492507493, 0.7582417582417582, 0.6143856143856143]
Attempt  171
Score of validation 0.4820717131474104
Score of training 1.0
Score of validation (classical) [0.7171314741035857, 0.701195219123506, 0.7290836653386454, 0.6932270916334662]
Score of training (classical) [0.7142857142857143, 0.7352647352647352, 0.7572427572427572, 0.6103896103896104]
Attempt  172
Score of validation 0.4940239043824701
Score of training 1.0
Score of validation (classical) [0.6972111553784861, 0.6454183266932271, 0.701195219123506, 0.6892430278884463]
Score of training (classical) [0.7152847152847153, 0.7502497502497503, 0.7732267732267732, 0.6253746253746254]
Attempt  173
Score of validation 0.549800796812749
Score of training 1.0
Score of validation (classical) [0.7051792828685259, 0.6772908366533864, 0.6932270916334662, 0.6414342629482072]
Score of training (classical) [0.7152847152847153, 0.7512487512487512, 0.7582417582417582, 0.6163836163836164]
Attempt  174
Score of validation 0.6095617529880478
Score of training 1.0
Score of validation (classical) [0.6972111553784861, 0.6653386454183267, 0.6892430278884463, 0.6852589641434262]
Score of training (classical) [0.7182817182817183, 0.7382617382617382, 0.7692307692307693, 0.5934065934065934]
Attempt  175
Score of validation 0.4940239043824701
Score of training 0.999000999000999
Score of validation (classical) [0.749003984063745, 0.7211155378486056, 0.7330677290836654, 0.7171314741035857]
Score of training (classical) [0.6933066933066933, 0.7292707292707292, 0.7502497502497503, 0.5944055944055944]
Attempt  176
Score of validation 0.50199203187251
Score of training 1.0
Score of validation (classical) [0.7091633466135459, 0.6772908366533864, 0.701195219123506, 0.6852589641434262]
Score of training (classical) [0.7112887112887113, 0.7222777222777222, 0.7352647352647352, 0.6163836163836164]
Attempt  177
Score of validation 0.5258964143426295
Score of training 1.0
Score of validation (classical) [0.7211155378486056, 0.7290836653386454, 0.7330677290836654, 0.6852589641434262]
Score of training (classical) [0.7132867132867133, 0.7502497502497503, 0.7512487512487512, 0.6263736263736264]
Attempt  178
Score of validation 0.4820717131474104
Score of training 1.0
Score of validation (classical) [0.7211155378486056, 0.7051792828685259, 0.7211155378486056, 0.6613545816733067]
Score of training (classical) [0.7082917082917083, 0.7572427572427572, 0.7462537462537463, 0.5914085914085914]
Attempt  179
Score of validation 0.5179282868525896
Score of training 1.0
Score of validation (classical) [0.6852589641434262, 0.6653386454183267, 0.6733067729083665, 0.6334661354581673]
Score of training (classical) [0.7292707292707292, 0.7522477522477522, 0.7662337662337663, 0.6113886113886113]
Attempt  180
Score of validation 0.5139442231075697
Score of training 1.0
Score of validation (classical) [0.7171314741035857, 0.6693227091633466, 0.7091633466135459, 0.6812749003984063]
Score of training (classical) [0.7132867132867133, 0.7532467532467533, 0.7682317682317682, 0.6093906093906094]
Attempt  181
Score of validation 0.4900398406374502
Score of training 1.0
Score of validation (classical) [0.6852589641434262, 0.6812749003984063, 0.7051792828685259, 0.7330677290836654]
Score of training (classical) [0.7162837162837162, 0.7482517482517482, 0.7632367632367633, 0.6123876123876124]
Attempt  182
Score of validation 0.5059760956175299
Score of training 1.0
Score of validation (classical) [0.7450199203187251, 0.6573705179282868, 0.7051792828685259, 0.7091633466135459]
Score of training (classical) [0.7072927072927073, 0.7452547452547452, 0.7722277722277723, 0.5964035964035964]
Attempt  183
Score of validation 0.5298804780876494
Score of training 0.999000999000999
Score of validation (classical) [0.701195219123506, 0.6972111553784861, 0.7131474103585658, 0.6374501992031872]
Score of training (classical) [0.7082917082917083, 0.7462537462537463, 0.7552447552447552, 0.5954045954045954]
Attempt  184
Score of validation 0.49800796812749004
Score of training 1.0
Score of validation (classical) [0.7131474103585658, 0.7051792828685259, 0.701195219123506, 0.6812749003984063]
Score of training (classical) [0.7162837162837162, 0.7412587412587412, 0.7562437562437563, 0.6053946053946054]
Attempt  185
Score of validation 0.4900398406374502
Score of training 1.0
Score of validation (classical) [0.6573705179282868, 0.649402390438247, 0.6414342629482072, 0.6254980079681275]
Score of training (classical) [0.7302697302697303, 0.7492507492507493, 0.7722277722277723, 0.6173826173826173]
Attempt  186
Score of validation 0.545816733067729
Score of training 1.0
Score of validation (classical) [0.749003984063745, 0.6852589641434262, 0.7410358565737052, 0.6334661354581673]
Score of training (classical) [0.7142857142857143, 0.7342657342657343, 0.7492507492507493, 0.6123876123876124]
Attempt  187
Score of validation 0.4701195219123506
Score of training 1.0
Score of validation (classical) [0.7091633466135459, 0.6892430278884463, 0.7171314741035857, 0.6613545816733067]
Score of training (classical) [0.7062937062937062, 0.7542457542457542, 0.7632367632367633, 0.5904095904095904]
Attempt  188
Score of validation 0.5258964143426295
Score of training 0.998001998001998
Score of validation (classical) [0.6932270916334662, 0.7091633466135459, 0.6932270916334662, 0.6852589641434262]
Score of training (classical) [0.7142857142857143, 0.7522477522477522, 0.7612387612387612, 0.6093906093906094]
Attempt  189
Score of validation 0.50199203187251
Score of training 1.0
Score of validation (classical) [0.701195219123506, 0.6653386454183267, 0.6812749003984063, 0.6812749003984063]
Score of training (classical) [0.7252747252747253, 0.7372627372627373, 0.7592407592407593, 0.5964035964035964]
Attempt  190
Score of validation 0.4940239043824701
Score of training 0.999000999000999
Score of validation (classical) [0.6892430278884463, 0.6693227091633466, 0.6812749003984063, 0.6812749003984063]
Score of training (classical) [0.7192807192807192, 0.7452547452547452, 0.7622377622377622, 0.6213786213786214]
Attempt  191
Score of validation 0.4820717131474104
Score of training 1.0
Score of validation (classical) [0.7131474103585658, 0.7171314741035857, 0.701195219123506, 0.649402390438247]
Score of training (classical) [0.7092907092907093, 0.7372627372627373, 0.7582417582417582, 0.6103896103896104]
Attempt  192
Score of validation 0.5258964143426295
Score of training 1.0
Score of validation (classical) [0.7051792828685259, 0.6653386454183267, 0.6693227091633466, 0.6733067729083665]
Score of training (classical) [0.7212787212787213, 0.7422577422577422, 0.7652347652347652, 0.6103896103896104]
Attempt  193
Score of validation 0.5617529880478087
Score of training 1.0
Score of validation (classical) [0.7171314741035857, 0.701195219123506, 0.7131474103585658, 0.6374501992031872]
Score of training (classical) [0.7192807192807192, 0.7512487512487512, 0.7562437562437563, 0.6163836163836164]
Attempt  194
Score of validation 0.5418326693227091
Score of training 0.999000999000999
Score of validation (classical) [0.7051792828685259, 0.6653386454183267, 0.6852589641434262, 0.6693227091633466]
Score of training (classical) [0.7192807192807192, 0.7492507492507493, 0.7602397602397603, 0.6263736263736264]
Attempt  195
Score of validation 0.49800796812749004
Score of training 1.0
Score of validation (classical) [0.6972111553784861, 0.6613545816733067, 0.6892430278884463, 0.6573705179282868]
Score of training (classical) [0.7152847152847153, 0.7582417582417582, 0.7462537462537463, 0.6133866133866134]
Attempt  196
Score of validation 0.545816733067729
Score of training 1.0
Score of validation (classical) [0.7211155378486056, 0.6733067729083665, 0.701195219123506, 0.6772908366533864]
Score of training (classical) [0.7092907092907093, 0.7462537462537463, 0.7672327672327672, 0.6073926073926074]
Attempt  197
Score of validation 0.47410358565737054
Score of training 1.0
Score of validation (classical) [0.7171314741035857, 0.6653386454183267, 0.7250996015936255, 0.6653386454183267]
Score of training (classical) [0.7122877122877123, 0.7412587412587412, 0.7642357642357642, 0.5964035964035964]
Attempt  198
Score of validation 0.4701195219123506
Score of training 1.0
Score of validation (classical) [0.7250996015936255, 0.6653386454183267, 0.7211155378486056, 0.6334661354581673]
Score of training (classical) [0.7032967032967034, 0.7632367632367633, 0.7702297702297702, 0.5854145854145855]
Attempt  199
Score of validation 0.50199203187251
Score of training 1.0
Score of validation (classical) [0.7131474103585658, 0.6972111553784861, 0.701195219123506, 0.6972111553784861]
Score of training (classical) [0.7142857142857143, 0.7472527472527473, 0.7482517482517482, 0.5964035964035964]
Attempt  200
Score of validation 0.5298804780876494
Score of training 1.0
Score of validation (classical) [0.6852589641434262, 0.6733067729083665, 0.6812749003984063, 0.6215139442231076]
Score of training (classical) [0.7162837162837162, 0.7432567432567433, 0.7602397602397603, 0.5854145854145855]
Attempt  201
Score of validation 0.5139442231075697
Score of training 1.0
Score of validation (classical) [0.7370517928286853, 0.6693227091633466, 0.7171314741035857, 0.6892430278884463]
Score of training (classical) [0.7162837162837162, 0.7402597402597403, 0.7522477522477522, 0.6213786213786214]
Attempt  202
Score of validation 0.46613545816733065
Score of training 1.0
Score of validation (classical) [0.7051792828685259, 0.6932270916334662, 0.701195219123506, 0.6812749003984063]
Score of training (classical) [0.7022977022977023, 0.7352647352647352, 0.7562437562437563, 0.5904095904095904]
Attempt  203
Score of validation 0.4900398406374502
Score of training 1.0
Score of validation (classical) [0.6932270916334662, 0.6414342629482072, 0.6613545816733067, 0.6693227091633466]
Score of training (classical) [0.7082917082917083, 0.7302697302697303, 0.7462537462537463, 0.6233766233766234]
Attempt  204
Score of validation 0.49800796812749004
Score of training 0.999000999000999
Score of validation (classical) [0.6772908366533864, 0.6653386454183267, 0.6852589641434262, 0.6932270916334662]
Score of training (classical) [0.7272727272727273, 0.7492507492507493, 0.7722277722277723, 0.5944055944055944]
Attempt  205
Score of validation 0.5378486055776892
Score of training 0.999000999000999
Score of validation (classical) [0.749003984063745, 0.7051792828685259, 0.7370517928286853, 0.701195219123506]
Score of training (classical) [0.7112887112887113, 0.7482517482517482, 0.7542457542457542, 0.5874125874125874]
Attempt  206
Score of validation 0.4940239043824701
Score of training 1.0
Score of validation (classical) [0.7171314741035857, 0.6693227091633466, 0.7171314741035857, 0.6812749003984063]
Score of training (classical) [0.7132867132867133, 0.7302697302697303, 0.7612387612387612, 0.5864135864135864]
Attempt  207
Score of validation 0.5298804780876494
Score of training 1.0
Score of validation (classical) [0.7091633466135459, 0.6972111553784861, 0.7051792828685259, 0.6215139442231076]
Score of training (classical) [0.7052947052947053, 0.7452547452547452, 0.7542457542457542, 0.6153846153846154]
Attempt  208
Score of validation 0.5179282868525896
Score of training 1.0
Score of validation (classical) [0.7569721115537849, 0.7171314741035857, 0.7131474103585658, 0.7211155378486056]
Score of training (classical) [0.7112887112887113, 0.7422577422577422, 0.7522477522477522, 0.5904095904095904]
Attempt  209
Score of validation 0.5099601593625498
Score of training 1.0
Score of validation (classical) [0.7211155378486056, 0.6772908366533864, 0.7091633466135459, 0.6334661354581673]
Score of training (classical) [0.7152847152847153, 0.7292707292707292, 0.7672327672327672, 0.6063936063936064]
Attempt  210
Score of validation 0.4860557768924303
Score of training 1.0
Score of validation (classical) [0.6932270916334662, 0.6852589641434262, 0.6932270916334662, 0.6653386454183267]
Score of training (classical) [0.7122877122877123, 0.7452547452547452, 0.7622377622377622, 0.6233766233766234]
Attempt  211
Score of validation 0.5378486055776892
Score of training 1.0
Score of validation (classical) [0.649402390438247, 0.6454183266932271, 0.6454183266932271, 0.6693227091633466]
Score of training (classical) [0.7212787212787213, 0.7422577422577422, 0.7532467532467533, 0.6313686313686314]
Attempt  212
Score of validation 0.5099601593625498
Score of training 1.0
Score of validation (classical) [0.7529880478087649, 0.7131474103585658, 0.7330677290836654, 0.6693227091633466]
Score of training (classical) [0.6933066933066933, 0.7312687312687313, 0.7362637362637363, 0.5844155844155844]
Attempt  213
Score of validation 0.5298804780876494
Score of training 1.0
Score of validation (classical) [0.6852589641434262, 0.6573705179282868, 0.6812749003984063, 0.6533864541832669]
Score of training (classical) [0.7202797202797203, 0.7442557442557443, 0.7662337662337663, 0.6103896103896104]
Attempt  214
Score of validation 0.4820717131474104
Score of training 1.0
Score of validation (classical) [0.7171314741035857, 0.701195219123506, 0.7091633466135459, 0.7051792828685259]
Score of training (classical) [0.7132867132867133, 0.7462537462537463, 0.7632367632367633, 0.6263736263736264]
Attempt  215
Score of validation 0.545816733067729
Score of training 1.0
Score of validation (classical) [0.6852589641434262, 0.6573705179282868, 0.701195219123506, 0.6533864541832669]
Score of training (classical) [0.7202797202797203, 0.7532467532467533, 0.7722277722277723, 0.6053946053946054]
Attempt  216
Score of validation 0.5298804780876494
Score of training 0.999000999000999
Score of validation (classical) [0.6932270916334662, 0.649402390438247, 0.701195219123506, 0.6852589641434262]
Score of training (classical) [0.7202797202797203, 0.7462537462537463, 0.7662337662337663, 0.6223776223776224]
Attempt  217
Score of validation 0.5099601593625498
Score of training 1.0
Score of validation (classical) [0.7051792828685259, 0.6772908366533864, 0.6972111553784861, 0.6533864541832669]
Score of training (classical) [0.7202797202797203, 0.7512487512487512, 0.7592407592407593, 0.6143856143856143]
Attempt  218
Score of validation 0.5737051792828686
Score of training 0.999000999000999
Score of validation (classical) [0.7051792828685259, 0.6733067729083665, 0.6892430278884463, 0.6573705179282868]
Score of training (classical) [0.7112887112887113, 0.7412587412587412, 0.7592407592407593, 0.6203796203796204]
Attempt  219
Score of validation 0.47410358565737054
Score of training 0.999000999000999
Score of validation (classical) [0.749003984063745, 0.701195219123506, 0.749003984063745, 0.6693227091633466]
Score of training (classical) [0.7042957042957043, 0.7382617382617382, 0.7442557442557443, 0.6083916083916084]
Attempt  220
Score of validation 0.5219123505976095
Score of training 0.999000999000999
Score of validation (classical) [0.7250996015936255, 0.6772908366533864, 0.701195219123506, 0.6693227091633466]
Score of training (classical) [0.7082917082917083, 0.7442557442557443, 0.7602397602397603, 0.5924075924075924]
Attempt  221
Score of validation 0.5179282868525896
Score of training 1.0
Score of validation (classical) [0.7250996015936255, 0.6812749003984063, 0.7091633466135459, 0.6812749003984063]
Score of training (classical) [0.7122877122877123, 0.7492507492507493, 0.7552447552447552, 0.6073926073926074]
Attempt  222
Score of validation 0.47808764940239046
Score of training 1.0
Score of validation (classical) [0.7211155378486056, 0.7091633466135459, 0.6892430278884463, 0.6772908366533864]
Score of training (classical) [0.7072927072927073, 0.7442557442557443, 0.7512487512487512, 0.6023976023976024]
Attempt  223
Score of validation 0.5418326693227091
Score of training 1.0
Score of validation (classical) [0.7171314741035857, 0.701195219123506, 0.7131474103585658, 0.6414342629482072]
Score of training (classical) [0.7132867132867133, 0.7392607392607392, 0.7642357642357642, 0.6273726273726273]
Attempt  224
Score of validation 0.4860557768924303
Score of training 1.0
Score of validation (classical) [0.6932270916334662, 0.6653386454183267, 0.6733067729083665, 0.6533864541832669]
Score of training (classical) [0.7212787212787213, 0.7402597402597403, 0.7682317682317682, 0.6203796203796204]
Attempt  225
Score of validation 0.5059760956175299
Score of training 1.0
Score of validation (classical) [0.7529880478087649, 0.7131474103585658, 0.7410358565737052, 0.6972111553784861]
Score of training (classical) [0.7082917082917083, 0.7402597402597403, 0.7402597402597403, 0.5894105894105894]
Attempt  226
Score of validation 0.4820717131474104
Score of training 0.999000999000999
Score of validation (classical) [0.6733067729083665, 0.649402390438247, 0.701195219123506, 0.6254980079681275]
Score of training (classical) [0.7172827172827173, 0.7442557442557443, 0.7662337662337663, 0.6023976023976024]
Attempt  227
Score of validation 0.4900398406374502
Score of training 1.0
Score of validation (classical) [0.7131474103585658, 0.6812749003984063, 0.7091633466135459, 0.7131474103585658]
Score of training (classical) [0.7042957042957043, 0.7412587412587412, 0.7422577422577422, 0.6153846153846154]
Attempt  228
Score of validation 0.5378486055776892
Score of training 1.0
Score of validation (classical) [0.7131474103585658, 0.6892430278884463, 0.7091633466135459, 0.6454183266932271]
Score of training (classical) [0.7122877122877123, 0.7492507492507493, 0.7692307692307693, 0.6123876123876124]
Attempt  229
Score of validation 0.5378486055776892
Score of training 1.0
Score of validation (classical) [0.6892430278884463, 0.6733067729083665, 0.6852589641434262, 0.6294820717131474]
Score of training (classical) [0.7142857142857143, 0.7462537462537463, 0.7622377622377622, 0.5754245754245755]
Attempt  230
Score of validation 0.5059760956175299
Score of training 1.0
Score of validation (classical) [0.7250996015936255, 0.6693227091633466, 0.6852589641434262, 0.701195219123506]
Score of training (classical) [0.7182817182817183, 0.7472527472527473, 0.7722277722277723, 0.6073926073926074]
Attempt  231
Score of validation 0.4860557768924303
Score of training 0.999000999000999
Score of validation (classical) [0.7211155378486056, 0.7171314741035857, 0.7211155378486056, 0.6653386454183267]
Score of training (classical) [0.7102897102897103, 0.7482517482517482, 0.7532467532467533, 0.6153846153846154]
Attempt  232
Score of validation 0.545816733067729
Score of training 1.0
Score of validation (classical) [0.6852589641434262, 0.6812749003984063, 0.6972111553784861, 0.6454183266932271]
Score of training (classical) [0.7152847152847153, 0.7452547452547452, 0.7702297702297702, 0.6233766233766234]
Attempt  233
Score of validation 0.5298804780876494
Score of training 0.998001998001998
Score of validation (classical) [0.7091633466135459, 0.6693227091633466, 0.6972111553784861, 0.6573705179282868]
Score of training (classical) [0.7152847152847153, 0.7362637362637363, 0.7682317682317682, 0.6163836163836164]
Attempt  234
Score of validation 0.5697211155378487
Score of training 0.998001998001998
Score of validation (classical) [0.701195219123506, 0.6613545816733067, 0.6812749003984063, 0.6533864541832669]
Score of training (classical) [0.7152847152847153, 0.7382617382617382, 0.7572427572427572, 0.5974025974025974]
Attempt  235
Score of validation 0.5378486055776892
Score of training 1.0
Score of validation (classical) [0.6573705179282868, 0.6533864541832669, 0.6454183266932271, 0.6852589641434262]
Score of training (classical) [0.7292707292707292, 0.7392607392607392, 0.7692307692307693, 0.6293706293706294]
Attempt  236
Score of validation 0.47410358565737054
Score of training 1.0
Score of validation (classical) [0.7211155378486056, 0.7051792828685259, 0.7091633466135459, 0.6892430278884463]
Score of training (classical) [0.7182817182817183, 0.7492507492507493, 0.7592407592407593, 0.6213786213786214]
Attempt  237
Score of validation 0.4701195219123506
Score of training 0.999000999000999
Score of validation (classical) [0.7131474103585658, 0.6812749003984063, 0.6932270916334662, 0.6892430278884463]
Score of training (classical) [0.7062937062937062, 0.7522477522477522, 0.7642357642357642, 0.6033966033966034]
Attempt  238
Score of validation 0.47410358565737054
Score of training 1.0
Score of validation (classical) [0.7051792828685259, 0.6772908366533864, 0.6852589641434262, 0.6772908366533864]
Score of training (classical) [0.7132867132867133, 0.7442557442557443, 0.7592407592407593, 0.6223776223776224]
Attempt  239
Score of validation 0.5298804780876494
Score of training 1.0
Score of validation (classical) [0.7131474103585658, 0.7091633466135459, 0.7330677290836654, 0.7171314741035857]
Score of training (classical) [0.7112887112887113, 0.7332667332667333, 0.7622377622377622, 0.6053946053946054]
Attempt  240
Score of validation 0.4820717131474104
Score of training 1.0
Score of validation (classical) [0.7250996015936255, 0.6972111553784861, 0.7091633466135459, 0.6254980079681275]
Score of training (classical) [0.7032967032967034, 0.7482517482517482, 0.7642357642357642, 0.6173826173826173]
Attempt  241
Score of validation 0.4860557768924303
Score of training 1.0
Score of validation (classical) [0.7211155378486056, 0.6693227091633466, 0.7091633466135459, 0.6733067729083665]
Score of training (classical) [0.7132867132867133, 0.7332667332667333, 0.7492507492507493, 0.5854145854145855]
Attempt  242
Score of validation 0.4940239043824701
Score of training 1.0
Score of validation (classical) [0.7370517928286853, 0.7211155378486056, 0.7171314741035857, 0.6972111553784861]
Score of training (classical) [0.7062937062937062, 0.7512487512487512, 0.7542457542457542, 0.6003996003996004]
Attempt  243
Score of validation 0.5099601593625498
Score of training 0.999000999000999
Score of validation (classical) [0.6932270916334662, 0.6693227091633466, 0.6772908366533864, 0.649402390438247]
Score of training (classical) [0.7192807192807192, 0.7422577422577422, 0.7472527472527473, 0.5934065934065934]
Attempt  244
Score of validation 0.4701195219123506
Score of training 1.0
Score of validation (classical) [0.7211155378486056, 0.6852589641434262, 0.7131474103585658, 0.6892430278884463]
Score of training (classical) [0.7102897102897103, 0.7402597402597403, 0.7532467532467533, 0.6003996003996004]
Attempt  245
Score of validation 0.4701195219123506
Score of training 1.0
Score of validation (classical) [0.7131474103585658, 0.6454183266932271, 0.6733067729083665, 0.6454183266932271]
Score of training (classical) [0.7202797202797203, 0.7652347652347652, 0.7782217782217782, 0.6153846153846154]
Attempt  246
Score of validation 0.5099601593625498
Score of training 1.0
Score of validation (classical) [0.7051792828685259, 0.6653386454183267, 0.6932270916334662, 0.6334661354581673]
Score of training (classical) [0.7192807192807192, 0.7622377622377622, 0.7592407592407593, 0.6083916083916084]
Attempt  247
Score of validation 0.5298804780876494
Score of training 0.999000999000999
Score of validation (classical) [0.649402390438247, 0.6653386454183267, 0.649402390438247, 0.5896414342629482]
Score of training (classical) [0.7262737262737263, 0.7642357642357642, 0.7762237762237763, 0.6093906093906094]
Attempt  248
Score of validation 0.5816733067729084
Score of training 0.999000999000999
Score of validation (classical) [0.7211155378486056, 0.6852589641434262, 0.7131474103585658, 0.6693227091633466]
Score of training (classical) [0.7172827172827173, 0.7392607392607392, 0.7612387612387612, 0.6013986013986014]
Attempt  249
Score of validation 0.5776892430278885
Score of training 1.0
Score of validation (classical) [0.7131474103585658, 0.6852589641434262, 0.7171314741035857, 0.6653386454183267]
Score of training (classical) [0.7072927072927073, 0.7512487512487512, 0.7642357642357642, 0.5994005994005994]
Attempt  250
Score of validation 0.50199203187251
Score of training 1.0
Score of validation (classical) [0.6972111553784861, 0.6772908366533864, 0.701195219123506, 0.6454183266932271]
Score of training (classical) [0.7202797202797203, 0.7562437562437563, 0.7542457542457542, 0.6323676323676324]
Attempt  251
Score of validation 0.5258964143426295
Score of training 0.998001998001998
Score of validation (classical) [0.7410358565737052, 0.649402390438247, 0.7250996015936255, 0.6573705179282868]
Score of training (classical) [0.7032967032967034, 0.7562437562437563, 0.7662337662337663, 0.5904095904095904]
Attempt  252
Score of validation 0.47808764940239046
Score of training 1.0
Score of validation (classical) [0.7091633466135459, 0.6892430278884463, 0.7091633466135459, 0.6653386454183267]
Score of training (classical) [0.7102897102897103, 0.7522477522477522, 0.7542457542457542, 0.6093906093906094]
Attempt  253
Score of validation 0.5577689243027888
Score of training 1.0
Score of validation (classical) [0.7529880478087649, 0.701195219123506, 0.7290836653386454, 0.6812749003984063]
Score of training (classical) [0.7032967032967034, 0.7282717282717283, 0.7602397602397603, 0.5924075924075924]
Attempt  254
Score of validation 0.50199203187251
Score of training 1.0
Score of validation (classical) [0.701195219123506, 0.6932270916334662, 0.7290836653386454, 0.6374501992031872]
Score of training (classical) [0.7102897102897103, 0.7492507492507493, 0.7672327672327672, 0.6083916083916084]
Attempt  255
Score of validation 0.5418326693227091
Score of training 1.0
Score of validation (classical) [0.7290836653386454, 0.7250996015936255, 0.7330677290836654, 0.6533864541832669]
Score of training (classical) [0.7022977022977023, 0.7412587412587412, 0.7552447552447552, 0.6023976023976024]
Attempt  256
Score of validation 0.450199203187251
Score of training 1.0
Score of validation (classical) [0.7091633466135459, 0.6653386454183267, 0.7051792828685259, 0.649402390438247]
Score of training (classical) [0.7172827172827173, 0.7522477522477522, 0.7512487512487512, 0.6253746253746254]
Attempt  257
Score of validation 0.46613545816733065
Score of training 1.0
Score of validation (classical) [0.7091633466135459, 0.6613545816733067, 0.6972111553784861, 0.6254980079681275]
Score of training (classical) [0.7192807192807192, 0.7412587412587412, 0.7472527472527473, 0.6123876123876124]
Attempt  258
Score of validation 0.5697211155378487
Score of training 1.0
Score of validation (classical) [0.7091633466135459, 0.6613545816733067, 0.6932270916334662, 0.6653386454183267]
Score of training (classical) [0.7102897102897103, 0.7362637362637363, 0.7482517482517482, 0.6133866133866134]
Attempt  259
Score of validation 0.47410358565737054
Score of training 1.0
Score of validation (classical) [0.7171314741035857, 0.701195219123506, 0.7211155378486056, 0.6772908366533864]
Score of training (classical) [0.7232767232767233, 0.7512487512487512, 0.7582417582417582, 0.5904095904095904]
Attempt  260
Score of validation 0.5657370517928287
Score of training 1.0
Score of validation (classical) [0.6892430278884463, 0.6533864541832669, 0.6693227091633466, 0.6613545816733067]
Score of training (classical) [0.7282717282717283, 0.7532467532467533, 0.7762237762237763, 0.6043956043956044]
Attempt  261
Score of validation 0.47808764940239046
Score of training 1.0
Score of validation (classical) [0.7250996015936255, 0.6812749003984063, 0.7131474103585658, 0.6613545816733067]
Score of training (classical) [0.7022977022977023, 0.7342657342657343, 0.7582417582417582, 0.5904095904095904]
Attempt  262
Score of validation 0.5298804780876494
Score of training 1.0
Score of validation (classical) [0.7171314741035857, 0.6533864541832669, 0.6892430278884463, 0.6892430278884463]
Score of training (classical) [0.7092907092907093, 0.7472527472527473, 0.7702297702297702, 0.6343656343656343]
Attempt  263
Score of validation 0.4940239043824701
Score of training 1.0
Score of validation (classical) [0.7131474103585658, 0.7211155378486056, 0.7171314741035857, 0.6454183266932271]
Score of training (classical) [0.7172827172827173, 0.7352647352647352, 0.7462537462537463, 0.6123876123876124]
Attempt  264
Score of validation 0.5617529880478087
Score of training 0.999000999000999
Score of validation (classical) [0.7250996015936255, 0.701195219123506, 0.7091633466135459, 0.701195219123506]
Score of training (classical) [0.7052947052947053, 0.7172827172827173, 0.7502497502497503, 0.5924075924075924]
Attempt  265
Score of validation 0.49800796812749004
Score of training 0.999000999000999
Score of validation (classical) [0.7091633466135459, 0.6972111553784861, 0.7250996015936255, 0.6414342629482072]
Score of training (classical) [0.7132867132867133, 0.7422577422577422, 0.7622377622377622, 0.6003996003996004]
Attempt  266
Score of validation 0.5338645418326693
Score of training 1.0
Score of validation (classical) [0.7450199203187251, 0.6772908366533864, 0.7171314741035857, 0.6733067729083665]
Score of training (classical) [0.7132867132867133, 0.7322677322677322, 0.7582417582417582, 0.6103896103896104]
Attempt  267
Score of validation 0.5258964143426295
Score of training 1.0
Score of validation (classical) [0.6693227091633466, 0.649402390438247, 0.6613545816733067, 0.6175298804780877]
Score of training (classical) [0.7152847152847153, 0.7462537462537463, 0.7592407592407593, 0.6183816183816184]
Attempt  268
Score of validation 0.49800796812749004
Score of training 0.999000999000999
Score of validation (classical) [0.7051792828685259, 0.6932270916334662, 0.6932270916334662, 0.6653386454183267]
Score of training (classical) [0.7162837162837162, 0.7432567432567433, 0.7622377622377622, 0.6213786213786214]
Attempt  269
Score of validation 0.5298804780876494
Score of training 1.0
Score of validation (classical) [0.6693227091633466, 0.6533864541832669, 0.6812749003984063, 0.6733067729083665]
Score of training (classical) [0.7302697302697303, 0.7702297702297702, 0.7732267732267732, 0.6113886113886113]
Attempt  270
Score of validation 0.47410358565737054
Score of training 1.0
Score of validation (classical) [0.7091633466135459, 0.6772908366533864, 0.6892430278884463, 0.6294820717131474]
Score of training (classical) [0.7122877122877123, 0.7532467532467533, 0.7592407592407593, 0.6113886113886113]
Attempt  271
Score of validation 0.47808764940239046
Score of training 1.0
Score of validation (classical) [0.7250996015936255, 0.6613545816733067, 0.7171314741035857, 0.6892430278884463]
Score of training (classical) [0.7142857142857143, 0.7392607392607392, 0.7552447552447552, 0.6133866133866134]
Attempt  272
Score of validation 0.5737051792828686
Score of training 1.0
Score of validation (classical) [0.6733067729083665, 0.6852589641434262, 0.6932270916334662, 0.6294820717131474]
Score of training (classical) [0.7172827172827173, 0.7602397602397603, 0.7792207792207793, 0.6063936063936064]
Attempt  273
Score of validation 0.5179282868525896
Score of training 0.999000999000999
Score of validation (classical) [0.7131474103585658, 0.6693227091633466, 0.6812749003984063, 0.6573705179282868]
Score of training (classical) [0.7102897102897103, 0.7442557442557443, 0.7642357642357642, 0.6083916083916084]
Attempt  274
Score of validation 0.549800796812749
Score of training 1.0
Score of validation (classical) [0.6892430278884463, 0.6533864541832669, 0.6653386454183267, 0.6613545816733067]
Score of training (classical) [0.7162837162837162, 0.7572427572427572, 0.7442557442557443, 0.6223776223776224]
Attempt  275
Score of validation 0.601593625498008
Score of training 1.0
Score of validation (classical) [0.6972111553784861, 0.6653386454183267, 0.7250996015936255, 0.6573705179282868]
Score of training (classical) [0.7082917082917083, 0.7492507492507493, 0.7582417582417582, 0.5924075924075924]
Attempt  276
Score of validation 0.5298804780876494
Score of training 0.999000999000999
Score of validation (classical) [0.7330677290836654, 0.7171314741035857, 0.7250996015936255, 0.6852589641434262]
Score of training (classical) [0.6973026973026973, 0.7322677322677322, 0.7462537462537463, 0.5954045954045954]
Attempt  277
Score of validation 0.5179282868525896
Score of training 0.998001998001998
Score of validation (classical) [0.7091633466135459, 0.6892430278884463, 0.6972111553784861, 0.6852589641434262]
Score of training (classical) [0.7112887112887113, 0.7432567432567433, 0.7522477522477522, 0.6183816183816184]
Attempt  278
Score of validation 0.4860557768924303
Score of training 0.999000999000999
Score of validation (classical) [0.6812749003984063, 0.6653386454183267, 0.6812749003984063, 0.6414342629482072]
Score of training (classical) [0.7132867132867133, 0.7522477522477522, 0.7852147852147852, 0.6243756243756243]
Attempt  279
Score of validation 0.4701195219123506
Score of training 1.0
Score of validation (classical) [0.7051792828685259, 0.6892430278884463, 0.7171314741035857, 0.6772908366533864]
Score of training (classical) [0.7062937062937062, 0.7622377622377622, 0.7722277722277723, 0.6023976023976024]
Attempt  280
Score of validation 0.4940239043824701
Score of training 0.999000999000999
Score of validation (classical) [0.7290836653386454, 0.7131474103585658, 0.7091633466135459, 0.6932270916334662]
Score of training (classical) [0.7102897102897103, 0.7442557442557443, 0.7482517482517482, 0.5994005994005994]
Attempt  281
Score of validation 0.5378486055776892
Score of training 0.999000999000999
Score of validation (classical) [0.7330677290836654, 0.7131474103585658, 0.7171314741035857, 0.6972111553784861]
Score of training (classical) [0.7082917082917083, 0.7602397602397603, 0.7622377622377622, 0.6273726273726273]
Attempt  282
Score of validation 0.4103585657370518
Score of training 0.999000999000999
Score of validation (classical) [0.7330677290836654, 0.6772908366533864, 0.7091633466135459, 0.7290836653386454]
Score of training (classical) [0.7172827172827173, 0.7412587412587412, 0.7672327672327672, 0.6093906093906094]
Attempt  283
Score of validation 0.5298804780876494
Score of training 1.0
Score of validation (classical) [0.7290836653386454, 0.7091633466135459, 0.6972111553784861, 0.701195219123506]
Score of training (classical) [0.7032967032967034, 0.7292707292707292, 0.7512487512487512, 0.6083916083916084]
Attempt  284
Score of validation 0.5737051792828686
Score of training 1.0
Score of validation (classical) [0.7250996015936255, 0.7051792828685259, 0.7290836653386454, 0.6852589641434262]
Score of training (classical) [0.6963036963036963, 0.7402597402597403, 0.7602397602397603, 0.5924075924075924]
Attempt  285
Score of validation 0.4820717131474104
Score of training 1.0
Score of validation (classical) [0.6972111553784861, 0.6653386454183267, 0.6693227091633466, 0.6414342629482072]
Score of training (classical) [0.7172827172827173, 0.7582417582417582, 0.7592407592407593, 0.6143856143856143]
Attempt  286
Score of validation 0.46215139442231074
Score of training 1.0
Score of validation (classical) [0.6772908366533864, 0.6733067729083665, 0.6733067729083665, 0.6135458167330677]
Score of training (classical) [0.7212787212787213, 0.7362637362637363, 0.7562437562437563, 0.6123876123876124]
Attempt  287
Score of validation 0.5099601593625498
Score of training 0.999000999000999
Score of validation (classical) [0.7091633466135459, 0.6533864541832669, 0.6852589641434262, 0.7250996015936255]
Score of training (classical) [0.7102897102897103, 0.7512487512487512, 0.7552447552447552, 0.6123876123876124]
Attempt  288
Score of validation 0.5577689243027888
Score of training 1.0
Score of validation (classical) [0.7091633466135459, 0.701195219123506, 0.7131474103585658, 0.6533864541832669]
Score of training (classical) [0.7152847152847153, 0.7472527472527473, 0.7682317682317682, 0.6343656343656343]
Attempt  289
Score of validation 0.5617529880478087
Score of training 1.0
Score of validation (classical) [0.6693227091633466, 0.6414342629482072, 0.6653386454183267, 0.6254980079681275]
Score of training (classical) [0.7292707292707292, 0.7642357642357642, 0.7762237762237763, 0.6293706293706294]
Attempt  290
Score of validation 0.49800796812749004
Score of training 0.999000999000999
Score of validation (classical) [0.6733067729083665, 0.6454183266932271, 0.6613545816733067, 0.6693227091633466]
Score of training (classical) [0.7252747252747253, 0.7532467532467533, 0.7622377622377622, 0.6183816183816184]
Attempt  291
Score of validation 0.5179282868525896
Score of training 0.999000999000999
Score of validation (classical) [0.6573705179282868, 0.6653386454183267, 0.6613545816733067, 0.6175298804780877]
Score of training (classical) [0.7192807192807192, 0.7632367632367633, 0.7782217782217782, 0.6213786213786214]
Attempt  292
Score of validation 0.50199203187251
Score of training 0.999000999000999
Score of validation (classical) [0.6334661354581673, 0.6374501992031872, 0.6294820717131474, 0.5976095617529881]
Score of training (classical) [0.7232767232767233, 0.7502497502497503, 0.7652347652347652, 0.6283716283716284]
Attempt  293
Score of validation 0.4860557768924303
Score of training 1.0
Score of validation (classical) [0.6454183266932271, 0.6254980079681275, 0.6533864541832669, 0.649402390438247]
Score of training (classical) [0.7202797202797203, 0.7502497502497503, 0.7742257742257742, 0.6303696303696303]
Attempt  294
Score of validation 0.4820717131474104
Score of training 1.0
Score of validation (classical) [0.6852589641434262, 0.6374501992031872, 0.6772908366533864, 0.6414342629482072]
Score of training (classical) [0.7192807192807192, 0.7582417582417582, 0.7732267732267732, 0.6033966033966034]
Attempt  295
Score of validation 0.5338645418326693
Score of training 1.0
Score of validation (classical) [0.7250996015936255, 0.6613545816733067, 0.7051792828685259, 0.6693227091633466]
Score of training (classical) [0.7162837162837162, 0.7492507492507493, 0.7512487512487512, 0.5844155844155844]
Attempt  296
Score of validation 0.5378486055776892
Score of training 1.0
Score of validation (classical) [0.7649402390438247, 0.6852589641434262, 0.7211155378486056, 0.7211155378486056]
Score of training (classical) [0.7112887112887113, 0.7382617382617382, 0.7602397602397603, 0.6183816183816184]
Attempt  297
Score of validation 0.5298804780876494
Score of training 1.0
Score of validation (classical) [0.7171314741035857, 0.6972111553784861, 0.6932270916334662, 0.6653386454183267]
Score of training (classical) [0.7062937062937062, 0.7492507492507493, 0.7592407592407593, 0.6013986013986014]
Attempt  298
Score of validation 0.5617529880478087
Score of training 1.0
Score of validation (classical) [0.7131474103585658, 0.7171314741035857, 0.7290836653386454, 0.6693227091633466]
Score of training (classical) [0.7072927072927073, 0.7382617382617382, 0.7442557442557443, 0.6023976023976024]
Attempt  299
Score of validation 0.549800796812749
Score of training 1.0
Score of validation (classical) [0.7131474103585658, 0.6892430278884463, 0.6932270916334662, 0.6533864541832669]
Score of training (classical) [0.7062937062937062, 0.7642357642357642, 0.7592407592407593, 0.6153846153846154]
