noise_test 4
4 circular 1
Attempt  0
Score of validation 0.8565737051792829
Score of training 0.8741258741258742
Score of validation (classical) [0.6892430278884463, 0.7529880478087649, 0.8247011952191236, 0.43824701195219123]
Score of training (classical) [0.7092907092907093, 0.7652347652347652, 0.8601398601398601, 0.4985014985014985]
Attempt  1
Score of validation 0.8207171314741036
Score of training 0.8761238761238761
Score of validation (classical) [0.6733067729083665, 0.7450199203187251, 0.8326693227091634, 0.5059760956175299]
Score of training (classical) [0.7112887112887113, 0.7822177822177823, 0.8701298701298701, 0.5004995004995005]
Attempt  2
Score of validation 0.8446215139442231
Score of training 0.8751248751248751
Score of validation (classical) [0.701195219123506, 0.7450199203187251, 0.8446215139442231, 0.4940239043824701]
Score of training (classical) [0.6983016983016983, 0.7592407592407593, 0.8541458541458542, 0.5024975024975025]
Attempt  3
Score of validation 0.8087649402390438
Score of training 0.8731268731268731
Score of validation (classical) [0.6733067729083665, 0.7410358565737052, 0.8366533864541833, 0.50199203187251]
Score of training (classical) [0.7102897102897103, 0.7892107892107892, 0.8631368631368631, 0.5094905094905094]
Attempt  4
Score of validation 0.8167330677290837
Score of training 0.8791208791208791
Score of validation (classical) [0.6414342629482072, 0.7370517928286853, 0.8127490039840638, 0.4581673306772908]
Score of training (classical) [0.7192807192807192, 0.7932067932067932, 0.8631368631368631, 0.5264735264735265]
Attempt  5
Score of validation 0.852589641434263
Score of training 0.8781218781218781
Score of validation (classical) [0.7131474103585658, 0.7250996015936255, 0.8685258964143426, 0.47808764940239046]
Score of training (classical) [0.7062937062937062, 0.7882117882117882, 0.8581418581418582, 0.5054945054945055]
Attempt  6
Score of validation 0.8366533864541833
Score of training 0.8591408591408591
Score of validation (classical) [0.7250996015936255, 0.7290836653386454, 0.8565737051792829, 0.46613545816733065]
Score of training (classical) [0.6983016983016983, 0.7682317682317682, 0.8601398601398601, 0.4915084915084915]
Attempt  7
Score of validation 0.848605577689243
Score of training 0.8791208791208791
Score of validation (classical) [0.6932270916334662, 0.7609561752988048, 0.8605577689243028, 0.4940239043824701]
Score of training (classical) [0.7022977022977023, 0.7802197802197802, 0.8631368631368631, 0.4955044955044955]
Attempt  8
Score of validation 0.8326693227091634
Score of training 0.8701298701298701
Score of validation (classical) [0.6812749003984063, 0.7768924302788844, 0.8446215139442231, 0.50199203187251]
Score of training (classical) [0.7132867132867133, 0.7742257742257742, 0.8541458541458542, 0.5094905094905094]
Attempt  9
Score of validation 0.8406374501992032
Score of training 0.8661338661338661
Score of validation (classical) [0.7051792828685259, 0.7848605577689243, 0.8366533864541833, 0.5059760956175299]
Score of training (classical) [0.7032967032967034, 0.7872127872127872, 0.8621378621378621, 0.5084915084915085]
Attempt  10
Score of validation 0.8764940239043825
Score of training 0.8681318681318682
Score of validation (classical) [0.7529880478087649, 0.8326693227091634, 0.8804780876494024, 0.41434262948207173]
Score of training (classical) [0.6933066933066933, 0.7612387612387612, 0.8491508491508492, 0.4855144855144855]
Attempt  11
Score of validation 0.8406374501992032
Score of training 0.8801198801198801
Score of validation (classical) [0.7171314741035857, 0.7689243027888446, 0.852589641434263, 0.50199203187251]
Score of training (classical) [0.6993006993006993, 0.7702297702297702, 0.8621378621378621, 0.4925074925074925]
Attempt  12
Score of validation 0.8127490039840638
Score of training 0.8761238761238761
Score of validation (classical) [0.6533864541832669, 0.7529880478087649, 0.8366533864541833, 0.44223107569721115]
Score of training (classical) [0.7092907092907093, 0.7762237762237763, 0.8551448551448552, 0.5244755244755245]
Attempt  13
Score of validation 0.796812749003984
Score of training 0.8761238761238761
Score of validation (classical) [0.7091633466135459, 0.7450199203187251, 0.8645418326693227, 0.5139442231075697]
Score of training (classical) [0.7102897102897103, 0.7682317682317682, 0.8481518481518482, 0.4945054945054945]
Attempt  14
Score of validation 0.8047808764940239
Score of training 0.8901098901098901
Score of validation (classical) [0.6932270916334662, 0.7330677290836654, 0.8366533864541833, 0.5059760956175299]
Score of training (classical) [0.7072927072927073, 0.7562437562437563, 0.8591408591408591, 0.4955044955044955]
Attempt  15
Score of validation 0.8047808764940239
Score of training 0.8841158841158842
Score of validation (classical) [0.701195219123506, 0.7649402390438247, 0.8247011952191236, 0.4940239043824701]
Score of training (classical) [0.7042957042957043, 0.7752247752247752, 0.8591408591408591, 0.4995004995004995]
Attempt  16
Score of validation 0.8366533864541833
Score of training 0.8791208791208791
Score of validation (classical) [0.7370517928286853, 0.7729083665338645, 0.8446215139442231, 0.4940239043824701]
Score of training (classical) [0.6913086913086913, 0.7432567432567433, 0.8611388611388612, 0.4935064935064935]
Attempt  17
Score of validation 0.8286852589641435
Score of training 0.8861138861138861
Score of validation (classical) [0.6932270916334662, 0.7410358565737052, 0.8167330677290837, 0.5219123505976095]
Score of training (classical) [0.7032967032967034, 0.7812187812187812, 0.8631368631368631, 0.5144855144855145]
Attempt  18
Score of validation 0.8366533864541833
Score of training 0.8821178821178821
Score of validation (classical) [0.7131474103585658, 0.7330677290836654, 0.8326693227091634, 0.5298804780876494]
Score of training (classical) [0.6953046953046953, 0.7612387612387612, 0.8621378621378621, 0.48151848151848153]
Attempt  19
Score of validation 0.8326693227091634
Score of training 0.8701298701298701
Score of validation (classical) [0.649402390438247, 0.7689243027888446, 0.8406374501992032, 0.5059760956175299]
Score of training (classical) [0.7172827172827173, 0.7812187812187812, 0.8551448551448552, 0.5094905094905094]
Attempt  20
Score of validation 0.8645418326693227
Score of training 0.8711288711288712
Score of validation (classical) [0.701195219123506, 0.7928286852589641, 0.852589641434263, 0.5179282868525896]
Score of training (classical) [0.7032967032967034, 0.7792207792207793, 0.8561438561438561, 0.5054945054945055]
Attempt  21
Score of validation 0.848605577689243
Score of training 0.8701298701298701
Score of validation (classical) [0.7171314741035857, 0.8007968127490039, 0.848605577689243, 0.5258964143426295]
Score of training (classical) [0.7012987012987013, 0.7482517482517482, 0.8621378621378621, 0.4905094905094905]
Attempt  22
Score of validation 0.8565737051792829
Score of training 0.8771228771228772
Score of validation (classical) [0.701195219123506, 0.7450199203187251, 0.8605577689243028, 0.4860557768924303]
Score of training (classical) [0.7082917082917083, 0.7722277722277723, 0.8531468531468531, 0.4955044955044955]
Attempt  23
Score of validation 0.8047808764940239
Score of training 0.8751248751248751
Score of validation (classical) [0.6693227091633466, 0.7330677290836654, 0.8247011952191236, 0.5537848605577689]
Score of training (classical) [0.7092907092907093, 0.7842157842157842, 0.8631368631368631, 0.5134865134865135]
Attempt  24
Score of validation 0.848605577689243
Score of training 0.8701298701298701
Score of validation (classical) [0.6892430278884463, 0.7808764940239044, 0.8645418326693227, 0.5059760956175299]
Score of training (classical) [0.7052947052947053, 0.7662337662337663, 0.8521478521478522, 0.4875124875124875]
Attempt  25
Score of validation 0.8127490039840638
Score of training 0.8761238761238761
Score of validation (classical) [0.701195219123506, 0.7330677290836654, 0.852589641434263, 0.50199203187251]
Score of training (classical) [0.7102897102897103, 0.7652347652347652, 0.8481518481518482, 0.5014985014985015]
Attempt  26
Score of validation 0.8047808764940239
Score of training 0.8811188811188811
Score of validation (classical) [0.6693227091633466, 0.7450199203187251, 0.7888446215139442, 0.4581673306772908]
Score of training (classical) [0.7182817182817183, 0.7862137862137862, 0.8721278721278721, 0.5214785214785215]
Attempt  27
Score of validation 0.8167330677290837
Score of training 0.8651348651348651
Score of validation (classical) [0.6852589641434262, 0.7848605577689243, 0.8286852589641435, 0.47808764940239046]
Score of training (classical) [0.7112887112887113, 0.7862137862137862, 0.8601398601398601, 0.5004995004995005]
Attempt  28
Score of validation 0.8565737051792829
Score of training 0.8691308691308691
Score of validation (classical) [0.7131474103585658, 0.8047808764940239, 0.8565737051792829, 0.47410358565737054]
Score of training (classical) [0.7002997002997003, 0.7672327672327672, 0.8501498501498501, 0.5014985014985015]
Attempt  29
Score of validation 0.8167330677290837
Score of training 0.8761238761238761
Score of validation (classical) [0.7051792828685259, 0.7569721115537849, 0.8087649402390438, 0.4581673306772908]
Score of training (classical) [0.7072927072927073, 0.7772227772227772, 0.8631368631368631, 0.5144855144855145]
Attempt  30
Score of validation 0.8087649402390438
Score of training 0.8761238761238761
Score of validation (classical) [0.6892430278884463, 0.7768924302788844, 0.8446215139442231, 0.46613545816733065]
Score of training (classical) [0.7062937062937062, 0.7702297702297702, 0.8621378621378621, 0.5014985014985015]
Attempt  31
Score of validation 0.8326693227091634
Score of training 0.8771228771228772
Score of validation (classical) [0.7051792828685259, 0.7768924302788844, 0.8446215139442231, 0.47410358565737054]
Score of training (classical) [0.7052947052947053, 0.7892107892107892, 0.8521478521478522, 0.4915084915084915]
Attempt  32
Score of validation 0.8286852589641435
Score of training 0.8721278721278721
Score of validation (classical) [0.6812749003984063, 0.7250996015936255, 0.8286852589641435, 0.47808764940239046]
Score of training (classical) [0.7092907092907093, 0.7792207792207793, 0.8701298701298701, 0.5004995004995005]
Attempt  33
Score of validation 0.8326693227091634
Score of training 0.8681318681318682
Score of validation (classical) [0.701195219123506, 0.7330677290836654, 0.8605577689243028, 0.50199203187251]
Score of training (classical) [0.7042957042957043, 0.7672327672327672, 0.8541458541458542, 0.4955044955044955]
Attempt  34
Score of validation 0.8167330677290837
Score of training 0.8841158841158842
Score of validation (classical) [0.6972111553784861, 0.7290836653386454, 0.8366533864541833, 0.5179282868525896]
Score of training (classical) [0.7092907092907093, 0.7652347652347652, 0.8571428571428571, 0.5004995004995005]
Attempt  35
Score of validation 0.8605577689243028
Score of training 0.8791208791208791
Score of validation (classical) [0.7051792828685259, 0.7928286852589641, 0.8685258964143426, 0.4820717131474104]
Score of training (classical) [0.7062937062937062, 0.7762237762237763, 0.8511488511488512, 0.5144855144855145]
Attempt  36
Score of validation 0.8446215139442231
Score of training 0.8721278721278721
Score of validation (classical) [0.7131474103585658, 0.7529880478087649, 0.8565737051792829, 0.4342629482071713]
Score of training (classical) [0.6993006993006993, 0.7632367632367633, 0.8491508491508492, 0.5044955044955045]
Attempt  37
Score of validation 0.8087649402390438
Score of training 0.8681318681318682
Score of validation (classical) [0.6653386454183267, 0.7649402390438247, 0.8247011952191236, 0.4900398406374502]
Score of training (classical) [0.7102897102897103, 0.7642357642357642, 0.8591408591408591, 0.4995004995004995]
Attempt  38
Score of validation 0.8127490039840638
Score of training 0.8821178821178821
Score of validation (classical) [0.7211155378486056, 0.749003984063745, 0.8326693227091634, 0.5338645418326693]
Score of training (classical) [0.6993006993006993, 0.7592407592407593, 0.8581418581418582, 0.4945054945054945]
Attempt  39
Score of validation 0.8605577689243028
Score of training 0.8651348651348651
Score of validation (classical) [0.7211155378486056, 0.7211155378486056, 0.8844621513944223, 0.47410358565737054]
Score of training (classical) [0.6973026973026973, 0.7702297702297702, 0.8491508491508492, 0.4835164835164835]
Attempt  40
Score of validation 0.796812749003984
Score of training 0.8671328671328671
Score of validation (classical) [0.6852589641434262, 0.7290836653386454, 0.852589641434263, 0.4860557768924303]
Score of training (classical) [0.7082917082917083, 0.7602397602397603, 0.8561438561438561, 0.4885114885114885]
Attempt  41
Score of validation 0.8446215139442231
Score of training 0.8741258741258742
Score of validation (classical) [0.701195219123506, 0.7689243027888446, 0.8605577689243028, 0.50199203187251]
Score of training (classical) [0.7092907092907093, 0.7882117882117882, 0.8521478521478522, 0.4925074925074925]
Attempt  42
Score of validation 0.848605577689243
Score of training 0.8751248751248751
Score of validation (classical) [0.6972111553784861, 0.7250996015936255, 0.8605577689243028, 0.5378486055776892]
Score of training (classical) [0.7012987012987013, 0.7652347652347652, 0.8521478521478522, 0.4835164835164835]
Attempt  43
Score of validation 0.8247011952191236
Score of training 0.8701298701298701
Score of validation (classical) [0.7171314741035857, 0.7569721115537849, 0.8565737051792829, 0.5418326693227091]
Score of training (classical) [0.6973026973026973, 0.7602397602397603, 0.8541458541458542, 0.47952047952047955]
Attempt  44
Score of validation 0.8446215139442231
Score of training 0.8751248751248751
Score of validation (classical) [0.6892430278884463, 0.7768924302788844, 0.8605577689243028, 0.50199203187251]
Score of training (classical) [0.7062937062937062, 0.7862137862137862, 0.8481518481518482, 0.4905094905094905]
Attempt  45
Score of validation 0.8565737051792829
Score of training 0.8681318681318682
Score of validation (classical) [0.7091633466135459, 0.7888446215139442, 0.8565737051792829, 0.50199203187251]
Score of training (classical) [0.7072927072927073, 0.7612387612387612, 0.8541458541458542, 0.5004995004995005]
Attempt  46
Score of validation 0.8764940239043825
Score of training 0.8741258741258742
Score of validation (classical) [0.7410358565737052, 0.7689243027888446, 0.848605577689243, 0.5059760956175299]
Score of training (classical) [0.6933066933066933, 0.7842157842157842, 0.8581418581418582, 0.5124875124875125]
Attempt  47
Score of validation 0.8366533864541833
Score of training 0.8651348651348651
Score of validation (classical) [0.6972111553784861, 0.7330677290836654, 0.8446215139442231, 0.450199203187251]
Score of training (classical) [0.7122877122877123, 0.7602397602397603, 0.8561438561438561, 0.5204795204795205]
Attempt  48
Score of validation 0.848605577689243
Score of training 0.8761238761238761
Score of validation (classical) [0.7290836653386454, 0.7729083665338645, 0.8645418326693227, 0.5179282868525896]
Score of training (classical) [0.6973026973026973, 0.7692307692307693, 0.8491508491508492, 0.4955044955044955]
Attempt  49
Score of validation 0.8725099601593626
Score of training 0.8611388611388612
Score of validation (classical) [0.6972111553784861, 0.7569721115537849, 0.8804780876494024, 0.4541832669322709]
Score of training (classical) [0.7032967032967034, 0.7632367632367633, 0.8511488511488512, 0.4985014985014985]
Attempt  50
Score of validation 0.8207171314741036
Score of training 0.8761238761238761
Score of validation (classical) [0.7131474103585658, 0.7569721115537849, 0.8685258964143426, 0.50199203187251]
Score of training (classical) [0.7012987012987013, 0.7552447552447552, 0.8561438561438561, 0.4865134865134865]
Attempt  51
Score of validation 0.8446215139442231
Score of training 0.8871128871128872
Score of validation (classical) [0.7171314741035857, 0.7768924302788844, 0.8366533864541833, 0.545816733067729]
Score of training (classical) [0.7052947052947053, 0.7782217782217782, 0.8641358641358642, 0.4965034965034965]
Attempt  52
Score of validation 0.8804780876494024
Score of training 0.8711288711288712
Score of validation (classical) [0.7131474103585658, 0.7649402390438247, 0.8565737051792829, 0.46613545816733065]
Score of training (classical) [0.6983016983016983, 0.7802197802197802, 0.8481518481518482, 0.4955044955044955]
Attempt  53
Score of validation 0.8087649402390438
Score of training 0.8731268731268731
Score of validation (classical) [0.6932270916334662, 0.7569721115537849, 0.8167330677290837, 0.44621513944223107]
Score of training (classical) [0.7062937062937062, 0.7882117882117882, 0.8601398601398601, 0.4925074925074925]
Attempt  54
Score of validation 0.8685258964143426
Score of training 0.8731268731268731
Score of validation (classical) [0.6852589641434262, 0.7689243027888446, 0.8804780876494024, 0.4342629482071713]
Score of training (classical) [0.7072927072927073, 0.7552447552447552, 0.8501498501498501, 0.5014985014985015]
Attempt  55
Score of validation 0.848605577689243
Score of training 0.8791208791208791
Score of validation (classical) [0.7211155378486056, 0.7091633466135459, 0.8645418326693227, 0.545816733067729]
Score of training (classical) [0.6983016983016983, 0.7722277722277723, 0.8581418581418582, 0.4865134865134865]
Attempt  56
Score of validation 0.8326693227091634
Score of training 0.8751248751248751
Score of validation (classical) [0.7051792828685259, 0.796812749003984, 0.8645418326693227, 0.47808764940239046]
Score of training (classical) [0.7012987012987013, 0.7732267732267732, 0.8531468531468531, 0.5184815184815185]
Attempt  57
Score of validation 0.8286852589641435
Score of training 0.8721278721278721
Score of validation (classical) [0.701195219123506, 0.7450199203187251, 0.8565737051792829, 0.5577689243027888]
Score of training (classical) [0.7002997002997003, 0.7612387612387612, 0.8541458541458542, 0.4965034965034965]
Attempt  58
Score of validation 0.8605577689243028
Score of training 0.8701298701298701
Score of validation (classical) [0.701195219123506, 0.7410358565737052, 0.852589641434263, 0.47410358565737054]
Score of training (classical) [0.7032967032967034, 0.7802197802197802, 0.8571428571428571, 0.5164835164835165]
Attempt  59
Score of validation 0.8207171314741036
Score of training 0.8701298701298701
Score of validation (classical) [0.701195219123506, 0.749003984063745, 0.8127490039840638, 0.5219123505976095]
Score of training (classical) [0.7042957042957043, 0.7752247752247752, 0.8651348651348651, 0.4945054945054945]
Attempt  60
Score of validation 0.8406374501992032
Score of training 0.8781218781218781
Score of validation (classical) [0.6892430278884463, 0.7569721115537849, 0.8406374501992032, 0.5298804780876494]
Score of training (classical) [0.7062937062937062, 0.7842157842157842, 0.8581418581418582, 0.4955044955044955]
Attempt  61
Score of validation 0.8446215139442231
Score of training 0.8741258741258742
Score of validation (classical) [0.6613545816733067, 0.7768924302788844, 0.8326693227091634, 0.44223107569721115]
Score of training (classical) [0.7102897102897103, 0.7832167832167832, 0.8591408591408591, 0.5224775224775224]
Attempt  62
Score of validation 0.8087649402390438
Score of training 0.8871128871128872
Score of validation (classical) [0.7091633466135459, 0.749003984063745, 0.8286852589641435, 0.5059760956175299]
Score of training (classical) [0.7012987012987013, 0.7862137862137862, 0.8581418581418582, 0.4905094905094905]
Attempt  63
Score of validation 0.8446215139442231
Score of training 0.8761238761238761
Score of validation (classical) [0.7211155378486056, 0.7689243027888446, 0.8725099601593626, 0.5258964143426295]
Score of training (classical) [0.7032967032967034, 0.7712287712287712, 0.8531468531468531, 0.4825174825174825]
Attempt  64
Score of validation 0.8804780876494024
Score of training 0.8751248751248751
Score of validation (classical) [0.7091633466135459, 0.7689243027888446, 0.8764940239043825, 0.4940239043824701]
Score of training (classical) [0.7042957042957043, 0.7892107892107892, 0.8521478521478522, 0.4945054945054945]
Attempt  65
Score of validation 0.8207171314741036
Score of training 0.8751248751248751
Score of validation (classical) [0.7370517928286853, 0.7729083665338645, 0.8764940239043825, 0.49800796812749004]
Score of training (classical) [0.6963036963036963, 0.7792207792207793, 0.8481518481518482, 0.4875124875124875]
Attempt  66
Score of validation 0.8446215139442231
Score of training 0.8771228771228772
Score of validation (classical) [0.7131474103585658, 0.7649402390438247, 0.8764940239043825, 0.5179282868525896]
Score of training (classical) [0.7042957042957043, 0.7622377622377622, 0.8491508491508492, 0.4945054945054945]
Attempt  67
Score of validation 0.8366533864541833
Score of training 0.8741258741258742
Score of validation (classical) [0.6772908366533864, 0.7649402390438247, 0.8406374501992032, 0.47410358565737054]
Score of training (classical) [0.7142857142857143, 0.7742257742257742, 0.8601398601398601, 0.5264735264735265]
Attempt  68
Score of validation 0.8326693227091634
Score of training 0.8731268731268731
Score of validation (classical) [0.7450199203187251, 0.7410358565737052, 0.8565737051792829, 0.4860557768924303]
Score of training (classical) [0.6983016983016983, 0.7542457542457542, 0.8551448551448552, 0.4805194805194805]
Attempt  69
Score of validation 0.8804780876494024
Score of training 0.8611388611388612
Score of validation (classical) [0.7569721115537849, 0.8047808764940239, 0.8804780876494024, 0.5059760956175299]
Score of training (classical) [0.6933066933066933, 0.7592407592407593, 0.8451548451548452, 0.48151848151848153]
Attempt  70
Score of validation 0.900398406374502
Score of training 0.8701298701298701
Score of validation (classical) [0.7051792828685259, 0.8007968127490039, 0.8685258964143426, 0.5258964143426295]
Score of training (classical) [0.7052947052947053, 0.7562437562437563, 0.8511488511488512, 0.4805194805194805]
Attempt  71
Score of validation 0.8247011952191236
Score of training 0.8781218781218781
Score of validation (classical) [0.7211155378486056, 0.8167330677290837, 0.848605577689243, 0.4940239043824701]
Score of training (classical) [0.7002997002997003, 0.7882117882117882, 0.8511488511488512, 0.5034965034965035]
Attempt  72
Score of validation 0.8167330677290837
Score of training 0.8751248751248751
Score of validation (classical) [0.6852589641434262, 0.7410358565737052, 0.8446215139442231, 0.5179282868525896]
Score of training (classical) [0.7092907092907093, 0.7722277722277723, 0.8641358641358642, 0.5054945054945055]
Attempt  73
Score of validation 0.8565737051792829
Score of training 0.8761238761238761
Score of validation (classical) [0.6932270916334662, 0.7609561752988048, 0.8366533864541833, 0.47808764940239046]
Score of training (classical) [0.7112887112887113, 0.7672327672327672, 0.8591408591408591, 0.4995004995004995]
Attempt  74
Score of validation 0.7888446215139442
Score of training 0.8801198801198801
Score of validation (classical) [0.7051792828685259, 0.7250996015936255, 0.8446215139442231, 0.50199203187251]
Score of training (classical) [0.7032967032967034, 0.7682317682317682, 0.8601398601398601, 0.4875124875124875]
Attempt  75
Score of validation 0.8645418326693227
Score of training 0.8781218781218781
Score of validation (classical) [0.7131474103585658, 0.796812749003984, 0.8725099601593626, 0.5139442231075697]
Score of training (classical) [0.6993006993006993, 0.7632367632367633, 0.8551448551448552, 0.4805194805194805]
Attempt  76
Score of validation 0.8446215139442231
Score of training 0.8751248751248751
Score of validation (classical) [0.7091633466135459, 0.8007968127490039, 0.8605577689243028, 0.4940239043824701]
Score of training (classical) [0.7042957042957043, 0.7652347652347652, 0.8561438561438561, 0.5134865134865135]
Attempt  77
Score of validation 0.8286852589641435
Score of training 0.8741258741258742
Score of validation (classical) [0.6972111553784861, 0.7171314741035857, 0.8326693227091634, 0.5059760956175299]
Score of training (classical) [0.7022977022977023, 0.7852147852147852, 0.8671328671328671, 0.4995004995004995]
Attempt  78
Score of validation 0.8406374501992032
Score of training 0.8751248751248751
Score of validation (classical) [0.7569721115537849, 0.7808764940239044, 0.8884462151394422, 0.5378486055776892]
Score of training (classical) [0.6903096903096904, 0.7652347652347652, 0.8511488511488512, 0.4925074925074925]
Attempt  79
Score of validation 0.852589641434263
Score of training 0.8651348651348651
Score of validation (classical) [0.6733067729083665, 0.7609561752988048, 0.848605577689243, 0.4701195219123506]
Score of training (classical) [0.7092907092907093, 0.7892107892107892, 0.8611388611388612, 0.5244755244755245]
Attempt  80
Score of validation 0.8127490039840638
Score of training 0.8771228771228772
Score of validation (classical) [0.6852589641434262, 0.7729083665338645, 0.8406374501992032, 0.4541832669322709]
Score of training (classical) [0.7052947052947053, 0.7622377622377622, 0.8511488511488512, 0.5014985014985015]
Attempt  81
Score of validation 0.7928286852589641
Score of training 0.8741258741258742
Score of validation (classical) [0.6932270916334662, 0.7529880478087649, 0.8446215139442231, 0.5179282868525896]
Score of training (classical) [0.7042957042957043, 0.7842157842157842, 0.8651348651348651, 0.5024975024975025]
Attempt  82
Score of validation 0.8844621513944223
Score of training 0.8631368631368631
Score of validation (classical) [0.7649402390438247, 0.8087649402390438, 0.9163346613545816, 0.4900398406374502]
Score of training (classical) [0.6883116883116883, 0.7572427572427572, 0.8411588411588412, 0.4675324675324675]
Attempt  83
Score of validation 0.8047808764940239
Score of training 0.8801198801198801
Score of validation (classical) [0.6533864541832669, 0.7290836653386454, 0.8326693227091634, 0.450199203187251]
Score of training (classical) [0.7172827172827173, 0.7842157842157842, 0.8591408591408591, 0.5064935064935064]
Attempt  84
Score of validation 0.8446215139442231
Score of training 0.8761238761238761
Score of validation (classical) [0.7131474103585658, 0.749003984063745, 0.8446215139442231, 0.46613545816733065]
Score of training (classical) [0.7042957042957043, 0.7722277722277723, 0.8661338661338661, 0.5104895104895105]
Attempt  85
Score of validation 0.7848605577689243
Score of training 0.8871128871128872
Score of validation (classical) [0.7211155378486056, 0.7768924302788844, 0.848605577689243, 0.5258964143426295]
Score of training (classical) [0.7052947052947053, 0.7802197802197802, 0.8581418581418582, 0.4855144855144855]
Attempt  86
Score of validation 0.8326693227091634
Score of training 0.8771228771228772
Score of validation (classical) [0.7290836653386454, 0.7609561752988048, 0.8286852589641435, 0.5737051792828686]
Score of training (classical) [0.6943056943056943, 0.7902097902097902, 0.8691308691308691, 0.4865134865134865]
Attempt  87
Score of validation 0.8127490039840638
Score of training 0.8821178821178821
Score of validation (classical) [0.6812749003984063, 0.7848605577689243, 0.852589641434263, 0.5139442231075697]
Score of training (classical) [0.7052947052947053, 0.7612387612387612, 0.8531468531468531, 0.4975024975024975]
Attempt  88
Score of validation 0.8007968127490039
Score of training 0.8791208791208791
Score of validation (classical) [0.6852589641434262, 0.7529880478087649, 0.8167330677290837, 0.4940239043824701]
Score of training (classical) [0.7072927072927073, 0.7712287712287712, 0.8631368631368631, 0.4995004995004995]
Attempt  89
Score of validation 0.8087649402390438
Score of training 0.8751248751248751
Score of validation (classical) [0.701195219123506, 0.7330677290836654, 0.8406374501992032, 0.4900398406374502]
Score of training (classical) [0.7032967032967034, 0.7942057942057942, 0.8611388611388612, 0.4955044955044955]
Attempt  90
Score of validation 0.8127490039840638
Score of training 0.8651348651348651
Score of validation (classical) [0.7171314741035857, 0.7729083665338645, 0.848605577689243, 0.4900398406374502]
Score of training (classical) [0.7042957042957043, 0.7622377622377622, 0.8531468531468531, 0.4965034965034965]
Attempt  91
Score of validation 0.8127490039840638
Score of training 0.8751248751248751
Score of validation (classical) [0.6772908366533864, 0.7250996015936255, 0.8207171314741036, 0.5258964143426295]
Score of training (classical) [0.7112887112887113, 0.7702297702297702, 0.8701298701298701, 0.4955044955044955]
Attempt  92
Score of validation 0.8446215139442231
Score of training 0.8781218781218781
Score of validation (classical) [0.6852589641434262, 0.7290836653386454, 0.8207171314741036, 0.47808764940239046]
Score of training (classical) [0.7062937062937062, 0.7712287712287712, 0.8571428571428571, 0.5024975024975025]
Attempt  93
Score of validation 0.8326693227091634
Score of training 0.8651348651348651
Score of validation (classical) [0.6693227091633466, 0.7729083665338645, 0.8565737051792829, 0.4701195219123506]
Score of training (classical) [0.7142857142857143, 0.7852147852147852, 0.8591408591408591, 0.5304695304695305]
Attempt  94
Score of validation 0.8167330677290837
Score of training 0.8801198801198801
Score of validation (classical) [0.6812749003984063, 0.749003984063745, 0.8207171314741036, 0.5219123505976095]
Score of training (classical) [0.7092907092907093, 0.7802197802197802, 0.8661338661338661, 0.5044955044955045]
Attempt  95
Score of validation 0.8565737051792829
Score of training 0.8821178821178821
Score of validation (classical) [0.701195219123506, 0.796812749003984, 0.848605577689243, 0.4860557768924303]
Score of training (classical) [0.7022977022977023, 0.7772227772227772, 0.8541458541458542, 0.4955044955044955]
Attempt  96
Score of validation 0.852589641434263
Score of training 0.8741258741258742
Score of validation (classical) [0.7450199203187251, 0.7848605577689243, 0.8884462151394422, 0.4581673306772908]
Score of training (classical) [0.6923076923076923, 0.7552447552447552, 0.8481518481518482, 0.47952047952047955]
Attempt  97
Score of validation 0.8326693227091634
Score of training 0.8751248751248751
Score of validation (classical) [0.7290836653386454, 0.8007968127490039, 0.8605577689243028, 0.49800796812749004]
Score of training (classical) [0.6983016983016983, 0.7792207792207793, 0.8541458541458542, 0.48951048951048953]
Attempt  98
Score of validation 0.8685258964143426
Score of training 0.8621378621378621
Score of validation (classical) [0.7171314741035857, 0.7729083665338645, 0.8764940239043825, 0.5099601593625498]
Score of training (classical) [0.7022977022977023, 0.7722277722277723, 0.8551448551448552, 0.48151848151848153]
Attempt  99
Score of validation 0.8247011952191236
Score of training 0.8751248751248751
Score of validation (classical) [0.6972111553784861, 0.7768924302788844, 0.8167330677290837, 0.4940239043824701]
Score of training (classical) [0.7042957042957043, 0.7862137862137862, 0.8581418581418582, 0.4905094905094905]
Attempt  100
Score of validation 0.8804780876494024
Score of training 0.8671328671328671
Score of validation (classical) [0.7290836653386454, 0.7569721115537849, 0.8764940239043825, 0.50199203187251]
Score of training (classical) [0.6953046953046953, 0.7712287712287712, 0.8541458541458542, 0.4835164835164835]
Attempt  101
Score of validation 0.8286852589641435
Score of training 0.8691308691308691
Score of validation (classical) [0.6972111553784861, 0.7848605577689243, 0.852589641434263, 0.5179282868525896]
Score of training (classical) [0.7032967032967034, 0.7852147852147852, 0.8611388611388612, 0.5074925074925075]
Attempt  102
Score of validation 0.8366533864541833
Score of training 0.8781218781218781
Score of validation (classical) [0.7290836653386454, 0.7848605577689243, 0.8605577689243028, 0.5179282868525896]
Score of training (classical) [0.7002997002997003, 0.7762237762237763, 0.8601398601398601, 0.4835164835164835]
Attempt  103
Score of validation 0.8366533864541833
Score of training 0.8751248751248751
Score of validation (classical) [0.7131474103585658, 0.7529880478087649, 0.8326693227091634, 0.49800796812749004]
Score of training (classical) [0.7002997002997003, 0.7642357642357642, 0.8621378621378621, 0.48951048951048953]
Attempt  104
Score of validation 0.8406374501992032
Score of training 0.8871128871128872
Score of validation (classical) [0.6812749003984063, 0.7450199203187251, 0.8844621513944223, 0.5099601593625498]
Score of training (classical) [0.7122877122877123, 0.7722277722277723, 0.8561438561438561, 0.5074925074925075]
Attempt  105
Score of validation 0.8565737051792829
Score of training 0.8731268731268731
Score of validation (classical) [0.7091633466135459, 0.7808764940239044, 0.848605577689243, 0.46215139442231074]
Score of training (classical) [0.7002997002997003, 0.7752247752247752, 0.8551448551448552, 0.5044955044955045]
Attempt  106
Score of validation 0.8406374501992032
Score of training 0.8621378621378621
Score of validation (classical) [0.6852589641434262, 0.7729083665338645, 0.8446215139442231, 0.4860557768924303]
Score of training (classical) [0.7062937062937062, 0.7832167832167832, 0.8551448551448552, 0.4915084915084915]
Attempt  107
Score of validation 0.8366533864541833
Score of training 0.8801198801198801
Score of validation (classical) [0.701195219123506, 0.7410358565737052, 0.8326693227091634, 0.5338645418326693]
Score of training (classical) [0.7022977022977023, 0.7692307692307693, 0.8611388611388612, 0.4775224775224775]
Attempt  108
Score of validation 0.8286852589641435
Score of training 0.8691308691308691
Score of validation (classical) [0.6852589641434262, 0.7569721115537849, 0.8127490039840638, 0.5139442231075697]
Score of training (classical) [0.7052947052947053, 0.7872127872127872, 0.8671328671328671, 0.4885114885114885]
Attempt  109
Score of validation 0.8007968127490039
Score of training 0.8891108891108891
Score of validation (classical) [0.6653386454183267, 0.7051792828685259, 0.8167330677290837, 0.5258964143426295]
Score of training (classical) [0.7122877122877123, 0.7752247752247752, 0.8621378621378621, 0.4925074925074925]
Attempt  110
Score of validation 0.8406374501992032
Score of training 0.8781218781218781
Score of validation (classical) [0.7091633466135459, 0.7290836653386454, 0.8247011952191236, 0.4940239043824701]
Score of training (classical) [0.7022977022977023, 0.7722277722277723, 0.8701298701298701, 0.4945054945054945]
Attempt  111
Score of validation 0.848605577689243
Score of training 0.8621378621378621
Score of validation (classical) [0.6812749003984063, 0.7450199203187251, 0.8565737051792829, 0.4940239043824701]
Score of training (classical) [0.7122877122877123, 0.7642357642357642, 0.8541458541458542, 0.5064935064935064]
Attempt  112
Score of validation 0.8047808764940239
Score of training 0.8811188811188811
Score of validation (classical) [0.6294820717131474, 0.749003984063745, 0.8326693227091634, 0.50199203187251]
Score of training (classical) [0.7202797202797203, 0.7912087912087912, 0.8611388611388612, 0.5114885114885115]
Attempt  113
Score of validation 0.852589641434263
Score of training 0.8741258741258742
Score of validation (classical) [0.7330677290836654, 0.8207171314741036, 0.8725099601593626, 0.5099601593625498]
Score of training (classical) [0.6963036963036963, 0.7762237762237763, 0.8541458541458542, 0.4855144855144855]
Attempt  114
Score of validation 0.8007968127490039
Score of training 0.8791208791208791
Score of validation (classical) [0.7211155378486056, 0.749003984063745, 0.8087649402390438, 0.5258964143426295]
Score of training (classical) [0.7032967032967034, 0.7902097902097902, 0.8651348651348651, 0.4885114885114885]
Attempt  115
Score of validation 0.8366533864541833
Score of training 0.8651348651348651
Score of validation (classical) [0.7211155378486056, 0.749003984063745, 0.8725099601593626, 0.49800796812749004]
Score of training (classical) [0.7012987012987013, 0.7612387612387612, 0.8491508491508492, 0.48951048951048953]
Attempt  116
Score of validation 0.8207171314741036
Score of training 0.8791208791208791
Score of validation (classical) [0.6812749003984063, 0.7250996015936255, 0.8087649402390438, 0.5258964143426295]
Score of training (classical) [0.7122877122877123, 0.7782217782217782, 0.8561438561438561, 0.4955044955044955]
Attempt  117
Score of validation 0.7928286852589641
Score of training 0.8771228771228772
Score of validation (classical) [0.5976095617529881, 0.7410358565737052, 0.7808764940239044, 0.44223107569721115]
Score of training (classical) [0.7292707292707292, 0.7912087912087912, 0.8701298701298701, 0.5214785214785215]
Attempt  118
Score of validation 0.8007968127490039
Score of training 0.8891108891108891
Score of validation (classical) [0.649402390438247, 0.7370517928286853, 0.8366533864541833, 0.5059760956175299]
Score of training (classical) [0.7202797202797203, 0.7942057942057942, 0.8631368631368631, 0.5074925074925075]
Attempt  119
Score of validation 0.8446215139442231
Score of training 0.8691308691308691
Score of validation (classical) [0.701195219123506, 0.7609561752988048, 0.852589641434263, 0.545816733067729]
Score of training (classical) [0.7032967032967034, 0.7852147852147852, 0.8541458541458542, 0.4905094905094905]
Attempt  120
Score of validation 0.8406374501992032
Score of training 0.8701298701298701
Score of validation (classical) [0.6374501992031872, 0.7410358565737052, 0.852589641434263, 0.5059760956175299]
Score of training (classical) [0.7192807192807192, 0.7892107892107892, 0.8631368631368631, 0.5114885114885115]
Attempt  121
Score of validation 0.8366533864541833
Score of training 0.8731268731268731
Score of validation (classical) [0.6852589641434262, 0.7689243027888446, 0.8605577689243028, 0.50199203187251]
Score of training (classical) [0.7062937062937062, 0.7862137862137862, 0.8511488511488512, 0.5054945054945055]
Attempt  122
Score of validation 0.7928286852589641
Score of training 0.8861138861138861
Score of validation (classical) [0.6972111553784861, 0.7450199203187251, 0.8366533864541833, 0.5099601593625498]
Score of training (classical) [0.7032967032967034, 0.7902097902097902, 0.8611388611388612, 0.5004995004995005]
Attempt  123
Score of validation 0.8645418326693227
Score of training 0.8681318681318682
Score of validation (classical) [0.7171314741035857, 0.7649402390438247, 0.8605577689243028, 0.46613545816733065]
Score of training (classical) [0.7022977022977023, 0.7522477522477522, 0.8571428571428571, 0.4865134865134865]
Attempt  124
Score of validation 0.8247011952191236
Score of training 0.8721278721278721
Score of validation (classical) [0.6733067729083665, 0.7649402390438247, 0.8247011952191236, 0.5298804780876494]
Score of training (classical) [0.7152847152847153, 0.7892107892107892, 0.8541458541458542, 0.4825174825174825]
Attempt  125
Score of validation 0.8326693227091634
Score of training 0.8791208791208791
Score of validation (classical) [0.6972111553784861, 0.7928286852589641, 0.8725099601593626, 0.4860557768924303]
Score of training (classical) [0.7062937062937062, 0.7612387612387612, 0.8541458541458542, 0.4955044955044955]
Attempt  126
Score of validation 0.8645418326693227
Score of training 0.8751248751248751
Score of validation (classical) [0.7171314741035857, 0.7649402390438247, 0.8565737051792829, 0.4860557768924303]
Score of training (classical) [0.7032967032967034, 0.7552447552447552, 0.8491508491508492, 0.4935064935064935]
Attempt  127
Score of validation 0.852589641434263
Score of training 0.8721278721278721
Score of validation (classical) [0.7211155378486056, 0.7808764940239044, 0.8725099601593626, 0.46613545816733065]
Score of training (classical) [0.7002997002997003, 0.7552447552447552, 0.8561438561438561, 0.48451548451548454]
Attempt  128
Score of validation 0.8446215139442231
Score of training 0.8601398601398601
Score of validation (classical) [0.7450199203187251, 0.7450199203187251, 0.8605577689243028, 0.5378486055776892]
Score of training (classical) [0.6913086913086913, 0.7582417582417582, 0.8581418581418582, 0.47352647352647353]
Attempt  129
Score of validation 0.8167330677290837
Score of training 0.8821178821178821
Score of validation (classical) [0.7091633466135459, 0.7330677290836654, 0.8007968127490039, 0.5179282868525896]
Score of training (classical) [0.7022977022977023, 0.7892107892107892, 0.8691308691308691, 0.5124875124875125]
Attempt  130
Score of validation 0.8087649402390438
Score of training 0.8901098901098901
Score of validation (classical) [0.6573705179282868, 0.7529880478087649, 0.8286852589641435, 0.4820717131474104]
Score of training (classical) [0.7142857142857143, 0.7652347652347652, 0.8581418581418582, 0.5014985014985015]
Attempt  131
Score of validation 0.8645418326693227
Score of training 0.8691308691308691
Score of validation (classical) [0.6972111553784861, 0.8007968127490039, 0.8605577689243028, 0.4940239043824701]
Score of training (classical) [0.7042957042957043, 0.7662337662337663, 0.8531468531468531, 0.4945054945054945]
Attempt  132
Score of validation 0.8725099601593626
Score of training 0.8761238761238761
Score of validation (classical) [0.7529880478087649, 0.7689243027888446, 0.8884462151394422, 0.47410358565737054]
Score of training (classical) [0.6903096903096904, 0.7692307692307693, 0.8461538461538461, 0.4725274725274725]
Attempt  133
Score of validation 0.8326693227091634
Score of training 0.8731268731268731
Score of validation (classical) [0.6533864541832669, 0.7569721115537849, 0.8446215139442231, 0.49800796812749004]
Score of training (classical) [0.7212787212787213, 0.7742257742257742, 0.8561438561438561, 0.5244755244755245]
Attempt  134
Score of validation 0.8247011952191236
Score of training 0.8691308691308691
Score of validation (classical) [0.6653386454183267, 0.7250996015936255, 0.848605577689243, 0.4900398406374502]
Score of training (classical) [0.7142857142857143, 0.7822177822177823, 0.8581418581418582, 0.4955044955044955]
Attempt  135
Score of validation 0.8087649402390438
Score of training 0.8761238761238761
Score of validation (classical) [0.6733067729083665, 0.7131474103585658, 0.7848605577689243, 0.4940239043824701]
Score of training (classical) [0.7042957042957043, 0.7892107892107892, 0.8681318681318682, 0.4955044955044955]
Attempt  136
Score of validation 0.8406374501992032
Score of training 0.8791208791208791
Score of validation (classical) [0.6772908366533864, 0.749003984063745, 0.8167330677290837, 0.5219123505976095]
Score of training (classical) [0.7082917082917083, 0.7602397602397603, 0.8581418581418582, 0.4955044955044955]
Attempt  137
Score of validation 0.8406374501992032
Score of training 0.8751248751248751
Score of validation (classical) [0.7171314741035857, 0.7250996015936255, 0.8645418326693227, 0.5378486055776892]
Score of training (classical) [0.6963036963036963, 0.7752247752247752, 0.8591408591408591, 0.4975024975024975]
Attempt  138
Score of validation 0.8326693227091634
Score of training 0.8701298701298701
Score of validation (classical) [0.7250996015936255, 0.749003984063745, 0.8366533864541833, 0.5219123505976095]
Score of training (classical) [0.6963036963036963, 0.7832167832167832, 0.8541458541458542, 0.4875124875124875]
Attempt  139
Score of validation 0.8366533864541833
Score of training 0.8611388611388612
Score of validation (classical) [0.6772908366533864, 0.7649402390438247, 0.8406374501992032, 0.43824701195219123]
Score of training (classical) [0.7132867132867133, 0.7772227772227772, 0.8541458541458542, 0.5124875124875125]
Attempt  140
Score of validation 0.8725099601593626
Score of training 0.8801198801198801
Score of validation (classical) [0.749003984063745, 0.7729083665338645, 0.8804780876494024, 0.5378486055776892]
Score of training (classical) [0.6933066933066933, 0.7572427572427572, 0.8511488511488512, 0.48951048951048953]
Attempt  141
Score of validation 0.8326693227091634
Score of training 0.8771228771228772
Score of validation (classical) [0.701195219123506, 0.7689243027888446, 0.8685258964143426, 0.50199203187251]
Score of training (classical) [0.7032967032967034, 0.7722277722277723, 0.8551448551448552, 0.5004995004995005]
Attempt  142
Score of validation 0.8326693227091634
Score of training 0.8781218781218781
Score of validation (classical) [0.7410358565737052, 0.749003984063745, 0.8406374501992032, 0.49800796812749004]
Score of training (classical) [0.6993006993006993, 0.7512487512487512, 0.8601398601398601, 0.4695304695304695]
Attempt  143
Score of validation 0.8286852589641435
Score of training 0.8771228771228772
Score of validation (classical) [0.7091633466135459, 0.6972111553784861, 0.8446215139442231, 0.4820717131474104]
Score of training (classical) [0.7052947052947053, 0.7712287712287712, 0.8601398601398601, 0.4925074925074925]
Attempt  144
Score of validation 0.8326693227091634
Score of training 0.8651348651348651
Score of validation (classical) [0.7211155378486056, 0.8127490039840638, 0.852589641434263, 0.4900398406374502]
Score of training (classical) [0.7012987012987013, 0.7732267732267732, 0.8511488511488512, 0.5034965034965035]
Attempt  145
Score of validation 0.8167330677290837
Score of training 0.8741258741258742
Score of validation (classical) [0.7131474103585658, 0.7888446215139442, 0.852589641434263, 0.5179282868525896]
Score of training (classical) [0.7002997002997003, 0.7762237762237763, 0.8521478521478522, 0.4865134865134865]
Attempt  146
Score of validation 0.8406374501992032
Score of training 0.8691308691308691
Score of validation (classical) [0.6852589641434262, 0.7609561752988048, 0.8645418326693227, 0.5378486055776892]
Score of training (classical) [0.7142857142857143, 0.7672327672327672, 0.8581418581418582, 0.4995004995004995]
Attempt  147
Score of validation 0.8446215139442231
Score of training 0.8781218781218781
Score of validation (classical) [0.7051792828685259, 0.7290836653386454, 0.8446215139442231, 0.5059760956175299]
Score of training (classical) [0.7082917082917083, 0.7712287712287712, 0.8681318681318682, 0.4935064935064935]
Attempt  148
Score of validation 0.8087649402390438
Score of training 0.8651348651348651
Score of validation (classical) [0.6852589641434262, 0.7649402390438247, 0.848605577689243, 0.5139442231075697]
Score of training (classical) [0.7062937062937062, 0.7752247752247752, 0.8561438561438561, 0.4965034965034965]
Attempt  149
Score of validation 0.8725099601593626
Score of training 0.8681318681318682
Score of validation (classical) [0.6972111553784861, 0.7131474103585658, 0.848605577689243, 0.4820717131474104]
Score of training (classical) [0.7022977022977023, 0.7582417582417582, 0.8531468531468531, 0.5174825174825175]
Attempt  150
Score of validation 0.8207171314741036
Score of training 0.8781218781218781
Score of validation (classical) [0.701195219123506, 0.7569721115537849, 0.8247011952191236, 0.49800796812749004]
Score of training (classical) [0.7052947052947053, 0.7792207792207793, 0.8661338661338661, 0.5084915084915085]
Attempt  151
Score of validation 0.8406374501992032
Score of training 0.8631368631368631
Score of validation (classical) [0.6693227091633466, 0.7888446215139442, 0.8605577689243028, 0.46613545816733065]
Score of training (classical) [0.7112887112887113, 0.7812187812187812, 0.8581418581418582, 0.5014985014985015]
Attempt  152
Score of validation 0.8286852589641435
Score of training 0.8871128871128872
Score of validation (classical) [0.7051792828685259, 0.7330677290836654, 0.8326693227091634, 0.49800796812749004]
Score of training (classical) [0.7002997002997003, 0.7642357642357642, 0.8561438561438561, 0.4915084915084915]
Attempt  153
Score of validation 0.8286852589641435
Score of training 0.8711288711288712
Score of validation (classical) [0.7410358565737052, 0.7729083665338645, 0.8446215139442231, 0.4860557768924303]
Score of training (classical) [0.6953046953046953, 0.7792207792207793, 0.8581418581418582, 0.48451548451548454]
Attempt  154
Score of validation 0.8127490039840638
Score of training 0.8771228771228772
Score of validation (classical) [0.6573705179282868, 0.7091633466135459, 0.8247011952191236, 0.4541832669322709]
Score of training (classical) [0.7112887112887113, 0.7882117882117882, 0.8651348651348651, 0.5254745254745254]
Attempt  155
Score of validation 0.8127490039840638
Score of training 0.8821178821178821
Score of validation (classical) [0.7171314741035857, 0.7729083665338645, 0.8565737051792829, 0.44223107569721115]
Score of training (classical) [0.7012987012987013, 0.7652347652347652, 0.8581418581418582, 0.4925074925074925]
Attempt  156
Score of validation 0.8366533864541833
Score of training 0.8901098901098901
Score of validation (classical) [0.6653386454183267, 0.7330677290836654, 0.8605577689243028, 0.5298804780876494]
Score of training (classical) [0.7112887112887113, 0.7662337662337663, 0.8611388611388612, 0.5094905094905094]
Attempt  157
Score of validation 0.8207171314741036
Score of training 0.8681318681318682
Score of validation (classical) [0.6932270916334662, 0.7609561752988048, 0.8605577689243028, 0.450199203187251]
Score of training (classical) [0.7052947052947053, 0.7782217782217782, 0.8561438561438561, 0.4995004995004995]
Attempt  158
Score of validation 0.8207171314741036
Score of training 0.8841158841158842
Score of validation (classical) [0.7290836653386454, 0.7768924302788844, 0.8605577689243028, 0.4940239043824701]
Score of training (classical) [0.7012987012987013, 0.7662337662337663, 0.8611388611388612, 0.4935064935064935]
Attempt  159
Score of validation 0.8725099601593626
Score of training 0.8651348651348651
Score of validation (classical) [0.7091633466135459, 0.7768924302788844, 0.8685258964143426, 0.5059760956175299]
Score of training (classical) [0.6993006993006993, 0.7692307692307693, 0.8561438561438561, 0.48951048951048953]
Attempt  160
Score of validation 0.8446215139442231
Score of training 0.8721278721278721
Score of validation (classical) [0.6972111553784861, 0.749003984063745, 0.8366533864541833, 0.5258964143426295]
Score of training (classical) [0.7052947052947053, 0.7832167832167832, 0.8651348651348651, 0.48951048951048953]
Attempt  161
Score of validation 0.8127490039840638
Score of training 0.8801198801198801
Score of validation (classical) [0.6972111553784861, 0.7609561752988048, 0.8087649402390438, 0.4940239043824701]
Score of training (classical) [0.7092907092907093, 0.7882117882117882, 0.8691308691308691, 0.4905094905094905]
Attempt  162
Score of validation 0.8286852589641435
Score of training 0.8771228771228772
Score of validation (classical) [0.701195219123506, 0.7649402390438247, 0.848605577689243, 0.44223107569721115]
Score of training (classical) [0.7052947052947053, 0.7862137862137862, 0.8491508491508492, 0.4945054945054945]
Attempt  163
Score of validation 0.8366533864541833
Score of training 0.8701298701298701
Score of validation (classical) [0.6892430278884463, 0.7928286852589641, 0.848605577689243, 0.5338645418326693]
Score of training (classical) [0.7062937062937062, 0.7842157842157842, 0.8581418581418582, 0.47352647352647353]
Attempt  164
Score of validation 0.8605577689243028
Score of training 0.8731268731268731
Score of validation (classical) [0.7091633466135459, 0.7131474103585658, 0.8326693227091634, 0.4940239043824701]
Score of training (classical) [0.6973026973026973, 0.7712287712287712, 0.8631368631368631, 0.47952047952047955]
Attempt  165
Score of validation 0.8047808764940239
Score of training 0.8841158841158842
Score of validation (classical) [0.6653386454183267, 0.7450199203187251, 0.852589641434263, 0.50199203187251]
Score of training (classical) [0.7182817182817183, 0.7722277722277723, 0.8551448551448552, 0.5184815184815185]
Attempt  166
Score of validation 0.8446215139442231
Score of training 0.8631368631368631
Score of validation (classical) [0.6972111553784861, 0.7768924302788844, 0.8605577689243028, 0.4900398406374502]
Score of training (classical) [0.7082917082917083, 0.7772227772227772, 0.8491508491508492, 0.48151848151848153]
Attempt  167
Score of validation 0.8844621513944223
Score of training 0.8651348651348651
Score of validation (classical) [0.701195219123506, 0.7808764940239044, 0.852589641434263, 0.47808764940239046]
Score of training (classical) [0.7042957042957043, 0.7682317682317682, 0.8551448551448552, 0.5084915084915085]
Attempt  168
Score of validation 0.848605577689243
Score of training 0.8611388611388612
Score of validation (classical) [0.6932270916334662, 0.7529880478087649, 0.8366533864541833, 0.5059760956175299]
Score of training (classical) [0.7062937062937062, 0.7732267732267732, 0.8511488511488512, 0.5104895104895105]
Attempt  169
Score of validation 0.8286852589641435
Score of training 0.8761238761238761
Score of validation (classical) [0.701195219123506, 0.7689243027888446, 0.8366533864541833, 0.5139442231075697]
Score of training (classical) [0.7042957042957043, 0.7882117882117882, 0.8591408591408591, 0.4965034965034965]
Attempt  170
Score of validation 0.8167330677290837
Score of training 0.8781218781218781
Score of validation (classical) [0.6972111553784861, 0.7370517928286853, 0.8286852589641435, 0.5179282868525896]
Score of training (classical) [0.7062937062937062, 0.7932067932067932, 0.8621378621378621, 0.5014985014985015]
Attempt  171
Score of validation 0.8007968127490039
Score of training 0.8791208791208791
Score of validation (classical) [0.7091633466135459, 0.7768924302788844, 0.8605577689243028, 0.4820717131474104]
Score of training (classical) [0.7032967032967034, 0.7852147852147852, 0.8551448551448552, 0.4955044955044955]
Attempt  172
Score of validation 0.8685258964143426
Score of training 0.8741258741258742
Score of validation (classical) [0.7131474103585658, 0.7649402390438247, 0.8446215139442231, 0.5378486055776892]
Score of training (classical) [0.7022977022977023, 0.7872127872127872, 0.8561438561438561, 0.48951048951048953]
Attempt  173
Score of validation 0.8167330677290837
Score of training 0.8791208791208791
Score of validation (classical) [0.7171314741035857, 0.7330677290836654, 0.8326693227091634, 0.5179282868525896]
Score of training (classical) [0.7052947052947053, 0.7652347652347652, 0.8601398601398601, 0.4965034965034965]
Attempt  174
Score of validation 0.8047808764940239
Score of training 0.8771228771228772
Score of validation (classical) [0.6653386454183267, 0.7450199203187251, 0.8366533864541833, 0.47808764940239046]
Score of training (classical) [0.7152847152847153, 0.7782217782217782, 0.8591408591408591, 0.5084915084915085]
Attempt  175
Score of validation 0.8605577689243028
Score of training 0.8641358641358642
Score of validation (classical) [0.749003984063745, 0.7729083665338645, 0.8924302788844621, 0.5219123505976095]
Score of training (classical) [0.6893106893106893, 0.7452547452547452, 0.8481518481518482, 0.4775224775224775]
Attempt  176
Score of validation 0.852589641434263
Score of training 0.8731268731268731
Score of validation (classical) [0.7131474103585658, 0.7689243027888446, 0.8685258964143426, 0.5139442231075697]
Score of training (classical) [0.7022977022977023, 0.7522477522477522, 0.8561438561438561, 0.4985014985014985]
Attempt  177
Score of validation 0.848605577689243
Score of training 0.8751248751248751
Score of validation (classical) [0.7091633466135459, 0.7569721115537849, 0.8247011952191236, 0.5378486055776892]
Score of training (classical) [0.6993006993006993, 0.7962037962037962, 0.8601398601398601, 0.5064935064935064]
Attempt  178
Score of validation 0.8326693227091634
Score of training 0.8741258741258742
Score of validation (classical) [0.7330677290836654, 0.7808764940239044, 0.8685258964143426, 0.4940239043824701]
Score of training (classical) [0.6983016983016983, 0.7722277722277723, 0.8551448551448552, 0.4915084915084915]
Attempt  179
Score of validation 0.8087649402390438
Score of training 0.8771228771228772
Score of validation (classical) [0.6653386454183267, 0.7410358565737052, 0.8047808764940239, 0.4940239043824701]
Score of training (classical) [0.7122877122877123, 0.7752247752247752, 0.8621378621378621, 0.4955044955044955]
Attempt  180
Score of validation 0.8127490039840638
Score of training 0.8831168831168831
Score of validation (classical) [0.7211155378486056, 0.7768924302788844, 0.8247011952191236, 0.5099601593625498]
Score of training (classical) [0.6983016983016983, 0.7702297702297702, 0.8651348651348651, 0.4825174825174825]
Attempt  181
Score of validation 0.8565737051792829
Score of training 0.8711288711288712
Score of validation (classical) [0.6932270916334662, 0.7689243027888446, 0.8804780876494024, 0.46215139442231074]
Score of training (classical) [0.7122877122877123, 0.7622377622377622, 0.8481518481518482, 0.4945054945054945]
Attempt  182
Score of validation 0.8446215139442231
Score of training 0.8701298701298701
Score of validation (classical) [0.7171314741035857, 0.7808764940239044, 0.848605577689243, 0.49800796812749004]
Score of training (classical) [0.7022977022977023, 0.7602397602397603, 0.8511488511488512, 0.4835164835164835]
Attempt  183
Score of validation 0.8247011952191236
Score of training 0.8621378621378621
Score of validation (classical) [0.7131474103585658, 0.7529880478087649, 0.8446215139442231, 0.5059760956175299]
Score of training (classical) [0.7002997002997003, 0.7672327672327672, 0.8571428571428571, 0.4875124875124875]
Attempt  184
Score of validation 0.8565737051792829
Score of training 0.8631368631368631
Score of validation (classical) [0.7091633466135459, 0.7729083665338645, 0.8685258964143426, 0.4940239043824701]
Score of training (classical) [0.6983016983016983, 0.7472527472527473, 0.8541458541458542, 0.4855144855144855]
Attempt  185
Score of validation 0.796812749003984
Score of training 0.8811188811188811
Score of validation (classical) [0.6693227091633466, 0.7529880478087649, 0.8007968127490039, 0.5059760956175299]
Score of training (classical) [0.7122877122877123, 0.7832167832167832, 0.8651348651348651, 0.5014985014985015]
Attempt  186
Score of validation 0.8565737051792829
Score of training 0.8761238761238761
Score of validation (classical) [0.7211155378486056, 0.7529880478087649, 0.852589641434263, 0.5298804780876494]
Score of training (classical) [0.7002997002997003, 0.7662337662337663, 0.8451548451548452, 0.4975024975024975]
Attempt  187
Score of validation 0.8326693227091634
Score of training 0.8741258741258742
Score of validation (classical) [0.701195219123506, 0.7888446215139442, 0.8565737051792829, 0.46613545816733065]
Score of training (classical) [0.7062937062937062, 0.7762237762237763, 0.8571428571428571, 0.5084915084915085]
Attempt  188
Score of validation 0.8207171314741036
Score of training 0.8781218781218781
Score of validation (classical) [0.6852589641434262, 0.7689243027888446, 0.852589641434263, 0.46613545816733065]
Score of training (classical) [0.7102897102897103, 0.7752247752247752, 0.8561438561438561, 0.5014985014985015]
Attempt  189
Score of validation 0.8127490039840638
Score of training 0.8761238761238761
Score of validation (classical) [0.6812749003984063, 0.7689243027888446, 0.8326693227091634, 0.5139442231075697]
Score of training (classical) [0.7042957042957043, 0.7882117882117882, 0.8591408591408591, 0.5054945054945055]
Attempt  190
Score of validation 0.8446215139442231
Score of training 0.8751248751248751
Score of validation (classical) [0.6972111553784861, 0.7211155378486056, 0.8326693227091634, 0.50199203187251]
Score of training (classical) [0.7082917082917083, 0.7812187812187812, 0.8551448551448552, 0.5004995004995005]
Attempt  191
Score of validation 0.8047808764940239
Score of training 0.8791208791208791
Score of validation (classical) [0.7051792828685259, 0.7250996015936255, 0.8207171314741036, 0.50199203187251]
Score of training (classical) [0.7002997002997003, 0.7912087912087912, 0.8671328671328671, 0.4945054945054945]
Attempt  192
Score of validation 0.8047808764940239
Score of training 0.8831168831168831
Score of validation (classical) [0.6852589641434262, 0.7330677290836654, 0.8685258964143426, 0.5059760956175299]
Score of training (classical) [0.7122877122877123, 0.7652347652347652, 0.8491508491508492, 0.4975024975024975]
Attempt  193
Score of validation 0.8326693227091634
Score of training 0.8811188811188811
Score of validation (classical) [0.7171314741035857, 0.7569721115537849, 0.8286852589641435, 0.5338645418326693]
Score of training (classical) [0.6993006993006993, 0.7882117882117882, 0.8681318681318682, 0.4855144855144855]
Attempt  194
Score of validation 0.8007968127490039
Score of training 0.8901098901098901
Score of validation (classical) [0.7091633466135459, 0.7370517928286853, 0.8406374501992032, 0.5378486055776892]
Score of training (classical) [0.7042957042957043, 0.7802197802197802, 0.8651348651348651, 0.4955044955044955]
Attempt  195
Score of validation 0.7848605577689243
Score of training 0.8851148851148851
Score of validation (classical) [0.6693227091633466, 0.7569721115537849, 0.8207171314741036, 0.46613545816733065]
Score of training (classical) [0.7112887112887113, 0.7842157842157842, 0.8691308691308691, 0.5124875124875125]
Attempt  196
Score of validation 0.8605577689243028
Score of training 0.8691308691308691
Score of validation (classical) [0.6972111553784861, 0.8007968127490039, 0.8565737051792829, 0.49800796812749004]
Score of training (classical) [0.7002997002997003, 0.7662337662337663, 0.8571428571428571, 0.5104895104895105]
Attempt  197
Score of validation 0.8326693227091634
Score of training 0.8851148851148851
Score of validation (classical) [0.7410358565737052, 0.796812749003984, 0.8406374501992032, 0.5099601593625498]
Score of training (classical) [0.6953046953046953, 0.7632367632367633, 0.8621378621378621, 0.4875124875124875]
Attempt  198
Score of validation 0.8446215139442231
Score of training 0.8721278721278721
Score of validation (classical) [0.7211155378486056, 0.7808764940239044, 0.8645418326693227, 0.5139442231075697]
Score of training (classical) [0.6983016983016983, 0.7702297702297702, 0.8581418581418582, 0.4925074925074925]
Attempt  199
Score of validation 0.8605577689243028
Score of training 0.8731268731268731
Score of validation (classical) [0.6852589641434262, 0.7729083665338645, 0.8685258964143426, 0.4581673306772908]
Score of training (classical) [0.7042957042957043, 0.7672327672327672, 0.8511488511488512, 0.4925074925074925]
Attempt  200
Score of validation 0.8326693227091634
Score of training 0.8691308691308691
Score of validation (classical) [0.6812749003984063, 0.749003984063745, 0.8406374501992032, 0.47808764940239046]
Score of training (classical) [0.7052947052947053, 0.7862137862137862, 0.8631368631368631, 0.5214785214785215]
Attempt  201
Score of validation 0.8645418326693227
Score of training 0.8681318681318682
Score of validation (classical) [0.7250996015936255, 0.7729083665338645, 0.8366533864541833, 0.5059760956175299]
Score of training (classical) [0.6973026973026973, 0.7832167832167832, 0.8571428571428571, 0.4865134865134865]
Attempt  202
Score of validation 0.8326693227091634
Score of training 0.8661338661338661
Score of validation (classical) [0.7330677290836654, 0.8047808764940239, 0.8725099601593626, 0.4940239043824701]
Score of training (classical) [0.7012987012987013, 0.7712287712287712, 0.8511488511488512, 0.4915084915084915]
Attempt  203
Score of validation 0.848605577689243
Score of training 0.8731268731268731
Score of validation (classical) [0.6812749003984063, 0.7211155378486056, 0.8286852589641435, 0.4860557768924303]
Score of training (classical) [0.7092907092907093, 0.7802197802197802, 0.8501498501498501, 0.5064935064935064]
Attempt  204
Score of validation 0.8207171314741036
Score of training 0.8761238761238761
Score of validation (classical) [0.6653386454183267, 0.7330677290836654, 0.8366533864541833, 0.4701195219123506]
Score of training (classical) [0.7122877122877123, 0.7982017982017982, 0.8571428571428571, 0.5144855144855145]
Attempt  205
Score of validation 0.8087649402390438
Score of training 0.8771228771228772
Score of validation (classical) [0.7370517928286853, 0.7649402390438247, 0.8326693227091634, 0.5258964143426295]
Score of training (classical) [0.6943056943056943, 0.7602397602397603, 0.8671328671328671, 0.48151848151848153]
Attempt  206
Score of validation 0.8406374501992032
Score of training 0.8681318681318682
Score of validation (classical) [0.7051792828685259, 0.7808764940239044, 0.8725099601593626, 0.4860557768924303]
Score of training (classical) [0.7042957042957043, 0.7802197802197802, 0.8551448551448552, 0.4955044955044955]
Attempt  207
Score of validation 0.8725099601593626
Score of training 0.8681318681318682
Score of validation (classical) [0.701195219123506, 0.796812749003984, 0.8924302788844621, 0.4820717131474104]
Score of training (classical) [0.7082917082917083, 0.7852147852147852, 0.8451548451548452, 0.4835164835164835]
Attempt  208
Score of validation 0.852589641434263
Score of training 0.8721278721278721
Score of validation (classical) [0.749003984063745, 0.7888446215139442, 0.8804780876494024, 0.47808764940239046]
Score of training (classical) [0.6883116883116883, 0.7442557442557443, 0.8521478521478522, 0.4695304695304695]
Attempt  209
Score of validation 0.8127490039840638
Score of training 0.8811188811188811
Score of validation (classical) [0.6932270916334662, 0.7609561752988048, 0.8167330677290837, 0.5059760956175299]
Score of training (classical) [0.7112887112887113, 0.7812187812187812, 0.8651348651348651, 0.5044955044955045]
Attempt  210
Score of validation 0.852589641434263
Score of training 0.8691308691308691
Score of validation (classical) [0.6972111553784861, 0.7768924302788844, 0.848605577689243, 0.47808764940239046]
Score of training (classical) [0.7052947052947053, 0.7612387612387612, 0.8581418581418582, 0.5004995004995005]
Attempt  211
Score of validation 0.796812749003984
Score of training 0.8791208791208791
Score of validation (classical) [0.6613545816733067, 0.7609561752988048, 0.8645418326693227, 0.4900398406374502]
Score of training (classical) [0.7182817182817183, 0.7712287712287712, 0.8561438561438561, 0.5154845154845155]
Attempt  212
Score of validation 0.8804780876494024
Score of training 0.8721278721278721
Score of validation (classical) [0.7290836653386454, 0.7888446215139442, 0.8844621513944223, 0.4860557768924303]
Score of training (classical) [0.6983016983016983, 0.7542457542457542, 0.8511488511488512, 0.5014985014985015]
Attempt  213
Score of validation 0.8247011952191236
Score of training 0.8701298701298701
Score of validation (classical) [0.6892430278884463, 0.7370517928286853, 0.8366533864541833, 0.5179282868525896]
Score of training (classical) [0.7032967032967034, 0.7592407592407593, 0.8561438561438561, 0.4875124875124875]
Attempt  214
Score of validation 0.8286852589641435
Score of training 0.8771228771228772
Score of validation (classical) [0.6932270916334662, 0.7649402390438247, 0.852589641434263, 0.5258964143426295]
Score of training (classical) [0.7072927072927073, 0.7822177822177823, 0.8591408591408591, 0.5024975024975025]
Attempt  215
Score of validation 0.8406374501992032
Score of training 0.8731268731268731
Score of validation (classical) [0.6892430278884463, 0.7569721115537849, 0.8446215139442231, 0.47808764940239046]
Score of training (classical) [0.7112887112887113, 0.7642357642357642, 0.8551448551448552, 0.5034965034965035]
Attempt  216
Score of validation 0.8645418326693227
Score of training 0.8671328671328671
Score of validation (classical) [0.6852589641434262, 0.7609561752988048, 0.848605577689243, 0.47808764940239046]
Score of training (classical) [0.7112887112887113, 0.7692307692307693, 0.8611388611388612, 0.5014985014985015]
Attempt  217
Score of validation 0.8247011952191236
Score of training 0.8871128871128872
Score of validation (classical) [0.6852589641434262, 0.7330677290836654, 0.8565737051792829, 0.5139442231075697]
Score of training (classical) [0.7132867132867133, 0.7672327672327672, 0.8601398601398601, 0.4885114885114885]
Attempt  218
Score of validation 0.8127490039840638
Score of training 0.8731268731268731
Score of validation (classical) [0.6932270916334662, 0.7649402390438247, 0.8167330677290837, 0.49800796812749004]
Score of training (classical) [0.7082917082917083, 0.7842157842157842, 0.8641358641358642, 0.5134865134865135]
Attempt  219
Score of validation 0.8247011952191236
Score of training 0.8791208791208791
Score of validation (classical) [0.7450199203187251, 0.7529880478087649, 0.8406374501992032, 0.5179282868525896]
Score of training (classical) [0.6953046953046953, 0.7672327672327672, 0.8611388611388612, 0.4945054945054945]
Attempt  220
Score of validation 0.852589641434263
Score of training 0.8801198801198801
Score of validation (classical) [0.7171314741035857, 0.7689243027888446, 0.8127490039840638, 0.4860557768924303]
Score of training (classical) [0.6973026973026973, 0.7842157842157842, 0.8631368631368631, 0.5024975024975025]
Attempt  221
Score of validation 0.8366533864541833
Score of training 0.8721278721278721
Score of validation (classical) [0.7131474103585658, 0.7808764940239044, 0.8725099601593626, 0.5258964143426295]
Score of training (classical) [0.7022977022977023, 0.7752247752247752, 0.8491508491508492, 0.4775224775224775]
Attempt  222
Score of validation 0.8326693227091634
Score of training 0.8741258741258742
Score of validation (classical) [0.7250996015936255, 0.7569721115537849, 0.8565737051792829, 0.5258964143426295]
Score of training (classical) [0.6943056943056943, 0.7642357642357642, 0.8611388611388612, 0.4825174825174825]
Attempt  223
Score of validation 0.8326693227091634
Score of training 0.8721278721278721
Score of validation (classical) [0.7051792828685259, 0.7609561752988048, 0.848605577689243, 0.47808764940239046]
Score of training (classical) [0.7002997002997003, 0.7592407592407593, 0.8571428571428571, 0.5174825174825175]
Attempt  224
Score of validation 0.8207171314741036
Score of training 0.8631368631368631
Score of validation (classical) [0.6932270916334662, 0.7410358565737052, 0.8167330677290837, 0.545816733067729]
Score of training (classical) [0.7112887112887113, 0.7872127872127872, 0.8631368631368631, 0.4915084915084915]
Attempt  225
Score of validation 0.852589641434263
Score of training 0.8751248751248751
Score of validation (classical) [0.7689243027888446, 0.7609561752988048, 0.8645418326693227, 0.4820717131474104]
Score of training (classical) [0.6893106893106893, 0.7672327672327672, 0.8551448551448552, 0.48151848151848153]
Attempt  226
Score of validation 0.8247011952191236
Score of training 0.8791208791208791
Score of validation (classical) [0.6653386454183267, 0.7569721115537849, 0.8207171314741036, 0.47410358565737054]
Score of training (classical) [0.7132867132867133, 0.7792207792207793, 0.8561438561438561, 0.5104895104895105]
Attempt  227
Score of validation 0.8685258964143426
Score of training 0.8661338661338661
Score of validation (classical) [0.7091633466135459, 0.7450199203187251, 0.8406374501992032, 0.46613545816733065]
Score of training (classical) [0.7042957042957043, 0.7772227772227772, 0.8581418581418582, 0.47652347652347654]
Attempt  228
Score of validation 0.8247011952191236
Score of training 0.8721278721278721
Score of validation (classical) [0.7211155378486056, 0.7609561752988048, 0.848605577689243, 0.5219123505976095]
Score of training (classical) [0.6983016983016983, 0.7792207792207793, 0.8581418581418582, 0.48451548451548454]
Attempt  229
Score of validation 0.8326693227091634
Score of training 0.8711288711288712
Score of validation (classical) [0.6892430278884463, 0.7131474103585658, 0.8207171314741036, 0.549800796812749]
Score of training (classical) [0.7062937062937062, 0.7742257742257742, 0.8601398601398601, 0.4755244755244755]
Attempt  230
Score of validation 0.8645418326693227
Score of training 0.8691308691308691
Score of validation (classical) [0.7211155378486056, 0.749003984063745, 0.8605577689243028, 0.5059760956175299]
Score of training (classical) [0.7022977022977023, 0.7722277722277723, 0.8521478521478522, 0.4995004995004995]
Attempt  231
Score of validation 0.8565737051792829
Score of training 0.8601398601398601
Score of validation (classical) [0.7250996015936255, 0.8047808764940239, 0.8844621513944223, 0.5139442231075697]
Score of training (classical) [0.7022977022977023, 0.7602397602397603, 0.8521478521478522, 0.4925074925074925]
Attempt  232
Score of validation 0.7768924302788844
Score of training 0.8921078921078921
Score of validation (classical) [0.6812749003984063, 0.7370517928286853, 0.7649402390438247, 0.5099601593625498]
Score of training (classical) [0.7052947052947053, 0.7972027972027972, 0.8751248751248751, 0.4905094905094905]
Attempt  233
Score of validation 0.8446215139442231
Score of training 0.8711288711288712
Score of validation (classical) [0.6932270916334662, 0.7370517928286853, 0.852589641434263, 0.44223107569721115]
Score of training (classical) [0.7072927072927073, 0.7622377622377622, 0.8521478521478522, 0.4755244755244755]
Attempt  234
Score of validation 0.8047808764940239
Score of training 0.8751248751248751
Score of validation (classical) [0.7091633466135459, 0.7330677290836654, 0.796812749003984, 0.5338645418326693]
Score of training (classical) [0.7032967032967034, 0.7892107892107892, 0.8741258741258742, 0.4885114885114885]
Attempt  235
Score of validation 0.7888446215139442
Score of training 0.8681318681318682
Score of validation (classical) [0.6533864541832669, 0.6772908366533864, 0.8127490039840638, 0.44223107569721115]
Score of training (classical) [0.7142857142857143, 0.7732267732267732, 0.8601398601398601, 0.5144855144855145]
Attempt  236
Score of validation 0.8247011952191236
Score of training 0.8681318681318682
Score of validation (classical) [0.6972111553784861, 0.7808764940239044, 0.8685258964143426, 0.4900398406374502]
Score of training (classical) [0.7102897102897103, 0.7702297702297702, 0.8511488511488512, 0.5004995004995005]
Attempt  237
Score of validation 0.8007968127490039
Score of training 0.8821178821178821
Score of validation (classical) [0.6972111553784861, 0.7808764940239044, 0.852589641434263, 0.4820717131474104]
Score of training (classical) [0.7042957042957043, 0.7792207792207793, 0.8601398601398601, 0.4945054945054945]
Attempt  238
Score of validation 0.8047808764940239
Score of training 0.8741258741258742
Score of validation (classical) [0.6892430278884463, 0.7290836653386454, 0.7928286852589641, 0.4860557768924303]
Score of training (classical) [0.7062937062937062, 0.7802197802197802, 0.8601398601398601, 0.5034965034965035]
Attempt  239
Score of validation 0.8884462151394422
Score of training 0.8711288711288712
Score of validation (classical) [0.7091633466135459, 0.8127490039840638, 0.8725099601593626, 0.4860557768924303]
Score of training (classical) [0.6973026973026973, 0.7542457542457542, 0.8501498501498501, 0.5054945054945055]
Attempt  240
Score of validation 0.8047808764940239
Score of training 0.8701298701298701
Score of validation (classical) [0.7290836653386454, 0.796812749003984, 0.8326693227091634, 0.5298804780876494]
Score of training (classical) [0.6963036963036963, 0.7672327672327672, 0.8631368631368631, 0.5134865134865135]
Attempt  241
Score of validation 0.8167330677290837
Score of training 0.8661338661338661
Score of validation (classical) [0.7131474103585658, 0.7450199203187251, 0.8605577689243028, 0.5298804780876494]
Score of training (classical) [0.7012987012987013, 0.7672327672327672, 0.8571428571428571, 0.4955044955044955]
Attempt  242
Score of validation 0.8286852589641435
Score of training 0.8741258741258742
Score of validation (classical) [0.701195219123506, 0.7609561752988048, 0.8645418326693227, 0.5059760956175299]
Score of training (classical) [0.7052947052947053, 0.7702297702297702, 0.8571428571428571, 0.4915084915084915]
Attempt  243
Score of validation 0.8406374501992032
Score of training 0.8751248751248751
Score of validation (classical) [0.6932270916334662, 0.7689243027888446, 0.8326693227091634, 0.46215139442231074]
Score of training (classical) [0.7032967032967034, 0.7922077922077922, 0.8571428571428571, 0.5184815184815185]
Attempt  244
Score of validation 0.8366533864541833
Score of training 0.8801198801198801
Score of validation (classical) [0.7171314741035857, 0.8007968127490039, 0.8565737051792829, 0.49800796812749004]
Score of training (classical) [0.6993006993006993, 0.7722277722277723, 0.8591408591408591, 0.5044955044955045]
Attempt  245
Score of validation 0.796812749003984
Score of training 0.8841158841158842
Score of validation (classical) [0.6852589641434262, 0.7928286852589641, 0.8406374501992032, 0.4900398406374502]
Score of training (classical) [0.7082917082917083, 0.7912087912087912, 0.8571428571428571, 0.5184815184815185]
Attempt  246
Score of validation 0.8326693227091634
Score of training 0.8621378621378621
Score of validation (classical) [0.6772908366533864, 0.7529880478087649, 0.8406374501992032, 0.4900398406374502]
Score of training (classical) [0.7102897102897103, 0.7652347652347652, 0.8551448551448552, 0.5084915084915085]
Attempt  247
Score of validation 0.8207171314741036
Score of training 0.8771228771228772
Score of validation (classical) [0.649402390438247, 0.7370517928286853, 0.8247011952191236, 0.4820717131474104]
Score of training (classical) [0.7192807192807192, 0.7652347652347652, 0.8551448551448552, 0.5104895104895105]
Attempt  248
Score of validation 0.8247011952191236
Score of training 0.8661338661338661
Score of validation (classical) [0.7091633466135459, 0.8127490039840638, 0.8685258964143426, 0.5099601593625498]
Score of training (classical) [0.6983016983016983, 0.7662337662337663, 0.8551448551448552, 0.4935064935064935]
Attempt  249
Score of validation 0.8366533864541833
Score of training 0.8741258741258742
Score of validation (classical) [0.701195219123506, 0.7410358565737052, 0.8406374501992032, 0.5418326693227091]
Score of training (classical) [0.7002997002997003, 0.8021978021978022, 0.8611388611388612, 0.4945054945054945]
Attempt  250
Score of validation 0.8406374501992032
Score of training 0.8721278721278721
Score of validation (classical) [0.6653386454183267, 0.749003984063745, 0.8167330677290837, 0.4860557768924303]
Score of training (classical) [0.7092907092907093, 0.7892107892107892, 0.8581418581418582, 0.5064935064935064]
Attempt  251
Score of validation 0.8406374501992032
Score of training 0.8731268731268731
Score of validation (classical) [0.7051792828685259, 0.8047808764940239, 0.8804780876494024, 0.4940239043824701]
Score of training (classical) [0.7022977022977023, 0.7752247752247752, 0.8521478521478522, 0.4965034965034965]
Attempt  252
Score of validation 0.8286852589641435
Score of training 0.8841158841158842
Score of validation (classical) [0.6932270916334662, 0.7450199203187251, 0.796812749003984, 0.46613545816733065]
Score of training (classical) [0.7092907092907093, 0.7732267732267732, 0.8681318681318682, 0.4995004995004995]
Attempt  253
Score of validation 0.848605577689243
Score of training 0.8761238761238761
Score of validation (classical) [0.7529880478087649, 0.7689243027888446, 0.8446215139442231, 0.545816733067729]
Score of training (classical) [0.6943056943056943, 0.7572427572427572, 0.8581418581418582, 0.4805194805194805]
Attempt  254
Score of validation 0.8565737051792829
Score of training 0.8671328671328671
Score of validation (classical) [0.7091633466135459, 0.7888446215139442, 0.8645418326693227, 0.545816733067729]
Score of training (classical) [0.7002997002997003, 0.7702297702297702, 0.8581418581418582, 0.4955044955044955]
Attempt  255
Score of validation 0.8247011952191236
Score of training 0.8751248751248751
Score of validation (classical) [0.7529880478087649, 0.7609561752988048, 0.8406374501992032, 0.5179282868525896]
Score of training (classical) [0.6923076923076923, 0.7682317682317682, 0.8621378621378621, 0.4875124875124875]
Attempt  256
Score of validation 0.848605577689243
Score of training 0.8741258741258742
Score of validation (classical) [0.7091633466135459, 0.8247011952191236, 0.8804780876494024, 0.46613545816733065]
Score of training (classical) [0.7022977022977023, 0.7542457542457542, 0.8481518481518482, 0.5104895104895105]
Attempt  257
Score of validation 0.8406374501992032
Score of training 0.8661338661338661
Score of validation (classical) [0.6693227091633466, 0.749003984063745, 0.8286852589641435, 0.44223107569721115]
Score of training (classical) [0.7142857142857143, 0.7932067932067932, 0.8641358641358642, 0.5134865134865135]
Attempt  258
Score of validation 0.8326693227091634
Score of training 0.8761238761238761
Score of validation (classical) [0.6932270916334662, 0.7290836653386454, 0.8645418326693227, 0.47410358565737054]
Score of training (classical) [0.7012987012987013, 0.7722277722277723, 0.8551448551448552, 0.5234765234765235]
Attempt  259
Score of validation 0.8007968127490039
Score of training 0.8741258741258742
Score of validation (classical) [0.7091633466135459, 0.7928286852589641, 0.8366533864541833, 0.50199203187251]
Score of training (classical) [0.6993006993006993, 0.7712287712287712, 0.8671328671328671, 0.5244755244755245]
Attempt  260
Score of validation 0.8127490039840638
Score of training 0.8761238761238761
Score of validation (classical) [0.6693227091633466, 0.7848605577689243, 0.8406374501992032, 0.50199203187251]
Score of training (classical) [0.7112887112887113, 0.7612387612387612, 0.8581418581418582, 0.5114885114885115]
Attempt  261
Score of validation 0.8565737051792829
Score of training 0.8641358641358642
Score of validation (classical) [0.7250996015936255, 0.7848605577689243, 0.8685258964143426, 0.49800796812749004]
Score of training (classical) [0.7062937062937062, 0.7522477522477522, 0.8551448551448552, 0.4805194805194805]
Attempt  262
Score of validation 0.8286852589641435
Score of training 0.8661338661338661
Score of validation (classical) [0.6972111553784861, 0.7609561752988048, 0.8286852589641435, 0.50199203187251]
Score of training (classical) [0.7062937062937062, 0.7892107892107892, 0.8681318681318682, 0.48151848151848153]
Attempt  263
Score of validation 0.7888446215139442
Score of training 0.8881118881118881
Score of validation (classical) [0.701195219123506, 0.7051792828685259, 0.7768924302788844, 0.5099601593625498]
Score of training (classical) [0.7072927072927073, 0.7892107892107892, 0.8691308691308691, 0.4915084915084915]
Attempt  264
Score of validation 0.8286852589641435
Score of training 0.8801198801198801
Score of validation (classical) [0.7171314741035857, 0.8007968127490039, 0.8366533864541833, 0.4940239043824701]
Score of training (classical) [0.6983016983016983, 0.7782217782217782, 0.8641358641358642, 0.4925074925074925]
Attempt  265
Score of validation 0.8007968127490039
Score of training 0.8861138861138861
Score of validation (classical) [0.6932270916334662, 0.7051792828685259, 0.8007968127490039, 0.47808764940239046]
Score of training (classical) [0.7052947052947053, 0.7932067932067932, 0.8731268731268731, 0.5154845154845155]
Attempt  266
Score of validation 0.8884462151394422
Score of training 0.8571428571428571
Score of validation (classical) [0.7171314741035857, 0.7808764940239044, 0.8884462151394422, 0.46613545816733065]
Score of training (classical) [0.7002997002997003, 0.7602397602397603, 0.8411588411588412, 0.4945054945054945]
Attempt  267
Score of validation 0.8087649402390438
Score of training 0.8791208791208791
Score of validation (classical) [0.6693227091633466, 0.7450199203187251, 0.8127490039840638, 0.5099601593625498]
Score of training (classical) [0.7102897102897103, 0.7752247752247752, 0.8651348651348651, 0.4935064935064935]
Attempt  268
Score of validation 0.8207171314741036
Score of training 0.8781218781218781
Score of validation (classical) [0.6812749003984063, 0.7768924302788844, 0.8446215139442231, 0.4581673306772908]
Score of training (classical) [0.7072927072927073, 0.7932067932067932, 0.8611388611388612, 0.5234765234765235]
Attempt  269
Score of validation 0.796812749003984
Score of training 0.8821178821178821
Score of validation (classical) [0.649402390438247, 0.7330677290836654, 0.8446215139442231, 0.47410358565737054]
Score of training (classical) [0.7152847152847153, 0.7982017982017982, 0.8591408591408591, 0.5084915084915085]
Attempt  270
Score of validation 0.8127490039840638
Score of training 0.8771228771228772
Score of validation (classical) [0.6972111553784861, 0.7649402390438247, 0.8207171314741036, 0.4940239043824701]
Score of training (classical) [0.7072927072927073, 0.7952047952047953, 0.8661338661338661, 0.5084915084915085]
Attempt  271
Score of validation 0.8446215139442231
Score of training 0.8701298701298701
Score of validation (classical) [0.7131474103585658, 0.7529880478087649, 0.852589641434263, 0.5179282868525896]
Score of training (classical) [0.7012987012987013, 0.7792207792207793, 0.8551448551448552, 0.4925074925074925]
Attempt  272
Score of validation 0.8366533864541833
Score of training 0.8761238761238761
Score of validation (classical) [0.6733067729083665, 0.7729083665338645, 0.8804780876494024, 0.4860557768924303]
Score of training (classical) [0.7172827172827173, 0.7692307692307693, 0.8541458541458542, 0.5004995004995005]
Attempt  273
Score of validation 0.8446215139442231
Score of training 0.8751248751248751
Score of validation (classical) [0.6972111553784861, 0.749003984063745, 0.8406374501992032, 0.4701195219123506]
Score of training (classical) [0.7042957042957043, 0.7642357642357642, 0.8531468531468531, 0.5034965034965035]
Attempt  274
Score of validation 0.8286852589641435
Score of training 0.8781218781218781
Score of validation (classical) [0.6852589641434262, 0.7370517928286853, 0.8366533864541833, 0.4860557768924303]
Score of training (classical) [0.7112887112887113, 0.7812187812187812, 0.8631368631368631, 0.5144855144855145]
Attempt  275
Score of validation 0.8207171314741036
Score of training 0.8811188811188811
Score of validation (classical) [0.7051792828685259, 0.7848605577689243, 0.8286852589641435, 0.5378486055776892]
Score of training (classical) [0.7072927072927073, 0.7672327672327672, 0.8641358641358642, 0.4915084915084915]
Attempt  276
Score of validation 0.8565737051792829
Score of training 0.8661338661338661
Score of validation (classical) [0.7250996015936255, 0.7529880478087649, 0.8764940239043825, 0.5139442231075697]
Score of training (classical) [0.7002997002997003, 0.7672327672327672, 0.8501498501498501, 0.4785214785214785]
Attempt  277
Score of validation 0.8406374501992032
Score of training 0.8761238761238761
Score of validation (classical) [0.7171314741035857, 0.7569721115537849, 0.8565737051792829, 0.5418326693227091]
Score of training (classical) [0.6993006993006993, 0.7842157842157842, 0.8621378621378621, 0.4905094905094905]
Attempt  278
Score of validation 0.7848605577689243
Score of training 0.8711288711288712
Score of validation (classical) [0.6533864541832669, 0.749003984063745, 0.8406374501992032, 0.4900398406374502]
Score of training (classical) [0.7162837162837162, 0.7882117882117882, 0.8571428571428571, 0.4985014985014985]
Attempt  279
Score of validation 0.8406374501992032
Score of training 0.8711288711288712
Score of validation (classical) [0.7091633466135459, 0.7888446215139442, 0.8565737051792829, 0.4860557768924303]
Score of training (classical) [0.7062937062937062, 0.7872127872127872, 0.8581418581418582, 0.5064935064935064]
Attempt  280
Score of validation 0.848605577689243
Score of training 0.8771228771228772
Score of validation (classical) [0.7250996015936255, 0.7290836653386454, 0.8366533864541833, 0.50199203187251]
Score of training (classical) [0.6963036963036963, 0.7772227772227772, 0.8551448551448552, 0.4775224775224775]
Attempt  281
Score of validation 0.8565737051792829
Score of training 0.8711288711288712
Score of validation (classical) [0.7250996015936255, 0.7729083665338645, 0.8645418326693227, 0.5338645418326693]
Score of training (classical) [0.7042957042957043, 0.7492507492507493, 0.8531468531468531, 0.5014985014985015]
Attempt  282
Score of validation 0.8446215139442231
Score of training 0.8711288711288712
Score of validation (classical) [0.7290836653386454, 0.7729083665338645, 0.8725099601593626, 0.49800796812749004]
Score of training (classical) [0.7002997002997003, 0.7612387612387612, 0.8561438561438561, 0.47652347652347654]
Attempt  283
Score of validation 0.7928286852589641
Score of training 0.8791208791208791
Score of validation (classical) [0.7290836653386454, 0.7729083665338645, 0.852589641434263, 0.47410358565737054]
Score of training (classical) [0.6973026973026973, 0.7822177822177823, 0.8571428571428571, 0.4825174825174825]
Attempt  284
Score of validation 0.8605577689243028
Score of training 0.8751248751248751
Score of validation (classical) [0.701195219123506, 0.7888446215139442, 0.848605577689243, 0.5179282868525896]
Score of training (classical) [0.7032967032967034, 0.7762237762237763, 0.8501498501498501, 0.48451548451548454]
Attempt  285
Score of validation 0.8565737051792829
Score of training 0.8751248751248751
Score of validation (classical) [0.6733067729083665, 0.7808764940239044, 0.8645418326693227, 0.4701195219123506]
Score of training (classical) [0.7112887112887113, 0.7842157842157842, 0.8431568431568431, 0.5064935064935064]
Attempt  286
Score of validation 0.8207171314741036
Score of training 0.8671328671328671
Score of validation (classical) [0.6852589641434262, 0.7928286852589641, 0.8366533864541833, 0.4342629482071713]
Score of training (classical) [0.7062937062937062, 0.7842157842157842, 0.8641358641358642, 0.5054945054945055]
Attempt  287
Score of validation 0.8247011952191236
Score of training 0.8761238761238761
Score of validation (classical) [0.6892430278884463, 0.7529880478087649, 0.8286852589641435, 0.5099601593625498]
Score of training (classical) [0.7062937062937062, 0.7652347652347652, 0.8631368631368631, 0.5044955044955045]
Attempt  288
Score of validation 0.796812749003984
Score of training 0.8811188811188811
Score of validation (classical) [0.7211155378486056, 0.7649402390438247, 0.852589641434263, 0.5258964143426295]
Score of training (classical) [0.6973026973026973, 0.7602397602397603, 0.8511488511488512, 0.4885114885114885]
Attempt  289
Score of validation 0.8127490039840638
Score of training 0.8731268731268731
Score of validation (classical) [0.6653386454183267, 0.7848605577689243, 0.8366533864541833, 0.43824701195219123]
Score of training (classical) [0.7132867132867133, 0.7852147852147852, 0.8561438561438561, 0.5194805194805194]
Attempt  290
Score of validation 0.8406374501992032
Score of training 0.8671328671328671
Score of validation (classical) [0.6533864541832669, 0.7649402390438247, 0.8406374501992032, 0.47410358565737054]
Score of training (classical) [0.7122877122877123, 0.7822177822177823, 0.8601398601398601, 0.5144855144855145]
Attempt  291
Score of validation 0.8167330677290837
Score of training 0.8771228771228772
Score of validation (classical) [0.649402390438247, 0.7410358565737052, 0.8167330677290837, 0.46215139442231074]
Score of training (classical) [0.7192807192807192, 0.7902097902097902, 0.8701298701298701, 0.5214785214785215]
Attempt  292
Score of validation 0.8247011952191236
Score of training 0.8731268731268731
Score of validation (classical) [0.6294820717131474, 0.7171314741035857, 0.8286852589641435, 0.4581673306772908]
Score of training (classical) [0.7262737262737263, 0.7812187812187812, 0.8591408591408591, 0.5284715284715285]
Attempt  293
Score of validation 0.8247011952191236
Score of training 0.8851148851148851
Score of validation (classical) [0.6414342629482072, 0.7330677290836654, 0.8286852589641435, 0.46613545816733065]
Score of training (classical) [0.7182817182817183, 0.7832167832167832, 0.8611388611388612, 0.5064935064935064]
Attempt  294
Score of validation 0.8127490039840638
Score of training 0.8761238761238761
Score of validation (classical) [0.6892430278884463, 0.8007968127490039, 0.8366533864541833, 0.4701195219123506]
Score of training (classical) [0.7122877122877123, 0.7842157842157842, 0.8601398601398601, 0.5094905094905094]
Attempt  295
Score of validation 0.852589641434263
Score of training 0.8731268731268731
Score of validation (classical) [0.7131474103585658, 0.8007968127490039, 0.8605577689243028, 0.4860557768924303]
Score of training (classical) [0.6983016983016983, 0.7562437562437563, 0.8581418581418582, 0.5044955044955045]
Attempt  296
Score of validation 0.8406374501992032
Score of training 0.8731268731268731
Score of validation (classical) [0.7450199203187251, 0.7928286852589641, 0.8406374501992032, 0.5338645418326693]
Score of training (classical) [0.6913086913086913, 0.7852147852147852, 0.8591408591408591, 0.4905094905094905]
Attempt  297
Score of validation 0.8286852589641435
Score of training 0.8781218781218781
Score of validation (classical) [0.6812749003984063, 0.7848605577689243, 0.848605577689243, 0.5258964143426295]
Score of training (classical) [0.7102897102897103, 0.7882117882117882, 0.8551448551448552, 0.5004995004995005]
Attempt  298
Score of validation 0.8247011952191236
Score of training 0.8721278721278721
Score of validation (classical) [0.7091633466135459, 0.8087649402390438, 0.8605577689243028, 0.5258964143426295]
Score of training (classical) [0.7032967032967034, 0.7592407592407593, 0.8541458541458542, 0.4875124875124875]
Attempt  299
Score of validation 0.7808764940239044
Score of training 0.8901098901098901
Score of validation (classical) [0.6972111553784861, 0.7330677290836654, 0.8247011952191236, 0.450199203187251]
Score of training (classical) [0.7052947052947053, 0.7792207792207793, 0.8641358641358642, 0.5004995004995005]
