dataset_size_test 1252
8 circular 1 0 1252
Sample 0
Take max_iter as  1529
Score of validation 0.8924302788844621
Score of training 0.967032967032967
Score of validation (classical) [0.7171314741035857, 0.8645418326693227, 0.8565737051792829, 0.4900398406374502]
Score of training (classical) [0.7372627372627373, 0.8711288711288712, 0.8741258741258742, 0.4905094905094905]
Sample 1
Take max_iter as  1449
Score of validation 0.8685258964143426
Score of training 0.967032967032967
Score of validation (classical) [0.7131474103585658, 0.848605577689243, 0.8406374501992032, 0.4860557768924303]
Score of training (classical) [0.7462537462537463, 0.8661338661338661, 0.8701298701298701, 0.4905094905094905]
Sample 2
Take max_iter as  1439
Score of validation 0.8884462151394422
Score of training 0.971028971028971
Score of validation (classical) [0.7410358565737052, 0.8844621513944223, 0.8884462151394422, 0.4940239043824701]
Score of training (classical) [0.7512487512487512, 0.8661338661338661, 0.8631368631368631, 0.4995004995004995]
Sample 3
Take max_iter as  1406
Score of validation 0.8725099601593626
Score of training 0.97002997002997
Score of validation (classical) [0.7290836653386454, 0.852589641434263, 0.848605577689243, 0.549800796812749]
Score of training (classical) [0.7352647352647352, 0.8791208791208791, 0.8821178821178821, 0.5074925074925075]
Sample 4
Take max_iter as  1552
Score of validation 0.9123505976095617
Score of training 0.967032967032967
Score of validation (classical) [0.6972111553784861, 0.8804780876494024, 0.8804780876494024, 0.44621513944223107]
Score of training (classical) [0.7252747252747253, 0.8741258741258742, 0.8771228771228772, 0.4955044955044955]
Sample 5
Take max_iter as  1530
Score of validation 0.8764940239043825
Score of training 0.9690309690309691
Score of validation (classical) [0.7250996015936255, 0.8565737051792829, 0.8645418326693227, 0.42231075697211157]
Score of training (classical) [0.7422577422577422, 0.8701298701298701, 0.8741258741258742, 0.4945054945054945]
Sample 6
Take max_iter as  1446
Score of validation 0.8804780876494024
Score of training 0.97002997002997
Score of validation (classical) [0.7091633466135459, 0.8645418326693227, 0.8725099601593626, 0.4701195219123506]
Score of training (classical) [0.7262737262737263, 0.8811188811188811, 0.8791208791208791, 0.4965034965034965]
Sample 7
Take max_iter as  1521
Score of validation 0.8645418326693227
Score of training 0.968031968031968
Score of validation (classical) [0.7290836653386454, 0.8366533864541833, 0.8366533864541833, 0.4103585657370518]
Score of training (classical) [0.7432567432567433, 0.8751248751248751, 0.8821178821178821, 0.4915084915084915]
Sample 8
Take max_iter as  1583
Score of validation 0.8446215139442231
Score of training 0.9660339660339661
Score of validation (classical) [0.701195219123506, 0.8565737051792829, 0.8685258964143426, 0.5139442231075697]
Score of training (classical) [0.7402597402597403, 0.8691308691308691, 0.8621378621378621, 0.5164835164835165]
Sample 9
Take max_iter as  1548
Score of validation 0.9123505976095617
Score of training 0.968031968031968
Score of validation (classical) [0.7529880478087649, 0.8366533864541833, 0.852589641434263, 0.450199203187251]
Score of training (classical) [0.7532467532467533, 0.8791208791208791, 0.8811188811188811, 0.5034965034965035]
Sample 10
Take max_iter as  1414
Score of validation 0.9083665338645418
Score of training 0.965034965034965
Score of validation (classical) [0.6892430278884463, 0.9083665338645418, 0.9123505976095617, 0.47808764940239046]
Score of training (classical) [0.7272727272727273, 0.8731268731268731, 0.8721278721278721, 0.5154845154845155]
Sample 11
Take max_iter as  1395
Score of validation 0.8725099601593626
Score of training 0.973026973026973
Score of validation (classical) [0.7689243027888446, 0.8645418326693227, 0.8725099601593626, 0.49800796812749004]
Score of training (classical) [0.7222777222777222, 0.8821178821178821, 0.8821178821178821, 0.45754245754245754]
Sample 12
Take max_iter as  1501
Score of validation 0.8764940239043825
Score of training 0.973026973026973
Score of validation (classical) [0.7131474103585658, 0.8645418326693227, 0.8685258964143426, 0.4860557768924303]
Score of training (classical) [0.7362637362637363, 0.8711288711288712, 0.8711288711288712, 0.46853146853146854]
Sample 13
Take max_iter as  1428
Score of validation 0.8685258964143426
Score of training 0.973026973026973
Score of validation (classical) [0.7529880478087649, 0.8247011952191236, 0.8286852589641435, 0.47808764940239046]
Score of training (classical) [0.7402597402597403, 0.8751248751248751, 0.8671328671328671, 0.5064935064935064]
Sample 14
Take max_iter as  1516
Score of validation 0.8764940239043825
Score of training 0.975024975024975
Score of validation (classical) [0.7370517928286853, 0.852589641434263, 0.8645418326693227, 0.46613545816733065]
Score of training (classical) [0.7352647352647352, 0.8721278721278721, 0.8741258741258742, 0.4675324675324675]
Sample 15
Take max_iter as  1495
Score of validation 0.9163346613545816
Score of training 0.9630369630369631
Score of validation (classical) [0.749003984063745, 0.8406374501992032, 0.8565737051792829, 0.4940239043824701]
Score of training (classical) [0.7402597402597403, 0.8731268731268731, 0.8651348651348651, 0.47652347652347654]
Sample 16
Take max_iter as  1538
Score of validation 0.8884462151394422
Score of training 0.97002997002997
Score of validation (classical) [0.6972111553784861, 0.8645418326693227, 0.8804780876494024, 0.4581673306772908]
Score of training (classical) [0.7382617382617382, 0.8611388611388612, 0.8721278721278721, 0.5224775224775224]
Sample 17
Take max_iter as  1538
Score of validation 0.8844621513944223
Score of training 0.968031968031968
Score of validation (classical) [0.7848605577689243, 0.8884462151394422, 0.8844621513944223, 0.5099601593625498]
Score of training (classical) [0.7132867132867133, 0.8861138861138861, 0.8791208791208791, 0.4855144855144855]
Sample 18
Take max_iter as  1439
Score of validation 0.900398406374502
Score of training 0.967032967032967
Score of validation (classical) [0.7888446215139442, 0.8605577689243028, 0.8685258964143426, 0.5258964143426295]
Score of training (classical) [0.7332667332667333, 0.8641358641358642, 0.8711288711288712, 0.4835164835164835]
Sample 19
Take max_iter as  1461
Score of validation 0.8764940239043825
Score of training 0.971028971028971
Score of validation (classical) [0.7330677290836654, 0.8565737051792829, 0.8645418326693227, 0.5378486055776892]
Score of training (classical) [0.7452547452547452, 0.8691308691308691, 0.8741258741258742, 0.5034965034965035]
Sample 20
Take max_iter as  1541
Score of validation 0.8804780876494024
Score of training 0.971028971028971
Score of validation (classical) [0.7410358565737052, 0.8366533864541833, 0.852589641434263, 0.5258964143426295]
Score of training (classical) [0.7422577422577422, 0.8881118881118881, 0.8861138861138861, 0.48151848151848153]
Sample 21
Take max_iter as  1531
Score of validation 0.8844621513944223
Score of training 0.968031968031968
Score of validation (classical) [0.7450199203187251, 0.8924302788844621, 0.9043824701195219, 0.4940239043824701]
Score of training (classical) [0.7282717282717283, 0.8761238761238761, 0.8831168831168831, 0.46153846153846156]
Sample 22
Take max_iter as  1538
Score of validation 0.9203187250996016
Score of training 0.965034965034965
Score of validation (classical) [0.7211155378486056, 0.8804780876494024, 0.8804780876494024, 0.46215139442231074]
Score of training (classical) [0.7312687312687313, 0.8621378621378621, 0.8561438561438561, 0.4925074925074925]
Sample 23
Take max_iter as  1419
Score of validation 0.9083665338645418
Score of training 0.971028971028971
Score of validation (classical) [0.7609561752988048, 0.8565737051792829, 0.8685258964143426, 0.5099601593625498]
Score of training (classical) [0.7572427572427572, 0.8711288711288712, 0.8681318681318682, 0.4725274725274725]
Sample 24
Take max_iter as  1452
Score of validation 0.900398406374502
Score of training 0.968031968031968
Score of validation (classical) [0.7848605577689243, 0.900398406374502, 0.9123505976095617, 0.4581673306772908]
Score of training (classical) [0.7392607392607392, 0.8591408591408591, 0.8691308691308691, 0.48451548451548454]
Sample 25
Take max_iter as  1417
Score of validation 0.8924302788844621
Score of training 0.967032967032967
Score of validation (classical) [0.7529880478087649, 0.848605577689243, 0.8605577689243028, 0.5099601593625498]
Score of training (classical) [0.7452547452547452, 0.8701298701298701, 0.8621378621378621, 0.5004995004995005]
Sample 26
Take max_iter as  1391
Score of validation 0.8844621513944223
Score of training 0.9690309690309691
Score of validation (classical) [0.701195219123506, 0.8326693227091634, 0.8286852589641435, 0.5059760956175299]
Score of training (classical) [0.7292707292707292, 0.8781218781218781, 0.8761238761238761, 0.4935064935064935]
Sample 27
Take max_iter as  1431
Score of validation 0.896414342629482
Score of training 0.972027972027972
Score of validation (classical) [0.7569721115537849, 0.8326693227091634, 0.8406374501992032, 0.4940239043824701]
Score of training (classical) [0.7362637362637363, 0.8661338661338661, 0.8621378621378621, 0.4755244755244755]
Sample 28
Take max_iter as  1556
Score of validation 0.8844621513944223
Score of training 0.967032967032967
Score of validation (classical) [0.6892430278884463, 0.8645418326693227, 0.8565737051792829, 0.50199203187251]
Score of training (classical) [0.7452547452547452, 0.8691308691308691, 0.8651348651348651, 0.5084915084915085]
Sample 29
Take max_iter as  1455
Score of validation 0.8764940239043825
Score of training 0.97002997002997
Score of validation (classical) [0.7609561752988048, 0.8406374501992032, 0.8565737051792829, 0.44621513944223107]
Score of training (classical) [0.7232767232767233, 0.8701298701298701, 0.8741258741258742, 0.47652347652347654]
Sample 30
Take max_iter as  1464
Score of validation 0.8605577689243028
Score of training 0.975024975024975
Score of validation (classical) [0.7370517928286853, 0.848605577689243, 0.8446215139442231, 0.47808764940239046]
Score of training (classical) [0.7522477522477522, 0.8951048951048951, 0.8851148851148851, 0.47152847152847155]
Sample 31
Take max_iter as  1510
Score of validation 0.8804780876494024
Score of training 0.9690309690309691
Score of validation (classical) [0.7211155378486056, 0.848605577689243, 0.8685258964143426, 0.450199203187251]
Score of training (classical) [0.7492507492507493, 0.8671328671328671, 0.8611388611388612, 0.4915084915084915]
Sample 32
Take max_iter as  1499
Score of validation 0.900398406374502
Score of training 0.973026973026973
Score of validation (classical) [0.7211155378486056, 0.8605577689243028, 0.8804780876494024, 0.5099601593625498]
Score of training (classical) [0.7402597402597403, 0.8761238761238761, 0.8791208791208791, 0.5094905094905094]
Sample 33
Take max_iter as  1402
Score of validation 0.8645418326693227
Score of training 0.974025974025974
Score of validation (classical) [0.6932270916334662, 0.8804780876494024, 0.8764940239043825, 0.5099601593625498]
Score of training (classical) [0.7422577422577422, 0.8691308691308691, 0.8761238761238761, 0.4935064935064935]
Sample 34
Take max_iter as  1593
Score of validation 0.8764940239043825
Score of training 0.968031968031968
Score of validation (classical) [0.7171314741035857, 0.8645418326693227, 0.8565737051792829, 0.5099601593625498]
Score of training (classical) [0.7652347652347652, 0.8661338661338661, 0.8661338661338661, 0.47352647352647353]
Sample 35
Take max_iter as  1446
Score of validation 0.8844621513944223
Score of training 0.967032967032967
Score of validation (classical) [0.8007968127490039, 0.8725099601593626, 0.8844621513944223, 0.4701195219123506]
Score of training (classical) [0.7222777222777222, 0.8681318681318682, 0.8751248751248751, 0.48451548451548454]
Sample 36
Take max_iter as  1501
Score of validation 0.8924302788844621
Score of training 0.965034965034965
Score of validation (classical) [0.7250996015936255, 0.8326693227091634, 0.8725099601593626, 0.6374501992031872]
Score of training (classical) [0.7622377622377622, 0.8741258741258742, 0.8951048951048951, 0.6093906093906094]
Sample 37
Take max_iter as  1480
Score of validation 0.9123505976095617
Score of training 0.971028971028971
Score of validation (classical) [0.7051792828685259, 0.8924302788844621, 0.8804780876494024, 0.450199203187251]
Score of training (classical) [0.7432567432567433, 0.8781218781218781, 0.8761238761238761, 0.5174825174825175]
Sample 38
Take max_iter as  1402
Score of validation 0.8685258964143426
Score of training 0.97002997002997
Score of validation (classical) [0.7290836653386454, 0.8565737051792829, 0.8725099601593626, 0.4820717131474104]
Score of training (classical) [0.7452547452547452, 0.8691308691308691, 0.8791208791208791, 0.4905094905094905]
Sample 39
Take max_iter as  1598
Score of validation 0.8764940239043825
Score of training 0.977022977022977
Score of validation (classical) [0.7450199203187251, 0.848605577689243, 0.8565737051792829, 0.5059760956175299]
Score of training (classical) [0.7442557442557443, 0.8691308691308691, 0.8671328671328671, 0.4915084915084915]
Sample 40
Take max_iter as  1581
Score of validation 0.8366533864541833
Score of training 0.968031968031968
Score of validation (classical) [0.7131474103585658, 0.8406374501992032, 0.8446215139442231, 0.5418326693227091]
Score of training (classical) [0.7472527472527473, 0.8921078921078921, 0.8951048951048951, 0.4975024975024975]
Sample 41
Take max_iter as  1387
Score of validation 0.8844621513944223
Score of training 0.97002997002997
Score of validation (classical) [0.6972111553784861, 0.8167330677290837, 0.8167330677290837, 0.5258964143426295]
Score of training (classical) [0.7442557442557443, 0.8721278721278721, 0.8731268731268731, 0.4935064935064935]
Sample 42
Take max_iter as  1637
Score of validation 0.8565737051792829
Score of training 0.98001998001998
Score of validation (classical) [0.7450199203187251, 0.848605577689243, 0.8605577689243028, 0.4701195219123506]
Score of training (classical) [0.7412587412587412, 0.8881118881118881, 0.8951048951048951, 0.5144855144855145]
Sample 43
Take max_iter as  1558
Score of validation 0.8924302788844621
Score of training 0.972027972027972
Score of validation (classical) [0.7609561752988048, 0.8685258964143426, 0.8804780876494024, 0.50199203187251]
Score of training (classical) [0.7432567432567433, 0.8621378621378621, 0.8641358641358642, 0.4785214785214785]
Sample 44
Take max_iter as  1457
Score of validation 0.8645418326693227
Score of training 0.974025974025974
Score of validation (classical) [0.7450199203187251, 0.8924302788844621, 0.8844621513944223, 0.4860557768924303]
Score of training (classical) [0.7342657342657343, 0.8871128871128872, 0.8801198801198801, 0.4855144855144855]
Sample 45
Take max_iter as  1453
Score of validation 0.8924302788844621
Score of training 0.967032967032967
Score of validation (classical) [0.749003984063745, 0.8326693227091634, 0.8326693227091634, 0.4820717131474104]
Score of training (classical) [0.7412587412587412, 0.8751248751248751, 0.8741258741258742, 0.45854145854145856]
Sample 46
Take max_iter as  1595
Score of validation 0.896414342629482
Score of training 0.97002997002997
Score of validation (classical) [0.7091633466135459, 0.848605577689243, 0.8645418326693227, 0.4820717131474104]
Score of training (classical) [0.7622377622377622, 0.8761238761238761, 0.8801198801198801, 0.5124875124875125]
Sample 47
Take max_iter as  1460
Score of validation 0.8804780876494024
Score of training 0.967032967032967
Score of validation (classical) [0.7290836653386454, 0.8685258964143426, 0.8764940239043825, 0.4820717131474104]
Score of training (classical) [0.7252747252747253, 0.8731268731268731, 0.8741258741258742, 0.48951048951048953]
Sample 48
Take max_iter as  1481
Score of validation 0.8565737051792829
Score of training 0.9760239760239761
Score of validation (classical) [0.7290836653386454, 0.9043824701195219, 0.896414342629482, 0.5099601593625498]
Score of training (classical) [0.7352647352647352, 0.8751248751248751, 0.8771228771228772, 0.4995004995004995]
Sample 49
Take max_iter as  1443
Score of validation 0.852589641434263
Score of training 0.97002997002997
Score of validation (classical) [0.7330677290836654, 0.8286852589641435, 0.8366533864541833, 0.47410358565737054]
Score of training (classical) [0.7412587412587412, 0.8851148851148851, 0.8911088911088911, 0.4935064935064935]
Sample 50
Take max_iter as  1492
Score of validation 0.8764940239043825
Score of training 0.972027972027972
Score of validation (classical) [0.7091633466135459, 0.8366533864541833, 0.848605577689243, 0.5059760956175299]
Score of training (classical) [0.7372627372627373, 0.8901098901098901, 0.8841158841158842, 0.4935064935064935]
Sample 51
Take max_iter as  1556
Score of validation 0.8804780876494024
Score of training 0.97002997002997
Score of validation (classical) [0.7330677290836654, 0.8446215139442231, 0.8406374501992032, 0.545816733067729]
Score of training (classical) [0.7332667332667333, 0.8901098901098901, 0.8821178821178821, 0.47952047952047955]
Sample 52
Take max_iter as  1595
Score of validation 0.8685258964143426
Score of training 0.9690309690309691
Score of validation (classical) [0.6932270916334662, 0.8326693227091634, 0.8605577689243028, 0.4900398406374502]
Score of training (classical) [0.7572427572427572, 0.8861138861138861, 0.8811188811188811, 0.5114885114885115]
Sample 53
Take max_iter as  1553
Score of validation 0.8844621513944223
Score of training 0.97002997002997
Score of validation (classical) [0.7171314741035857, 0.8326693227091634, 0.8247011952191236, 0.4820717131474104]
Score of training (classical) [0.7342657342657343, 0.8761238761238761, 0.8731268731268731, 0.4885114885114885]
Sample 54
Take max_iter as  1624
Score of validation 0.8605577689243028
Score of training 0.968031968031968
Score of validation (classical) [0.7450199203187251, 0.8087649402390438, 0.8286852589641435, 0.49800796812749004]
Score of training (classical) [0.7472527472527473, 0.8761238761238761, 0.8811188811188811, 0.46553446553446554]
Sample 55
Take max_iter as  1522
Score of validation 0.8844621513944223
Score of training 0.9760239760239761
Score of validation (classical) [0.7410358565737052, 0.8446215139442231, 0.8565737051792829, 0.50199203187251]
Score of training (classical) [0.7402597402597403, 0.8981018981018981, 0.8861138861138861, 0.5004995004995005]
Sample 56
Take max_iter as  1489
Score of validation 0.8725099601593626
Score of training 0.972027972027972
Score of validation (classical) [0.7211155378486056, 0.8286852589641435, 0.8326693227091634, 0.4940239043824701]
Score of training (classical) [0.7402597402597403, 0.8701298701298701, 0.8761238761238761, 0.48151848151848153]
Sample 57
Take max_iter as  1494
Score of validation 0.8884462151394422
Score of training 0.968031968031968
Score of validation (classical) [0.749003984063745, 0.8565737051792829, 0.8605577689243028, 0.4820717131474104]
Score of training (classical) [0.7522477522477522, 0.8671328671328671, 0.8801198801198801, 0.4825174825174825]
Sample 58
Take max_iter as  1523
Score of validation 0.896414342629482
Score of training 0.9760239760239761
Score of validation (classical) [0.7330677290836654, 0.8565737051792829, 0.848605577689243, 0.5099601593625498]
Score of training (classical) [0.7392607392607392, 0.8741258741258742, 0.8821178821178821, 0.47952047952047955]
Sample 59
Take max_iter as  1550
Score of validation 0.8565737051792829
Score of training 0.973026973026973
Score of validation (classical) [0.7330677290836654, 0.8685258964143426, 0.8725099601593626, 0.5219123505976095]
Score of training (classical) [0.7432567432567433, 0.8901098901098901, 0.8731268731268731, 0.5324675324675324]
Sample 60
Take max_iter as  1537
Score of validation 0.896414342629482
Score of training 0.975024975024975
Score of validation (classical) [0.7649402390438247, 0.848605577689243, 0.8565737051792829, 0.5139442231075697]
Score of training (classical) [0.7372627372627373, 0.8681318681318682, 0.8661338661338661, 0.4865134865134865]
Sample 61
Take max_iter as  1589
Score of validation 0.9083665338645418
Score of training 0.967032967032967
Score of validation (classical) [0.7649402390438247, 0.8565737051792829, 0.8725099601593626, 0.4701195219123506]
Score of training (classical) [0.7472527472527473, 0.8671328671328671, 0.8781218781218781, 0.4855144855144855]
Sample 62
Take max_iter as  1579
Score of validation 0.9043824701195219
Score of training 0.97002997002997
Score of validation (classical) [0.7051792828685259, 0.848605577689243, 0.8406374501992032, 0.4581673306772908]
Score of training (classical) [0.7592407592407593, 0.8701298701298701, 0.8721278721278721, 0.4955044955044955]
Sample 63
Take max_iter as  1411
Score of validation 0.9043824701195219
Score of training 0.968031968031968
Score of validation (classical) [0.7410358565737052, 0.852589641434263, 0.8605577689243028, 0.4860557768924303]
Score of training (classical) [0.7512487512487512, 0.8641358641358642, 0.8651348651348651, 0.4945054945054945]
Sample 64
Take max_iter as  1593
Score of validation 0.8725099601593626
Score of training 0.971028971028971
Score of validation (classical) [0.7529880478087649, 0.848605577689243, 0.848605577689243, 0.5179282868525896]
Score of training (classical) [0.7392607392607392, 0.8741258741258742, 0.8851148851148851, 0.4935064935064935]
Sample 65
Take max_iter as  1576
Score of validation 0.896414342629482
Score of training 0.968031968031968
Score of validation (classical) [0.7410358565737052, 0.900398406374502, 0.900398406374502, 0.46215139442231074]
Score of training (classical) [0.7392607392607392, 0.8571428571428571, 0.8611388611388612, 0.47652347652347654]
Sample 66
Take max_iter as  1611
Score of validation 0.8804780876494024
Score of training 0.972027972027972
Score of validation (classical) [0.7250996015936255, 0.8605577689243028, 0.8645418326693227, 0.5219123505976095]
Score of training (classical) [0.7292707292707292, 0.8901098901098901, 0.8861138861138861, 0.5044955044955045]
Sample 67
Take max_iter as  1500
Score of validation 0.900398406374502
Score of training 0.972027972027972
Score of validation (classical) [0.7330677290836654, 0.8645418326693227, 0.8725099601593626, 0.5059760956175299]
Score of training (classical) [0.7482517482517482, 0.8711288711288712, 0.8871128871128872, 0.5004995004995005]
Sample 68
Take max_iter as  1420
Score of validation 0.900398406374502
Score of training 0.971028971028971
Score of validation (classical) [0.7131474103585658, 0.848605577689243, 0.8685258964143426, 0.46613545816733065]
Score of training (classical) [0.7402597402597403, 0.8691308691308691, 0.8721278721278721, 0.5014985014985015]
Sample 69
Take max_iter as  1445
Score of validation 0.8764940239043825
Score of training 0.968031968031968
Score of validation (classical) [0.7250996015936255, 0.8605577689243028, 0.8565737051792829, 0.46613545816733065]
Score of training (classical) [0.7482517482517482, 0.8691308691308691, 0.8781218781218781, 0.4975024975024975]
Sample 70
Take max_iter as  1486
Score of validation 0.900398406374502
Score of training 0.975024975024975
Score of validation (classical) [0.7370517928286853, 0.8605577689243028, 0.8685258964143426, 0.5099601593625498]
Score of training (classical) [0.7432567432567433, 0.8681318681318682, 0.8761238761238761, 0.46253746253746253]
Sample 71
Take max_iter as  1340
Score of validation 0.8605577689243028
Score of training 0.975024975024975
Score of validation (classical) [0.7649402390438247, 0.852589641434263, 0.8685258964143426, 0.49800796812749004]
Score of training (classical) [0.7372627372627373, 0.8631368631368631, 0.8641358641358642, 0.46553446553446554]
Sample 72
Take max_iter as  1468
Score of validation 0.8804780876494024
Score of training 0.964035964035964
Score of validation (classical) [0.7250996015936255, 0.8645418326693227, 0.8725099601593626, 0.4701195219123506]
Score of training (classical) [0.7332667332667333, 0.8781218781218781, 0.8771228771228772, 0.5004995004995005]
Sample 73
Take max_iter as  1579
Score of validation 0.8605577689243028
Score of training 0.968031968031968
Score of validation (classical) [0.7768924302788844, 0.8725099601593626, 0.8804780876494024, 0.4860557768924303]
Score of training (classical) [0.7322677322677322, 0.8711288711288712, 0.8791208791208791, 0.4405594405594406]
Sample 74
Take max_iter as  1489
Score of validation 0.8844621513944223
Score of training 0.973026973026973
Score of validation (classical) [0.7450199203187251, 0.8406374501992032, 0.8366533864541833, 0.5378486055776892]
Score of training (classical) [0.7472527472527473, 0.8861138861138861, 0.8841158841158842, 0.4985014985014985]
Sample 75
Take max_iter as  1431
Score of validation 0.9163346613545816
Score of training 0.9630369630369631
Score of validation (classical) [0.7609561752988048, 0.8446215139442231, 0.8565737051792829, 0.5298804780876494]
Score of training (classical) [0.7452547452547452, 0.8781218781218781, 0.8881118881118881, 0.5014985014985015]
Sample 76
Take max_iter as  1549
Score of validation 0.8804780876494024
Score of training 0.975024975024975
Score of validation (classical) [0.7370517928286853, 0.848605577689243, 0.848605577689243, 0.50199203187251]
Score of training (classical) [0.7452547452547452, 0.8681318681318682, 0.8691308691308691, 0.4975024975024975]
Sample 77
Take max_iter as  1528
Score of validation 0.8685258964143426
Score of training 0.968031968031968
Score of validation (classical) [0.6972111553784861, 0.8565737051792829, 0.8565737051792829, 0.50199203187251]
Score of training (classical) [0.7372627372627373, 0.8701298701298701, 0.8661338661338661, 0.5094905094905094]
Sample 78
Take max_iter as  1483
Score of validation 0.8725099601593626
Score of training 0.978021978021978
Score of validation (classical) [0.7609561752988048, 0.848605577689243, 0.852589641434263, 0.47410358565737054]
Score of training (classical) [0.7342657342657343, 0.8721278721278721, 0.8831168831168831, 0.4935064935064935]
Sample 79
Take max_iter as  1479
Score of validation 0.8884462151394422
Score of training 0.972027972027972
Score of validation (classical) [0.7729083665338645, 0.9123505976095617, 0.9043824701195219, 0.5139442231075697]
Score of training (classical) [0.7542457542457542, 0.8811188811188811, 0.8761238761238761, 0.4755244755244755]
Sample 80
Take max_iter as  1570
Score of validation 0.8804780876494024
Score of training 0.971028971028971
Score of validation (classical) [0.7330677290836654, 0.8924302788844621, 0.8804780876494024, 0.4581673306772908]
Score of training (classical) [0.7382617382617382, 0.8861138861138861, 0.8791208791208791, 0.4875124875124875]
Sample 81
Take max_iter as  1488
Score of validation 0.900398406374502
Score of training 0.9820179820179821
Score of validation (classical) [0.6892430278884463, 0.8286852589641435, 0.8326693227091634, 0.41832669322709165]
Score of training (classical) [0.7692307692307693, 0.8691308691308691, 0.8721278721278721, 0.5234765234765235]
Sample 82
Take max_iter as  1441
Score of validation 0.896414342629482
Score of training 0.973026973026973
Score of validation (classical) [0.7529880478087649, 0.9043824701195219, 0.900398406374502, 0.4701195219123506]
Score of training (classical) [0.7492507492507493, 0.8561438561438561, 0.8691308691308691, 0.5024975024975025]
Sample 83
Take max_iter as  1505
Score of validation 0.9083665338645418
Score of training 0.964035964035964
Score of validation (classical) [0.7290836653386454, 0.8605577689243028, 0.8764940239043825, 0.4820717131474104]
Score of training (classical) [0.7262737262737263, 0.8821178821178821, 0.8871128871128872, 0.47352647352647353]
Sample 84
Take max_iter as  1548
Score of validation 0.8565737051792829
Score of training 0.971028971028971
Score of validation (classical) [0.7171314741035857, 0.848605577689243, 0.8565737051792829, 0.5298804780876494]
Score of training (classical) [0.7522477522477522, 0.8681318681318682, 0.8661338661338661, 0.4835164835164835]
Sample 85
Take max_iter as  1470
Score of validation 0.8764940239043825
Score of training 0.973026973026973
Score of validation (classical) [0.7450199203187251, 0.848605577689243, 0.848605577689243, 0.47808764940239046]
Score of training (classical) [0.7242757242757243, 0.8881118881118881, 0.8881118881118881, 0.4885114885114885]
Sample 86
Take max_iter as  1445
Score of validation 0.8605577689243028
Score of training 0.964035964035964
Score of validation (classical) [0.7051792828685259, 0.8446215139442231, 0.8406374501992032, 0.47808764940239046]
Score of training (classical) [0.7352647352647352, 0.8881118881118881, 0.8841158841158842, 0.5044955044955045]
Sample 87
Take max_iter as  1462
Score of validation 0.8924302788844621
Score of training 0.968031968031968
Score of validation (classical) [0.749003984063745, 0.8645418326693227, 0.8764940239043825, 0.5338645418326693]
Score of training (classical) [0.7392607392607392, 0.8651348651348651, 0.8671328671328671, 0.47152847152847155]
Sample 88
Take max_iter as  1484
Score of validation 0.8844621513944223
Score of training 0.974025974025974
Score of validation (classical) [0.7450199203187251, 0.8565737051792829, 0.8645418326693227, 0.46613545816733065]
Score of training (classical) [0.7412587412587412, 0.8641358641358642, 0.8581418581418582, 0.5024975024975025]
Sample 89
Take max_iter as  1480
Score of validation 0.8685258964143426
Score of training 0.971028971028971
Score of validation (classical) [0.6892430278884463, 0.8127490039840638, 0.8127490039840638, 0.4860557768924303]
Score of training (classical) [0.7542457542457542, 0.8841158841158842, 0.8791208791208791, 0.5034965034965035]
Sample 90
Take max_iter as  1554
Score of validation 0.8804780876494024
Score of training 0.972027972027972
Score of validation (classical) [0.749003984063745, 0.8764940239043825, 0.8844621513944223, 0.46613545816733065]
Score of training (classical) [0.7402597402597403, 0.8601398601398601, 0.8581418581418582, 0.5074925074925075]
Sample 91
Take max_iter as  1487
Score of validation 0.8685258964143426
Score of training 0.9690309690309691
Score of validation (classical) [0.6972111553784861, 0.8366533864541833, 0.8406374501992032, 0.5099601593625498]
Score of training (classical) [0.7362637362637363, 0.8731268731268731, 0.8791208791208791, 0.47352647352647353]
Sample 92
Take max_iter as  1531
Score of validation 0.8645418326693227
Score of training 0.9630369630369631
Score of validation (classical) [0.749003984063745, 0.8565737051792829, 0.8565737051792829, 0.5099601593625498]
Score of training (classical) [0.7452547452547452, 0.8651348651348651, 0.8621378621378621, 0.5044955044955045]
Sample 93
Take max_iter as  1409
Score of validation 0.9123505976095617
Score of training 0.964035964035964
Score of validation (classical) [0.7290836653386454, 0.8725099601593626, 0.8924302788844621, 0.4541832669322709]
Score of training (classical) [0.7372627372627373, 0.8741258741258742, 0.8761238761238761, 0.4775224775224775]
Sample 94
Take max_iter as  1366
Score of validation 0.8685258964143426
Score of training 0.9690309690309691
Score of validation (classical) [0.7649402390438247, 0.8844621513944223, 0.8844621513944223, 0.47808764940239046]
Score of training (classical) [0.7352647352647352, 0.8671328671328671, 0.8751248751248751, 0.48951048951048953]
Sample 95
Take max_iter as  1460
Score of validation 0.9203187250996016
Score of training 0.977022977022977
Score of validation (classical) [0.7171314741035857, 0.8565737051792829, 0.8685258964143426, 0.4820717131474104]
Score of training (classical) [0.7402597402597403, 0.8741258741258742, 0.8691308691308691, 0.5044955044955045]
Sample 96
Take max_iter as  1473
Score of validation 0.8804780876494024
Score of training 0.97002997002997
Score of validation (classical) [0.7250996015936255, 0.8685258964143426, 0.8804780876494024, 0.46613545816733065]
Score of training (classical) [0.7452547452547452, 0.8631368631368631, 0.8721278721278721, 0.4805194805194805]
Sample 97
Take max_iter as  1551
Score of validation 0.8605577689243028
Score of training 0.978021978021978
Score of validation (classical) [0.7609561752988048, 0.8884462151394422, 0.8764940239043825, 0.5298804780876494]
Score of training (classical) [0.7272727272727273, 0.8611388611388612, 0.8601398601398601, 0.5064935064935064]
Sample 98
Take max_iter as  1401
Score of validation 0.8924302788844621
Score of training 0.965034965034965
Score of validation (classical) [0.749003984063745, 0.852589641434263, 0.8446215139442231, 0.5059760956175299]
Score of training (classical) [0.7492507492507493, 0.8691308691308691, 0.8651348651348651, 0.4755244755244755]
Sample 99
Take max_iter as  1502
Score of validation 0.8804780876494024
Score of training 0.967032967032967
Score of validation (classical) [0.7091633466135459, 0.8326693227091634, 0.8406374501992032, 0.44223107569721115]
Score of training (classical) [0.7502497502497503, 0.8931068931068931, 0.8871128871128872, 0.4775224775224775]
Sample 100
Take max_iter as  1428
Score of validation 0.8924302788844621
Score of training 0.9790209790209791
Score of validation (classical) [0.6852589641434262, 0.8565737051792829, 0.8804780876494024, 0.4342629482071713]
Score of training (classical) [0.7482517482517482, 0.8891108891108891, 0.8821178821178821, 0.5084915084915085]
Sample 101
Take max_iter as  1529
Score of validation 0.8725099601593626
Score of training 0.9660339660339661
Score of validation (classical) [0.7290836653386454, 0.8645418326693227, 0.8446215139442231, 0.5219123505976095]
Score of training (classical) [0.7342657342657343, 0.8601398601398601, 0.8601398601398601, 0.46553446553446554]
Sample 102
Take max_iter as  1551
Score of validation 0.900398406374502
Score of training 0.9690309690309691
Score of validation (classical) [0.6812749003984063, 0.8725099601593626, 0.8924302788844621, 0.46215139442231074]
Score of training (classical) [0.7372627372627373, 0.8651348651348651, 0.8641358641358642, 0.4945054945054945]
Sample 103
Take max_iter as  1493
Score of validation 0.8645418326693227
Score of training 0.968031968031968
Score of validation (classical) [0.7171314741035857, 0.8725099601593626, 0.8725099601593626, 0.4860557768924303]
Score of training (classical) [0.7172827172827173, 0.8741258741258742, 0.8801198801198801, 0.4925074925074925]
Sample 104
Take max_iter as  1560
Score of validation 0.8924302788844621
Score of training 0.965034965034965
Score of validation (classical) [0.7450199203187251, 0.8884462151394422, 0.8924302788844621, 0.50199203187251]
Score of training (classical) [0.7342657342657343, 0.8711288711288712, 0.8711288711288712, 0.48951048951048953]
Sample 105
Take max_iter as  1483
Score of validation 0.896414342629482
Score of training 0.9690309690309691
Score of validation (classical) [0.7689243027888446, 0.8924302788844621, 0.8924302788844621, 0.47808764940239046]
Score of training (classical) [0.7372627372627373, 0.8601398601398601, 0.8611388611388612, 0.4725274725274725]
Sample 106
Take max_iter as  1458
Score of validation 0.8764940239043825
Score of training 0.9660339660339661
Score of validation (classical) [0.7290836653386454, 0.8725099601593626, 0.8764940239043825, 0.5059760956175299]
Score of training (classical) [0.7512487512487512, 0.8681318681318682, 0.8741258741258742, 0.4695304695304695]
Sample 107
Take max_iter as  1632
Score of validation 0.8685258964143426
Score of training 0.97002997002997
Score of validation (classical) [0.7330677290836654, 0.8286852589641435, 0.848605577689243, 0.5099601593625498]
Score of training (classical) [0.7592407592407593, 0.8791208791208791, 0.8811188811188811, 0.4865134865134865]
Sample 108
Take max_iter as  1560
Score of validation 0.8685258964143426
Score of training 0.9630369630369631
Score of validation (classical) [0.6733067729083665, 0.8247011952191236, 0.8446215139442231, 0.545816733067729]
Score of training (classical) [0.7562437562437563, 0.8771228771228772, 0.8901098901098901, 0.4755244755244755]
Sample 109
Take max_iter as  1507
Score of validation 0.8685258964143426
Score of training 0.971028971028971
Score of validation (classical) [0.7649402390438247, 0.848605577689243, 0.8565737051792829, 0.50199203187251]
Score of training (classical) [0.7532467532467533, 0.8721278721278721, 0.8811188811188811, 0.47652347652347654]
Sample 110
Take max_iter as  1529
Score of validation 0.9043824701195219
Score of training 0.972027972027972
Score of validation (classical) [0.7250996015936255, 0.8645418326693227, 0.8764940239043825, 0.46613545816733065]
Score of training (classical) [0.7522477522477522, 0.8721278721278721, 0.8671328671328671, 0.4775224775224775]
Sample 111
Take max_iter as  1433
Score of validation 0.8924302788844621
Score of training 0.972027972027972
Score of validation (classical) [0.7250996015936255, 0.8804780876494024, 0.8764940239043825, 0.47808764940239046]
Score of training (classical) [0.7562437562437563, 0.8681318681318682, 0.8761238761238761, 0.4995004995004995]
Sample 112
Take max_iter as  1526
Score of validation 0.9083665338645418
Score of training 0.9660339660339661
Score of validation (classical) [0.7689243027888446, 0.8844621513944223, 0.8804780876494024, 0.4701195219123506]
Score of training (classical) [0.7372627372627373, 0.8571428571428571, 0.8611388611388612, 0.4935064935064935]
Sample 113
Take max_iter as  1550
Score of validation 0.9043824701195219
Score of training 0.965034965034965
Score of validation (classical) [0.7450199203187251, 0.8565737051792829, 0.8565737051792829, 0.5298804780876494]
Score of training (classical) [0.7572427572427572, 0.8771228771228772, 0.8771228771228772, 0.5034965034965035]
Sample 114
Take max_iter as  1523
Score of validation 0.8884462151394422
Score of training 0.971028971028971
Score of validation (classical) [0.7290836653386454, 0.848605577689243, 0.8565737051792829, 0.50199203187251]
Score of training (classical) [0.7462537462537463, 0.8671328671328671, 0.8691308691308691, 0.4905094905094905]
Sample 115
Take max_iter as  1459
Score of validation 0.8685258964143426
Score of training 0.975024975024975
Score of validation (classical) [0.6852589641434262, 0.848605577689243, 0.8605577689243028, 0.5099601593625498]
Score of training (classical) [0.7492507492507493, 0.8731268731268731, 0.8831168831168831, 0.5054945054945055]
Sample 116
Take max_iter as  1521
Score of validation 0.8725099601593626
Score of training 0.964035964035964
Score of validation (classical) [0.7529880478087649, 0.8804780876494024, 0.8924302788844621, 0.4063745019920319]
Score of training (classical) [0.7432567432567433, 0.8541458541458542, 0.8621378621378621, 0.5014985014985015]
Sample 117
Take max_iter as  1512
Score of validation 0.9123505976095617
Score of training 0.967032967032967
Score of validation (classical) [0.7250996015936255, 0.9123505976095617, 0.900398406374502, 0.5139442231075697]
Score of training (classical) [0.7272727272727273, 0.8821178821178821, 0.8781218781218781, 0.4875124875124875]
Sample 118
Take max_iter as  1582
Score of validation 0.8804780876494024
Score of training 0.968031968031968
Score of validation (classical) [0.7211155378486056, 0.852589641434263, 0.8446215139442231, 0.5059760956175299]
Score of training (classical) [0.7602397602397603, 0.8881118881118881, 0.8851148851148851, 0.4915084915084915]
Sample 119
Take max_iter as  1513
Score of validation 0.8804780876494024
Score of training 0.9660339660339661
Score of validation (classical) [0.7370517928286853, 0.8605577689243028, 0.8685258964143426, 0.4900398406374502]
Score of training (classical) [0.7262737262737263, 0.8811188811188811, 0.8731268731268731, 0.47152847152847155]
Sample 120
Take max_iter as  1426
Score of validation 0.8804780876494024
Score of training 0.978021978021978
Score of validation (classical) [0.7609561752988048, 0.8446215139442231, 0.8565737051792829, 0.4820717131474104]
Score of training (classical) [0.7392607392607392, 0.8881118881118881, 0.8811188811188811, 0.46853146853146854]
Sample 121
Take max_iter as  1442
Score of validation 0.9083665338645418
Score of training 0.97002997002997
Score of validation (classical) [0.7529880478087649, 0.9123505976095617, 0.900398406374502, 0.46613545816733065]
Score of training (classical) [0.7512487512487512, 0.8731268731268731, 0.8701298701298701, 0.5184815184815185]
Sample 122
Take max_iter as  1415
Score of validation 0.8884462151394422
Score of training 0.97002997002997
Score of validation (classical) [0.7649402390438247, 0.8804780876494024, 0.8804780876494024, 0.43824701195219123]
Score of training (classical) [0.7362637362637363, 0.8651348651348651, 0.8691308691308691, 0.4925074925074925]
Sample 123
Take max_iter as  1462
Score of validation 0.8645418326693227
Score of training 0.975024975024975
Score of validation (classical) [0.6972111553784861, 0.8645418326693227, 0.8764940239043825, 0.46613545816733065]
Score of training (classical) [0.7482517482517482, 0.8781218781218781, 0.8761238761238761, 0.5114885114885115]
Sample 124
Take max_iter as  1463
Score of validation 0.8884462151394422
Score of training 0.965034965034965
Score of validation (classical) [0.7689243027888446, 0.8764940239043825, 0.8804780876494024, 0.5139442231075697]
Score of training (classical) [0.7512487512487512, 0.8571428571428571, 0.8671328671328671, 0.4935064935064935]
Sample 125
Take max_iter as  1399
Score of validation 0.9083665338645418
Score of training 0.968031968031968
Score of validation (classical) [0.7290836653386454, 0.8605577689243028, 0.8645418326693227, 0.49800796812749004]
Score of training (classical) [0.7322677322677322, 0.8751248751248751, 0.8781218781218781, 0.4875124875124875]
Sample 126
Take max_iter as  1453
Score of validation 0.8725099601593626
Score of training 0.9690309690309691
Score of validation (classical) [0.7330677290836654, 0.8685258964143426, 0.8764940239043825, 0.4701195219123506]
Score of training (classical) [0.7362637362637363, 0.8681318681318682, 0.8751248751248751, 0.47152847152847155]
Sample 127
Take max_iter as  1356
Score of validation 0.8605577689243028
Score of training 0.9690309690309691
Score of validation (classical) [0.7729083665338645, 0.8764940239043825, 0.8884462151394422, 0.46215139442231074]
Score of training (classical) [0.7362637362637363, 0.8721278721278721, 0.8781218781218781, 0.4755244755244755]
Sample 128
Take max_iter as  1429
Score of validation 0.8844621513944223
Score of training 0.97002997002997
Score of validation (classical) [0.7171314741035857, 0.8605577689243028, 0.8645418326693227, 0.5059760956175299]
Score of training (classical) [0.7422577422577422, 0.8701298701298701, 0.8731268731268731, 0.48151848151848153]
Sample 129
Take max_iter as  1425
Score of validation 0.900398406374502
Score of training 0.9690309690309691
Score of validation (classical) [0.7529880478087649, 0.8764940239043825, 0.8804780876494024, 0.49800796812749004]
Score of training (classical) [0.7212787212787213, 0.8711288711288712, 0.8741258741258742, 0.5044955044955045]
Sample 130
Take max_iter as  1462
Score of validation 0.8884462151394422
Score of training 0.9660339660339661
Score of validation (classical) [0.7091633466135459, 0.8605577689243028, 0.8446215139442231, 0.4940239043824701]
Score of training (classical) [0.7252747252747253, 0.8621378621378621, 0.8631368631368631, 0.46553446553446554]
Sample 131
Take max_iter as  1532
Score of validation 0.8565737051792829
Score of training 0.9660339660339661
Score of validation (classical) [0.7330677290836654, 0.8645418326693227, 0.8605577689243028, 0.4900398406374502]
Score of training (classical) [0.7572427572427572, 0.8641358641358642, 0.8721278721278721, 0.47952047952047955]
Sample 132
Take max_iter as  1497
Score of validation 0.8764940239043825
Score of training 0.974025974025974
Score of validation (classical) [0.7051792828685259, 0.8406374501992032, 0.8446215139442231, 0.50199203187251]
Score of training (classical) [0.7452547452547452, 0.8711288711288712, 0.8791208791208791, 0.4835164835164835]
Sample 133
Take max_iter as  1472
Score of validation 0.8804780876494024
Score of training 0.972027972027972
Score of validation (classical) [0.7529880478087649, 0.8725099601593626, 0.8804780876494024, 0.5219123505976095]
Score of training (classical) [0.7282717282717283, 0.8821178821178821, 0.8801198801198801, 0.4865134865134865]
Sample 134
Take max_iter as  1534
Score of validation 0.9083665338645418
Score of training 0.9690309690309691
Score of validation (classical) [0.7211155378486056, 0.900398406374502, 0.900398406374502, 0.4701195219123506]
Score of training (classical) [0.7282717282717283, 0.8621378621378621, 0.8631368631368631, 0.4875124875124875]
Sample 135
Take max_iter as  1505
Score of validation 0.896414342629482
Score of training 0.975024975024975
Score of validation (classical) [0.749003984063745, 0.8406374501992032, 0.8366533864541833, 0.47808764940239046]
Score of training (classical) [0.7402597402597403, 0.8631368631368631, 0.8611388611388612, 0.4985014985014985]
Sample 136
Take max_iter as  1524
Score of validation 0.8884462151394422
Score of training 0.9760239760239761
Score of validation (classical) [0.7649402390438247, 0.8446215139442231, 0.852589641434263, 0.43824701195219123]
Score of training (classical) [0.7442557442557443, 0.8761238761238761, 0.8841158841158842, 0.4905094905094905]
Sample 137
Take max_iter as  1578
Score of validation 0.8764940239043825
Score of training 0.971028971028971
Score of validation (classical) [0.7529880478087649, 0.8286852589641435, 0.8366533864541833, 0.549800796812749]
Score of training (classical) [0.7422577422577422, 0.8921078921078921, 0.8781218781218781, 0.46353646353646355]
Sample 138
Take max_iter as  1475
Score of validation 0.900398406374502
Score of training 0.977022977022977
Score of validation (classical) [0.7768924302788844, 0.900398406374502, 0.9123505976095617, 0.49800796812749004]
Score of training (classical) [0.7322677322677322, 0.8641358641358642, 0.8671328671328671, 0.47352647352647353]
Sample 139
Take max_iter as  1490
Score of validation 0.8844621513944223
Score of training 0.971028971028971
Score of validation (classical) [0.6972111553784861, 0.8685258964143426, 0.8565737051792829, 0.4940239043824701]
Score of training (classical) [0.7532467532467533, 0.8901098901098901, 0.8811188811188811, 0.5264735264735265]
Sample 140
Take max_iter as  1375
Score of validation 0.9043824701195219
Score of training 0.968031968031968
Score of validation (classical) [0.7171314741035857, 0.8446215139442231, 0.848605577689243, 0.49800796812749004]
Score of training (classical) [0.7282717282717283, 0.8651348651348651, 0.8671328671328671, 0.4905094905094905]
Sample 141
Take max_iter as  1388
Score of validation 0.8764940239043825
Score of training 0.967032967032967
Score of validation (classical) [0.7250996015936255, 0.8804780876494024, 0.8884462151394422, 0.4701195219123506]
Score of training (classical) [0.7322677322677322, 0.8761238761238761, 0.8691308691308691, 0.4975024975024975]
Sample 142
Take max_iter as  1464
Score of validation 0.896414342629482
Score of training 0.9760239760239761
Score of validation (classical) [0.7091633466135459, 0.852589641434263, 0.8406374501992032, 0.49800796812749004]
Score of training (classical) [0.7432567432567433, 0.8791208791208791, 0.8741258741258742, 0.5224775224775224]
Sample 143
Take max_iter as  1633
Score of validation 0.9083665338645418
Score of training 0.967032967032967
Score of validation (classical) [0.7091633466135459, 0.852589641434263, 0.8565737051792829, 0.4701195219123506]
Score of training (classical) [0.7642357642357642, 0.8681318681318682, 0.8651348651348651, 0.4975024975024975]
Sample 144
Take max_iter as  1570
Score of validation 0.9043824701195219
Score of training 0.9690309690309691
Score of validation (classical) [0.7649402390438247, 0.8645418326693227, 0.8565737051792829, 0.4581673306772908]
Score of training (classical) [0.7272727272727273, 0.8651348651348651, 0.8581418581418582, 0.4695304695304695]
Sample 145
Take max_iter as  1442
Score of validation 0.8565737051792829
Score of training 0.968031968031968
Score of validation (classical) [0.7410358565737052, 0.852589641434263, 0.8565737051792829, 0.4581673306772908]
Score of training (classical) [0.7352647352647352, 0.8731268731268731, 0.8751248751248751, 0.4945054945054945]
Sample 146
Take max_iter as  1517
Score of validation 0.896414342629482
Score of training 0.973026973026973
Score of validation (classical) [0.7091633466135459, 0.8645418326693227, 0.8725099601593626, 0.450199203187251]
Score of training (classical) [0.7252747252747253, 0.8751248751248751, 0.8681318681318682, 0.5074925074925075]
Sample 147
Take max_iter as  1513
Score of validation 0.8924302788844621
Score of training 0.974025974025974
Score of validation (classical) [0.7410358565737052, 0.8565737051792829, 0.8804780876494024, 0.5258964143426295]
Score of training (classical) [0.7412587412587412, 0.8641358641358642, 0.8781218781218781, 0.5034965034965035]
Sample 148
Take max_iter as  1581
Score of validation 0.8685258964143426
Score of training 0.97002997002997
Score of validation (classical) [0.7250996015936255, 0.8446215139442231, 0.8565737051792829, 0.5139442231075697]
Score of training (classical) [0.7572427572427572, 0.8811188811188811, 0.8861138861138861, 0.5104895104895105]
Sample 149
Take max_iter as  1464
Score of validation 0.8685258964143426
Score of training 0.973026973026973
Score of validation (classical) [0.7250996015936255, 0.8645418326693227, 0.8565737051792829, 0.5139442231075697]
Score of training (classical) [0.7292707292707292, 0.8721278721278721, 0.8781218781218781, 0.4825174825174825]
Sample 150
Take max_iter as  1475
Score of validation 0.8685258964143426
Score of training 0.968031968031968
Score of validation (classical) [0.7768924302788844, 0.8645418326693227, 0.8685258964143426, 0.46613545816733065]
Score of training (classical) [0.7312687312687313, 0.8631368631368631, 0.8781218781218781, 0.47152847152847155]
Sample 151
Take max_iter as  1454
Score of validation 0.8924302788844621
Score of training 0.961038961038961
Score of validation (classical) [0.7051792828685259, 0.852589641434263, 0.8804780876494024, 0.4860557768924303]
Score of training (classical) [0.7452547452547452, 0.8821178821178821, 0.8791208791208791, 0.4955044955044955]
Sample 152
Take max_iter as  1454
Score of validation 0.9243027888446215
Score of training 0.97002997002997
Score of validation (classical) [0.7171314741035857, 0.8844621513944223, 0.8844621513944223, 0.5179282868525896]
Score of training (classical) [0.7532467532467533, 0.8651348651348651, 0.8671328671328671, 0.48451548451548454]
Sample 153
Take max_iter as  1417
Score of validation 0.8764940239043825
Score of training 0.975024975024975
Score of validation (classical) [0.7450199203187251, 0.8406374501992032, 0.848605577689243, 0.43824701195219123]
Score of training (classical) [0.7502497502497503, 0.8771228771228772, 0.8821178821178821, 0.5014985014985015]
Sample 154
Take max_iter as  1498
Score of validation 0.8764940239043825
Score of training 0.967032967032967
Score of validation (classical) [0.7250996015936255, 0.8685258964143426, 0.8844621513944223, 0.4581673306772908]
Score of training (classical) [0.7332667332667333, 0.8841158841158842, 0.8871128871128872, 0.5004995004995005]
Sample 155
Take max_iter as  1512
Score of validation 0.8764940239043825
Score of training 0.973026973026973
Score of validation (classical) [0.7131474103585658, 0.8446215139442231, 0.8446215139442231, 0.450199203187251]
Score of training (classical) [0.7412587412587412, 0.8711288711288712, 0.8741258741258742, 0.4995004995004995]
Sample 156
Take max_iter as  1417
Score of validation 0.8884462151394422
Score of training 0.9690309690309691
Score of validation (classical) [0.7529880478087649, 0.8764940239043825, 0.8804780876494024, 0.49800796812749004]
Score of training (classical) [0.7282717282717283, 0.8681318681318682, 0.8701298701298701, 0.47652347652347654]
Sample 157
Take max_iter as  1457
Score of validation 0.8605577689243028
Score of training 0.973026973026973
Score of validation (classical) [0.701195219123506, 0.8366533864541833, 0.8326693227091634, 0.4860557768924303]
Score of training (classical) [0.7382617382617382, 0.8801198801198801, 0.8851148851148851, 0.4935064935064935]
Sample 158
Take max_iter as  1484
Score of validation 0.8605577689243028
Score of training 0.97002997002997
Score of validation (classical) [0.7609561752988048, 0.8685258964143426, 0.8725099601593626, 0.46613545816733065]
Score of training (classical) [0.7322677322677322, 0.8711288711288712, 0.8721278721278721, 0.4725274725274725]
Sample 159
Take max_iter as  1496
Score of validation 0.8565737051792829
Score of training 0.974025974025974
Score of validation (classical) [0.6932270916334662, 0.8565737051792829, 0.8406374501992032, 0.46613545816733065]
Score of training (classical) [0.7542457542457542, 0.8861138861138861, 0.8831168831168831, 0.5164835164835165]
Sample 160
Take max_iter as  1523
Score of validation 0.8804780876494024
Score of training 0.965034965034965
Score of validation (classical) [0.7250996015936255, 0.8446215139442231, 0.852589641434263, 0.49800796812749004]
Score of training (classical) [0.7472527472527473, 0.8721278721278721, 0.8611388611388612, 0.4835164835164835]
Sample 161
Take max_iter as  1475
Score of validation 0.8645418326693227
Score of training 0.972027972027972
Score of validation (classical) [0.701195219123506, 0.8446215139442231, 0.852589641434263, 0.44621513944223107]
Score of training (classical) [0.7292707292707292, 0.8691308691308691, 0.8771228771228772, 0.4865134865134865]
Sample 162
Take max_iter as  1440
Score of validation 0.8844621513944223
Score of training 0.9660339660339661
Score of validation (classical) [0.7529880478087649, 0.8446215139442231, 0.8605577689243028, 0.5657370517928287]
Score of training (classical) [0.7372627372627373, 0.8881118881118881, 0.8781218781218781, 0.48151848151848153]
Sample 163
Take max_iter as  1452
Score of validation 0.8764940239043825
Score of training 0.9660339660339661
Score of validation (classical) [0.7250996015936255, 0.8446215139442231, 0.8406374501992032, 0.4581673306772908]
Score of training (classical) [0.7342657342657343, 0.8731268731268731, 0.8731268731268731, 0.5004995004995005]
Sample 164
Take max_iter as  1411
Score of validation 0.8924302788844621
Score of training 0.9690309690309691
Score of validation (classical) [0.7370517928286853, 0.8804780876494024, 0.8804780876494024, 0.5179282868525896]
Score of training (classical) [0.7302697302697303, 0.8671328671328671, 0.8751248751248751, 0.47952047952047955]
Sample 165
Take max_iter as  1462
Score of validation 0.8645418326693227
Score of training 0.9690309690309691
Score of validation (classical) [0.7529880478087649, 0.8804780876494024, 0.8764940239043825, 0.5258964143426295]
Score of training (classical) [0.7262737262737263, 0.8621378621378621, 0.8741258741258742, 0.4755244755244755]
Sample 166
Take max_iter as  1412
Score of validation 0.8685258964143426
Score of training 0.971028971028971
Score of validation (classical) [0.7171314741035857, 0.8764940239043825, 0.8804780876494024, 0.5219123505976095]
Score of training (classical) [0.7472527472527473, 0.8801198801198801, 0.8801198801198801, 0.4935064935064935]
Sample 167
Take max_iter as  1481
Score of validation 0.9083665338645418
Score of training 0.971028971028971
Score of validation (classical) [0.7370517928286853, 0.8804780876494024, 0.8804780876494024, 0.43824701195219123]
Score of training (classical) [0.7522477522477522, 0.8811188811188811, 0.8841158841158842, 0.48451548451548454]
Sample 168
Take max_iter as  1547
Score of validation 0.8884462151394422
Score of training 0.9690309690309691
Score of validation (classical) [0.7569721115537849, 0.8804780876494024, 0.8804780876494024, 0.5258964143426295]
Score of training (classical) [0.7272727272727273, 0.8711288711288712, 0.8641358641358642, 0.4855144855144855]
Sample 169
Take max_iter as  1444
Score of validation 0.8804780876494024
Score of training 0.974025974025974
Score of validation (classical) [0.7649402390438247, 0.8446215139442231, 0.8764940239043825, 0.50199203187251]
Score of training (classical) [0.7472527472527473, 0.8851148851148851, 0.8831168831168831, 0.47952047952047955]
Sample 170
Take max_iter as  1442
Score of validation 0.8685258964143426
Score of training 0.975024975024975
Score of validation (classical) [0.7330677290836654, 0.8685258964143426, 0.8844621513944223, 0.545816733067729]
Score of training (classical) [0.7252747252747253, 0.8901098901098901, 0.8871128871128872, 0.5164835164835165]
Sample 171
Take max_iter as  1511
Score of validation 0.848605577689243
Score of training 0.974025974025974
Score of validation (classical) [0.7529880478087649, 0.8685258964143426, 0.8645418326693227, 0.5099601593625498]
Score of training (classical) [0.7392607392607392, 0.8771228771228772, 0.8871128871128872, 0.4865134865134865]
Sample 172
Take max_iter as  1445
Score of validation 0.8844621513944223
Score of training 0.971028971028971
Score of validation (classical) [0.7330677290836654, 0.8605577689243028, 0.8366533864541833, 0.50199203187251]
Score of training (classical) [0.7302697302697303, 0.8771228771228772, 0.8751248751248751, 0.4985014985014985]
Sample 173
Take max_iter as  1483
Score of validation 0.8844621513944223
Score of training 0.964035964035964
Score of validation (classical) [0.7689243027888446, 0.8725099601593626, 0.8884462151394422, 0.5059760956175299]
Score of training (classical) [0.7282717282717283, 0.8601398601398601, 0.8871128871128872, 0.5034965034965035]
Sample 174
Take max_iter as  1414
Score of validation 0.900398406374502
Score of training 0.971028971028971
Score of validation (classical) [0.6414342629482072, 0.8286852589641435, 0.8406374501992032, 0.4701195219123506]
Score of training (classical) [0.7522477522477522, 0.8741258741258742, 0.8721278721278721, 0.5124875124875125]
Sample 175
Take max_iter as  1556
Score of validation 0.896414342629482
Score of training 0.9690309690309691
Score of validation (classical) [0.7729083665338645, 0.8725099601593626, 0.8725099601593626, 0.5139442231075697]
Score of training (classical) [0.7312687312687313, 0.8831168831168831, 0.8851148851148851, 0.47952047952047955]
Sample 176
Take max_iter as  1590
Score of validation 0.8924302788844621
Score of training 0.968031968031968
Score of validation (classical) [0.7131474103585658, 0.8446215139442231, 0.8685258964143426, 0.450199203187251]
Score of training (classical) [0.7532467532467533, 0.8831168831168831, 0.8851148851148851, 0.5084915084915085]
Sample 177
Take max_iter as  1542
Score of validation 0.8844621513944223
Score of training 0.971028971028971
Score of validation (classical) [0.7450199203187251, 0.8406374501992032, 0.8446215139442231, 0.47410358565737054]
Score of training (classical) [0.7262737262737263, 0.8931068931068931, 0.8951048951048951, 0.5004995004995005]
Sample 178
Take max_iter as  1525
Score of validation 0.9083665338645418
Score of training 0.9690309690309691
Score of validation (classical) [0.7569721115537849, 0.8605577689243028, 0.848605577689243, 0.44621513944223107]
Score of training (classical) [0.7272727272727273, 0.8621378621378621, 0.8661338661338661, 0.4755244755244755]
Sample 179
Take max_iter as  1532
Score of validation 0.8924302788844621
Score of training 0.9630369630369631
Score of validation (classical) [0.7370517928286853, 0.8406374501992032, 0.848605577689243, 0.4820717131474104]
Score of training (classical) [0.7462537462537463, 0.8881118881118881, 0.8861138861138861, 0.4985014985014985]
Sample 180
Take max_iter as  1506
Score of validation 0.896414342629482
Score of training 0.965034965034965
Score of validation (classical) [0.7131474103585658, 0.852589641434263, 0.848605577689243, 0.46215139442231074]
Score of training (classical) [0.7432567432567433, 0.8681318681318682, 0.8771228771228772, 0.5024975024975025]
Sample 181
Take max_iter as  1398
Score of validation 0.9163346613545816
Score of training 0.971028971028971
Score of validation (classical) [0.7171314741035857, 0.8844621513944223, 0.8645418326693227, 0.4900398406374502]
Score of training (classical) [0.7362637362637363, 0.8561438561438561, 0.8661338661338661, 0.46553446553446554]
Sample 182
Take max_iter as  1522
Score of validation 0.8924302788844621
Score of training 0.971028971028971
Score of validation (classical) [0.6812749003984063, 0.8725099601593626, 0.8884462151394422, 0.46215139442231074]
Score of training (classical) [0.7392607392607392, 0.8661338661338661, 0.8721278721278721, 0.47352647352647353]
Sample 183
Take max_iter as  1410
Score of validation 0.900398406374502
Score of training 0.972027972027972
Score of validation (classical) [0.7091633466135459, 0.8286852589641435, 0.8127490039840638, 0.5338645418326693]
Score of training (classical) [0.7522477522477522, 0.8801198801198801, 0.8751248751248751, 0.4775224775224775]
Sample 184
Take max_iter as  1477
Score of validation 0.8685258964143426
Score of training 0.9690309690309691
Score of validation (classical) [0.7290836653386454, 0.8406374501992032, 0.848605577689243, 0.47410358565737054]
Score of training (classical) [0.7472527472527473, 0.8741258741258742, 0.8781218781218781, 0.4985014985014985]
Sample 185
Take max_iter as  1484
Score of validation 0.8884462151394422
Score of training 0.971028971028971
Score of validation (classical) [0.7290836653386454, 0.8326693227091634, 0.8286852589641435, 0.4860557768924303]
Score of training (classical) [0.7572427572427572, 0.8771228771228772, 0.8691308691308691, 0.47052947052947053]
Sample 186
Take max_iter as  1528
Score of validation 0.8764940239043825
Score of training 0.97002997002997
Score of validation (classical) [0.7450199203187251, 0.8247011952191236, 0.8446215139442231, 0.46613545816733065]
Score of training (classical) [0.7332667332667333, 0.8611388611388612, 0.8721278721278721, 0.4875124875124875]
Sample 187
Take max_iter as  1474
Score of validation 0.8844621513944223
Score of training 0.967032967032967
Score of validation (classical) [0.7450199203187251, 0.8406374501992032, 0.8366533864541833, 0.4940239043824701]
Score of training (classical) [0.7262737262737263, 0.8821178821178821, 0.8781218781218781, 0.47352647352647353]
Sample 188
Take max_iter as  1576
Score of validation 0.8924302788844621
Score of training 0.9760239760239761
Score of validation (classical) [0.749003984063745, 0.8844621513944223, 0.8804780876494024, 0.4900398406374502]
Score of training (classical) [0.7432567432567433, 0.8841158841158842, 0.8811188811188811, 0.5054945054945055]
Sample 189
Take max_iter as  1395
Score of validation 0.9123505976095617
Score of training 0.967032967032967
Score of validation (classical) [0.7171314741035857, 0.8605577689243028, 0.8605577689243028, 0.5059760956175299]
Score of training (classical) [0.7362637362637363, 0.8621378621378621, 0.8661338661338661, 0.47952047952047955]
Sample 190
Take max_iter as  1484
Score of validation 0.9083665338645418
Score of training 0.97002997002997
Score of validation (classical) [0.7290836653386454, 0.8127490039840638, 0.8247011952191236, 0.5099601593625498]
Score of training (classical) [0.7332667332667333, 0.8721278721278721, 0.8711288711288712, 0.4875124875124875]
Sample 191
Take max_iter as  1641
Score of validation 0.8605577689243028
Score of training 0.968031968031968
Score of validation (classical) [0.7211155378486056, 0.8207171314741036, 0.8326693227091634, 0.4701195219123506]
Score of training (classical) [0.7482517482517482, 0.8731268731268731, 0.8871128871128872, 0.4945054945054945]
Sample 192
Take max_iter as  1444
Score of validation 0.8804780876494024
Score of training 0.9660339660339661
Score of validation (classical) [0.7330677290836654, 0.8247011952191236, 0.8366533864541833, 0.5179282868525896]
Score of training (classical) [0.7472527472527473, 0.8731268731268731, 0.8681318681318682, 0.47652347652347654]
Sample 193
Take max_iter as  1474
Score of validation 0.9043824701195219
Score of training 0.9690309690309691
Score of validation (classical) [0.7569721115537849, 0.8844621513944223, 0.8764940239043825, 0.46215139442231074]
Score of training (classical) [0.7352647352647352, 0.8651348651348651, 0.8761238761238761, 0.47352647352647353]
Sample 194
Take max_iter as  1519
Score of validation 0.8844621513944223
Score of training 0.974025974025974
Score of validation (classical) [0.7091633466135459, 0.8645418326693227, 0.8725099601593626, 0.4860557768924303]
Score of training (classical) [0.7472527472527473, 0.8651348651348651, 0.8761238761238761, 0.4985014985014985]
Sample 195
Take max_iter as  1368
Score of validation 0.9123505976095617
Score of training 0.9690309690309691
Score of validation (classical) [0.7609561752988048, 0.900398406374502, 0.9123505976095617, 0.50199203187251]
Score of training (classical) [0.7252747252747253, 0.8771228771228772, 0.8681318681318682, 0.4865134865134865]
Sample 196
Take max_iter as  1511
Score of validation 0.8764940239043825
Score of training 0.973026973026973
Score of validation (classical) [0.7250996015936255, 0.8565737051792829, 0.8605577689243028, 0.545816733067729]
Score of training (classical) [0.7352647352647352, 0.8731268731268731, 0.8681318681318682, 0.5334665334665335]
Sample 197
Take max_iter as  1513
Score of validation 0.896414342629482
Score of training 0.965034965034965
Score of validation (classical) [0.7211155378486056, 0.8645418326693227, 0.852589641434263, 0.4860557768924303]
Score of training (classical) [0.7492507492507493, 0.8981018981018981, 0.8901098901098901, 0.4945054945054945]
Sample 198
Take max_iter as  1498
Score of validation 0.8565737051792829
Score of training 0.9790209790209791
Score of validation (classical) [0.7051792828685259, 0.8326693227091634, 0.8127490039840638, 0.4701195219123506]
Score of training (classical) [0.7382617382617382, 0.8701298701298701, 0.8841158841158842, 0.47352647352647353]
Sample 199
Take max_iter as  1513
Score of validation 0.900398406374502
Score of training 0.972027972027972
Score of validation (classical) [0.7131474103585658, 0.8286852589641435, 0.8366533864541833, 0.46613545816733065]
Score of training (classical) [0.7342657342657343, 0.8711288711288712, 0.8921078921078921, 0.5054945054945055]
Sample 200
Take max_iter as  1449
Score of validation 0.896414342629482
Score of training 0.971028971028971
Score of validation (classical) [0.6852589641434262, 0.8645418326693227, 0.8565737051792829, 0.4701195219123506]
Score of training (classical) [0.7402597402597403, 0.8681318681318682, 0.8691308691308691, 0.5074925074925075]
Sample 201
Take max_iter as  1540
Score of validation 0.8764940239043825
Score of training 0.9690309690309691
Score of validation (classical) [0.749003984063745, 0.8764940239043825, 0.8804780876494024, 0.47808764940239046]
Score of training (classical) [0.7312687312687313, 0.8861138861138861, 0.8851148851148851, 0.48951048951048953]
Sample 202
Take max_iter as  1549
Score of validation 0.8764940239043825
Score of training 0.972027972027972
Score of validation (classical) [0.6932270916334662, 0.8685258964143426, 0.8446215139442231, 0.5258964143426295]
Score of training (classical) [0.7342657342657343, 0.8791208791208791, 0.8771228771228772, 0.5004995004995005]
Sample 203
Take max_iter as  1472
Score of validation 0.8804780876494024
Score of training 0.972027972027972
Score of validation (classical) [0.7649402390438247, 0.8884462151394422, 0.9043824701195219, 0.4860557768924303]
Score of training (classical) [0.7422577422577422, 0.8711288711288712, 0.8731268731268731, 0.5104895104895105]
Sample 204
Take max_iter as  1598
Score of validation 0.848605577689243
Score of training 0.978021978021978
Score of validation (classical) [0.7131474103585658, 0.852589641434263, 0.8645418326693227, 0.5059760956175299]
Score of training (classical) [0.7432567432567433, 0.8731268731268731, 0.8821178821178821, 0.4955044955044955]
Sample 205
Take max_iter as  1581
Score of validation 0.8725099601593626
Score of training 0.9690309690309691
Score of validation (classical) [0.7330677290836654, 0.8446215139442231, 0.8286852589641435, 0.5219123505976095]
Score of training (classical) [0.7572427572427572, 0.8711288711288712, 0.8741258741258742, 0.5114885114885115]
Sample 206
Take max_iter as  1665
Score of validation 0.8844621513944223
Score of training 0.968031968031968
Score of validation (classical) [0.7569721115537849, 0.896414342629482, 0.8924302788844621, 0.46215139442231074]
Score of training (classical) [0.7342657342657343, 0.8811188811188811, 0.8781218781218781, 0.5064935064935064]
Sample 207
Take max_iter as  1450
Score of validation 0.8884462151394422
Score of training 0.975024975024975
Score of validation (classical) [0.6972111553784861, 0.8605577689243028, 0.8645418326693227, 0.4701195219123506]
Score of training (classical) [0.7322677322677322, 0.8801198801198801, 0.8731268731268731, 0.5144855144855145]
Sample 208
Take max_iter as  1532
Score of validation 0.8884462151394422
Score of training 0.974025974025974
Score of validation (classical) [0.7410358565737052, 0.852589641434263, 0.8565737051792829, 0.4940239043824701]
Score of training (classical) [0.7362637362637363, 0.8861138861138861, 0.8831168831168831, 0.4975024975024975]
Sample 209
Take max_iter as  1502
Score of validation 0.9083665338645418
Score of training 0.9690309690309691
Score of validation (classical) [0.7410358565737052, 0.8804780876494024, 0.8884462151394422, 0.4940239043824701]
Score of training (classical) [0.7362637362637363, 0.8731268731268731, 0.8691308691308691, 0.4775224775224775]
Sample 210
Take max_iter as  1509
Score of validation 0.848605577689243
Score of training 0.97002997002997
Score of validation (classical) [0.7051792828685259, 0.8167330677290837, 0.8207171314741036, 0.4820717131474104]
Score of training (classical) [0.7392607392607392, 0.8751248751248751, 0.8831168831168831, 0.4805194805194805]
Sample 211
Take max_iter as  1491
Score of validation 0.896414342629482
Score of training 0.972027972027972
Score of validation (classical) [0.7649402390438247, 0.8804780876494024, 0.8924302788844621, 0.549800796812749]
Score of training (classical) [0.7402597402597403, 0.8781218781218781, 0.8761238761238761, 0.4965034965034965]
Sample 212
Take max_iter as  1460
Score of validation 0.896414342629482
Score of training 0.968031968031968
Score of validation (classical) [0.7569721115537849, 0.8605577689243028, 0.8645418326693227, 0.5219123505976095]
Score of training (classical) [0.7212787212787213, 0.8681318681318682, 0.8751248751248751, 0.48151848151848153]
Sample 213
Take max_iter as  1451
Score of validation 0.8725099601593626
Score of training 0.962037962037962
Score of validation (classical) [0.7649402390438247, 0.8366533864541833, 0.848605577689243, 0.4820717131474104]
Score of training (classical) [0.7482517482517482, 0.8771228771228772, 0.8801198801198801, 0.4695304695304695]
Sample 214
Take max_iter as  1481
Score of validation 0.8565737051792829
Score of training 0.9660339660339661
Score of validation (classical) [0.7250996015936255, 0.8326693227091634, 0.8446215139442231, 0.41832669322709165]
Score of training (classical) [0.7332667332667333, 0.8731268731268731, 0.8851148851148851, 0.4985014985014985]
Sample 215
Take max_iter as  1406
Score of validation 0.8804780876494024
Score of training 0.973026973026973
Score of validation (classical) [0.7171314741035857, 0.8725099601593626, 0.8645418326693227, 0.46613545816733065]
Score of training (classical) [0.7302697302697303, 0.8701298701298701, 0.8791208791208791, 0.4865134865134865]
Sample 216
Take max_iter as  1468
Score of validation 0.9043824701195219
Score of training 0.964035964035964
Score of validation (classical) [0.749003984063745, 0.8605577689243028, 0.8645418326693227, 0.47410358565737054]
Score of training (classical) [0.7442557442557443, 0.8691308691308691, 0.8671328671328671, 0.47152847152847155]
Sample 217
Take max_iter as  1455
Score of validation 0.8685258964143426
Score of training 0.9760239760239761
Score of validation (classical) [0.7888446215139442, 0.8764940239043825, 0.8844621513944223, 0.4940239043824701]
Score of training (classical) [0.7382617382617382, 0.8721278721278721, 0.8811188811188811, 0.5214785214785215]
Sample 218
Take max_iter as  1510
Score of validation 0.8446215139442231
Score of training 0.964035964035964
Score of validation (classical) [0.7450199203187251, 0.8366533864541833, 0.848605577689243, 0.4900398406374502]
Score of training (classical) [0.7352647352647352, 0.8771228771228772, 0.8761238761238761, 0.5004995004995005]
Sample 219
Take max_iter as  1475
Score of validation 0.9203187250996016
Score of training 0.967032967032967
Score of validation (classical) [0.7290836653386454, 0.8725099601593626, 0.8685258964143426, 0.5258964143426295]
Score of training (classical) [0.7362637362637363, 0.8651348651348651, 0.8731268731268731, 0.5024975024975025]
Sample 220
Take max_iter as  1444
Score of validation 0.8685258964143426
Score of training 0.967032967032967
Score of validation (classical) [0.7529880478087649, 0.896414342629482, 0.8924302788844621, 0.4820717131474104]
Score of training (classical) [0.7282717282717283, 0.8591408591408591, 0.8571428571428571, 0.5004995004995005]
Sample 221
Take max_iter as  1427
Score of validation 0.8764940239043825
Score of training 0.968031968031968
Score of validation (classical) [0.7211155378486056, 0.8605577689243028, 0.8725099601593626, 0.5258964143426295]
Score of training (classical) [0.7492507492507493, 0.8681318681318682, 0.8701298701298701, 0.5074925074925075]
Sample 222
Take max_iter as  1509
Score of validation 0.8804780876494024
Score of training 0.965034965034965
Score of validation (classical) [0.6693227091633466, 0.8446215139442231, 0.8446215139442231, 0.4940239043824701]
Score of training (classical) [0.7362637362637363, 0.8601398601398601, 0.8661338661338661, 0.4695304695304695]
Sample 223
Take max_iter as  1350
Score of validation 0.8764940239043825
Score of training 0.968031968031968
Score of validation (classical) [0.7649402390438247, 0.8446215139442231, 0.8565737051792829, 0.4860557768924303]
Score of training (classical) [0.7412587412587412, 0.8701298701298701, 0.8611388611388612, 0.48451548451548454]
Sample 224
Take max_iter as  1614
Score of validation 0.8446215139442231
Score of training 0.975024975024975
Score of validation (classical) [0.7131474103585658, 0.848605577689243, 0.852589641434263, 0.44621513944223107]
Score of training (classical) [0.7412587412587412, 0.8701298701298701, 0.8881118881118881, 0.4805194805194805]
Sample 225
Take max_iter as  1470
Score of validation 0.8844621513944223
Score of training 0.968031968031968
Score of validation (classical) [0.7091633466135459, 0.848605577689243, 0.848605577689243, 0.5219123505976095]
Score of training (classical) [0.7602397602397603, 0.8791208791208791, 0.8851148851148851, 0.4945054945054945]
Sample 226
Take max_iter as  1466
Score of validation 0.8844621513944223
Score of training 0.972027972027972
Score of validation (classical) [0.7410358565737052, 0.8685258964143426, 0.8725099601593626, 0.4900398406374502]
Score of training (classical) [0.7402597402597403, 0.8691308691308691, 0.8671328671328671, 0.4915084915084915]
Sample 227
Take max_iter as  1572
Score of validation 0.8924302788844621
Score of training 0.975024975024975
Score of validation (classical) [0.6892430278884463, 0.8565737051792829, 0.852589641434263, 0.450199203187251]
Score of training (classical) [0.7402597402597403, 0.8661338661338661, 0.8761238761238761, 0.4855144855144855]
Sample 228
Take max_iter as  1444
Score of validation 0.8844621513944223
Score of training 0.967032967032967
Score of validation (classical) [0.7649402390438247, 0.8924302788844621, 0.900398406374502, 0.4900398406374502]
Score of training (classical) [0.7292707292707292, 0.8611388611388612, 0.8681318681318682, 0.4825174825174825]
Sample 229
Take max_iter as  1530
Score of validation 0.896414342629482
Score of training 0.974025974025974
Score of validation (classical) [0.7410358565737052, 0.8605577689243028, 0.8605577689243028, 0.5059760956175299]
Score of training (classical) [0.7412587412587412, 0.8731268731268731, 0.8731268731268731, 0.4955044955044955]
Sample 230
Take max_iter as  1496
Score of validation 0.8764940239043825
Score of training 0.97002997002997
Score of validation (classical) [0.7330677290836654, 0.8685258964143426, 0.8924302788844621, 0.5139442231075697]
Score of training (classical) [0.7412587412587412, 0.8671328671328671, 0.8691308691308691, 0.4855144855144855]
Sample 231
Take max_iter as  1501
Score of validation 0.8844621513944223
Score of training 0.9600399600399601
Score of validation (classical) [0.7410358565737052, 0.848605577689243, 0.8645418326693227, 0.5139442231075697]
Score of training (classical) [0.7372627372627373, 0.8701298701298701, 0.8761238761238761, 0.4745254745254745]
Sample 232
Take max_iter as  1550
Score of validation 0.8764940239043825
Score of training 0.968031968031968
Score of validation (classical) [0.7051792828685259, 0.8685258964143426, 0.8804780876494024, 0.49800796812749004]
Score of training (classical) [0.7542457542457542, 0.8621378621378621, 0.8631368631368631, 0.5214785214785215]
Sample 233
Take max_iter as  1475
Score of validation 0.8804780876494024
Score of training 0.9660339660339661
Score of validation (classical) [0.7370517928286853, 0.8685258964143426, 0.8645418326693227, 0.42231075697211157]
Score of training (classical) [0.7202797202797203, 0.8651348651348651, 0.8731268731268731, 0.47352647352647353]
Sample 234
Take max_iter as  1512
Score of validation 0.9043824701195219
Score of training 0.9690309690309691
Score of validation (classical) [0.7211155378486056, 0.896414342629482, 0.9043824701195219, 0.4262948207171315]
Score of training (classical) [0.7382617382617382, 0.8751248751248751, 0.8711288711288712, 0.4935064935064935]
Sample 235
Take max_iter as  1586
Score of validation 0.8764940239043825
Score of training 0.975024975024975
Score of validation (classical) [0.7450199203187251, 0.8605577689243028, 0.8565737051792829, 0.47410358565737054]
Score of training (classical) [0.7282717282717283, 0.8841158841158842, 0.8801198801198801, 0.4725274725274725]
Sample 236
Take max_iter as  1502
Score of validation 0.8884462151394422
Score of training 0.973026973026973
Score of validation (classical) [0.749003984063745, 0.852589641434263, 0.8844621513944223, 0.4940239043824701]
Score of training (classical) [0.7342657342657343, 0.8701298701298701, 0.8711288711288712, 0.45754245754245754]
Sample 237
Take max_iter as  1564
Score of validation 0.8685258964143426
Score of training 0.968031968031968
Score of validation (classical) [0.6892430278884463, 0.8446215139442231, 0.852589641434263, 0.47808764940239046]
Score of training (classical) [0.7402597402597403, 0.8651348651348651, 0.8781218781218781, 0.4865134865134865]
Sample 238
Take max_iter as  1589
Score of validation 0.8645418326693227
Score of training 0.97002997002997
Score of validation (classical) [0.749003984063745, 0.8764940239043825, 0.8725099601593626, 0.44621513944223107]
Score of training (classical) [0.7422577422577422, 0.8641358641358642, 0.8791208791208791, 0.4945054945054945]
Sample 239
Take max_iter as  1681
Score of validation 0.8804780876494024
Score of training 0.9760239760239761
Score of validation (classical) [0.7211155378486056, 0.8764940239043825, 0.8804780876494024, 0.450199203187251]
Score of training (classical) [0.7492507492507493, 0.8611388611388612, 0.8651348651348651, 0.4835164835164835]
Sample 240
Take max_iter as  1554
Score of validation 0.8804780876494024
Score of training 0.971028971028971
Score of validation (classical) [0.7370517928286853, 0.8565737051792829, 0.8645418326693227, 0.46613545816733065]
Score of training (classical) [0.7282717282717283, 0.8701298701298701, 0.8711288711288712, 0.4805194805194805]
Sample 241
Take max_iter as  1484
Score of validation 0.8844621513944223
Score of training 0.97002997002997
Score of validation (classical) [0.7250996015936255, 0.8605577689243028, 0.8645418326693227, 0.4262948207171315]
Score of training (classical) [0.7532467532467533, 0.8591408591408591, 0.8651348651348651, 0.4915084915084915]
Sample 242
Take max_iter as  1479
Score of validation 0.9123505976095617
Score of training 0.971028971028971
Score of validation (classical) [0.7808764940239044, 0.9163346613545816, 0.9282868525896414, 0.4940239043824701]
Score of training (classical) [0.7172827172827173, 0.8771228771228772, 0.8661338661338661, 0.4995004995004995]
Sample 243
Take max_iter as  1428
Score of validation 0.8884462151394422
Score of training 0.977022977022977
Score of validation (classical) [0.749003984063745, 0.8645418326693227, 0.8605577689243028, 0.4940239043824701]
Score of training (classical) [0.7452547452547452, 0.8801198801198801, 0.8721278721278721, 0.47952047952047955]
Sample 244
Take max_iter as  1538
Score of validation 0.9043824701195219
Score of training 0.9690309690309691
Score of validation (classical) [0.7410358565737052, 0.852589641434263, 0.8725099601593626, 0.5139442231075697]
Score of training (classical) [0.7552447552447552, 0.8681318681318682, 0.8761238761238761, 0.4825174825174825]
Sample 245
Take max_iter as  1474
Score of validation 0.8924302788844621
Score of training 0.968031968031968
Score of validation (classical) [0.7410358565737052, 0.8605577689243028, 0.8725099601593626, 0.49800796812749004]
Score of training (classical) [0.7282717282717283, 0.8841158841158842, 0.8761238761238761, 0.48451548451548454]
Sample 246
Take max_iter as  1489
Score of validation 0.8764940239043825
Score of training 0.972027972027972
Score of validation (classical) [0.7211155378486056, 0.8884462151394422, 0.900398406374502, 0.5059760956175299]
Score of training (classical) [0.7342657342657343, 0.8701298701298701, 0.8751248751248751, 0.46853146853146854]
Sample 247
Take max_iter as  1443
Score of validation 0.900398406374502
Score of training 0.972027972027972
Score of validation (classical) [0.7450199203187251, 0.8685258964143426, 0.896414342629482, 0.549800796812749]
Score of training (classical) [0.7202797202797203, 0.8961038961038961, 0.8821178821178821, 0.5024975024975025]
Sample 248
Take max_iter as  1484
Score of validation 0.852589641434263
Score of training 0.971028971028971
Score of validation (classical) [0.7131474103585658, 0.8286852589641435, 0.8446215139442231, 0.47808764940239046]
Score of training (classical) [0.7492507492507493, 0.8791208791208791, 0.8801198801198801, 0.4975024975024975]
Sample 249
Take max_iter as  1533
Score of validation 0.8804780876494024
Score of training 0.968031968031968
Score of validation (classical) [0.7290836653386454, 0.8924302788844621, 0.9043824701195219, 0.5059760956175299]
Score of training (classical) [0.7372627372627373, 0.8721278721278721, 0.8751248751248751, 0.5104895104895105]
Sample 250
Take max_iter as  1481
Score of validation 0.8924302788844621
Score of training 0.97002997002997
Score of validation (classical) [0.7450199203187251, 0.8645418326693227, 0.8725099601593626, 0.5258964143426295]
Score of training (classical) [0.7472527472527473, 0.8691308691308691, 0.8701298701298701, 0.47052947052947053]
Sample 251
Take max_iter as  1556
Score of validation 0.8804780876494024
Score of training 0.974025974025974
Score of validation (classical) [0.701195219123506, 0.8685258964143426, 0.8645418326693227, 0.44223107569721115]
Score of training (classical) [0.7372627372627373, 0.8901098901098901, 0.8861138861138861, 0.4975024975024975]
Sample 252
Take max_iter as  1545
Score of validation 0.9043824701195219
Score of training 0.974025974025974
Score of validation (classical) [0.7250996015936255, 0.8645418326693227, 0.848605577689243, 0.4900398406374502]
Score of training (classical) [0.7352647352647352, 0.8821178821178821, 0.8781218781218781, 0.4915084915084915]
Sample 253
Take max_iter as  1434
Score of validation 0.8764940239043825
Score of training 0.973026973026973
Score of validation (classical) [0.7928286852589641, 0.8804780876494024, 0.8844621513944223, 0.5219123505976095]
Score of training (classical) [0.7192807192807192, 0.8831168831168831, 0.8841158841158842, 0.4885114885114885]
Sample 254
Take max_iter as  1439
Score of validation 0.900398406374502
Score of training 0.9690309690309691
Score of validation (classical) [0.749003984063745, 0.8884462151394422, 0.8844621513944223, 0.4900398406374502]
Score of training (classical) [0.7362637362637363, 0.8841158841158842, 0.8741258741258742, 0.4835164835164835]
Sample 255
Take max_iter as  1597
Score of validation 0.8645418326693227
Score of training 0.972027972027972
Score of validation (classical) [0.7529880478087649, 0.8605577689243028, 0.8685258964143426, 0.5059760956175299]
Score of training (classical) [0.7392607392607392, 0.8681318681318682, 0.8731268731268731, 0.5104895104895105]
Sample 256
Take max_iter as  1531
Score of validation 0.8645418326693227
Score of training 0.9660339660339661
Score of validation (classical) [0.7290836653386454, 0.8207171314741036, 0.8247011952191236, 0.4581673306772908]
Score of training (classical) [0.7462537462537463, 0.8701298701298701, 0.8761238761238761, 0.4875124875124875]
Sample 257
Take max_iter as  1492
Score of validation 0.9163346613545816
Score of training 0.9660339660339661
Score of validation (classical) [0.7649402390438247, 0.8844621513944223, 0.8685258964143426, 0.4262948207171315]
Score of training (classical) [0.7432567432567433, 0.8601398601398601, 0.8601398601398601, 0.4945054945054945]
Sample 258
Take max_iter as  1459
Score of validation 0.8884462151394422
Score of training 0.967032967032967
Score of validation (classical) [0.7450199203187251, 0.8565737051792829, 0.8446215139442231, 0.4900398406374502]
Score of training (classical) [0.7432567432567433, 0.8631368631368631, 0.8651348651348651, 0.48451548451548454]
Sample 259
Take max_iter as  1445
Score of validation 0.8764940239043825
Score of training 0.967032967032967
Score of validation (classical) [0.7250996015936255, 0.848605577689243, 0.8725099601593626, 0.4820717131474104]
Score of training (classical) [0.7482517482517482, 0.8791208791208791, 0.8831168831168831, 0.47152847152847155]
Sample 260
Take max_iter as  1612
Score of validation 0.8884462151394422
Score of training 0.974025974025974
Score of validation (classical) [0.796812749003984, 0.8605577689243028, 0.8685258964143426, 0.49800796812749004]
Score of training (classical) [0.7302697302697303, 0.8661338661338661, 0.8671328671328671, 0.4835164835164835]
Sample 261
Take max_iter as  1448
Score of validation 0.8804780876494024
Score of training 0.9690309690309691
Score of validation (classical) [0.7330677290836654, 0.8446215139442231, 0.848605577689243, 0.5059760956175299]
Score of training (classical) [0.7412587412587412, 0.8751248751248751, 0.8791208791208791, 0.47152847152847155]
Sample 262
Take max_iter as  1650
Score of validation 0.8565737051792829
Score of training 0.973026973026973
Score of validation (classical) [0.7370517928286853, 0.8446215139442231, 0.848605577689243, 0.41434262948207173]
Score of training (classical) [0.7482517482517482, 0.8761238761238761, 0.8851148851148851, 0.48151848151848153]
Sample 263
Take max_iter as  1581
Score of validation 0.900398406374502
Score of training 0.97002997002997
Score of validation (classical) [0.7131474103585658, 0.8207171314741036, 0.8247011952191236, 0.5219123505976095]
Score of training (classical) [0.7442557442557443, 0.8691308691308691, 0.8771228771228772, 0.4955044955044955]
Sample 264
Take max_iter as  1543
Score of validation 0.8844621513944223
Score of training 0.973026973026973
Score of validation (classical) [0.7091633466135459, 0.8605577689243028, 0.8764940239043825, 0.4262948207171315]
Score of training (classical) [0.7552447552447552, 0.8631368631368631, 0.8761238761238761, 0.5084915084915085]
Sample 265
Take max_iter as  1505
Score of validation 0.8725099601593626
Score of training 0.965034965034965
Score of validation (classical) [0.7609561752988048, 0.900398406374502, 0.900398406374502, 0.49800796812749004]
Score of training (classical) [0.7282717282717283, 0.8801198801198801, 0.8741258741258742, 0.48151848151848153]
Sample 266
Take max_iter as  1460
Score of validation 0.9282868525896414
Score of training 0.962037962037962
Score of validation (classical) [0.7689243027888446, 0.8565737051792829, 0.8725099601593626, 0.50199203187251]
Score of training (classical) [0.7512487512487512, 0.8741258741258742, 0.8801198801198801, 0.4755244755244755]
Sample 267
Take max_iter as  1571
Score of validation 0.8844621513944223
Score of training 0.971028971028971
Score of validation (classical) [0.6972111553784861, 0.8047808764940239, 0.8127490039840638, 0.4860557768924303]
Score of training (classical) [0.7372627372627373, 0.8831168831168831, 0.8831168831168831, 0.4995004995004995]
Sample 268
Take max_iter as  1577
Score of validation 0.9163346613545816
Score of training 0.9630369630369631
Score of validation (classical) [0.7529880478087649, 0.8884462151394422, 0.896414342629482, 0.4940239043824701]
Score of training (classical) [0.7502497502497503, 0.8811188811188811, 0.8801198801198801, 0.5054945054945055]
Sample 269
Take max_iter as  1478
Score of validation 0.848605577689243
Score of training 0.971028971028971
Score of validation (classical) [0.7290836653386454, 0.8286852589641435, 0.8446215139442231, 0.5139442231075697]
Score of training (classical) [0.7662337662337663, 0.8771228771228772, 0.8681318681318682, 0.5074925074925075]
Sample 270
Take max_iter as  1579
Score of validation 0.9083665338645418
Score of training 0.9660339660339661
Score of validation (classical) [0.6972111553784861, 0.8725099601593626, 0.8764940239043825, 0.4541832669322709]
Score of training (classical) [0.7372627372627373, 0.8631368631368631, 0.8691308691308691, 0.5014985014985015]
Sample 271
Take max_iter as  1428
Score of validation 0.8725099601593626
Score of training 0.965034965034965
Score of validation (classical) [0.7131474103585658, 0.8764940239043825, 0.8764940239043825, 0.4701195219123506]
Score of training (classical) [0.7382617382617382, 0.8671328671328671, 0.8681318681318682, 0.5044955044955045]
Sample 272
Take max_iter as  1544
Score of validation 0.9203187250996016
Score of training 0.967032967032967
Score of validation (classical) [0.7689243027888446, 0.8764940239043825, 0.8725099601593626, 0.5139442231075697]
Score of training (classical) [0.7432567432567433, 0.8641358641358642, 0.8801198801198801, 0.45754245754245754]
Sample 273
Take max_iter as  1607
Score of validation 0.9043824701195219
Score of training 0.968031968031968
Score of validation (classical) [0.7250996015936255, 0.8804780876494024, 0.9043824701195219, 0.47808764940239046]
Score of training (classical) [0.7392607392607392, 0.8641358641358642, 0.8621378621378621, 0.4775224775224775]
Sample 274
Take max_iter as  1468
Score of validation 0.8764940239043825
Score of training 0.9660339660339661
Score of validation (classical) [0.7410358565737052, 0.8565737051792829, 0.8605577689243028, 0.50199203187251]
Score of training (classical) [0.7472527472527473, 0.8661338661338661, 0.8601398601398601, 0.47152847152847155]
Sample 275
Take max_iter as  1535
Score of validation 0.8924302788844621
Score of training 0.9690309690309691
Score of validation (classical) [0.7609561752988048, 0.8565737051792829, 0.8685258964143426, 0.46215139442231074]
Score of training (classical) [0.7452547452547452, 0.8651348651348651, 0.8721278721278721, 0.4905094905094905]
Sample 276
Take max_iter as  1447
Score of validation 0.8924302788844621
Score of training 0.9690309690309691
Score of validation (classical) [0.7250996015936255, 0.8605577689243028, 0.8605577689243028, 0.4302788844621514]
Score of training (classical) [0.7452547452547452, 0.8691308691308691, 0.8691308691308691, 0.4875124875124875]
Sample 277
Take max_iter as  1478
Score of validation 0.8605577689243028
Score of training 0.9690309690309691
Score of validation (classical) [0.7330677290836654, 0.8446215139442231, 0.848605577689243, 0.47410358565737054]
Score of training (classical) [0.7342657342657343, 0.8701298701298701, 0.8741258741258742, 0.4995004995004995]
Sample 278
Take max_iter as  1421
Score of validation 0.8725099601593626
Score of training 0.97002997002997
Score of validation (classical) [0.7330677290836654, 0.852589641434263, 0.8446215139442231, 0.49800796812749004]
Score of training (classical) [0.7452547452547452, 0.8691308691308691, 0.8821178821178821, 0.5004995004995005]
Sample 279
Take max_iter as  1569
Score of validation 0.896414342629482
Score of training 0.967032967032967
Score of validation (classical) [0.749003984063745, 0.852589641434263, 0.8446215139442231, 0.41832669322709165]
Score of training (classical) [0.7562437562437563, 0.8701298701298701, 0.8631368631368631, 0.47152847152847155]
Sample 280
Take max_iter as  1496
Score of validation 0.896414342629482
Score of training 0.957042957042957
Score of validation (classical) [0.7131474103585658, 0.848605577689243, 0.8685258964143426, 0.5099601593625498]
Score of training (classical) [0.7532467532467533, 0.8771228771228772, 0.8821178821178821, 0.5064935064935064]
Sample 281
Take max_iter as  1546
Score of validation 0.900398406374502
Score of training 0.968031968031968
Score of validation (classical) [0.7569721115537849, 0.8844621513944223, 0.900398406374502, 0.5059760956175299]
Score of training (classical) [0.7412587412587412, 0.8671328671328671, 0.8721278721278721, 0.4805194805194805]
Sample 282
Take max_iter as  1540
Score of validation 0.8725099601593626
Score of training 0.968031968031968
Score of validation (classical) [0.7450199203187251, 0.8844621513944223, 0.8804780876494024, 0.4900398406374502]
Score of training (classical) [0.7392607392607392, 0.8641358641358642, 0.8711288711288712, 0.48951048951048953]
Sample 283
Take max_iter as  1570
Score of validation 0.900398406374502
Score of training 0.975024975024975
Score of validation (classical) [0.6892430278884463, 0.848605577689243, 0.8645418326693227, 0.4063745019920319]
Score of training (classical) [0.7512487512487512, 0.8671328671328671, 0.8701298701298701, 0.4995004995004995]
Sample 284
Take max_iter as  1512
Score of validation 0.8804780876494024
Score of training 0.974025974025974
Score of validation (classical) [0.7569721115537849, 0.8844621513944223, 0.8924302788844621, 0.43824701195219123]
Score of training (classical) [0.7452547452547452, 0.8641358641358642, 0.8651348651348651, 0.4925074925074925]
Sample 285
Take max_iter as  1653
Score of validation 0.8764940239043825
Score of training 0.9690309690309691
Score of validation (classical) [0.7529880478087649, 0.852589641434263, 0.8685258964143426, 0.44621513944223107]
Score of training (classical) [0.7332667332667333, 0.8701298701298701, 0.8781218781218781, 0.47052947052947053]
Sample 286
Take max_iter as  1520
Score of validation 0.8844621513944223
Score of training 0.964035964035964
Score of validation (classical) [0.7450199203187251, 0.8605577689243028, 0.8924302788844621, 0.47808764940239046]
Score of training (classical) [0.7452547452547452, 0.8661338661338661, 0.8631368631368631, 0.4835164835164835]
Sample 287
Take max_iter as  1455
Score of validation 0.896414342629482
Score of training 0.972027972027972
Score of validation (classical) [0.6812749003984063, 0.8884462151394422, 0.8804780876494024, 0.4302788844621514]
Score of training (classical) [0.7272727272727273, 0.8781218781218781, 0.8661338661338661, 0.5254745254745254]
Sample 288
Take max_iter as  1354
Score of validation 0.8725099601593626
Score of training 0.971028971028971
Score of validation (classical) [0.701195219123506, 0.8725099601593626, 0.8725099601593626, 0.450199203187251]
Score of training (classical) [0.7282717282717283, 0.8881118881118881, 0.8881118881118881, 0.4965034965034965]
Sample 289
Take max_iter as  1539
Score of validation 0.8685258964143426
Score of training 0.971028971028971
Score of validation (classical) [0.6932270916334662, 0.8247011952191236, 0.8167330677290837, 0.4860557768924303]
Score of training (classical) [0.7502497502497503, 0.8701298701298701, 0.8671328671328671, 0.5214785214785215]
Sample 290
Take max_iter as  1570
Score of validation 0.8884462151394422
Score of training 0.968031968031968
Score of validation (classical) [0.7689243027888446, 0.8565737051792829, 0.8565737051792829, 0.4860557768924303]
Score of training (classical) [0.7442557442557443, 0.8821178821178821, 0.8861138861138861, 0.4755244755244755]
Sample 291
Take max_iter as  1462
Score of validation 0.900398406374502
Score of training 0.973026973026973
Score of validation (classical) [0.6892430278884463, 0.848605577689243, 0.848605577689243, 0.5298804780876494]
Score of training (classical) [0.7422577422577422, 0.8771228771228772, 0.8801198801198801, 0.5024975024975025]
Sample 292
Take max_iter as  1507
Score of validation 0.8685258964143426
Score of training 0.967032967032967
Score of validation (classical) [0.7330677290836654, 0.852589641434263, 0.8605577689243028, 0.4541832669322709]
Score of training (classical) [0.7402597402597403, 0.8701298701298701, 0.8701298701298701, 0.48151848151848153]
Sample 293
Take max_iter as  1450
Score of validation 0.8804780876494024
Score of training 0.967032967032967
Score of validation (classical) [0.6334661354581673, 0.8565737051792829, 0.8605577689243028, 0.4900398406374502]
Score of training (classical) [0.7522477522477522, 0.8841158841158842, 0.8741258741258742, 0.5304695304695305]
Sample 294
Take max_iter as  1477
Score of validation 0.896414342629482
Score of training 0.974025974025974
Score of validation (classical) [0.749003984063745, 0.900398406374502, 0.9043824701195219, 0.43824701195219123]
Score of training (classical) [0.7402597402597403, 0.8581418581418582, 0.8671328671328671, 0.4985014985014985]
Sample 295
Take max_iter as  1475
Score of validation 0.9123505976095617
Score of training 0.974025974025974
Score of validation (classical) [0.7171314741035857, 0.8565737051792829, 0.8645418326693227, 0.47410358565737054]
Score of training (classical) [0.7362637362637363, 0.8611388611388612, 0.8661338661338661, 0.5114885114885115]
Sample 296
Take max_iter as  1463
Score of validation 0.8884462151394422
Score of training 0.972027972027972
Score of validation (classical) [0.7410358565737052, 0.8645418326693227, 0.8605577689243028, 0.46613545816733065]
Score of training (classical) [0.7272727272727273, 0.8711288711288712, 0.8651348651348651, 0.46353646353646355]
Sample 297
Take max_iter as  1611
Score of validation 0.8804780876494024
Score of training 0.973026973026973
Score of validation (classical) [0.7569721115537849, 0.8406374501992032, 0.8366533864541833, 0.5059760956175299]
Score of training (classical) [0.7442557442557443, 0.8741258741258742, 0.8741258741258742, 0.4905094905094905]
Sample 298
Take max_iter as  1599
Score of validation 0.8725099601593626
Score of training 0.972027972027972
Score of validation (classical) [0.7450199203187251, 0.8645418326693227, 0.8764940239043825, 0.4820717131474104]
Score of training (classical) [0.7372627372627373, 0.8631368631368631, 0.8691308691308691, 0.47352647352647353]
Sample 299
Take max_iter as  1501
Score of validation 0.8645418326693227
Score of training 0.971028971028971
Score of validation (classical) [0.7330677290836654, 0.8725099601593626, 0.8565737051792829, 0.44621513944223107]
Score of training (classical) [0.7372627372627373, 0.8811188811188811, 0.8741258741258742, 0.5194805194805194]
