noise_test 14
8 circular 2 14
Attempt  0
Take max_iter as  1076
Score of validation 0.5219123505976095
Score of training 1.0
Score of validation (classical) [0.7051792828685259, 0.6653386454183267, 0.6932270916334662, 0.6932270916334662]
Score of training (classical) [0.7202797202797203, 0.7362637362637363, 0.7752247752247752, 0.5694305694305695]
Attempt  1
Take max_iter as  1056
Score of validation 0.5617529880478087
Score of training 1.0
Score of validation (classical) [0.6852589641434262, 0.6932270916334662, 0.6892430278884463, 0.6693227091633466]
Score of training (classical) [0.7092907092907093, 0.7532467532467533, 0.7652347652347652, 0.6053946053946054]
Attempt  2
Take max_iter as  1195
Score of validation 0.47808764940239046
Score of training 1.0
Score of validation (classical) [0.7171314741035857, 0.6972111553784861, 0.7211155378486056, 0.6733067729083665]
Score of training (classical) [0.7032967032967034, 0.7502497502497503, 0.7612387612387612, 0.5984015984015985]
Attempt  3
Take max_iter as  1147
Score of validation 0.5059760956175299
Score of training 1.0
Score of validation (classical) [0.6852589641434262, 0.6733067729083665, 0.6613545816733067, 0.6414342629482072]
Score of training (classical) [0.7202797202797203, 0.7622377622377622, 0.7602397602397603, 0.6353646353646354]
Attempt  4
Take max_iter as  1149
Score of validation 0.5298804780876494
Score of training 1.0
Score of validation (classical) [0.6533864541832669, 0.6135458167330677, 0.6454183266932271, 0.6454183266932271]
Score of training (classical) [0.7282717282717283, 0.7442557442557443, 0.7672327672327672, 0.6213786213786214]
Attempt  5
Take max_iter as  1124
Score of validation 0.5258964143426295
Score of training 1.0
Score of validation (classical) [0.7131474103585658, 0.6693227091633466, 0.7091633466135459, 0.649402390438247]
Score of training (classical) [0.7112887112887113, 0.7282717282717283, 0.7502497502497503, 0.6093906093906094]
Attempt  6
Take max_iter as  1103
Score of validation 0.5179282868525896
Score of training 1.0
Score of validation (classical) [0.7450199203187251, 0.6733067729083665, 0.7330677290836654, 0.7131474103585658]
Score of training (classical) [0.7042957042957043, 0.7462537462537463, 0.7602397602397603, 0.6043956043956044]
Attempt  7
Take max_iter as  1152
Score of validation 0.47410358565737054
Score of training 1.0
Score of validation (classical) [0.6972111553784861, 0.6573705179282868, 0.7051792828685259, 0.6334661354581673]
Score of training (classical) [0.7192807192807192, 0.7392607392607392, 0.7632367632367633, 0.6053946053946054]
Attempt  8
Take max_iter as  1099
Score of validation 0.5099601593625498
Score of training 1.0
Score of validation (classical) [0.6693227091633466, 0.6812749003984063, 0.6733067729083665, 0.6254980079681275]
Score of training (classical) [0.7282717282717283, 0.7482517482517482, 0.7602397602397603, 0.6233766233766234]
Attempt  9
Take max_iter as  1142
Score of validation 0.50199203187251
Score of training 1.0
Score of validation (classical) [0.7211155378486056, 0.6733067729083665, 0.7211155378486056, 0.6733067729083665]
Score of training (classical) [0.7182817182817183, 0.7412587412587412, 0.7562437562437563, 0.5994005994005994]
Attempt  10
Take max_iter as  1118
Score of validation 0.47410358565737054
Score of training 1.0
Score of validation (classical) [0.7729083665338645, 0.6733067729083665, 0.7649402390438247, 0.7290836653386454]
Score of training (classical) [0.7022977022977023, 0.7362637362637363, 0.7492507492507493, 0.5844155844155844]
Attempt  11
Take max_iter as  1102
Score of validation 0.5139442231075697
Score of training 1.0
Score of validation (classical) [0.7131474103585658, 0.6573705179282868, 0.6852589641434262, 0.701195219123506]
Score of training (classical) [0.7102897102897103, 0.7352647352647352, 0.7642357642357642, 0.5914085914085914]
Attempt  12
Take max_iter as  1123
Score of validation 0.4900398406374502
Score of training 1.0
Score of validation (classical) [0.6613545816733067, 0.6454183266932271, 0.6454183266932271, 0.5936254980079682]
Score of training (classical) [0.7212787212787213, 0.7482517482517482, 0.7682317682317682, 0.6163836163836164]
Attempt  13
Take max_iter as  1135
Score of validation 0.4940239043824701
Score of training 1.0
Score of validation (classical) [0.7211155378486056, 0.6693227091633466, 0.6932270916334662, 0.6932270916334662]
Score of training (classical) [0.7072927072927073, 0.7402597402597403, 0.7622377622377622, 0.5974025974025974]
Attempt  14
Take max_iter as  1273
Score of validation 0.4940239043824701
Score of training 1.0
Score of validation (classical) [0.7051792828685259, 0.6693227091633466, 0.6972111553784861, 0.6772908366533864]
Score of training (classical) [0.7222777222777222, 0.7422577422577422, 0.7512487512487512, 0.6153846153846154]
Attempt  15
Take max_iter as  1111
Score of validation 0.5258964143426295
Score of training 1.0
Score of validation (classical) [0.701195219123506, 0.6454183266932271, 0.6693227091633466, 0.6812749003984063]
Score of training (classical) [0.7262737262737263, 0.7502497502497503, 0.7622377622377622, 0.6113886113886113]
Attempt  16
Take max_iter as  1161
Score of validation 0.4860557768924303
Score of training 1.0
Score of validation (classical) [0.7529880478087649, 0.701195219123506, 0.7091633466135459, 0.701195219123506]
Score of training (classical) [0.7112887112887113, 0.7242757242757243, 0.7612387612387612, 0.5964035964035964]
Attempt  17
Take max_iter as  1179
Score of validation 0.5099601593625498
Score of training 1.0
Score of validation (classical) [0.7131474103585658, 0.6932270916334662, 0.6972111553784861, 0.6613545816733067]
Score of training (classical) [0.7192807192807192, 0.7522477522477522, 0.7592407592407593, 0.6213786213786214]
Attempt  18
Take max_iter as  1138
Score of validation 0.5657370517928287
Score of training 1.0
Score of validation (classical) [0.7171314741035857, 0.6613545816733067, 0.6972111553784861, 0.6573705179282868]
Score of training (classical) [0.7052947052947053, 0.7432567432567433, 0.7602397602397603, 0.5844155844155844]
Attempt  19
Take max_iter as  1124
Score of validation 0.549800796812749
Score of training 1.0
Score of validation (classical) [0.6573705179282868, 0.6693227091633466, 0.6613545816733067, 0.601593625498008]
Score of training (classical) [0.7172827172827173, 0.7502497502497503, 0.7742257742257742, 0.6033966033966034]
Attempt  20
Take max_iter as  1141
Score of validation 0.549800796812749
Score of training 1.0
Score of validation (classical) [0.7171314741035857, 0.6892430278884463, 0.7091633466135459, 0.6892430278884463]
Score of training (classical) [0.7152847152847153, 0.7392607392607392, 0.7692307692307693, 0.6383616383616384]
Attempt  21
Take max_iter as  1136
Score of validation 0.5139442231075697
Score of training 1.0
Score of validation (classical) [0.7091633466135459, 0.6812749003984063, 0.6932270916334662, 0.6932270916334662]
Score of training (classical) [0.7172827172827173, 0.7612387612387612, 0.7702297702297702, 0.6163836163836164]
Attempt  22
Take max_iter as  1187
Score of validation 0.5418326693227091
Score of training 1.0
Score of validation (classical) [0.6892430278884463, 0.6653386454183267, 0.7051792828685259, 0.6693227091633466]
Score of training (classical) [0.7112887112887113, 0.7442557442557443, 0.7672327672327672, 0.6073926073926074]
Attempt  23
Take max_iter as  1042
Score of validation 0.5219123505976095
Score of training 1.0
Score of validation (classical) [0.6693227091633466, 0.6693227091633466, 0.6733067729083665, 0.5896414342629482]
Score of training (classical) [0.7282717282717283, 0.7552447552447552, 0.7562437562437563, 0.6153846153846154]
Attempt  24
Take max_iter as  1229
Score of validation 0.5418326693227091
Score of training 1.0
Score of validation (classical) [0.7131474103585658, 0.6892430278884463, 0.7290836653386454, 0.6733067729083665]
Score of training (classical) [0.7182817182817183, 0.7302697302697303, 0.7512487512487512, 0.6013986013986014]
Attempt  25
Take max_iter as  1098
Score of validation 0.5059760956175299
Score of training 1.0
Score of validation (classical) [0.7051792828685259, 0.6613545816733067, 0.7131474103585658, 0.6533864541832669]
Score of training (classical) [0.7132867132867133, 0.7482517482517482, 0.7582417582417582, 0.5684315684315684]
Attempt  26
Take max_iter as  1091
Score of validation 0.5617529880478087
Score of training 1.0
Score of validation (classical) [0.6533864541832669, 0.6573705179282868, 0.6573705179282868, 0.6215139442231076]
Score of training (classical) [0.7402597402597403, 0.7622377622377622, 0.7642357642357642, 0.6203796203796204]
Attempt  27
Take max_iter as  1305
Score of validation 0.5258964143426295
Score of training 1.0
Score of validation (classical) [0.6932270916334662, 0.6414342629482072, 0.6972111553784861, 0.6693227091633466]
Score of training (classical) [0.7202797202797203, 0.7482517482517482, 0.7622377622377622, 0.5874125874125874]
Attempt  28
Take max_iter as  1111
Score of validation 0.4900398406374502
Score of training 1.0
Score of validation (classical) [0.7131474103585658, 0.7211155378486056, 0.6892430278884463, 0.6374501992031872]
Score of training (classical) [0.7142857142857143, 0.7412587412587412, 0.7602397602397603, 0.5904095904095904]
Attempt  29
Take max_iter as  1097
Score of validation 0.4900398406374502
Score of training 1.0
Score of validation (classical) [0.7051792828685259, 0.6733067729083665, 0.7211155378486056, 0.6733067729083665]
Score of training (classical) [0.7082917082917083, 0.7272727272727273, 0.7572427572427572, 0.6093906093906094]
Attempt  30
Take max_iter as  1204
Score of validation 0.5298804780876494
Score of training 1.0
Score of validation (classical) [0.7131474103585658, 0.701195219123506, 0.6573705179282868, 0.6653386454183267]
Score of training (classical) [0.7242757242757243, 0.7442557442557443, 0.7582417582417582, 0.6223776223776224]
Attempt  31
Take max_iter as  1124
Score of validation 0.47808764940239046
Score of training 1.0
Score of validation (classical) [0.6812749003984063, 0.6852589641434262, 0.6693227091633466, 0.6693227091633466]
Score of training (classical) [0.7142857142857143, 0.7612387612387612, 0.7882117882117882, 0.6253746253746254]
Attempt  32
Take max_iter as  1102
Score of validation 0.49800796812749004
Score of training 1.0
Score of validation (classical) [0.6932270916334662, 0.6374501992031872, 0.6812749003984063, 0.6573705179282868]
Score of training (classical) [0.7172827172827173, 0.7272727272727273, 0.7732267732267732, 0.6193806193806194]
Attempt  33
Take max_iter as  1227
Score of validation 0.5219123505976095
Score of training 1.0
Score of validation (classical) [0.6772908366533864, 0.6573705179282868, 0.6772908366533864, 0.6852589641434262]
Score of training (classical) [0.7082917082917083, 0.7412587412587412, 0.7552447552447552, 0.6193806193806194]
Attempt  34
Take max_iter as  1199
Score of validation 0.5219123505976095
Score of training 1.0
Score of validation (classical) [0.6812749003984063, 0.649402390438247, 0.6653386454183267, 0.6573705179282868]
Score of training (classical) [0.7212787212787213, 0.7482517482517482, 0.7552447552447552, 0.5904095904095904]
Attempt  35
Take max_iter as  1080
Score of validation 0.545816733067729
Score of training 1.0
Score of validation (classical) [0.6972111553784861, 0.6932270916334662, 0.701195219123506, 0.6693227091633466]
Score of training (classical) [0.7222777222777222, 0.7462537462537463, 0.7642357642357642, 0.6113886113886113]
Attempt  36
Take max_iter as  1117
Score of validation 0.4940239043824701
Score of training 1.0
Score of validation (classical) [0.6932270916334662, 0.6653386454183267, 0.6972111553784861, 0.6254980079681275]
Score of training (classical) [0.7112887112887113, 0.7272727272727273, 0.7532467532467533, 0.5994005994005994]
Attempt  37
Take max_iter as  1168
Score of validation 0.5139442231075697
Score of training 1.0
Score of validation (classical) [0.6573705179282868, 0.6653386454183267, 0.6613545816733067, 0.6334661354581673]
Score of training (classical) [0.7172827172827173, 0.7272727272727273, 0.7602397602397603, 0.6143856143856143]
Attempt  38
Take max_iter as  1073
Score of validation 0.49800796812749004
Score of training 1.0
Score of validation (classical) [0.7211155378486056, 0.6733067729083665, 0.6852589641434262, 0.6733067729083665]
Score of training (classical) [0.7032967032967034, 0.7462537462537463, 0.7422577422577422, 0.6053946053946054]
Attempt  39
Take max_iter as  1154
Score of validation 0.5537848605577689
Score of training 1.0
Score of validation (classical) [0.7450199203187251, 0.6852589641434262, 0.7131474103585658, 0.7091633466135459]
Score of training (classical) [0.7112887112887113, 0.7362637362637363, 0.7612387612387612, 0.6013986013986014]
Attempt  40
Take max_iter as  1140
Score of validation 0.5179282868525896
Score of training 1.0
Score of validation (classical) [0.7091633466135459, 0.6613545816733067, 0.6932270916334662, 0.6972111553784861]
Score of training (classical) [0.7152847152847153, 0.7562437562437563, 0.7582417582417582, 0.5954045954045954]
Attempt  41
Take max_iter as  1116
Score of validation 0.5059760956175299
Score of training 1.0
Score of validation (classical) [0.6733067729083665, 0.6932270916334662, 0.6852589641434262, 0.6613545816733067]
Score of training (classical) [0.7132867132867133, 0.7352647352647352, 0.7552447552447552, 0.6063936063936064]
Attempt  42
Take max_iter as  1113
Score of validation 0.5258964143426295
Score of training 1.0
Score of validation (classical) [0.7131474103585658, 0.7171314741035857, 0.7290836653386454, 0.6932270916334662]
Score of training (classical) [0.7122877122877123, 0.7322677322677322, 0.7592407592407593, 0.5954045954045954]
Attempt  43
Take max_iter as  1091
Score of validation 0.549800796812749
Score of training 1.0
Score of validation (classical) [0.7250996015936255, 0.6892430278884463, 0.7250996015936255, 0.6812749003984063]
Score of training (classical) [0.7032967032967034, 0.7342657342657343, 0.7482517482517482, 0.6013986013986014]
Attempt  44
Take max_iter as  1055
Score of validation 0.5816733067729084
Score of training 1.0
Score of validation (classical) [0.6932270916334662, 0.6613545816733067, 0.7091633466135459, 0.6892430278884463]
Score of training (classical) [0.7082917082917083, 0.7652347652347652, 0.7672327672327672, 0.6023976023976024]
Attempt  45
Take max_iter as  1096
Score of validation 0.46613545816733065
Score of training 1.0
Score of validation (classical) [0.7410358565737052, 0.701195219123506, 0.7290836653386454, 0.6772908366533864]
Score of training (classical) [0.7132867132867133, 0.7492507492507493, 0.7542457542457542, 0.6053946053946054]
Attempt  46
Take max_iter as  1183
Score of validation 0.5418326693227091
Score of training 1.0
Score of validation (classical) [0.7450199203187251, 0.6414342629482072, 0.6932270916334662, 0.6772908366533864]
Score of training (classical) [0.7062937062937062, 0.7362637362637363, 0.7622377622377622, 0.5934065934065934]
Attempt  47
Take max_iter as  1102
Score of validation 0.5059760956175299
Score of training 1.0
Score of validation (classical) [0.6932270916334662, 0.6812749003984063, 0.6733067729083665, 0.6374501992031872]
Score of training (classical) [0.7152847152847153, 0.7522477522477522, 0.7582417582417582, 0.6023976023976024]
Attempt  48
Take max_iter as  1136
Score of validation 0.5179282868525896
Score of training 1.0
Score of validation (classical) [0.7171314741035857, 0.6733067729083665, 0.6932270916334662, 0.6892430278884463]
Score of training (classical) [0.7162837162837162, 0.7322677322677322, 0.7542457542457542, 0.6123876123876124]
Attempt  49
Take max_iter as  1127
Score of validation 0.5737051792828686
Score of training 1.0
Score of validation (classical) [0.7091633466135459, 0.6693227091633466, 0.6972111553784861, 0.7370517928286853]
Score of training (classical) [0.7082917082917083, 0.7732267732267732, 0.7572427572427572, 0.5824175824175825]
Attempt  50
Take max_iter as  1140
Score of validation 0.5059760956175299
Score of training 1.0
Score of validation (classical) [0.7131474103585658, 0.7091633466135459, 0.7171314741035857, 0.6812749003984063]
Score of training (classical) [0.7032967032967034, 0.7352647352647352, 0.7512487512487512, 0.6013986013986014]
Attempt  51
Take max_iter as  1152
Score of validation 0.545816733067729
Score of training 1.0
Score of validation (classical) [0.6932270916334662, 0.6772908366533864, 0.701195219123506, 0.7091633466135459]
Score of training (classical) [0.7112887112887113, 0.7462537462537463, 0.7582417582417582, 0.6113886113886113]
Attempt  52
Take max_iter as  1124
Score of validation 0.47410358565737054
Score of training 1.0
Score of validation (classical) [0.7250996015936255, 0.6852589641434262, 0.7091633466135459, 0.6932270916334662]
Score of training (classical) [0.7132867132867133, 0.7332667332667333, 0.7592407592407593, 0.6303696303696303]
Attempt  53
Take max_iter as  1085
Score of validation 0.4900398406374502
Score of training 1.0
Score of validation (classical) [0.7171314741035857, 0.6852589641434262, 0.6812749003984063, 0.6573705179282868]
Score of training (classical) [0.7102897102897103, 0.7442557442557443, 0.7632367632367633, 0.5984015984015985]
Attempt  54
Take max_iter as  1127
Score of validation 0.545816733067729
Score of training 1.0
Score of validation (classical) [0.7211155378486056, 0.7609561752988048, 0.7450199203187251, 0.6693227091633466]
Score of training (classical) [0.7122877122877123, 0.7452547452547452, 0.7612387612387612, 0.6033966033966034]
Attempt  55
Take max_iter as  1093
Score of validation 0.5258964143426295
Score of training 1.0
Score of validation (classical) [0.7370517928286853, 0.6653386454183267, 0.7171314741035857, 0.7051792828685259]
Score of training (classical) [0.7112887112887113, 0.7362637362637363, 0.7542457542457542, 0.6003996003996004]
Attempt  56
Take max_iter as  1086
Score of validation 0.4940239043824701
Score of training 1.0
Score of validation (classical) [0.7171314741035857, 0.6653386454183267, 0.7091633466135459, 0.6653386454183267]
Score of training (classical) [0.7052947052947053, 0.7452547452547452, 0.7492507492507493, 0.5934065934065934]
Attempt  57
Take max_iter as  1099
Score of validation 0.5099601593625498
Score of training 1.0
Score of validation (classical) [0.7171314741035857, 0.6772908366533864, 0.6972111553784861, 0.6812749003984063]
Score of training (classical) [0.7072927072927073, 0.7362637362637363, 0.7372627372627373, 0.6003996003996004]
Attempt  58
Take max_iter as  1184
Score of validation 0.5816733067729084
Score of training 1.0
Score of validation (classical) [0.7290836653386454, 0.6892430278884463, 0.701195219123506, 0.6693227091633466]
Score of training (classical) [0.7192807192807192, 0.7472527472527473, 0.7682317682317682, 0.5994005994005994]
Attempt  59
Take max_iter as  1079
Score of validation 0.5258964143426295
Score of training 1.0
Score of validation (classical) [0.701195219123506, 0.7330677290836654, 0.7171314741035857, 0.6653386454183267]
Score of training (classical) [0.7102897102897103, 0.7312687312687313, 0.7462537462537463, 0.5784215784215784]
Attempt  60
Take max_iter as  1128
Score of validation 0.49800796812749004
Score of training 1.0
Score of validation (classical) [0.6972111553784861, 0.6653386454183267, 0.6812749003984063, 0.6573705179282868]
Score of training (classical) [0.7202797202797203, 0.7452547452547452, 0.7502497502497503, 0.6153846153846154]
Attempt  61
Take max_iter as  1160
Score of validation 0.5577689243027888
Score of training 1.0
Score of validation (classical) [0.6653386454183267, 0.6613545816733067, 0.6693227091633466, 0.6414342629482072]
Score of training (classical) [0.7202797202797203, 0.7642357642357642, 0.7582417582417582, 0.6103896103896104]
Attempt  62
Take max_iter as  1102
Score of validation 0.5219123505976095
Score of training 1.0
Score of validation (classical) [0.6932270916334662, 0.6812749003984063, 0.6733067729083665, 0.6533864541832669]
Score of training (classical) [0.7222777222777222, 0.7462537462537463, 0.7652347652347652, 0.6163836163836164]
Attempt  63
Take max_iter as  1177
Score of validation 0.5059760956175299
Score of training 1.0
Score of validation (classical) [0.7211155378486056, 0.701195219123506, 0.7131474103585658, 0.6772908366533864]
Score of training (classical) [0.7052947052947053, 0.7302697302697303, 0.7522477522477522, 0.5814185814185814]
Attempt  64
Take max_iter as  1085
Score of validation 0.5099601593625498
Score of training 1.0
Score of validation (classical) [0.7131474103585658, 0.7171314741035857, 0.7091633466135459, 0.6812749003984063]
Score of training (classical) [0.7102897102897103, 0.7512487512487512, 0.7562437562437563, 0.5934065934065934]
Attempt  65
Take max_iter as  1118
Score of validation 0.4820717131474104
Score of training 1.0
Score of validation (classical) [0.7529880478087649, 0.7051792828685259, 0.7290836653386454, 0.6772908366533864]
Score of training (classical) [0.6963036963036963, 0.7312687312687313, 0.7492507492507493, 0.5834165834165834]
Attempt  66
Take max_iter as  1151
Score of validation 0.5179282868525896
Score of training 1.0
Score of validation (classical) [0.701195219123506, 0.6693227091633466, 0.6932270916334662, 0.6772908366533864]
Score of training (classical) [0.7052947052947053, 0.7452547452547452, 0.7612387612387612, 0.6263736263736264]
Attempt  67
Take max_iter as  1145
Score of validation 0.5219123505976095
Score of training 1.0
Score of validation (classical) [0.6653386454183267, 0.701195219123506, 0.6653386454183267, 0.6135458167330677]
Score of training (classical) [0.7142857142857143, 0.7432567432567433, 0.7472527472527473, 0.6043956043956044]
Attempt  68
Take max_iter as  1131
Score of validation 0.46215139442231074
Score of training 1.0
Score of validation (classical) [0.7410358565737052, 0.7171314741035857, 0.7131474103585658, 0.7250996015936255]
Score of training (classical) [0.7152847152847153, 0.7442557442557443, 0.7582417582417582, 0.5944055944055944]
Attempt  69
Take max_iter as  1153
Score of validation 0.5219123505976095
Score of training 1.0
Score of validation (classical) [0.7450199203187251, 0.6972111553784861, 0.7410358565737052, 0.6892430278884463]
Score of training (classical) [0.7052947052947053, 0.7482517482517482, 0.7372627372627373, 0.5784215784215784]
Attempt  70
Take max_iter as  1193
Score of validation 0.5219123505976095
Score of training 1.0
Score of validation (classical) [0.6852589641434262, 0.6852589641434262, 0.6892430278884463, 0.6812749003984063]
Score of training (classical) [0.7252747252747253, 0.7442557442557443, 0.7432567432567433, 0.6143856143856143]
Attempt  71
Take max_iter as  1130
Score of validation 0.5059760956175299
Score of training 1.0
Score of validation (classical) [0.6972111553784861, 0.6932270916334662, 0.6812749003984063, 0.6852589641434262]
Score of training (classical) [0.7202797202797203, 0.7462537462537463, 0.7662337662337663, 0.6053946053946054]
Attempt  72
Take max_iter as  1106
Score of validation 0.5577689243027888
Score of training 1.0
Score of validation (classical) [0.701195219123506, 0.6772908366533864, 0.6733067729083665, 0.7051792828685259]
Score of training (classical) [0.7152847152847153, 0.7522477522477522, 0.7562437562437563, 0.6123876123876124]
Attempt  73
Take max_iter as  1144
Score of validation 0.545816733067729
Score of training 1.0
Score of validation (classical) [0.7091633466135459, 0.6733067729083665, 0.6892430278884463, 0.6454183266932271]
Score of training (classical) [0.7182817182817183, 0.7532467532467533, 0.7642357642357642, 0.6053946053946054]
Attempt  74
Take max_iter as  1147
Score of validation 0.46215139442231074
Score of training 1.0
Score of validation (classical) [0.7290836653386454, 0.701195219123506, 0.7131474103585658, 0.6892430278884463]
Score of training (classical) [0.7042957042957043, 0.7462537462537463, 0.7582417582417582, 0.6063936063936064]
Attempt  75
Take max_iter as  1064
Score of validation 0.46613545816733065
Score of training 1.0
Score of validation (classical) [0.7051792828685259, 0.701195219123506, 0.6772908366533864, 0.6852589641434262]
Score of training (classical) [0.7142857142857143, 0.7362637362637363, 0.7452547452547452, 0.6073926073926074]
Attempt  76
Take max_iter as  1208
Score of validation 0.5537848605577689
Score of training 1.0
Score of validation (classical) [0.7091633466135459, 0.6972111553784861, 0.7131474103585658, 0.6733067729083665]
Score of training (classical) [0.7172827172827173, 0.7322677322677322, 0.7482517482517482, 0.6023976023976024]
Attempt  77
Take max_iter as  1073
Score of validation 0.49800796812749004
Score of training 1.0
Score of validation (classical) [0.7171314741035857, 0.6892430278884463, 0.7131474103585658, 0.6613545816733067]
Score of training (classical) [0.7122877122877123, 0.7482517482517482, 0.7402597402597403, 0.6333666333666333]
Attempt  78
Take max_iter as  1131
Score of validation 0.5976095617529881
Score of training 1.0
Score of validation (classical) [0.7529880478087649, 0.7569721115537849, 0.7768924302788844, 0.7211155378486056]
Score of training (classical) [0.6983016983016983, 0.7462537462537463, 0.7532467532467533, 0.5804195804195804]
Attempt  79
Take max_iter as  1242
Score of validation 0.5139442231075697
Score of training 1.0
Score of validation (classical) [0.6653386454183267, 0.6733067729083665, 0.6533864541832669, 0.649402390438247]
Score of training (classical) [0.7112887112887113, 0.7592407592407593, 0.7672327672327672, 0.6173826173826173]
Attempt  80
Take max_iter as  1208
Score of validation 0.5059760956175299
Score of training 1.0
Score of validation (classical) [0.6972111553784861, 0.6613545816733067, 0.7091633466135459, 0.7091633466135459]
Score of training (classical) [0.7122877122877123, 0.7552447552447552, 0.7482517482517482, 0.6043956043956044]
Attempt  81
Take max_iter as  1108
Score of validation 0.4940239043824701
Score of training 1.0
Score of validation (classical) [0.7091633466135459, 0.6812749003984063, 0.6972111553784861, 0.6812749003984063]
Score of training (classical) [0.7252747252747253, 0.7462537462537463, 0.7712287712287712, 0.6073926073926074]
Attempt  82
Take max_iter as  1195
Score of validation 0.5338645418326693
Score of training 1.0
Score of validation (classical) [0.749003984063745, 0.7091633466135459, 0.7609561752988048, 0.6932270916334662]
Score of training (classical) [0.7012987012987013, 0.7312687312687313, 0.7432567432567433, 0.6003996003996004]
Attempt  83
Take max_iter as  1202
Score of validation 0.49800796812749004
Score of training 1.0
Score of validation (classical) [0.6613545816733067, 0.6613545816733067, 0.6573705179282868, 0.6533864541832669]
Score of training (classical) [0.7232767232767233, 0.7672327672327672, 0.7832167832167832, 0.6323676323676324]
Attempt  84
Take max_iter as  1196
Score of validation 0.5657370517928287
Score of training 1.0
Score of validation (classical) [0.6972111553784861, 0.649402390438247, 0.6932270916334662, 0.6892430278884463]
Score of training (classical) [0.7042957042957043, 0.7282717282717283, 0.7572427572427572, 0.6303696303696303]
Attempt  85
Take max_iter as  1136
Score of validation 0.5537848605577689
Score of training 1.0
Score of validation (classical) [0.7211155378486056, 0.7051792828685259, 0.7250996015936255, 0.6812749003984063]
Score of training (classical) [0.7022977022977023, 0.7472527472527473, 0.7602397602397603, 0.5904095904095904]
Attempt  86
Take max_iter as  1174
Score of validation 0.5418326693227091
Score of training 0.999000999000999
Score of validation (classical) [0.7450199203187251, 0.6852589641434262, 0.7250996015936255, 0.6733067729083665]
Score of training (classical) [0.7062937062937062, 0.7392607392607392, 0.7532467532467533, 0.6123876123876124]
Attempt  87
Take max_iter as  1130
Score of validation 0.5219123505976095
Score of training 1.0
Score of validation (classical) [0.6892430278884463, 0.6733067729083665, 0.7171314741035857, 0.6733067729083665]
Score of training (classical) [0.7142857142857143, 0.7302697302697303, 0.7582417582417582, 0.6263736263736264]
Attempt  88
Take max_iter as  1135
Score of validation 0.4860557768924303
Score of training 1.0
Score of validation (classical) [0.6852589641434262, 0.6772908366533864, 0.6852589641434262, 0.6892430278884463]
Score of training (classical) [0.7122877122877123, 0.7522477522477522, 0.7612387612387612, 0.6033966033966034]
Attempt  89
Take max_iter as  1073
Score of validation 0.545816733067729
Score of training 1.0
Score of validation (classical) [0.6932270916334662, 0.6772908366533864, 0.7091633466135459, 0.6215139442231076]
Score of training (classical) [0.7122877122877123, 0.7422577422577422, 0.7702297702297702, 0.6213786213786214]
Attempt  90
Take max_iter as  1171
Score of validation 0.549800796812749
Score of training 1.0
Score of validation (classical) [0.7171314741035857, 0.7290836653386454, 0.7410358565737052, 0.6693227091633466]
Score of training (classical) [0.7022977022977023, 0.7412587412587412, 0.7562437562437563, 0.5944055944055944]
Attempt  91
Take max_iter as  1127
Score of validation 0.5219123505976095
Score of training 1.0
Score of validation (classical) [0.6932270916334662, 0.6533864541832669, 0.6892430278884463, 0.6733067729083665]
Score of training (classical) [0.7102897102897103, 0.7572427572427572, 0.7562437562437563, 0.6023976023976024]
Attempt  92
Take max_iter as  1119
Score of validation 0.450199203187251
Score of training 1.0
Score of validation (classical) [0.701195219123506, 0.6852589641434262, 0.6772908366533864, 0.6733067729083665]
Score of training (classical) [0.7182817182817183, 0.7492507492507493, 0.7772227772227772, 0.5954045954045954]
Attempt  93
Take max_iter as  1188
Score of validation 0.5577689243027888
Score of training 1.0
Score of validation (classical) [0.649402390438247, 0.6573705179282868, 0.6613545816733067, 0.5936254980079682]
Score of training (classical) [0.7362637362637363, 0.7422577422577422, 0.7752247752247752, 0.6493506493506493]
Attempt  94
Take max_iter as  1220
Score of validation 0.5099601593625498
Score of training 1.0
Score of validation (classical) [0.6693227091633466, 0.6772908366533864, 0.6653386454183267, 0.6852589641434262]
Score of training (classical) [0.7152847152847153, 0.7582417582417582, 0.7712287712287712, 0.6253746253746254]
Attempt  95
Take max_iter as  1099
Score of validation 0.5816733067729084
Score of training 1.0
Score of validation (classical) [0.6932270916334662, 0.6812749003984063, 0.6812749003984063, 0.6414342629482072]
Score of training (classical) [0.7182817182817183, 0.7412587412587412, 0.7602397602397603, 0.6263736263736264]
Attempt  96
Take max_iter as  1165
Score of validation 0.5219123505976095
Score of training 1.0
Score of validation (classical) [0.7370517928286853, 0.7091633466135459, 0.7330677290836654, 0.7211155378486056]
Score of training (classical) [0.7012987012987013, 0.7242757242757243, 0.7532467532467533, 0.5644355644355644]
Attempt  97
Take max_iter as  1204
Score of validation 0.5139442231075697
Score of training 1.0
Score of validation (classical) [0.7171314741035857, 0.6852589641434262, 0.7051792828685259, 0.6414342629482072]
Score of training (classical) [0.7162837162837162, 0.7402597402597403, 0.7752247752247752, 0.5934065934065934]
Attempt  98
Take max_iter as  1139
Score of validation 0.47808764940239046
Score of training 1.0
Score of validation (classical) [0.7370517928286853, 0.6852589641434262, 0.7171314741035857, 0.7091633466135459]
Score of training (classical) [0.7072927072927073, 0.7402597402597403, 0.7722277722277723, 0.6003996003996004]
Attempt  99
Take max_iter as  1126
Score of validation 0.5059760956175299
Score of training 1.0
Score of validation (classical) [0.7131474103585658, 0.6693227091633466, 0.7051792828685259, 0.6772908366533864]
Score of training (classical) [0.7022977022977023, 0.7372627372627373, 0.7522477522477522, 0.5714285714285714]
Attempt  100
Take max_iter as  1142
Score of validation 0.4860557768924303
Score of training 1.0
Score of validation (classical) [0.7330677290836654, 0.6653386454183267, 0.6972111553784861, 0.7091633466135459]
Score of training (classical) [0.7132867132867133, 0.7282717282717283, 0.7412587412587412, 0.6023976023976024]
Attempt  101
Take max_iter as  1206
Score of validation 0.4860557768924303
Score of training 1.0
Score of validation (classical) [0.6852589641434262, 0.6294820717131474, 0.6693227091633466, 0.6852589641434262]
Score of training (classical) [0.7232767232767233, 0.7742257742257742, 0.7762237762237763, 0.6243756243756243]
Attempt  102
Take max_iter as  1068
Score of validation 0.4860557768924303
Score of training 1.0
Score of validation (classical) [0.7051792828685259, 0.6772908366533864, 0.7211155378486056, 0.7051792828685259]
Score of training (classical) [0.7122877122877123, 0.7512487512487512, 0.7592407592407593, 0.6243756243756243]
Attempt  103
Take max_iter as  1080
Score of validation 0.5378486055776892
Score of training 1.0
Score of validation (classical) [0.7171314741035857, 0.7131474103585658, 0.7131474103585658, 0.6932270916334662]
Score of training (classical) [0.7112887112887113, 0.7432567432567433, 0.7642357642357642, 0.6043956043956044]
Attempt  104
Take max_iter as  1157
Score of validation 0.49800796812749004
Score of training 1.0
Score of validation (classical) [0.6693227091633466, 0.6414342629482072, 0.6533864541832669, 0.6294820717131474]
Score of training (classical) [0.7152847152847153, 0.7622377622377622, 0.7762237762237763, 0.6143856143856143]
Attempt  105
Take max_iter as  1073
Score of validation 0.5099601593625498
Score of training 1.0
Score of validation (classical) [0.7370517928286853, 0.6972111553784861, 0.7051792828685259, 0.6573705179282868]
Score of training (classical) [0.7122877122877123, 0.7412587412587412, 0.7402597402597403, 0.6003996003996004]
Attempt  106
Take max_iter as  1125
Score of validation 0.5338645418326693
Score of training 1.0
Score of validation (classical) [0.701195219123506, 0.6932270916334662, 0.6812749003984063, 0.6135458167330677]
Score of training (classical) [0.7082917082917083, 0.7492507492507493, 0.7722277722277723, 0.5834165834165834]
Attempt  107
Take max_iter as  1091
Score of validation 0.5219123505976095
Score of training 1.0
Score of validation (classical) [0.7091633466135459, 0.6812749003984063, 0.7091633466135459, 0.6533864541832669]
Score of training (classical) [0.7222777222777222, 0.7282717282717283, 0.7532467532467533, 0.6043956043956044]
Attempt  108
Take max_iter as  1186
Score of validation 0.5258964143426295
Score of training 1.0
Score of validation (classical) [0.7091633466135459, 0.6932270916334662, 0.7211155378486056, 0.6454183266932271]
Score of training (classical) [0.7122877122877123, 0.7502497502497503, 0.7502497502497503, 0.5954045954045954]
Attempt  109
Take max_iter as  1184
Score of validation 0.4900398406374502
Score of training 1.0
Score of validation (classical) [0.6573705179282868, 0.6573705179282868, 0.6852589641434262, 0.6533864541832669]
Score of training (classical) [0.7212787212787213, 0.7592407592407593, 0.7742257742257742, 0.6063936063936064]
Attempt  110
Take max_iter as  1139
Score of validation 0.5338645418326693
Score of training 1.0
Score of validation (classical) [0.7290836653386454, 0.6812749003984063, 0.7091633466135459, 0.701195219123506]
Score of training (classical) [0.7132867132867133, 0.7282717282717283, 0.7492507492507493, 0.6133866133866134]
Attempt  111
Take max_iter as  1168
Score of validation 0.5179282868525896
Score of training 1.0
Score of validation (classical) [0.6573705179282868, 0.6653386454183267, 0.6653386454183267, 0.6334661354581673]
Score of training (classical) [0.7182817182817183, 0.7602397602397603, 0.7802197802197802, 0.6063936063936064]
Attempt  112
Take max_iter as  1140
Score of validation 0.5816733067729084
Score of training 1.0
Score of validation (classical) [0.6454183266932271, 0.6454183266932271, 0.6733067729083665, 0.6215139442231076]
Score of training (classical) [0.7272727272727273, 0.7522477522477522, 0.7822177822177823, 0.6083916083916084]
Attempt  113
Take max_iter as  1035
Score of validation 0.5338645418326693
Score of training 1.0
Score of validation (classical) [0.7250996015936255, 0.7171314741035857, 0.7569721115537849, 0.6932270916334662]
Score of training (classical) [0.7072927072927073, 0.7332667332667333, 0.7552447552447552, 0.5994005994005994]
Attempt  114
Take max_iter as  1155
Score of validation 0.4860557768924303
Score of training 1.0
Score of validation (classical) [0.6932270916334662, 0.6812749003984063, 0.6932270916334662, 0.6693227091633466]
Score of training (classical) [0.7052947052947053, 0.7562437562437563, 0.7592407592407593, 0.5884115884115884]
Attempt  115
Take max_iter as  1158
Score of validation 0.49800796812749004
Score of training 1.0
Score of validation (classical) [0.7171314741035857, 0.6892430278884463, 0.701195219123506, 0.6733067729083665]
Score of training (classical) [0.7102897102897103, 0.7402597402597403, 0.7482517482517482, 0.6093906093906094]
Attempt  116
Take max_iter as  1078
Score of validation 0.50199203187251
Score of training 1.0
Score of validation (classical) [0.6772908366533864, 0.6972111553784861, 0.6733067729083665, 0.6454183266932271]
Score of training (classical) [0.7182817182817183, 0.7562437562437563, 0.7622377622377622, 0.6293706293706294]
Attempt  117
Take max_iter as  1263
Score of validation 0.44621513944223107
Score of training 1.0
Score of validation (classical) [0.6135458167330677, 0.6175298804780877, 0.6254980079681275, 0.6095617529880478]
Score of training (classical) [0.7312687312687313, 0.7722277722277723, 0.7732267732267732, 0.6543456543456544]
Attempt  118
Take max_iter as  1151
Score of validation 0.47410358565737054
Score of training 1.0
Score of validation (classical) [0.6573705179282868, 0.6055776892430279, 0.6613545816733067, 0.6294820717131474]
Score of training (classical) [0.7302697302697303, 0.7502497502497503, 0.7662337662337663, 0.6353646353646354]
Attempt  119
Take max_iter as  1259
Score of validation 0.5338645418326693
Score of training 1.0
Score of validation (classical) [0.7131474103585658, 0.6972111553784861, 0.7290836653386454, 0.6533864541832669]
Score of training (classical) [0.7032967032967034, 0.7422577422577422, 0.7472527472527473, 0.6103896103896104]
Attempt  120
Take max_iter as  1221
Score of validation 0.5577689243027888
Score of training 1.0
Score of validation (classical) [0.6613545816733067, 0.6613545816733067, 0.6653386454183267, 0.6294820717131474]
Score of training (classical) [0.7232767232767233, 0.7472527472527473, 0.7722277722277723, 0.6413586413586414]
Attempt  121
Take max_iter as  1107
Score of validation 0.5537848605577689
Score of training 1.0
Score of validation (classical) [0.7131474103585658, 0.649402390438247, 0.6932270916334662, 0.649402390438247]
Score of training (classical) [0.7242757242757243, 0.7502497502497503, 0.7652347652347652, 0.5844155844155844]
Attempt  122
Take max_iter as  1093
Score of validation 0.5258964143426295
Score of training 1.0
Score of validation (classical) [0.7091633466135459, 0.6215139442231076, 0.6772908366533864, 0.6733067729083665]
Score of training (classical) [0.7172827172827173, 0.7502497502497503, 0.7522477522477522, 0.6133866133866134]
Attempt  123
Take max_iter as  1124
Score of validation 0.5059760956175299
Score of training 1.0
Score of validation (classical) [0.7131474103585658, 0.701195219123506, 0.6892430278884463, 0.6812749003984063]
Score of training (classical) [0.7072927072927073, 0.7332667332667333, 0.7602397602397603, 0.6173826173826173]
Attempt  124
Take max_iter as  1132
Score of validation 0.47410358565737054
Score of training 1.0
Score of validation (classical) [0.6693227091633466, 0.6533864541832669, 0.6772908366533864, 0.6135458167330677]
Score of training (classical) [0.7242757242757243, 0.7652347652347652, 0.7822177822177823, 0.6043956043956044]
Attempt  125
Take max_iter as  1105
Score of validation 0.5258964143426295
Score of training 1.0
Score of validation (classical) [0.6972111553784861, 0.6812749003984063, 0.7211155378486056, 0.6533864541832669]
Score of training (classical) [0.7222777222777222, 0.7422577422577422, 0.7602397602397603, 0.6193806193806194]
Attempt  126
Take max_iter as  1255
Score of validation 0.49800796812749004
Score of training 1.0
Score of validation (classical) [0.701195219123506, 0.6573705179282868, 0.6852589641434262, 0.6892430278884463]
Score of training (classical) [0.7032967032967034, 0.7462537462537463, 0.7482517482517482, 0.5884115884115884]
Attempt  127
Take max_iter as  1090
Score of validation 0.4900398406374502
Score of training 1.0
Score of validation (classical) [0.7211155378486056, 0.649402390438247, 0.6972111553784861, 0.6892430278884463]
Score of training (classical) [0.7182817182817183, 0.7382617382617382, 0.7502497502497503, 0.6003996003996004]
Attempt  128
Take max_iter as  1194
Score of validation 0.4860557768924303
Score of training 1.0
Score of validation (classical) [0.7529880478087649, 0.6972111553784861, 0.7051792828685259, 0.7131474103585658]
Score of training (classical) [0.7102897102897103, 0.7442557442557443, 0.7602397602397603, 0.5934065934065934]
Attempt  129
Take max_iter as  1221
Score of validation 0.5099601593625498
Score of training 1.0
Score of validation (classical) [0.6733067729083665, 0.649402390438247, 0.6733067729083665, 0.6374501992031872]
Score of training (classical) [0.7202797202797203, 0.7632367632367633, 0.7792207792207793, 0.6023976023976024]
Attempt  130
Take max_iter as  1161
Score of validation 0.5657370517928287
Score of training 1.0
Score of validation (classical) [0.6653386454183267, 0.649402390438247, 0.6693227091633466, 0.6215139442231076]
Score of training (classical) [0.7212787212787213, 0.7492507492507493, 0.7662337662337663, 0.6313686313686314]
Attempt  131
Take max_iter as  1215
Score of validation 0.5179282868525896
Score of training 1.0
Score of validation (classical) [0.749003984063745, 0.6932270916334662, 0.749003984063745, 0.6294820717131474]
Score of training (classical) [0.7222777222777222, 0.7532467532467533, 0.7542457542457542, 0.5874125874125874]
Attempt  132
Take max_iter as  1108
Score of validation 0.5219123505976095
Score of training 1.0
Score of validation (classical) [0.7450199203187251, 0.6812749003984063, 0.7410358565737052, 0.7211155378486056]
Score of training (classical) [0.6993006993006993, 0.7182817182817183, 0.7662337662337663, 0.6233766233766234]
Attempt  133
Take max_iter as  1140
Score of validation 0.4900398406374502
Score of training 1.0
Score of validation (classical) [0.6414342629482072, 0.601593625498008, 0.6095617529880478, 0.6254980079681275]
Score of training (classical) [0.7282717282717283, 0.7552447552447552, 0.7772227772227772, 0.6213786213786214]
Attempt  134
Take max_iter as  1215
Score of validation 0.50199203187251
Score of training 1.0
Score of validation (classical) [0.6772908366533864, 0.6613545816733067, 0.6733067729083665, 0.6374501992031872]
Score of training (classical) [0.7262737262737263, 0.7342657342657343, 0.7442557442557443, 0.6143856143856143]
Attempt  135
Take max_iter as  1166
Score of validation 0.5378486055776892
Score of training 1.0
Score of validation (classical) [0.6852589641434262, 0.6772908366533864, 0.6972111553784861, 0.6733067729083665]
Score of training (classical) [0.7162837162837162, 0.7482517482517482, 0.7792207792207793, 0.6273726273726273]
Attempt  136
Take max_iter as  1197
Score of validation 0.47808764940239046
Score of training 0.999000999000999
Score of validation (classical) [0.6812749003984063, 0.6972111553784861, 0.6733067729083665, 0.6533864541832669]
Score of training (classical) [0.7132867132867133, 0.7492507492507493, 0.7442557442557443, 0.5964035964035964]
Attempt  137
Take max_iter as  1216
Score of validation 0.5697211155378487
Score of training 1.0
Score of validation (classical) [0.701195219123506, 0.6892430278884463, 0.7290836653386454, 0.7091633466135459]
Score of training (classical) [0.7132867132867133, 0.7342657342657343, 0.7532467532467533, 0.6223776223776224]
Attempt  138
Take max_iter as  1125
Score of validation 0.545816733067729
Score of training 1.0
Score of validation (classical) [0.7290836653386454, 0.6693227091633466, 0.7131474103585658, 0.6733067729083665]
Score of training (classical) [0.6993006993006993, 0.7322677322677322, 0.7592407592407593, 0.6093906093906094]
Attempt  139
Take max_iter as  1113
Score of validation 0.50199203187251
Score of training 1.0
Score of validation (classical) [0.6892430278884463, 0.6334661354581673, 0.6733067729083665, 0.6852589641434262]
Score of training (classical) [0.7242757242757243, 0.7432567432567433, 0.7692307692307693, 0.6223776223776224]
Attempt  140
Take max_iter as  1283
Score of validation 0.4581673306772908
Score of training 1.0
Score of validation (classical) [0.7450199203187251, 0.6812749003984063, 0.7410358565737052, 0.6613545816733067]
Score of training (classical) [0.6953046953046953, 0.7432567432567433, 0.7682317682317682, 0.5944055944055944]
Attempt  141
Take max_iter as  1225
Score of validation 0.46613545816733065
Score of training 1.0
Score of validation (classical) [0.7290836653386454, 0.7330677290836654, 0.749003984063745, 0.649402390438247]
Score of training (classical) [0.7092907092907093, 0.7362637362637363, 0.7602397602397603, 0.6063936063936064]
Attempt  142
Take max_iter as  1213
Score of validation 0.4900398406374502
Score of training 1.0
Score of validation (classical) [0.7410358565737052, 0.7250996015936255, 0.7290836653386454, 0.6733067729083665]
Score of training (classical) [0.7052947052947053, 0.7362637362637363, 0.7372627372627373, 0.6003996003996004]
Attempt  143
Take max_iter as  1173
Score of validation 0.5378486055776892
Score of training 1.0
Score of validation (classical) [0.6932270916334662, 0.6932270916334662, 0.6932270916334662, 0.6334661354581673]
Score of training (classical) [0.7122877122877123, 0.7372627372627373, 0.7612387612387612, 0.6143856143856143]
Attempt  144
Take max_iter as  1154
Score of validation 0.50199203187251
Score of training 1.0
Score of validation (classical) [0.7171314741035857, 0.6932270916334662, 0.7091633466135459, 0.6653386454183267]
Score of training (classical) [0.7052947052947053, 0.7342657342657343, 0.7412587412587412, 0.6133866133866134]
Attempt  145
Take max_iter as  1099
Score of validation 0.5577689243027888
Score of training 1.0
Score of validation (classical) [0.6932270916334662, 0.6852589641434262, 0.6972111553784861, 0.6733067729083665]
Score of training (classical) [0.7052947052947053, 0.7422577422577422, 0.7582417582417582, 0.6153846153846154]
Attempt  146
Take max_iter as  1099
Score of validation 0.4940239043824701
Score of training 1.0
Score of validation (classical) [0.701195219123506, 0.6573705179282868, 0.6772908366533864, 0.701195219123506]
Score of training (classical) [0.7162837162837162, 0.7532467532467533, 0.7532467532467533, 0.6083916083916084]
Attempt  147
Take max_iter as  1208
Score of validation 0.49800796812749004
Score of training 1.0
Score of validation (classical) [0.6772908366533864, 0.6613545816733067, 0.6852589641434262, 0.7211155378486056]
Score of training (classical) [0.7202797202797203, 0.7612387612387612, 0.7462537462537463, 0.6123876123876124]
Attempt  148
Take max_iter as  1113
Score of validation 0.4940239043824701
Score of training 1.0
Score of validation (classical) [0.6812749003984063, 0.6733067729083665, 0.6772908366533864, 0.6693227091633466]
Score of training (classical) [0.7162837162837162, 0.7442557442557443, 0.7502497502497503, 0.6323676323676324]
Attempt  149
Take max_iter as  1135
Score of validation 0.50199203187251
Score of training 1.0
Score of validation (classical) [0.6972111553784861, 0.6972111553784861, 0.7211155378486056, 0.6772908366533864]
Score of training (classical) [0.7022977022977023, 0.7452547452547452, 0.7722277722277723, 0.6013986013986014]
Attempt  150
Take max_iter as  1052
Score of validation 0.5258964143426295
Score of training 1.0
Score of validation (classical) [0.6892430278884463, 0.649402390438247, 0.6772908366533864, 0.6772908366533864]
Score of training (classical) [0.7212787212787213, 0.7522477522477522, 0.7572427572427572, 0.6053946053946054]
Attempt  151
Take max_iter as  1106
Score of validation 0.5258964143426295
Score of training 1.0
Score of validation (classical) [0.6972111553784861, 0.7171314741035857, 0.6733067729083665, 0.6653386454183267]
Score of training (classical) [0.7212787212787213, 0.7652347652347652, 0.7732267732267732, 0.6113886113886113]
Attempt  152
Take max_iter as  1054
Score of validation 0.4940239043824701
Score of training 1.0
Score of validation (classical) [0.7211155378486056, 0.649402390438247, 0.7171314741035857, 0.7131474103585658]
Score of training (classical) [0.7222777222777222, 0.7222777222777222, 0.7712287712287712, 0.6213786213786214]
Attempt  153
Take max_iter as  1164
Score of validation 0.5059760956175299
Score of training 1.0
Score of validation (classical) [0.7569721115537849, 0.7171314741035857, 0.7250996015936255, 0.6772908366533864]
Score of training (classical) [0.7062937062937062, 0.7532467532467533, 0.7632367632367633, 0.5914085914085914]
Attempt  154
Take max_iter as  1082
Score of validation 0.5219123505976095
Score of training 1.0
Score of validation (classical) [0.701195219123506, 0.6693227091633466, 0.7051792828685259, 0.6414342629482072]
Score of training (classical) [0.7272727272727273, 0.7552447552447552, 0.7702297702297702, 0.6233766233766234]
Attempt  155
Take max_iter as  1137
Score of validation 0.50199203187251
Score of training 1.0
Score of validation (classical) [0.7211155378486056, 0.6613545816733067, 0.7051792828685259, 0.6812749003984063]
Score of training (classical) [0.7112887112887113, 0.7492507492507493, 0.7612387612387612, 0.6043956043956044]
Attempt  156
Take max_iter as  1204
Score of validation 0.4820717131474104
Score of training 1.0
Score of validation (classical) [0.6733067729083665, 0.6533864541832669, 0.6972111553784861, 0.6653386454183267]
Score of training (classical) [0.7172827172827173, 0.7702297702297702, 0.7732267732267732, 0.6073926073926074]
Attempt  157
Take max_iter as  1173
Score of validation 0.5298804780876494
Score of training 1.0
Score of validation (classical) [0.6932270916334662, 0.6772908366533864, 0.6892430278884463, 0.6334661354581673]
Score of training (classical) [0.7112887112887113, 0.7482517482517482, 0.7612387612387612, 0.6073926073926074]
Attempt  158
Take max_iter as  1101
Score of validation 0.5059760956175299
Score of training 1.0
Score of validation (classical) [0.7171314741035857, 0.6812749003984063, 0.7131474103585658, 0.6454183266932271]
Score of training (classical) [0.7222777222777222, 0.7452547452547452, 0.7512487512487512, 0.6163836163836164]
Attempt  159
Take max_iter as  1315
Score of validation 0.46613545816733065
Score of training 1.0
Score of validation (classical) [0.701195219123506, 0.6733067729083665, 0.6812749003984063, 0.6454183266932271]
Score of training (classical) [0.7012987012987013, 0.7362637362637363, 0.7612387612387612, 0.5924075924075924]
Attempt  160
Take max_iter as  1121
Score of validation 0.50199203187251
Score of training 1.0
Score of validation (classical) [0.7051792828685259, 0.7051792828685259, 0.7171314741035857, 0.649402390438247]
Score of training (classical) [0.7062937062937062, 0.7322677322677322, 0.7542457542457542, 0.6003996003996004]
Attempt  161
Take max_iter as  1089
Score of validation 0.5258964143426295
Score of training 1.0
Score of validation (classical) [0.7131474103585658, 0.6972111553784861, 0.7171314741035857, 0.6613545816733067]
Score of training (classical) [0.7062937062937062, 0.7512487512487512, 0.7622377622377622, 0.6063936063936064]
Attempt  162
Take max_iter as  1223
Score of validation 0.4541832669322709
Score of training 1.0
Score of validation (classical) [0.7290836653386454, 0.6932270916334662, 0.6932270916334662, 0.6573705179282868]
Score of training (classical) [0.7092907092907093, 0.7402597402597403, 0.7552447552447552, 0.5974025974025974]
Attempt  163
Take max_iter as  1179
Score of validation 0.5896414342629482
Score of training 1.0
Score of validation (classical) [0.7051792828685259, 0.7250996015936255, 0.7290836653386454, 0.6693227091633466]
Score of training (classical) [0.7142857142857143, 0.7352647352647352, 0.7452547452547452, 0.6093906093906094]
Attempt  164
Take max_iter as  1199
Score of validation 0.47410358565737054
Score of training 1.0
Score of validation (classical) [0.7211155378486056, 0.6772908366533864, 0.7131474103585658, 0.6772908366533864]
Score of training (classical) [0.7122877122877123, 0.7372627372627373, 0.7572427572427572, 0.6183816183816184]
Attempt  165
Take max_iter as  1135
Score of validation 0.4900398406374502
Score of training 1.0
Score of validation (classical) [0.6892430278884463, 0.6733067729083665, 0.6852589641434262, 0.6374501992031872]
Score of training (classical) [0.7202797202797203, 0.7462537462537463, 0.7672327672327672, 0.6203796203796204]
Attempt  166
Take max_iter as  1164
Score of validation 0.5258964143426295
Score of training 1.0
Score of validation (classical) [0.7211155378486056, 0.6812749003984063, 0.7051792828685259, 0.6613545816733067]
Score of training (classical) [0.7082917082917083, 0.7562437562437563, 0.7552447552447552, 0.6063936063936064]
Attempt  167
Take max_iter as  1156
Score of validation 0.545816733067729
Score of training 1.0
Score of validation (classical) [0.7330677290836654, 0.7211155378486056, 0.6972111553784861, 0.6733067729083665]
Score of training (classical) [0.7082917082917083, 0.7372627372627373, 0.7652347652347652, 0.6013986013986014]
Attempt  168
Take max_iter as  1132
Score of validation 0.44223107569721115
Score of training 1.0
Score of validation (classical) [0.6733067729083665, 0.6294820717131474, 0.6573705179282868, 0.6573705179282868]
Score of training (classical) [0.7192807192807192, 0.7642357642357642, 0.7622377622377622, 0.6053946053946054]
Attempt  169
Take max_iter as  1094
Score of validation 0.5139442231075697
Score of training 1.0
Score of validation (classical) [0.6972111553784861, 0.6414342629482072, 0.6892430278884463, 0.6733067729083665]
Score of training (classical) [0.7102897102897103, 0.7542457542457542, 0.7652347652347652, 0.6233766233766234]
Attempt  170
Take max_iter as  1296
Score of validation 0.5099601593625498
Score of training 1.0
Score of validation (classical) [0.7051792828685259, 0.6613545816733067, 0.6852589641434262, 0.6653386454183267]
Score of training (classical) [0.7092907092907093, 0.7512487512487512, 0.7602397602397603, 0.6073926073926074]
Attempt  171
Take max_iter as  1195
Score of validation 0.50199203187251
Score of training 1.0
Score of validation (classical) [0.7410358565737052, 0.6573705179282868, 0.7250996015936255, 0.6693227091633466]
Score of training (classical) [0.7102897102897103, 0.7582417582417582, 0.7582417582417582, 0.5914085914085914]
Attempt  172
Take max_iter as  1296
Score of validation 0.5338645418326693
Score of training 1.0
Score of validation (classical) [0.7131474103585658, 0.6733067729083665, 0.6932270916334662, 0.6693227091633466]
Score of training (classical) [0.7092907092907093, 0.7292707292707292, 0.7552447552447552, 0.6053946053946054]
Attempt  173
Take max_iter as  1056
Score of validation 0.5099601593625498
Score of training 1.0
Score of validation (classical) [0.7091633466135459, 0.6772908366533864, 0.6852589641434262, 0.6414342629482072]
Score of training (classical) [0.7062937062937062, 0.7382617382617382, 0.7482517482517482, 0.6073926073926074]
Attempt  174
Take max_iter as  1099
Score of validation 0.5298804780876494
Score of training 1.0
Score of validation (classical) [0.6772908366533864, 0.6334661354581673, 0.6812749003984063, 0.6693227091633466]
Score of training (classical) [0.7172827172827173, 0.7412587412587412, 0.7622377622377622, 0.6303696303696303]
Attempt  175
Take max_iter as  1166
Score of validation 0.549800796812749
Score of training 1.0
Score of validation (classical) [0.749003984063745, 0.7091633466135459, 0.7450199203187251, 0.7290836653386454]
Score of training (classical) [0.7032967032967034, 0.7462537462537463, 0.7532467532467533, 0.5894105894105894]
Attempt  176
Take max_iter as  1277
Score of validation 0.46613545816733065
Score of training 0.999000999000999
Score of validation (classical) [0.7211155378486056, 0.6653386454183267, 0.7091633466135459, 0.6972111553784861]
Score of training (classical) [0.7032967032967034, 0.7362637362637363, 0.7572427572427572, 0.6093906093906094]
Attempt  177
Take max_iter as  1168
Score of validation 0.5179282868525896
Score of training 1.0
Score of validation (classical) [0.7330677290836654, 0.701195219123506, 0.7051792828685259, 0.6254980079681275]
Score of training (classical) [0.7142857142857143, 0.7492507492507493, 0.7542457542457542, 0.5964035964035964]
Attempt  178
Take max_iter as  1209
Score of validation 0.4900398406374502
Score of training 1.0
Score of validation (classical) [0.749003984063745, 0.7131474103585658, 0.7091633466135459, 0.6892430278884463]
Score of training (classical) [0.7042957042957043, 0.7242757242757243, 0.7522477522477522, 0.5784215784215784]
Attempt  179
Take max_iter as  1187
Score of validation 0.5378486055776892
Score of training 1.0
Score of validation (classical) [0.6772908366533864, 0.6454183266932271, 0.6573705179282868, 0.6454183266932271]
Score of training (classical) [0.7252747252747253, 0.7562437562437563, 0.7682317682317682, 0.5914085914085914]
Attempt  180
Take max_iter as  1177
Score of validation 0.42231075697211157
Score of training 1.0
Score of validation (classical) [0.7330677290836654, 0.7131474103585658, 0.7171314741035857, 0.649402390438247]
Score of training (classical) [0.7242757242757243, 0.7542457542457542, 0.7682317682317682, 0.5934065934065934]
Attempt  181
Take max_iter as  1128
Score of validation 0.5577689243027888
Score of training 1.0
Score of validation (classical) [0.7131474103585658, 0.6733067729083665, 0.6892430278884463, 0.6294820717131474]
Score of training (classical) [0.7172827172827173, 0.7402597402597403, 0.7532467532467533, 0.6173826173826173]
Attempt  182
Take max_iter as  1113
Score of validation 0.5099601593625498
Score of training 1.0
Score of validation (classical) [0.7330677290836654, 0.6693227091633466, 0.7051792828685259, 0.7171314741035857]
Score of training (classical) [0.6993006993006993, 0.7292707292707292, 0.7672327672327672, 0.5874125874125874]
Attempt  183
Take max_iter as  1200
Score of validation 0.5657370517928287
Score of training 1.0
Score of validation (classical) [0.7450199203187251, 0.6852589641434262, 0.7131474103585658, 0.7131474103585658]
Score of training (classical) [0.7112887112887113, 0.7482517482517482, 0.7652347652347652, 0.6003996003996004]
Attempt  184
Take max_iter as  1134
Score of validation 0.5298804780876494
Score of training 1.0
Score of validation (classical) [0.7250996015936255, 0.6852589641434262, 0.7051792828685259, 0.701195219123506]
Score of training (classical) [0.7122877122877123, 0.7512487512487512, 0.7602397602397603, 0.6063936063936064]
Attempt  185
Take max_iter as  1053
Score of validation 0.5338645418326693
Score of training 1.0
Score of validation (classical) [0.6693227091633466, 0.6533864541832669, 0.6653386454183267, 0.6733067729083665]
Score of training (classical) [0.7242757242757243, 0.7442557442557443, 0.7702297702297702, 0.6343656343656343]
Attempt  186
Take max_iter as  1110
Score of validation 0.5338645418326693
Score of training 1.0
Score of validation (classical) [0.7211155378486056, 0.7131474103585658, 0.6932270916334662, 0.6693227091633466]
Score of training (classical) [0.7012987012987013, 0.7482517482517482, 0.7562437562437563, 0.5884115884115884]
Attempt  187
Take max_iter as  1101
Score of validation 0.4900398406374502
Score of training 1.0
Score of validation (classical) [0.7091633466135459, 0.6812749003984063, 0.6932270916334662, 0.7091633466135459]
Score of training (classical) [0.7132867132867133, 0.7642357642357642, 0.7772227772227772, 0.6173826173826173]
Attempt  188
Take max_iter as  1113
Score of validation 0.4541832669322709
Score of training 1.0
Score of validation (classical) [0.6972111553784861, 0.6613545816733067, 0.6972111553784861, 0.7051792828685259]
Score of training (classical) [0.7132867132867133, 0.7372627372627373, 0.7562437562437563, 0.6043956043956044]
Attempt  189
Take max_iter as  1118
Score of validation 0.47410358565737054
Score of training 1.0
Score of validation (classical) [0.7051792828685259, 0.6693227091633466, 0.6733067729083665, 0.6852589641434262]
Score of training (classical) [0.7152847152847153, 0.7592407592407593, 0.7712287712287712, 0.5974025974025974]
Attempt  190
Take max_iter as  1216
Score of validation 0.5099601593625498
Score of training 1.0
Score of validation (classical) [0.6972111553784861, 0.6573705179282868, 0.6892430278884463, 0.6693227091633466]
Score of training (classical) [0.7122877122877123, 0.7422577422577422, 0.7572427572427572, 0.6053946053946054]
Attempt  191
Take max_iter as  1092
Score of validation 0.5338645418326693
Score of training 1.0
Score of validation (classical) [0.7370517928286853, 0.701195219123506, 0.7330677290836654, 0.6812749003984063]
Score of training (classical) [0.7122877122877123, 0.7492507492507493, 0.7532467532467533, 0.6003996003996004]
Attempt  192
Take max_iter as  1049
Score of validation 0.4940239043824701
Score of training 0.999000999000999
Score of validation (classical) [0.701195219123506, 0.6653386454183267, 0.7211155378486056, 0.6573705179282868]
Score of training (classical) [0.7192807192807192, 0.7322677322677322, 0.7602397602397603, 0.6333666333666333]
Attempt  193
Take max_iter as  1139
Score of validation 0.5298804780876494
Score of training 1.0
Score of validation (classical) [0.7171314741035857, 0.7171314741035857, 0.6972111553784861, 0.6414342629482072]
Score of training (classical) [0.7202797202797203, 0.7372627372627373, 0.7472527472527473, 0.6033966033966034]
Attempt  194
Take max_iter as  1089
Score of validation 0.5418326693227091
Score of training 1.0
Score of validation (classical) [0.6932270916334662, 0.6613545816733067, 0.701195219123506, 0.6892430278884463]
Score of training (classical) [0.7102897102897103, 0.7332667332667333, 0.7612387612387612, 0.6033966033966034]
Attempt  195
Take max_iter as  1177
Score of validation 0.5059760956175299
Score of training 1.0
Score of validation (classical) [0.6693227091633466, 0.6334661354581673, 0.6334661354581673, 0.6454183266932271]
Score of training (classical) [0.7192807192807192, 0.7522477522477522, 0.7722277722277723, 0.6333666333666333]
Attempt  196
Take max_iter as  1139
Score of validation 0.50199203187251
Score of training 1.0
Score of validation (classical) [0.7171314741035857, 0.6892430278884463, 0.7290836653386454, 0.6932270916334662]
Score of training (classical) [0.7152847152847153, 0.7632367632367633, 0.7652347652347652, 0.6113886113886113]
Attempt  197
Take max_iter as  1125
Score of validation 0.4342629482071713
Score of training 1.0
Score of validation (classical) [0.7569721115537849, 0.6972111553784861, 0.7370517928286853, 0.6533864541832669]
Score of training (classical) [0.7082917082917083, 0.7452547452547452, 0.7492507492507493, 0.6023976023976024]
Attempt  198
Take max_iter as  1215
Score of validation 0.5776892430278885
Score of training 1.0
Score of validation (classical) [0.7091633466135459, 0.6812749003984063, 0.7250996015936255, 0.6733067729083665]
Score of training (classical) [0.7232767232767233, 0.7392607392607392, 0.7662337662337663, 0.6073926073926074]
Attempt  199
Take max_iter as  1140
Score of validation 0.4940239043824701
Score of training 1.0
Score of validation (classical) [0.7131474103585658, 0.7171314741035857, 0.7091633466135459, 0.6414342629482072]
Score of training (classical) [0.7122877122877123, 0.7582417582417582, 0.7742257742257742, 0.5944055944055944]
Attempt  200
Take max_iter as  1171
Score of validation 0.5298804780876494
Score of training 1.0
Score of validation (classical) [0.6892430278884463, 0.6414342629482072, 0.6812749003984063, 0.7131474103585658]
Score of training (classical) [0.7222777222777222, 0.7532467532467533, 0.7762237762237763, 0.6263736263736264]
Attempt  201
Take max_iter as  1122
Score of validation 0.5418326693227091
Score of training 1.0
Score of validation (classical) [0.7290836653386454, 0.7091633466135459, 0.7131474103585658, 0.6573705179282868]
Score of training (classical) [0.7052947052947053, 0.7392607392607392, 0.7682317682317682, 0.5904095904095904]
Attempt  202
Take max_iter as  1135
Score of validation 0.5099601593625498
Score of training 1.0
Score of validation (classical) [0.7211155378486056, 0.6812749003984063, 0.7250996015936255, 0.6892430278884463]
Score of training (classical) [0.7042957042957043, 0.7432567432567433, 0.7622377622377622, 0.5974025974025974]
Attempt  203
Take max_iter as  1088
Score of validation 0.5298804780876494
Score of training 1.0
Score of validation (classical) [0.7250996015936255, 0.6414342629482072, 0.6772908366533864, 0.6613545816733067]
Score of training (classical) [0.7252747252747253, 0.7662337662337663, 0.7852147852147852, 0.5934065934065934]
Attempt  204
Take max_iter as  1152
Score of validation 0.4940239043824701
Score of training 1.0
Score of validation (classical) [0.6733067729083665, 0.6533864541832669, 0.6772908366533864, 0.6573705179282868]
Score of training (classical) [0.7242757242757243, 0.7322677322677322, 0.7572427572427572, 0.6293706293706294]
Attempt  205
Take max_iter as  1256
Score of validation 0.4701195219123506
Score of training 1.0
Score of validation (classical) [0.7649402390438247, 0.7051792828685259, 0.7689243027888446, 0.701195219123506]
Score of training (classical) [0.7032967032967034, 0.7342657342657343, 0.7612387612387612, 0.5874125874125874]
Attempt  206
Take max_iter as  1121
Score of validation 0.549800796812749
Score of training 1.0
Score of validation (classical) [0.6972111553784861, 0.6892430278884463, 0.701195219123506, 0.6454183266932271]
Score of training (classical) [0.7142857142857143, 0.7462537462537463, 0.7562437562437563, 0.6153846153846154]
Attempt  207
Take max_iter as  1106
Score of validation 0.5577689243027888
Score of training 1.0
Score of validation (classical) [0.7370517928286853, 0.6972111553784861, 0.7051792828685259, 0.6932270916334662]
Score of training (classical) [0.7122877122877123, 0.7312687312687313, 0.7562437562437563, 0.5964035964035964]
Attempt  208
Take max_iter as  1093
Score of validation 0.5179282868525896
Score of training 1.0
Score of validation (classical) [0.7808764940239044, 0.7330677290836654, 0.7450199203187251, 0.7131474103585658]
Score of training (classical) [0.6963036963036963, 0.7332667332667333, 0.7582417582417582, 0.6093906093906094]
Attempt  209
Take max_iter as  1194
Score of validation 0.4900398406374502
Score of training 1.0
Score of validation (classical) [0.701195219123506, 0.6215139442231076, 0.6892430278884463, 0.6454183266932271]
Score of training (classical) [0.7182817182817183, 0.7542457542457542, 0.7632367632367633, 0.6013986013986014]
Attempt  210
Take max_iter as  1097
Score of validation 0.50199203187251
Score of training 1.0
Score of validation (classical) [0.701195219123506, 0.6613545816733067, 0.6852589641434262, 0.6812749003984063]
Score of training (classical) [0.7162837162837162, 0.7402597402597403, 0.7572427572427572, 0.6073926073926074]
Attempt  211
Take max_iter as  1173
Score of validation 0.50199203187251
Score of training 1.0
Score of validation (classical) [0.6573705179282868, 0.6294820717131474, 0.6334661354581673, 0.6254980079681275]
Score of training (classical) [0.7252747252747253, 0.7672327672327672, 0.7732267732267732, 0.6213786213786214]
Attempt  212
Take max_iter as  1124
Score of validation 0.50199203187251
Score of training 1.0
Score of validation (classical) [0.7609561752988048, 0.7450199203187251, 0.7450199203187251, 0.6653386454183267]
Score of training (classical) [0.7062937062937062, 0.7482517482517482, 0.7552447552447552, 0.5824175824175825]
Attempt  213
Take max_iter as  1131
Score of validation 0.47808764940239046
Score of training 1.0
Score of validation (classical) [0.6852589641434262, 0.6533864541832669, 0.6972111553784861, 0.6852589641434262]
Score of training (classical) [0.7252747252747253, 0.7482517482517482, 0.7572427572427572, 0.6043956043956044]
Attempt  214
Take max_iter as  1081
Score of validation 0.5418326693227091
Score of training 1.0
Score of validation (classical) [0.7131474103585658, 0.6414342629482072, 0.7131474103585658, 0.7250996015936255]
Score of training (classical) [0.7162837162837162, 0.7172827172827173, 0.7462537462537463, 0.6253746253746254]
Attempt  215
Take max_iter as  1167
Score of validation 0.5697211155378487
Score of training 1.0
Score of validation (classical) [0.701195219123506, 0.6693227091633466, 0.6852589641434262, 0.6693227091633466]
Score of training (classical) [0.7162837162837162, 0.7342657342657343, 0.7442557442557443, 0.6273726273726273]
Attempt  216
Take max_iter as  1125
Score of validation 0.5418326693227091
Score of training 1.0
Score of validation (classical) [0.701195219123506, 0.6454183266932271, 0.7131474103585658, 0.6852589641434262]
Score of training (classical) [0.7132867132867133, 0.7532467532467533, 0.7652347652347652, 0.6283716283716284]
Attempt  217
Take max_iter as  1120
Score of validation 0.5776892430278885
Score of training 1.0
Score of validation (classical) [0.6892430278884463, 0.6294820717131474, 0.6613545816733067, 0.6693227091633466]
Score of training (classical) [0.7192807192807192, 0.7512487512487512, 0.7692307692307693, 0.6263736263736264]
Attempt  218
Take max_iter as  1074
Score of validation 0.5378486055776892
Score of training 1.0
Score of validation (classical) [0.6852589641434262, 0.6772908366533864, 0.7051792828685259, 0.6573705179282868]
Score of training (classical) [0.7162837162837162, 0.7382617382617382, 0.7532467532467533, 0.6173826173826173]
Attempt  219
Take max_iter as  1117
Score of validation 0.5617529880478087
Score of training 1.0
Score of validation (classical) [0.7410358565737052, 0.7131474103585658, 0.7768924302788844, 0.701195219123506]
Score of training (classical) [0.7082917082917083, 0.7282717282717283, 0.7462537462537463, 0.6083916083916084]
Attempt  220
Take max_iter as  1162
Score of validation 0.5099601593625498
Score of training 1.0
Score of validation (classical) [0.7250996015936255, 0.6454183266932271, 0.7091633466135459, 0.6852589641434262]
Score of training (classical) [0.7042957042957043, 0.7282717282717283, 0.7512487512487512, 0.5924075924075924]
Attempt  221
Take max_iter as  1248
Score of validation 0.4940239043824701
Score of training 1.0
Score of validation (classical) [0.7410358565737052, 0.6932270916334662, 0.7250996015936255, 0.6533864541832669]
Score of training (classical) [0.7172827172827173, 0.7412587412587412, 0.7592407592407593, 0.6103896103896104]
Attempt  222
Take max_iter as  1070
Score of validation 0.4820717131474104
Score of training 1.0
Score of validation (classical) [0.7250996015936255, 0.6653386454183267, 0.7330677290836654, 0.7211155378486056]
Score of training (classical) [0.7122877122877123, 0.7502497502497503, 0.7472527472527473, 0.5874125874125874]
Attempt  223
Take max_iter as  1120
Score of validation 0.49800796812749004
Score of training 1.0
Score of validation (classical) [0.701195219123506, 0.6613545816733067, 0.6972111553784861, 0.649402390438247]
Score of training (classical) [0.7222777222777222, 0.7602397602397603, 0.7572427572427572, 0.6043956043956044]
Attempt  224
Take max_iter as  1189
Score of validation 0.5179282868525896
Score of training 1.0
Score of validation (classical) [0.6972111553784861, 0.6852589641434262, 0.6972111553784861, 0.6334661354581673]
Score of training (classical) [0.7212787212787213, 0.7402597402597403, 0.7802197802197802, 0.6273726273726273]
Attempt  225
Take max_iter as  1114
Score of validation 0.5179282868525896
Score of training 1.0
Score of validation (classical) [0.7768924302788844, 0.6972111553784861, 0.7529880478087649, 0.7131474103585658]
Score of training (classical) [0.6963036963036963, 0.7272727272727273, 0.7442557442557443, 0.6053946053946054]
Attempt  226
Take max_iter as  1094
Score of validation 0.4820717131474104
Score of training 1.0
Score of validation (classical) [0.701195219123506, 0.6613545816733067, 0.6812749003984063, 0.6573705179282868]
Score of training (classical) [0.7162837162837162, 0.7412587412587412, 0.7632367632367633, 0.6063936063936064]
Attempt  227
Take max_iter as  1187
Score of validation 0.4820717131474104
Score of training 1.0
Score of validation (classical) [0.7250996015936255, 0.6932270916334662, 0.6932270916334662, 0.7051792828685259]
Score of training (classical) [0.7052947052947053, 0.7372627372627373, 0.7412587412587412, 0.6113886113886113]
Attempt  228
Take max_iter as  1107
Score of validation 0.5617529880478087
Score of training 1.0
Score of validation (classical) [0.7290836653386454, 0.7051792828685259, 0.6892430278884463, 0.6693227091633466]
Score of training (classical) [0.7142857142857143, 0.7502497502497503, 0.7672327672327672, 0.6073926073926074]
Attempt  229
Take max_iter as  1074
Score of validation 0.450199203187251
Score of training 1.0
Score of validation (classical) [0.6852589641434262, 0.6533864541832669, 0.6653386454183267, 0.6972111553784861]
Score of training (classical) [0.7162837162837162, 0.7452547452547452, 0.7532467532467533, 0.6143856143856143]
Attempt  230
Take max_iter as  1087
Score of validation 0.5338645418326693
Score of training 1.0
Score of validation (classical) [0.7171314741035857, 0.6892430278884463, 0.7171314741035857, 0.6932270916334662]
Score of training (classical) [0.7102897102897103, 0.7392607392607392, 0.7632367632367633, 0.5984015984015985]
Attempt  231
Take max_iter as  1115
Score of validation 0.47808764940239046
Score of training 1.0
Score of validation (classical) [0.7410358565737052, 0.7051792828685259, 0.7250996015936255, 0.7051792828685259]
Score of training (classical) [0.7092907092907093, 0.7432567432567433, 0.7582417582417582, 0.6003996003996004]
Attempt  232
Take max_iter as  1156
Score of validation 0.5418326693227091
Score of training 1.0
Score of validation (classical) [0.6812749003984063, 0.6573705179282868, 0.6653386454183267, 0.6693227091633466]
Score of training (classical) [0.7222777222777222, 0.7612387612387612, 0.7602397602397603, 0.6153846153846154]
Attempt  233
Take max_iter as  1144
Score of validation 0.5338645418326693
Score of training 1.0
Score of validation (classical) [0.7051792828685259, 0.6294820717131474, 0.6852589641434262, 0.6772908366533864]
Score of training (classical) [0.7092907092907093, 0.7392607392607392, 0.7552447552447552, 0.6103896103896104]
Attempt  234
Take max_iter as  1128
Score of validation 0.47410358565737054
Score of training 1.0
Score of validation (classical) [0.6972111553784861, 0.6812749003984063, 0.6812749003984063, 0.6892430278884463]
Score of training (classical) [0.7232767232767233, 0.7542457542457542, 0.7512487512487512, 0.6293706293706294]
Attempt  235
Take max_iter as  1141
Score of validation 0.4581673306772908
Score of training 1.0
Score of validation (classical) [0.6733067729083665, 0.6613545816733067, 0.6733067729083665, 0.649402390438247]
Score of training (classical) [0.7322677322677322, 0.7542457542457542, 0.7632367632367633, 0.6333666333666333]
Attempt  236
Take max_iter as  1220
Score of validation 0.44621513944223107
Score of training 1.0
Score of validation (classical) [0.6972111553784861, 0.6613545816733067, 0.6932270916334662, 0.6573705179282868]
Score of training (classical) [0.7162837162837162, 0.7252747252747253, 0.7652347652347652, 0.6273726273726273]
Attempt  237
Take max_iter as  1138
Score of validation 0.4900398406374502
Score of training 1.0
Score of validation (classical) [0.6932270916334662, 0.6613545816733067, 0.6812749003984063, 0.6653386454183267]
Score of training (classical) [0.7122877122877123, 0.7392607392607392, 0.7612387612387612, 0.5904095904095904]
Attempt  238
Take max_iter as  1230
Score of validation 0.4940239043824701
Score of training 1.0
Score of validation (classical) [0.6892430278884463, 0.6693227091633466, 0.6932270916334662, 0.6573705179282868]
Score of training (classical) [0.7072927072927073, 0.7392607392607392, 0.7472527472527473, 0.5954045954045954]
Attempt  239
Take max_iter as  1136
Score of validation 0.4701195219123506
Score of training 1.0
Score of validation (classical) [0.7330677290836654, 0.7131474103585658, 0.7450199203187251, 0.701195219123506]
Score of training (classical) [0.6993006993006993, 0.7242757242757243, 0.7462537462537463, 0.5864135864135864]
Attempt  240
Take max_iter as  1135
Score of validation 0.5219123505976095
Score of training 1.0
Score of validation (classical) [0.7330677290836654, 0.7250996015936255, 0.7211155378486056, 0.6733067729083665]
Score of training (classical) [0.7072927072927073, 0.7472527472527473, 0.7642357642357642, 0.5964035964035964]
Attempt  241
Take max_iter as  1141
Score of validation 0.4900398406374502
Score of training 1.0
Score of validation (classical) [0.7091633466135459, 0.6972111553784861, 0.6693227091633466, 0.701195219123506]
Score of training (classical) [0.7202797202797203, 0.7502497502497503, 0.7472527472527473, 0.6293706293706294]
Attempt  242
Take max_iter as  1124
Score of validation 0.49800796812749004
Score of training 1.0
Score of validation (classical) [0.7211155378486056, 0.6772908366533864, 0.7091633466135459, 0.7211155378486056]
Score of training (classical) [0.7102897102897103, 0.7542457542457542, 0.7772227772227772, 0.5914085914085914]
Attempt  243
Take max_iter as  1225
Score of validation 0.50199203187251
Score of training 1.0
Score of validation (classical) [0.7051792828685259, 0.6573705179282868, 0.6892430278884463, 0.6653386454183267]
Score of training (classical) [0.7172827172827173, 0.7412587412587412, 0.7592407592407593, 0.6023976023976024]
Attempt  244
Take max_iter as  1169
Score of validation 0.49800796812749004
Score of training 1.0
Score of validation (classical) [0.7290836653386454, 0.7171314741035857, 0.6892430278884463, 0.6653386454183267]
Score of training (classical) [0.7092907092907093, 0.7492507492507493, 0.7552447552447552, 0.6153846153846154]
Attempt  245
Take max_iter as  1125
Score of validation 0.5219123505976095
Score of training 1.0
Score of validation (classical) [0.6852589641434262, 0.701195219123506, 0.6972111553784861, 0.6693227091633466]
Score of training (classical) [0.7122877122877123, 0.7472527472527473, 0.7602397602397603, 0.6143856143856143]
Attempt  246
Take max_iter as  1237
Score of validation 0.5059760956175299
Score of training 1.0
Score of validation (classical) [0.6812749003984063, 0.6733067729083665, 0.6733067729083665, 0.6533864541832669]
Score of training (classical) [0.7202797202797203, 0.7582417582417582, 0.7722277722277723, 0.6163836163836164]
Attempt  247
Take max_iter as  1179
Score of validation 0.43824701195219123
Score of training 1.0
Score of validation (classical) [0.6454183266932271, 0.6613545816733067, 0.6533864541832669, 0.5896414342629482]
Score of training (classical) [0.7252747252747253, 0.7382617382617382, 0.7772227772227772, 0.6013986013986014]
Attempt  248
Take max_iter as  1187
Score of validation 0.5179282868525896
Score of training 1.0
Score of validation (classical) [0.7131474103585658, 0.6733067729083665, 0.7131474103585658, 0.6533864541832669]
Score of training (classical) [0.7202797202797203, 0.7502497502497503, 0.7692307692307693, 0.6083916083916084]
Attempt  249
Take max_iter as  1231
Score of validation 0.545816733067729
Score of training 1.0
Score of validation (classical) [0.7250996015936255, 0.7091633466135459, 0.7290836653386454, 0.6653386454183267]
Score of training (classical) [0.7162837162837162, 0.7352647352647352, 0.7552447552447552, 0.6153846153846154]
Attempt  250
Take max_iter as  1134
Score of validation 0.4900398406374502
Score of training 1.0
Score of validation (classical) [0.6772908366533864, 0.6812749003984063, 0.6613545816733067, 0.6334661354581673]
Score of training (classical) [0.7112887112887113, 0.7452547452547452, 0.7692307692307693, 0.6083916083916084]
Attempt  251
Take max_iter as  1198
Score of validation 0.4820717131474104
Score of training 1.0
Score of validation (classical) [0.7171314741035857, 0.7091633466135459, 0.7250996015936255, 0.6693227091633466]
Score of training (classical) [0.7112887112887113, 0.7312687312687313, 0.7532467532467533, 0.6093906093906094]
Attempt  252
Take max_iter as  1118
Score of validation 0.5338645418326693
Score of training 1.0
Score of validation (classical) [0.6733067729083665, 0.6653386454183267, 0.6733067729083665, 0.649402390438247]
Score of training (classical) [0.7172827172827173, 0.7412587412587412, 0.7692307692307693, 0.6273726273726273]
Attempt  253
Take max_iter as  1142
Score of validation 0.5298804780876494
Score of training 1.0
Score of validation (classical) [0.7609561752988048, 0.6972111553784861, 0.7450199203187251, 0.7290836653386454]
Score of training (classical) [0.6993006993006993, 0.7352647352647352, 0.7662337662337663, 0.5914085914085914]
Attempt  254
Take max_iter as  1160
Score of validation 0.4820717131474104
Score of training 1.0
Score of validation (classical) [0.7211155378486056, 0.6812749003984063, 0.7211155378486056, 0.6573705179282868]
Score of training (classical) [0.7062937062937062, 0.7552447552447552, 0.7612387612387612, 0.6153846153846154]
Attempt  255
Take max_iter as  1167
Score of validation 0.5179282868525896
Score of training 1.0
Score of validation (classical) [0.7529880478087649, 0.7131474103585658, 0.7211155378486056, 0.7171314741035857]
Score of training (classical) [0.7032967032967034, 0.7502497502497503, 0.7652347652347652, 0.6113886113886113]
Attempt  256
Take max_iter as  1135
Score of validation 0.5258964143426295
Score of training 1.0
Score of validation (classical) [0.701195219123506, 0.6812749003984063, 0.701195219123506, 0.6772908366533864]
Score of training (classical) [0.7182817182817183, 0.7542457542457542, 0.7652347652347652, 0.6173826173826173]
Attempt  257
Take max_iter as  1244
Score of validation 0.4820717131474104
Score of training 1.0
Score of validation (classical) [0.6812749003984063, 0.6653386454183267, 0.6772908366533864, 0.6175298804780877]
Score of training (classical) [0.7212787212787213, 0.7502497502497503, 0.7682317682317682, 0.6353646353646354]
Attempt  258
Take max_iter as  1146
Score of validation 0.50199203187251
Score of training 1.0
Score of validation (classical) [0.7131474103585658, 0.7051792828685259, 0.6972111553784861, 0.6733067729083665]
Score of training (classical) [0.7172827172827173, 0.7382617382617382, 0.7522477522477522, 0.6153846153846154]
Attempt  259
Take max_iter as  1125
Score of validation 0.5737051792828686
Score of training 0.999000999000999
Score of validation (classical) [0.7450199203187251, 0.6812749003984063, 0.7051792828685259, 0.7051792828685259]
Score of training (classical) [0.7112887112887113, 0.7412587412587412, 0.7622377622377622, 0.6003996003996004]
Attempt  260
Take max_iter as  1119
Score of validation 0.4900398406374502
Score of training 1.0
Score of validation (classical) [0.6772908366533864, 0.6374501992031872, 0.6454183266932271, 0.6374501992031872]
Score of training (classical) [0.7232767232767233, 0.7512487512487512, 0.7702297702297702, 0.6273726273726273]
Attempt  261
Take max_iter as  1147
Score of validation 0.5099601593625498
Score of training 1.0
Score of validation (classical) [0.7250996015936255, 0.6772908366533864, 0.6972111553784861, 0.6812749003984063]
Score of training (classical) [0.7052947052947053, 0.7482517482517482, 0.7522477522477522, 0.5864135864135864]
Attempt  262
Take max_iter as  1144
Score of validation 0.5418326693227091
Score of training 1.0
Score of validation (classical) [0.6972111553784861, 0.6772908366533864, 0.6892430278884463, 0.649402390438247]
Score of training (classical) [0.7162837162837162, 0.7432567432567433, 0.7642357642357642, 0.6033966033966034]
Attempt  263
Take max_iter as  1117
Score of validation 0.5219123505976095
Score of training 1.0
Score of validation (classical) [0.7250996015936255, 0.6812749003984063, 0.7091633466135459, 0.6892430278884463]
Score of training (classical) [0.7112887112887113, 0.7482517482517482, 0.7582417582417582, 0.5944055944055944]
Attempt  264
Take max_iter as  1044
Score of validation 0.5059760956175299
Score of training 1.0
Score of validation (classical) [0.7290836653386454, 0.7091633466135459, 0.7370517928286853, 0.6852589641434262]
Score of training (classical) [0.7052947052947053, 0.7412587412587412, 0.7652347652347652, 0.6173826173826173]
Attempt  265
Take max_iter as  1076
Score of validation 0.5577689243027888
Score of training 1.0
Score of validation (classical) [0.7131474103585658, 0.6693227091633466, 0.6892430278884463, 0.6693227091633466]
Score of training (classical) [0.7152847152847153, 0.7602397602397603, 0.7692307692307693, 0.6043956043956044]
Attempt  266
Take max_iter as  1129
Score of validation 0.5219123505976095
Score of training 1.0
Score of validation (classical) [0.7250996015936255, 0.7051792828685259, 0.7410358565737052, 0.7091633466135459]
Score of training (classical) [0.6973026973026973, 0.7422577422577422, 0.7592407592407593, 0.5834165834165834]
Attempt  267
Take max_iter as  1137
Score of validation 0.5099601593625498
Score of training 1.0
Score of validation (classical) [0.6693227091633466, 0.649402390438247, 0.6812749003984063, 0.6772908366533864]
Score of training (classical) [0.7172827172827173, 0.7522477522477522, 0.7592407592407593, 0.6063936063936064]
Attempt  268
Take max_iter as  1133
Score of validation 0.5338645418326693
Score of training 1.0
Score of validation (classical) [0.6932270916334662, 0.7051792828685259, 0.7171314741035857, 0.6653386454183267]
Score of training (classical) [0.7112887112887113, 0.7552447552447552, 0.7662337662337663, 0.6003996003996004]
Attempt  269
Take max_iter as  1132
Score of validation 0.5219123505976095
Score of training 1.0
Score of validation (classical) [0.6533864541832669, 0.6334661354581673, 0.6693227091633466, 0.6414342629482072]
Score of training (classical) [0.7182817182817183, 0.7752247752247752, 0.7662337662337663, 0.6073926073926074]
Attempt  270
Take max_iter as  1139
Score of validation 0.5258964143426295
Score of training 1.0
Score of validation (classical) [0.6892430278884463, 0.6733067729083665, 0.6852589641434262, 0.6653386454183267]
Score of training (classical) [0.7172827172827173, 0.7432567432567433, 0.7512487512487512, 0.6173826173826173]
Attempt  271
Take max_iter as  1154
Score of validation 0.4820717131474104
Score of training 1.0
Score of validation (classical) [0.7091633466135459, 0.6852589641434262, 0.7131474103585658, 0.6772908366533864]
Score of training (classical) [0.7062937062937062, 0.7372627372627373, 0.7432567432567433, 0.5824175824175825]
Attempt  272
Take max_iter as  1114
Score of validation 0.5139442231075697
Score of training 1.0
Score of validation (classical) [0.6772908366533864, 0.6733067729083665, 0.6613545816733067, 0.6852589641434262]
Score of training (classical) [0.7262737262737263, 0.7402597402597403, 0.7502497502497503, 0.6173826173826173]
Attempt  273
Take max_iter as  1109
Score of validation 0.5258964143426295
Score of training 1.0
Score of validation (classical) [0.7051792828685259, 0.6733067729083665, 0.6852589641434262, 0.6772908366533864]
Score of training (classical) [0.7132867132867133, 0.7352647352647352, 0.7532467532467533, 0.6143856143856143]
Attempt  274
Take max_iter as  1169
Score of validation 0.601593625498008
Score of training 1.0
Score of validation (classical) [0.6852589641434262, 0.6733067729083665, 0.6733067729083665, 0.6573705179282868]
Score of training (classical) [0.7142857142857143, 0.7382617382617382, 0.7642357642357642, 0.6213786213786214]
Attempt  275
Take max_iter as  1072
Score of validation 0.4820717131474104
Score of training 1.0
Score of validation (classical) [0.7051792828685259, 0.701195219123506, 0.7131474103585658, 0.6772908366533864]
Score of training (classical) [0.7142857142857143, 0.7362637362637363, 0.7662337662337663, 0.6193806193806194]
Attempt  276
Take max_iter as  1064
Score of validation 0.47410358565737054
Score of training 1.0
Score of validation (classical) [0.7450199203187251, 0.701195219123506, 0.7171314741035857, 0.7131474103585658]
Score of training (classical) [0.6993006993006993, 0.7362637362637363, 0.7622377622377622, 0.5854145854145855]
Attempt  277
Take max_iter as  1168
Score of validation 0.4860557768924303
Score of training 1.0
Score of validation (classical) [0.7051792828685259, 0.6772908366533864, 0.701195219123506, 0.6533864541832669]
Score of training (classical) [0.7082917082917083, 0.7412587412587412, 0.7702297702297702, 0.6043956043956044]
Attempt  278
Take max_iter as  1135
Score of validation 0.549800796812749
Score of training 1.0
Score of validation (classical) [0.6812749003984063, 0.6693227091633466, 0.6613545816733067, 0.6135458167330677]
Score of training (classical) [0.7172827172827173, 0.7652347652347652, 0.7652347652347652, 0.6433566433566433]
Attempt  279
Take max_iter as  1157
Score of validation 0.5418326693227091
Score of training 0.999000999000999
Score of validation (classical) [0.7171314741035857, 0.6932270916334662, 0.6972111553784861, 0.6733067729083665]
Score of training (classical) [0.7142857142857143, 0.7432567432567433, 0.7592407592407593, 0.6023976023976024]
Attempt  280
Take max_iter as  1162
Score of validation 0.5418326693227091
Score of training 1.0
Score of validation (classical) [0.7290836653386454, 0.6972111553784861, 0.7091633466135459, 0.7091633466135459]
Score of training (classical) [0.7102897102897103, 0.7372627372627373, 0.7432567432567433, 0.6063936063936064]
Attempt  281
Take max_iter as  1155
Score of validation 0.5219123505976095
Score of training 1.0
Score of validation (classical) [0.7330677290836654, 0.6972111553784861, 0.7330677290836654, 0.7211155378486056]
Score of training (classical) [0.7052947052947053, 0.7232767232767233, 0.7702297702297702, 0.5974025974025974]
Attempt  282
Take max_iter as  1162
Score of validation 0.5338645418326693
Score of training 1.0
Score of validation (classical) [0.749003984063745, 0.7370517928286853, 0.749003984063745, 0.6852589641434262]
Score of training (classical) [0.7102897102897103, 0.7312687312687313, 0.7482517482517482, 0.6003996003996004]
Attempt  283
Take max_iter as  1183
Score of validation 0.5179282868525896
Score of training 1.0
Score of validation (classical) [0.7290836653386454, 0.7091633466135459, 0.7211155378486056, 0.6573705179282868]
Score of training (classical) [0.7002997002997003, 0.7472527472527473, 0.7522477522477522, 0.5764235764235764]
Attempt  284
Take max_iter as  1173
Score of validation 0.5179282868525896
Score of training 1.0
Score of validation (classical) [0.7171314741035857, 0.6653386454183267, 0.7131474103585658, 0.7370517928286853]
Score of training (classical) [0.7082917082917083, 0.7272727272727273, 0.7482517482517482, 0.6183816183816184]
Attempt  285
Take max_iter as  1084
Score of validation 0.5617529880478087
Score of training 1.0
Score of validation (classical) [0.6932270916334662, 0.6693227091633466, 0.6852589641434262, 0.6215139442231076]
Score of training (classical) [0.7212787212787213, 0.7492507492507493, 0.7672327672327672, 0.6193806193806194]
Attempt  286
Take max_iter as  1264
Score of validation 0.47410358565737054
Score of training 1.0
Score of validation (classical) [0.6733067729083665, 0.6334661354581673, 0.6693227091633466, 0.6772908366533864]
Score of training (classical) [0.7162837162837162, 0.7442557442557443, 0.7692307692307693, 0.6063936063936064]
Attempt  287
Take max_iter as  1184
Score of validation 0.5219123505976095
Score of training 1.0
Score of validation (classical) [0.701195219123506, 0.6772908366533864, 0.7091633466135459, 0.6613545816733067]
Score of training (classical) [0.7162837162837162, 0.7432567432567433, 0.7442557442557443, 0.6053946053946054]
Attempt  288
Take max_iter as  1151
Score of validation 0.5378486055776892
Score of training 1.0
Score of validation (classical) [0.7091633466135459, 0.6733067729083665, 0.7051792828685259, 0.6533864541832669]
Score of training (classical) [0.7122877122877123, 0.7472527472527473, 0.7682317682317682, 0.5824175824175825]
Attempt  289
Take max_iter as  1198
Score of validation 0.4541832669322709
Score of training 1.0
Score of validation (classical) [0.6772908366533864, 0.6414342629482072, 0.6733067729083665, 0.6294820717131474]
Score of training (classical) [0.7342657342657343, 0.7612387612387612, 0.7732267732267732, 0.6223776223776224]
Attempt  290
Take max_iter as  1107
Score of validation 0.5298804780876494
Score of training 1.0
Score of validation (classical) [0.6892430278884463, 0.6414342629482072, 0.6693227091633466, 0.6454183266932271]
Score of training (classical) [0.7192807192807192, 0.7452547452547452, 0.7612387612387612, 0.6173826173826173]
Attempt  291
Take max_iter as  1122
Score of validation 0.5219123505976095
Score of training 1.0
Score of validation (classical) [0.6653386454183267, 0.6812749003984063, 0.6653386454183267, 0.5896414342629482]
Score of training (classical) [0.7422577422577422, 0.7432567432567433, 0.7752247752247752, 0.6443556443556444]
Attempt  292
Take max_iter as  1194
Score of validation 0.5537848605577689
Score of training 1.0
Score of validation (classical) [0.649402390438247, 0.6095617529880478, 0.6334661354581673, 0.6135458167330677]
Score of training (classical) [0.7252747252747253, 0.7512487512487512, 0.7582417582417582, 0.6373626373626373]
Attempt  293
Take max_iter as  1188
Score of validation 0.5099601593625498
Score of training 1.0
Score of validation (classical) [0.6374501992031872, 0.6414342629482072, 0.6215139442231076, 0.6533864541832669]
Score of training (classical) [0.7212787212787213, 0.7502497502497503, 0.7682317682317682, 0.6293706293706294]
Attempt  294
Take max_iter as  1151
Score of validation 0.5537848605577689
Score of training 1.0
Score of validation (classical) [0.7091633466135459, 0.6613545816733067, 0.6972111553784861, 0.6653386454183267]
Score of training (classical) [0.7292707292707292, 0.7162837162837162, 0.7652347652347652, 0.6203796203796204]
Attempt  295
Take max_iter as  1115
Score of validation 0.4820717131474104
Score of training 1.0
Score of validation (classical) [0.7171314741035857, 0.7410358565737052, 0.7131474103585658, 0.649402390438247]
Score of training (classical) [0.7072927072927073, 0.7442557442557443, 0.7382617382617382, 0.6113886113886113]
Attempt  296
Take max_iter as  1115
Score of validation 0.5537848605577689
Score of training 1.0
Score of validation (classical) [0.7370517928286853, 0.7450199203187251, 0.7131474103585658, 0.6932270916334662]
Score of training (classical) [0.7012987012987013, 0.7402597402597403, 0.7452547452547452, 0.5964035964035964]
Attempt  297
Take max_iter as  1196
Score of validation 0.4701195219123506
Score of training 1.0
Score of validation (classical) [0.701195219123506, 0.7051792828685259, 0.6972111553784861, 0.701195219123506]
Score of training (classical) [0.7072927072927073, 0.7492507492507493, 0.7512487512487512, 0.6063936063936064]
Attempt  298
Take max_iter as  1118
Score of validation 0.5537848605577689
Score of training 1.0
Score of validation (classical) [0.7091633466135459, 0.6573705179282868, 0.6812749003984063, 0.6972111553784861]
Score of training (classical) [0.7172827172827173, 0.7582417582417582, 0.7662337662337663, 0.6013986013986014]
Attempt  299
Take max_iter as  1081
Score of validation 0.545816733067729
Score of training 1.0
Score of validation (classical) [0.701195219123506, 0.6812749003984063, 0.6852589641434262, 0.6414342629482072]
Score of training (classical) [0.7102897102897103, 0.7262737262737263, 0.7512487512487512, 0.6193806193806194]
