noise_test 0
8 circular 1 0
Attempt  0
Score of validation 0.8844621513944223
Score of training 0.9690309690309691
Score of validation (classical) [0.7250996015936255, 0.8167330677290837, 0.8446215139442231, 0.49800796812749004]
Score of training (classical) [0.7392607392607392, 0.8721278721278721, 0.8701298701298701, 0.4775224775224775]
Attempt  1
Score of validation 0.896414342629482
Score of training 0.971028971028971
Score of validation (classical) [0.701195219123506, 0.8366533864541833, 0.852589641434263, 0.5179282868525896]
Score of training (classical) [0.7392607392607392, 0.8701298701298701, 0.8691308691308691, 0.5144855144855145]
Attempt  2
Score of validation 0.8884462151394422
Score of training 0.9630369630369631
Score of validation (classical) [0.7450199203187251, 0.848605577689243, 0.852589641434263, 0.47808764940239046]
Score of training (classical) [0.7382617382617382, 0.8711288711288712, 0.8731268731268731, 0.48151848151848153]
Attempt  3
Score of validation 0.8725099601593626
Score of training 0.97002997002997
Score of validation (classical) [0.7051792828685259, 0.8326693227091634, 0.852589641434263, 0.5099601593625498]
Score of training (classical) [0.7472527472527473, 0.8771228771228772, 0.8781218781218781, 0.5044955044955045]
Attempt  4
Score of validation 0.8685258964143426
Score of training 0.97002997002997
Score of validation (classical) [0.6733067729083665, 0.8286852589641435, 0.8286852589641435, 0.4701195219123506]
Score of training (classical) [0.7462537462537463, 0.8671328671328671, 0.8701298701298701, 0.5224775224775224]
Attempt  5
Score of validation 0.8884462151394422
Score of training 0.9690309690309691
Score of validation (classical) [0.7450199203187251, 0.8645418326693227, 0.852589641434263, 0.5219123505976095]
Score of training (classical) [0.7462537462537463, 0.8641358641358642, 0.8751248751248751, 0.5044955044955045]
Attempt  6
Score of validation 0.8884462151394422
Score of training 0.97002997002997
Score of validation (classical) [0.7609561752988048, 0.8685258964143426, 0.8605577689243028, 0.4302788844621514]
Score of training (classical) [0.7252747252747253, 0.8861138861138861, 0.8791208791208791, 0.5024975024975025]
Attempt  7
Score of validation 0.8884462151394422
Score of training 0.972027972027972
Score of validation (classical) [0.7091633466135459, 0.8804780876494024, 0.8685258964143426, 0.47410358565737054]
Score of training (classical) [0.7262737262737263, 0.8751248751248751, 0.8841158841158842, 0.47652347652347654]
Attempt  8
Score of validation 0.9123505976095617
Score of training 0.962037962037962
Score of validation (classical) [0.7330677290836654, 0.848605577689243, 0.8725099601593626, 0.4701195219123506]
Score of training (classical) [0.7292707292707292, 0.8741258741258742, 0.8721278721278721, 0.5024975024975025]
Attempt  9
Score of validation 0.9043824701195219
Score of training 0.97002997002997
Score of validation (classical) [0.7330677290836654, 0.8406374501992032, 0.8446215139442231, 0.5378486055776892]
Score of training (classical) [0.7202797202797203, 0.8781218781218781, 0.8781218781218781, 0.5024975024975025]
Attempt  10
Score of validation 0.8804780876494024
Score of training 0.97002997002997
Score of validation (classical) [0.7848605577689243, 0.8804780876494024, 0.8884462151394422, 0.38645418326693226]
Score of training (classical) [0.7342657342657343, 0.8611388611388612, 0.8581418581418582, 0.4785214785214785]
Attempt  11
Score of validation 0.8804780876494024
Score of training 0.975024975024975
Score of validation (classical) [0.749003984063745, 0.8565737051792829, 0.852589641434263, 0.4701195219123506]
Score of training (classical) [0.7452547452547452, 0.8741258741258742, 0.8791208791208791, 0.48151848151848153]
Attempt  12
Score of validation 0.8725099601593626
Score of training 0.973026973026973
Score of validation (classical) [0.6972111553784861, 0.8406374501992032, 0.8565737051792829, 0.4541832669322709]
Score of training (classical) [0.7292707292707292, 0.8721278721278721, 0.8821178821178821, 0.5374625374625375]
Attempt  13
Score of validation 0.8685258964143426
Score of training 0.974025974025974
Score of validation (classical) [0.7211155378486056, 0.848605577689243, 0.8645418326693227, 0.5099601593625498]
Score of training (classical) [0.7322677322677322, 0.8951048951048951, 0.8901098901098901, 0.4955044955044955]
Attempt  14
Score of validation 0.8247011952191236
Score of training 0.97002997002997
Score of validation (classical) [0.7370517928286853, 0.8406374501992032, 0.8565737051792829, 0.46215139442231074]
Score of training (classical) [0.7322677322677322, 0.8721278721278721, 0.8791208791208791, 0.4905094905094905]
Attempt  15
Score of validation 0.8884462151394422
Score of training 0.968031968031968
Score of validation (classical) [0.7211155378486056, 0.8406374501992032, 0.8605577689243028, 0.4860557768924303]
Score of training (classical) [0.7482517482517482, 0.8781218781218781, 0.8801198801198801, 0.47352647352647353]
Attempt  16
Score of validation 0.8565737051792829
Score of training 0.97002997002997
Score of validation (classical) [0.7729083665338645, 0.8286852589641435, 0.848605577689243, 0.5099601593625498]
Score of training (classical) [0.7392607392607392, 0.8771228771228772, 0.8821178821178821, 0.4785214785214785]
Attempt  17
Score of validation 0.8685258964143426
Score of training 0.974025974025974
Score of validation (classical) [0.7131474103585658, 0.8605577689243028, 0.8645418326693227, 0.4262948207171315]
Score of training (classical) [0.7462537462537463, 0.8811188811188811, 0.8861138861138861, 0.4905094905094905]
Attempt  18
Score of validation 0.8884462151394422
Score of training 0.978021978021978
Score of validation (classical) [0.7330677290836654, 0.852589641434263, 0.8764940239043825, 0.5139442231075697]
Score of training (classical) [0.7322677322677322, 0.8791208791208791, 0.8851148851148851, 0.4905094905094905]
Attempt  19
Score of validation 0.9043824701195219
Score of training 0.967032967032967
Score of validation (classical) [0.7131474103585658, 0.8645418326693227, 0.8565737051792829, 0.49800796812749004]
Score of training (classical) [0.7482517482517482, 0.8841158841158842, 0.8761238761238761, 0.5064935064935064]
Attempt  20
Score of validation 0.8685258964143426
Score of training 0.975024975024975
Score of validation (classical) [0.7211155378486056, 0.8844621513944223, 0.8725099601593626, 0.4860557768924303]
Score of training (classical) [0.7312687312687313, 0.8811188811188811, 0.8751248751248751, 0.5004995004995005]
Attempt  21
Score of validation 0.8685258964143426
Score of training 0.974025974025974
Score of validation (classical) [0.7569721115537849, 0.8605577689243028, 0.8685258964143426, 0.5378486055776892]
Score of training (classical) [0.7262737262737263, 0.8861138861138861, 0.8851148851148851, 0.4805194805194805]
Attempt  22
Score of validation 0.8884462151394422
Score of training 0.9760239760239761
Score of validation (classical) [0.749003984063745, 0.8725099601593626, 0.8804780876494024, 0.46613545816733065]
Score of training (classical) [0.7282717282717283, 0.8691308691308691, 0.8761238761238761, 0.4965034965034965]
Attempt  23
Score of validation 0.8804780876494024
Score of training 0.967032967032967
Score of validation (classical) [0.7051792828685259, 0.8446215139442231, 0.8446215139442231, 0.5378486055776892]
Score of training (classical) [0.7392607392607392, 0.8821178821178821, 0.8901098901098901, 0.5014985014985015]
Attempt  24
Score of validation 0.8924302788844621
Score of training 0.974025974025974
Score of validation (classical) [0.7410358565737052, 0.8804780876494024, 0.8725099601593626, 0.47808764940239046]
Score of training (classical) [0.7452547452547452, 0.8751248751248751, 0.8741258741258742, 0.4965034965034965]
Attempt  25
Score of validation 0.8685258964143426
Score of training 0.9660339660339661
Score of validation (classical) [0.7250996015936255, 0.8764940239043825, 0.8685258964143426, 0.5099601593625498]
Score of training (classical) [0.7322677322677322, 0.8681318681318682, 0.8821178821178821, 0.46253746253746253]
Attempt  26
Score of validation 0.8286852589641435
Score of training 0.971028971028971
Score of validation (classical) [0.7250996015936255, 0.796812749003984, 0.8047808764940239, 0.5059760956175299]
Score of training (classical) [0.7632367632367633, 0.8781218781218781, 0.8761238761238761, 0.5174825174825175]
Attempt  27
Score of validation 0.896414342629482
Score of training 0.962037962037962
Score of validation (classical) [0.7410358565737052, 0.8645418326693227, 0.8764940239043825, 0.47410358565737054]
Score of training (classical) [0.7542457542457542, 0.8871128871128872, 0.8821178821178821, 0.4835164835164835]
Attempt  28
Score of validation 0.8844621513944223
Score of training 0.9600399600399601
Score of validation (classical) [0.7569721115537849, 0.8884462151394422, 0.8884462151394422, 0.4900398406374502]
Score of training (classical) [0.7332667332667333, 0.8711288711288712, 0.8721278721278721, 0.5034965034965035]
Attempt  29
Score of validation 0.8725099601593626
Score of training 0.9690309690309691
Score of validation (classical) [0.7290836653386454, 0.8645418326693227, 0.8645418326693227, 0.4541832669322709]
Score of training (classical) [0.7342657342657343, 0.903096903096903, 0.8991008991008991, 0.5024975024975025]
Attempt  30
Score of validation 0.896414342629482
Score of training 0.973026973026973
Score of validation (classical) [0.7450199203187251, 0.8645418326693227, 0.8645418326693227, 0.46613545816733065]
Score of training (classical) [0.7412587412587412, 0.8641358641358642, 0.8641358641358642, 0.4925074925074925]
Attempt  31
Score of validation 0.8605577689243028
Score of training 0.97002997002997
Score of validation (classical) [0.7250996015936255, 0.8605577689243028, 0.852589641434263, 0.5258964143426295]
Score of training (classical) [0.7362637362637363, 0.8841158841158842, 0.8681318681318682, 0.5074925074925075]
Attempt  32
Score of validation 0.8764940239043825
Score of training 0.965034965034965
Score of validation (classical) [0.7131474103585658, 0.8406374501992032, 0.848605577689243, 0.4820717131474104]
Score of training (classical) [0.7342657342657343, 0.8791208791208791, 0.8811188811188811, 0.5004995004995005]
Attempt  33
Score of validation 0.900398406374502
Score of training 0.9660339660339661
Score of validation (classical) [0.7370517928286853, 0.8685258964143426, 0.8605577689243028, 0.5338645418326693]
Score of training (classical) [0.7212787212787213, 0.8631368631368631, 0.8751248751248751, 0.4955044955044955]
Attempt  34
Score of validation 0.8645418326693227
Score of training 0.97002997002997
Score of validation (classical) [0.7370517928286853, 0.8406374501992032, 0.8605577689243028, 0.5099601593625498]
Score of training (classical) [0.7492507492507493, 0.8781218781218781, 0.8721278721278721, 0.4865134865134865]
Attempt  35
Score of validation 0.900398406374502
Score of training 0.971028971028971
Score of validation (classical) [0.7330677290836654, 0.8685258964143426, 0.8645418326693227, 0.5139442231075697]
Score of training (classical) [0.7402597402597403, 0.8591408591408591, 0.8691308691308691, 0.5054945054945055]
Attempt  36
Score of validation 0.8884462151394422
Score of training 0.9690309690309691
Score of validation (classical) [0.7330677290836654, 0.8884462151394422, 0.8804780876494024, 0.41832669322709165]
Score of training (classical) [0.7302697302697303, 0.8621378621378621, 0.8621378621378621, 0.4865134865134865]
Attempt  37
Score of validation 0.8924302788844621
Score of training 0.974025974025974
Score of validation (classical) [0.7211155378486056, 0.8645418326693227, 0.8725099601593626, 0.47808764940239046]
Score of training (classical) [0.7242757242757243, 0.8701298701298701, 0.8801198801198801, 0.4975024975024975]
Attempt  38
Score of validation 0.8924302788844621
Score of training 0.972027972027972
Score of validation (classical) [0.7450199203187251, 0.8605577689243028, 0.8645418326693227, 0.50199203187251]
Score of training (classical) [0.7422577422577422, 0.8841158841158842, 0.8781218781218781, 0.4725274725274725]
Attempt  39
Score of validation 0.9123505976095617
Score of training 0.967032967032967
Score of validation (classical) [0.7768924302788844, 0.8685258964143426, 0.896414342629482, 0.5219123505976095]
Score of training (classical) [0.7352647352647352, 0.8701298701298701, 0.8711288711288712, 0.4865134865134865]
Attempt  40
Score of validation 0.9123505976095617
Score of training 0.974025974025974
Score of validation (classical) [0.7051792828685259, 0.8605577689243028, 0.848605577689243, 0.49800796812749004]
Score of training (classical) [0.7342657342657343, 0.8811188811188811, 0.8751248751248751, 0.4935064935064935]
Attempt  41
Score of validation 0.8804780876494024
Score of training 0.967032967032967
Score of validation (classical) [0.7290836653386454, 0.8565737051792829, 0.848605577689243, 0.4940239043824701]
Score of training (classical) [0.7372627372627373, 0.8821178821178821, 0.8791208791208791, 0.4835164835164835]
Attempt  42
Score of validation 0.9043824701195219
Score of training 0.97002997002997
Score of validation (classical) [0.749003984063745, 0.848605577689243, 0.8605577689243028, 0.4940239043824701]
Score of training (classical) [0.7302697302697303, 0.8651348651348651, 0.8651348651348651, 0.46653346653346656]
Attempt  43
Score of validation 0.8645418326693227
Score of training 0.971028971028971
Score of validation (classical) [0.7768924302788844, 0.8605577689243028, 0.8844621513944223, 0.5179282868525896]
Score of training (classical) [0.7432567432567433, 0.8651348651348651, 0.8641358641358642, 0.4935064935064935]
Attempt  44
Score of validation 0.8804780876494024
Score of training 0.971028971028971
Score of validation (classical) [0.7410358565737052, 0.8844621513944223, 0.8884462151394422, 0.5059760956175299]
Score of training (classical) [0.7342657342657343, 0.8641358641358642, 0.8691308691308691, 0.48951048951048953]
Attempt  45
Score of validation 0.9163346613545816
Score of training 0.9660339660339661
Score of validation (classical) [0.7450199203187251, 0.8804780876494024, 0.8884462151394422, 0.4900398406374502]
Score of training (classical) [0.7302697302697303, 0.8721278721278721, 0.8741258741258742, 0.4865134865134865]
Attempt  46
Score of validation 0.8645418326693227
Score of training 0.974025974025974
Score of validation (classical) [0.7410358565737052, 0.8685258964143426, 0.852589641434263, 0.5298804780876494]
Score of training (classical) [0.7292707292707292, 0.8981018981018981, 0.8941058941058941, 0.5124875124875125]
Attempt  47
Score of validation 0.8884462151394422
Score of training 0.961038961038961
Score of validation (classical) [0.7211155378486056, 0.852589641434263, 0.852589641434263, 0.4581673306772908]
Score of training (classical) [0.7422577422577422, 0.8661338661338661, 0.8711288711288712, 0.5064935064935064]
Attempt  48
Score of validation 0.8605577689243028
Score of training 0.972027972027972
Score of validation (classical) [0.7569721115537849, 0.8645418326693227, 0.8844621513944223, 0.4701195219123506]
Score of training (classical) [0.7392607392607392, 0.8711288711288712, 0.8741258741258742, 0.4825174825174825]
Attempt  49
Score of validation 0.8645418326693227
Score of training 0.9660339660339661
Score of validation (classical) [0.7290836653386454, 0.8685258964143426, 0.8725099601593626, 0.50199203187251]
Score of training (classical) [0.7412587412587412, 0.8591408591408591, 0.8601398601398601, 0.4925074925074925]
Attempt  50
Score of validation 0.9043824701195219
Score of training 0.978021978021978
Score of validation (classical) [0.749003984063745, 0.8844621513944223, 0.8844621513944223, 0.49800796812749004]
Score of training (classical) [0.7192807192807192, 0.8871128871128872, 0.8771228771228772, 0.47352647352647353]
Attempt  51
Score of validation 0.8844621513944223
Score of training 0.973026973026973
Score of validation (classical) [0.7689243027888446, 0.852589641434263, 0.8565737051792829, 0.4820717131474104]
Score of training (classical) [0.7452547452547452, 0.8751248751248751, 0.8821178821178821, 0.4985014985014985]
Attempt  52
Score of validation 0.9083665338645418
Score of training 0.967032967032967
Score of validation (classical) [0.7370517928286853, 0.8725099601593626, 0.8764940239043825, 0.5059760956175299]
Score of training (classical) [0.7432567432567433, 0.8621378621378621, 0.8621378621378621, 0.4755244755244755]
Attempt  53
Score of validation 0.8924302788844621
Score of training 0.968031968031968
Score of validation (classical) [0.7330677290836654, 0.8247011952191236, 0.8087649402390438, 0.4701195219123506]
Score of training (classical) [0.7502497502497503, 0.8681318681318682, 0.8781218781218781, 0.5004995004995005]
Attempt  54
Score of validation 0.9402390438247012
Score of training 0.965034965034965
Score of validation (classical) [0.7609561752988048, 0.8844621513944223, 0.8884462151394422, 0.4581673306772908]
Score of training (classical) [0.7392607392607392, 0.8691308691308691, 0.8741258741258742, 0.4915084915084915]
Attempt  55
Score of validation 0.9083665338645418
Score of training 0.965034965034965
Score of validation (classical) [0.7410358565737052, 0.8685258964143426, 0.896414342629482, 0.5179282868525896]
Score of training (classical) [0.7452547452547452, 0.8671328671328671, 0.8871128871128872, 0.5044955044955045]
Attempt  56
Score of validation 0.9123505976095617
Score of training 0.9760239760239761
Score of validation (classical) [0.7689243027888446, 0.8804780876494024, 0.8924302788844621, 0.47410358565737054]
Score of training (classical) [0.7442557442557443, 0.8651348651348651, 0.8611388611388612, 0.4935064935064935]
Attempt  57
Score of validation 0.8924302788844621
Score of training 0.98001998001998
Score of validation (classical) [0.7450199203187251, 0.8565737051792829, 0.8725099601593626, 0.5179282868525896]
Score of training (classical) [0.7542457542457542, 0.8701298701298701, 0.8641358641358642, 0.5154845154845155]
Attempt  58
Score of validation 0.9043824701195219
Score of training 0.972027972027972
Score of validation (classical) [0.7131474103585658, 0.8725099601593626, 0.8764940239043825, 0.4900398406374502]
Score of training (classical) [0.7442557442557443, 0.8871128871128872, 0.8861138861138861, 0.5074925074925075]
Attempt  59
Score of validation 0.8844621513944223
Score of training 0.97002997002997
Score of validation (classical) [0.7250996015936255, 0.8167330677290837, 0.8167330677290837, 0.4820717131474104]
Score of training (classical) [0.7542457542457542, 0.8691308691308691, 0.8641358641358642, 0.4835164835164835]
Attempt  60
Score of validation 0.8884462151394422
Score of training 0.97002997002997
Score of validation (classical) [0.7410358565737052, 0.8645418326693227, 0.8645418326693227, 0.4701195219123506]
Score of training (classical) [0.7462537462537463, 0.8661338661338661, 0.8631368631368631, 0.47652347652347654]
Attempt  61
Score of validation 0.8605577689243028
Score of training 0.965034965034965
Score of validation (classical) [0.6852589641434262, 0.848605577689243, 0.8565737051792829, 0.4342629482071713]
Score of training (classical) [0.7452547452547452, 0.8701298701298701, 0.8771228771228772, 0.5164835164835165]
Attempt  62
Score of validation 0.8844621513944223
Score of training 0.973026973026973
Score of validation (classical) [0.7330677290836654, 0.8645418326693227, 0.8605577689243028, 0.5179282868525896]
Score of training (classical) [0.7462537462537463, 0.8661338661338661, 0.8761238761238761, 0.4785214785214785]
Attempt  63
Score of validation 0.9203187250996016
Score of training 0.9630369630369631
Score of validation (classical) [0.7649402390438247, 0.900398406374502, 0.8924302788844621, 0.47410358565737054]
Score of training (classical) [0.7282717282717283, 0.8671328671328671, 0.8621378621378621, 0.4885114885114885]
Attempt  64
Score of validation 0.9083665338645418
Score of training 0.9660339660339661
Score of validation (classical) [0.7250996015936255, 0.8764940239043825, 0.8645418326693227, 0.47410358565737054]
Score of training (classical) [0.7382617382617382, 0.8811188811188811, 0.8771228771228772, 0.5114885114885115]
Attempt  65
Score of validation 0.8924302788844621
Score of training 0.968031968031968
Score of validation (classical) [0.7689243027888446, 0.896414342629482, 0.8924302788844621, 0.4940239043824701]
Score of training (classical) [0.7272727272727273, 0.8601398601398601, 0.8751248751248751, 0.4835164835164835]
Attempt  66
Score of validation 0.900398406374502
Score of training 0.9690309690309691
Score of validation (classical) [0.7330677290836654, 0.8924302788844621, 0.8884462151394422, 0.47410358565737054]
Score of training (classical) [0.7142857142857143, 0.8801198801198801, 0.8881118881118881, 0.4695304695304695]
Attempt  67
Score of validation 0.9123505976095617
Score of training 0.967032967032967
Score of validation (classical) [0.7410358565737052, 0.8286852589641435, 0.848605577689243, 0.5139442231075697]
Score of training (classical) [0.7532467532467533, 0.8731268731268731, 0.8711288711288712, 0.5324675324675324]
Attempt  68
Score of validation 0.9043824701195219
Score of training 0.9690309690309691
Score of validation (classical) [0.749003984063745, 0.8685258964143426, 0.8764940239043825, 0.4860557768924303]
Score of training (classical) [0.7372627372627373, 0.8681318681318682, 0.8791208791208791, 0.46353646353646355]
Attempt  69
Score of validation 0.8804780876494024
Score of training 0.97002997002997
Score of validation (classical) [0.796812749003984, 0.900398406374502, 0.900398406374502, 0.5378486055776892]
Score of training (classical) [0.7312687312687313, 0.8601398601398601, 0.8691308691308691, 0.4905094905094905]
Attempt  70
Score of validation 0.9163346613545816
Score of training 0.97002997002997
Score of validation (classical) [0.7529880478087649, 0.8844621513944223, 0.8924302788844621, 0.50199203187251]
Score of training (classical) [0.7322677322677322, 0.8661338661338661, 0.8751248751248751, 0.4695304695304695]
Attempt  71
Score of validation 0.8804780876494024
Score of training 0.973026973026973
Score of validation (classical) [0.7410358565737052, 0.8565737051792829, 0.852589641434263, 0.50199203187251]
Score of training (classical) [0.7432567432567433, 0.8891108891108891, 0.8871128871128872, 0.4825174825174825]
Attempt  72
Score of validation 0.8565737051792829
Score of training 0.971028971028971
Score of validation (classical) [0.7091633466135459, 0.8326693227091634, 0.848605577689243, 0.5179282868525896]
Score of training (classical) [0.7472527472527473, 0.8891108891108891, 0.8831168831168831, 0.4945054945054945]
Attempt  73
Score of validation 0.8844621513944223
Score of training 0.97002997002997
Score of validation (classical) [0.7290836653386454, 0.848605577689243, 0.8605577689243028, 0.47808764940239046]
Score of training (classical) [0.7422577422577422, 0.8711288711288712, 0.8701298701298701, 0.4985014985014985]
Attempt  74
Score of validation 0.900398406374502
Score of training 0.968031968031968
Score of validation (classical) [0.749003984063745, 0.852589641434263, 0.8605577689243028, 0.47808764940239046]
Score of training (classical) [0.7202797202797203, 0.8701298701298701, 0.8731268731268731, 0.4745254745254745]
Attempt  75
Score of validation 0.8764940239043825
Score of training 0.974025974025974
Score of validation (classical) [0.7370517928286853, 0.8565737051792829, 0.8645418326693227, 0.49800796812749004]
Score of training (classical) [0.7342657342657343, 0.8691308691308691, 0.8791208791208791, 0.46253746253746253]
Attempt  76
Score of validation 0.8844621513944223
Score of training 0.971028971028971
Score of validation (classical) [0.7410358565737052, 0.8685258964143426, 0.8725099601593626, 0.5179282868525896]
Score of training (classical) [0.7322677322677322, 0.8891108891108891, 0.8861138861138861, 0.4855144855144855]
Attempt  77
Score of validation 0.8725099601593626
Score of training 0.973026973026973
Score of validation (classical) [0.7370517928286853, 0.8565737051792829, 0.8565737051792829, 0.5099601593625498]
Score of training (classical) [0.7392607392607392, 0.8881118881118881, 0.8841158841158842, 0.5194805194805194]
Attempt  78
Score of validation 0.9203187250996016
Score of training 0.973026973026973
Score of validation (classical) [0.8007968127490039, 0.9083665338645418, 0.9163346613545816, 0.46215139442231074]
Score of training (classical) [0.7222777222777222, 0.8631368631368631, 0.8681318681318682, 0.4725274725274725]
Attempt  79
Score of validation 0.848605577689243
Score of training 0.974025974025974
Score of validation (classical) [0.6932270916334662, 0.848605577689243, 0.8446215139442231, 0.4900398406374502]
Score of training (classical) [0.7532467532467533, 0.8801198801198801, 0.8811188811188811, 0.5354645354645354]
Attempt  80
Score of validation 0.8844621513944223
Score of training 0.968031968031968
Score of validation (classical) [0.7330677290836654, 0.8685258964143426, 0.8685258964143426, 0.44223107569721115]
Score of training (classical) [0.7312687312687313, 0.8621378621378621, 0.8691308691308691, 0.47652347652347654]
Attempt  81
Score of validation 0.8645418326693227
Score of training 0.975024975024975
Score of validation (classical) [0.7410358565737052, 0.848605577689243, 0.8645418326693227, 0.4940239043824701]
Score of training (classical) [0.7462537462537463, 0.8901098901098901, 0.8801198801198801, 0.48451548451548454]
Attempt  82
Score of validation 0.9163346613545816
Score of training 0.967032967032967
Score of validation (classical) [0.8047808764940239, 0.896414342629482, 0.9163346613545816, 0.4820717131474104]
Score of training (classical) [0.7192807192807192, 0.8881118881118881, 0.8851148851148851, 0.45254745254745254]
Attempt  83
Score of validation 0.8884462151394422
Score of training 0.971028971028971
Score of validation (classical) [0.6693227091633466, 0.8406374501992032, 0.8406374501992032, 0.4900398406374502]
Score of training (classical) [0.7362637362637363, 0.8731268731268731, 0.8731268731268731, 0.5314685314685315]
Attempt  84
Score of validation 0.8565737051792829
Score of training 0.972027972027972
Score of validation (classical) [0.7211155378486056, 0.8685258964143426, 0.852589641434263, 0.47808764940239046]
Score of training (classical) [0.7442557442557443, 0.8711288711288712, 0.8761238761238761, 0.5044955044955045]
Attempt  85
Score of validation 0.8725099601593626
Score of training 0.971028971028971
Score of validation (classical) [0.7569721115537849, 0.8446215139442231, 0.8406374501992032, 0.5617529880478087]
Score of training (classical) [0.7482517482517482, 0.8941058941058941, 0.8901098901098901, 0.47952047952047955]
Attempt  86
Score of validation 0.8844621513944223
Score of training 0.973026973026973
Score of validation (classical) [0.7250996015936255, 0.8406374501992032, 0.8565737051792829, 0.5059760956175299]
Score of training (classical) [0.7592407592407593, 0.8731268731268731, 0.8721278721278721, 0.4805194805194805]
Attempt  87
Score of validation 0.8884462151394422
Score of training 0.973026973026973
Score of validation (classical) [0.7410358565737052, 0.8884462151394422, 0.896414342629482, 0.46215139442231074]
Score of training (classical) [0.7382617382617382, 0.8831168831168831, 0.8871128871128872, 0.4885114885114885]
Attempt  88
Score of validation 0.852589641434263
Score of training 0.975024975024975
Score of validation (classical) [0.7211155378486056, 0.8366533864541833, 0.8286852589641435, 0.47808764940239046]
Score of training (classical) [0.7452547452547452, 0.8651348651348651, 0.8701298701298701, 0.5034965034965035]
Attempt  89
Score of validation 0.896414342629482
Score of training 0.9630369630369631
Score of validation (classical) [0.7131474103585658, 0.8565737051792829, 0.8605577689243028, 0.47410358565737054]
Score of training (classical) [0.7552447552447552, 0.8781218781218781, 0.8731268731268731, 0.4975024975024975]
Attempt  90
Score of validation 0.8924302788844621
Score of training 0.9600399600399601
Score of validation (classical) [0.7529880478087649, 0.8804780876494024, 0.8804780876494024, 0.5179282868525896]
Score of training (classical) [0.7382617382617382, 0.8671328671328671, 0.8721278721278721, 0.4745254745254745]
Attempt  91
Score of validation 0.896414342629482
Score of training 0.968031968031968
Score of validation (classical) [0.7330677290836654, 0.8565737051792829, 0.852589641434263, 0.5059760956175299]
Score of training (classical) [0.7422577422577422, 0.8751248751248751, 0.8761238761238761, 0.5094905094905094]
Attempt  92
Score of validation 0.8844621513944223
Score of training 0.9690309690309691
Score of validation (classical) [0.7131474103585658, 0.8565737051792829, 0.852589641434263, 0.47808764940239046]
Score of training (classical) [0.7512487512487512, 0.8861138861138861, 0.8851148851148851, 0.5074925074925075]
Attempt  93
Score of validation 0.900398406374502
Score of training 0.97002997002997
Score of validation (classical) [0.7131474103585658, 0.8725099601593626, 0.8605577689243028, 0.46613545816733065]
Score of training (classical) [0.7392607392607392, 0.8821178821178821, 0.8841158841158842, 0.5304695304695305]
Attempt  94
Score of validation 0.8685258964143426
Score of training 0.9690309690309691
Score of validation (classical) [0.7370517928286853, 0.8326693227091634, 0.8326693227091634, 0.47808764940239046]
Score of training (classical) [0.7402597402597403, 0.8691308691308691, 0.8701298701298701, 0.47652347652347654]
Attempt  95
Score of validation 0.8804780876494024
Score of training 0.971028971028971
Score of validation (classical) [0.7330677290836654, 0.8446215139442231, 0.8605577689243028, 0.5099601593625498]
Score of training (classical) [0.7402597402597403, 0.8711288711288712, 0.8711288711288712, 0.4855144855144855]
Attempt  96
Score of validation 0.900398406374502
Score of training 0.9690309690309691
Score of validation (classical) [0.7928286852589641, 0.8764940239043825, 0.8924302788844621, 0.4820717131474104]
Score of training (classical) [0.7252747252747253, 0.8681318681318682, 0.8561438561438561, 0.4745254745254745]
Attempt  97
Score of validation 0.8605577689243028
Score of training 0.964035964035964
Score of validation (classical) [0.7330677290836654, 0.8446215139442231, 0.8565737051792829, 0.50199203187251]
Score of training (classical) [0.7402597402597403, 0.8701298701298701, 0.8741258741258742, 0.47652347652347654]
Attempt  98
Score of validation 0.8884462151394422
Score of training 0.968031968031968
Score of validation (classical) [0.7729083665338645, 0.8804780876494024, 0.8844621513944223, 0.4860557768924303]
Score of training (classical) [0.7282717282717283, 0.8681318681318682, 0.8741258741258742, 0.46653346653346656]
Attempt  99
Score of validation 0.8884462151394422
Score of training 0.972027972027972
Score of validation (classical) [0.7211155378486056, 0.8685258964143426, 0.8605577689243028, 0.4900398406374502]
Score of training (classical) [0.7342657342657343, 0.8931068931068931, 0.8751248751248751, 0.5104895104895105]
Attempt  100
Score of validation 0.8884462151394422
Score of training 0.972027972027972
Score of validation (classical) [0.7410358565737052, 0.8764940239043825, 0.896414342629482, 0.4860557768924303]
Score of training (classical) [0.7432567432567433, 0.8721278721278721, 0.8741258741258742, 0.4855144855144855]
Attempt  101
Score of validation 0.900398406374502
Score of training 0.962037962037962
Score of validation (classical) [0.6972111553784861, 0.8605577689243028, 0.8725099601593626, 0.5258964143426295]
Score of training (classical) [0.7382617382617382, 0.8681318681318682, 0.8801198801198801, 0.4865134865134865]
Attempt  102
Score of validation 0.896414342629482
Score of training 0.974025974025974
Score of validation (classical) [0.7569721115537849, 0.8764940239043825, 0.8685258964143426, 0.5219123505976095]
Score of training (classical) [0.7192807192807192, 0.8931068931068931, 0.8861138861138861, 0.48451548451548454]
Attempt  103
Score of validation 0.9043824701195219
Score of training 0.97002997002997
Score of validation (classical) [0.7609561752988048, 0.848605577689243, 0.852589641434263, 0.5099601593625498]
Score of training (classical) [0.7402597402597403, 0.8711288711288712, 0.8751248751248751, 0.4925074925074925]
Attempt  104
Score of validation 0.8844621513944223
Score of training 0.9760239760239761
Score of validation (classical) [0.701195219123506, 0.8764940239043825, 0.8884462151394422, 0.50199203187251]
Score of training (classical) [0.7542457542457542, 0.8691308691308691, 0.8731268731268731, 0.47952047952047955]
Attempt  105
Score of validation 0.8645418326693227
Score of training 0.971028971028971
Score of validation (classical) [0.7370517928286853, 0.8764940239043825, 0.8804780876494024, 0.4581673306772908]
Score of training (classical) [0.7492507492507493, 0.8651348651348651, 0.8681318681318682, 0.48951048951048953]
Attempt  106
Score of validation 0.8884462151394422
Score of training 0.9660339660339661
Score of validation (classical) [0.7131474103585658, 0.8605577689243028, 0.8565737051792829, 0.4900398406374502]
Score of training (classical) [0.7512487512487512, 0.8751248751248751, 0.8821178821178821, 0.4995004995004995]
Attempt  107
Score of validation 0.9083665338645418
Score of training 0.97002997002997
Score of validation (classical) [0.749003984063745, 0.848605577689243, 0.848605577689243, 0.5179282868525896]
Score of training (classical) [0.7472527472527473, 0.8721278721278721, 0.8661338661338661, 0.4745254745254745]
Attempt  108
Score of validation 0.8764940239043825
Score of training 0.974025974025974
Score of validation (classical) [0.7250996015936255, 0.848605577689243, 0.8565737051792829, 0.4900398406374502]
Score of training (classical) [0.7482517482517482, 0.8681318681318682, 0.8661338661338661, 0.4785214785214785]
Attempt  109
Score of validation 0.8565737051792829
Score of training 0.97002997002997
Score of validation (classical) [0.6892430278884463, 0.8247011952191236, 0.8207171314741036, 0.5258964143426295]
Score of training (classical) [0.7422577422577422, 0.8691308691308691, 0.8721278721278721, 0.5084915084915085]
Attempt  110
Score of validation 0.9043824701195219
Score of training 0.962037962037962
Score of validation (classical) [0.7450199203187251, 0.848605577689243, 0.848605577689243, 0.4581673306772908]
Score of training (classical) [0.7422577422577422, 0.8791208791208791, 0.8861138861138861, 0.4885114885114885]
Attempt  111
Score of validation 0.8884462151394422
Score of training 0.973026973026973
Score of validation (classical) [0.7370517928286853, 0.8565737051792829, 0.8685258964143426, 0.4940239043824701]
Score of training (classical) [0.7292707292707292, 0.8871128871128872, 0.8721278721278721, 0.5064935064935064]
Attempt  112
Score of validation 0.8605577689243028
Score of training 0.971028971028971
Score of validation (classical) [0.7131474103585658, 0.8406374501992032, 0.8406374501992032, 0.5219123505976095]
Score of training (classical) [0.7552447552447552, 0.8851148851148851, 0.8891108891108891, 0.5214785214785215]
Attempt  113
Score of validation 0.9203187250996016
Score of training 0.967032967032967
Score of validation (classical) [0.7808764940239044, 0.8725099601593626, 0.8844621513944223, 0.5219123505976095]
Score of training (classical) [0.7442557442557443, 0.8661338661338661, 0.8711288711288712, 0.4905094905094905]
Attempt  114
Score of validation 0.8725099601593626
Score of training 0.967032967032967
Score of validation (classical) [0.7410358565737052, 0.8047808764940239, 0.8167330677290837, 0.5139442231075697]
Score of training (classical) [0.7502497502497503, 0.8811188811188811, 0.8921078921078921, 0.5024975024975025]
Attempt  115
Score of validation 0.9083665338645418
Score of training 0.968031968031968
Score of validation (classical) [0.7410358565737052, 0.8725099601593626, 0.896414342629482, 0.5099601593625498]
Score of training (classical) [0.7372627372627373, 0.8691308691308691, 0.8701298701298701, 0.4875124875124875]
Attempt  116
Score of validation 0.8645418326693227
Score of training 0.9660339660339661
Score of validation (classical) [0.6852589641434262, 0.8406374501992032, 0.8247011952191236, 0.5378486055776892]
Score of training (classical) [0.7602397602397603, 0.8751248751248751, 0.8701298701298701, 0.5064935064935064]
Attempt  117
Score of validation 0.8446215139442231
Score of training 0.97002997002997
Score of validation (classical) [0.6653386454183267, 0.796812749003984, 0.8127490039840638, 0.450199203187251]
Score of training (classical) [0.7552447552447552, 0.8781218781218781, 0.8731268731268731, 0.5324675324675324]
Attempt  118
Score of validation 0.8645418326693227
Score of training 0.968031968031968
Score of validation (classical) [0.6812749003984063, 0.848605577689243, 0.852589641434263, 0.47808764940239046]
Score of training (classical) [0.7512487512487512, 0.8741258741258742, 0.8821178821178821, 0.5084915084915085]
Attempt  119
Score of validation 0.8685258964143426
Score of training 0.972027972027972
Score of validation (classical) [0.7529880478087649, 0.8565737051792829, 0.8645418326693227, 0.5298804780876494]
Score of training (classical) [0.7382617382617382, 0.8791208791208791, 0.8831168831168831, 0.47052947052947053]
Attempt  120
Score of validation 0.8844621513944223
Score of training 0.964035964035964
Score of validation (classical) [0.6772908366533864, 0.848605577689243, 0.8645418326693227, 0.4940239043824701]
Score of training (classical) [0.7622377622377622, 0.8651348651348651, 0.8721278721278721, 0.5144855144855145]
Attempt  121
Score of validation 0.9123505976095617
Score of training 0.965034965034965
Score of validation (classical) [0.7131474103585658, 0.8605577689243028, 0.8685258964143426, 0.549800796812749]
Score of training (classical) [0.7572427572427572, 0.8641358641358642, 0.8601398601398601, 0.4985014985014985]
Attempt  122
Score of validation 0.8764940239043825
Score of training 0.972027972027972
Score of validation (classical) [0.7051792828685259, 0.848605577689243, 0.8605577689243028, 0.5577689243027888]
Score of training (classical) [0.7472527472527473, 0.8841158841158842, 0.8831168831168831, 0.5174825174825175]
Attempt  123
Score of validation 0.900398406374502
Score of training 0.965034965034965
Score of validation (classical) [0.7450199203187251, 0.8605577689243028, 0.8764940239043825, 0.4541832669322709]
Score of training (classical) [0.7522477522477522, 0.8661338661338661, 0.8731268731268731, 0.47652347652347654]
Attempt  124
Score of validation 0.8844621513944223
Score of training 0.977022977022977
Score of validation (classical) [0.6932270916334662, 0.8366533864541833, 0.8366533864541833, 0.4820717131474104]
Score of training (classical) [0.7562437562437563, 0.8671328671328671, 0.8681318681318682, 0.5074925074925075]
Attempt  125
Score of validation 0.8844621513944223
Score of training 0.9760239760239761
Score of validation (classical) [0.7091633466135459, 0.8884462151394422, 0.8924302788844621, 0.4701195219123506]
Score of training (classical) [0.7372627372627373, 0.8651348651348651, 0.8801198801198801, 0.4775224775224775]
Attempt  126
Score of validation 0.9043824701195219
Score of training 0.9660339660339661
Score of validation (classical) [0.7729083665338645, 0.8844621513944223, 0.8804780876494024, 0.4541832669322709]
Score of training (classical) [0.7202797202797203, 0.8651348651348651, 0.8751248751248751, 0.4865134865134865]
Attempt  127
Score of validation 0.9243027888446215
Score of training 0.967032967032967
Score of validation (classical) [0.7649402390438247, 0.8725099601593626, 0.8764940239043825, 0.4940239043824701]
Score of training (classical) [0.7312687312687313, 0.8771228771228772, 0.8761238761238761, 0.4645354645354645]
Attempt  128
Score of validation 0.8924302788844621
Score of training 0.964035964035964
Score of validation (classical) [0.7808764940239044, 0.8605577689243028, 0.8764940239043825, 0.4860557768924303]
Score of training (classical) [0.7252747252747253, 0.8581418581418582, 0.8741258741258742, 0.4755244755244755]
Attempt  129
Score of validation 0.8645418326693227
Score of training 0.973026973026973
Score of validation (classical) [0.7250996015936255, 0.8406374501992032, 0.8366533864541833, 0.4940239043824701]
Score of training (classical) [0.7562437562437563, 0.8891108891108891, 0.8901098901098901, 0.5024975024975025]
Attempt  130
Score of validation 0.8764940239043825
Score of training 0.9690309690309691
Score of validation (classical) [0.6932270916334662, 0.8247011952191236, 0.8326693227091634, 0.4940239043824701]
Score of training (classical) [0.7412587412587412, 0.8711288711288712, 0.8721278721278721, 0.4855144855144855]
Attempt  131
Score of validation 0.9083665338645418
Score of training 0.974025974025974
Score of validation (classical) [0.7290836653386454, 0.8924302788844621, 0.9043824701195219, 0.4940239043824701]
Score of training (classical) [0.7372627372627373, 0.8751248751248751, 0.8781218781218781, 0.47952047952047955]
Attempt  132
Score of validation 0.8884462151394422
Score of training 0.9690309690309691
Score of validation (classical) [0.8007968127490039, 0.8924302788844621, 0.896414342629482, 0.50199203187251]
Score of training (classical) [0.7402597402597403, 0.8621378621378621, 0.8671328671328671, 0.4945054945054945]
Attempt  133
Score of validation 0.9043824701195219
Score of training 0.972027972027972
Score of validation (classical) [0.6892430278884463, 0.8326693227091634, 0.8565737051792829, 0.47410358565737054]
Score of training (classical) [0.7692307692307693, 0.8741258741258742, 0.8851148851148851, 0.5354645354645354]
Attempt  134
Score of validation 0.9043824701195219
Score of training 0.973026973026973
Score of validation (classical) [0.7171314741035857, 0.852589641434263, 0.8446215139442231, 0.47808764940239046]
Score of training (classical) [0.7442557442557443, 0.8641358641358642, 0.8611388611388612, 0.4745254745254745]
Attempt  135
Score of validation 0.8725099601593626
Score of training 0.97002997002997
Score of validation (classical) [0.7051792828685259, 0.8007968127490039, 0.8087649402390438, 0.44621513944223107]
Score of training (classical) [0.7632367632367633, 0.8781218781218781, 0.8761238761238761, 0.47652347652347654]
Attempt  136
Score of validation 0.8725099601593626
Score of training 0.974025974025974
Score of validation (classical) [0.7290836653386454, 0.8247011952191236, 0.8207171314741036, 0.4900398406374502]
Score of training (classical) [0.7352647352647352, 0.8731268731268731, 0.8671328671328671, 0.4755244755244755]
Attempt  137
Score of validation 0.8725099601593626
Score of training 0.97002997002997
Score of validation (classical) [0.7171314741035857, 0.8605577689243028, 0.8645418326693227, 0.5059760956175299]
Score of training (classical) [0.7432567432567433, 0.8681318681318682, 0.8761238761238761, 0.5004995004995005]
Attempt  138
Score of validation 0.8685258964143426
Score of training 0.971028971028971
Score of validation (classical) [0.7410358565737052, 0.8446215139442231, 0.8764940239043825, 0.4541832669322709]
Score of training (classical) [0.7292707292707292, 0.8721278721278721, 0.8861138861138861, 0.4675324675324675]
Attempt  139
Score of validation 0.8844621513944223
Score of training 0.973026973026973
Score of validation (classical) [0.7211155378486056, 0.8565737051792829, 0.8446215139442231, 0.46215139442231074]
Score of training (classical) [0.7412587412587412, 0.8661338661338661, 0.8651348651348651, 0.48951048951048953]
Attempt  140
Score of validation 0.900398406374502
Score of training 0.972027972027972
Score of validation (classical) [0.7848605577689243, 0.8764940239043825, 0.8764940239043825, 0.4940239043824701]
Score of training (classical) [0.7142857142857143, 0.8701298701298701, 0.8771228771228772, 0.4835164835164835]
Attempt  141
Score of validation 0.8685258964143426
Score of training 0.97002997002997
Score of validation (classical) [0.7370517928286853, 0.8924302788844621, 0.8804780876494024, 0.47410358565737054]
Score of training (classical) [0.7462537462537463, 0.8611388611388612, 0.8731268731268731, 0.47652347652347654]
Attempt  142
Score of validation 0.9123505976095617
Score of training 0.972027972027972
Score of validation (classical) [0.7689243027888446, 0.8685258964143426, 0.8804780876494024, 0.450199203187251]
Score of training (classical) [0.7372627372627373, 0.8661338661338661, 0.8711288711288712, 0.4675324675324675]
Attempt  143
Score of validation 0.8565737051792829
Score of training 0.97002997002997
Score of validation (classical) [0.7290836653386454, 0.8366533864541833, 0.8406374501992032, 0.46215139442231074]
Score of training (classical) [0.7492507492507493, 0.8701298701298701, 0.8691308691308691, 0.4945054945054945]
Attempt  144
Score of validation 0.8924302788844621
Score of training 0.967032967032967
Score of validation (classical) [0.7410358565737052, 0.8685258964143426, 0.8725099601593626, 0.5298804780876494]
Score of training (classical) [0.7312687312687313, 0.8771228771228772, 0.8751248751248751, 0.4945054945054945]
Attempt  145
Score of validation 0.8764940239043825
Score of training 0.975024975024975
Score of validation (classical) [0.7410358565737052, 0.8685258964143426, 0.8804780876494024, 0.4860557768924303]
Score of training (classical) [0.7422577422577422, 0.8701298701298701, 0.8741258741258742, 0.47352647352647353]
Attempt  146
Score of validation 0.8725099601593626
Score of training 0.975024975024975
Score of validation (classical) [0.701195219123506, 0.8884462151394422, 0.8844621513944223, 0.5418326693227091]
Score of training (classical) [0.7402597402597403, 0.8811188811188811, 0.8741258741258742, 0.5014985014985015]
Attempt  147
Score of validation 0.9083665338645418
Score of training 0.965034965034965
Score of validation (classical) [0.7450199203187251, 0.848605577689243, 0.8645418326693227, 0.46215139442231074]
Score of training (classical) [0.7452547452547452, 0.8711288711288712, 0.8651348651348651, 0.5064935064935064]
Attempt  148
Score of validation 0.9123505976095617
Score of training 0.971028971028971
Score of validation (classical) [0.6932270916334662, 0.8605577689243028, 0.852589641434263, 0.47808764940239046]
Score of training (classical) [0.7572427572427572, 0.8711288711288712, 0.8621378621378621, 0.4985014985014985]
Attempt  149
Score of validation 0.8884462151394422
Score of training 0.9690309690309691
Score of validation (classical) [0.7330677290836654, 0.8645418326693227, 0.8924302788844621, 0.47410358565737054]
Score of training (classical) [0.7292707292707292, 0.8691308691308691, 0.8721278721278721, 0.47952047952047955]
Attempt  150
Score of validation 0.8725099601593626
Score of training 0.964035964035964
Score of validation (classical) [0.7330677290836654, 0.852589641434263, 0.8565737051792829, 0.43824701195219123]
Score of training (classical) [0.7192807192807192, 0.8881118881118881, 0.8891108891108891, 0.5154845154845155]
Attempt  151
Score of validation 0.8884462151394422
Score of training 0.9660339660339661
Score of validation (classical) [0.7211155378486056, 0.8725099601593626, 0.8605577689243028, 0.5179282868525896]
Score of training (classical) [0.7372627372627373, 0.8771228771228772, 0.8801198801198801, 0.5044955044955045]
Attempt  152
Score of validation 0.8804780876494024
Score of training 0.9690309690309691
Score of validation (classical) [0.7370517928286853, 0.8406374501992032, 0.8565737051792829, 0.5139442231075697]
Score of training (classical) [0.7342657342657343, 0.8731268731268731, 0.8631368631368631, 0.46053946053946054]
Attempt  153
Score of validation 0.8844621513944223
Score of training 0.9690309690309691
Score of validation (classical) [0.749003984063745, 0.848605577689243, 0.848605577689243, 0.4900398406374502]
Score of training (classical) [0.7452547452547452, 0.8911088911088911, 0.8841158841158842, 0.48151848151848153]
Attempt  154
Score of validation 0.8844621513944223
Score of training 0.9790209790209791
Score of validation (classical) [0.7091633466135459, 0.8366533864541833, 0.8366533864541833, 0.4302788844621514]
Score of training (classical) [0.7472527472527473, 0.8971028971028971, 0.8971028971028971, 0.5234765234765235]
Attempt  155
Score of validation 0.8924302788844621
Score of training 0.97002997002997
Score of validation (classical) [0.7450199203187251, 0.8685258964143426, 0.8804780876494024, 0.4342629482071713]
Score of training (classical) [0.7472527472527473, 0.8761238761238761, 0.8781218781218781, 0.4835164835164835]
Attempt  156
Score of validation 0.8924302788844621
Score of training 0.97002997002997
Score of validation (classical) [0.6972111553784861, 0.848605577689243, 0.8565737051792829, 0.47808764940239046]
Score of training (classical) [0.7302697302697303, 0.8681318681318682, 0.8711288711288712, 0.48951048951048953]
Attempt  157
Score of validation 0.900398406374502
Score of training 0.97002997002997
Score of validation (classical) [0.7370517928286853, 0.8326693227091634, 0.8406374501992032, 0.43824701195219123]
Score of training (classical) [0.7502497502497503, 0.8661338661338661, 0.8691308691308691, 0.4955044955044955]
Attempt  158
Score of validation 0.9163346613545816
Score of training 0.9690309690309691
Score of validation (classical) [0.7569721115537849, 0.8685258964143426, 0.8764940239043825, 0.4342629482071713]
Score of training (classical) [0.7522477522477522, 0.8711288711288712, 0.8811188811188811, 0.48951048951048953]
Attempt  159
Score of validation 0.9123505976095617
Score of training 0.9630369630369631
Score of validation (classical) [0.7370517928286853, 0.8804780876494024, 0.8804780876494024, 0.4900398406374502]
Score of training (classical) [0.7282717282717283, 0.8671328671328671, 0.8751248751248751, 0.4745254745254745]
Attempt  160
Score of validation 0.8764940239043825
Score of training 0.974025974025974
Score of validation (classical) [0.7131474103585658, 0.852589641434263, 0.8605577689243028, 0.5139442231075697]
Score of training (classical) [0.7462537462537463, 0.8821178821178821, 0.8841158841158842, 0.5094905094905094]
Attempt  161
Score of validation 0.8685258964143426
Score of training 0.973026973026973
Score of validation (classical) [0.7330677290836654, 0.8247011952191236, 0.848605577689243, 0.46215139442231074]
Score of training (classical) [0.7502497502497503, 0.8771228771228772, 0.8921078921078921, 0.4935064935064935]
Attempt  162
Score of validation 0.8685258964143426
Score of training 0.97002997002997
Score of validation (classical) [0.7250996015936255, 0.896414342629482, 0.8884462151394422, 0.5179282868525896]
Score of training (classical) [0.7442557442557443, 0.8691308691308691, 0.8671328671328671, 0.4885114885114885]
Attempt  163
Score of validation 0.8844621513944223
Score of training 0.971028971028971
Score of validation (classical) [0.7410358565737052, 0.8406374501992032, 0.8286852589641435, 0.47808764940239046]
Score of training (classical) [0.7472527472527473, 0.8641358641358642, 0.8641358641358642, 0.4985014985014985]
Attempt  164
Score of validation 0.8884462151394422
Score of training 0.971028971028971
Score of validation (classical) [0.7290836653386454, 0.8565737051792829, 0.848605577689243, 0.5099601593625498]
Score of training (classical) [0.7312687312687313, 0.8831168831168831, 0.8801198801198801, 0.5444555444555444]
Attempt  165
Score of validation 0.8565737051792829
Score of training 0.9690309690309691
Score of validation (classical) [0.7171314741035857, 0.8685258964143426, 0.8645418326693227, 0.5179282868525896]
Score of training (classical) [0.7402597402597403, 0.8671328671328671, 0.8761238761238761, 0.5104895104895105]
Attempt  166
Score of validation 0.8764940239043825
Score of training 0.97002997002997
Score of validation (classical) [0.7250996015936255, 0.8804780876494024, 0.8725099601593626, 0.50199203187251]
Score of training (classical) [0.7532467532467533, 0.8771228771228772, 0.8681318681318682, 0.5154845154845155]
Attempt  167
Score of validation 0.8884462151394422
Score of training 0.971028971028971
Score of validation (classical) [0.7450199203187251, 0.8685258964143426, 0.8804780876494024, 0.5258964143426295]
Score of training (classical) [0.7202797202797203, 0.8911088911088911, 0.8831168831168831, 0.46553446553446554]
Attempt  168
Score of validation 0.852589641434263
Score of training 0.97002997002997
Score of validation (classical) [0.7091633466135459, 0.8645418326693227, 0.8605577689243028, 0.549800796812749]
Score of training (classical) [0.7382617382617382, 0.8891108891108891, 0.8821178821178821, 0.5174825174825175]
Attempt  169
Score of validation 0.8685258964143426
Score of training 0.973026973026973
Score of validation (classical) [0.7370517928286853, 0.8446215139442231, 0.8406374501992032, 0.50199203187251]
Score of training (classical) [0.7442557442557443, 0.8621378621378621, 0.8761238761238761, 0.4865134865134865]
Attempt  170
Score of validation 0.900398406374502
Score of training 0.9690309690309691
Score of validation (classical) [0.7171314741035857, 0.8565737051792829, 0.848605577689243, 0.5059760956175299]
Score of training (classical) [0.7342657342657343, 0.8831168831168831, 0.8871128871128872, 0.5064935064935064]
Attempt  171
Score of validation 0.8884462151394422
Score of training 0.9690309690309691
Score of validation (classical) [0.7529880478087649, 0.8844621513944223, 0.8804780876494024, 0.4581673306772908]
Score of training (classical) [0.7412587412587412, 0.8591408591408591, 0.8701298701298701, 0.4885114885114885]
Attempt  172
Score of validation 0.900398406374502
Score of training 0.965034965034965
Score of validation (classical) [0.7529880478087649, 0.8645418326693227, 0.8685258964143426, 0.5298804780876494]
Score of training (classical) [0.7322677322677322, 0.8641358641358642, 0.8641358641358642, 0.4985014985014985]
Attempt  173
Score of validation 0.8725099601593626
Score of training 0.965034965034965
Score of validation (classical) [0.7569721115537849, 0.8645418326693227, 0.8764940239043825, 0.5139442231075697]
Score of training (classical) [0.7372627372627373, 0.8881118881118881, 0.8821178821178821, 0.4965034965034965]
Attempt  174
Score of validation 0.8685258964143426
Score of training 0.973026973026973
Score of validation (classical) [0.6812749003984063, 0.8446215139442231, 0.8446215139442231, 0.4820717131474104]
Score of training (classical) [0.7392607392607392, 0.8701298701298701, 0.8741258741258742, 0.5054945054945055]
Attempt  175
Score of validation 0.8565737051792829
Score of training 0.97002997002997
Score of validation (classical) [0.7768924302788844, 0.8924302788844621, 0.900398406374502, 0.5059760956175299]
Score of training (classical) [0.7322677322677322, 0.8651348651348651, 0.8691308691308691, 0.46253746253746253]
Attempt  176
Score of validation 0.896414342629482
Score of training 0.967032967032967
Score of validation (classical) [0.7529880478087649, 0.896414342629482, 0.8685258964143426, 0.4820717131474104]
Score of training (classical) [0.7242757242757243, 0.8861138861138861, 0.8821178821178821, 0.4885114885114885]
Attempt  177
Score of validation 0.8804780876494024
Score of training 0.967032967032967
Score of validation (classical) [0.7171314741035857, 0.848605577689243, 0.8565737051792829, 0.5139442231075697]
Score of training (classical) [0.7522477522477522, 0.8781218781218781, 0.8861138861138861, 0.46353646353646355]
Attempt  178
Score of validation 0.8565737051792829
Score of training 0.967032967032967
Score of validation (classical) [0.7370517928286853, 0.8685258964143426, 0.8764940239043825, 0.47410358565737054]
Score of training (classical) [0.7322677322677322, 0.8621378621378621, 0.8691308691308691, 0.4785214785214785]
Attempt  179
Score of validation 0.8725099601593626
Score of training 0.9760239760239761
Score of validation (classical) [0.7171314741035857, 0.8406374501992032, 0.8366533864541833, 0.5179282868525896]
Score of training (classical) [0.7482517482517482, 0.8881118881118881, 0.8871128871128872, 0.5044955044955045]
Attempt  180
Score of validation 0.8804780876494024
Score of training 0.972027972027972
Score of validation (classical) [0.7370517928286853, 0.852589641434263, 0.8605577689243028, 0.5219123505976095]
Score of training (classical) [0.7562437562437563, 0.8841158841158842, 0.8741258741258742, 0.4925074925074925]
Attempt  181
Score of validation 0.8764940239043825
Score of training 0.972027972027972
Score of validation (classical) [0.7290836653386454, 0.8725099601593626, 0.8764940239043825, 0.47808764940239046]
Score of training (classical) [0.7532467532467533, 0.8571428571428571, 0.8561438561438561, 0.4925074925074925]
Attempt  182
Score of validation 0.8645418326693227
Score of training 0.97002997002997
Score of validation (classical) [0.7450199203187251, 0.8286852589641435, 0.8366533864541833, 0.5059760956175299]
Score of training (classical) [0.7492507492507493, 0.8861138861138861, 0.8881118881118881, 0.4825174825174825]
Attempt  183
Score of validation 0.896414342629482
Score of training 0.968031968031968
Score of validation (classical) [0.7370517928286853, 0.848605577689243, 0.852589641434263, 0.5059760956175299]
Score of training (classical) [0.7352647352647352, 0.8871128871128872, 0.8801198801198801, 0.46253746253746253]
Attempt  184
Score of validation 0.8924302788844621
Score of training 0.968031968031968
Score of validation (classical) [0.7171314741035857, 0.8605577689243028, 0.8645418326693227, 0.5219123505976095]
Score of training (classical) [0.7332667332667333, 0.8881118881118881, 0.8801198801198801, 0.4915084915084915]
Attempt  185
Score of validation 0.8804780876494024
Score of training 0.972027972027972
Score of validation (classical) [0.7250996015936255, 0.8326693227091634, 0.8366533864541833, 0.5099601593625498]
Score of training (classical) [0.7532467532467533, 0.8771228771228772, 0.8831168831168831, 0.4885114885114885]
Attempt  186
Score of validation 0.896414342629482
Score of training 0.97002997002997
Score of validation (classical) [0.7609561752988048, 0.8804780876494024, 0.8884462151394422, 0.4940239043824701]
Score of training (classical) [0.7342657342657343, 0.8681318681318682, 0.8721278721278721, 0.46553446553446554]
Attempt  187
Score of validation 0.900398406374502
Score of training 0.9690309690309691
Score of validation (classical) [0.7450199203187251, 0.896414342629482, 0.8804780876494024, 0.49800796812749004]
Score of training (classical) [0.7382617382617382, 0.8851148851148851, 0.8851148851148851, 0.5054945054945055]
Attempt  188
Score of validation 0.8764940239043825
Score of training 0.97002997002997
Score of validation (classical) [0.7410358565737052, 0.8645418326693227, 0.8645418326693227, 0.47808764940239046]
Score of training (classical) [0.7382617382617382, 0.8631368631368631, 0.8761238761238761, 0.48451548451548454]
Attempt  189
Score of validation 0.8804780876494024
Score of training 0.9660339660339661
Score of validation (classical) [0.7330677290836654, 0.852589641434263, 0.852589641434263, 0.4701195219123506]
Score of training (classical) [0.7472527472527473, 0.8811188811188811, 0.8771228771228772, 0.5214785214785215]
Attempt  190
Score of validation 0.9043824701195219
Score of training 0.968031968031968
Score of validation (classical) [0.7330677290836654, 0.8605577689243028, 0.8645418326693227, 0.4820717131474104]
Score of training (classical) [0.7362637362637363, 0.8581418581418582, 0.8671328671328671, 0.4835164835164835]
Attempt  191
Score of validation 0.8645418326693227
Score of training 0.973026973026973
Score of validation (classical) [0.7290836653386454, 0.8286852589641435, 0.8326693227091634, 0.4900398406374502]
Score of training (classical) [0.7462537462537463, 0.8731268731268731, 0.8751248751248751, 0.4755244755244755]
Attempt  192
Score of validation 0.8685258964143426
Score of training 0.974025974025974
Score of validation (classical) [0.7131474103585658, 0.8645418326693227, 0.8725099601593626, 0.5099601593625498]
Score of training (classical) [0.7512487512487512, 0.8701298701298701, 0.8721278721278721, 0.4995004995004995]
Attempt  193
Score of validation 0.8924302788844621
Score of training 0.974025974025974
Score of validation (classical) [0.7370517928286853, 0.852589641434263, 0.848605577689243, 0.46613545816733065]
Score of training (classical) [0.7422577422577422, 0.8781218781218781, 0.8701298701298701, 0.4965034965034965]
Attempt  194
Score of validation 0.848605577689243
Score of training 0.977022977022977
Score of validation (classical) [0.7370517928286853, 0.8366533864541833, 0.8565737051792829, 0.5338645418326693]
Score of training (classical) [0.7572427572427572, 0.8751248751248751, 0.8781218781218781, 0.5084915084915085]
Attempt  195
Score of validation 0.8247011952191236
Score of training 0.97002997002997
Score of validation (classical) [0.6852589641434262, 0.8207171314741036, 0.8366533864541833, 0.44223107569721115]
Score of training (classical) [0.7392607392607392, 0.8841158841158842, 0.8791208791208791, 0.5184815184815185]
Attempt  196
Score of validation 0.8685258964143426
Score of training 0.97002997002997
Score of validation (classical) [0.7250996015936255, 0.8844621513944223, 0.8804780876494024, 0.4900398406374502]
Score of training (classical) [0.7262737262737263, 0.8851148851148851, 0.8761238761238761, 0.5024975024975025]
Attempt  197
Score of validation 0.896414342629482
Score of training 0.962037962037962
Score of validation (classical) [0.7808764940239044, 0.8764940239043825, 0.8804780876494024, 0.46215139442231074]
Score of training (classical) [0.7232767232767233, 0.8721278721278721, 0.8781218781218781, 0.4865134865134865]
Attempt  198
Score of validation 0.8844621513944223
Score of training 0.967032967032967
Score of validation (classical) [0.7330677290836654, 0.8725099601593626, 0.8804780876494024, 0.49800796812749004]
Score of training (classical) [0.7472527472527473, 0.8651348651348651, 0.8721278721278721, 0.5054945054945055]
Attempt  199
Score of validation 0.9203187250996016
Score of training 0.9690309690309691
Score of validation (classical) [0.7410358565737052, 0.8605577689243028, 0.8685258964143426, 0.4581673306772908]
Score of training (classical) [0.7312687312687313, 0.8721278721278721, 0.8751248751248751, 0.47152847152847155]
Attempt  200
Score of validation 0.852589641434263
Score of training 0.961038961038961
Score of validation (classical) [0.7171314741035857, 0.852589641434263, 0.852589641434263, 0.4701195219123506]
Score of training (classical) [0.7382617382617382, 0.8921078921078921, 0.8901098901098901, 0.48151848151848153]
Attempt  201
Score of validation 0.8804780876494024
Score of training 0.97002997002997
Score of validation (classical) [0.7689243027888446, 0.852589641434263, 0.8446215139442231, 0.5219123505976095]
Score of training (classical) [0.7412587412587412, 0.8741258741258742, 0.8841158841158842, 0.4835164835164835]
Attempt  202
Score of validation 0.8924302788844621
Score of training 0.967032967032967
Score of validation (classical) [0.7768924302788844, 0.8725099601593626, 0.896414342629482, 0.5219123505976095]
Score of training (classical) [0.7442557442557443, 0.8921078921078921, 0.8831168831168831, 0.5034965034965035]
Attempt  203
Score of validation 0.8844621513944223
Score of training 0.971028971028971
Score of validation (classical) [0.7091633466135459, 0.8565737051792829, 0.8685258964143426, 0.44621513944223107]
Score of training (classical) [0.7462537462537463, 0.8611388611388612, 0.8681318681318682, 0.5044955044955045]
Attempt  204
Score of validation 0.9043824701195219
Score of training 0.962037962037962
Score of validation (classical) [0.7091633466135459, 0.852589641434263, 0.852589641434263, 0.4820717131474104]
Score of training (classical) [0.7442557442557443, 0.8661338661338661, 0.8661338661338661, 0.5224775224775224]
Attempt  205
Score of validation 0.8605577689243028
Score of training 0.9690309690309691
Score of validation (classical) [0.7928286852589641, 0.848605577689243, 0.8685258964143426, 0.450199203187251]
Score of training (classical) [0.7452547452547452, 0.8801198801198801, 0.8841158841158842, 0.44255744255744256]
Attempt  206
Score of validation 0.9123505976095617
Score of training 0.973026973026973
Score of validation (classical) [0.7250996015936255, 0.8764940239043825, 0.8844621513944223, 0.46215139442231074]
Score of training (classical) [0.7502497502497503, 0.8741258741258742, 0.8791208791208791, 0.4885114885114885]
Attempt  207
Score of validation 0.9083665338645418
Score of training 0.964035964035964
Score of validation (classical) [0.7450199203187251, 0.900398406374502, 0.896414342629482, 0.49800796812749004]
Score of training (classical) [0.7252747252747253, 0.8831168831168831, 0.8751248751248751, 0.4925074925074925]
Attempt  208
Score of validation 0.9123505976095617
Score of training 0.97002997002997
Score of validation (classical) [0.7808764940239044, 0.896414342629482, 0.9043824701195219, 0.43824701195219123]
Score of training (classical) [0.7222777222777222, 0.8701298701298701, 0.8721278721278721, 0.48951048951048953]
Attempt  209
Score of validation 0.8924302788844621
Score of training 0.972027972027972
Score of validation (classical) [0.7250996015936255, 0.8446215139442231, 0.8446215139442231, 0.5139442231075697]
Score of training (classical) [0.7532467532467533, 0.8781218781218781, 0.8851148851148851, 0.4825174825174825]
Attempt  210
Score of validation 0.8764940239043825
Score of training 0.972027972027972
Score of validation (classical) [0.7250996015936255, 0.8286852589641435, 0.848605577689243, 0.4581673306772908]
Score of training (classical) [0.7492507492507493, 0.8671328671328671, 0.8681318681318682, 0.5074925074925075]
Attempt  211
Score of validation 0.8804780876494024
Score of training 0.973026973026973
Score of validation (classical) [0.6733067729083665, 0.8804780876494024, 0.8685258964143426, 0.44621513944223107]
Score of training (classical) [0.7362637362637363, 0.8621378621378621, 0.8691308691308691, 0.5024975024975025]
Attempt  212
Score of validation 0.9243027888446215
Score of training 0.9760239760239761
Score of validation (classical) [0.8127490039840638, 0.900398406374502, 0.9083665338645418, 0.4900398406374502]
Score of training (classical) [0.7382617382617382, 0.8671328671328671, 0.8791208791208791, 0.4965034965034965]
Attempt  213
Score of validation 0.9083665338645418
Score of training 0.967032967032967
Score of validation (classical) [0.7330677290836654, 0.8366533864541833, 0.8446215139442231, 0.49800796812749004]
Score of training (classical) [0.7302697302697303, 0.8691308691308691, 0.8651348651348651, 0.47052947052947053]
Attempt  214
Score of validation 0.8844621513944223
Score of training 0.9660339660339661
Score of validation (classical) [0.7211155378486056, 0.8645418326693227, 0.8446215139442231, 0.4581673306772908]
Score of training (classical) [0.7442557442557443, 0.8671328671328671, 0.8781218781218781, 0.48951048951048953]
Attempt  215
Score of validation 0.8924302788844621
Score of training 0.97002997002997
Score of validation (classical) [0.7131474103585658, 0.8446215139442231, 0.852589641434263, 0.5099601593625498]
Score of training (classical) [0.7452547452547452, 0.8761238761238761, 0.8741258741258742, 0.4975024975024975]
Attempt  216
Score of validation 0.9123505976095617
Score of training 0.972027972027972
Score of validation (classical) [0.7051792828685259, 0.8605577689243028, 0.8764940239043825, 0.4820717131474104]
Score of training (classical) [0.7492507492507493, 0.8701298701298701, 0.8811188811188811, 0.4905094905094905]
Attempt  217
Score of validation 0.8725099601593626
Score of training 0.97002997002997
Score of validation (classical) [0.7529880478087649, 0.852589641434263, 0.8685258964143426, 0.4900398406374502]
Score of training (classical) [0.7492507492507493, 0.8741258741258742, 0.8721278721278721, 0.4985014985014985]
Attempt  218
Score of validation 0.8725099601593626
Score of training 0.9690309690309691
Score of validation (classical) [0.701195219123506, 0.8326693227091634, 0.848605577689243, 0.5338645418326693]
Score of training (classical) [0.7642357642357642, 0.8721278721278721, 0.8611388611388612, 0.5284715284715285]
Attempt  219
Score of validation 0.8685258964143426
Score of training 0.971028971028971
Score of validation (classical) [0.7689243027888446, 0.8605577689243028, 0.8645418326693227, 0.49800796812749004]
Score of training (classical) [0.7372627372627373, 0.8691308691308691, 0.8801198801198801, 0.48151848151848153]
Attempt  220
Score of validation 0.9163346613545816
Score of training 0.972027972027972
Score of validation (classical) [0.7609561752988048, 0.8247011952191236, 0.8247011952191236, 0.4940239043824701]
Score of training (classical) [0.7472527472527473, 0.8691308691308691, 0.8711288711288712, 0.5004995004995005]
Attempt  221
Score of validation 0.9163346613545816
Score of training 0.968031968031968
Score of validation (classical) [0.7768924302788844, 0.8645418326693227, 0.8764940239043825, 0.5179282868525896]
Score of training (classical) [0.7332667332667333, 0.8761238761238761, 0.8771228771228772, 0.45754245754245754]
Attempt  222
Score of validation 0.8725099601593626
Score of training 0.967032967032967
Score of validation (classical) [0.7370517928286853, 0.8366533864541833, 0.848605577689243, 0.5298804780876494]
Score of training (classical) [0.7412587412587412, 0.8711288711288712, 0.8721278721278721, 0.48151848151848153]
Attempt  223
Score of validation 0.900398406374502
Score of training 0.971028971028971
Score of validation (classical) [0.7250996015936255, 0.8366533864541833, 0.8884462151394422, 0.42231075697211157]
Score of training (classical) [0.7372627372627373, 0.8631368631368631, 0.8681318681318682, 0.4835164835164835]
Attempt  224
Score of validation 0.8725099601593626
Score of training 0.973026973026973
Score of validation (classical) [0.7250996015936255, 0.8406374501992032, 0.8326693227091634, 0.4820717131474104]
Score of training (classical) [0.7442557442557443, 0.8971028971028971, 0.8931068931068931, 0.47952047952047955]
Attempt  225
Score of validation 0.9043824701195219
Score of training 0.9660339660339661
Score of validation (classical) [0.8007968127490039, 0.8884462151394422, 0.9043824701195219, 0.4940239043824701]
Score of training (classical) [0.7292707292707292, 0.8651348651348651, 0.8691308691308691, 0.47352647352647353]
Attempt  226
Score of validation 0.8844621513944223
Score of training 0.971028971028971
Score of validation (classical) [0.6932270916334662, 0.8406374501992032, 0.8446215139442231, 0.4581673306772908]
Score of training (classical) [0.7442557442557443, 0.8691308691308691, 0.8721278721278721, 0.5034965034965035]
Attempt  227
Score of validation 0.896414342629482
Score of training 0.9660339660339661
Score of validation (classical) [0.7450199203187251, 0.852589641434263, 0.8605577689243028, 0.49800796812749004]
Score of training (classical) [0.7362637362637363, 0.8641358641358642, 0.8671328671328671, 0.46853146853146854]
Attempt  228
Score of validation 0.8764940239043825
Score of training 0.973026973026973
Score of validation (classical) [0.7370517928286853, 0.8326693227091634, 0.8725099601593626, 0.5099601593625498]
Score of training (classical) [0.7602397602397603, 0.8721278721278721, 0.8911088911088911, 0.4925074925074925]
Attempt  229
Score of validation 0.8804780876494024
Score of training 0.978021978021978
Score of validation (classical) [0.7410358565737052, 0.8366533864541833, 0.848605577689243, 0.5258964143426295]
Score of training (classical) [0.7392607392607392, 0.8741258741258742, 0.8701298701298701, 0.48451548451548454]
Attempt  230
Score of validation 0.8844621513944223
Score of training 0.97002997002997
Score of validation (classical) [0.7370517928286853, 0.8605577689243028, 0.8605577689243028, 0.49800796812749004]
Score of training (classical) [0.7372627372627373, 0.8661338661338661, 0.8751248751248751, 0.4805194805194805]
Attempt  231
Score of validation 0.8844621513944223
Score of training 0.968031968031968
Score of validation (classical) [0.7848605577689243, 0.900398406374502, 0.9043824701195219, 0.46215139442231074]
Score of training (classical) [0.7442557442557443, 0.8641358641358642, 0.8591408591408591, 0.4975024975024975]
Attempt  232
Score of validation 0.8764940239043825
Score of training 0.972027972027972
Score of validation (classical) [0.7290836653386454, 0.7649402390438247, 0.7768924302788844, 0.4900398406374502]
Score of training (classical) [0.7602397602397603, 0.8871128871128872, 0.8851148851148851, 0.4675324675324675]
Attempt  233
Score of validation 0.8764940239043825
Score of training 0.9630369630369631
Score of validation (classical) [0.7370517928286853, 0.8764940239043825, 0.8804780876494024, 0.46215139442231074]
Score of training (classical) [0.7432567432567433, 0.8631368631368631, 0.8681318681318682, 0.4935064935064935]
Attempt  234
Score of validation 0.8366533864541833
Score of training 0.967032967032967
Score of validation (classical) [0.7091633466135459, 0.8247011952191236, 0.8207171314741036, 0.5537848605577689]
Score of training (classical) [0.7372627372627373, 0.8781218781218781, 0.8791208791208791, 0.4745254745254745]
Attempt  235
Score of validation 0.8605577689243028
Score of training 0.972027972027972
Score of validation (classical) [0.6772908366533864, 0.8366533864541833, 0.8167330677290837, 0.4900398406374502]
Score of training (classical) [0.7312687312687313, 0.8851148851148851, 0.8771228771228772, 0.5274725274725275]
Attempt  236
Score of validation 0.8884462151394422
Score of training 0.9660339660339661
Score of validation (classical) [0.7290836653386454, 0.8565737051792829, 0.8685258964143426, 0.44621513944223107]
Score of training (classical) [0.7462537462537463, 0.8651348651348651, 0.8671328671328671, 0.4945054945054945]
Attempt  237
Score of validation 0.8884462151394422
Score of training 0.9690309690309691
Score of validation (classical) [0.7171314741035857, 0.8804780876494024, 0.8685258964143426, 0.450199203187251]
Score of training (classical) [0.7462537462537463, 0.8851148851148851, 0.8781218781218781, 0.4785214785214785]
Attempt  238
Score of validation 0.8605577689243028
Score of training 0.9690309690309691
Score of validation (classical) [0.7290836653386454, 0.8326693227091634, 0.8366533864541833, 0.450199203187251]
Score of training (classical) [0.7372627372627373, 0.8651348651348651, 0.8661338661338661, 0.48951048951048953]
Attempt  239
Score of validation 0.9083665338645418
Score of training 0.973026973026973
Score of validation (classical) [0.7729083665338645, 0.8685258964143426, 0.8924302788844621, 0.47808764940239046]
Score of training (classical) [0.7252747252747253, 0.8681318681318682, 0.8711288711288712, 0.4745254745254745]
Attempt  240
Score of validation 0.8645418326693227
Score of training 0.97002997002997
Score of validation (classical) [0.7450199203187251, 0.8565737051792829, 0.8565737051792829, 0.47808764940239046]
Score of training (classical) [0.7322677322677322, 0.8631368631368631, 0.8691308691308691, 0.4985014985014985]
Attempt  241
Score of validation 0.8725099601593626
Score of training 0.974025974025974
Score of validation (classical) [0.7330677290836654, 0.8764940239043825, 0.8924302788844621, 0.4900398406374502]
Score of training (classical) [0.7362637362637363, 0.8681318681318682, 0.8781218781218781, 0.4675324675324675]
Attempt  242
Score of validation 0.8645418326693227
Score of training 0.973026973026973
Score of validation (classical) [0.7330677290836654, 0.8605577689243028, 0.8645418326693227, 0.49800796812749004]
Score of training (classical) [0.7342657342657343, 0.8671328671328671, 0.8791208791208791, 0.4865134865134865]
Attempt  243
Score of validation 0.8804780876494024
Score of training 0.9630369630369631
Score of validation (classical) [0.7131474103585658, 0.8605577689243028, 0.852589641434263, 0.4701195219123506]
Score of training (classical) [0.7432567432567433, 0.8721278721278721, 0.8841158841158842, 0.5064935064935064]
Attempt  244
Score of validation 0.896414342629482
Score of training 0.9660339660339661
Score of validation (classical) [0.7410358565737052, 0.8804780876494024, 0.8725099601593626, 0.43824701195219123]
Score of training (classical) [0.7382617382617382, 0.8781218781218781, 0.8821178821178821, 0.4945054945054945]
Attempt  245
Score of validation 0.896414342629482
Score of training 0.977022977022977
Score of validation (classical) [0.7330677290836654, 0.8645418326693227, 0.8685258964143426, 0.545816733067729]
Score of training (classical) [0.7362637362637363, 0.8951048951048951, 0.8881118881118881, 0.5084915084915085]
Attempt  246
Score of validation 0.9043824701195219
Score of training 0.968031968031968
Score of validation (classical) [0.6693227091633466, 0.8366533864541833, 0.8326693227091634, 0.4820717131474104]
Score of training (classical) [0.7722277722277723, 0.8661338661338661, 0.8661338661338661, 0.5094905094905094]
Attempt  247
Score of validation 0.8725099601593626
Score of training 0.964035964035964
Score of validation (classical) [0.701195219123506, 0.8207171314741036, 0.8366533864541833, 0.5219123505976095]
Score of training (classical) [0.7502497502497503, 0.8731268731268731, 0.8771228771228772, 0.5104895104895105]
Attempt  248
Score of validation 0.9083665338645418
Score of training 0.973026973026973
Score of validation (classical) [0.7290836653386454, 0.8884462151394422, 0.9123505976095617, 0.47808764940239046]
Score of training (classical) [0.7472527472527473, 0.8871128871128872, 0.8841158841158842, 0.4775224775224775]
Attempt  249
Score of validation 0.8764940239043825
Score of training 0.973026973026973
Score of validation (classical) [0.7370517928286853, 0.8366533864541833, 0.8565737051792829, 0.4900398406374502]
Score of training (classical) [0.7382617382617382, 0.8721278721278721, 0.8771228771228772, 0.4955044955044955]
Attempt  250
Score of validation 0.8764940239043825
Score of training 0.972027972027972
Score of validation (classical) [0.7091633466135459, 0.8326693227091634, 0.8366533864541833, 0.5298804780876494]
Score of training (classical) [0.7462537462537463, 0.8831168831168831, 0.8851148851148851, 0.5124875124875125]
Attempt  251
Score of validation 0.9123505976095617
Score of training 0.971028971028971
Score of validation (classical) [0.7569721115537849, 0.8804780876494024, 0.8884462151394422, 0.4900398406374502]
Score of training (classical) [0.7432567432567433, 0.8951048951048951, 0.8821178821178821, 0.5004995004995005]
Attempt  252
Score of validation 0.8645418326693227
Score of training 0.973026973026973
Score of validation (classical) [0.7131474103585658, 0.8366533864541833, 0.8565737051792829, 0.44621513944223107]
Score of training (classical) [0.7562437562437563, 0.8711288711288712, 0.8701298701298701, 0.4855144855144855]
Attempt  253
Score of validation 0.9083665338645418
Score of training 0.974025974025974
Score of validation (classical) [0.7808764940239044, 0.8406374501992032, 0.8764940239043825, 0.5298804780876494]
Score of training (classical) [0.7402597402597403, 0.8871128871128872, 0.8841158841158842, 0.46053946053946054]
Attempt  254
Score of validation 0.896414342629482
Score of training 0.964035964035964
Score of validation (classical) [0.7529880478087649, 0.8725099601593626, 0.896414342629482, 0.5059760956175299]
Score of training (classical) [0.7142857142857143, 0.8801198801198801, 0.8861138861138861, 0.4935064935064935]
Attempt  255
Score of validation 0.8685258964143426
Score of training 0.967032967032967
Score of validation (classical) [0.7729083665338645, 0.8605577689243028, 0.8685258964143426, 0.4820717131474104]
Score of training (classical) [0.7222777222777222, 0.8961038961038961, 0.8861138861138861, 0.4915084915084915]
Attempt  256
Score of validation 0.900398406374502
Score of training 0.968031968031968
Score of validation (classical) [0.7410358565737052, 0.8685258964143426, 0.900398406374502, 0.4900398406374502]
Score of training (classical) [0.7252747252747253, 0.8691308691308691, 0.8781218781218781, 0.4875124875124875]
Attempt  257
Score of validation 0.8884462151394422
Score of training 0.9630369630369631
Score of validation (classical) [0.6932270916334662, 0.8406374501992032, 0.852589641434263, 0.4063745019920319]
Score of training (classical) [0.7412587412587412, 0.8741258741258742, 0.8961038961038961, 0.5034965034965035]
Attempt  258
Score of validation 0.8924302788844621
Score of training 0.9690309690309691
Score of validation (classical) [0.749003984063745, 0.8645418326693227, 0.8804780876494024, 0.42231075697211157]
Score of training (classical) [0.7292707292707292, 0.8661338661338661, 0.8701298701298701, 0.5094905094905094]
Attempt  259
Score of validation 0.8884462151394422
Score of training 0.97002997002997
Score of validation (classical) [0.7529880478087649, 0.8725099601593626, 0.8764940239043825, 0.5418326693227091]
Score of training (classical) [0.7362637362637363, 0.903096903096903, 0.8851148851148851, 0.5034965034965035]
Attempt  260
Score of validation 0.9243027888446215
Score of training 0.9660339660339661
Score of validation (classical) [0.7370517928286853, 0.852589641434263, 0.8685258964143426, 0.47808764940239046]
Score of training (classical) [0.7372627372627373, 0.8741258741258742, 0.8731268731268731, 0.4955044955044955]
Attempt  261
Score of validation 0.9362549800796812
Score of training 0.968031968031968
Score of validation (classical) [0.8007968127490039, 0.8804780876494024, 0.900398406374502, 0.47808764940239046]
Score of training (classical) [0.7332667332667333, 0.8671328671328671, 0.8721278721278721, 0.4745254745254745]
Attempt  262
Score of validation 0.8645418326693227
Score of training 0.968031968031968
Score of validation (classical) [0.7410358565737052, 0.8446215139442231, 0.8605577689243028, 0.4860557768924303]
Score of training (classical) [0.7552447552447552, 0.8771228771228772, 0.8821178821178821, 0.5094905094905094]
Attempt  263
Score of validation 0.8924302788844621
Score of training 0.971028971028971
Score of validation (classical) [0.7529880478087649, 0.8087649402390438, 0.8167330677290837, 0.4701195219123506]
Score of training (classical) [0.7512487512487512, 0.8761238761238761, 0.8701298701298701, 0.46553446553446554]
Attempt  264
Score of validation 0.8685258964143426
Score of training 0.971028971028971
Score of validation (classical) [0.7569721115537849, 0.8565737051792829, 0.8605577689243028, 0.4940239043824701]
Score of training (classical) [0.7452547452547452, 0.8821178821178821, 0.8821178821178821, 0.4835164835164835]
Attempt  265
Score of validation 0.852589641434263
Score of training 0.973026973026973
Score of validation (classical) [0.7131474103585658, 0.8127490039840638, 0.8127490039840638, 0.47410358565737054]
Score of training (classical) [0.7502497502497503, 0.8971028971028971, 0.8941058941058941, 0.4975024975024975]
Attempt  266
Score of validation 0.9163346613545816
Score of training 0.974025974025974
Score of validation (classical) [0.749003984063745, 0.9282868525896414, 0.9243027888446215, 0.46613545816733065]
Score of training (classical) [0.7262737262737263, 0.8741258741258742, 0.8751248751248751, 0.5054945054945055]
Attempt  267
Score of validation 0.852589641434263
Score of training 0.9760239760239761
Score of validation (classical) [0.6852589641434262, 0.8406374501992032, 0.8446215139442231, 0.5059760956175299]
Score of training (classical) [0.7332667332667333, 0.8771228771228772, 0.8761238761238761, 0.5104895104895105]
Attempt  268
Score of validation 0.8725099601593626
Score of training 0.973026973026973
Score of validation (classical) [0.7290836653386454, 0.8565737051792829, 0.8725099601593626, 0.4063745019920319]
Score of training (classical) [0.7332667332667333, 0.8691308691308691, 0.8771228771228772, 0.4965034965034965]
Attempt  269
Score of validation 0.8844621513944223
Score of training 0.97002997002997
Score of validation (classical) [0.6892430278884463, 0.8565737051792829, 0.852589641434263, 0.4820717131474104]
Score of training (classical) [0.7382617382617382, 0.8621378621378621, 0.8671328671328671, 0.5064935064935064]
Attempt  270
Score of validation 0.8605577689243028
Score of training 0.973026973026973
Score of validation (classical) [0.7131474103585658, 0.8565737051792829, 0.8645418326693227, 0.5258964143426295]
Score of training (classical) [0.7492507492507493, 0.8901098901098901, 0.8841158841158842, 0.5194805194805194]
Attempt  271
Score of validation 0.900398406374502
Score of training 0.968031968031968
Score of validation (classical) [0.7649402390438247, 0.8685258964143426, 0.8565737051792829, 0.4701195219123506]
Score of training (classical) [0.7252747252747253, 0.8671328671328671, 0.8701298701298701, 0.48451548451548454]
Attempt  272
Score of validation 0.8804780876494024
Score of training 0.971028971028971
Score of validation (classical) [0.7370517928286853, 0.8605577689243028, 0.8685258964143426, 0.4820717131474104]
Score of training (classical) [0.7392607392607392, 0.8751248751248751, 0.8871128871128872, 0.4955044955044955]
Attempt  273
Score of validation 0.8605577689243028
Score of training 0.97002997002997
Score of validation (classical) [0.7091633466135459, 0.848605577689243, 0.8565737051792829, 0.4701195219123506]
Score of training (classical) [0.7312687312687313, 0.8681318681318682, 0.8691308691308691, 0.4865134865134865]
Attempt  274
Score of validation 0.8605577689243028
Score of training 0.967032967032967
Score of validation (classical) [0.7131474103585658, 0.8406374501992032, 0.8326693227091634, 0.46613545816733065]
Score of training (classical) [0.7332667332667333, 0.8691308691308691, 0.8711288711288712, 0.4945054945054945]
Attempt  275
Score of validation 0.8884462151394422
Score of training 0.968031968031968
Score of validation (classical) [0.7569721115537849, 0.8645418326693227, 0.8725099601593626, 0.5258964143426295]
Score of training (classical) [0.7542457542457542, 0.8681318681318682, 0.8721278721278721, 0.48951048951048953]
Attempt  276
Score of validation 0.896414342629482
Score of training 0.9660339660339661
Score of validation (classical) [0.7609561752988048, 0.8764940239043825, 0.8844621513944223, 0.5059760956175299]
Score of training (classical) [0.7442557442557443, 0.8591408591408591, 0.8601398601398601, 0.47652347652347654]
Attempt  277
Score of validation 0.896414342629482
Score of training 0.975024975024975
Score of validation (classical) [0.7649402390438247, 0.8685258964143426, 0.8764940239043825, 0.5258964143426295]
Score of training (classical) [0.7332667332667333, 0.8731268731268731, 0.8811188811188811, 0.4925074925074925]
Attempt  278
Score of validation 0.9043824701195219
Score of training 0.972027972027972
Score of validation (classical) [0.701195219123506, 0.8446215139442231, 0.8366533864541833, 0.4581673306772908]
Score of training (classical) [0.7442557442557443, 0.8671328671328671, 0.8661338661338661, 0.4905094905094905]
Attempt  279
Score of validation 0.896414342629482
Score of training 0.9690309690309691
Score of validation (classical) [0.7410358565737052, 0.8605577689243028, 0.8804780876494024, 0.5099601593625498]
Score of training (classical) [0.7432567432567433, 0.8651348651348651, 0.8801198801198801, 0.4885114885114885]
Attempt  280
Score of validation 0.8804780876494024
Score of training 0.973026973026973
Score of validation (classical) [0.749003984063745, 0.8605577689243028, 0.8565737051792829, 0.49800796812749004]
Score of training (classical) [0.7352647352647352, 0.8591408591408591, 0.8581418581418582, 0.4875124875124875]
Attempt  281
Score of validation 0.896414342629482
Score of training 0.9690309690309691
Score of validation (classical) [0.749003984063745, 0.8924302788844621, 0.8804780876494024, 0.5537848605577689]
Score of training (classical) [0.7412587412587412, 0.8651348651348651, 0.8711288711288712, 0.4885114885114885]
Attempt  282
Score of validation 0.8884462151394422
Score of training 0.972027972027972
Score of validation (classical) [0.7529880478087649, 0.9083665338645418, 0.900398406374502, 0.5298804780876494]
Score of training (classical) [0.7372627372627373, 0.8581418581418582, 0.8641358641358642, 0.48151848151848153]
Attempt  283
Score of validation 0.8804780876494024
Score of training 0.968031968031968
Score of validation (classical) [0.7649402390438247, 0.8645418326693227, 0.8725099601593626, 0.450199203187251]
Score of training (classical) [0.7352647352647352, 0.8701298701298701, 0.8731268731268731, 0.4885114885114885]
Attempt  284
Score of validation 0.8685258964143426
Score of training 0.971028971028971
Score of validation (classical) [0.7410358565737052, 0.8645418326693227, 0.8645418326693227, 0.46215139442231074]
Score of training (classical) [0.7522477522477522, 0.8651348651348651, 0.8711288711288712, 0.4935064935064935]
Attempt  285
Score of validation 0.8924302788844621
Score of training 0.9690309690309691
Score of validation (classical) [0.7051792828685259, 0.9123505976095617, 0.8844621513944223, 0.5179282868525896]
Score of training (classical) [0.7272727272727273, 0.8661338661338661, 0.8721278721278721, 0.5084915084915085]
Attempt  286
Score of validation 0.9123505976095617
Score of training 0.9660339660339661
Score of validation (classical) [0.7290836653386454, 0.848605577689243, 0.852589641434263, 0.42231075697211157]
Score of training (classical) [0.7492507492507493, 0.8741258741258742, 0.8831168831168831, 0.4975024975024975]
Attempt  287
Score of validation 0.8605577689243028
Score of training 0.968031968031968
Score of validation (classical) [0.7250996015936255, 0.848605577689243, 0.852589641434263, 0.5258964143426295]
Score of training (classical) [0.7462537462537463, 0.8781218781218781, 0.8831168831168831, 0.4965034965034965]
Attempt  288
Score of validation 0.896414342629482
Score of training 0.974025974025974
Score of validation (classical) [0.7171314741035857, 0.8366533864541833, 0.848605577689243, 0.5697211155378487]
Score of training (classical) [0.7492507492507493, 0.8691308691308691, 0.8761238761238761, 0.4905094905094905]
Attempt  289
Score of validation 0.8804780876494024
Score of training 0.961038961038961
Score of validation (classical) [0.7051792828685259, 0.8406374501992032, 0.8685258964143426, 0.4262948207171315]
Score of training (classical) [0.7372627372627373, 0.8751248751248751, 0.8821178821178821, 0.5144855144855145]
Attempt  290
Score of validation 0.9083665338645418
Score of training 0.962037962037962
Score of validation (classical) [0.7131474103585658, 0.8645418326693227, 0.8605577689243028, 0.46613545816733065]
Score of training (classical) [0.7512487512487512, 0.8641358641358642, 0.8651348651348651, 0.4875124875124875]
Attempt  291
Score of validation 0.8645418326693227
Score of training 0.971028971028971
Score of validation (classical) [0.7091633466135459, 0.8326693227091634, 0.8326693227091634, 0.44223107569721115]
Score of training (classical) [0.7422577422577422, 0.8961038961038961, 0.8871128871128872, 0.5084915084915085]
Attempt  292
Score of validation 0.8884462151394422
Score of training 0.964035964035964
Score of validation (classical) [0.6533864541832669, 0.8406374501992032, 0.8565737051792829, 0.4701195219123506]
Score of training (classical) [0.7502497502497503, 0.8671328671328671, 0.8831168831168831, 0.5284715284715285]
Attempt  293
Score of validation 0.8884462151394422
Score of training 0.967032967032967
Score of validation (classical) [0.6852589641434262, 0.8047808764940239, 0.8127490039840638, 0.4860557768924303]
Score of training (classical) [0.7432567432567433, 0.8751248751248751, 0.8761238761238761, 0.5044955044955045]
Attempt  294
Score of validation 0.8924302788844621
Score of training 0.974025974025974
Score of validation (classical) [0.7330677290836654, 0.8446215139442231, 0.8605577689243028, 0.47808764940239046]
Score of training (classical) [0.7442557442557443, 0.8821178821178821, 0.8791208791208791, 0.5054945054945055]
Attempt  295
Score of validation 0.9083665338645418
Score of training 0.971028971028971
Score of validation (classical) [0.7410358565737052, 0.8764940239043825, 0.896414342629482, 0.50199203187251]
Score of training (classical) [0.7352647352647352, 0.8871128871128872, 0.8871128871128872, 0.46353646353646355]
Attempt  296
Score of validation 0.8764940239043825
Score of training 0.972027972027972
Score of validation (classical) [0.7848605577689243, 0.8565737051792829, 0.8565737051792829, 0.50199203187251]
Score of training (classical) [0.7272727272727273, 0.8661338661338661, 0.8701298701298701, 0.5044955044955045]
Attempt  297
Score of validation 0.8645418326693227
Score of training 0.964035964035964
Score of validation (classical) [0.7211155378486056, 0.8605577689243028, 0.8605577689243028, 0.5099601593625498]
Score of training (classical) [0.7392607392607392, 0.8711288711288712, 0.8711288711288712, 0.4885114885114885]
Attempt  298
Score of validation 0.9123505976095617
Score of training 0.97002997002997
Score of validation (classical) [0.7529880478087649, 0.8844621513944223, 0.896414342629482, 0.5338645418326693]
Score of training (classical) [0.7332667332667333, 0.8621378621378621, 0.8751248751248751, 0.4915084915084915]
Attempt  299
Score of validation 0.8725099601593626
Score of training 0.977022977022977
Score of validation (classical) [0.7410358565737052, 0.8446215139442231, 0.8406374501992032, 0.4581673306772908]
Score of training (classical) [0.7392607392607392, 0.8811188811188811, 0.8811188811188811, 0.4755244755244755]
