noise_test 3
8 circular 2 3
Attempt  0
Score of validation 0.6294820717131474
Score of training 0.997002997002997
Score of validation (classical) [0.7290836653386454, 0.7848605577689243, 0.796812749003984, 0.5936254980079682]
Score of training (classical) [0.7362637362637363, 0.8401598401598401, 0.8421578421578422, 0.5114885114885115]
Attempt  1
Score of validation 0.6334661354581673
Score of training 0.997002997002997
Score of validation (classical) [0.6972111553784861, 0.7808764940239044, 0.7888446215139442, 0.5577689243027888]
Score of training (classical) [0.7172827172827173, 0.8511488511488512, 0.8511488511488512, 0.5324675324675324]
Attempt  2
Score of validation 0.6733067729083665
Score of training 0.997002997002997
Score of validation (classical) [0.7569721115537849, 0.8007968127490039, 0.7928286852589641, 0.5856573705179283]
Score of training (classical) [0.7342657342657343, 0.8501498501498501, 0.8431568431568431, 0.5244755244755245]
Attempt  3
Score of validation 0.5896414342629482
Score of training 0.999000999000999
Score of validation (classical) [0.7051792828685259, 0.7729083665338645, 0.796812749003984, 0.5856573705179283]
Score of training (classical) [0.7442557442557443, 0.8461538461538461, 0.8461538461538461, 0.5744255744255744]
Attempt  4
Score of validation 0.5418326693227091
Score of training 0.999000999000999
Score of validation (classical) [0.6613545816733067, 0.7609561752988048, 0.7689243027888446, 0.5338645418326693]
Score of training (classical) [0.7412587412587412, 0.8401598401598401, 0.8431568431568431, 0.5544455544455544]
Attempt  5
Score of validation 0.6135458167330677
Score of training 0.999000999000999
Score of validation (classical) [0.7330677290836654, 0.7928286852589641, 0.8087649402390438, 0.6095617529880478]
Score of training (classical) [0.7322677322677322, 0.8401598401598401, 0.8381618381618382, 0.5334665334665335]
Attempt  6
Score of validation 0.6294820717131474
Score of training 0.999000999000999
Score of validation (classical) [0.7609561752988048, 0.7848605577689243, 0.7928286852589641, 0.5737051792828686]
Score of training (classical) [0.7312687312687313, 0.8471528471528471, 0.8461538461538461, 0.5404595404595405]
Attempt  7
Score of validation 0.6175298804780877
Score of training 0.998001998001998
Score of validation (classical) [0.7131474103585658, 0.8326693227091634, 0.8127490039840638, 0.5219123505976095]
Score of training (classical) [0.7392607392607392, 0.8451548451548452, 0.8481518481518482, 0.5144855144855145]
Attempt  8
Score of validation 0.6334661354581673
Score of training 0.998001998001998
Score of validation (classical) [0.6892430278884463, 0.8207171314741036, 0.7928286852589641, 0.545816733067729]
Score of training (classical) [0.7162837162837162, 0.8331668331668332, 0.8321678321678322, 0.5524475524475524]
Attempt  9
Score of validation 0.6613545816733067
Score of training 1.0
Score of validation (classical) [0.7250996015936255, 0.8167330677290837, 0.8007968127490039, 0.5856573705179283]
Score of training (classical) [0.7252747252747253, 0.8361638361638362, 0.8381618381618382, 0.5644355644355644]
Attempt  10
Score of validation 0.6454183266932271
Score of training 0.999000999000999
Score of validation (classical) [0.7689243027888446, 0.8605577689243028, 0.8326693227091634, 0.46215139442231074]
Score of training (classical) [0.6973026973026973, 0.8421578421578422, 0.8341658341658341, 0.5264735264735265]
Attempt  11
Score of validation 0.5976095617529881
Score of training 0.995004995004995
Score of validation (classical) [0.7171314741035857, 0.8207171314741036, 0.7928286852589641, 0.5298804780876494]
Score of training (classical) [0.7052947052947053, 0.8341658341658341, 0.8231768231768232, 0.5294705294705294]
Attempt  12
Score of validation 0.6215139442231076
Score of training 0.998001998001998
Score of validation (classical) [0.7051792828685259, 0.8007968127490039, 0.796812749003984, 0.5219123505976095]
Score of training (classical) [0.7352647352647352, 0.8391608391608392, 0.8471528471528471, 0.5454545454545454]
Attempt  13
Score of validation 0.6294820717131474
Score of training 1.0
Score of validation (classical) [0.7211155378486056, 0.8286852589641435, 0.8167330677290837, 0.5657370517928287]
Score of training (classical) [0.7392607392607392, 0.8381618381618382, 0.8411588411588412, 0.5554445554445554]
Attempt  14
Score of validation 0.6693227091633466
Score of training 0.995004995004995
Score of validation (classical) [0.6892430278884463, 0.796812749003984, 0.8007968127490039, 0.5219123505976095]
Score of training (classical) [0.7092907092907093, 0.8431568431568431, 0.8381618381618382, 0.5144855144855145]
Attempt  15
Score of validation 0.6613545816733067
Score of training 0.996003996003996
Score of validation (classical) [0.7051792828685259, 0.7888446215139442, 0.7888446215139442, 0.5298804780876494]
Score of training (classical) [0.7072927072927073, 0.8401598401598401, 0.8391608391608392, 0.5314685314685315]
Attempt  16
Score of validation 0.6533864541832669
Score of training 0.998001998001998
Score of validation (classical) [0.7848605577689243, 0.8247011952191236, 0.8167330677290837, 0.5776892430278885]
Score of training (classical) [0.7312687312687313, 0.8271728271728271, 0.8371628371628371, 0.5294705294705294]
Attempt  17
Score of validation 0.649402390438247
Score of training 1.0
Score of validation (classical) [0.7290836653386454, 0.8087649402390438, 0.7768924302788844, 0.5776892430278885]
Score of training (classical) [0.7412587412587412, 0.8451548451548452, 0.8331668331668332, 0.5544455544455544]
Attempt  18
Score of validation 0.6135458167330677
Score of training 0.997002997002997
Score of validation (classical) [0.7091633466135459, 0.8247011952191236, 0.8207171314741036, 0.5617529880478087]
Score of training (classical) [0.7042957042957043, 0.8341658341658341, 0.8331668331668332, 0.5194805194805194]
Attempt  19
Score of validation 0.6573705179282868
Score of training 1.0
Score of validation (classical) [0.6852589641434262, 0.7808764940239044, 0.7609561752988048, 0.549800796812749]
Score of training (classical) [0.7422577422577422, 0.8471528471528471, 0.8391608391608392, 0.5434565434565435]
Attempt  20
Score of validation 0.5856573705179283
Score of training 0.998001998001998
Score of validation (classical) [0.7091633466135459, 0.8286852589641435, 0.8207171314741036, 0.5976095617529881]
Score of training (classical) [0.7382617382617382, 0.8471528471528471, 0.8351648351648352, 0.5644355644355644]
Attempt  21
Score of validation 0.5617529880478087
Score of training 0.999000999000999
Score of validation (classical) [0.7529880478087649, 0.8366533864541833, 0.8127490039840638, 0.5617529880478087]
Score of training (classical) [0.7192807192807192, 0.8391608391608392, 0.8481518481518482, 0.5214785214785215]
Attempt  22
Score of validation 0.6613545816733067
Score of training 0.995004995004995
Score of validation (classical) [0.6892430278884463, 0.8167330677290837, 0.8286852589641435, 0.5059760956175299]
Score of training (classical) [0.7052947052947053, 0.8301698301698301, 0.8311688311688312, 0.5234765234765235]
Attempt  23
Score of validation 0.5776892430278885
Score of training 0.998001998001998
Score of validation (classical) [0.701195219123506, 0.7888446215139442, 0.7888446215139442, 0.5896414342629482]
Score of training (classical) [0.7332667332667333, 0.8601398601398601, 0.8501498501498501, 0.5504495504495505]
Attempt  24
Score of validation 0.6414342629482072
Score of training 0.998001998001998
Score of validation (classical) [0.7330677290836654, 0.8366533864541833, 0.8247011952191236, 0.5657370517928287]
Score of training (classical) [0.7362637362637363, 0.8351648351648352, 0.8411588411588412, 0.5564435564435565]
Attempt  25
Score of validation 0.6254980079681275
Score of training 0.997002997002997
Score of validation (classical) [0.7051792828685259, 0.8007968127490039, 0.8207171314741036, 0.5657370517928287]
Score of training (classical) [0.7072927072927073, 0.8351648351648352, 0.8391608391608392, 0.5174825174825175]
Attempt  26
Score of validation 0.649402390438247
Score of training 0.999000999000999
Score of validation (classical) [0.7131474103585658, 0.7569721115537849, 0.7689243027888446, 0.5378486055776892]
Score of training (classical) [0.7652347652347652, 0.8631368631368631, 0.8561438561438561, 0.5444555444555444]
Attempt  27
Score of validation 0.5657370517928287
Score of training 0.997002997002997
Score of validation (classical) [0.6972111553784861, 0.8207171314741036, 0.8007968127490039, 0.5657370517928287]
Score of training (classical) [0.7112887112887113, 0.8401598401598401, 0.8391608391608392, 0.5404595404595405]
Attempt  28
Score of validation 0.6454183266932271
Score of training 0.999000999000999
Score of validation (classical) [0.7609561752988048, 0.8326693227091634, 0.8286852589641435, 0.5896414342629482]
Score of training (classical) [0.7232767232767233, 0.8331668331668332, 0.8281718281718282, 0.5374625374625375]
Attempt  29
Score of validation 0.6374501992031872
Score of training 0.997002997002997
Score of validation (classical) [0.7051792828685259, 0.7649402390438247, 0.7768924302788844, 0.5378486055776892]
Score of training (classical) [0.7132867132867133, 0.8331668331668332, 0.8381618381618382, 0.5294705294705294]
Attempt  30
Score of validation 0.6135458167330677
Score of training 1.0
Score of validation (classical) [0.7290836653386454, 0.8247011952191236, 0.8286852589641435, 0.549800796812749]
Score of training (classical) [0.7432567432567433, 0.8431568431568431, 0.8491508491508492, 0.5384615384615384]
Attempt  31
Score of validation 0.6334661354581673
Score of training 1.0
Score of validation (classical) [0.7250996015936255, 0.796812749003984, 0.8047808764940239, 0.5856573705179283]
Score of training (classical) [0.7322677322677322, 0.8411588411588412, 0.8291708291708292, 0.5474525474525475]
Attempt  32
Score of validation 0.6812749003984063
Score of training 0.999000999000999
Score of validation (classical) [0.7171314741035857, 0.8167330677290837, 0.8007968127490039, 0.5936254980079682]
Score of training (classical) [0.7362637362637363, 0.8321678321678322, 0.8451548451548452, 0.5634365634365635]
Attempt  33
Score of validation 0.6294820717131474
Score of training 0.998001998001998
Score of validation (classical) [0.7091633466135459, 0.7649402390438247, 0.8286852589641435, 0.6095617529880478]
Score of training (classical) [0.7012987012987013, 0.8011988011988012, 0.8561438561438561, 0.5464535464535465]
Attempt  34
Score of validation 0.6374501992031872
Score of training 0.997002997002997
Score of validation (classical) [0.7290836653386454, 0.7888446215139442, 0.8007968127490039, 0.5896414342629482]
Score of training (classical) [0.7312687312687313, 0.8481518481518482, 0.8431568431568431, 0.5534465534465535]
Attempt  35
Score of validation 0.6294820717131474
Score of training 0.999000999000999
Score of validation (classical) [0.7370517928286853, 0.8326693227091634, 0.8167330677290837, 0.5418326693227091]
Score of training (classical) [0.7432567432567433, 0.8341658341658341, 0.8461538461538461, 0.5174825174825175]
Attempt  36
Score of validation 0.6215139442231076
Score of training 0.999000999000999
Score of validation (classical) [0.7171314741035857, 0.8286852589641435, 0.8247011952191236, 0.5258964143426295]
Score of training (classical) [0.7022977022977023, 0.8301698301698301, 0.8211788211788211, 0.5434565434565435]
Attempt  37
Score of validation 0.649402390438247
Score of training 1.0
Score of validation (classical) [0.7370517928286853, 0.7928286852589641, 0.7808764940239044, 0.5537848605577689]
Score of training (classical) [0.7322677322677322, 0.8421578421578422, 0.8351648351648352, 0.5404595404595405]
Attempt  38
Score of validation 0.601593625498008
Score of training 0.998001998001998
Score of validation (classical) [0.7330677290836654, 0.796812749003984, 0.8127490039840638, 0.5816733067729084]
Score of training (classical) [0.7132867132867133, 0.8311688311688312, 0.8281718281718282, 0.5584415584415584]
Attempt  39
Score of validation 0.6374501992031872
Score of training 1.0
Score of validation (classical) [0.7609561752988048, 0.8406374501992032, 0.8406374501992032, 0.4860557768924303]
Score of training (classical) [0.7292707292707292, 0.8471528471528471, 0.8461538461538461, 0.5234765234765235]
Attempt  40
Score of validation 0.6414342629482072
Score of training 0.997002997002997
Score of validation (classical) [0.6772908366533864, 0.8087649402390438, 0.8207171314741036, 0.5258964143426295]
Score of training (classical) [0.7112887112887113, 0.8331668331668332, 0.8251748251748252, 0.5234765234765235]
Attempt  41
Score of validation 0.5976095617529881
Score of training 0.998001998001998
Score of validation (classical) [0.6852589641434262, 0.796812749003984, 0.7888446215139442, 0.5378486055776892]
Score of training (classical) [0.7092907092907093, 0.8431568431568431, 0.8291708291708292, 0.5344655344655345]
Attempt  42
Score of validation 0.6215139442231076
Score of training 1.0
Score of validation (classical) [0.7450199203187251, 0.8007968127490039, 0.796812749003984, 0.549800796812749]
Score of training (classical) [0.7172827172827173, 0.8401598401598401, 0.8441558441558441, 0.5544455544455544]
Attempt  43
Score of validation 0.6374501992031872
Score of training 0.999000999000999
Score of validation (classical) [0.7768924302788844, 0.8247011952191236, 0.8366533864541833, 0.6055776892430279]
Score of training (classical) [0.7422577422577422, 0.8391608391608392, 0.8391608391608392, 0.5174825174825175]
Attempt  44
Score of validation 0.6055776892430279
Score of training 1.0
Score of validation (classical) [0.7091633466135459, 0.8087649402390438, 0.8087649402390438, 0.549800796812749]
Score of training (classical) [0.7322677322677322, 0.8321678321678322, 0.8291708291708292, 0.5474525474525475]
Attempt  45
Score of validation 0.6175298804780877
Score of training 0.998001998001998
Score of validation (classical) [0.7091633466135459, 0.8326693227091634, 0.8406374501992032, 0.5537848605577689]
Score of training (classical) [0.7092907092907093, 0.8331668331668332, 0.8211788211788211, 0.5504495504495505]
Attempt  46
Score of validation 0.5936254980079682
Score of training 0.999000999000999
Score of validation (classical) [0.7609561752988048, 0.8247011952191236, 0.8286852589641435, 0.5338645418326693]
Score of training (classical) [0.7382617382617382, 0.8361638361638362, 0.8341658341658341, 0.5444555444555444]
Attempt  47
Score of validation 0.6294820717131474
Score of training 1.0
Score of validation (classical) [0.6932270916334662, 0.796812749003984, 0.7928286852589641, 0.5179282868525896]
Score of training (classical) [0.7142857142857143, 0.8331668331668332, 0.8261738261738262, 0.5504495504495505]
Attempt  48
Score of validation 0.6135458167330677
Score of training 0.999000999000999
Score of validation (classical) [0.7330677290836654, 0.8247011952191236, 0.8286852589641435, 0.5179282868525896]
Score of training (classical) [0.7352647352647352, 0.8411588411588412, 0.8401598401598401, 0.5164835164835165]
Attempt  49
Score of validation 0.6254980079681275
Score of training 0.998001998001998
Score of validation (classical) [0.7051792828685259, 0.8207171314741036, 0.8087649402390438, 0.5816733067729084]
Score of training (classical) [0.7452547452547452, 0.8421578421578422, 0.8361638361638362, 0.5534465534465535]
Attempt  50
Score of validation 0.5418326693227091
Score of training 0.999000999000999
Score of validation (classical) [0.7290836653386454, 0.852589641434263, 0.8406374501992032, 0.6175298804780877]
Score of training (classical) [0.7312687312687313, 0.8351648351648352, 0.8431568431568431, 0.5324675324675324]
Attempt  51
Score of validation 0.5936254980079682
Score of training 0.998001998001998
Score of validation (classical) [0.7529880478087649, 0.8047808764940239, 0.8167330677290837, 0.6374501992031872]
Score of training (classical) [0.7412587412587412, 0.8291708291708292, 0.8341658341658341, 0.5594405594405595]
Attempt  52
Score of validation 0.5816733067729084
Score of training 0.999000999000999
Score of validation (classical) [0.7529880478087649, 0.8406374501992032, 0.8406374501992032, 0.5697211155378487]
Score of training (classical) [0.7292707292707292, 0.8351648351648352, 0.8371628371628371, 0.5404595404595405]
Attempt  53
Score of validation 0.6175298804780877
Score of training 0.999000999000999
Score of validation (classical) [0.7171314741035857, 0.7768924302788844, 0.7729083665338645, 0.545816733067729]
Score of training (classical) [0.7542457542457542, 0.8461538461538461, 0.8501498501498501, 0.5444555444555444]
Attempt  54
Score of validation 0.6175298804780877
Score of training 0.998001998001998
Score of validation (classical) [0.7410358565737052, 0.8565737051792829, 0.8286852589641435, 0.5737051792828686]
Score of training (classical) [0.7442557442557443, 0.8291708291708292, 0.8411588411588412, 0.5434565434565435]
Attempt  55
Score of validation 0.6892430278884463
Score of training 0.999000999000999
Score of validation (classical) [0.7131474103585658, 0.7689243027888446, 0.8207171314741036, 0.5737051792828686]
Score of training (classical) [0.7042957042957043, 0.8141858141858141, 0.8501498501498501, 0.5644355644355644]
Attempt  56
Score of validation 0.6414342629482072
Score of training 0.999000999000999
Score of validation (classical) [0.7290836653386454, 0.8565737051792829, 0.8605577689243028, 0.5776892430278885]
Score of training (classical) [0.7332667332667333, 0.8441558441558441, 0.8381618381618382, 0.5404595404595405]
Attempt  57
Score of validation 0.6215139442231076
Score of training 0.999000999000999
Score of validation (classical) [0.7410358565737052, 0.7649402390438247, 0.796812749003984, 0.5776892430278885]
Score of training (classical) [0.7512487512487512, 0.8461538461538461, 0.8441558441558441, 0.5574425574425574]
Attempt  58
Score of validation 0.6254980079681275
Score of training 1.0
Score of validation (classical) [0.7091633466135459, 0.7848605577689243, 0.7848605577689243, 0.5577689243027888]
Score of training (classical) [0.7412587412587412, 0.8331668331668332, 0.8341658341658341, 0.5594405594405595]
Attempt  59
Score of validation 0.6533864541832669
Score of training 1.0
Score of validation (classical) [0.7171314741035857, 0.7689243027888446, 0.7928286852589641, 0.601593625498008]
Score of training (classical) [0.7482517482517482, 0.8431568431568431, 0.8491508491508492, 0.5424575424575424]
Attempt  60
Score of validation 0.6095617529880478
Score of training 0.997002997002997
Score of validation (classical) [0.701195219123506, 0.8127490039840638, 0.8047808764940239, 0.5896414342629482]
Score of training (classical) [0.7082917082917083, 0.8351648351648352, 0.8281718281718282, 0.5674325674325674]
Attempt  61
Score of validation 0.6533864541832669
Score of training 0.998001998001998
Score of validation (classical) [0.6932270916334662, 0.7888446215139442, 0.796812749003984, 0.50199203187251]
Score of training (classical) [0.7382617382617382, 0.8381618381618382, 0.8381618381618382, 0.5824175824175825]
Attempt  62
Score of validation 0.6055776892430279
Score of training 0.997002997002997
Score of validation (classical) [0.7330677290836654, 0.7928286852589641, 0.796812749003984, 0.5537848605577689]
Score of training (classical) [0.7442557442557443, 0.8521478521478522, 0.8461538461538461, 0.5384615384615384]
Attempt  63
Score of validation 0.6693227091633466
Score of training 0.999000999000999
Score of validation (classical) [0.7529880478087649, 0.8207171314741036, 0.8446215139442231, 0.5936254980079682]
Score of training (classical) [0.7252747252747253, 0.8371628371628371, 0.8311688311688312, 0.5584415584415584]
Attempt  64
Score of validation 0.6334661354581673
Score of training 0.998001998001998
Score of validation (classical) [0.7131474103585658, 0.8247011952191236, 0.8286852589641435, 0.5298804780876494]
Score of training (classical) [0.7022977022977023, 0.8341658341658341, 0.8291708291708292, 0.5344655344655345]
Attempt  65
Score of validation 0.6294820717131474
Score of training 0.995004995004995
Score of validation (classical) [0.7330677290836654, 0.8326693227091634, 0.8247011952191236, 0.5418326693227091]
Score of training (classical) [0.6943056943056943, 0.8301698301698301, 0.8241758241758241, 0.5374625374625375]
Attempt  66
Score of validation 0.6374501992031872
Score of training 0.998001998001998
Score of validation (classical) [0.7131474103585658, 0.796812749003984, 0.8366533864541833, 0.5896414342629482]
Score of training (classical) [0.7022977022977023, 0.8171828171828172, 0.8451548451548452, 0.5114885114885115]
Attempt  67
Score of validation 0.6215139442231076
Score of training 0.998001998001998
Score of validation (classical) [0.6693227091633466, 0.7808764940239044, 0.7768924302788844, 0.5816733067729084]
Score of training (classical) [0.7162837162837162, 0.8381618381618382, 0.8321678321678322, 0.5234765234765235]
Attempt  68
Score of validation 0.6175298804780877
Score of training 0.998001998001998
Score of validation (classical) [0.7729083665338645, 0.8366533864541833, 0.8167330677290837, 0.5298804780876494]
Score of training (classical) [0.7252747252747253, 0.8341658341658341, 0.8391608391608392, 0.5234765234765235]
Attempt  69
Score of validation 0.6653386454183267
Score of training 0.998001998001998
Score of validation (classical) [0.7848605577689243, 0.8605577689243028, 0.8446215139442231, 0.5856573705179283]
Score of training (classical) [0.7372627372627373, 0.8351648351648352, 0.8331668331668332, 0.5334665334665335]
Attempt  70
Score of validation 0.5737051792828686
Score of training 0.998001998001998
Score of validation (classical) [0.7410358565737052, 0.8247011952191236, 0.8167330677290837, 0.5697211155378487]
Score of training (classical) [0.7332667332667333, 0.8261738261738262, 0.8311688311688312, 0.5594405594405595]
Attempt  71
Score of validation 0.5896414342629482
Score of training 0.999000999000999
Score of validation (classical) [0.7250996015936255, 0.8366533864541833, 0.8247011952191236, 0.5537848605577689]
Score of training (classical) [0.7312687312687313, 0.8471528471528471, 0.8511488511488512, 0.5364635364635365]
Attempt  72
Score of validation 0.601593625498008
Score of training 0.999000999000999
Score of validation (classical) [0.7091633466135459, 0.8047808764940239, 0.8047808764940239, 0.5816733067729084]
Score of training (classical) [0.7472527472527473, 0.8381618381618382, 0.8371628371628371, 0.5684315684315684]
Attempt  73
Score of validation 0.6693227091633466
Score of training 0.997002997002997
Score of validation (classical) [0.701195219123506, 0.7928286852589641, 0.7808764940239044, 0.5298804780876494]
Score of training (classical) [0.7082917082917083, 0.8451548451548452, 0.8391608391608392, 0.5234765234765235]
Attempt  74
Score of validation 0.6294820717131474
Score of training 0.998001998001998
Score of validation (classical) [0.749003984063745, 0.8127490039840638, 0.8167330677290837, 0.5617529880478087]
Score of training (classical) [0.7202797202797203, 0.8441558441558441, 0.8391608391608392, 0.5354645354645354]
Attempt  75
Score of validation 0.5577689243027888
Score of training 0.999000999000999
Score of validation (classical) [0.749003984063745, 0.8446215139442231, 0.8286852589641435, 0.5338645418326693]
Score of training (classical) [0.7392607392607392, 0.8441558441558441, 0.8371628371628371, 0.5264735264735265]
Attempt  76
Score of validation 0.6175298804780877
Score of training 0.998001998001998
Score of validation (classical) [0.7211155378486056, 0.8047808764940239, 0.8207171314741036, 0.5697211155378487]
Score of training (classical) [0.7282717282717283, 0.8391608391608392, 0.8471528471528471, 0.5374625374625375]
Attempt  77
Score of validation 0.6414342629482072
Score of training 1.0
Score of validation (classical) [0.7211155378486056, 0.7888446215139442, 0.7928286852589641, 0.5816733067729084]
Score of training (classical) [0.7422577422577422, 0.8561438561438561, 0.8531468531468531, 0.5424575424575424]
Attempt  78
Score of validation 0.6454183266932271
Score of training 0.997002997002997
Score of validation (classical) [0.7729083665338645, 0.8645418326693227, 0.8605577689243028, 0.5737051792828686]
Score of training (classical) [0.7212787212787213, 0.8261738261738262, 0.8341658341658341, 0.5434565434565435]
Attempt  79
Score of validation 0.6414342629482072
Score of training 1.0
Score of validation (classical) [0.7091633466135459, 0.8087649402390438, 0.8207171314741036, 0.5737051792828686]
Score of training (classical) [0.7412587412587412, 0.8491508491508492, 0.8501498501498501, 0.5664335664335665]
Attempt  80
Score of validation 0.6454183266932271
Score of training 0.999000999000999
Score of validation (classical) [0.7250996015936255, 0.8326693227091634, 0.8207171314741036, 0.5059760956175299]
Score of training (classical) [0.7152847152847153, 0.8411588411588412, 0.8331668331668332, 0.5234765234765235]
Attempt  81
Score of validation 0.6454183266932271
Score of training 0.999000999000999
Score of validation (classical) [0.7529880478087649, 0.8326693227091634, 0.8326693227091634, 0.5617529880478087]
Score of training (classical) [0.7362637362637363, 0.8371628371628371, 0.8461538461538461, 0.5174825174825175]
Attempt  82
Score of validation 0.6573705179282868
Score of training 1.0
Score of validation (classical) [0.7529880478087649, 0.8286852589641435, 0.848605577689243, 0.5577689243027888]
Score of training (classical) [0.6893106893106893, 0.8141858141858141, 0.8211788211788211, 0.5254745254745254]
Attempt  83
Score of validation 0.6454183266932271
Score of training 0.999000999000999
Score of validation (classical) [0.6454183266932271, 0.7888446215139442, 0.7768924302788844, 0.5298804780876494]
Score of training (classical) [0.7212787212787213, 0.8351648351648352, 0.8571428571428571, 0.5574425574425574]
Attempt  84
Score of validation 0.6334661354581673
Score of training 0.999000999000999
Score of validation (classical) [0.7410358565737052, 0.8087649402390438, 0.8087649402390438, 0.5657370517928287]
Score of training (classical) [0.7422577422577422, 0.8521478521478522, 0.8521478521478522, 0.5574425574425574]
Attempt  85
Score of validation 0.6254980079681275
Score of training 0.999000999000999
Score of validation (classical) [0.7250996015936255, 0.8127490039840638, 0.8047808764940239, 0.5976095617529881]
Score of training (classical) [0.7022977022977023, 0.8371628371628371, 0.8341658341658341, 0.5274725274725275]
Attempt  86
Score of validation 0.6414342629482072
Score of training 0.999000999000999
Score of validation (classical) [0.7250996015936255, 0.7808764940239044, 0.8007968127490039, 0.5936254980079682]
Score of training (classical) [0.7512487512487512, 0.8551448551448552, 0.8491508491508492, 0.5444555444555444]
Attempt  87
Score of validation 0.6095617529880478
Score of training 0.998001998001998
Score of validation (classical) [0.7171314741035857, 0.8406374501992032, 0.8247011952191236, 0.545816733067729]
Score of training (classical) [0.7302697302697303, 0.8231768231768232, 0.8201798201798202, 0.5654345654345654]
Attempt  88
Score of validation 0.6693227091633466
Score of training 1.0
Score of validation (classical) [0.701195219123506, 0.8047808764940239, 0.7729083665338645, 0.5418326693227091]
Score of training (classical) [0.7382617382617382, 0.8441558441558441, 0.8351648351648352, 0.5584415584415584]
Attempt  89
Score of validation 0.6454183266932271
Score of training 1.0
Score of validation (classical) [0.7091633466135459, 0.7888446215139442, 0.7888446215139442, 0.4940239043824701]
Score of training (classical) [0.7002997002997003, 0.8471528471528471, 0.8411588411588412, 0.5164835164835165]
Attempt  90
Score of validation 0.6454183266932271
Score of training 0.998001998001998
Score of validation (classical) [0.7211155378486056, 0.8286852589641435, 0.8366533864541833, 0.5816733067729084]
Score of training (classical) [0.6983016983016983, 0.8441558441558441, 0.8301698301698301, 0.5354645354645354]
Attempt  91
Score of validation 0.6095617529880478
Score of training 0.999000999000999
Score of validation (classical) [0.7131474103585658, 0.8087649402390438, 0.7848605577689243, 0.6055776892430279]
Score of training (classical) [0.7432567432567433, 0.8441558441558441, 0.8481518481518482, 0.5314685314685315]
Attempt  92
Score of validation 0.6055776892430279
Score of training 0.993006993006993
Score of validation (classical) [0.6852589641434262, 0.796812749003984, 0.7928286852589641, 0.5258964143426295]
Score of training (classical) [0.7032967032967034, 0.8451548451548452, 0.8421578421578422, 0.5494505494505495]
Attempt  93
Score of validation 0.6812749003984063
Score of training 0.998001998001998
Score of validation (classical) [0.6812749003984063, 0.7928286852589641, 0.8047808764940239, 0.5697211155378487]
Score of training (classical) [0.7242757242757243, 0.8391608391608392, 0.8451548451548452, 0.5544455544455544]
Attempt  94
Score of validation 0.6215139442231076
Score of training 0.998001998001998
Score of validation (classical) [0.7290836653386454, 0.7808764940239044, 0.7808764940239044, 0.5737051792828686]
Score of training (classical) [0.7212787212787213, 0.8351648351648352, 0.8381618381618382, 0.5574425574425574]
Attempt  95
Score of validation 0.5737051792828686
Score of training 0.997002997002997
Score of validation (classical) [0.7250996015936255, 0.8406374501992032, 0.8127490039840638, 0.5816733067729084]
Score of training (classical) [0.7372627372627373, 0.8451548451548452, 0.8491508491508492, 0.5304695304695305]
Attempt  96
Score of validation 0.6334661354581673
Score of training 0.999000999000999
Score of validation (classical) [0.7689243027888446, 0.8326693227091634, 0.8286852589641435, 0.6095617529880478]
Score of training (classical) [0.7192807192807192, 0.8321678321678322, 0.8201798201798202, 0.5414585414585414]
Attempt  97
Score of validation 0.5776892430278885
Score of training 0.998001998001998
Score of validation (classical) [0.7250996015936255, 0.8087649402390438, 0.8007968127490039, 0.5298804780876494]
Score of training (classical) [0.7292707292707292, 0.8491508491508492, 0.8471528471528471, 0.5294705294705294]
Attempt  98
Score of validation 0.5896414342629482
Score of training 0.999000999000999
Score of validation (classical) [0.7768924302788844, 0.8286852589641435, 0.8326693227091634, 0.5617529880478087]
Score of training (classical) [0.7272727272727273, 0.8411588411588412, 0.8481518481518482, 0.5184815184815185]
Attempt  99
Score of validation 0.5617529880478087
Score of training 0.999000999000999
Score of validation (classical) [0.7211155378486056, 0.7768924302788844, 0.7689243027888446, 0.549800796812749]
Score of training (classical) [0.7472527472527473, 0.8431568431568431, 0.8481518481518482, 0.5524475524475524]
Attempt  100
Score of validation 0.5936254980079682
Score of training 0.994005994005994
Score of validation (classical) [0.7290836653386454, 0.8406374501992032, 0.8286852589641435, 0.5936254980079682]
Score of training (classical) [0.6953046953046953, 0.8321678321678322, 0.8331668331668332, 0.5334665334665335]
Attempt  101
Score of validation 0.5657370517928287
Score of training 1.0
Score of validation (classical) [0.7131474103585658, 0.8286852589641435, 0.8326693227091634, 0.601593625498008]
Score of training (classical) [0.7322677322677322, 0.8451548451548452, 0.8441558441558441, 0.5454545454545454]
Attempt  102
Score of validation 0.5856573705179283
Score of training 0.998001998001998
Score of validation (classical) [0.7569721115537849, 0.8446215139442231, 0.8406374501992032, 0.5697211155378487]
Score of training (classical) [0.7222777222777222, 0.8331668331668332, 0.8311688311688312, 0.5494505494505495]
Attempt  103
Score of validation 0.5976095617529881
Score of training 0.999000999000999
Score of validation (classical) [0.7171314741035857, 0.8047808764940239, 0.8047808764940239, 0.601593625498008]
Score of training (classical) [0.7012987012987013, 0.8381618381618382, 0.8371628371628371, 0.5434565434565435]
Attempt  104
Score of validation 0.6374501992031872
Score of training 1.0
Score of validation (classical) [0.6892430278884463, 0.8406374501992032, 0.8167330677290837, 0.5657370517928287]
Score of training (classical) [0.7422577422577422, 0.8421578421578422, 0.8331668331668332, 0.5474525474525475]
Attempt  105
Score of validation 0.5976095617529881
Score of training 0.999000999000999
Score of validation (classical) [0.7450199203187251, 0.8207171314741036, 0.8286852589641435, 0.5936254980079682]
Score of training (classical) [0.7512487512487512, 0.8361638361638362, 0.8421578421578422, 0.5484515484515484]
Attempt  106
Score of validation 0.6454183266932271
Score of training 0.998001998001998
Score of validation (classical) [0.6772908366533864, 0.8087649402390438, 0.796812749003984, 0.5298804780876494]
Score of training (classical) [0.7202797202797203, 0.8411588411588412, 0.8321678321678322, 0.5394605394605395]
Attempt  107
Score of validation 0.5816733067729084
Score of training 0.997002997002997
Score of validation (classical) [0.7171314741035857, 0.7928286852589641, 0.8007968127490039, 0.6414342629482072]
Score of training (classical) [0.7292707292707292, 0.8411588411588412, 0.8471528471528471, 0.5264735264735265]
Attempt  108
Score of validation 0.6374501992031872
Score of training 0.998001998001998
Score of validation (classical) [0.701195219123506, 0.8007968127490039, 0.8127490039840638, 0.5856573705179283]
Score of training (classical) [0.7432567432567433, 0.8511488511488512, 0.8481518481518482, 0.5454545454545454]
Attempt  109
Score of validation 0.6215139442231076
Score of training 0.998001998001998
Score of validation (classical) [0.6772908366533864, 0.7729083665338645, 0.7609561752988048, 0.5936254980079682]
Score of training (classical) [0.7412587412587412, 0.8551448551448552, 0.8571428571428571, 0.5444555444555444]
Attempt  110
Score of validation 0.6693227091633466
Score of training 0.998001998001998
Score of validation (classical) [0.7529880478087649, 0.8087649402390438, 0.7848605577689243, 0.5577689243027888]
Score of training (classical) [0.7422577422577422, 0.8521478521478522, 0.8441558441558441, 0.5404595404595405]
Attempt  111
Score of validation 0.6374501992031872
Score of training 0.997002997002997
Score of validation (classical) [0.7171314741035857, 0.8087649402390438, 0.8087649402390438, 0.545816733067729]
Score of training (classical) [0.7462537462537463, 0.8371628371628371, 0.8381618381618382, 0.5484515484515484]
Attempt  112
Score of validation 0.6055776892430279
Score of training 0.998001998001998
Score of validation (classical) [0.6294820717131474, 0.7768924302788844, 0.7569721115537849, 0.5298804780876494]
Score of training (classical) [0.7162837162837162, 0.8441558441558441, 0.8481518481518482, 0.5694305694305695]
Attempt  113
Score of validation 0.6334661354581673
Score of training 0.999000999000999
Score of validation (classical) [0.7450199203187251, 0.848605577689243, 0.8207171314741036, 0.5577689243027888]
Score of training (classical) [0.7392607392607392, 0.8321678321678322, 0.8401598401598401, 0.5654345654345654]
Attempt  114
Score of validation 0.6215139442231076
Score of training 1.0
Score of validation (classical) [0.7290836653386454, 0.7649402390438247, 0.7649402390438247, 0.601593625498008]
Score of training (classical) [0.7062937062937062, 0.8551448551448552, 0.8471528471528471, 0.5564435564435565]
Attempt  115
Score of validation 0.6055776892430279
Score of training 0.998001998001998
Score of validation (classical) [0.7450199203187251, 0.8406374501992032, 0.848605577689243, 0.5776892430278885]
Score of training (classical) [0.7242757242757243, 0.8311688311688312, 0.8311688311688312, 0.5354645354645354]
Attempt  116
Score of validation 0.6215139442231076
Score of training 0.998001998001998
Score of validation (classical) [0.6812749003984063, 0.7848605577689243, 0.7689243027888446, 0.5378486055776892]
Score of training (classical) [0.7102897102897103, 0.8461538461538461, 0.8441558441558441, 0.5404595404595405]
Attempt  117
Score of validation 0.6294820717131474
Score of training 0.997002997002997
Score of validation (classical) [0.6533864541832669, 0.7330677290836654, 0.7410358565737052, 0.5139442231075697]
Score of training (classical) [0.7632367632367633, 0.8481518481518482, 0.8491508491508492, 0.5724275724275725]
Attempt  118
Score of validation 0.5378486055776892
Score of training 0.998001998001998
Score of validation (classical) [0.6733067729083665, 0.8167330677290837, 0.796812749003984, 0.5258964143426295]
Score of training (classical) [0.7552447552447552, 0.8361638361638362, 0.8411588411588412, 0.5444555444555444]
Attempt  119
Score of validation 0.6613545816733067
Score of training 0.996003996003996
Score of validation (classical) [0.7211155378486056, 0.8087649402390438, 0.8087649402390438, 0.5697211155378487]
Score of training (classical) [0.7022977022977023, 0.8351648351648352, 0.8221778221778222, 0.5494505494505495]
Attempt  120
Score of validation 0.5657370517928287
Score of training 0.998001998001998
Score of validation (classical) [0.649402390438247, 0.7928286852589641, 0.7848605577689243, 0.5737051792828686]
Score of training (classical) [0.7202797202797203, 0.8491508491508492, 0.8421578421578422, 0.5394605394605395]
Attempt  121
Score of validation 0.6334661354581673
Score of training 0.999000999000999
Score of validation (classical) [0.7131474103585658, 0.7888446215139442, 0.7928286852589641, 0.5856573705179283]
Score of training (classical) [0.7402597402597403, 0.8361638361638362, 0.8471528471528471, 0.5444555444555444]
Attempt  122
Score of validation 0.6653386454183267
Score of training 0.999000999000999
Score of validation (classical) [0.7250996015936255, 0.8007968127490039, 0.8087649402390438, 0.5418326693227091]
Score of training (classical) [0.7412587412587412, 0.8311688311688312, 0.8381618381618382, 0.5574425574425574]
Attempt  123
Score of validation 0.6414342629482072
Score of training 0.998001998001998
Score of validation (classical) [0.7370517928286853, 0.8286852589641435, 0.8247011952191236, 0.549800796812749]
Score of training (classical) [0.7422577422577422, 0.8321678321678322, 0.8341658341658341, 0.5464535464535465]
Attempt  124
Score of validation 0.6215139442231076
Score of training 1.0
Score of validation (classical) [0.6972111553784861, 0.8047808764940239, 0.7888446215139442, 0.5896414342629482]
Score of training (classical) [0.7482517482517482, 0.8311688311688312, 0.8401598401598401, 0.5744255744255744]
Attempt  125
Score of validation 0.6454183266932271
Score of training 0.998001998001998
Score of validation (classical) [0.7091633466135459, 0.8366533864541833, 0.8207171314741036, 0.5378486055776892]
Score of training (classical) [0.7292707292707292, 0.8451548451548452, 0.8421578421578422, 0.5224775224775224]
Attempt  126
Score of validation 0.6533864541832669
Score of training 0.998001998001998
Score of validation (classical) [0.7250996015936255, 0.8247011952191236, 0.8286852589641435, 0.6055776892430279]
Score of training (classical) [0.6973026973026973, 0.8281718281718282, 0.8191808191808192, 0.5304695304695305]
Attempt  127
Score of validation 0.6733067729083665
Score of training 0.998001998001998
Score of validation (classical) [0.7450199203187251, 0.848605577689243, 0.8366533864541833, 0.5776892430278885]
Score of training (classical) [0.7302697302697303, 0.8321678321678322, 0.8471528471528471, 0.5164835164835165]
Attempt  128
Score of validation 0.6334661354581673
Score of training 0.996003996003996
Score of validation (classical) [0.7450199203187251, 0.8007968127490039, 0.8565737051792829, 0.6175298804780877]
Score of training (classical) [0.7002997002997003, 0.8111888111888111, 0.8521478521478522, 0.5134865134865135]
Attempt  129
Score of validation 0.5936254980079682
Score of training 1.0
Score of validation (classical) [0.7450199203187251, 0.8007968127490039, 0.7649402390438247, 0.5378486055776892]
Score of training (classical) [0.7542457542457542, 0.8511488511488512, 0.8541458541458542, 0.5604395604395604]
Attempt  130
Score of validation 0.649402390438247
Score of training 1.0
Score of validation (classical) [0.6852589641434262, 0.7689243027888446, 0.7768924302788844, 0.5219123505976095]
Score of training (classical) [0.7492507492507493, 0.8431568431568431, 0.8461538461538461, 0.5424575424575424]
Attempt  131
Score of validation 0.6733067729083665
Score of training 0.998001998001998
Score of validation (classical) [0.7211155378486056, 0.8605577689243028, 0.8446215139442231, 0.5418326693227091]
Score of training (classical) [0.7462537462537463, 0.8361638361638362, 0.8221778221778222, 0.5314685314685315]
Attempt  132
Score of validation 0.6892430278884463
Score of training 0.999000999000999
Score of validation (classical) [0.7888446215139442, 0.848605577689243, 0.8565737051792829, 0.5936254980079682]
Score of training (classical) [0.7332667332667333, 0.8181818181818182, 0.8231768231768232, 0.5464535464535465]
Attempt  133
Score of validation 0.5896414342629482
Score of training 0.999000999000999
Score of validation (classical) [0.6693227091633466, 0.8087649402390438, 0.8007968127490039, 0.5258964143426295]
Score of training (classical) [0.7532467532467533, 0.8481518481518482, 0.8391608391608392, 0.5724275724275725]
Attempt  134
Score of validation 0.6294820717131474
Score of training 1.0
Score of validation (classical) [0.7051792828685259, 0.7928286852589641, 0.7768924302788844, 0.5816733067729084]
Score of training (classical) [0.7412587412587412, 0.8391608391608392, 0.8341658341658341, 0.5354645354645354]
Attempt  135
Score of validation 0.6095617529880478
Score of training 0.999000999000999
Score of validation (classical) [0.6852589641434262, 0.7529880478087649, 0.7689243027888446, 0.5139442231075697]
Score of training (classical) [0.7562437562437563, 0.8621378621378621, 0.8641358641358642, 0.5334665334665335]
Attempt  136
Score of validation 0.5856573705179283
Score of training 0.999000999000999
Score of validation (classical) [0.7051792828685259, 0.796812749003984, 0.8087649402390438, 0.5697211155378487]
Score of training (classical) [0.7362637362637363, 0.8451548451548452, 0.8501498501498501, 0.5624375624375625]
Attempt  137
Score of validation 0.6215139442231076
Score of training 1.0
Score of validation (classical) [0.7450199203187251, 0.8047808764940239, 0.8366533864541833, 0.5617529880478087]
Score of training (classical) [0.7382617382617382, 0.8381618381618382, 0.8461538461538461, 0.5444555444555444]
Attempt  138
Score of validation 0.6733067729083665
Score of training 0.999000999000999
Score of validation (classical) [0.7569721115537849, 0.8167330677290837, 0.8247011952191236, 0.5856573705179283]
Score of training (classical) [0.7262737262737263, 0.8401598401598401, 0.8301698301698301, 0.5304695304695305]
Attempt  139
Score of validation 0.6254980079681275
Score of training 0.996003996003996
Score of validation (classical) [0.6693227091633466, 0.7729083665338645, 0.7609561752988048, 0.5378486055776892]
Score of training (classical) [0.7132867132867133, 0.8321678321678322, 0.8281718281718282, 0.5354645354645354]
Attempt  140
Score of validation 0.6454183266932271
Score of training 0.997002997002997
Score of validation (classical) [0.749003984063745, 0.8247011952191236, 0.8366533864541833, 0.6055776892430279]
Score of training (classical) [0.6953046953046953, 0.8371628371628371, 0.8271728271728271, 0.5244755244755245]
Attempt  141
Score of validation 0.6533864541832669
Score of training 1.0
Score of validation (classical) [0.7330677290836654, 0.8326693227091634, 0.8286852589641435, 0.5577689243027888]
Score of training (classical) [0.7332667332667333, 0.8431568431568431, 0.8341658341658341, 0.5334665334665335]
Attempt  142
Score of validation 0.5856573705179283
Score of training 0.999000999000999
Score of validation (classical) [0.7729083665338645, 0.8446215139442231, 0.8406374501992032, 0.5617529880478087]
Score of training (classical) [0.7202797202797203, 0.8481518481518482, 0.8511488511488512, 0.5204795204795205]
Attempt  143
Score of validation 0.6294820717131474
Score of training 1.0
Score of validation (classical) [0.7370517928286853, 0.796812749003984, 0.8087649402390438, 0.5298804780876494]
Score of training (classical) [0.7412587412587412, 0.8361638361638362, 0.8441558441558441, 0.5614385614385614]
Attempt  144
Score of validation 0.6294820717131474
Score of training 0.997002997002997
Score of validation (classical) [0.7131474103585658, 0.8047808764940239, 0.8087649402390438, 0.549800796812749]
Score of training (classical) [0.7002997002997003, 0.8421578421578422, 0.8331668331668332, 0.5554445554445554]
Attempt  145
Score of validation 0.6414342629482072
Score of training 0.996003996003996
Score of validation (classical) [0.7250996015936255, 0.8406374501992032, 0.8167330677290837, 0.5298804780876494]
Score of training (classical) [0.7242757242757243, 0.8361638361638362, 0.8421578421578422, 0.5464535464535465]
Attempt  146
Score of validation 0.6135458167330677
Score of training 1.0
Score of validation (classical) [0.6972111553784861, 0.8127490039840638, 0.8087649402390438, 0.5856573705179283]
Score of training (classical) [0.7612387612387612, 0.8461538461538461, 0.8491508491508492, 0.5364635364635365]
Attempt  147
Score of validation 0.6454183266932271
Score of training 1.0
Score of validation (classical) [0.749003984063745, 0.7808764940239044, 0.7888446215139442, 0.5737051792828686]
Score of training (classical) [0.7512487512487512, 0.8471528471528471, 0.8421578421578422, 0.5684315684315684]
Attempt  148
Score of validation 0.6215139442231076
Score of training 0.996003996003996
Score of validation (classical) [0.6932270916334662, 0.8087649402390438, 0.8167330677290837, 0.5378486055776892]
Score of training (classical) [0.7422577422577422, 0.8511488511488512, 0.8441558441558441, 0.5454545454545454]
Attempt  149
Score of validation 0.6215139442231076
Score of training 0.999000999000999
Score of validation (classical) [0.7091633466135459, 0.8286852589641435, 0.8326693227091634, 0.5776892430278885]
Score of training (classical) [0.7272727272727273, 0.8401598401598401, 0.8341658341658341, 0.5434565434565435]
Attempt  150
Score of validation 0.5657370517928287
Score of training 0.998001998001998
Score of validation (classical) [0.7211155378486056, 0.796812749003984, 0.7928286852589641, 0.5577689243027888]
Score of training (classical) [0.7252747252747253, 0.8441558441558441, 0.8411588411588412, 0.5574425574425574]
Attempt  151
Score of validation 0.6573705179282868
Score of training 1.0
Score of validation (classical) [0.7171314741035857, 0.8207171314741036, 0.8247011952191236, 0.545816733067729]
Score of training (classical) [0.7372627372627373, 0.8371628371628371, 0.8391608391608392, 0.5544455544455544]
Attempt  152
Score of validation 0.6135458167330677
Score of training 0.997002997002997
Score of validation (classical) [0.7370517928286853, 0.7808764940239044, 0.7848605577689243, 0.549800796812749]
Score of training (classical) [0.7312687312687313, 0.8511488511488512, 0.8411588411588412, 0.5284715284715285]
Attempt  153
Score of validation 0.5258964143426295
Score of training 0.998001998001998
Score of validation (classical) [0.7529880478087649, 0.8247011952191236, 0.8167330677290837, 0.5577689243027888]
Score of training (classical) [0.7462537462537463, 0.8371628371628371, 0.8301698301698301, 0.5314685314685315]
Attempt  154
Score of validation 0.6693227091633466
Score of training 1.0
Score of validation (classical) [0.7091633466135459, 0.7928286852589641, 0.7888446215139442, 0.4900398406374502]
Score of training (classical) [0.7522477522477522, 0.8391608391608392, 0.8431568431568431, 0.5654345654345654]
Attempt  155
Score of validation 0.6374501992031872
Score of training 0.996003996003996
Score of validation (classical) [0.7330677290836654, 0.8207171314741036, 0.8207171314741036, 0.5338645418326693]
Score of training (classical) [0.7492507492507493, 0.8351648351648352, 0.8321678321678322, 0.5314685314685315]
Attempt  156
Score of validation 0.6254980079681275
Score of training 1.0
Score of validation (classical) [0.6892430278884463, 0.7729083665338645, 0.7928286852589641, 0.5896414342629482]
Score of training (classical) [0.7332667332667333, 0.8321678321678322, 0.8221778221778222, 0.5674325674325674]
Attempt  157
Score of validation 0.6812749003984063
Score of training 0.999000999000999
Score of validation (classical) [0.7171314741035857, 0.796812749003984, 0.8087649402390438, 0.5537848605577689]
Score of training (classical) [0.7392607392607392, 0.8431568431568431, 0.8431568431568431, 0.5704295704295704]
Attempt  158
Score of validation 0.6135458167330677
Score of training 0.996003996003996
Score of validation (classical) [0.7370517928286853, 0.8167330677290837, 0.796812749003984, 0.5657370517928287]
Score of training (classical) [0.7352647352647352, 0.8381618381618382, 0.8431568431568431, 0.5334665334665335]
Attempt  159
Score of validation 0.5776892430278885
Score of training 1.0
Score of validation (classical) [0.7330677290836654, 0.8207171314741036, 0.8366533864541833, 0.549800796812749]
Score of training (classical) [0.7162837162837162, 0.8361638361638362, 0.8311688311688312, 0.5404595404595405]
Attempt  160
Score of validation 0.6175298804780877
Score of training 0.998001998001998
Score of validation (classical) [0.7450199203187251, 0.8326693227091634, 0.8207171314741036, 0.5816733067729084]
Score of training (classical) [0.7502497502497503, 0.8401598401598401, 0.8321678321678322, 0.5484515484515484]
Attempt  161
Score of validation 0.6454183266932271
Score of training 1.0
Score of validation (classical) [0.6892430278884463, 0.796812749003984, 0.7848605577689243, 0.5816733067729084]
Score of training (classical) [0.7032967032967034, 0.8481518481518482, 0.8551448551448552, 0.5304695304695305]
Attempt  162
Score of validation 0.5856573705179283
Score of training 1.0
Score of validation (classical) [0.7290836653386454, 0.8247011952191236, 0.8047808764940239, 0.5418326693227091]
Score of training (classical) [0.7312687312687313, 0.8461538461538461, 0.8461538461538461, 0.5264735264735265]
Attempt  163
Score of validation 0.6573705179282868
Score of training 0.999000999000999
Score of validation (classical) [0.7330677290836654, 0.8167330677290837, 0.8087649402390438, 0.5418326693227091]
Score of training (classical) [0.7412587412587412, 0.8401598401598401, 0.8491508491508492, 0.5264735264735265]
Attempt  164
Score of validation 0.6454183266932271
Score of training 1.0
Score of validation (classical) [0.7370517928286853, 0.7888446215139442, 0.7928286852589641, 0.5378486055776892]
Score of training (classical) [0.7192807192807192, 0.8451548451548452, 0.8431568431568431, 0.5344655344655345]
Attempt  165
Score of validation 0.5776892430278885
Score of training 1.0
Score of validation (classical) [0.6972111553784861, 0.7928286852589641, 0.7569721115537849, 0.5976095617529881]
Score of training (classical) [0.7412587412587412, 0.8351648351648352, 0.8311688311688312, 0.5764235764235764]
Attempt  166
Score of validation 0.6215139442231076
Score of training 0.998001998001998
Score of validation (classical) [0.6852589641434262, 0.8127490039840638, 0.796812749003984, 0.5816733067729084]
Score of training (classical) [0.7102897102897103, 0.8321678321678322, 0.8351648351648352, 0.5454545454545454]
Attempt  167
Score of validation 0.649402390438247
Score of training 1.0
Score of validation (classical) [0.7051792828685259, 0.7808764940239044, 0.8087649402390438, 0.6254980079681275]
Score of training (classical) [0.7002997002997003, 0.8301698301698301, 0.8421578421578422, 0.5664335664335665]
Attempt  168
Score of validation 0.649402390438247
Score of training 1.0
Score of validation (classical) [0.7131474103585658, 0.8007968127490039, 0.7888446215139442, 0.5737051792828686]
Score of training (classical) [0.7432567432567433, 0.8381618381618382, 0.8371628371628371, 0.5324675324675324]
Attempt  169
Score of validation 0.601593625498008
Score of training 1.0
Score of validation (classical) [0.7211155378486056, 0.8047808764940239, 0.8127490039840638, 0.5697211155378487]
Score of training (classical) [0.7322677322677322, 0.8351648351648352, 0.8461538461538461, 0.5584415584415584]
Attempt  170
Score of validation 0.6175298804780877
Score of training 0.999000999000999
Score of validation (classical) [0.7211155378486056, 0.7928286852589641, 0.7848605577689243, 0.5976095617529881]
Score of training (classical) [0.7342657342657343, 0.8371628371628371, 0.8341658341658341, 0.5674325674325674]
Attempt  171
Score of validation 0.6215139442231076
Score of training 1.0
Score of validation (classical) [0.7370517928286853, 0.8167330677290837, 0.8007968127490039, 0.5856573705179283]
Score of training (classical) [0.7462537462537463, 0.8241758241758241, 0.8331668331668332, 0.5544455544455544]
Attempt  172
Score of validation 0.6613545816733067
Score of training 0.997002997002997
Score of validation (classical) [0.7529880478087649, 0.8047808764940239, 0.8366533864541833, 0.601593625498008]
Score of training (classical) [0.7252747252747253, 0.8351648351648352, 0.8401598401598401, 0.5384615384615384]
Attempt  173
Score of validation 0.6215139442231076
Score of training 1.0
Score of validation (classical) [0.7410358565737052, 0.8087649402390438, 0.8207171314741036, 0.5657370517928287]
Score of training (classical) [0.7352647352647352, 0.8391608391608392, 0.8361638361638362, 0.5274725274725275]
Attempt  174
Score of validation 0.6414342629482072
Score of training 1.0
Score of validation (classical) [0.7091633466135459, 0.8007968127490039, 0.8087649402390438, 0.5617529880478087]
Score of training (classical) [0.7432567432567433, 0.8341658341658341, 0.8411588411588412, 0.5514485514485514]
Attempt  175
Score of validation 0.6613545816733067
Score of training 0.996003996003996
Score of validation (classical) [0.7370517928286853, 0.8446215139442231, 0.8446215139442231, 0.601593625498008]
Score of training (classical) [0.6943056943056943, 0.8141858141858141, 0.8101898101898102, 0.5604395604395604]
Attempt  176
Score of validation 0.6533864541832669
Score of training 0.997002997002997
Score of validation (classical) [0.7450199203187251, 0.8167330677290837, 0.8087649402390438, 0.5737051792828686]
Score of training (classical) [0.7322677322677322, 0.8441558441558441, 0.8491508491508492, 0.5484515484515484]
Attempt  177
Score of validation 0.5896414342629482
Score of training 0.994005994005994
Score of validation (classical) [0.7091633466135459, 0.7689243027888446, 0.7848605577689243, 0.5776892430278885]
Score of training (classical) [0.7042957042957043, 0.8371628371628371, 0.8441558441558441, 0.5304695304695305]
Attempt  178
Score of validation 0.6772908366533864
Score of training 1.0
Score of validation (classical) [0.749003984063745, 0.8326693227091634, 0.8406374501992032, 0.5219123505976095]
Score of training (classical) [0.7362637362637363, 0.8351648351648352, 0.8351648351648352, 0.5124875124875125]
Attempt  179
Score of validation 0.5657370517928287
Score of training 0.997002997002997
Score of validation (classical) [0.7051792828685259, 0.7888446215139442, 0.7888446215139442, 0.5776892430278885]
Score of training (classical) [0.7452547452547452, 0.8481518481518482, 0.8441558441558441, 0.5604395604395604]
Attempt  180
Score of validation 0.601593625498008
Score of training 0.998001998001998
Score of validation (classical) [0.749003984063745, 0.7928286852589641, 0.8047808764940239, 0.5298804780876494]
Score of training (classical) [0.7482517482517482, 0.8431568431568431, 0.8421578421578422, 0.5504495504495505]
Attempt  181
Score of validation 0.6374501992031872
Score of training 0.998001998001998
Score of validation (classical) [0.7211155378486056, 0.7928286852589641, 0.796812749003984, 0.545816733067729]
Score of training (classical) [0.7412587412587412, 0.8281718281718282, 0.8341658341658341, 0.5354645354645354]
Attempt  182
Score of validation 0.649402390438247
Score of training 0.998001998001998
Score of validation (classical) [0.7171314741035857, 0.7848605577689243, 0.8167330677290837, 0.5737051792828686]
Score of training (classical) [0.7082917082917083, 0.7942057942057942, 0.8471528471528471, 0.5554445554445554]
Attempt  183
Score of validation 0.6254980079681275
Score of training 0.997002997002997
Score of validation (classical) [0.7171314741035857, 0.7808764940239044, 0.8047808764940239, 0.5577689243027888]
Score of training (classical) [0.6953046953046953, 0.8391608391608392, 0.8321678321678322, 0.5314685314685315]
Attempt  184
Score of validation 0.6095617529880478
Score of training 0.998001998001998
Score of validation (classical) [0.7091633466135459, 0.8167330677290837, 0.8047808764940239, 0.5219123505976095]
Score of training (classical) [0.7042957042957043, 0.8391608391608392, 0.8261738261738262, 0.5454545454545454]
Attempt  185
Score of validation 0.6533864541832669
Score of training 1.0
Score of validation (classical) [0.7091633466135459, 0.7768924302788844, 0.7649402390438247, 0.49800796812749004]
Score of training (classical) [0.7362637362637363, 0.8571428571428571, 0.8621378621378621, 0.5504495504495505]
Attempt  186
Score of validation 0.601593625498008
Score of training 0.998001998001998
Score of validation (classical) [0.7250996015936255, 0.8007968127490039, 0.8127490039840638, 0.5737051792828686]
Score of training (classical) [0.7242757242757243, 0.8261738261738262, 0.8341658341658341, 0.5274725274725275]
Attempt  187
Score of validation 0.6215139442231076
Score of training 1.0
Score of validation (classical) [0.7330677290836654, 0.8366533864541833, 0.8326693227091634, 0.5697211155378487]
Score of training (classical) [0.7322677322677322, 0.8361638361638362, 0.8401598401598401, 0.5284715284715285]
Attempt  188
Score of validation 0.6573705179282868
Score of training 0.999000999000999
Score of validation (classical) [0.7330677290836654, 0.7888446215139442, 0.8207171314741036, 0.5219123505976095]
Score of training (classical) [0.7442557442557443, 0.8271728271728271, 0.8341658341658341, 0.5794205794205795]
Attempt  189
Score of validation 0.5776892430278885
Score of training 0.998001998001998
Score of validation (classical) [0.7250996015936255, 0.7928286852589641, 0.8007968127490039, 0.5896414342629482]
Score of training (classical) [0.7532467532467533, 0.8391608391608392, 0.8451548451548452, 0.5644355644355644]
Attempt  190
Score of validation 0.5896414342629482
Score of training 0.998001998001998
Score of validation (classical) [0.7450199203187251, 0.7848605577689243, 0.7888446215139442, 0.6135458167330677]
Score of training (classical) [0.7472527472527473, 0.8351648351648352, 0.8341658341658341, 0.5434565434565435]
Attempt  191
Score of validation 0.6175298804780877
Score of training 1.0
Score of validation (classical) [0.7330677290836654, 0.7928286852589641, 0.7848605577689243, 0.6254980079681275]
Score of training (classical) [0.7282717282717283, 0.8351648351648352, 0.8361638361638362, 0.5504495504495505]
Attempt  192
Score of validation 0.6454183266932271
Score of training 0.996003996003996
Score of validation (classical) [0.6693227091633466, 0.796812749003984, 0.7848605577689243, 0.5577689243027888]
Score of training (classical) [0.7132867132867133, 0.8381618381618382, 0.8381618381618382, 0.5244755244755245]
Attempt  193
Score of validation 0.6055776892430279
Score of training 0.999000999000999
Score of validation (classical) [0.7370517928286853, 0.7928286852589641, 0.7928286852589641, 0.6055776892430279]
Score of training (classical) [0.7432567432567433, 0.8451548451548452, 0.8461538461538461, 0.5254745254745254]
Attempt  194
Score of validation 0.6613545816733067
Score of training 0.999000999000999
Score of validation (classical) [0.7370517928286853, 0.796812749003984, 0.8047808764940239, 0.549800796812749]
Score of training (classical) [0.7462537462537463, 0.8501498501498501, 0.8411588411588412, 0.5354645354645354]
Attempt  195
Score of validation 0.6334661354581673
Score of training 0.999000999000999
Score of validation (classical) [0.6972111553784861, 0.7928286852589641, 0.8047808764940239, 0.5298804780876494]
Score of training (classical) [0.7442557442557443, 0.8431568431568431, 0.8511488511488512, 0.5424575424575424]
Attempt  196
Score of validation 0.5816733067729084
Score of training 0.998001998001998
Score of validation (classical) [0.7250996015936255, 0.8127490039840638, 0.8127490039840638, 0.5378486055776892]
Score of training (classical) [0.7332667332667333, 0.8371628371628371, 0.8371628371628371, 0.5314685314685315]
Attempt  197
Score of validation 0.6972111553784861
Score of training 0.999000999000999
Score of validation (classical) [0.7649402390438247, 0.8326693227091634, 0.8247011952191236, 0.5976095617529881]
Score of training (classical) [0.7332667332667333, 0.8451548451548452, 0.8501498501498501, 0.5284715284715285]
Attempt  198
Score of validation 0.6254980079681275
Score of training 0.998001998001998
Score of validation (classical) [0.7131474103585658, 0.8286852589641435, 0.8127490039840638, 0.5657370517928287]
Score of training (classical) [0.6973026973026973, 0.8351648351648352, 0.8281718281718282, 0.5324675324675324]
Attempt  199
Score of validation 0.649402390438247
Score of training 0.999000999000999
Score of validation (classical) [0.7609561752988048, 0.8127490039840638, 0.8127490039840638, 0.5976095617529881]
Score of training (classical) [0.7362637362637363, 0.8451548451548452, 0.8481518481518482, 0.5414585414585414]
Attempt  200
Score of validation 0.5976095617529881
Score of training 0.999000999000999
Score of validation (classical) [0.7131474103585658, 0.8007968127490039, 0.8087649402390438, 0.5657370517928287]
Score of training (classical) [0.7362637362637363, 0.8401598401598401, 0.8341658341658341, 0.5794205794205795]
Attempt  201
Score of validation 0.6733067729083665
Score of training 0.998001998001998
Score of validation (classical) [0.7529880478087649, 0.796812749003984, 0.8007968127490039, 0.545816733067729]
Score of training (classical) [0.7482517482517482, 0.8421578421578422, 0.8451548451548452, 0.5234765234765235]
Attempt  202
Score of validation 0.6374501992031872
Score of training 0.998001998001998
Score of validation (classical) [0.7410358565737052, 0.8366533864541833, 0.8446215139442231, 0.5219123505976095]
Score of training (classical) [0.7312687312687313, 0.8351648351648352, 0.8351648351648352, 0.5414585414585414]
Attempt  203
Score of validation 0.649402390438247
Score of training 1.0
Score of validation (classical) [0.7211155378486056, 0.7928286852589641, 0.796812749003984, 0.545816733067729]
Score of training (classical) [0.7422577422577422, 0.8451548451548452, 0.8411588411588412, 0.5454545454545454]
Attempt  204
Score of validation 0.6294820717131474
Score of training 0.998001998001998
Score of validation (classical) [0.6812749003984063, 0.7808764940239044, 0.7928286852589641, 0.5099601593625498]
Score of training (classical) [0.7502497502497503, 0.8371628371628371, 0.8411588411588412, 0.5394605394605395]
Attempt  205
Score of validation 0.6812749003984063
Score of training 1.0
Score of validation (classical) [0.749003984063745, 0.8247011952191236, 0.8127490039840638, 0.5258964143426295]
Score of training (classical) [0.7352647352647352, 0.8441558441558441, 0.8441558441558441, 0.5304695304695305]
Attempt  206
Score of validation 0.6733067729083665
Score of training 1.0
Score of validation (classical) [0.7529880478087649, 0.8087649402390438, 0.8167330677290837, 0.5617529880478087]
Score of training (classical) [0.7212787212787213, 0.8291708291708292, 0.8401598401598401, 0.5264735264735265]
Attempt  207
Score of validation 0.6334661354581673
Score of training 0.999000999000999
Score of validation (classical) [0.7131474103585658, 0.8167330677290837, 0.8127490039840638, 0.5298804780876494]
Score of training (classical) [0.7012987012987013, 0.8281718281718282, 0.8311688311688312, 0.5594405594405595]
Attempt  208
Score of validation 0.6812749003984063
Score of training 0.999000999000999
Score of validation (classical) [0.7768924302788844, 0.8446215139442231, 0.8605577689243028, 0.5936254980079682]
Score of training (classical) [0.7212787212787213, 0.8331668331668332, 0.8311688311688312, 0.5174825174825175]
Attempt  209
Score of validation 0.6095617529880478
Score of training 0.999000999000999
Score of validation (classical) [0.7051792828685259, 0.8127490039840638, 0.7768924302788844, 0.5378486055776892]
Score of training (classical) [0.7392607392607392, 0.8411588411588412, 0.8441558441558441, 0.5164835164835165]
Attempt  210
Score of validation 0.6095617529880478
Score of training 0.998001998001998
Score of validation (classical) [0.7091633466135459, 0.7888446215139442, 0.8007968127490039, 0.5737051792828686]
Score of training (classical) [0.7342657342657343, 0.8341658341658341, 0.8501498501498501, 0.5404595404595405]
Attempt  211
Score of validation 0.5776892430278885
Score of training 0.999000999000999
Score of validation (classical) [0.6653386454183267, 0.8047808764940239, 0.8087649402390438, 0.5258964143426295]
Score of training (classical) [0.7342657342657343, 0.8361638361638362, 0.8321678321678322, 0.5544455544455544]
Attempt  212
Score of validation 0.6254980079681275
Score of training 0.998001998001998
Score of validation (classical) [0.7848605577689243, 0.8645418326693227, 0.852589641434263, 0.5697211155378487]
Score of training (classical) [0.7272727272727273, 0.8351648351648352, 0.8341658341658341, 0.5414585414585414]
Attempt  213
Score of validation 0.5697211155378487
Score of training 0.999000999000999
Score of validation (classical) [0.7091633466135459, 0.8007968127490039, 0.7848605577689243, 0.5896414342629482]
Score of training (classical) [0.7302697302697303, 0.8421578421578422, 0.8421578421578422, 0.5414585414585414]
Attempt  214
Score of validation 0.5856573705179283
Score of training 0.998001998001998
Score of validation (classical) [0.7131474103585658, 0.8047808764940239, 0.7928286852589641, 0.5936254980079682]
Score of training (classical) [0.7332667332667333, 0.8451548451548452, 0.8461538461538461, 0.5494505494505495]
Attempt  215
Score of validation 0.6294820717131474
Score of training 0.997002997002997
Score of validation (classical) [0.7131474103585658, 0.8007968127490039, 0.8007968127490039, 0.6095617529880478]
Score of training (classical) [0.7452547452547452, 0.8511488511488512, 0.8481518481518482, 0.5414585414585414]
Attempt  216
Score of validation 0.6374501992031872
Score of training 0.997002997002997
Score of validation (classical) [0.7171314741035857, 0.8207171314741036, 0.796812749003984, 0.5577689243027888]
Score of training (classical) [0.7462537462537463, 0.8291708291708292, 0.8311688311688312, 0.5694305694305695]
Attempt  217
Score of validation 0.5896414342629482
Score of training 0.999000999000999
Score of validation (classical) [0.7211155378486056, 0.8047808764940239, 0.8007968127490039, 0.5537848605577689]
Score of training (classical) [0.7472527472527473, 0.8421578421578422, 0.8481518481518482, 0.5234765234765235]
Attempt  218
Score of validation 0.6414342629482072
Score of training 0.998001998001998
Score of validation (classical) [0.701195219123506, 0.8007968127490039, 0.7768924302788844, 0.5737051792828686]
Score of training (classical) [0.7472527472527473, 0.8491508491508492, 0.8491508491508492, 0.5474525474525475]
Attempt  219
Score of validation 0.6613545816733067
Score of training 0.998001998001998
Score of validation (classical) [0.7529880478087649, 0.796812749003984, 0.8007968127490039, 0.5697211155378487]
Score of training (classical) [0.7392607392607392, 0.8471528471528471, 0.8501498501498501, 0.5304695304695305]
Attempt  220
Score of validation 0.549800796812749
Score of training 1.0
Score of validation (classical) [0.7450199203187251, 0.7928286852589641, 0.7928286852589641, 0.5537848605577689]
Score of training (classical) [0.7382617382617382, 0.8501498501498501, 0.8461538461538461, 0.5454545454545454]
Attempt  221
Score of validation 0.5697211155378487
Score of training 0.999000999000999
Score of validation (classical) [0.7689243027888446, 0.848605577689243, 0.8167330677290837, 0.5816733067729084]
Score of training (classical) [0.7402597402597403, 0.8321678321678322, 0.8411588411588412, 0.5204795204795205]
Attempt  222
Score of validation 0.5577689243027888
Score of training 0.999000999000999
Score of validation (classical) [0.7450199203187251, 0.8087649402390438, 0.8247011952191236, 0.6055776892430279]
Score of training (classical) [0.7452547452547452, 0.8401598401598401, 0.8331668331668332, 0.5584415584415584]
Attempt  223
Score of validation 0.6215139442231076
Score of training 0.999000999000999
Score of validation (classical) [0.7290836653386454, 0.8207171314741036, 0.8207171314741036, 0.5577689243027888]
Score of training (classical) [0.7302697302697303, 0.8351648351648352, 0.8401598401598401, 0.5404595404595405]
Attempt  224
Score of validation 0.5617529880478087
Score of training 0.998001998001998
Score of validation (classical) [0.6812749003984063, 0.7768924302788844, 0.7888446215139442, 0.5896414342629482]
Score of training (classical) [0.7152847152847153, 0.8241758241758241, 0.8471528471528471, 0.5494505494505495]
Attempt  225
Score of validation 0.6613545816733067
Score of training 0.998001998001998
Score of validation (classical) [0.7928286852589641, 0.8366533864541833, 0.8366533864541833, 0.5896414342629482]
Score of training (classical) [0.7312687312687313, 0.8251748251748252, 0.8371628371628371, 0.5114885114885115]
Attempt  226
Score of validation 0.6334661354581673
Score of training 1.0
Score of validation (classical) [0.6733067729083665, 0.7808764940239044, 0.7729083665338645, 0.549800796812749]
Score of training (classical) [0.7432567432567433, 0.8431568431568431, 0.8371628371628371, 0.5414585414585414]
Attempt  227
Score of validation 0.6573705179282868
Score of training 0.997002997002997
Score of validation (classical) [0.7370517928286853, 0.7888446215139442, 0.8007968127490039, 0.5976095617529881]
Score of training (classical) [0.7372627372627373, 0.8391608391608392, 0.8361638361638362, 0.5244755244755245]
Attempt  228
Score of validation 0.6454183266932271
Score of training 0.999000999000999
Score of validation (classical) [0.7290836653386454, 0.7569721115537849, 0.8167330677290837, 0.6414342629482072]
Score of training (classical) [0.7022977022977023, 0.8011988011988012, 0.8451548451548452, 0.5564435564435565]
Attempt  229
Score of validation 0.5896414342629482
Score of training 1.0
Score of validation (classical) [0.701195219123506, 0.796812749003984, 0.7768924302788844, 0.601593625498008]
Score of training (classical) [0.7352647352647352, 0.8551448551448552, 0.8561438561438561, 0.5094905094905094]
Attempt  230
Score of validation 0.5856573705179283
Score of training 1.0
Score of validation (classical) [0.7569721115537849, 0.7768924302788844, 0.796812749003984, 0.5856573705179283]
Score of training (classical) [0.7322677322677322, 0.8351648351648352, 0.8341658341658341, 0.5184815184815185]
Attempt  231
Score of validation 0.6852589641434262
Score of training 1.0
Score of validation (classical) [0.7609561752988048, 0.8764940239043825, 0.852589641434263, 0.5577689243027888]
Score of training (classical) [0.7372627372627373, 0.8271728271728271, 0.8341658341658341, 0.5234765234765235]
Attempt  232
Score of validation 0.6175298804780877
Score of training 0.999000999000999
Score of validation (classical) [0.7330677290836654, 0.749003984063745, 0.7370517928286853, 0.5936254980079682]
Score of training (classical) [0.7472527472527473, 0.8601398601398601, 0.8481518481518482, 0.5374625374625375]
Attempt  233
Score of validation 0.6573705179282868
Score of training 0.996003996003996
Score of validation (classical) [0.6932270916334662, 0.8047808764940239, 0.8127490039840638, 0.5338645418326693]
Score of training (classical) [0.7052947052947053, 0.8351648351648352, 0.8351648351648352, 0.5244755244755245]
Attempt  234
Score of validation 0.6254980079681275
Score of training 1.0
Score of validation (classical) [0.7211155378486056, 0.7808764940239044, 0.7529880478087649, 0.5976095617529881]
Score of training (classical) [0.7352647352647352, 0.8531468531468531, 0.8561438561438561, 0.5454545454545454]
Attempt  235
Score of validation 0.6175298804780877
Score of training 1.0
Score of validation (classical) [0.6772908366533864, 0.7569721115537849, 0.7848605577689243, 0.5219123505976095]
Score of training (classical) [0.7442557442557443, 0.8371628371628371, 0.8431568431568431, 0.5594405594405595]
Attempt  236
Score of validation 0.5856573705179283
Score of training 0.997002997002997
Score of validation (classical) [0.6972111553784861, 0.7928286852589641, 0.8007968127490039, 0.5657370517928287]
Score of training (classical) [0.7062937062937062, 0.8311688311688312, 0.8301698301698301, 0.5354645354645354]
Attempt  237
Score of validation 0.6254980079681275
Score of training 0.999000999000999
Score of validation (classical) [0.7051792828685259, 0.8247011952191236, 0.8167330677290837, 0.5856573705179283]
Score of training (classical) [0.7412587412587412, 0.8361638361638362, 0.8311688311688312, 0.5514485514485514]
Attempt  238
Score of validation 0.6653386454183267
Score of training 1.0
Score of validation (classical) [0.7450199203187251, 0.7848605577689243, 0.7729083665338645, 0.5258964143426295]
Score of training (classical) [0.7362637362637363, 0.8411588411588412, 0.8411588411588412, 0.5524475524475524]
Attempt  239
Score of validation 0.6454183266932271
Score of training 0.999000999000999
Score of validation (classical) [0.749003984063745, 0.8406374501992032, 0.8247011952191236, 0.5577689243027888]
Score of training (classical) [0.7242757242757243, 0.8361638361638362, 0.8351648351648352, 0.5534465534465535]
Attempt  240
Score of validation 0.6334661354581673
Score of training 1.0
Score of validation (classical) [0.7450199203187251, 0.8247011952191236, 0.8207171314741036, 0.5577689243027888]
Score of training (classical) [0.7162837162837162, 0.8381618381618382, 0.8341658341658341, 0.5584415584415584]
Attempt  241
Score of validation 0.6175298804780877
Score of training 0.996003996003996
Score of validation (classical) [0.7290836653386454, 0.796812749003984, 0.7848605577689243, 0.5936254980079682]
Score of training (classical) [0.7232767232767233, 0.8451548451548452, 0.8411588411588412, 0.5474525474525475]
Attempt  242
Score of validation 0.6334661354581673
Score of training 0.997002997002997
Score of validation (classical) [0.7211155378486056, 0.8326693227091634, 0.8366533864541833, 0.5737051792828686]
Score of training (classical) [0.7232767232767233, 0.8391608391608392, 0.8381618381618382, 0.5324675324675324]
Attempt  243
Score of validation 0.6215139442231076
Score of training 0.999000999000999
Score of validation (classical) [0.6892430278884463, 0.8007968127490039, 0.7928286852589641, 0.5657370517928287]
Score of training (classical) [0.7112887112887113, 0.8321678321678322, 0.8311688311688312, 0.5394605394605395]
Attempt  244
Score of validation 0.6294820717131474
Score of training 0.994005994005994
Score of validation (classical) [0.7410358565737052, 0.8127490039840638, 0.8247011952191236, 0.5577689243027888]
Score of training (classical) [0.7352647352647352, 0.8471528471528471, 0.8521478521478522, 0.5374625374625375]
Attempt  245
Score of validation 0.649402390438247
Score of training 0.995004995004995
Score of validation (classical) [0.701195219123506, 0.7729083665338645, 0.8167330677290837, 0.5856573705179283]
Score of training (classical) [0.7112887112887113, 0.8011988011988012, 0.8521478521478522, 0.5744255744255744]
Attempt  246
Score of validation 0.5936254980079682
Score of training 0.999000999000999
Score of validation (classical) [0.6972111553784861, 0.8047808764940239, 0.8047808764940239, 0.5697211155378487]
Score of training (classical) [0.7572427572427572, 0.8401598401598401, 0.8511488511488512, 0.5624375624375625]
Attempt  247
Score of validation 0.6175298804780877
Score of training 0.996003996003996
Score of validation (classical) [0.6653386454183267, 0.7888446215139442, 0.7808764940239044, 0.5219123505976095]
Score of training (classical) [0.7222777222777222, 0.8411588411588412, 0.8341658341658341, 0.5524475524475524]
Attempt  248
Score of validation 0.6254980079681275
Score of training 0.999000999000999
Score of validation (classical) [0.7370517928286853, 0.8406374501992032, 0.8406374501992032, 0.545816733067729]
Score of training (classical) [0.7532467532467533, 0.8271728271728271, 0.8341658341658341, 0.5754245754245755]
Attempt  249
Score of validation 0.6414342629482072
Score of training 1.0
Score of validation (classical) [0.7370517928286853, 0.8087649402390438, 0.8207171314741036, 0.601593625498008]
Score of training (classical) [0.7502497502497503, 0.8431568431568431, 0.8461538461538461, 0.5564435564435565]
Attempt  250
Score of validation 0.6135458167330677
Score of training 0.999000999000999
Score of validation (classical) [0.6772908366533864, 0.796812749003984, 0.7888446215139442, 0.5258964143426295]
Score of training (classical) [0.7132867132867133, 0.8501498501498501, 0.8461538461538461, 0.5404595404595405]
Attempt  251
Score of validation 0.6095617529880478
Score of training 0.998001998001998
Score of validation (classical) [0.701195219123506, 0.8127490039840638, 0.8047808764940239, 0.5816733067729084]
Score of training (classical) [0.7172827172827173, 0.8331668331668332, 0.8301698301698301, 0.5434565434565435]
Attempt  252
Score of validation 0.6414342629482072
Score of training 0.998001998001998
Score of validation (classical) [0.7091633466135459, 0.7848605577689243, 0.7569721115537849, 0.5338645418326693]
Score of training (classical) [0.7462537462537463, 0.8521478521478522, 0.8531468531468531, 0.5604395604395604]
Attempt  253
Score of validation 0.6055776892430279
Score of training 1.0
Score of validation (classical) [0.7768924302788844, 0.7848605577689243, 0.8207171314741036, 0.601593625498008]
Score of training (classical) [0.7462537462537463, 0.8471528471528471, 0.8441558441558441, 0.5194805194805194]
Attempt  254
Score of validation 0.6294820717131474
Score of training 0.999000999000999
Score of validation (classical) [0.7370517928286853, 0.8326693227091634, 0.8207171314741036, 0.5737051792828686]
Score of training (classical) [0.7072927072927073, 0.8361638361638362, 0.8381618381618382, 0.5274725274725275]
Attempt  255
Score of validation 0.6374501992031872
Score of training 0.999000999000999
Score of validation (classical) [0.7649402390438247, 0.8127490039840638, 0.8127490039840638, 0.5697211155378487]
Score of training (classical) [0.7212787212787213, 0.8471528471528471, 0.8361638361638362, 0.5234765234765235]
Attempt  256
Score of validation 0.601593625498008
Score of training 0.999000999000999
Score of validation (classical) [0.7450199203187251, 0.848605577689243, 0.8446215139442231, 0.5976095617529881]
Score of training (classical) [0.7182817182817183, 0.8381618381618382, 0.8341658341658341, 0.5394605394605395]
Attempt  257
Score of validation 0.5856573705179283
Score of training 0.999000999000999
Score of validation (classical) [0.6613545816733067, 0.7848605577689243, 0.7649402390438247, 0.5298804780876494]
Score of training (classical) [0.7292707292707292, 0.8401598401598401, 0.8361638361638362, 0.5414585414585414]
Attempt  258
Score of validation 0.6533864541832669
Score of training 0.999000999000999
Score of validation (classical) [0.7370517928286853, 0.8207171314741036, 0.8127490039840638, 0.5617529880478087]
Score of training (classical) [0.7192807192807192, 0.8401598401598401, 0.8401598401598401, 0.5644355644355644]
Attempt  259
Score of validation 0.6055776892430279
Score of training 0.998001998001998
Score of validation (classical) [0.7171314741035857, 0.8087649402390438, 0.8087649402390438, 0.5856573705179283]
Score of training (classical) [0.6983016983016983, 0.8421578421578422, 0.8381618381618382, 0.5284715284715285]
Attempt  260
Score of validation 0.6215139442231076
Score of training 0.998001998001998
Score of validation (classical) [0.7091633466135459, 0.8207171314741036, 0.8047808764940239, 0.5617529880478087]
Score of training (classical) [0.7332667332667333, 0.8271728271728271, 0.8321678321678322, 0.5504495504495505]
Attempt  261
Score of validation 0.6254980079681275
Score of training 0.997002997002997
Score of validation (classical) [0.7649402390438247, 0.852589641434263, 0.8605577689243028, 0.5298804780876494]
Score of training (classical) [0.7322677322677322, 0.8371628371628371, 0.8351648351648352, 0.5314685314685315]
Attempt  262
Score of validation 0.6254980079681275
Score of training 0.997002997002997
Score of validation (classical) [0.7330677290836654, 0.8167330677290837, 0.8047808764940239, 0.5338645418326693]
Score of training (classical) [0.7652347652347652, 0.8481518481518482, 0.8591408591408591, 0.5374625374625375]
Attempt  263
Score of validation 0.6733067729083665
Score of training 0.997002997002997
Score of validation (classical) [0.6972111553784861, 0.7569721115537849, 0.7609561752988048, 0.6055776892430279]
Score of training (classical) [0.7262737262737263, 0.8441558441558441, 0.8591408591408591, 0.5534465534465535]
Attempt  264
Score of validation 0.5856573705179283
Score of training 0.999000999000999
Score of validation (classical) [0.7211155378486056, 0.8047808764940239, 0.8127490039840638, 0.5816733067729084]
Score of training (classical) [0.7042957042957043, 0.8431568431568431, 0.8361638361638362, 0.5174825174825175]
Attempt  265
Score of validation 0.5617529880478087
Score of training 1.0
Score of validation (classical) [0.6972111553784861, 0.7888446215139442, 0.7848605577689243, 0.5219123505976095]
Score of training (classical) [0.7422577422577422, 0.8521478521478522, 0.8541458541458542, 0.5424575424575424]
Attempt  266
Score of validation 0.7250996015936255
Score of training 0.999000999000999
Score of validation (classical) [0.7250996015936255, 0.7888446215139442, 0.8725099601593626, 0.6215139442231076]
Score of training (classical) [0.7002997002997003, 0.7942057942057942, 0.8321678321678322, 0.5794205794205795]
Attempt  267
Score of validation 0.601593625498008
Score of training 0.997002997002997
Score of validation (classical) [0.6932270916334662, 0.8047808764940239, 0.7928286852589641, 0.5896414342629482]
Score of training (classical) [0.7332667332667333, 0.8391608391608392, 0.8421578421578422, 0.5174825174825175]
Attempt  268
Score of validation 0.6454183266932271
Score of training 0.997002997002997
Score of validation (classical) [0.7051792828685259, 0.8247011952191236, 0.8127490039840638, 0.5298804780876494]
Score of training (classical) [0.7232767232767233, 0.8391608391608392, 0.8371628371628371, 0.5394605394605395]
Attempt  269
Score of validation 0.5776892430278885
Score of training 0.999000999000999
Score of validation (classical) [0.6932270916334662, 0.7928286852589641, 0.7768924302788844, 0.5617529880478087]
Score of training (classical) [0.7442557442557443, 0.8521478521478522, 0.8351648351648352, 0.5464535464535465]
Attempt  270
Score of validation 0.5856573705179283
Score of training 0.998001998001998
Score of validation (classical) [0.7051792828685259, 0.796812749003984, 0.8007968127490039, 0.5816733067729084]
Score of training (classical) [0.7492507492507493, 0.8501498501498501, 0.8481518481518482, 0.5514485514485514]
Attempt  271
Score of validation 0.6454183266932271
Score of training 0.998001998001998
Score of validation (classical) [0.7410358565737052, 0.8247011952191236, 0.8286852589641435, 0.601593625498008]
Score of training (classical) [0.7232767232767233, 0.8481518481518482, 0.8461538461538461, 0.5244755244755245]
Attempt  272
Score of validation 0.6454183266932271
Score of training 1.0
Score of validation (classical) [0.7250996015936255, 0.8286852589641435, 0.8565737051792829, 0.5537848605577689]
Score of training (classical) [0.7532467532467533, 0.8291708291708292, 0.8321678321678322, 0.5554445554445554]
Attempt  273
Score of validation 0.5537848605577689
Score of training 1.0
Score of validation (classical) [0.7091633466135459, 0.8087649402390438, 0.796812749003984, 0.549800796812749]
Score of training (classical) [0.7422577422577422, 0.8451548451548452, 0.8441558441558441, 0.5384615384615384]
Attempt  274
Score of validation 0.6055776892430279
Score of training 0.999000999000999
Score of validation (classical) [0.7131474103585658, 0.8047808764940239, 0.8047808764940239, 0.5577689243027888]
Score of training (classical) [0.7362637362637363, 0.8411588411588412, 0.8481518481518482, 0.5484515484515484]
Attempt  275
Score of validation 0.6733067729083665
Score of training 0.997002997002997
Score of validation (classical) [0.7410358565737052, 0.8127490039840638, 0.8286852589641435, 0.6135458167330677]
Score of training (classical) [0.7522477522477522, 0.8381618381618382, 0.8381618381618382, 0.5294705294705294]
Attempt  276
Score of validation 0.6254980079681275
Score of training 0.997002997002997
Score of validation (classical) [0.7250996015936255, 0.8326693227091634, 0.8167330677290837, 0.5617529880478087]
Score of training (classical) [0.7002997002997003, 0.8341658341658341, 0.8241758241758241, 0.5364635364635365]
Attempt  277
Score of validation 0.6374501992031872
Score of training 1.0
Score of validation (classical) [0.7450199203187251, 0.8247011952191236, 0.8326693227091634, 0.6175298804780877]
Score of training (classical) [0.7402597402597403, 0.8371628371628371, 0.8481518481518482, 0.5294705294705294]
Attempt  278
Score of validation 0.6175298804780877
Score of training 1.0
Score of validation (classical) [0.7131474103585658, 0.8007968127490039, 0.7928286852589641, 0.5378486055776892]
Score of training (classical) [0.7352647352647352, 0.8511488511488512, 0.8421578421578422, 0.5374625374625375]
Attempt  279
Score of validation 0.6334661354581673
Score of training 0.996003996003996
Score of validation (classical) [0.701195219123506, 0.8207171314741036, 0.8087649402390438, 0.545816733067729]
Score of training (classical) [0.7112887112887113, 0.8341658341658341, 0.8281718281718282, 0.5344655344655345]
Attempt  280
Score of validation 0.5936254980079682
Score of training 0.995004995004995
Score of validation (classical) [0.7250996015936255, 0.8007968127490039, 0.8207171314741036, 0.5179282868525896]
Score of training (classical) [0.7032967032967034, 0.8361638361638362, 0.8291708291708292, 0.5234765234765235]
Attempt  281
Score of validation 0.6215139442231076
Score of training 0.999000999000999
Score of validation (classical) [0.7529880478087649, 0.8446215139442231, 0.8406374501992032, 0.5976095617529881]
Score of training (classical) [0.7372627372627373, 0.8311688311688312, 0.8331668331668332, 0.5384615384615384]
Attempt  282
Score of validation 0.6533864541832669
Score of training 1.0
Score of validation (classical) [0.7609561752988048, 0.8446215139442231, 0.8446215139442231, 0.5219123505976095]
Score of training (classical) [0.7442557442557443, 0.8371628371628371, 0.8281718281718282, 0.5264735264735265]
Attempt  283
Score of validation 0.6653386454183267
Score of training 0.998001998001998
Score of validation (classical) [0.7609561752988048, 0.8326693227091634, 0.8326693227091634, 0.5657370517928287]
Score of training (classical) [0.7452547452547452, 0.8431568431568431, 0.8511488511488512, 0.5294705294705294]
Attempt  284
Score of validation 0.6215139442231076
Score of training 1.0
Score of validation (classical) [0.7250996015936255, 0.8326693227091634, 0.8207171314741036, 0.5617529880478087]
Score of training (classical) [0.7622377622377622, 0.8361638361638362, 0.8291708291708292, 0.5444555444555444]
Attempt  285
Score of validation 0.6294820717131474
Score of training 1.0
Score of validation (classical) [0.7131474103585658, 0.8127490039840638, 0.7808764940239044, 0.5737051792828686]
Score of training (classical) [0.7382617382617382, 0.8321678321678322, 0.8321678321678322, 0.5454545454545454]
Attempt  286
Score of validation 0.6573705179282868
Score of training 0.999000999000999
Score of validation (classical) [0.7290836653386454, 0.8047808764940239, 0.8007968127490039, 0.5179282868525896]
Score of training (classical) [0.7432567432567433, 0.8371628371628371, 0.8461538461538461, 0.5654345654345654]
Attempt  287
Score of validation 0.6454183266932271
Score of training 0.999000999000999
Score of validation (classical) [0.7330677290836654, 0.7808764940239044, 0.8047808764940239, 0.5697211155378487]
Score of training (classical) [0.7362637362637363, 0.8321678321678322, 0.8361638361638362, 0.5554445554445554]
Attempt  288
Score of validation 0.6294820717131474
Score of training 0.997002997002997
Score of validation (classical) [0.7290836653386454, 0.7649402390438247, 0.7928286852589641, 0.6175298804780877]
Score of training (classical) [0.7462537462537463, 0.8381618381618382, 0.8381618381618382, 0.5384615384615384]
Attempt  289
Score of validation 0.601593625498008
Score of training 0.995004995004995
Score of validation (classical) [0.6573705179282868, 0.8127490039840638, 0.8127490039840638, 0.4820717131474104]
Score of training (classical) [0.7122877122877123, 0.8361638361638362, 0.8341658341658341, 0.5644355644355644]
Attempt  290
Score of validation 0.601593625498008
Score of training 1.0
Score of validation (classical) [0.6812749003984063, 0.8047808764940239, 0.8207171314741036, 0.5298804780876494]
Score of training (classical) [0.7402597402597403, 0.8381618381618382, 0.8401598401598401, 0.5524475524475524]
Attempt  291
Score of validation 0.6454183266932271
Score of training 0.997002997002997
Score of validation (classical) [0.6334661354581673, 0.7848605577689243, 0.7848605577689243, 0.5298804780876494]
Score of training (classical) [0.7192807192807192, 0.8371628371628371, 0.8431568431568431, 0.5454545454545454]
Attempt  292
Score of validation 0.6772908366533864
Score of training 0.999000999000999
Score of validation (classical) [0.6294820717131474, 0.749003984063745, 0.7768924302788844, 0.5577689243027888]
Score of training (classical) [0.7242757242757243, 0.8271728271728271, 0.8471528471528471, 0.5594405594405595]
Attempt  293
Score of validation 0.6414342629482072
Score of training 0.997002997002997
Score of validation (classical) [0.6653386454183267, 0.7729083665338645, 0.7649402390438247, 0.549800796812749]
Score of training (classical) [0.7382617382617382, 0.8511488511488512, 0.8481518481518482, 0.5494505494505495]
Attempt  294
Score of validation 0.6254980079681275
Score of training 0.999000999000999
Score of validation (classical) [0.6892430278884463, 0.7888446215139442, 0.8047808764940239, 0.5258964143426295]
Score of training (classical) [0.7102897102897103, 0.8421578421578422, 0.8351648351648352, 0.5504495504495505]
Attempt  295
Score of validation 0.5936254980079682
Score of training 0.997002997002997
Score of validation (classical) [0.7051792828685259, 0.796812749003984, 0.8446215139442231, 0.5776892430278885]
Score of training (classical) [0.7012987012987013, 0.8271728271728271, 0.8331668331668332, 0.5194805194805194]
Attempt  296
Score of validation 0.6414342629482072
Score of training 1.0
Score of validation (classical) [0.7649402390438247, 0.8286852589641435, 0.8007968127490039, 0.5856573705179283]
Score of training (classical) [0.7352647352647352, 0.8491508491508492, 0.8431568431568431, 0.5324675324675324]
Attempt  297
Score of validation 0.5816733067729084
Score of training 0.999000999000999
Score of validation (classical) [0.7091633466135459, 0.8047808764940239, 0.8167330677290837, 0.5776892430278885]
Score of training (classical) [0.7402597402597403, 0.8421578421578422, 0.8471528471528471, 0.5754245754245755]
Attempt  298
Score of validation 0.6135458167330677
Score of training 0.996003996003996
Score of validation (classical) [0.7450199203187251, 0.8725099601593626, 0.8286852589641435, 0.5577689243027888]
Score of training (classical) [0.7252747252747253, 0.8301698301698301, 0.8271728271728271, 0.5484515484515484]
Attempt  299
Score of validation 0.5936254980079682
Score of training 1.0
Score of validation (classical) [0.7370517928286853, 0.7928286852589641, 0.7928286852589641, 0.5697211155378487]
Score of training (classical) [0.7292707292707292, 0.8531468531468531, 0.8541458541458542, 0.5314685314685315]
