dataset_size_test 1100
8 circular 2 0 1100
Sample 0
Take max_iter as  1356
Score of validation 0.8681818181818182
Score of training 0.9806818181818182
Score of validation (classical) [0.7090909090909091, 0.8090909090909091, 0.8227272727272728, 0.4954545454545455]
Score of training (classical) [0.7443181818181818, 0.8693181818181818, 0.8613636363636363, 0.4818181818181818]
Sample 1
Take max_iter as  1371
Score of validation 0.8681818181818182
Score of training 0.9784090909090909
Score of validation (classical) [0.740909090909091, 0.8409090909090909, 0.8454545454545455, 0.4863636363636364]
Score of training (classical) [0.7340909090909091, 0.875, 0.8738636363636364, 0.48977272727272725]
Sample 2
Take max_iter as  1365
Score of validation 0.8681818181818182
Score of training 0.9795454545454545
Score of validation (classical) [0.7454545454545455, 0.8272727272727273, 0.8363636363636363, 0.4772727272727273]
Score of training (classical) [0.7420454545454546, 0.8568181818181818, 0.8579545454545454, 0.48977272727272725]
Sample 3
Take max_iter as  1330
Score of validation 0.8727272727272727
Score of training 0.9806818181818182
Score of validation (classical) [0.7227272727272728, 0.8136363636363636, 0.8272727272727273, 0.4818181818181818]
Score of training (classical) [0.7477272727272727, 0.8715909090909091, 0.8647727272727272, 0.4954545454545455]
Sample 4
Take max_iter as  1330
Score of validation 0.8636363636363636
Score of training 0.9829545454545454
Score of validation (classical) [0.7181818181818181, 0.8090909090909091, 0.8181818181818182, 0.5]
Score of training (classical) [0.740909090909091, 0.8761363636363636, 0.8738636363636364, 0.4909090909090909]
Sample 5
Take max_iter as  1357
Score of validation 0.8636363636363636
Score of training 0.9829545454545454
Score of validation (classical) [0.75, 0.8318181818181818, 0.8409090909090909, 0.4954545454545455]
Score of training (classical) [0.740909090909091, 0.875, 0.8727272727272727, 0.4715909090909091]
Sample 6
Take max_iter as  1409
Score of validation 0.8727272727272727
Score of training 0.9818181818181818
Score of validation (classical) [0.7181818181818181, 0.8227272727272728, 0.8227272727272728, 0.4909090909090909]
Score of training (classical) [0.7386363636363636, 0.8681818181818182, 0.8670454545454546, 0.47613636363636364]
Sample 7
Take max_iter as  1355
Score of validation 0.8681818181818182
Score of training 0.9818181818181818
Score of validation (classical) [0.7136363636363636, 0.8136363636363636, 0.8272727272727273, 0.4863636363636364]
Score of training (classical) [0.7465909090909091, 0.875, 0.8727272727272727, 0.47954545454545455]
Sample 8
Take max_iter as  1399
Score of validation 0.8681818181818182
Score of training 0.9795454545454545
Score of validation (classical) [0.7090909090909091, 0.8045454545454546, 0.8227272727272728, 0.509090909090909]
Score of training (classical) [0.7454545454545455, 0.8715909090909091, 0.8681818181818182, 0.4875]
Sample 9
Take max_iter as  1340
Score of validation 0.8727272727272727
Score of training 0.9840909090909091
Score of validation (classical) [0.75, 0.8363636363636363, 0.8363636363636363, 0.5227272727272727]
Score of training (classical) [0.7420454545454546, 0.8681818181818182, 0.8670454545454546, 0.4875]
Sample 10
Take max_iter as  1362
Score of validation 0.8454545454545455
Score of training 0.9829545454545454
Score of validation (classical) [0.75, 0.8136363636363636, 0.8409090909090909, 0.5454545454545454]
Score of training (classical) [0.7420454545454546, 0.8670454545454546, 0.8625, 0.5193181818181818]
Sample 11
Take max_iter as  1365
Score of validation 0.8409090909090909
Score of training 0.9829545454545454
Score of validation (classical) [0.7181818181818181, 0.8272727272727273, 0.8454545454545455, 0.5045454545454545]
Score of training (classical) [0.740909090909091, 0.865909090909091, 0.8727272727272727, 0.509090909090909]
Sample 12
Take max_iter as  1321
Score of validation 0.8636363636363636
Score of training 0.9784090909090909
Score of validation (classical) [0.7, 0.8227272727272728, 0.8363636363636363, 0.4727272727272727]
Score of training (classical) [0.7329545454545454, 0.8727272727272727, 0.8670454545454546, 0.4590909090909091]
Sample 13
Take max_iter as  1412
Score of validation 0.8909090909090909
Score of training 0.9772727272727273
Score of validation (classical) [0.7272727272727273, 0.8136363636363636, 0.8363636363636363, 0.4772727272727273]
Score of training (classical) [0.740909090909091, 0.8738636363636364, 0.8693181818181818, 0.4818181818181818]
Sample 14
Take max_iter as  1368
Score of validation 0.8636363636363636
Score of training 0.9818181818181818
Score of validation (classical) [0.7090909090909091, 0.8136363636363636, 0.8409090909090909, 0.4818181818181818]
Score of training (classical) [0.7318181818181818, 0.8670454545454546, 0.8647727272727272, 0.48409090909090907]
Sample 15
Take max_iter as  1392
Score of validation 0.8772727272727273
Score of training 0.9784090909090909
Score of validation (classical) [0.7136363636363636, 0.8318181818181818, 0.8318181818181818, 0.509090909090909]
Score of training (classical) [0.7340909090909091, 0.8704545454545455, 0.865909090909091, 0.4909090909090909]
Sample 16
Take max_iter as  1346
Score of validation 0.8727272727272727
Score of training 0.9840909090909091
Score of validation (classical) [0.7318181818181818, 0.85, 0.8681818181818182, 0.41363636363636364]
Score of training (classical) [0.7340909090909091, 0.8715909090909091, 0.8761363636363636, 0.45454545454545453]
Sample 17
Take max_iter as  1377
Score of validation 0.8636363636363636
Score of training 0.9840909090909091
Score of validation (classical) [0.7181818181818181, 0.8090909090909091, 0.8272727272727273, 0.4954545454545455]
Score of training (classical) [0.759090909090909, 0.8772727272727273, 0.8704545454545455, 0.509090909090909]
Sample 18
Take max_iter as  1376
Score of validation 0.8454545454545455
Score of training 0.9829545454545454
Score of validation (classical) [0.7181818181818181, 0.8045454545454546, 0.8272727272727273, 0.4863636363636364]
Score of training (classical) [0.7386363636363636, 0.8670454545454546, 0.8727272727272727, 0.4727272727272727]
Sample 19
Take max_iter as  1362
Score of validation 0.8727272727272727
Score of training 0.9840909090909091
Score of validation (classical) [0.7181818181818181, 0.8045454545454546, 0.8272727272727273, 0.4681818181818182]
Score of training (classical) [0.7375, 0.8670454545454546, 0.8738636363636364, 0.4738636363636364]
Sample 20
Take max_iter as  1391
Score of validation 0.8818181818181818
Score of training 0.9818181818181818
Score of validation (classical) [0.7045454545454546, 0.8136363636363636, 0.85, 0.4954545454545455]
Score of training (classical) [0.7306818181818182, 0.8704545454545455, 0.8670454545454546, 0.48068181818181815]
Sample 21
Take max_iter as  1379
Score of validation 0.8636363636363636
Score of training 0.9806818181818182
Score of validation (classical) [0.7090909090909091, 0.8318181818181818, 0.8363636363636363, 0.5]
Score of training (classical) [0.7363636363636363, 0.8693181818181818, 0.8670454545454546, 0.48068181818181815]
Sample 22
Take max_iter as  1332
Score of validation 0.8818181818181818
Score of training 0.9795454545454545
Score of validation (classical) [0.7545454545454545, 0.8318181818181818, 0.8318181818181818, 0.5]
Score of training (classical) [0.7386363636363636, 0.8715909090909091, 0.8704545454545455, 0.47954545454545455]
Sample 23
Take max_iter as  1349
Score of validation 0.8636363636363636
Score of training 0.9795454545454545
Score of validation (classical) [0.7227272727272728, 0.8227272727272728, 0.8227272727272728, 0.5227272727272727]
Score of training (classical) [0.7431818181818182, 0.8727272727272727, 0.8613636363636363, 0.48068181818181815]
Sample 24
Take max_iter as  1401
Score of validation 0.8681818181818182
Score of training 0.9784090909090909
Score of validation (classical) [0.6863636363636364, 0.8, 0.8227272727272728, 0.5136363636363637]
Score of training (classical) [0.7420454545454546, 0.8784090909090909, 0.884090909090909, 0.5]
Sample 25
Take max_iter as  1366
Score of validation 0.8545454545454545
Score of training 0.9818181818181818
Score of validation (classical) [0.6772727272727272, 0.8090909090909091, 0.8272727272727273, 0.5]
Score of training (classical) [0.7386363636363636, 0.8772727272727273, 0.8761363636363636, 0.5022727272727273]
Sample 26
Take max_iter as  1388
Score of validation 0.8454545454545455
Score of training 0.9806818181818182
Score of validation (classical) [0.7272727272727273, 0.8136363636363636, 0.8318181818181818, 0.5136363636363637]
Score of training (classical) [0.7386363636363636, 0.8681818181818182, 0.8636363636363636, 0.4784090909090909]
Sample 27
Take max_iter as  1396
Score of validation 0.8636363636363636
Score of training 0.9818181818181818
Score of validation (classical) [0.740909090909091, 0.8272727272727273, 0.85, 0.4909090909090909]
Score of training (classical) [0.7522727272727273, 0.8761363636363636, 0.8761363636363636, 0.49772727272727274]
Sample 28
Take max_iter as  1338
Score of validation 0.8681818181818182
Score of training 0.9795454545454545
Score of validation (classical) [0.7181818181818181, 0.8363636363636363, 0.8454545454545455, 0.5]
Score of training (classical) [0.7238636363636364, 0.8681818181818182, 0.8693181818181818, 0.48409090909090907]
Sample 29
Take max_iter as  1398
Score of validation 0.8727272727272727
Score of training 0.9818181818181818
Score of validation (classical) [0.759090909090909, 0.8363636363636363, 0.85, 0.4636363636363636]
Score of training (classical) [0.7340909090909091, 0.8647727272727272, 0.8602272727272727, 0.45795454545454545]
Sample 30
Take max_iter as  1345
Score of validation 0.8590909090909091
Score of training 0.9784090909090909
Score of validation (classical) [0.740909090909091, 0.8454545454545455, 0.8454545454545455, 0.5]
Score of training (classical) [0.7420454545454546, 0.875, 0.875, 0.49318181818181817]
Sample 31
Take max_iter as  1415
Score of validation 0.8409090909090909
Score of training 0.9806818181818182
Score of validation (classical) [0.7, 0.8045454545454546, 0.8090909090909091, 0.4409090909090909]
Score of training (classical) [0.7340909090909091, 0.875, 0.875, 0.47045454545454546]
Sample 32
Take max_iter as  1369
Score of validation 0.8318181818181818
Score of training 0.9818181818181818
Score of validation (classical) [0.740909090909091, 0.8181818181818182, 0.8272727272727273, 0.5]
Score of training (classical) [0.7511363636363636, 0.865909090909091, 0.8602272727272727, 0.475]
Sample 33
Take max_iter as  1428
Score of validation 0.8727272727272727
Score of training 0.9818181818181818
Score of validation (classical) [0.7, 0.8136363636363636, 0.8181818181818182, 0.5227272727272727]
Score of training (classical) [0.7443181818181818, 0.8704545454545455, 0.865909090909091, 0.4772727272727273]
Sample 34
Take max_iter as  1437
Score of validation 0.8590909090909091
Score of training 0.9829545454545454
Score of validation (classical) [0.740909090909091, 0.8545454545454545, 0.8772727272727273, 0.5227272727272727]
Score of training (classical) [0.7397727272727272, 0.8806818181818182, 0.8784090909090909, 0.48977272727272725]
Sample 35
Take max_iter as  1361
Score of validation 0.8681818181818182
Score of training 0.9784090909090909
Score of validation (classical) [0.7136363636363636, 0.8272727272727273, 0.8409090909090909, 0.4681818181818182]
Score of training (classical) [0.7386363636363636, 0.8602272727272727, 0.8647727272727272, 0.48409090909090907]
Sample 36
Take max_iter as  1361
Score of validation 0.8681818181818182
Score of training 0.9829545454545454
Score of validation (classical) [0.7, 0.8090909090909091, 0.8318181818181818, 0.4772727272727273]
Score of training (classical) [0.7420454545454546, 0.8715909090909091, 0.875, 0.4738636363636364]
Sample 37
Take max_iter as  1404
Score of validation 0.8909090909090909
Score of training 0.9806818181818182
Score of validation (classical) [0.7454545454545455, 0.8181818181818182, 0.8181818181818182, 0.4909090909090909]
Score of training (classical) [0.7534090909090909, 0.8761363636363636, 0.8625, 0.475]
Sample 38
Take max_iter as  1434
Score of validation 0.8545454545454545
Score of training 0.9829545454545454
Score of validation (classical) [0.7090909090909091, 0.8181818181818182, 0.8363636363636363, 0.509090909090909]
Score of training (classical) [0.7295454545454545, 0.8715909090909091, 0.8715909090909091, 0.4875]
Sample 39
Take max_iter as  1393
Score of validation 0.8681818181818182
Score of training 0.9818181818181818
Score of validation (classical) [0.7272727272727273, 0.8181818181818182, 0.8363636363636363, 0.4863636363636364]
Score of training (classical) [0.75, 0.8693181818181818, 0.8704545454545455, 0.4715909090909091]
Sample 40
Take max_iter as  1443
Score of validation 0.8454545454545455
Score of training 0.9840909090909091
Score of validation (classical) [0.7227272727272728, 0.8045454545454546, 0.8227272727272728, 0.5]
Score of training (classical) [0.7465909090909091, 0.8761363636363636, 0.8647727272727272, 0.4772727272727273]
Sample 41
Take max_iter as  1377
Score of validation 0.8454545454545455
Score of training 0.9852272727272727
Score of validation (classical) [0.7363636363636363, 0.8227272727272728, 0.8363636363636363, 0.509090909090909]
Score of training (classical) [0.7522727272727273, 0.8795454545454545, 0.8818181818181818, 0.4875]
Sample 42
Take max_iter as  1374
Score of validation 0.8545454545454545
Score of training 0.9852272727272727
Score of validation (classical) [0.7090909090909091, 0.7909090909090909, 0.8227272727272728, 0.4681818181818182]
Score of training (classical) [0.740909090909091, 0.8738636363636364, 0.8727272727272727, 0.4556818181818182]
Sample 43
Take max_iter as  1434
Score of validation 0.8454545454545455
Score of training 0.9818181818181818
Score of validation (classical) [0.7681818181818182, 0.8409090909090909, 0.8454545454545455, 0.5227272727272727]
Score of training (classical) [0.7352272727272727, 0.8693181818181818, 0.8625, 0.48409090909090907]
Sample 44
Take max_iter as  1399
Score of validation 0.8681818181818182
Score of training 0.9818181818181818
Score of validation (classical) [0.7090909090909091, 0.8136363636363636, 0.8272727272727273, 0.4863636363636364]
Score of training (classical) [0.7284090909090909, 0.8704545454545455, 0.8670454545454546, 0.4875]
Sample 45
Take max_iter as  1349
Score of validation 0.8363636363636363
Score of training 0.9829545454545454
Score of validation (classical) [0.7227272727272728, 0.8090909090909091, 0.8181818181818182, 0.4954545454545455]
Score of training (classical) [0.7420454545454546, 0.8704545454545455, 0.8681818181818182, 0.47954545454545455]
Sample 46
Take max_iter as  1428
Score of validation 0.85
Score of training 0.9795454545454545
Score of validation (classical) [0.7227272727272728, 0.8227272727272728, 0.8272727272727273, 0.5136363636363637]
Score of training (classical) [0.7397727272727272, 0.8738636363636364, 0.8681818181818182, 0.4784090909090909]
Sample 47
Take max_iter as  1337
Score of validation 0.8727272727272727
Score of training 0.9806818181818182
Score of validation (classical) [0.7363636363636363, 0.8181818181818182, 0.8318181818181818, 0.5227272727272727]
Score of training (classical) [0.7431818181818182, 0.8681818181818182, 0.8647727272727272, 0.4943181818181818]
Sample 48
Take max_iter as  1390
Score of validation 0.8727272727272727
Score of training 0.9784090909090909
Score of validation (classical) [0.7363636363636363, 0.8318181818181818, 0.8409090909090909, 0.509090909090909]
Score of training (classical) [0.7477272727272727, 0.8772727272727273, 0.8704545454545455, 0.48863636363636365]
Sample 49
Take max_iter as  1369
Score of validation 0.8636363636363636
Score of training 0.9795454545454545
Score of validation (classical) [0.7272727272727273, 0.8227272727272728, 0.8454545454545455, 0.4636363636363636]
Score of training (classical) [0.7386363636363636, 0.8761363636363636, 0.8715909090909091, 0.48295454545454547]
Sample 50
Take max_iter as  1390
Score of validation 0.8727272727272727
Score of training 0.9818181818181818
Score of validation (classical) [0.7318181818181818, 0.8272727272727273, 0.8409090909090909, 0.5136363636363637]
Score of training (classical) [0.7579545454545454, 0.875, 0.8727272727272727, 0.5]
Sample 51
Take max_iter as  1387
Score of validation 0.8636363636363636
Score of training 0.9863636363636363
Score of validation (classical) [0.7181818181818181, 0.8090909090909091, 0.8136363636363636, 0.4681818181818182]
Score of training (classical) [0.7352272727272727, 0.865909090909091, 0.8693181818181818, 0.48068181818181815]
Sample 52
Take max_iter as  1380
Score of validation 0.85
Score of training 0.9840909090909091
Score of validation (classical) [0.7227272727272728, 0.8181818181818182, 0.8363636363636363, 0.5272727272727272]
Score of training (classical) [0.7284090909090909, 0.8772727272727273, 0.8715909090909091, 0.48295454545454547]
Sample 53
Take max_iter as  1388
Score of validation 0.8727272727272727
Score of training 0.9795454545454545
Score of validation (classical) [0.7181818181818181, 0.8318181818181818, 0.8409090909090909, 0.4681818181818182]
Score of training (classical) [0.7306818181818182, 0.8738636363636364, 0.8670454545454546, 0.4636363636363636]
Sample 54
Take max_iter as  1332
Score of validation 0.8909090909090909
Score of training 0.9818181818181818
Score of validation (classical) [0.7181818181818181, 0.85, 0.8590909090909091, 0.5045454545454545]
Score of training (classical) [0.7443181818181818, 0.8704545454545455, 0.8818181818181818, 0.5068181818181818]
Sample 55
Take max_iter as  1410
Score of validation 0.8454545454545455
Score of training 0.9795454545454545
Score of validation (classical) [0.740909090909091, 0.8090909090909091, 0.8318181818181818, 0.5045454545454545]
Score of training (classical) [0.7363636363636363, 0.8761363636363636, 0.8727272727272727, 0.4784090909090909]
Sample 56
Take max_iter as  1352
Score of validation 0.8545454545454545
Score of training 0.9829545454545454
Score of validation (classical) [0.7045454545454546, 0.8090909090909091, 0.8363636363636363, 0.4863636363636364]
Score of training (classical) [0.7556818181818182, 0.8738636363636364, 0.8715909090909091, 0.4965909090909091]
Sample 57
Take max_iter as  1480
Score of validation 0.8590909090909091
Score of training 0.9795454545454545
Score of validation (classical) [0.6909090909090909, 0.8045454545454546, 0.8272727272727273, 0.5]
Score of training (classical) [0.7329545454545454, 0.8738636363636364, 0.8727272727272727, 0.5068181818181818]
Sample 58
Take max_iter as  1378
Score of validation 0.9181818181818182
Score of training 0.9784090909090909
Score of validation (classical) [0.7, 0.8136363636363636, 0.8227272727272728, 0.4863636363636364]
Score of training (classical) [0.740909090909091, 0.875, 0.8681818181818182, 0.4784090909090909]
Sample 59
Take max_iter as  1387
Score of validation 0.8590909090909091
Score of training 0.9852272727272727
Score of validation (classical) [0.7136363636363636, 0.8, 0.8227272727272728, 0.5]
Score of training (classical) [0.7443181818181818, 0.875, 0.8784090909090909, 0.5011363636363636]
Sample 60
Take max_iter as  1374
Score of validation 0.8545454545454545
Score of training 0.9818181818181818
Score of validation (classical) [0.7090909090909091, 0.8181818181818182, 0.8136363636363636, 0.5227272727272727]
Score of training (classical) [0.7522727272727273, 0.8681818181818182, 0.8693181818181818, 0.5045454545454545]
Sample 61
Take max_iter as  1382
Score of validation 0.8318181818181818
Score of training 0.9829545454545454
Score of validation (classical) [0.7090909090909091, 0.8272727272727273, 0.8136363636363636, 0.4818181818181818]
Score of training (classical) [0.7375, 0.8772727272727273, 0.8681818181818182, 0.4875]
Sample 62
Take max_iter as  1356
Score of validation 0.8727272727272727
Score of training 0.9806818181818182
Score of validation (classical) [0.7, 0.8045454545454546, 0.8318181818181818, 0.4954545454545455]
Score of training (classical) [0.7420454545454546, 0.8625, 0.8761363636363636, 0.49886363636363634]
Sample 63
Take max_iter as  1403
Score of validation 0.8636363636363636
Score of training 0.9863636363636363
Score of validation (classical) [0.7045454545454546, 0.8, 0.8090909090909091, 0.509090909090909]
Score of training (classical) [0.7488636363636364, 0.8727272727272727, 0.875, 0.4954545454545455]
Sample 64
Take max_iter as  1390
Score of validation 0.8545454545454545
Score of training 0.9852272727272727
Score of validation (classical) [0.7, 0.8045454545454546, 0.8181818181818182, 0.509090909090909]
Score of training (classical) [0.7431818181818182, 0.8761363636363636, 0.8795454545454545, 0.5125]
Sample 65
Take max_iter as  1332
Score of validation 0.8454545454545455
Score of training 0.9761363636363637
Score of validation (classical) [0.7227272727272728, 0.8181818181818182, 0.8272727272727273, 0.5136363636363637]
Score of training (classical) [0.7386363636363636, 0.8693181818181818, 0.8636363636363636, 0.48409090909090907]
Sample 66
Take max_iter as  1311
Score of validation 0.8454545454545455
Score of training 0.9829545454545454
Score of validation (classical) [0.7181818181818181, 0.8409090909090909, 0.8363636363636363, 0.4863636363636364]
Score of training (classical) [0.7181818181818181, 0.8647727272727272, 0.8636363636363636, 0.4693181818181818]
Sample 67
Take max_iter as  1304
Score of validation 0.8545454545454545
Score of training 0.9818181818181818
Score of validation (classical) [0.7227272727272728, 0.8272727272727273, 0.8363636363636363, 0.4954545454545455]
Score of training (classical) [0.7352272727272727, 0.8738636363636364, 0.8670454545454546, 0.47045454545454546]
Sample 68
Take max_iter as  1359
Score of validation 0.8272727272727273
Score of training 0.9852272727272727
Score of validation (classical) [0.7227272727272728, 0.8181818181818182, 0.8227272727272728, 0.4863636363636364]
Score of training (classical) [0.7465909090909091, 0.875, 0.8738636363636364, 0.48522727272727273]
Sample 69
Take max_iter as  1444
Score of validation 0.85
Score of training 0.9784090909090909
Score of validation (classical) [0.7454545454545455, 0.8272727272727273, 0.8454545454545455, 0.5045454545454545]
Score of training (classical) [0.7465909090909091, 0.8693181818181818, 0.8579545454545454, 0.47613636363636364]
Sample 70
Take max_iter as  1434
Score of validation 0.85
Score of training 0.9829545454545454
Score of validation (classical) [0.7181818181818181, 0.8227272727272728, 0.8136363636363636, 0.4909090909090909]
Score of training (classical) [0.7318181818181818, 0.8647727272727272, 0.8704545454545455, 0.4875]
Sample 71
Take max_iter as  1402
Score of validation 0.8636363636363636
Score of training 0.9863636363636363
Score of validation (classical) [0.7090909090909091, 0.8136363636363636, 0.8363636363636363, 0.4772727272727273]
Score of training (classical) [0.75, 0.875, 0.8761363636363636, 0.4909090909090909]
Sample 72
Take max_iter as  1378
Score of validation 0.85
Score of training 0.9840909090909091
Score of validation (classical) [0.7090909090909091, 0.7954545454545454, 0.8136363636363636, 0.5136363636363637]
Score of training (classical) [0.7352272727272727, 0.8681818181818182, 0.865909090909091, 0.4943181818181818]
Sample 73
Take max_iter as  1393
Score of validation 0.8590909090909091
Score of training 0.9818181818181818
Score of validation (classical) [0.7181818181818181, 0.8045454545454546, 0.8181818181818182, 0.44545454545454544]
Score of training (classical) [0.7386363636363636, 0.8761363636363636, 0.8704545454545455, 0.47954545454545455]
Sample 74
Take max_iter as  1412
Score of validation 0.8590909090909091
Score of training 0.9806818181818182
Score of validation (classical) [0.7181818181818181, 0.8227272727272728, 0.8318181818181818, 0.5]
Score of training (classical) [0.7340909090909091, 0.865909090909091, 0.865909090909091, 0.48295454545454547]
Sample 75
Take max_iter as  1373
Score of validation 0.8863636363636364
Score of training 0.9784090909090909
Score of validation (classical) [0.7045454545454546, 0.8181818181818182, 0.8318181818181818, 0.5227272727272727]
Score of training (classical) [0.7329545454545454, 0.8704545454545455, 0.8738636363636364, 0.49318181818181817]
Sample 76
Take max_iter as  1362
Score of validation 0.8727272727272727
Score of training 0.9806818181818182
Score of validation (classical) [0.7227272727272728, 0.8272727272727273, 0.8318181818181818, 0.4954545454545455]
Score of training (classical) [0.7431818181818182, 0.8681818181818182, 0.8647727272727272, 0.475]
Sample 77
Take max_iter as  1373
Score of validation 0.8727272727272727
Score of training 0.9829545454545454
Score of validation (classical) [0.7, 0.7954545454545454, 0.8136363636363636, 0.45]
Score of training (classical) [0.7284090909090909, 0.865909090909091, 0.865909090909091, 0.4647727272727273]
Sample 78
Take max_iter as  1352
Score of validation 0.8818181818181818
Score of training 0.9818181818181818
Score of validation (classical) [0.7363636363636363, 0.8318181818181818, 0.8363636363636363, 0.4954545454545455]
Score of training (classical) [0.7340909090909091, 0.8727272727272727, 0.8704545454545455, 0.47613636363636364]
Sample 79
Take max_iter as  1444
Score of validation 0.8681818181818182
Score of training 0.9852272727272727
Score of validation (classical) [0.7318181818181818, 0.8181818181818182, 0.8318181818181818, 0.4772727272727273]
Score of training (classical) [0.7272727272727273, 0.8693181818181818, 0.8681818181818182, 0.475]
Sample 80
Take max_iter as  1382
Score of validation 0.8681818181818182
Score of training 0.9829545454545454
Score of validation (classical) [0.7181818181818181, 0.8227272727272728, 0.8318181818181818, 0.5045454545454545]
Score of training (classical) [0.7488636363636364, 0.8625, 0.865909090909091, 0.4909090909090909]
Sample 81
Take max_iter as  1336
Score of validation 0.8681818181818182
Score of training 0.9829545454545454
Score of validation (classical) [0.7090909090909091, 0.8181818181818182, 0.8227272727272728, 0.5227272727272727]
Score of training (classical) [0.7363636363636363, 0.8738636363636364, 0.8681818181818182, 0.4681818181818182]
Sample 82
Take max_iter as  1385
Score of validation 0.8454545454545455
Score of training 0.9829545454545454
Score of validation (classical) [0.740909090909091, 0.8136363636363636, 0.8318181818181818, 0.4818181818181818]
Score of training (classical) [0.7363636363636363, 0.8670454545454546, 0.865909090909091, 0.4727272727272727]
Sample 83
Take max_iter as  1461
Score of validation 0.8681818181818182
Score of training 0.9829545454545454
Score of validation (classical) [0.7, 0.8, 0.8318181818181818, 0.5681818181818182]
Score of training (classical) [0.7375, 0.8693181818181818, 0.8704545454545455, 0.509090909090909]
Sample 84
Take max_iter as  1375
Score of validation 0.8454545454545455
Score of training 0.9818181818181818
Score of validation (classical) [0.7090909090909091, 0.7954545454545454, 0.8181818181818182, 0.5136363636363637]
Score of training (classical) [0.7352272727272727, 0.8647727272727272, 0.8625, 0.48522727272727273]
Sample 85
Take max_iter as  1370
Score of validation 0.85
Score of training 0.9818181818181818
Score of validation (classical) [0.7136363636363636, 0.8090909090909091, 0.8090909090909091, 0.4863636363636364]
Score of training (classical) [0.7352272727272727, 0.8670454545454546, 0.8647727272727272, 0.4818181818181818]
Sample 86
Take max_iter as  1357
Score of validation 0.8545454545454545
Score of training 0.9829545454545454
Score of validation (classical) [0.740909090909091, 0.8363636363636363, 0.8454545454545455, 0.45454545454545453]
Score of training (classical) [0.7340909090909091, 0.8715909090909091, 0.8761363636363636, 0.4602272727272727]
Sample 87
Take max_iter as  1417
Score of validation 0.8454545454545455
Score of training 0.9829545454545454
Score of validation (classical) [0.740909090909091, 0.8181818181818182, 0.8409090909090909, 0.509090909090909]
Score of training (classical) [0.7375, 0.8704545454545455, 0.8772727272727273, 0.4727272727272727]
Sample 88
Take max_iter as  1380
Score of validation 0.8727272727272727
Score of training 0.9795454545454545
Score of validation (classical) [0.7045454545454546, 0.8136363636363636, 0.8318181818181818, 0.4954545454545455]
Score of training (classical) [0.7340909090909091, 0.8693181818181818, 0.8647727272727272, 0.47613636363636364]
Sample 89
Take max_iter as  1364
Score of validation 0.8545454545454545
Score of training 0.9829545454545454
Score of validation (classical) [0.7090909090909091, 0.8136363636363636, 0.8318181818181818, 0.4727272727272727]
Score of training (classical) [0.7386363636363636, 0.8715909090909091, 0.8704545454545455, 0.4863636363636364]
Sample 90
Take max_iter as  1378
Score of validation 0.85
Score of training 0.9784090909090909
Score of validation (classical) [0.7, 0.8136363636363636, 0.8363636363636363, 0.42727272727272725]
Score of training (classical) [0.7238636363636364, 0.8681818181818182, 0.8670454545454546, 0.4556818181818182]
Sample 91
Take max_iter as  1339
Score of validation 0.8636363636363636
Score of training 0.9852272727272727
Score of validation (classical) [0.6954545454545454, 0.8, 0.8227272727272728, 0.4636363636363636]
Score of training (classical) [0.7318181818181818, 0.8670454545454546, 0.8738636363636364, 0.48068181818181815]
Sample 92
Take max_iter as  1428
Score of validation 0.8636363636363636
Score of training 0.9852272727272727
Score of validation (classical) [0.6909090909090909, 0.7909090909090909, 0.8136363636363636, 0.4681818181818182]
Score of training (classical) [0.7352272727272727, 0.865909090909091, 0.8681818181818182, 0.47954545454545455]
Sample 93
Take max_iter as  1350
Score of validation 0.8727272727272727
Score of training 0.9829545454545454
Score of validation (classical) [0.7181818181818181, 0.8272727272727273, 0.8454545454545455, 0.509090909090909]
Score of training (classical) [0.7375, 0.8727272727272727, 0.8693181818181818, 0.4965909090909091]
Sample 94
Take max_iter as  1401
Score of validation 0.85
Score of training 0.9829545454545454
Score of validation (classical) [0.7318181818181818, 0.8, 0.8181818181818182, 0.4772727272727273]
Score of training (classical) [0.7340909090909091, 0.8727272727272727, 0.8670454545454546, 0.47613636363636364]
Sample 95
Take max_iter as  1352
Score of validation 0.8727272727272727
Score of training 0.9863636363636363
Score of validation (classical) [0.7363636363636363, 0.8181818181818182, 0.8272727272727273, 0.5]
Score of training (classical) [0.7420454545454546, 0.8727272727272727, 0.8636363636363636, 0.4738636363636364]
Sample 96
Take max_iter as  1400
Score of validation 0.8590909090909091
Score of training 0.9772727272727273
Score of validation (classical) [0.7227272727272728, 0.8227272727272728, 0.8409090909090909, 0.4409090909090909]
Score of training (classical) [0.7318181818181818, 0.8693181818181818, 0.8636363636363636, 0.46704545454545454]
Sample 97
Take max_iter as  1309
Score of validation 0.8863636363636364
Score of training 0.9829545454545454
Score of validation (classical) [0.7227272727272728, 0.8318181818181818, 0.8318181818181818, 0.5]
Score of training (classical) [0.740909090909091, 0.8738636363636364, 0.8636363636363636, 0.4738636363636364]
Sample 98
Take max_iter as  1350
Score of validation 0.8454545454545455
Score of training 0.9818181818181818
Score of validation (classical) [0.7227272727272728, 0.8227272727272728, 0.8272727272727273, 0.5045454545454545]
Score of training (classical) [0.7488636363636364, 0.8738636363636364, 0.8761363636363636, 0.4954545454545455]
Sample 99
Take max_iter as  1418
Score of validation 0.8590909090909091
Score of training 0.9806818181818182
Score of validation (classical) [0.7, 0.8090909090909091, 0.8, 0.509090909090909]
Score of training (classical) [0.7386363636363636, 0.8784090909090909, 0.875, 0.48295454545454547]
Sample 100
Take max_iter as  1366
Score of validation 0.8727272727272727
Score of training 0.9863636363636363
Score of validation (classical) [0.7045454545454546, 0.8318181818181818, 0.8227272727272728, 0.5]
Score of training (classical) [0.7340909090909091, 0.8704545454545455, 0.8613636363636363, 0.4784090909090909]
Sample 101
Take max_iter as  1356
Score of validation 0.8363636363636363
Score of training 0.9852272727272727
Score of validation (classical) [0.7181818181818181, 0.7863636363636364, 0.8136363636363636, 0.5]
Score of training (classical) [0.75, 0.8681818181818182, 0.8681818181818182, 0.4772727272727273]
Sample 102
Take max_iter as  1407
Score of validation 0.8636363636363636
Score of training 0.9852272727272727
Score of validation (classical) [0.7136363636363636, 0.8181818181818182, 0.8181818181818182, 0.4954545454545455]
Score of training (classical) [0.7397727272727272, 0.8727272727272727, 0.8738636363636364, 0.48522727272727273]
Sample 103
Take max_iter as  1331
Score of validation 0.8636363636363636
Score of training 0.9806818181818182
Score of validation (classical) [0.7181818181818181, 0.8227272727272728, 0.8272727272727273, 0.4818181818181818]
Score of training (classical) [0.7375, 0.8681818181818182, 0.8647727272727272, 0.4738636363636364]
Sample 104
Take max_iter as  1426
Score of validation 0.8454545454545455
Score of training 0.9806818181818182
Score of validation (classical) [0.7227272727272728, 0.8227272727272728, 0.8318181818181818, 0.4727272727272727]
Score of training (classical) [0.7443181818181818, 0.875, 0.8715909090909091, 0.4693181818181818]
Sample 105
Take max_iter as  1417
Score of validation 0.8727272727272727
Score of training 0.9840909090909091
Score of validation (classical) [0.7318181818181818, 0.8090909090909091, 0.8318181818181818, 0.5]
Score of training (classical) [0.7488636363636364, 0.8772727272727273, 0.8795454545454545, 0.49204545454545456]
Sample 106
Take max_iter as  1457
Score of validation 0.8681818181818182
Score of training 0.9829545454545454
Score of validation (classical) [0.7318181818181818, 0.8227272727272728, 0.8454545454545455, 0.5318181818181819]
Score of training (classical) [0.7352272727272727, 0.8670454545454546, 0.8681818181818182, 0.48295454545454547]
Sample 107
Take max_iter as  1374
Score of validation 0.8909090909090909
Score of training 0.9806818181818182
Score of validation (classical) [0.7136363636363636, 0.8136363636363636, 0.8409090909090909, 0.4727272727272727]
Score of training (classical) [0.7363636363636363, 0.865909090909091, 0.8636363636363636, 0.4784090909090909]
Sample 108
Take max_iter as  1417
Score of validation 0.8590909090909091
Score of training 0.9806818181818182
Score of validation (classical) [0.6818181818181818, 0.7954545454545454, 0.8227272727272728, 0.4863636363636364]
Score of training (classical) [0.7318181818181818, 0.8761363636363636, 0.8829545454545454, 0.47954545454545455]
Sample 109
Take max_iter as  1453
Score of validation 0.8409090909090909
Score of training 0.9829545454545454
Score of validation (classical) [0.7, 0.8045454545454546, 0.8136363636363636, 0.5318181818181819]
Score of training (classical) [0.7511363636363636, 0.875, 0.865909090909091, 0.5136363636363637]
Sample 110
Take max_iter as  1405
Score of validation 0.8590909090909091
Score of training 0.9829545454545454
Score of validation (classical) [0.7045454545454546, 0.8318181818181818, 0.8272727272727273, 0.5181818181818182]
Score of training (classical) [0.7363636363636363, 0.8693181818181818, 0.8590909090909091, 0.5193181818181818]
Sample 111
Take max_iter as  1333
Score of validation 0.8636363636363636
Score of training 0.9818181818181818
Score of validation (classical) [0.7272727272727273, 0.8181818181818182, 0.8227272727272728, 0.4681818181818182]
Score of training (classical) [0.7511363636363636, 0.8715909090909091, 0.8715909090909091, 0.48295454545454547]
Sample 112
Take max_iter as  1353
Score of validation 0.8681818181818182
Score of training 0.9818181818181818
Score of validation (classical) [0.7181818181818181, 0.8136363636363636, 0.8318181818181818, 0.5]
Score of training (classical) [0.740909090909091, 0.8761363636363636, 0.865909090909091, 0.4738636363636364]
Sample 113
Take max_iter as  1421
Score of validation 0.8681818181818182
Score of training 0.9784090909090909
Score of validation (classical) [0.7363636363636363, 0.8181818181818182, 0.8318181818181818, 0.4636363636363636]
Score of training (classical) [0.7465909090909091, 0.8704545454545455, 0.8625, 0.4715909090909091]
Sample 114
Take max_iter as  1322
Score of validation 0.8681818181818182
Score of training 0.9840909090909091
Score of validation (classical) [0.7318181818181818, 0.8272727272727273, 0.8454545454545455, 0.509090909090909]
Score of training (classical) [0.75, 0.8772727272727273, 0.8784090909090909, 0.49772727272727274]
Sample 115
Take max_iter as  1372
Score of validation 0.8590909090909091
Score of training 0.9818181818181818
Score of validation (classical) [0.6863636363636364, 0.8090909090909091, 0.8272727272727273, 0.4818181818181818]
Score of training (classical) [0.7295454545454545, 0.8670454545454546, 0.8704545454545455, 0.48068181818181815]
Sample 116
Take max_iter as  1392
Score of validation 0.85
Score of training 0.9840909090909091
Score of validation (classical) [0.7, 0.8136363636363636, 0.8090909090909091, 0.4954545454545455]
Score of training (classical) [0.7352272727272727, 0.8727272727272727, 0.8670454545454546, 0.47954545454545455]
Sample 117
Take max_iter as  1423
Score of validation 0.8727272727272727
Score of training 0.9818181818181818
Score of validation (classical) [0.7181818181818181, 0.8090909090909091, 0.8454545454545455, 0.5181818181818182]
Score of training (classical) [0.7375, 0.8738636363636364, 0.8784090909090909, 0.4784090909090909]
Sample 118
Take max_iter as  1330
Score of validation 0.85
Score of training 0.9795454545454545
Score of validation (classical) [0.7272727272727273, 0.8227272727272728, 0.8272727272727273, 0.45]
Score of training (classical) [0.7363636363636363, 0.8727272727272727, 0.8704545454545455, 0.4715909090909091]
Sample 119
Take max_iter as  1404
Score of validation 0.8727272727272727
Score of training 0.9795454545454545
Score of validation (classical) [0.7136363636363636, 0.8045454545454546, 0.8090909090909091, 0.4954545454545455]
Score of training (classical) [0.7522727272727273, 0.8715909090909091, 0.8625, 0.4863636363636364]
Sample 120
Take max_iter as  1416
Score of validation 0.8318181818181818
Score of training 0.9806818181818182
Score of validation (classical) [0.7454545454545455, 0.8181818181818182, 0.8227272727272728, 0.4954545454545455]
Score of training (classical) [0.7488636363636364, 0.8715909090909091, 0.8772727272727273, 0.47954545454545455]
Sample 121
Take max_iter as  1454
Score of validation 0.8909090909090909
Score of training 0.9818181818181818
Score of validation (classical) [0.7227272727272728, 0.8227272727272728, 0.8363636363636363, 0.5045454545454545]
Score of training (classical) [0.7318181818181818, 0.8636363636363636, 0.8670454545454546, 0.47954545454545455]
Sample 122
Take max_iter as  1331
Score of validation 0.8590909090909091
Score of training 0.9818181818181818
Score of validation (classical) [0.7045454545454546, 0.8227272727272728, 0.8318181818181818, 0.4909090909090909]
Score of training (classical) [0.7318181818181818, 0.8738636363636364, 0.8693181818181818, 0.48068181818181815]
Sample 123
Take max_iter as  1360
Score of validation 0.8772727272727273
Score of training 0.9772727272727273
Score of validation (classical) [0.7181818181818181, 0.8181818181818182, 0.85, 0.4818181818181818]
Score of training (classical) [0.7352272727272727, 0.8636363636363636, 0.8647727272727272, 0.48977272727272725]
Sample 124
Take max_iter as  1414
Score of validation 0.8727272727272727
Score of training 0.9818181818181818
Score of validation (classical) [0.7136363636363636, 0.8090909090909091, 0.8181818181818182, 0.5136363636363637]
Score of training (classical) [0.7420454545454546, 0.865909090909091, 0.8670454545454546, 0.48977272727272725]
Sample 125
Take max_iter as  1399
Score of validation 0.8590909090909091
Score of training 0.9818181818181818
Score of validation (classical) [0.7181818181818181, 0.8181818181818182, 0.8454545454545455, 0.4954545454545455]
Score of training (classical) [0.7363636363636363, 0.8715909090909091, 0.8738636363636364, 0.49886363636363634]
Sample 126
Take max_iter as  1446
Score of validation 0.8681818181818182
Score of training 0.9863636363636363
Score of validation (classical) [0.7045454545454546, 0.8090909090909091, 0.8409090909090909, 0.4590909090909091]
Score of training (classical) [0.7375, 0.875, 0.8761363636363636, 0.49886363636363634]
Sample 127
Take max_iter as  1472
Score of validation 0.8772727272727273
Score of training 0.9806818181818182
Score of validation (classical) [0.7136363636363636, 0.8181818181818182, 0.8363636363636363, 0.5227272727272727]
Score of training (classical) [0.7306818181818182, 0.8715909090909091, 0.8704545454545455, 0.4875]
Sample 128
Take max_iter as  1411
Score of validation 0.8818181818181818
Score of training 0.9795454545454545
Score of validation (classical) [0.75, 0.8227272727272728, 0.8181818181818182, 0.4636363636363636]
Score of training (classical) [0.7375, 0.8727272727272727, 0.8636363636363636, 0.4647727272727273]
Sample 129
Take max_iter as  1439
Score of validation 0.8681818181818182
Score of training 0.9818181818181818
Score of validation (classical) [0.7272727272727273, 0.8181818181818182, 0.8227272727272728, 0.509090909090909]
Score of training (classical) [0.7454545454545455, 0.8738636363636364, 0.8681818181818182, 0.48863636363636365]
Sample 130
Take max_iter as  1387
Score of validation 0.8409090909090909
Score of training 0.9806818181818182
Score of validation (classical) [0.7272727272727273, 0.8045454545454546, 0.8181818181818182, 0.5181818181818182]
Score of training (classical) [0.7534090909090909, 0.8795454545454545, 0.8761363636363636, 0.49318181818181817]
Sample 131
Take max_iter as  1396
Score of validation 0.8772727272727273
Score of training 0.9840909090909091
Score of validation (classical) [0.7136363636363636, 0.8181818181818182, 0.8227272727272728, 0.4727272727272727]
Score of training (classical) [0.7465909090909091, 0.875, 0.8704545454545455, 0.48068181818181815]
Sample 132
Take max_iter as  1517
Score of validation 0.8772727272727273
Score of training 0.9829545454545454
Score of validation (classical) [0.7090909090909091, 0.8272727272727273, 0.8409090909090909, 0.4909090909090909]
Score of training (classical) [0.740909090909091, 0.865909090909091, 0.8636363636363636, 0.4954545454545455]
Sample 133
Take max_iter as  1393
Score of validation 0.8545454545454545
Score of training 0.9829545454545454
Score of validation (classical) [0.7090909090909091, 0.7954545454545454, 0.8136363636363636, 0.4636363636363636]
Score of training (classical) [0.7443181818181818, 0.8693181818181818, 0.8681818181818182, 0.4659090909090909]
Sample 134
Take max_iter as  1450
Score of validation 0.85
Score of training 0.9852272727272727
Score of validation (classical) [0.740909090909091, 0.8181818181818182, 0.8181818181818182, 0.5272727272727272]
Score of training (classical) [0.7477272727272727, 0.8784090909090909, 0.8704545454545455, 0.49318181818181817]
Sample 135
Take max_iter as  1335
Score of validation 0.8727272727272727
Score of training 0.9818181818181818
Score of validation (classical) [0.740909090909091, 0.8136363636363636, 0.8363636363636363, 0.509090909090909]
Score of training (classical) [0.7477272727272727, 0.8727272727272727, 0.8670454545454546, 0.4784090909090909]
Sample 136
Take max_iter as  1366
Score of validation 0.8818181818181818
Score of training 0.9818181818181818
Score of validation (classical) [0.7227272727272728, 0.8181818181818182, 0.8454545454545455, 0.4909090909090909]
Score of training (classical) [0.7352272727272727, 0.8670454545454546, 0.8647727272727272, 0.47954545454545455]
Sample 137
Take max_iter as  1417
Score of validation 0.8454545454545455
Score of training 0.9784090909090909
Score of validation (classical) [0.7136363636363636, 0.8045454545454546, 0.8227272727272728, 0.4909090909090909]
Score of training (classical) [0.7318181818181818, 0.8681818181818182, 0.8693181818181818, 0.4909090909090909]
Sample 138
Take max_iter as  1396
Score of validation 0.8818181818181818
Score of training 0.9829545454545454
Score of validation (classical) [0.7181818181818181, 0.8227272727272728, 0.8363636363636363, 0.5409090909090909]
Score of training (classical) [0.75, 0.8772727272727273, 0.8772727272727273, 0.525]
Sample 139
Take max_iter as  1415
Score of validation 0.8545454545454545
Score of training 0.9784090909090909
Score of validation (classical) [0.7318181818181818, 0.8045454545454546, 0.8181818181818182, 0.5181818181818182]
Score of training (classical) [0.7511363636363636, 0.865909090909091, 0.8636363636363636, 0.48295454545454547]
Sample 140
Take max_iter as  1410
Score of validation 0.8727272727272727
Score of training 0.9818181818181818
Score of validation (classical) [0.7318181818181818, 0.8045454545454546, 0.8227272727272728, 0.5]
Score of training (classical) [0.7363636363636363, 0.8704545454545455, 0.8647727272727272, 0.4715909090909091]
Sample 141
Take max_iter as  1366
Score of validation 0.8863636363636364
Score of training 0.9852272727272727
Score of validation (classical) [0.7272727272727273, 0.8363636363636363, 0.8318181818181818, 0.509090909090909]
Score of training (classical) [0.7340909090909091, 0.8693181818181818, 0.875, 0.5011363636363636]
Sample 142
Take max_iter as  1404
Score of validation 0.8590909090909091
Score of training 0.9818181818181818
Score of validation (classical) [0.7181818181818181, 0.8318181818181818, 0.8363636363636363, 0.4772727272727273]
Score of training (classical) [0.7511363636363636, 0.8693181818181818, 0.8704545454545455, 0.49204545454545456]
Sample 143
Take max_iter as  1403
Score of validation 0.8590909090909091
Score of training 0.9852272727272727
Score of validation (classical) [0.7454545454545455, 0.8181818181818182, 0.8272727272727273, 0.5136363636363637]
Score of training (classical) [0.740909090909091, 0.8681818181818182, 0.8636363636363636, 0.4954545454545455]
Sample 144
Take max_iter as  1386
Score of validation 0.8818181818181818
Score of training 0.9829545454545454
Score of validation (classical) [0.7227272727272728, 0.8409090909090909, 0.85, 0.5]
Score of training (classical) [0.7340909090909091, 0.8738636363636364, 0.8681818181818182, 0.4647727272727273]
Sample 145
Take max_iter as  1334
Score of validation 0.85
Score of training 0.9772727272727273
Score of validation (classical) [0.7454545454545455, 0.8090909090909091, 0.8318181818181818, 0.4863636363636364]
Score of training (classical) [0.7420454545454546, 0.8715909090909091, 0.8636363636363636, 0.4738636363636364]
Sample 146
Take max_iter as  1407
Score of validation 0.8681818181818182
Score of training 0.9818181818181818
Score of validation (classical) [0.7090909090909091, 0.8, 0.8318181818181818, 0.5227272727272727]
Score of training (classical) [0.7386363636363636, 0.865909090909091, 0.8715909090909091, 0.49772727272727274]
Sample 147
Take max_iter as  1433
Score of validation 0.8227272727272728
Score of training 0.9818181818181818
Score of validation (classical) [0.7318181818181818, 0.8136363636363636, 0.8272727272727273, 0.5363636363636364]
Score of training (classical) [0.7397727272727272, 0.8636363636363636, 0.8602272727272727, 0.5113636363636364]
Sample 148
Take max_iter as  1360
Score of validation 0.8727272727272727
Score of training 0.9761363636363637
Score of validation (classical) [0.75, 0.8454545454545455, 0.8409090909090909, 0.5045454545454545]
Score of training (classical) [0.7477272727272727, 0.8738636363636364, 0.8681818181818182, 0.47613636363636364]
Sample 149
Take max_iter as  1346
Score of validation 0.8681818181818182
Score of training 0.9806818181818182
Score of validation (classical) [0.6954545454545454, 0.8227272727272728, 0.8272727272727273, 0.4590909090909091]
Score of training (classical) [0.7295454545454545, 0.8727272727272727, 0.8681818181818182, 0.46704545454545454]
Sample 150
Take max_iter as  1364
Score of validation 0.9045454545454545
Score of training 0.9818181818181818
Score of validation (classical) [0.7045454545454546, 0.8363636363636363, 0.8272727272727273, 0.5]
Score of training (classical) [0.7375, 0.8738636363636364, 0.8670454545454546, 0.48522727272727273]
Sample 151
Take max_iter as  1416
Score of validation 0.8454545454545455
Score of training 0.9784090909090909
Score of validation (classical) [0.7363636363636363, 0.8318181818181818, 0.8363636363636363, 0.4772727272727273]
Score of training (classical) [0.7454545454545455, 0.8704545454545455, 0.8693181818181818, 0.4715909090909091]
Sample 152
Take max_iter as  1400
Score of validation 0.8454545454545455
Score of training 0.9840909090909091
Score of validation (classical) [0.7227272727272728, 0.8181818181818182, 0.8318181818181818, 0.4636363636363636]
Score of training (classical) [0.7511363636363636, 0.8806818181818182, 0.8806818181818182, 0.4909090909090909]
Sample 153
Take max_iter as  1328
Score of validation 0.8727272727272727
Score of training 0.9818181818181818
Score of validation (classical) [0.7545454545454545, 0.8454545454545455, 0.8590909090909091, 0.4818181818181818]
Score of training (classical) [0.7352272727272727, 0.8738636363636364, 0.8681818181818182, 0.4715909090909091]
Sample 154
Take max_iter as  1413
Score of validation 0.8409090909090909
Score of training 0.9818181818181818
Score of validation (classical) [0.740909090909091, 0.8090909090909091, 0.8363636363636363, 0.4954545454545455]
Score of training (classical) [0.7488636363636364, 0.8670454545454546, 0.8693181818181818, 0.49318181818181817]
Sample 155
Take max_iter as  1405
Score of validation 0.8409090909090909
Score of training 0.9784090909090909
Score of validation (classical) [0.7454545454545455, 0.8272727272727273, 0.8227272727272728, 0.509090909090909]
Score of training (classical) [0.7306818181818182, 0.8681818181818182, 0.8704545454545455, 0.48295454545454547]
Sample 156
Take max_iter as  1333
Score of validation 0.8727272727272727
Score of training 0.9784090909090909
Score of validation (classical) [0.7181818181818181, 0.8272727272727273, 0.8454545454545455, 0.4772727272727273]
Score of training (classical) [0.75, 0.865909090909091, 0.8681818181818182, 0.4965909090909091]
Sample 157
Take max_iter as  1303
Score of validation 0.8727272727272727
Score of training 0.9875
Score of validation (classical) [0.7318181818181818, 0.8181818181818182, 0.8363636363636363, 0.4863636363636364]
Score of training (classical) [0.7318181818181818, 0.8727272727272727, 0.865909090909091, 0.4556818181818182]
Sample 158
Take max_iter as  1438
Score of validation 0.8727272727272727
Score of training 0.9818181818181818
Score of validation (classical) [0.7181818181818181, 0.8409090909090909, 0.85, 0.4909090909090909]
Score of training (classical) [0.7386363636363636, 0.8602272727272727, 0.8727272727272727, 0.48295454545454547]
Sample 159
Take max_iter as  1374
Score of validation 0.8681818181818182
Score of training 0.9806818181818182
Score of validation (classical) [0.7181818181818181, 0.8045454545454546, 0.8227272727272728, 0.4727272727272727]
Score of training (classical) [0.7375, 0.8681818181818182, 0.8647727272727272, 0.47613636363636364]
Sample 160
Take max_iter as  1436
Score of validation 0.8727272727272727
Score of training 0.9818181818181818
Score of validation (classical) [0.7, 0.7954545454545454, 0.8136363636363636, 0.5]
Score of training (classical) [0.7477272727272727, 0.875, 0.8738636363636364, 0.4875]
Sample 161
Take max_iter as  1411
Score of validation 0.8681818181818182
Score of training 0.9829545454545454
Score of validation (classical) [0.740909090909091, 0.8045454545454546, 0.8318181818181818, 0.4681818181818182]
Score of training (classical) [0.7363636363636363, 0.8784090909090909, 0.8727272727272727, 0.46704545454545454]
Sample 162
Take max_iter as  1354
Score of validation 0.8681818181818182
Score of training 0.9840909090909091
Score of validation (classical) [0.7181818181818181, 0.8363636363636363, 0.8363636363636363, 0.4772727272727273]
Score of training (classical) [0.7238636363636364, 0.8738636363636364, 0.8693181818181818, 0.4659090909090909]
Sample 163
Take max_iter as  1383
Score of validation 0.8863636363636364
Score of training 0.9795454545454545
Score of validation (classical) [0.7045454545454546, 0.8181818181818182, 0.8409090909090909, 0.4636363636363636]
Score of training (classical) [0.7284090909090909, 0.8693181818181818, 0.8636363636363636, 0.4693181818181818]
Sample 164
Take max_iter as  1378
Score of validation 0.8545454545454545
Score of training 0.9806818181818182
Score of validation (classical) [0.7045454545454546, 0.8136363636363636, 0.8318181818181818, 0.509090909090909]
Score of training (classical) [0.7340909090909091, 0.8693181818181818, 0.8681818181818182, 0.48522727272727273]
Sample 165
Take max_iter as  1370
Score of validation 0.8681818181818182
Score of training 0.9852272727272727
Score of validation (classical) [0.7, 0.8227272727272728, 0.8318181818181818, 0.5]
Score of training (classical) [0.7511363636363636, 0.8715909090909091, 0.8784090909090909, 0.4943181818181818]
Sample 166
Take max_iter as  1398
Score of validation 0.8909090909090909
Score of training 0.9863636363636363
Score of validation (classical) [0.7545454545454545, 0.8363636363636363, 0.8590909090909091, 0.4909090909090909]
Score of training (classical) [0.7477272727272727, 0.8727272727272727, 0.8761363636363636, 0.4909090909090909]
Sample 167
Take max_iter as  1414
Score of validation 0.8409090909090909
Score of training 0.9795454545454545
Score of validation (classical) [0.7136363636363636, 0.8227272727272728, 0.8363636363636363, 0.4772727272727273]
Score of training (classical) [0.7375, 0.8772727272727273, 0.8715909090909091, 0.4818181818181818]
Sample 168
Take max_iter as  1357
Score of validation 0.8590909090909091
Score of training 0.9818181818181818
Score of validation (classical) [0.740909090909091, 0.8136363636363636, 0.8181818181818182, 0.5181818181818182]
Score of training (classical) [0.7443181818181818, 0.865909090909091, 0.8647727272727272, 0.47613636363636364]
Sample 169
Take max_iter as  1471
Score of validation 0.8681818181818182
Score of training 0.9795454545454545
Score of validation (classical) [0.7545454545454545, 0.8227272727272728, 0.8454545454545455, 0.4727272727272727]
Score of training (classical) [0.7284090909090909, 0.8681818181818182, 0.8625, 0.4659090909090909]
Sample 170
Take max_iter as  1390
Score of validation 0.8545454545454545
Score of training 0.9829545454545454
Score of validation (classical) [0.7090909090909091, 0.8181818181818182, 0.8409090909090909, 0.4681818181818182]
Score of training (classical) [0.7306818181818182, 0.8704545454545455, 0.8670454545454546, 0.4738636363636364]
Sample 171
Take max_iter as  1367
Score of validation 0.8545454545454545
Score of training 0.9852272727272727
Score of validation (classical) [0.7, 0.8045454545454546, 0.8318181818181818, 0.4954545454545455]
Score of training (classical) [0.7340909090909091, 0.8715909090909091, 0.8704545454545455, 0.4875]
Sample 172
Take max_iter as  1367
Score of validation 0.8681818181818182
Score of training 0.9818181818181818
Score of validation (classical) [0.7363636363636363, 0.7954545454545454, 0.8090909090909091, 0.5]
Score of training (classical) [0.75, 0.875, 0.8693181818181818, 0.509090909090909]
Sample 173
Take max_iter as  1284
Score of validation 0.8590909090909091
Score of training 0.9795454545454545
Score of validation (classical) [0.7045454545454546, 0.8136363636363636, 0.8272727272727273, 0.4772727272727273]
Score of training (classical) [0.7363636363636363, 0.8693181818181818, 0.8772727272727273, 0.4647727272727273]
Sample 174
Take max_iter as  1358
Score of validation 0.8545454545454545
Score of training 0.9852272727272727
Score of validation (classical) [0.7227272727272728, 0.8090909090909091, 0.8136363636363636, 0.4727272727272727]
Score of training (classical) [0.7386363636363636, 0.8693181818181818, 0.8715909090909091, 0.475]
Sample 175
Take max_iter as  1350
Score of validation 0.8772727272727273
Score of training 0.9818181818181818
Score of validation (classical) [0.7272727272727273, 0.8318181818181818, 0.8136363636363636, 0.4772727272727273]
Score of training (classical) [0.7386363636363636, 0.8715909090909091, 0.8693181818181818, 0.475]
Sample 176
Take max_iter as  1353
Score of validation 0.8727272727272727
Score of training 0.9863636363636363
Score of validation (classical) [0.7727272727272727, 0.8227272727272728, 0.8318181818181818, 0.4909090909090909]
Score of training (classical) [0.740909090909091, 0.8647727272727272, 0.8613636363636363, 0.47045454545454546]
Sample 177
Take max_iter as  1339
Score of validation 0.8727272727272727
Score of training 0.9852272727272727
Score of validation (classical) [0.7272727272727273, 0.8136363636363636, 0.8318181818181818, 0.4863636363636364]
Score of training (classical) [0.7340909090909091, 0.8647727272727272, 0.8670454545454546, 0.48863636363636365]
Sample 178
Take max_iter as  1469
Score of validation 0.8727272727272727
Score of training 0.9829545454545454
Score of validation (classical) [0.7045454545454546, 0.8227272727272728, 0.8318181818181818, 0.4727272727272727]
Score of training (classical) [0.7318181818181818, 0.8693181818181818, 0.8613636363636363, 0.4681818181818182]
Sample 179
Take max_iter as  1389
Score of validation 0.8772727272727273
Score of training 0.9852272727272727
Score of validation (classical) [0.7136363636363636, 0.8272727272727273, 0.8318181818181818, 0.5045454545454545]
Score of training (classical) [0.7375, 0.865909090909091, 0.8636363636363636, 0.4875]
Sample 180
Take max_iter as  1378
Score of validation 0.8545454545454545
Score of training 0.9840909090909091
Score of validation (classical) [0.7318181818181818, 0.8318181818181818, 0.8409090909090909, 0.5227272727272727]
Score of training (classical) [0.7284090909090909, 0.8681818181818182, 0.8681818181818182, 0.48522727272727273]
Sample 181
Take max_iter as  1373
Score of validation 0.8681818181818182
Score of training 0.9829545454545454
Score of validation (classical) [0.7454545454545455, 0.8136363636363636, 0.8272727272727273, 0.4863636363636364]
Score of training (classical) [0.7352272727272727, 0.8704545454545455, 0.8681818181818182, 0.48295454545454547]
Sample 182
Take max_iter as  1495
Score of validation 0.8863636363636364
Score of training 0.9806818181818182
Score of validation (classical) [0.7136363636363636, 0.8181818181818182, 0.8363636363636363, 0.4772727272727273]
Score of training (classical) [0.7397727272727272, 0.8670454545454546, 0.865909090909091, 0.5]
Sample 183
Take max_iter as  1422
Score of validation 0.8863636363636364
Score of training 0.9829545454545454
Score of validation (classical) [0.7272727272727273, 0.8136363636363636, 0.8409090909090909, 0.4954545454545455]
Score of training (classical) [0.7352272727272727, 0.8613636363636363, 0.8647727272727272, 0.4943181818181818]
Sample 184
Take max_iter as  1426
Score of validation 0.8409090909090909
Score of training 0.9795454545454545
Score of validation (classical) [0.7090909090909091, 0.8090909090909091, 0.8363636363636363, 0.4818181818181818]
Score of training (classical) [0.75, 0.8772727272727273, 0.8681818181818182, 0.48295454545454547]
Sample 185
Take max_iter as  1339
Score of validation 0.8636363636363636
Score of training 0.9840909090909091
Score of validation (classical) [0.7227272727272728, 0.8227272727272728, 0.8409090909090909, 0.4681818181818182]
Score of training (classical) [0.7431818181818182, 0.8704545454545455, 0.8738636363636364, 0.49204545454545456]
Sample 186
Take max_iter as  1436
Score of validation 0.8636363636363636
Score of training 0.9806818181818182
Score of validation (classical) [0.6954545454545454, 0.8090909090909091, 0.8045454545454546, 0.4863636363636364]
Score of training (classical) [0.7375, 0.8704545454545455, 0.8602272727272727, 0.48068181818181815]
Sample 187
Take max_iter as  1384
Score of validation 0.8772727272727273
Score of training 0.9852272727272727
Score of validation (classical) [0.7136363636363636, 0.8181818181818182, 0.8409090909090909, 0.5181818181818182]
Score of training (classical) [0.7397727272727272, 0.8715909090909091, 0.8715909090909091, 0.49772727272727274]
Sample 188
Take max_iter as  1327
Score of validation 0.8727272727272727
Score of training 0.9829545454545454
Score of validation (classical) [0.7136363636363636, 0.8272727272727273, 0.8590909090909091, 0.509090909090909]
Score of training (classical) [0.7147727272727272, 0.8693181818181818, 0.8715909090909091, 0.48409090909090907]
Sample 189
Take max_iter as  1443
Score of validation 0.8818181818181818
Score of training 0.9806818181818182
Score of validation (classical) [0.7181818181818181, 0.8136363636363636, 0.8409090909090909, 0.4909090909090909]
Score of training (classical) [0.7431818181818182, 0.8670454545454546, 0.8727272727272727, 0.46136363636363636]
Sample 190
Take max_iter as  1466
Score of validation 0.8590909090909091
Score of training 0.9852272727272727
Score of validation (classical) [0.6954545454545454, 0.8227272727272728, 0.8318181818181818, 0.4590909090909091]
Score of training (classical) [0.7420454545454546, 0.8738636363636364, 0.8670454545454546, 0.5]
Sample 191
Take max_iter as  1359
Score of validation 0.85
Score of training 0.9806818181818182
Score of validation (classical) [0.7, 0.8227272727272728, 0.8227272727272728, 0.5]
Score of training (classical) [0.725, 0.8670454545454546, 0.8647727272727272, 0.4784090909090909]
Sample 192
Take max_iter as  1384
Score of validation 0.8727272727272727
Score of training 0.9795454545454545
Score of validation (classical) [0.7136363636363636, 0.8227272727272728, 0.85, 0.5227272727272727]
Score of training (classical) [0.7340909090909091, 0.8772727272727273, 0.8784090909090909, 0.49204545454545456]
Sample 193
Take max_iter as  1372
Score of validation 0.8772727272727273
Score of training 0.9852272727272727
Score of validation (classical) [0.7318181818181818, 0.8227272727272728, 0.8409090909090909, 0.4681818181818182]
Score of training (classical) [0.7386363636363636, 0.8715909090909091, 0.8681818181818182, 0.47954545454545455]
Sample 194
Take max_iter as  1409
Score of validation 0.8681818181818182
Score of training 0.9806818181818182
Score of validation (classical) [0.7272727272727273, 0.8136363636363636, 0.8318181818181818, 0.5]
Score of training (classical) [0.7420454545454546, 0.8727272727272727, 0.865909090909091, 0.4818181818181818]
Sample 195
Take max_iter as  1350
Score of validation 0.8454545454545455
Score of training 0.9772727272727273
Score of validation (classical) [0.7272727272727273, 0.8318181818181818, 0.8318181818181818, 0.5]
Score of training (classical) [0.7363636363636363, 0.8636363636363636, 0.8670454545454546, 0.475]
Sample 196
Take max_iter as  1308
Score of validation 0.8590909090909091
Score of training 0.9829545454545454
Score of validation (classical) [0.7136363636363636, 0.8227272727272728, 0.8363636363636363, 0.4636363636363636]
Score of training (classical) [0.7295454545454545, 0.8727272727272727, 0.8704545454545455, 0.4659090909090909]
Sample 197
Take max_iter as  1311
Score of validation 0.8545454545454545
Score of training 0.9863636363636363
Score of validation (classical) [0.7045454545454546, 0.8090909090909091, 0.8136363636363636, 0.44545454545454544]
Score of training (classical) [0.7420454545454546, 0.8738636363636364, 0.8693181818181818, 0.47954545454545455]
Sample 198
Take max_iter as  1397
Score of validation 0.8727272727272727
Score of training 0.9840909090909091
Score of validation (classical) [0.75, 0.8409090909090909, 0.8454545454545455, 0.4772727272727273]
Score of training (classical) [0.7363636363636363, 0.8693181818181818, 0.8602272727272727, 0.4727272727272727]
Sample 199
Take max_iter as  1366
Score of validation 0.8454545454545455
Score of training 0.9829545454545454
Score of validation (classical) [0.6909090909090909, 0.7954545454545454, 0.8181818181818182, 0.4636363636363636]
Score of training (classical) [0.7238636363636364, 0.8693181818181818, 0.875, 0.45681818181818185]
Sample 200
Take max_iter as  1367
Score of validation 0.8545454545454545
Score of training 0.9829545454545454
Score of validation (classical) [0.7090909090909091, 0.8136363636363636, 0.8318181818181818, 0.4909090909090909]
Score of training (classical) [0.7306818181818182, 0.8761363636363636, 0.8670454545454546, 0.4727272727272727]
Sample 201
Take max_iter as  1385
Score of validation 0.8727272727272727
Score of training 0.9818181818181818
Score of validation (classical) [0.7227272727272728, 0.8045454545454546, 0.8318181818181818, 0.4954545454545455]
Score of training (classical) [0.7329545454545454, 0.8647727272727272, 0.8647727272727272, 0.4875]
Sample 202
Take max_iter as  1376
Score of validation 0.8727272727272727
Score of training 0.9818181818181818
Score of validation (classical) [0.7454545454545455, 0.8409090909090909, 0.8363636363636363, 0.4590909090909091]
Score of training (classical) [0.740909090909091, 0.8693181818181818, 0.875, 0.48295454545454547]
Sample 203
Take max_iter as  1343
Score of validation 0.8409090909090909
Score of training 0.9829545454545454
Score of validation (classical) [0.740909090909091, 0.8272727272727273, 0.8363636363636363, 0.4727272727272727]
Score of training (classical) [0.7454545454545455, 0.875, 0.8761363636363636, 0.47045454545454546]
Sample 204
Take max_iter as  1361
Score of validation 0.8636363636363636
Score of training 0.9829545454545454
Score of validation (classical) [0.7, 0.7909090909090909, 0.8272727272727273, 0.4636363636363636]
Score of training (classical) [0.7488636363636364, 0.8727272727272727, 0.8738636363636364, 0.4556818181818182]
Sample 205
Take max_iter as  1356
Score of validation 0.8772727272727273
Score of training 0.9806818181818182
Score of validation (classical) [0.7318181818181818, 0.8363636363636363, 0.8545454545454545, 0.509090909090909]
Score of training (classical) [0.7488636363636364, 0.8715909090909091, 0.8670454545454546, 0.48068181818181815]
Sample 206
Take max_iter as  1430
Score of validation 0.8636363636363636
Score of training 0.9818181818181818
Score of validation (classical) [0.7090909090909091, 0.8, 0.8045454545454546, 0.5136363636363637]
Score of training (classical) [0.7340909090909091, 0.8704545454545455, 0.865909090909091, 0.47613636363636364]
Sample 207
Take max_iter as  1374
Score of validation 0.8409090909090909
Score of training 0.9818181818181818
Score of validation (classical) [0.7090909090909091, 0.8, 0.8136363636363636, 0.5136363636363637]
Score of training (classical) [0.759090909090909, 0.8761363636363636, 0.8704545454545455, 0.5079545454545454]
Sample 208
Take max_iter as  1429
Score of validation 0.8681818181818182
Score of training 0.9840909090909091
Score of validation (classical) [0.7272727272727273, 0.8227272727272728, 0.8454545454545455, 0.4863636363636364]
Score of training (classical) [0.7386363636363636, 0.8738636363636364, 0.8738636363636364, 0.47045454545454546]
Sample 209
Take max_iter as  1346
Score of validation 0.8681818181818182
Score of training 0.9806818181818182
Score of validation (classical) [0.7181818181818181, 0.8045454545454546, 0.8136363636363636, 0.5045454545454545]
Score of training (classical) [0.740909090909091, 0.875, 0.865909090909091, 0.5045454545454545]
Sample 210
Take max_iter as  1339
Score of validation 0.8727272727272727
Score of training 0.9795454545454545
Score of validation (classical) [0.7363636363636363, 0.8181818181818182, 0.8272727272727273, 0.4772727272727273]
Score of training (classical) [0.7375, 0.8704545454545455, 0.865909090909091, 0.48295454545454547]
Sample 211
Take max_iter as  1416
Score of validation 0.8409090909090909
Score of training 0.9829545454545454
Score of validation (classical) [0.7363636363636363, 0.8090909090909091, 0.8090909090909091, 0.4909090909090909]
Score of training (classical) [0.7443181818181818, 0.8784090909090909, 0.8738636363636364, 0.48522727272727273]
Sample 212
Take max_iter as  1355
Score of validation 0.8772727272727273
Score of training 0.9829545454545454
Score of validation (classical) [0.7318181818181818, 0.8272727272727273, 0.8363636363636363, 0.5]
Score of training (classical) [0.7443181818181818, 0.8795454545454545, 0.875, 0.47613636363636364]
Sample 213
Take max_iter as  1344
Score of validation 0.8636363636363636
Score of training 0.9795454545454545
Score of validation (classical) [0.740909090909091, 0.8227272727272728, 0.8227272727272728, 0.5]
Score of training (classical) [0.7522727272727273, 0.8715909090909091, 0.8647727272727272, 0.5011363636363636]
Sample 214
Take max_iter as  1431
Score of validation 0.8681818181818182
Score of training 0.9772727272727273
Score of validation (classical) [0.7181818181818181, 0.8227272727272728, 0.8409090909090909, 0.4954545454545455]
Score of training (classical) [0.7295454545454545, 0.8647727272727272, 0.8681818181818182, 0.4659090909090909]
Sample 215
Take max_iter as  1405
Score of validation 0.8818181818181818
Score of training 0.9772727272727273
Score of validation (classical) [0.7136363636363636, 0.8227272727272728, 0.8227272727272728, 0.4727272727272727]
Score of training (classical) [0.7397727272727272, 0.8704545454545455, 0.8681818181818182, 0.4659090909090909]
Sample 216
Take max_iter as  1337
Score of validation 0.8409090909090909
Score of training 0.9840909090909091
Score of validation (classical) [0.7272727272727273, 0.8090909090909091, 0.8227272727272728, 0.4954545454545455]
Score of training (classical) [0.7284090909090909, 0.8636363636363636, 0.8693181818181818, 0.47613636363636364]
Sample 217
Take max_iter as  1428
Score of validation 0.8545454545454545
Score of training 0.9829545454545454
Score of validation (classical) [0.7045454545454546, 0.8045454545454546, 0.8227272727272728, 0.45]
Score of training (classical) [0.7454545454545455, 0.875, 0.8727272727272727, 0.48068181818181815]
Sample 218
Take max_iter as  1396
Score of validation 0.8454545454545455
Score of training 0.9738636363636364
Score of validation (classical) [0.7045454545454546, 0.8272727272727273, 0.8409090909090909, 0.4909090909090909]
Score of training (classical) [0.7488636363636364, 0.8738636363636364, 0.8738636363636364, 0.48068181818181815]
Sample 219
Take max_iter as  1465
Score of validation 0.8681818181818182
Score of training 0.9863636363636363
Score of validation (classical) [0.7363636363636363, 0.8181818181818182, 0.8409090909090909, 0.4818181818181818]
Score of training (classical) [0.75, 0.865909090909091, 0.8761363636363636, 0.4727272727272727]
Sample 220
Take max_iter as  1333
Score of validation 0.8454545454545455
Score of training 0.9818181818181818
Score of validation (classical) [0.7318181818181818, 0.8272727272727273, 0.8590909090909091, 0.5045454545454545]
Score of training (classical) [0.7375, 0.8636363636363636, 0.8704545454545455, 0.4965909090909091]
Sample 221
Take max_iter as  1396
Score of validation 0.8772727272727273
Score of training 0.9852272727272727
Score of validation (classical) [0.7090909090909091, 0.8181818181818182, 0.8227272727272728, 0.45454545454545453]
Score of training (classical) [0.7443181818181818, 0.8772727272727273, 0.8693181818181818, 0.47045454545454546]
Sample 222
Take max_iter as  1409
Score of validation 0.8454545454545455
Score of training 0.9806818181818182
Score of validation (classical) [0.7227272727272728, 0.7954545454545454, 0.8090909090909091, 0.4818181818181818]
Score of training (classical) [0.740909090909091, 0.865909090909091, 0.8681818181818182, 0.4772727272727273]
Sample 223
Take max_iter as  1429
Score of validation 0.8590909090909091
Score of training 0.9806818181818182
Score of validation (classical) [0.740909090909091, 0.8090909090909091, 0.8272727272727273, 0.4681818181818182]
Score of training (classical) [0.7318181818181818, 0.8715909090909091, 0.8590909090909091, 0.4625]
Sample 224
Take max_iter as  1378
Score of validation 0.8681818181818182
Score of training 0.9829545454545454
Score of validation (classical) [0.7272727272727273, 0.8272727272727273, 0.8363636363636363, 0.4636363636363636]
Score of training (classical) [0.7420454545454546, 0.8715909090909091, 0.8670454545454546, 0.48068181818181815]
Sample 225
Take max_iter as  1402
Score of validation 0.8681818181818182
Score of training 0.9840909090909091
Score of validation (classical) [0.7090909090909091, 0.7954545454545454, 0.8227272727272728, 0.44545454545454544]
Score of training (classical) [0.7397727272727272, 0.875, 0.8625, 0.4715909090909091]
Sample 226
Take max_iter as  1375
Score of validation 0.8590909090909091
Score of training 0.9829545454545454
Score of validation (classical) [0.7, 0.8090909090909091, 0.8272727272727273, 0.4818181818181818]
Score of training (classical) [0.7397727272727272, 0.8693181818181818, 0.8704545454545455, 0.4818181818181818]
Sample 227
Take max_iter as  1331
Score of validation 0.85
Score of training 0.9840909090909091
Score of validation (classical) [0.7363636363636363, 0.8227272727272728, 0.8181818181818182, 0.4818181818181818]
Score of training (classical) [0.7511363636363636, 0.8647727272727272, 0.8681818181818182, 0.48068181818181815]
Sample 228
Take max_iter as  1317
Score of validation 0.8818181818181818
Score of training 0.9852272727272727
Score of validation (classical) [0.7318181818181818, 0.8363636363636363, 0.8272727272727273, 0.4818181818181818]
Score of training (classical) [0.740909090909091, 0.8738636363636364, 0.8693181818181818, 0.5022727272727273]
Sample 229
Take max_iter as  1333
Score of validation 0.8590909090909091
Score of training 0.9806818181818182
Score of validation (classical) [0.7318181818181818, 0.8181818181818182, 0.8181818181818182, 0.4954545454545455]
Score of training (classical) [0.7397727272727272, 0.8761363636363636, 0.8693181818181818, 0.48863636363636365]
Sample 230
Take max_iter as  1412
Score of validation 0.8454545454545455
Score of training 0.9829545454545454
Score of validation (classical) [0.7045454545454546, 0.8181818181818182, 0.8363636363636363, 0.4863636363636364]
Score of training (classical) [0.7329545454545454, 0.8772727272727273, 0.8784090909090909, 0.4659090909090909]
Sample 231
Take max_iter as  1393
Score of validation 0.8545454545454545
Score of training 0.9829545454545454
Score of validation (classical) [0.7318181818181818, 0.8090909090909091, 0.8409090909090909, 0.4954545454545455]
Score of training (classical) [0.7363636363636363, 0.8693181818181818, 0.8693181818181818, 0.4715909090909091]
Sample 232
Take max_iter as  1341
Score of validation 0.8590909090909091
Score of training 0.9818181818181818
Score of validation (classical) [0.7318181818181818, 0.8363636363636363, 0.8454545454545455, 0.509090909090909]
Score of training (classical) [0.7454545454545455, 0.8784090909090909, 0.8795454545454545, 0.4875]
Sample 233
Take max_iter as  1349
Score of validation 0.8545454545454545
Score of training 0.9818181818181818
Score of validation (classical) [0.7181818181818181, 0.8181818181818182, 0.8318181818181818, 0.509090909090909]
Score of training (classical) [0.7386363636363636, 0.8647727272727272, 0.8738636363636364, 0.48977272727272725]
Sample 234
Take max_iter as  1365
Score of validation 0.8818181818181818
Score of training 0.9829545454545454
Score of validation (classical) [0.7045454545454546, 0.8318181818181818, 0.8272727272727273, 0.509090909090909]
Score of training (classical) [0.7375, 0.8693181818181818, 0.8681818181818182, 0.46704545454545454]
Sample 235
Take max_iter as  1381
Score of validation 0.8727272727272727
Score of training 0.9829545454545454
Score of validation (classical) [0.7318181818181818, 0.8227272727272728, 0.8363636363636363, 0.4909090909090909]
Score of training (classical) [0.7443181818181818, 0.8772727272727273, 0.8795454545454545, 0.48977272727272725]
Sample 236
Take max_iter as  1372
Score of validation 0.8681818181818182
Score of training 0.9852272727272727
Score of validation (classical) [0.7454545454545455, 0.8318181818181818, 0.8272727272727273, 0.5]
Score of training (classical) [0.7488636363636364, 0.8715909090909091, 0.8693181818181818, 0.4965909090909091]
Sample 237
Take max_iter as  1389
Score of validation 0.8590909090909091
Score of training 0.9852272727272727
Score of validation (classical) [0.7363636363636363, 0.8090909090909091, 0.8227272727272728, 0.4954545454545455]
Score of training (classical) [0.7386363636363636, 0.8715909090909091, 0.8670454545454546, 0.4727272727272727]
Sample 238
Take max_iter as  1391
Score of validation 0.8545454545454545
Score of training 0.9784090909090909
Score of validation (classical) [0.7136363636363636, 0.8227272727272728, 0.8363636363636363, 0.45454545454545453]
Score of training (classical) [0.7443181818181818, 0.8681818181818182, 0.8704545454545455, 0.49318181818181817]
Sample 239
Take max_iter as  1408
Score of validation 0.8454545454545455
Score of training 0.9840909090909091
Score of validation (classical) [0.7, 0.8045454545454546, 0.8181818181818182, 0.5]
Score of training (classical) [0.7431818181818182, 0.8693181818181818, 0.8625, 0.4909090909090909]
Sample 240
Take max_iter as  1380
Score of validation 0.8590909090909091
Score of training 0.9818181818181818
Score of validation (classical) [0.7045454545454546, 0.8, 0.8181818181818182, 0.5]
Score of training (classical) [0.7420454545454546, 0.8670454545454546, 0.8704545454545455, 0.48522727272727273]
Sample 241
Take max_iter as  1369
Score of validation 0.8727272727272727
Score of training 0.9818181818181818
Score of validation (classical) [0.6954545454545454, 0.8045454545454546, 0.8227272727272728, 0.509090909090909]
Score of training (classical) [0.7397727272727272, 0.8693181818181818, 0.8693181818181818, 0.4863636363636364]
Sample 242
Take max_iter as  1378
Score of validation 0.8772727272727273
Score of training 0.9806818181818182
Score of validation (classical) [0.7136363636363636, 0.8318181818181818, 0.8590909090909091, 0.4818181818181818]
Score of training (classical) [0.7477272727272727, 0.8704545454545455, 0.8727272727272727, 0.5079545454545454]
Sample 243
Take max_iter as  1358
Score of validation 0.8727272727272727
Score of training 0.9852272727272727
Score of validation (classical) [0.7090909090909091, 0.8090909090909091, 0.8227272727272728, 0.5045454545454545]
Score of training (classical) [0.7386363636363636, 0.8727272727272727, 0.8647727272727272, 0.4727272727272727]
Sample 244
Take max_iter as  1397
Score of validation 0.85
Score of training 0.9795454545454545
Score of validation (classical) [0.7090909090909091, 0.8136363636363636, 0.8181818181818182, 0.5045454545454545]
Score of training (classical) [0.7363636363636363, 0.8761363636363636, 0.8693181818181818, 0.4681818181818182]
Sample 245
Take max_iter as  1388
Score of validation 0.8590909090909091
Score of training 0.9829545454545454
Score of validation (classical) [0.740909090909091, 0.8181818181818182, 0.8318181818181818, 0.4954545454545455]
Score of training (classical) [0.7375, 0.8704545454545455, 0.865909090909091, 0.48295454545454547]
Sample 246
Take max_iter as  1345
Score of validation 0.85
Score of training 0.9840909090909091
Score of validation (classical) [0.7090909090909091, 0.8227272727272728, 0.8363636363636363, 0.5]
Score of training (classical) [0.7318181818181818, 0.8704545454545455, 0.8727272727272727, 0.4965909090909091]
Sample 247
Take max_iter as  1372
Score of validation 0.8772727272727273
Score of training 0.9795454545454545
Score of validation (classical) [0.7272727272727273, 0.8454545454545455, 0.8636363636363636, 0.4636363636363636]
Score of training (classical) [0.7375, 0.8704545454545455, 0.8738636363636364, 0.47954545454545455]
Sample 248
Take max_iter as  1408
Score of validation 0.8545454545454545
Score of training 0.9818181818181818
Score of validation (classical) [0.7090909090909091, 0.8181818181818182, 0.8318181818181818, 0.4681818181818182]
Score of training (classical) [0.7431818181818182, 0.8715909090909091, 0.8681818181818182, 0.4727272727272727]
Sample 249
Take max_iter as  1325
Score of validation 0.8727272727272727
Score of training 0.9806818181818182
Score of validation (classical) [0.7272727272727273, 0.8409090909090909, 0.8363636363636363, 0.45454545454545453]
Score of training (classical) [0.7375, 0.8647727272727272, 0.8715909090909091, 0.4784090909090909]
Sample 250
Take max_iter as  1412
Score of validation 0.8545454545454545
Score of training 0.9829545454545454
Score of validation (classical) [0.7181818181818181, 0.8090909090909091, 0.8363636363636363, 0.4727272727272727]
Score of training (classical) [0.7363636363636363, 0.8715909090909091, 0.8715909090909091, 0.4636363636363636]
Sample 251
Take max_iter as  1424
Score of validation 0.8590909090909091
Score of training 0.9806818181818182
Score of validation (classical) [0.7181818181818181, 0.8090909090909091, 0.8181818181818182, 0.5045454545454545]
Score of training (classical) [0.7363636363636363, 0.8693181818181818, 0.8670454545454546, 0.4818181818181818]
Sample 252
Take max_iter as  1454
Score of validation 0.8590909090909091
Score of training 0.9806818181818182
Score of validation (classical) [0.7090909090909091, 0.8227272727272728, 0.8363636363636363, 0.44545454545454544]
Score of training (classical) [0.7375, 0.8693181818181818, 0.8647727272727272, 0.4772727272727273]
Sample 253
Take max_iter as  1314
Score of validation 0.8318181818181818
Score of training 0.9863636363636363
Score of validation (classical) [0.7227272727272728, 0.8181818181818182, 0.8454545454545455, 0.4727272727272727]
Score of training (classical) [0.7465909090909091, 0.8715909090909091, 0.8681818181818182, 0.4772727272727273]
Sample 254
Take max_iter as  1306
Score of validation 0.8909090909090909
Score of training 0.9818181818181818
Score of validation (classical) [0.7227272727272728, 0.8272727272727273, 0.8409090909090909, 0.4954545454545455]
Score of training (classical) [0.740909090909091, 0.8715909090909091, 0.8704545454545455, 0.48409090909090907]
Sample 255
Take max_iter as  1424
Score of validation 0.8636363636363636
Score of training 0.9795454545454545
Score of validation (classical) [0.7045454545454546, 0.7954545454545454, 0.8227272727272728, 0.4727272727272727]
Score of training (classical) [0.7363636363636363, 0.8784090909090909, 0.8772727272727273, 0.47613636363636364]
Sample 256
Take max_iter as  1410
Score of validation 0.8590909090909091
Score of training 0.9818181818181818
Score of validation (classical) [0.7272727272727273, 0.8136363636363636, 0.8227272727272728, 0.4909090909090909]
Score of training (classical) [0.7340909090909091, 0.8715909090909091, 0.8670454545454546, 0.4965909090909091]
Sample 257
Take max_iter as  1401
Score of validation 0.8681818181818182
Score of training 0.9806818181818182
Score of validation (classical) [0.7181818181818181, 0.8181818181818182, 0.8227272727272728, 0.4727272727272727]
Score of training (classical) [0.7363636363636363, 0.8727272727272727, 0.8636363636363636, 0.46704545454545454]
Sample 258
Take max_iter as  1411
Score of validation 0.8454545454545455
Score of training 0.9818181818181818
Score of validation (classical) [0.7045454545454546, 0.8227272727272728, 0.8545454545454545, 0.4863636363636364]
Score of training (classical) [0.725, 0.8715909090909091, 0.8727272727272727, 0.475]
Sample 259
Take max_iter as  1350
Score of validation 0.8681818181818182
Score of training 0.9818181818181818
Score of validation (classical) [0.7272727272727273, 0.8136363636363636, 0.8409090909090909, 0.45]
Score of training (classical) [0.7306818181818182, 0.8727272727272727, 0.8727272727272727, 0.46136363636363636]
Sample 260
Take max_iter as  1376
Score of validation 0.8545454545454545
Score of training 0.9829545454545454
Score of validation (classical) [0.7136363636363636, 0.8090909090909091, 0.8363636363636363, 0.4818181818181818]
Score of training (classical) [0.7386363636363636, 0.8738636363636364, 0.8727272727272727, 0.48522727272727273]
Sample 261
Take max_iter as  1404
Score of validation 0.8681818181818182
Score of training 0.9818181818181818
Score of validation (classical) [0.7090909090909091, 0.8181818181818182, 0.8363636363636363, 0.4909090909090909]
Score of training (classical) [0.7340909090909091, 0.8704545454545455, 0.875, 0.49204545454545456]
Sample 262
Take max_iter as  1426
Score of validation 0.8772727272727273
Score of training 0.9829545454545454
Score of validation (classical) [0.6909090909090909, 0.8045454545454546, 0.8272727272727273, 0.4954545454545455]
Score of training (classical) [0.7318181818181818, 0.8670454545454546, 0.8715909090909091, 0.4863636363636364]
Sample 263
Take max_iter as  1415
Score of validation 0.8454545454545455
Score of training 0.9829545454545454
Score of validation (classical) [0.7181818181818181, 0.8, 0.8090909090909091, 0.4909090909090909]
Score of training (classical) [0.7420454545454546, 0.8715909090909091, 0.8647727272727272, 0.47045454545454546]
Sample 264
Take max_iter as  1319
Score of validation 0.8636363636363636
Score of training 0.9818181818181818
Score of validation (classical) [0.6909090909090909, 0.8045454545454546, 0.8045454545454546, 0.4636363636363636]
Score of training (classical) [0.7443181818181818, 0.8693181818181818, 0.8681818181818182, 0.4727272727272727]
Sample 265
Take max_iter as  1359
Score of validation 0.8636363636363636
Score of training 0.9818181818181818
Score of validation (classical) [0.7045454545454546, 0.8, 0.8227272727272728, 0.45]
Score of training (classical) [0.7329545454545454, 0.8704545454545455, 0.8738636363636364, 0.48068181818181815]
Sample 266
Take max_iter as  1344
Score of validation 0.8727272727272727
Score of training 0.9772727272727273
Score of validation (classical) [0.7454545454545455, 0.8227272727272728, 0.8318181818181818, 0.4636363636363636]
Score of training (classical) [0.7431818181818182, 0.8738636363636364, 0.8625, 0.4659090909090909]
Sample 267
Take max_iter as  1370
Score of validation 0.8727272727272727
Score of training 0.9806818181818182
Score of validation (classical) [0.7045454545454546, 0.8363636363636363, 0.8409090909090909, 0.4772727272727273]
Score of training (classical) [0.7397727272727272, 0.8806818181818182, 0.8806818181818182, 0.48977272727272725]
Sample 268
Take max_iter as  1396
Score of validation 0.8545454545454545
Score of training 0.9784090909090909
Score of validation (classical) [0.7227272727272728, 0.8272727272727273, 0.8454545454545455, 0.4590909090909091]
Score of training (classical) [0.7420454545454546, 0.8727272727272727, 0.8681818181818182, 0.4863636363636364]
Sample 269
Take max_iter as  1417
Score of validation 0.8772727272727273
Score of training 0.9818181818181818
Score of validation (classical) [0.759090909090909, 0.8363636363636363, 0.8272727272727273, 0.5]
Score of training (classical) [0.7443181818181818, 0.8693181818181818, 0.8625, 0.4943181818181818]
Sample 270
Take max_iter as  1454
Score of validation 0.8409090909090909
Score of training 0.9875
Score of validation (classical) [0.7090909090909091, 0.8045454545454546, 0.8136363636363636, 0.4772727272727273]
Score of training (classical) [0.7363636363636363, 0.8784090909090909, 0.8715909090909091, 0.48068181818181815]
Sample 271
Take max_iter as  1374
Score of validation 0.8318181818181818
Score of training 0.9829545454545454
Score of validation (classical) [0.7, 0.8045454545454546, 0.8136363636363636, 0.45454545454545453]
Score of training (classical) [0.7284090909090909, 0.8738636363636364, 0.8693181818181818, 0.47045454545454546]
Sample 272
Take max_iter as  1395
Score of validation 0.8727272727272727
Score of training 0.9795454545454545
Score of validation (classical) [0.7181818181818181, 0.8136363636363636, 0.8363636363636363, 0.509090909090909]
Score of training (classical) [0.7375, 0.8727272727272727, 0.8715909090909091, 0.4965909090909091]
Sample 273
Take max_iter as  1372
Score of validation 0.8772727272727273
Score of training 0.9818181818181818
Score of validation (classical) [0.7318181818181818, 0.8, 0.8136363636363636, 0.5136363636363637]
Score of training (classical) [0.740909090909091, 0.865909090909091, 0.8670454545454546, 0.5170454545454546]
Sample 274
Take max_iter as  1370
Score of validation 0.8590909090909091
Score of training 0.9818181818181818
Score of validation (classical) [0.7181818181818181, 0.8136363636363636, 0.8272727272727273, 0.4681818181818182]
Score of training (classical) [0.7352272727272727, 0.8738636363636364, 0.8738636363636364, 0.48977272727272725]
Sample 275
Take max_iter as  1318
Score of validation 0.8636363636363636
Score of training 0.9795454545454545
Score of validation (classical) [0.7363636363636363, 0.8136363636363636, 0.8227272727272728, 0.5227272727272727]
Score of training (classical) [0.7454545454545455, 0.8715909090909091, 0.8704545454545455, 0.48522727272727273]
Sample 276
Take max_iter as  1357
Score of validation 0.8545454545454545
Score of training 0.9784090909090909
Score of validation (classical) [0.7227272727272728, 0.8227272727272728, 0.8181818181818182, 0.4772727272727273]
Score of training (classical) [0.7454545454545455, 0.8693181818181818, 0.8670454545454546, 0.48863636363636365]
Sample 277
Take max_iter as  1401
Score of validation 0.8636363636363636
Score of training 0.9795454545454545
Score of validation (classical) [0.7045454545454546, 0.8227272727272728, 0.8409090909090909, 0.4590909090909091]
Score of training (classical) [0.740909090909091, 0.8715909090909091, 0.8681818181818182, 0.48522727272727273]
Sample 278
Take max_iter as  1383
Score of validation 0.8818181818181818
Score of training 0.9806818181818182
Score of validation (classical) [0.7363636363636363, 0.8227272727272728, 0.8318181818181818, 0.5045454545454545]
Score of training (classical) [0.7443181818181818, 0.8704545454545455, 0.8681818181818182, 0.4954545454545455]
Sample 279
Take max_iter as  1394
Score of validation 0.8681818181818182
Score of training 0.9829545454545454
Score of validation (classical) [0.7272727272727273, 0.8409090909090909, 0.8590909090909091, 0.4772727272727273]
Score of training (classical) [0.7397727272727272, 0.8704545454545455, 0.875, 0.475]
Sample 280
Take max_iter as  1412
Score of validation 0.8545454545454545
Score of training 0.9818181818181818
Score of validation (classical) [0.7454545454545455, 0.8318181818181818, 0.8272727272727273, 0.4863636363636364]
Score of training (classical) [0.75, 0.8727272727272727, 0.8704545454545455, 0.48977272727272725]
Sample 281
Take max_iter as  1351
Score of validation 0.8454545454545455
Score of training 0.9840909090909091
Score of validation (classical) [0.7227272727272728, 0.8409090909090909, 0.8272727272727273, 0.5]
Score of training (classical) [0.7397727272727272, 0.8795454545454545, 0.8761363636363636, 0.4909090909090909]
Sample 282
Take max_iter as  1397
Score of validation 0.8727272727272727
Score of training 0.9852272727272727
Score of validation (classical) [0.7272727272727273, 0.8272727272727273, 0.85, 0.5136363636363637]
Score of training (classical) [0.7329545454545454, 0.8670454545454546, 0.8727272727272727, 0.5011363636363636]
Sample 283
Take max_iter as  1348
Score of validation 0.8590909090909091
Score of training 0.9829545454545454
Score of validation (classical) [0.7318181818181818, 0.8045454545454546, 0.8363636363636363, 0.45]
Score of training (classical) [0.7340909090909091, 0.8670454545454546, 0.875, 0.4465909090909091]
Sample 284
Take max_iter as  1364
Score of validation 0.8772727272727273
Score of training 0.9795454545454545
Score of validation (classical) [0.7045454545454546, 0.8409090909090909, 0.8363636363636363, 0.4954545454545455]
Score of training (classical) [0.7284090909090909, 0.8704545454545455, 0.8727272727272727, 0.49318181818181817]
Sample 285
Take max_iter as  1344
Score of validation 0.8590909090909091
Score of training 0.9806818181818182
Score of validation (classical) [0.7454545454545455, 0.8409090909090909, 0.8454545454545455, 0.4954545454545455]
Score of training (classical) [0.7386363636363636, 0.8795454545454545, 0.8727272727272727, 0.475]
Sample 286
Take max_iter as  1371
Score of validation 0.8363636363636363
Score of training 0.9840909090909091
Score of validation (classical) [0.7272727272727273, 0.8409090909090909, 0.8590909090909091, 0.5136363636363637]
Score of training (classical) [0.7397727272727272, 0.8625, 0.8704545454545455, 0.49204545454545456]
Sample 287
Take max_iter as  1484
Score of validation 0.8727272727272727
Score of training 0.9818181818181818
Score of validation (classical) [0.7681818181818182, 0.8409090909090909, 0.8318181818181818, 0.4863636363636364]
Score of training (classical) [0.7363636363636363, 0.8738636363636364, 0.8590909090909091, 0.4636363636363636]
Sample 288
Take max_iter as  1365
Score of validation 0.8818181818181818
Score of training 0.9795454545454545
Score of validation (classical) [0.7, 0.8181818181818182, 0.8363636363636363, 0.5]
Score of training (classical) [0.7397727272727272, 0.8693181818181818, 0.8670454545454546, 0.4727272727272727]
Sample 289
Take max_iter as  1417
Score of validation 0.8545454545454545
Score of training 0.9806818181818182
Score of validation (classical) [0.7363636363636363, 0.8363636363636363, 0.8545454545454545, 0.4636363636363636]
Score of training (classical) [0.7397727272727272, 0.8681818181818182, 0.8670454545454546, 0.46704545454545454]
Sample 290
Take max_iter as  1367
Score of validation 0.8727272727272727
Score of training 0.9795454545454545
Score of validation (classical) [0.7181818181818181, 0.8090909090909091, 0.8227272727272728, 0.5045454545454545]
Score of training (classical) [0.7386363636363636, 0.865909090909091, 0.8693181818181818, 0.4818181818181818]
Sample 291
Take max_iter as  1375
Score of validation 0.8772727272727273
Score of training 0.9818181818181818
Score of validation (classical) [0.7090909090909091, 0.8045454545454546, 0.8272727272727273, 0.4818181818181818]
Score of training (classical) [0.7431818181818182, 0.875, 0.875, 0.4772727272727273]
Sample 292
Take max_iter as  1392
Score of validation 0.85
Score of training 0.9806818181818182
Score of validation (classical) [0.7090909090909091, 0.8090909090909091, 0.8181818181818182, 0.5]
Score of training (classical) [0.740909090909091, 0.8681818181818182, 0.8636363636363636, 0.48295454545454547]
Sample 293
Take max_iter as  1386
Score of validation 0.8772727272727273
Score of training 0.9829545454545454
Score of validation (classical) [0.7363636363636363, 0.8045454545454546, 0.8181818181818182, 0.4681818181818182]
Score of training (classical) [0.7295454545454545, 0.8704545454545455, 0.8636363636363636, 0.45340909090909093]
Sample 294
Take max_iter as  1363
Score of validation 0.8545454545454545
Score of training 0.9806818181818182
Score of validation (classical) [0.7136363636363636, 0.8, 0.8272727272727273, 0.4318181818181818]
Score of training (classical) [0.7306818181818182, 0.8772727272727273, 0.8625, 0.47045454545454546]
Sample 295
Take max_iter as  1345
Score of validation 0.8727272727272727
Score of training 0.9829545454545454
Score of validation (classical) [0.75, 0.8227272727272728, 0.8318181818181818, 0.5181818181818182]
Score of training (classical) [0.7431818181818182, 0.8704545454545455, 0.8670454545454546, 0.4875]
Sample 296
Take max_iter as  1432
Score of validation 0.8727272727272727
Score of training 0.9829545454545454
Score of validation (classical) [0.7, 0.8136363636363636, 0.8272727272727273, 0.5181818181818182]
Score of training (classical) [0.740909090909091, 0.8715909090909091, 0.8693181818181818, 0.48977272727272725]
Sample 297
Take max_iter as  1403
Score of validation 0.8681818181818182
Score of training 0.9829545454545454
Score of validation (classical) [0.7136363636363636, 0.8272727272727273, 0.8363636363636363, 0.4727272727272727]
Score of training (classical) [0.7477272727272727, 0.8727272727272727, 0.8727272727272727, 0.4909090909090909]
Sample 298
Take max_iter as  1382
Score of validation 0.8545454545454545
Score of training 0.9829545454545454
Score of validation (classical) [0.7363636363636363, 0.8227272727272728, 0.8181818181818182, 0.4909090909090909]
Score of training (classical) [0.7420454545454546, 0.8738636363636364, 0.8704545454545455, 0.4738636363636364]
Sample 299
Take max_iter as  1420
Score of validation 0.8545454545454545
Score of training 0.9818181818181818
Score of validation (classical) [0.7227272727272728, 0.8227272727272728, 0.8409090909090909, 0.4818181818181818]
Score of training (classical) [0.7375, 0.865909090909091, 0.8647727272727272, 0.4659090909090909]
