8 circular 2 0
Take max_iter as  1488
Score of validation 0.8844621513944223
Score of training 0.9820179820179821
Score of validation (classical) [0.7250996015936255, 0.8167330677290837, 0.8446215139442231, 0.49800796812749004]
Score of training (classical) [0.7392607392607392, 0.8721278721278721, 0.8701298701298701, 0.4775224775224775]
8 circular 2 1
Take max_iter as  1473
Score of validation 0.7609561752988048
Score of training 0.994005994005994
Score of validation (classical) [0.7171314741035857, 0.8167330677290837, 0.8127490039840638, 0.5657370517928287]
Score of training (classical) [0.7442557442557443, 0.8601398601398601, 0.8481518481518482, 0.5744255744255744]
8 circular 2 2
Take max_iter as  1393
Score of validation 0.701195219123506
Score of training 0.994005994005994
Score of validation (classical) [0.7091633466135459, 0.796812749003984, 0.7928286852589641, 0.49800796812749004]
Score of training (classical) [0.7362637362637363, 0.8521478521478522, 0.8461538461538461, 0.5294705294705294]
8 circular 2 3
Take max_iter as  1283
Score of validation 0.649402390438247
Score of training 0.998001998001998
Score of validation (classical) [0.7250996015936255, 0.7768924302788844, 0.7768924302788844, 0.5577689243027888]
Score of training (classical) [0.7382617382617382, 0.8371628371628371, 0.8441558441558441, 0.5454545454545454]
8 circular 2 4
Take max_iter as  1228
Score of validation 0.545816733067729
Score of training 0.999000999000999
Score of validation (classical) [0.6892430278884463, 0.749003984063745, 0.7768924302788844, 0.5617529880478087]
Score of training (classical) [0.7012987012987013, 0.7862137862137862, 0.8451548451548452, 0.5654345654345654]
8 circular 2 5
Take max_iter as  1125
Score of validation 0.5418326693227091
Score of training 1.0
Score of validation (classical) [0.6892430278884463, 0.7330677290836654, 0.7450199203187251, 0.5737051792828686]
Score of training (classical) [0.7072927072927073, 0.7752247752247752, 0.8261738261738262, 0.5574425574425574]
8 circular 2 6
Take max_iter as  1091
Score of validation 0.5577689243027888
Score of training 1.0
Score of validation (classical) [0.701195219123506, 0.6772908366533864, 0.6852589641434262, 0.6294820717131474]
Score of training (classical) [0.7082917082917083, 0.7542457542457542, 0.7752247752247752, 0.5794205794205795]
8 circular 2 7
Take max_iter as  1116
Score of validation 0.4900398406374502
Score of training 1.0
Score of validation (classical) [0.6852589641434262, 0.6772908366533864, 0.6852589641434262, 0.7250996015936255]
Score of training (classical) [0.7122877122877123, 0.7502497502497503, 0.7492507492507493, 0.5954045954045954]
8 circular 2 8
Take max_iter as  1133
Score of validation 0.4940239043824701
Score of training 1.0
Score of validation (classical) [0.6892430278884463, 0.6852589641434262, 0.6772908366533864, 0.701195219123506]
Score of training (classical) [0.7212787212787213, 0.7552447552447552, 0.7602397602397603, 0.6073926073926074]
8 circular 2 9
Take max_iter as  1116
Score of validation 0.5258964143426295
Score of training 1.0
Score of validation (classical) [0.6932270916334662, 0.6733067729083665, 0.6733067729083665, 0.6772908366533864]
Score of training (classical) [0.7132867132867133, 0.7452547452547452, 0.7682317682317682, 0.6083916083916084]
8 circular 2 10
Take max_iter as  1114
Score of validation 0.5378486055776892
Score of training 1.0
Score of validation (classical) [0.7131474103585658, 0.6932270916334662, 0.6812749003984063, 0.6852589641434262]
Score of training (classical) [0.7132867132867133, 0.7412587412587412, 0.7562437562437563, 0.6063936063936064]
8 circular 2 11
Take max_iter as  1100
Score of validation 0.4820717131474104
Score of training 1.0
Score of validation (classical) [0.6972111553784861, 0.6892430278884463, 0.6892430278884463, 0.6892430278884463]
Score of training (classical) [0.7032967032967034, 0.7462537462537463, 0.7502497502497503, 0.5814185814185814]
8 circular 2 12
Take max_iter as  1110
Score of validation 0.5298804780876494
Score of training 1.0
Score of validation (classical) [0.6972111553784861, 0.6772908366533864, 0.6892430278884463, 0.6533864541832669]
Score of training (classical) [0.7122877122877123, 0.7312687312687313, 0.7472527472527473, 0.6013986013986014]
8 circular 2 13
Take max_iter as  1157
Score of validation 0.5179282868525896
Score of training 1.0
Score of validation (classical) [0.6932270916334662, 0.6892430278884463, 0.6852589641434262, 0.6573705179282868]
Score of training (classical) [0.7112887112887113, 0.7452547452547452, 0.7602397602397603, 0.6003996003996004]
8 circular 2 14
Take max_iter as  1101
Score of validation 0.545816733067729
Score of training 1.0
Score of validation (classical) [0.7051792828685259, 0.7051792828685259, 0.7091633466135459, 0.6334661354581673]
Score of training (classical) [0.7152847152847153, 0.7312687312687313, 0.7652347652347652, 0.5994005994005994]
8 circular 2 15
Take max_iter as  1210
Score of validation 0.5099601593625498
Score of training 1.0
Score of validation (classical) [0.6932270916334662, 0.6653386454183267, 0.6812749003984063, 0.6733067729083665]
Score of training (classical) [0.7092907092907093, 0.7372627372627373, 0.7672327672327672, 0.6013986013986014]
