noise_test 15
15 circular 1
Attempt  0
Score of validation 0.848605577689243
Score of training 0.993006993006993
Score of validation (classical) [0.7848605577689243, 0.8884462151394422, 0.8924302788844621, 0.5737051792828686]
Score of training (classical) [0.7642357642357642, 0.9330669330669331, 0.9210789210789211, 0.5304695304695305]
Attempt  1
Score of validation 0.896414342629482
Score of training 0.995004995004995
Score of validation (classical) [0.7768924302788844, 0.9043824701195219, 0.8924302788844621, 0.5896414342629482]
Score of training (classical) [0.7712287712287712, 0.9300699300699301, 0.913086913086913, 0.5964035964035964]
Attempt  2
Score of validation 0.848605577689243
Score of training 0.993006993006993
Score of validation (classical) [0.7848605577689243, 0.9243027888446215, 0.9203187250996016, 0.5577689243027888]
Score of training (classical) [0.7632367632367633, 0.9270729270729271, 0.916083916083916, 0.5514485514485514]
Attempt  3
Score of validation 0.8645418326693227
Score of training 0.993006993006993
Score of validation (classical) [0.7529880478087649, 0.8565737051792829, 0.8844621513944223, 0.5537848605577689]
Score of training (classical) [0.7882117882117882, 0.9340659340659341, 0.9180819180819181, 0.5964035964035964]
Attempt  4
Score of validation 0.8685258964143426
Score of training 0.996003996003996
Score of validation (classical) [0.6972111553784861, 0.8725099601593626, 0.8605577689243028, 0.545816733067729]
Score of training (classical) [0.7882117882117882, 0.9370629370629371, 0.9170829170829171, 0.6053946053946054]
Attempt  5
Score of validation 0.852589641434263
Score of training 0.994005994005994
Score of validation (classical) [0.7768924302788844, 0.9203187250996016, 0.9123505976095617, 0.5577689243027888]
Score of training (classical) [0.7862137862137862, 0.929070929070929, 0.913086913086913, 0.5154845154845155]
Attempt  6
Score of validation 0.8605577689243028
Score of training 0.995004995004995
Score of validation (classical) [0.7729083665338645, 0.896414342629482, 0.8884462151394422, 0.5976095617529881]
Score of training (classical) [0.7662337662337663, 0.929070929070929, 0.9230769230769231, 0.5454545454545454]
Attempt  7
Score of validation 0.8127490039840638
Score of training 0.995004995004995
Score of validation (classical) [0.7808764940239044, 0.8804780876494024, 0.8844621513944223, 0.5617529880478087]
Score of training (classical) [0.7772227772227772, 0.9460539460539461, 0.9230769230769231, 0.5594405594405595]
Attempt  8
Score of validation 0.8804780876494024
Score of training 0.989010989010989
Score of validation (classical) [0.7689243027888446, 0.9083665338645418, 0.896414342629482, 0.5298804780876494]
Score of training (classical) [0.7832167832167832, 0.9300699300699301, 0.9180819180819181, 0.5674325674325674]
Attempt  9
Score of validation 0.8645418326693227
Score of training 0.99000999000999
Score of validation (classical) [0.7768924302788844, 0.900398406374502, 0.8844621513944223, 0.5099601593625498]
Score of training (classical) [0.7692307692307693, 0.929070929070929, 0.919080919080919, 0.5574425574425574]
Attempt  10
Score of validation 0.8844621513944223
Score of training 0.994005994005994
Score of validation (classical) [0.8007968127490039, 0.9282868525896414, 0.9402390438247012, 0.6095617529880478]
Score of training (classical) [0.7742257742257742, 0.9310689310689311, 0.916083916083916, 0.5294705294705294]
Attempt  11
Score of validation 0.848605577689243
Score of training 0.995004995004995
Score of validation (classical) [0.7450199203187251, 0.900398406374502, 0.8924302788844621, 0.5537848605577689]
Score of training (classical) [0.7942057942057942, 0.9330669330669331, 0.9230769230769231, 0.5634365634365635]
Attempt  12
Score of validation 0.8565737051792829
Score of training 0.995004995004995
Score of validation (classical) [0.7410358565737052, 0.900398406374502, 0.900398406374502, 0.5617529880478087]
Score of training (classical) [0.7752247752247752, 0.9300699300699301, 0.916083916083916, 0.5954045954045954]
Attempt  13
Score of validation 0.848605577689243
Score of training 0.993006993006993
Score of validation (classical) [0.7609561752988048, 0.900398406374502, 0.8844621513944223, 0.6095617529880478]
Score of training (classical) [0.7882117882117882, 0.9310689310689311, 0.919080919080919, 0.5644355644355644]
Attempt  14
Score of validation 0.8007968127490039
Score of training 0.997002997002997
Score of validation (classical) [0.8007968127490039, 0.8725099601593626, 0.900398406374502, 0.549800796812749]
Score of training (classical) [0.7732267732267732, 0.9340659340659341, 0.9200799200799201, 0.5674325674325674]
Attempt  15
Score of validation 0.8645418326693227
Score of training 0.996003996003996
Score of validation (classical) [0.8087649402390438, 0.900398406374502, 0.896414342629482, 0.5737051792828686]
Score of training (classical) [0.7712287712287712, 0.929070929070929, 0.9200799200799201, 0.5444555444555444]
Attempt  16
Score of validation 0.852589641434263
Score of training 0.999000999000999
Score of validation (classical) [0.7928286852589641, 0.896414342629482, 0.9083665338645418, 0.601593625498008]
Score of training (classical) [0.7742257742257742, 0.9340659340659341, 0.919080919080919, 0.5504495504495505]
Attempt  17
Score of validation 0.8764940239043825
Score of training 0.995004995004995
Score of validation (classical) [0.7808764940239044, 0.8844621513944223, 0.8804780876494024, 0.601593625498008]
Score of training (classical) [0.7842157842157842, 0.9370629370629371, 0.926073926073926, 0.5704295704295704]
Attempt  18
Score of validation 0.8207171314741036
Score of training 0.996003996003996
Score of validation (classical) [0.7609561752988048, 0.896414342629482, 0.8804780876494024, 0.549800796812749]
Score of training (classical) [0.7842157842157842, 0.935064935064935, 0.9200799200799201, 0.5574425574425574]
Attempt  19
Score of validation 0.896414342629482
Score of training 0.996003996003996
Score of validation (classical) [0.7410358565737052, 0.9043824701195219, 0.8884462151394422, 0.5697211155378487]
Score of training (classical) [0.7832167832167832, 0.9300699300699301, 0.9140859140859141, 0.6003996003996004]
Attempt  20
Score of validation 0.8645418326693227
Score of training 0.997002997002997
Score of validation (classical) [0.7768924302788844, 0.9083665338645418, 0.9043824701195219, 0.5657370517928287]
Score of training (classical) [0.7922077922077922, 0.935064935064935, 0.919080919080919, 0.5724275724275725]
Attempt  21
Score of validation 0.8804780876494024
Score of training 0.994005994005994
Score of validation (classical) [0.7928286852589641, 0.8764940239043825, 0.896414342629482, 0.601593625498008]
Score of training (classical) [0.7752247752247752, 0.9370629370629371, 0.922077922077922, 0.5494505494505495]
Attempt  22
Score of validation 0.8764940239043825
Score of training 0.996003996003996
Score of validation (classical) [0.7689243027888446, 0.900398406374502, 0.8924302788844621, 0.5219123505976095]
Score of training (classical) [0.7842157842157842, 0.9370629370629371, 0.9200799200799201, 0.5964035964035964]
Attempt  23
Score of validation 0.852589641434263
Score of training 0.997002997002997
Score of validation (classical) [0.7768924302788844, 0.8924302788844621, 0.8804780876494024, 0.5896414342629482]
Score of training (classical) [0.7832167832167832, 0.926073926073926, 0.9080919080919081, 0.5984015984015985]
Attempt  24
Score of validation 0.8286852589641435
Score of training 0.99000999000999
Score of validation (classical) [0.7689243027888446, 0.9083665338645418, 0.9083665338645418, 0.5657370517928287]
Score of training (classical) [0.7862137862137862, 0.932067932067932, 0.919080919080919, 0.5564435564435565]
Attempt  25
Score of validation 0.8924302788844621
Score of training 0.996003996003996
Score of validation (classical) [0.7649402390438247, 0.9203187250996016, 0.9163346613545816, 0.5657370517928287]
Score of training (classical) [0.7842157842157842, 0.9280719280719281, 0.9200799200799201, 0.5124875124875125]
Attempt  26
Score of validation 0.8207171314741036
Score of training 0.995004995004995
Score of validation (classical) [0.7370517928286853, 0.852589641434263, 0.852589641434263, 0.5537848605577689]
Score of training (classical) [0.7932067932067932, 0.9410589410589411, 0.9270729270729271, 0.5734265734265734]
Attempt  27
Score of validation 0.900398406374502
Score of training 0.991008991008991
Score of validation (classical) [0.7768924302788844, 0.8924302788844621, 0.9163346613545816, 0.5059760956175299]
Score of training (classical) [0.7752247752247752, 0.932067932067932, 0.919080919080919, 0.5044955044955045]
Attempt  28
Score of validation 0.8645418326693227
Score of training 0.9920079920079921
Score of validation (classical) [0.7768924302788844, 0.896414342629482, 0.9123505976095617, 0.5577689243027888]
Score of training (classical) [0.7762237762237763, 0.9270729270729271, 0.9210789210789211, 0.5674325674325674]
Attempt  29
Score of validation 0.896414342629482
Score of training 0.993006993006993
Score of validation (classical) [0.7848605577689243, 0.8884462151394422, 0.8804780876494024, 0.50199203187251]
Score of training (classical) [0.7652347652347652, 0.938061938061938, 0.9250749250749251, 0.5304695304695305]
Attempt  30
Score of validation 0.8844621513944223
Score of training 0.996003996003996
Score of validation (classical) [0.7848605577689243, 0.9282868525896414, 0.9282868525896414, 0.5737051792828686]
Score of training (classical) [0.7762237762237763, 0.9280719280719281, 0.9150849150849151, 0.5464535464535465]
Attempt  31
Score of validation 0.8565737051792829
Score of training 0.996003996003996
Score of validation (classical) [0.7450199203187251, 0.900398406374502, 0.8764940239043825, 0.5816733067729084]
Score of training (classical) [0.7842157842157842, 0.9310689310689311, 0.9200799200799201, 0.5924075924075924]
Attempt  32
Score of validation 0.8804780876494024
Score of training 0.993006993006993
Score of validation (classical) [0.7609561752988048, 0.896414342629482, 0.9083665338645418, 0.5298804780876494]
Score of training (classical) [0.7712287712287712, 0.9310689310689311, 0.9180819180819181, 0.5624375624375625]
Attempt  33
Score of validation 0.8326693227091634
Score of training 0.995004995004995
Score of validation (classical) [0.7729083665338645, 0.8884462151394422, 0.9043824701195219, 0.5697211155378487]
Score of training (classical) [0.7802197802197802, 0.9370629370629371, 0.9280719280719281, 0.5304695304695305]
Attempt  34
Score of validation 0.8286852589641435
Score of training 0.994005994005994
Score of validation (classical) [0.7928286852589641, 0.9243027888446215, 0.9243027888446215, 0.5697211155378487]
Score of training (classical) [0.7832167832167832, 0.926073926073926, 0.916083916083916, 0.5834165834165834]
Attempt  35
Score of validation 0.900398406374502
Score of training 0.995004995004995
Score of validation (classical) [0.7729083665338645, 0.8884462151394422, 0.8844621513944223, 0.5617529880478087]
Score of training (classical) [0.7822177822177823, 0.9370629370629371, 0.9170829170829171, 0.5414585414585414]
Attempt  36
Score of validation 0.8565737051792829
Score of training 0.993006993006993
Score of validation (classical) [0.7808764940239044, 0.8804780876494024, 0.9043824701195219, 0.5099601593625498]
Score of training (classical) [0.7692307692307693, 0.9370629370629371, 0.926073926073926, 0.5204795204795205]
Attempt  37
Score of validation 0.8605577689243028
Score of training 0.993006993006993
Score of validation (classical) [0.7768924302788844, 0.9163346613545816, 0.896414342629482, 0.5577689243027888]
Score of training (classical) [0.7672327672327672, 0.9270729270729271, 0.916083916083916, 0.5744255744255744]
Attempt  38
Score of validation 0.8406374501992032
Score of training 0.995004995004995
Score of validation (classical) [0.8007968127490039, 0.900398406374502, 0.9163346613545816, 0.6414342629482072]
Score of training (classical) [0.7802197802197802, 0.936063936063936, 0.9150849150849151, 0.5614385614385614]
Attempt  39
Score of validation 0.848605577689243
Score of training 0.994005994005994
Score of validation (classical) [0.8286852589641435, 0.9203187250996016, 0.9163346613545816, 0.5577689243027888]
Score of training (classical) [0.7652347652347652, 0.929070929070929, 0.916083916083916, 0.5354645354645354]
Attempt  40
Score of validation 0.8884462151394422
Score of training 0.993006993006993
Score of validation (classical) [0.7649402390438247, 0.9083665338645418, 0.9163346613545816, 0.5219123505976095]
Score of training (classical) [0.7632367632367633, 0.9430569430569431, 0.919080919080919, 0.5414585414585414]
Attempt  41
Score of validation 0.8565737051792829
Score of training 0.995004995004995
Score of validation (classical) [0.7569721115537849, 0.9083665338645418, 0.8924302788844621, 0.5378486055776892]
Score of training (classical) [0.7822177822177823, 0.9340659340659341, 0.922077922077922, 0.5504495504495505]
Attempt  42
Score of validation 0.8725099601593626
Score of training 0.997002997002997
Score of validation (classical) [0.7729083665338645, 0.9083665338645418, 0.900398406374502, 0.5657370517928287]
Score of training (classical) [0.7632367632367633, 0.9370629370629371, 0.9200799200799201, 0.5734265734265734]
Attempt  43
Score of validation 0.8804780876494024
Score of training 0.994005994005994
Score of validation (classical) [0.796812749003984, 0.9203187250996016, 0.9123505976095617, 0.5976095617529881]
Score of training (classical) [0.7702297702297702, 0.9330669330669331, 0.9110889110889111, 0.5604395604395604]
Attempt  44
Score of validation 0.8685258964143426
Score of training 0.994005994005994
Score of validation (classical) [0.7768924302788844, 0.9282868525896414, 0.9163346613545816, 0.5776892430278885]
Score of training (classical) [0.7772227772227772, 0.9300699300699301, 0.9140859140859141, 0.5634365634365635]
Attempt  45
Score of validation 0.896414342629482
Score of training 0.994005994005994
Score of validation (classical) [0.796812749003984, 0.9123505976095617, 0.9083665338645418, 0.549800796812749]
Score of training (classical) [0.7802197802197802, 0.9370629370629371, 0.9230769230769231, 0.5554445554445554]
Attempt  46
Score of validation 0.8764940239043825
Score of training 0.995004995004995
Score of validation (classical) [0.7768924302788844, 0.9043824701195219, 0.9043824701195219, 0.5976095617529881]
Score of training (classical) [0.7822177822177823, 0.929070929070929, 0.919080919080919, 0.5834165834165834]
Attempt  47
Score of validation 0.8366533864541833
Score of training 0.99000999000999
Score of validation (classical) [0.7848605577689243, 0.8844621513944223, 0.9043824701195219, 0.5617529880478087]
Score of training (classical) [0.7852147852147852, 0.938061938061938, 0.9230769230769231, 0.5394605394605395]
Attempt  48
Score of validation 0.8685258964143426
Score of training 0.997002997002997
Score of validation (classical) [0.7808764940239044, 0.900398406374502, 0.9083665338645418, 0.5617529880478087]
Score of training (classical) [0.7762237762237763, 0.932067932067932, 0.9230769230769231, 0.5394605394605395]
Attempt  49
Score of validation 0.8446215139442231
Score of training 0.989010989010989
Score of validation (classical) [0.7848605577689243, 0.9083665338645418, 0.9123505976095617, 0.5737051792828686]
Score of training (classical) [0.7832167832167832, 0.9340659340659341, 0.913086913086913, 0.5544455544455544]
Attempt  50
Score of validation 0.8605577689243028
Score of training 0.999000999000999
Score of validation (classical) [0.8087649402390438, 0.9282868525896414, 0.9243027888446215, 0.5936254980079682]
Score of training (classical) [0.7692307692307693, 0.935064935064935, 0.919080919080919, 0.5644355644355644]
Attempt  51
Score of validation 0.8844621513944223
Score of training 0.995004995004995
Score of validation (classical) [0.7848605577689243, 0.896414342629482, 0.8844621513944223, 0.5776892430278885]
Score of training (classical) [0.7722277722277723, 0.932067932067932, 0.9210789210789211, 0.5704295704295704]
Attempt  52
Score of validation 0.8804780876494024
Score of training 0.993006993006993
Score of validation (classical) [0.7768924302788844, 0.9243027888446215, 0.9203187250996016, 0.5697211155378487]
Score of training (classical) [0.7712287712287712, 0.9280719280719281, 0.9210789210789211, 0.5574425574425574]
Attempt  53
Score of validation 0.8406374501992032
Score of training 0.995004995004995
Score of validation (classical) [0.7729083665338645, 0.8884462151394422, 0.8804780876494024, 0.5737051792828686]
Score of training (classical) [0.7832167832167832, 0.936063936063936, 0.9230769230769231, 0.5584415584415584]
Attempt  54
Score of validation 0.9282868525896414
Score of training 0.996003996003996
Score of validation (classical) [0.8007968127490039, 0.9203187250996016, 0.9243027888446215, 0.5697211155378487]
Score of training (classical) [0.7712287712287712, 0.926073926073926, 0.916083916083916, 0.5714285714285714]
Attempt  55
Score of validation 0.8446215139442231
Score of training 0.996003996003996
Score of validation (classical) [0.8087649402390438, 0.9123505976095617, 0.9123505976095617, 0.5418326693227091]
Score of training (classical) [0.7772227772227772, 0.932067932067932, 0.9240759240759241, 0.5404595404595405]
Attempt  56
Score of validation 0.8924302788844621
Score of training 0.997002997002997
Score of validation (classical) [0.7928286852589641, 0.9163346613545816, 0.9163346613545816, 0.5657370517928287]
Score of training (classical) [0.7752247752247752, 0.9300699300699301, 0.9180819180819181, 0.5564435564435565]
Attempt  57
Score of validation 0.8446215139442231
Score of training 0.994005994005994
Score of validation (classical) [0.7649402390438247, 0.8924302788844621, 0.9043824701195219, 0.601593625498008]
Score of training (classical) [0.7802197802197802, 0.936063936063936, 0.919080919080919, 0.5724275724275725]
Attempt  58
Score of validation 0.9123505976095617
Score of training 0.995004995004995
Score of validation (classical) [0.7290836653386454, 0.9243027888446215, 0.896414342629482, 0.5936254980079682]
Score of training (classical) [0.7882117882117882, 0.9340659340659341, 0.916083916083916, 0.5954045954045954]
Attempt  59
Score of validation 0.8804780876494024
Score of training 0.991008991008991
Score of validation (classical) [0.7609561752988048, 0.8884462151394422, 0.8884462151394422, 0.5896414342629482]
Score of training (classical) [0.7772227772227772, 0.935064935064935, 0.922077922077922, 0.5384615384615384]
Attempt  60
Score of validation 0.8884462151394422
Score of training 0.99000999000999
Score of validation (classical) [0.7609561752988048, 0.8884462151394422, 0.900398406374502, 0.5378486055776892]
Score of training (classical) [0.7812187812187812, 0.932067932067932, 0.916083916083916, 0.5474525474525475]
Attempt  61
Score of validation 0.8685258964143426
Score of training 0.994005994005994
Score of validation (classical) [0.7131474103585658, 0.8924302788844621, 0.8924302788844621, 0.5179282868525896]
Score of training (classical) [0.8001998001998002, 0.9410589410589411, 0.9270729270729271, 0.5574425574425574]
Attempt  62
Score of validation 0.8764940239043825
Score of training 0.993006993006993
Score of validation (classical) [0.7410358565737052, 0.900398406374502, 0.8924302788844621, 0.5338645418326693]
Score of training (classical) [0.7912087912087912, 0.938061938061938, 0.9210789210789211, 0.5544455544455544]
Attempt  63
Score of validation 0.9043824701195219
Score of training 0.995004995004995
Score of validation (classical) [0.7888446215139442, 0.9482071713147411, 0.9243027888446215, 0.5856573705179283]
Score of training (classical) [0.7752247752247752, 0.9280719280719281, 0.9100899100899101, 0.5744255744255744]
Attempt  64
Score of validation 0.8565737051792829
Score of training 0.995004995004995
Score of validation (classical) [0.7450199203187251, 0.8844621513944223, 0.8884462151394422, 0.5577689243027888]
Score of training (classical) [0.7912087912087912, 0.9370629370629371, 0.926073926073926, 0.5764235764235764]
Attempt  65
Score of validation 0.8605577689243028
Score of training 0.998001998001998
Score of validation (classical) [0.7928286852589641, 0.9282868525896414, 0.9402390438247012, 0.545816733067729]
Score of training (classical) [0.7702297702297702, 0.9300699300699301, 0.913086913086913, 0.5234765234765235]
Attempt  66
Score of validation 0.8605577689243028
Score of training 0.994005994005994
Score of validation (classical) [0.8127490039840638, 0.9203187250996016, 0.9322709163346613, 0.5378486055776892]
Score of training (classical) [0.7692307692307693, 0.9340659340659341, 0.9210789210789211, 0.5104895104895105]
Attempt  67
Score of validation 0.8764940239043825
Score of training 0.995004995004995
Score of validation (classical) [0.7888446215139442, 0.900398406374502, 0.9123505976095617, 0.5298804780876494]
Score of training (classical) [0.7902097902097902, 0.929070929070929, 0.9210789210789211, 0.5834165834165834]
Attempt  68
Score of validation 0.8645418326693227
Score of training 0.996003996003996
Score of validation (classical) [0.8167330677290837, 0.9203187250996016, 0.9243027888446215, 0.5338645418326693]
Score of training (classical) [0.7632367632367633, 0.9370629370629371, 0.9200799200799201, 0.5104895104895105]
Attempt  69
Score of validation 0.8764940239043825
Score of training 0.994005994005994
Score of validation (classical) [0.796812749003984, 0.9083665338645418, 0.9243027888446215, 0.5258964143426295]
Score of training (classical) [0.7572427572427572, 0.9370629370629371, 0.9210789210789211, 0.5354645354645354]
Attempt  70
Score of validation 0.9043824701195219
Score of training 0.996003996003996
Score of validation (classical) [0.8087649402390438, 0.9243027888446215, 0.900398406374502, 0.5298804780876494]
Score of training (classical) [0.7762237762237763, 0.929070929070929, 0.9100899100899101, 0.5654345654345654]
Attempt  71
Score of validation 0.900398406374502
Score of training 0.993006993006993
Score of validation (classical) [0.749003984063745, 0.8924302788844621, 0.8884462151394422, 0.5418326693227091]
Score of training (classical) [0.7712287712287712, 0.938061938061938, 0.926073926073926, 0.5464535464535465]
Attempt  72
Score of validation 0.8605577689243028
Score of training 0.994005994005994
Score of validation (classical) [0.749003984063745, 0.9163346613545816, 0.8924302788844621, 0.549800796812749]
Score of training (classical) [0.7792207792207793, 0.935064935064935, 0.919080919080919, 0.5614385614385614]
Attempt  73
Score of validation 0.8804780876494024
Score of training 0.997002997002997
Score of validation (classical) [0.7768924302788844, 0.896414342629482, 0.896414342629482, 0.5577689243027888]
Score of training (classical) [0.7652347652347652, 0.935064935064935, 0.9200799200799201, 0.5334665334665335]
Attempt  74
Score of validation 0.8725099601593626
Score of training 0.996003996003996
Score of validation (classical) [0.7808764940239044, 0.8924302788844621, 0.8844621513944223, 0.5378486055776892]
Score of training (classical) [0.7552447552447552, 0.935064935064935, 0.922077922077922, 0.5534465534465535]
Attempt  75
Score of validation 0.9163346613545816
Score of training 0.995004995004995
Score of validation (classical) [0.7888446215139442, 0.8725099601593626, 0.8844621513944223, 0.549800796812749]
Score of training (classical) [0.7822177822177823, 0.938061938061938, 0.9210789210789211, 0.5944055944055944]
Attempt  76
Score of validation 0.8884462151394422
Score of training 0.996003996003996
Score of validation (classical) [0.7609561752988048, 0.896414342629482, 0.8884462151394422, 0.5537848605577689]
Score of training (classical) [0.7742257742257742, 0.936063936063936, 0.9240759240759241, 0.5594405594405595]
Attempt  77
Score of validation 0.8685258964143426
Score of training 0.993006993006993
Score of validation (classical) [0.7649402390438247, 0.900398406374502, 0.8884462151394422, 0.5219123505976095]
Score of training (classical) [0.7812187812187812, 0.9340659340659341, 0.9270729270729271, 0.5764235764235764]
Attempt  78
Score of validation 0.9083665338645418
Score of training 0.996003996003996
Score of validation (classical) [0.8167330677290837, 0.9282868525896414, 0.9402390438247012, 0.5537848605577689]
Score of training (classical) [0.7652347652347652, 0.932067932067932, 0.9150849150849151, 0.5684315684315684]
Attempt  79
Score of validation 0.8326693227091634
Score of training 0.993006993006993
Score of validation (classical) [0.7609561752988048, 0.9163346613545816, 0.900398406374502, 0.545816733067729]
Score of training (classical) [0.7912087912087912, 0.9200799200799201, 0.9090909090909091, 0.5904095904095904]
Attempt  80
Score of validation 0.8725099601593626
Score of training 0.993006993006993
Score of validation (classical) [0.7649402390438247, 0.9163346613545816, 0.900398406374502, 0.5298804780876494]
Score of training (classical) [0.7712287712287712, 0.932067932067932, 0.9140859140859141, 0.5634365634365635]
Attempt  81
Score of validation 0.852589641434263
Score of training 0.994005994005994
Score of validation (classical) [0.7689243027888446, 0.896414342629482, 0.896414342629482, 0.5896414342629482]
Score of training (classical) [0.7772227772227772, 0.9340659340659341, 0.9200799200799201, 0.5894105894105894]
Attempt  82
Score of validation 0.8844621513944223
Score of training 0.995004995004995
Score of validation (classical) [0.852589641434263, 0.9362549800796812, 0.9402390438247012, 0.601593625498008]
Score of training (classical) [0.7492507492507493, 0.9240759240759241, 0.9120879120879121, 0.5094905094905094]
Attempt  83
Score of validation 0.8406374501992032
Score of training 0.995004995004995
Score of validation (classical) [0.749003984063745, 0.8924302788844621, 0.8884462151394422, 0.5537848605577689]
Score of training (classical) [0.7862137862137862, 0.9310689310689311, 0.9230769230769231, 0.5784215784215784]
Attempt  84
Score of validation 0.8366533864541833
Score of training 0.995004995004995
Score of validation (classical) [0.7888446215139442, 0.8844621513944223, 0.9043824701195219, 0.6175298804780877]
Score of training (classical) [0.7842157842157842, 0.9300699300699301, 0.9170829170829171, 0.5394605394605395]
Attempt  85
Score of validation 0.8725099601593626
Score of training 0.997002997002997
Score of validation (classical) [0.7729083665338645, 0.900398406374502, 0.8804780876494024, 0.5617529880478087]
Score of training (classical) [0.7732267732267732, 0.9410589410589411, 0.9210789210789211, 0.5624375624375625]
Attempt  86
Score of validation 0.896414342629482
Score of training 0.994005994005994
Score of validation (classical) [0.7529880478087649, 0.8844621513944223, 0.8645418326693227, 0.5776892430278885]
Score of training (classical) [0.7772227772227772, 0.9400599400599401, 0.922077922077922, 0.5834165834165834]
Attempt  87
Score of validation 0.8884462151394422
Score of training 0.997002997002997
Score of validation (classical) [0.7808764940239044, 0.9123505976095617, 0.9203187250996016, 0.5617529880478087]
Score of training (classical) [0.7702297702297702, 0.9330669330669331, 0.916083916083916, 0.5594405594405595]
Attempt  88
Score of validation 0.8286852589641435
Score of training 0.993006993006993
Score of validation (classical) [0.7290836653386454, 0.8565737051792829, 0.852589641434263, 0.5657370517928287]
Score of training (classical) [0.7802197802197802, 0.936063936063936, 0.932067932067932, 0.5794205794205795]
Attempt  89
Score of validation 0.8605577689243028
Score of training 0.995004995004995
Score of validation (classical) [0.7569721115537849, 0.9083665338645418, 0.9043824701195219, 0.49800796812749004]
Score of training (classical) [0.7742257742257742, 0.9280719280719281, 0.9210789210789211, 0.5474525474525475]
Attempt  90
Score of validation 0.8804780876494024
Score of training 0.99000999000999
Score of validation (classical) [0.7808764940239044, 0.9083665338645418, 0.9163346613545816, 0.49800796812749004]
Score of training (classical) [0.7772227772227772, 0.936063936063936, 0.919080919080919, 0.5324675324675324]
Attempt  91
Score of validation 0.8605577689243028
Score of training 0.991008991008991
Score of validation (classical) [0.7609561752988048, 0.9043824701195219, 0.900398406374502, 0.5219123505976095]
Score of training (classical) [0.7982017982017982, 0.932067932067932, 0.9200799200799201, 0.5484515484515484]
Attempt  92
Score of validation 0.8844621513944223
Score of training 0.993006993006993
Score of validation (classical) [0.7290836653386454, 0.8884462151394422, 0.8804780876494024, 0.5338645418326693]
Score of training (classical) [0.7682317682317682, 0.9370629370629371, 0.9270729270729271, 0.5664335664335665]
Attempt  93
Score of validation 0.8645418326693227
Score of training 0.994005994005994
Score of validation (classical) [0.7808764940239044, 0.900398406374502, 0.9043824701195219, 0.5219123505976095]
Score of training (classical) [0.7892107892107892, 0.926073926073926, 0.9150849150849151, 0.5844155844155844]
Attempt  94
Score of validation 0.8406374501992032
Score of training 0.9920079920079921
Score of validation (classical) [0.7450199203187251, 0.9123505976095617, 0.9043824701195219, 0.5298804780876494]
Score of training (classical) [0.7882117882117882, 0.9330669330669331, 0.9170829170829171, 0.5604395604395604]
Attempt  95
Score of validation 0.8764940239043825
Score of training 0.994005994005994
Score of validation (classical) [0.7808764940239044, 0.896414342629482, 0.8924302788844621, 0.5577689243027888]
Score of training (classical) [0.7772227772227772, 0.935064935064935, 0.9150849150849151, 0.5664335664335665]
Attempt  96
Score of validation 0.8804780876494024
Score of training 0.996003996003996
Score of validation (classical) [0.8127490039840638, 0.9243027888446215, 0.9282868525896414, 0.5896414342629482]
Score of training (classical) [0.7682317682317682, 0.935064935064935, 0.9180819180819181, 0.5254745254745254]
Attempt  97
Score of validation 0.8844621513944223
Score of training 0.995004995004995
Score of validation (classical) [0.7729083665338645, 0.9083665338645418, 0.9322709163346613, 0.5537848605577689]
Score of training (classical) [0.7622377622377622, 0.9300699300699301, 0.9170829170829171, 0.5614385614385614]
Attempt  98
Score of validation 0.8645418326693227
Score of training 0.996003996003996
Score of validation (classical) [0.7768924302788844, 0.9362549800796812, 0.9362549800796812, 0.5657370517928287]
Score of training (classical) [0.7762237762237763, 0.9300699300699301, 0.9090909090909091, 0.5604395604395604]
Attempt  99
Score of validation 0.8605577689243028
Score of training 0.995004995004995
Score of validation (classical) [0.7609561752988048, 0.896414342629482, 0.896414342629482, 0.5577689243027888]
Score of training (classical) [0.7722277722277723, 0.9340659340659341, 0.9200799200799201, 0.5744255744255744]
Attempt  100
Score of validation 0.8446215139442231
Score of training 0.994005994005994
Score of validation (classical) [0.7569721115537849, 0.8924302788844621, 0.900398406374502, 0.5418326693227091]
Score of training (classical) [0.7832167832167832, 0.936063936063936, 0.9150849150849151, 0.5604395604395604]
Attempt  101
Score of validation 0.896414342629482
Score of training 0.994005994005994
Score of validation (classical) [0.7689243027888446, 0.9163346613545816, 0.900398406374502, 0.545816733067729]
Score of training (classical) [0.7882117882117882, 0.9270729270729271, 0.9110889110889111, 0.5564435564435565]
Attempt  102
Score of validation 0.8685258964143426
Score of training 0.996003996003996
Score of validation (classical) [0.7928286852589641, 0.9282868525896414, 0.9043824701195219, 0.545816733067729]
Score of training (classical) [0.7882117882117882, 0.932067932067932, 0.9040959040959041, 0.5524475524475524]
Attempt  103
Score of validation 0.8924302788844621
Score of training 0.994005994005994
Score of validation (classical) [0.7569721115537849, 0.900398406374502, 0.8924302788844621, 0.5936254980079682]
Score of training (classical) [0.7782217782217782, 0.932067932067932, 0.9150849150849151, 0.5644355644355644]
Attempt  104
Score of validation 0.896414342629482
Score of training 0.996003996003996
Score of validation (classical) [0.7609561752988048, 0.9163346613545816, 0.9083665338645418, 0.549800796812749]
Score of training (classical) [0.7732267732267732, 0.9270729270729271, 0.9110889110889111, 0.5654345654345654]
Attempt  105
Score of validation 0.8924302788844621
Score of training 0.995004995004995
Score of validation (classical) [0.7370517928286853, 0.8844621513944223, 0.8924302788844621, 0.5577689243027888]
Score of training (classical) [0.7812187812187812, 0.929070929070929, 0.922077922077922, 0.5434565434565435]
Attempt  106
Score of validation 0.8366533864541833
Score of training 0.994005994005994
Score of validation (classical) [0.7649402390438247, 0.9282868525896414, 0.9243027888446215, 0.5219123505976095]
Score of training (classical) [0.7802197802197802, 0.9280719280719281, 0.919080919080919, 0.5374625374625375]
Attempt  107
Score of validation 0.8685258964143426
Score of training 0.995004995004995
Score of validation (classical) [0.7689243027888446, 0.9083665338645418, 0.9043824701195219, 0.5418326693227091]
Score of training (classical) [0.7732267732267732, 0.9340659340659341, 0.9170829170829171, 0.5394605394605395]
Attempt  108
Score of validation 0.8924302788844621
Score of training 0.995004995004995
Score of validation (classical) [0.7609561752988048, 0.8924302788844621, 0.9123505976095617, 0.5378486055776892]
Score of training (classical) [0.7792207792207793, 0.9310689310689311, 0.9210789210789211, 0.5734265734265734]
Attempt  109
Score of validation 0.848605577689243
Score of training 0.995004995004995
Score of validation (classical) [0.749003984063745, 0.8884462151394422, 0.8764940239043825, 0.5378486055776892]
Score of training (classical) [0.7832167832167832, 0.936063936063936, 0.9230769230769231, 0.6093906093906094]
Attempt  110
Score of validation 0.900398406374502
Score of training 0.989010989010989
Score of validation (classical) [0.796812749003984, 0.896414342629482, 0.900398406374502, 0.50199203187251]
Score of training (classical) [0.7652347652347652, 0.9340659340659341, 0.9170829170829171, 0.5034965034965035]
Attempt  111
Score of validation 0.8207171314741036
Score of training 0.996003996003996
Score of validation (classical) [0.7609561752988048, 0.8924302788844621, 0.8884462151394422, 0.5219123505976095]
Score of training (classical) [0.7962037962037962, 0.9340659340659341, 0.922077922077922, 0.5804195804195804]
Attempt  112
Score of validation 0.8804780876494024
Score of training 0.997002997002997
Score of validation (classical) [0.7529880478087649, 0.8924302788844621, 0.8924302788844621, 0.5378486055776892]
Score of training (classical) [0.7892107892107892, 0.942057942057942, 0.9170829170829171, 0.5734265734265734]
Attempt  113
Score of validation 0.9083665338645418
Score of training 0.995004995004995
Score of validation (classical) [0.7689243027888446, 0.9322709163346613, 0.9123505976095617, 0.5697211155378487]
Score of training (classical) [0.7922077922077922, 0.9270729270729271, 0.9120879120879121, 0.5074925074925075]
Attempt  114
Score of validation 0.8645418326693227
Score of training 0.994005994005994
Score of validation (classical) [0.7529880478087649, 0.9083665338645418, 0.8804780876494024, 0.5418326693227091]
Score of training (classical) [0.7872127872127872, 0.932067932067932, 0.9280719280719281, 0.5634365634365635]
Attempt  115
Score of validation 0.9163346613545816
Score of training 0.997002997002997
Score of validation (classical) [0.7888446215139442, 0.9203187250996016, 0.9243027888446215, 0.5776892430278885]
Score of training (classical) [0.7662337662337663, 0.929070929070929, 0.916083916083916, 0.5684315684315684]
Attempt  116
Score of validation 0.8366533864541833
Score of training 0.993006993006993
Score of validation (classical) [0.7529880478087649, 0.8725099601593626, 0.8645418326693227, 0.5896414342629482]
Score of training (classical) [0.7992007992007992, 0.9340659340659341, 0.922077922077922, 0.5764235764235764]
Attempt  117
Score of validation 0.8286852589641435
Score of training 0.995004995004995
Score of validation (classical) [0.7171314741035857, 0.8844621513944223, 0.8844621513944223, 0.50199203187251]
Score of training (classical) [0.8091908091908092, 0.929070929070929, 0.913086913086913, 0.6163836163836164]
Attempt  118
Score of validation 0.8924302788844621
Score of training 0.994005994005994
Score of validation (classical) [0.7290836653386454, 0.8884462151394422, 0.8884462151394422, 0.5179282868525896]
Score of training (classical) [0.8111888111888111, 0.936063936063936, 0.9180819180819181, 0.5924075924075924]
Attempt  119
Score of validation 0.8286852589641435
Score of training 0.997002997002997
Score of validation (classical) [0.7689243027888446, 0.8924302788844621, 0.8884462151394422, 0.5657370517928287]
Score of training (classical) [0.7782217782217782, 0.936063936063936, 0.9230769230769231, 0.5704295704295704]
Attempt  120
Score of validation 0.896414342629482
Score of training 0.994005994005994
Score of validation (classical) [0.7450199203187251, 0.9203187250996016, 0.9203187250996016, 0.5537848605577689]
Score of training (classical) [0.7822177822177823, 0.9330669330669331, 0.9120879120879121, 0.5474525474525475]
Attempt  121
Score of validation 0.9282868525896414
Score of training 0.995004995004995
Score of validation (classical) [0.7370517928286853, 0.9123505976095617, 0.896414342629482, 0.5219123505976095]
Score of training (classical) [0.7852147852147852, 0.932067932067932, 0.9230769230769231, 0.5374625374625375]
Attempt  122
Score of validation 0.8844621513944223
Score of training 0.995004995004995
Score of validation (classical) [0.749003984063745, 0.8884462151394422, 0.8924302788844621, 0.5697211155378487]
Score of training (classical) [0.7852147852147852, 0.935064935064935, 0.9230769230769231, 0.5944055944055944]
Attempt  123
Score of validation 0.8804780876494024
Score of training 0.9920079920079921
Score of validation (classical) [0.7729083665338645, 0.9163346613545816, 0.9123505976095617, 0.549800796812749]
Score of training (classical) [0.7752247752247752, 0.9310689310689311, 0.916083916083916, 0.5164835164835165]
Attempt  124
Score of validation 0.8884462151394422
Score of training 0.994005994005994
Score of validation (classical) [0.7330677290836654, 0.9123505976095617, 0.896414342629482, 0.5179282868525896]
Score of training (classical) [0.7962037962037962, 0.9370629370629371, 0.9230769230769231, 0.5524475524475524]
Attempt  125
Score of validation 0.8884462151394422
Score of training 0.994005994005994
Score of validation (classical) [0.8167330677290837, 0.9083665338645418, 0.9123505976095617, 0.5657370517928287]
Score of training (classical) [0.7722277722277723, 0.9300699300699301, 0.9210789210789211, 0.5824175824175825]
Attempt  126
Score of validation 0.8725099601593626
Score of training 0.996003996003996
Score of validation (classical) [0.796812749003984, 0.9203187250996016, 0.9083665338645418, 0.5657370517928287]
Score of training (classical) [0.7852147852147852, 0.932067932067932, 0.919080919080919, 0.5564435564435565]
Attempt  127
Score of validation 0.8884462151394422
Score of training 0.993006993006993
Score of validation (classical) [0.8247011952191236, 0.9322709163346613, 0.9243027888446215, 0.5577689243027888]
Score of training (classical) [0.7692307692307693, 0.9270729270729271, 0.9170829170829171, 0.5514485514485514]
Attempt  128
Score of validation 0.8247011952191236
Score of training 0.994005994005994
Score of validation (classical) [0.8087649402390438, 0.9243027888446215, 0.9282868525896414, 0.4820717131474104]
Score of training (classical) [0.7742257742257742, 0.9330669330669331, 0.916083916083916, 0.5224775224775224]
Attempt  129
Score of validation 0.9163346613545816
Score of training 0.994005994005994
Score of validation (classical) [0.7131474103585658, 0.8844621513944223, 0.8764940239043825, 0.5577689243027888]
Score of training (classical) [0.7902097902097902, 0.936063936063936, 0.9200799200799201, 0.5834165834165834]
Attempt  130
Score of validation 0.8725099601593626
Score of training 0.995004995004995
Score of validation (classical) [0.7450199203187251, 0.8924302788844621, 0.9043824701195219, 0.5258964143426295]
Score of training (classical) [0.7892107892107892, 0.9340659340659341, 0.922077922077922, 0.5354645354645354]
Attempt  131
Score of validation 0.8844621513944223
Score of training 0.995004995004995
Score of validation (classical) [0.7370517928286853, 0.9322709163346613, 0.9322709163346613, 0.5976095617529881]
Score of training (classical) [0.7662337662337663, 0.9250749250749251, 0.9150849150849151, 0.5914085914085914]
Attempt  132
Score of validation 0.8645418326693227
Score of training 0.997002997002997
Score of validation (classical) [0.7928286852589641, 0.9362549800796812, 0.9362549800796812, 0.5617529880478087]
Score of training (classical) [0.7802197802197802, 0.9250749250749251, 0.9050949050949051, 0.5694305694305695]
Attempt  133
Score of validation 0.896414342629482
Score of training 0.9920079920079921
Score of validation (classical) [0.7290836653386454, 0.8685258964143426, 0.8725099601593626, 0.5418326693227091]
Score of training (classical) [0.8041958041958042, 0.9340659340659341, 0.916083916083916, 0.6003996003996004]
Attempt  134
Score of validation 0.900398406374502
Score of training 0.9920079920079921
Score of validation (classical) [0.7768924302788844, 0.9083665338645418, 0.900398406374502, 0.4940239043824701]
Score of training (classical) [0.7762237762237763, 0.9300699300699301, 0.9210789210789211, 0.5724275724275725]
Attempt  135
Score of validation 0.8685258964143426
Score of training 0.991008991008991
Score of validation (classical) [0.7330677290836654, 0.8804780876494024, 0.8844621513944223, 0.5617529880478087]
Score of training (classical) [0.7892107892107892, 0.9300699300699301, 0.9150849150849151, 0.5524475524475524]
Attempt  136
Score of validation 0.8605577689243028
Score of training 0.991008991008991
Score of validation (classical) [0.7410358565737052, 0.8924302788844621, 0.896414342629482, 0.5258964143426295]
Score of training (classical) [0.7872127872127872, 0.9340659340659341, 0.922077922077922, 0.5654345654345654]
Attempt  137
Score of validation 0.8326693227091634
Score of training 0.994005994005994
Score of validation (classical) [0.8087649402390438, 0.9163346613545816, 0.9163346613545816, 0.5697211155378487]
Score of training (classical) [0.7802197802197802, 0.9310689310689311, 0.9150849150849151, 0.5684315684315684]
Attempt  138
Score of validation 0.8685258964143426
Score of training 0.991008991008991
Score of validation (classical) [0.7808764940239044, 0.8725099601593626, 0.8884462151394422, 0.4940239043824701]
Score of training (classical) [0.7722277722277723, 0.942057942057942, 0.9280719280719281, 0.4945054945054945]
Attempt  139
Score of validation 0.8685258964143426
Score of training 0.995004995004995
Score of validation (classical) [0.7609561752988048, 0.9243027888446215, 0.9203187250996016, 0.545816733067729]
Score of training (classical) [0.7872127872127872, 0.9310689310689311, 0.9120879120879121, 0.5634365634365635]
Attempt  140
Score of validation 0.8844621513944223
Score of training 0.994005994005994
Score of validation (classical) [0.8247011952191236, 0.9163346613545816, 0.9243027888446215, 0.5856573705179283]
Score of training (classical) [0.7562437562437563, 0.929070929070929, 0.919080919080919, 0.5604395604395604]
Attempt  141
Score of validation 0.8884462151394422
Score of training 0.994005994005994
Score of validation (classical) [0.796812749003984, 0.9322709163346613, 0.9362549800796812, 0.5856573705179283]
Score of training (classical) [0.7672327672327672, 0.9270729270729271, 0.9080919080919081, 0.5534465534465535]
Attempt  142
Score of validation 0.8605577689243028
Score of training 0.996003996003996
Score of validation (classical) [0.8007968127490039, 0.9163346613545816, 0.9203187250996016, 0.5776892430278885]
Score of training (classical) [0.7742257742257742, 0.9340659340659341, 0.916083916083916, 0.5474525474525475]
Attempt  143
Score of validation 0.8207171314741036
Score of training 0.995004995004995
Score of validation (classical) [0.7808764940239044, 0.9083665338645418, 0.9043824701195219, 0.5418326693227091]
Score of training (classical) [0.7812187812187812, 0.9300699300699301, 0.9210789210789211, 0.5204795204795205]
Attempt  144
Score of validation 0.8884462151394422
Score of training 0.995004995004995
Score of validation (classical) [0.7888446215139442, 0.9123505976095617, 0.9083665338645418, 0.5099601593625498]
Score of training (classical) [0.7772227772227772, 0.932067932067932, 0.9170829170829171, 0.5284715284715285]
Attempt  145
Score of validation 0.8725099601593626
Score of training 0.994005994005994
Score of validation (classical) [0.7928286852589641, 0.9083665338645418, 0.9083665338645418, 0.5577689243027888]
Score of training (classical) [0.7742257742257742, 0.9330669330669331, 0.9170829170829171, 0.5404595404595405]
Attempt  146
Score of validation 0.8565737051792829
Score of training 0.997002997002997
Score of validation (classical) [0.7808764940239044, 0.9243027888446215, 0.9203187250996016, 0.5936254980079682]
Score of training (classical) [0.7872127872127872, 0.9300699300699301, 0.9170829170829171, 0.5814185814185814]
Attempt  147
Score of validation 0.8884462151394422
Score of training 0.994005994005994
Score of validation (classical) [0.7848605577689243, 0.9083665338645418, 0.9043824701195219, 0.5537848605577689]
Score of training (classical) [0.7942057942057942, 0.935064935064935, 0.9210789210789211, 0.5664335664335665]
Attempt  148
Score of validation 0.8565737051792829
Score of training 0.993006993006993
Score of validation (classical) [0.7649402390438247, 0.9203187250996016, 0.9243027888446215, 0.545816733067729]
Score of training (classical) [0.7972027972027972, 0.9310689310689311, 0.9110889110889111, 0.5804195804195804]
Attempt  149
Score of validation 0.8884462151394422
Score of training 0.9920079920079921
Score of validation (classical) [0.7928286852589641, 0.9322709163346613, 0.9243027888446215, 0.549800796812749]
Score of training (classical) [0.7832167832167832, 0.936063936063936, 0.913086913086913, 0.5004995004995005]
Attempt  150
Score of validation 0.8565737051792829
Score of training 0.995004995004995
Score of validation (classical) [0.7808764940239044, 0.9083665338645418, 0.8844621513944223, 0.5139442231075697]
Score of training (classical) [0.7822177822177823, 0.936063936063936, 0.922077922077922, 0.5384615384615384]
Attempt  151
Score of validation 0.8764940239043825
Score of training 0.9920079920079921
Score of validation (classical) [0.7450199203187251, 0.8844621513944223, 0.9043824701195219, 0.5258964143426295]
Score of training (classical) [0.7772227772227772, 0.938061938061938, 0.9200799200799201, 0.5674325674325674]
Attempt  152
Score of validation 0.8685258964143426
Score of training 0.996003996003996
Score of validation (classical) [0.7569721115537849, 0.9123505976095617, 0.9083665338645418, 0.5856573705179283]
Score of training (classical) [0.7582417582417582, 0.9310689310689311, 0.9140859140859141, 0.5474525474525475]
Attempt  153
Score of validation 0.8884462151394422
Score of training 0.994005994005994
Score of validation (classical) [0.7848605577689243, 0.8924302788844621, 0.9043824701195219, 0.6135458167330677]
Score of training (classical) [0.7722277722277723, 0.9340659340659341, 0.9200799200799201, 0.5684315684315684]
Attempt  154
Score of validation 0.8645418326693227
Score of training 0.995004995004995
Score of validation (classical) [0.749003984063745, 0.8804780876494024, 0.8725099601593626, 0.545816733067729]
Score of training (classical) [0.7992007992007992, 0.945054945054945, 0.9180819180819181, 0.5624375624375625]
Attempt  155
Score of validation 0.8804780876494024
Score of training 0.994005994005994
Score of validation (classical) [0.7290836653386454, 0.8844621513944223, 0.8804780876494024, 0.5378486055776892]
Score of training (classical) [0.7792207792207793, 0.9370629370629371, 0.922077922077922, 0.5544455544455544]
Attempt  156
Score of validation 0.8844621513944223
Score of training 0.996003996003996
Score of validation (classical) [0.7808764940239044, 0.9083665338645418, 0.9123505976095617, 0.5258964143426295]
Score of training (classical) [0.7762237762237763, 0.935064935064935, 0.913086913086913, 0.5814185814185814]
Attempt  157
Score of validation 0.8406374501992032
Score of training 0.994005994005994
Score of validation (classical) [0.7928286852589641, 0.9083665338645418, 0.9043824701195219, 0.5378486055776892]
Score of training (classical) [0.7812187812187812, 0.9300699300699301, 0.9150849150849151, 0.5594405594405595]
Attempt  158
Score of validation 0.8685258964143426
Score of training 0.993006993006993
Score of validation (classical) [0.7848605577689243, 0.9243027888446215, 0.9163346613545816, 0.549800796812749]
Score of training (classical) [0.7722277722277723, 0.9300699300699301, 0.9110889110889111, 0.5544455544455544]
Attempt  159
Score of validation 0.8924302788844621
Score of training 0.994005994005994
Score of validation (classical) [0.7649402390438247, 0.9282868525896414, 0.9243027888446215, 0.5099601593625498]
Score of training (classical) [0.7732267732267732, 0.929070929070929, 0.9170829170829171, 0.5684315684315684]
Attempt  160
Score of validation 0.8804780876494024
Score of training 0.996003996003996
Score of validation (classical) [0.7888446215139442, 0.9203187250996016, 0.9243027888446215, 0.5697211155378487]
Score of training (classical) [0.7802197802197802, 0.9300699300699301, 0.9150849150849151, 0.5524475524475524]
Attempt  161
Score of validation 0.8844621513944223
Score of training 0.995004995004995
Score of validation (classical) [0.7649402390438247, 0.8844621513944223, 0.8725099601593626, 0.5258964143426295]
Score of training (classical) [0.7802197802197802, 0.936063936063936, 0.9250749250749251, 0.5514485514485514]
Attempt  162
Score of validation 0.8844621513944223
Score of training 0.996003996003996
Score of validation (classical) [0.7410358565737052, 0.9322709163346613, 0.9203187250996016, 0.5378486055776892]
Score of training (classical) [0.7732267732267732, 0.9330669330669331, 0.9180819180819181, 0.5374625374625375]
Attempt  163
Score of validation 0.896414342629482
Score of training 0.993006993006993
Score of validation (classical) [0.7569721115537849, 0.9203187250996016, 0.900398406374502, 0.6055776892430279]
Score of training (classical) [0.7852147852147852, 0.9310689310689311, 0.9170829170829171, 0.5604395604395604]
Attempt  164
Score of validation 0.8565737051792829
Score of training 0.994005994005994
Score of validation (classical) [0.7848605577689243, 0.9282868525896414, 0.9243027888446215, 0.5657370517928287]
Score of training (classical) [0.7692307692307693, 0.9240759240759241, 0.9120879120879121, 0.5674325674325674]
Attempt  165
Score of validation 0.8406374501992032
Score of training 0.995004995004995
Score of validation (classical) [0.7330677290836654, 0.896414342629482, 0.9123505976095617, 0.5298804780876494]
Score of training (classical) [0.7882117882117882, 0.9340659340659341, 0.9180819180819181, 0.5714285714285714]
Attempt  166
Score of validation 0.8605577689243028
Score of training 0.995004995004995
Score of validation (classical) [0.749003984063745, 0.9083665338645418, 0.9043824701195219, 0.5418326693227091]
Score of training (classical) [0.7862137862137862, 0.926073926073926, 0.916083916083916, 0.5584415584415584]
Attempt  167
Score of validation 0.8844621513944223
Score of training 0.994005994005994
Score of validation (classical) [0.7410358565737052, 0.8924302788844621, 0.896414342629482, 0.5378486055776892]
Score of training (classical) [0.7822177822177823, 0.9340659340659341, 0.9300699300699301, 0.5624375624375625]
Attempt  168
Score of validation 0.852589641434263
Score of training 0.994005994005994
Score of validation (classical) [0.7609561752988048, 0.8884462151394422, 0.8924302788844621, 0.5737051792828686]
Score of training (classical) [0.7762237762237763, 0.936063936063936, 0.9240759240759241, 0.5864135864135864]
Attempt  169
Score of validation 0.8764940239043825
Score of training 0.994005994005994
Score of validation (classical) [0.7529880478087649, 0.9083665338645418, 0.900398406374502, 0.5657370517928287]
Score of training (classical) [0.7732267732267732, 0.9340659340659341, 0.926073926073926, 0.5724275724275725]
Attempt  170
Score of validation 0.8406374501992032
Score of training 0.994005994005994
Score of validation (classical) [0.7450199203187251, 0.8884462151394422, 0.8844621513944223, 0.5737051792828686]
Score of training (classical) [0.7862137862137862, 0.9370629370629371, 0.929070929070929, 0.5784215784215784]
Attempt  171
Score of validation 0.8725099601593626
Score of training 0.996003996003996
Score of validation (classical) [0.7848605577689243, 0.9203187250996016, 0.9163346613545816, 0.5776892430278885]
Score of training (classical) [0.7632367632367633, 0.938061938061938, 0.922077922077922, 0.5664335664335665]
Attempt  172
Score of validation 0.8247011952191236
Score of training 0.993006993006993
Score of validation (classical) [0.8087649402390438, 0.9123505976095617, 0.900398406374502, 0.5697211155378487]
Score of training (classical) [0.7702297702297702, 0.935064935064935, 0.922077922077922, 0.5474525474525475]
Attempt  173
Score of validation 0.8605577689243028
Score of training 0.995004995004995
Score of validation (classical) [0.7928286852589641, 0.9163346613545816, 0.9163346613545816, 0.5697211155378487]
Score of training (classical) [0.7822177822177823, 0.9280719280719281, 0.9200799200799201, 0.5434565434565435]
Attempt  174
Score of validation 0.8406374501992032
Score of training 0.99000999000999
Score of validation (classical) [0.7569721115537849, 0.8884462151394422, 0.8844621513944223, 0.5737051792828686]
Score of training (classical) [0.7892107892107892, 0.936063936063936, 0.9210789210789211, 0.5814185814185814]
Attempt  175
Score of validation 0.8127490039840638
Score of training 0.993006993006993
Score of validation (classical) [0.8207171314741036, 0.9043824701195219, 0.9282868525896414, 0.5896414342629482]
Score of training (classical) [0.7762237762237763, 0.9310689310689311, 0.9170829170829171, 0.5294705294705294]
Attempt  176
Score of validation 0.8645418326693227
Score of training 0.995004995004995
Score of validation (classical) [0.7729083665338645, 0.900398406374502, 0.8844621513944223, 0.5378486055776892]
Score of training (classical) [0.7932067932067932, 0.936063936063936, 0.9180819180819181, 0.5694305694305695]
Attempt  177
Score of validation 0.900398406374502
Score of training 0.997002997002997
Score of validation (classical) [0.7649402390438247, 0.896414342629482, 0.9083665338645418, 0.545816733067729]
Score of training (classical) [0.7792207792207793, 0.936063936063936, 0.9230769230769231, 0.5334665334665335]
Attempt  178
Score of validation 0.8565737051792829
Score of training 0.9920079920079921
Score of validation (classical) [0.796812749003984, 0.9243027888446215, 0.9243027888446215, 0.545816733067729]
Score of training (classical) [0.7762237762237763, 0.9310689310689311, 0.919080919080919, 0.5464535464535465]
Attempt  179
Score of validation 0.848605577689243
Score of training 0.994005994005994
Score of validation (classical) [0.7410358565737052, 0.8764940239043825, 0.8804780876494024, 0.5577689243027888]
Score of training (classical) [0.7882117882117882, 0.9340659340659341, 0.929070929070929, 0.5584415584415584]
Attempt  180
Score of validation 0.8924302788844621
Score of training 0.996003996003996
Score of validation (classical) [0.7729083665338645, 0.9123505976095617, 0.9123505976095617, 0.5617529880478087]
Score of training (classical) [0.7692307692307693, 0.936063936063936, 0.9170829170829171, 0.5344655344655345]
Attempt  181
Score of validation 0.852589641434263
Score of training 0.995004995004995
Score of validation (classical) [0.7569721115537849, 0.9163346613545816, 0.9083665338645418, 0.5378486055776892]
Score of training (classical) [0.7762237762237763, 0.9330669330669331, 0.9230769230769231, 0.5584415584415584]
Attempt  182
Score of validation 0.8366533864541833
Score of training 0.995004995004995
Score of validation (classical) [0.7729083665338645, 0.8884462151394422, 0.900398406374502, 0.5179282868525896]
Score of training (classical) [0.7682317682317682, 0.9370629370629371, 0.9240759240759241, 0.5044955044955045]
Attempt  183
Score of validation 0.8844621513944223
Score of training 0.996003996003996
Score of validation (classical) [0.7649402390438247, 0.8924302788844621, 0.900398406374502, 0.5617529880478087]
Score of training (classical) [0.7712287712287712, 0.936063936063936, 0.922077922077922, 0.5344655344655345]
Attempt  184
Score of validation 0.848605577689243
Score of training 0.995004995004995
Score of validation (classical) [0.7410358565737052, 0.900398406374502, 0.9043824701195219, 0.5179282868525896]
Score of training (classical) [0.7862137862137862, 0.9340659340659341, 0.9240759240759241, 0.5774225774225774]
Attempt  185
Score of validation 0.848605577689243
Score of training 0.9920079920079921
Score of validation (classical) [0.7250996015936255, 0.8884462151394422, 0.8804780876494024, 0.5099601593625498]
Score of training (classical) [0.8021978021978022, 0.938061938061938, 0.9250749250749251, 0.5464535464535465]
Attempt  186
Score of validation 0.852589641434263
Score of training 0.994005994005994
Score of validation (classical) [0.7768924302788844, 0.9163346613545816, 0.9123505976095617, 0.5936254980079682]
Score of training (classical) [0.7782217782217782, 0.9330669330669331, 0.916083916083916, 0.5534465534465535]
Attempt  187
Score of validation 0.8764940239043825
Score of training 0.995004995004995
Score of validation (classical) [0.7729083665338645, 0.9123505976095617, 0.9043824701195219, 0.5896414342629482]
Score of training (classical) [0.7822177822177823, 0.9340659340659341, 0.922077922077922, 0.5704295704295704]
Attempt  188
Score of validation 0.8605577689243028
Score of training 0.995004995004995
Score of validation (classical) [0.7689243027888446, 0.896414342629482, 0.9043824701195219, 0.5338645418326693]
Score of training (classical) [0.7832167832167832, 0.936063936063936, 0.9230769230769231, 0.5684315684315684]
Attempt  189
Score of validation 0.8884462151394422
Score of training 0.991008991008991
Score of validation (classical) [0.7450199203187251, 0.9043824701195219, 0.8924302788844621, 0.50199203187251]
Score of training (classical) [0.7812187812187812, 0.932067932067932, 0.9150849150849151, 0.5674325674325674]
Attempt  190
Score of validation 0.8764940239043825
Score of training 0.995004995004995
Score of validation (classical) [0.7928286852589641, 0.9123505976095617, 0.900398406374502, 0.5537848605577689]
Score of training (classical) [0.7662337662337663, 0.9280719280719281, 0.913086913086913, 0.5624375624375625]
Attempt  191
Score of validation 0.8406374501992032
Score of training 0.995004995004995
Score of validation (classical) [0.7410358565737052, 0.8884462151394422, 0.8844621513944223, 0.5537848605577689]
Score of training (classical) [0.7742257742257742, 0.9400599400599401, 0.9240759240759241, 0.5824175824175825]
Attempt  192
Score of validation 0.8844621513944223
Score of training 0.995004995004995
Score of validation (classical) [0.7729083665338645, 0.9123505976095617, 0.9163346613545816, 0.545816733067729]
Score of training (classical) [0.7792207792207793, 0.9300699300699301, 0.9150849150849151, 0.5644355644355644]
Attempt  193
Score of validation 0.8924302788844621
Score of training 0.998001998001998
Score of validation (classical) [0.7569721115537849, 0.8884462151394422, 0.8884462151394422, 0.545816733067729]
Score of training (classical) [0.7842157842157842, 0.935064935064935, 0.922077922077922, 0.5424575424575424]
Attempt  194
Score of validation 0.8645418326693227
Score of training 0.995004995004995
Score of validation (classical) [0.7808764940239044, 0.8645418326693227, 0.8804780876494024, 0.5418326693227091]
Score of training (classical) [0.7832167832167832, 0.9370629370629371, 0.926073926073926, 0.5384615384615384]
Attempt  195
Score of validation 0.8207171314741036
Score of training 0.989010989010989
Score of validation (classical) [0.7529880478087649, 0.8804780876494024, 0.8844621513944223, 0.5737051792828686]
Score of training (classical) [0.8041958041958042, 0.936063936063936, 0.9180819180819181, 0.5854145854145855]
Attempt  196
Score of validation 0.8685258964143426
Score of training 0.996003996003996
Score of validation (classical) [0.749003984063745, 0.8764940239043825, 0.8645418326693227, 0.5936254980079682]
Score of training (classical) [0.7842157842157842, 0.932067932067932, 0.922077922077922, 0.5814185814185814]
Attempt  197
Score of validation 0.852589641434263
Score of training 0.994005994005994
Score of validation (classical) [0.7888446215139442, 0.9203187250996016, 0.9123505976095617, 0.5418326693227091]
Score of training (classical) [0.7722277722277723, 0.9280719280719281, 0.922077922077922, 0.5374625374625375]
Attempt  198
Score of validation 0.896414342629482
Score of training 0.994005994005994
Score of validation (classical) [0.7250996015936255, 0.9203187250996016, 0.9243027888446215, 0.5179282868525896]
Score of training (classical) [0.7712287712287712, 0.926073926073926, 0.916083916083916, 0.5504495504495505]
Attempt  199
Score of validation 0.8844621513944223
Score of training 0.994005994005994
Score of validation (classical) [0.7888446215139442, 0.9203187250996016, 0.9163346613545816, 0.5737051792828686]
Score of training (classical) [0.7852147852147852, 0.9280719280719281, 0.9090909090909091, 0.5714285714285714]
Attempt  200
Score of validation 0.8804780876494024
Score of training 0.993006993006993
Score of validation (classical) [0.7171314741035857, 0.896414342629482, 0.9043824701195219, 0.5338645418326693]
Score of training (classical) [0.7802197802197802, 0.935064935064935, 0.9210789210789211, 0.5734265734265734]
Attempt  201
Score of validation 0.8645418326693227
Score of training 0.997002997002997
Score of validation (classical) [0.7689243027888446, 0.9163346613545816, 0.9083665338645418, 0.5338645418326693]
Score of training (classical) [0.7752247752247752, 0.9330669330669331, 0.916083916083916, 0.5394605394605395]
Attempt  202
Score of validation 0.8725099601593626
Score of training 0.994005994005994
Score of validation (classical) [0.796812749003984, 0.9203187250996016, 0.9203187250996016, 0.601593625498008]
Score of training (classical) [0.7872127872127872, 0.9310689310689311, 0.913086913086913, 0.5874125874125874]
Attempt  203
Score of validation 0.8844621513944223
Score of training 0.995004995004995
Score of validation (classical) [0.7410358565737052, 0.9083665338645418, 0.9043824701195219, 0.5298804780876494]
Score of training (classical) [0.7742257742257742, 0.9330669330669331, 0.9210789210789211, 0.5484515484515484]
Attempt  204
Score of validation 0.8844621513944223
Score of training 0.989010989010989
Score of validation (classical) [0.7370517928286853, 0.9163346613545816, 0.8844621513944223, 0.5219123505976095]
Score of training (classical) [0.7882117882117882, 0.9340659340659341, 0.9140859140859141, 0.5634365634365635]
Attempt  205
Score of validation 0.8924302788844621
Score of training 0.997002997002997
Score of validation (classical) [0.7808764940239044, 0.9282868525896414, 0.9123505976095617, 0.50199203187251]
Score of training (classical) [0.7612387612387612, 0.939060939060939, 0.9240759240759241, 0.5184815184815185]
Attempt  206
Score of validation 0.8844621513944223
Score of training 0.993006993006993
Score of validation (classical) [0.7768924302788844, 0.9043824701195219, 0.900398406374502, 0.5059760956175299]
Score of training (classical) [0.7732267732267732, 0.9340659340659341, 0.9230769230769231, 0.5504495504495505]
Attempt  207
Score of validation 0.8565737051792829
Score of training 0.996003996003996
Score of validation (classical) [0.796812749003984, 0.9163346613545816, 0.9282868525896414, 0.5418326693227091]
Score of training (classical) [0.7672327672327672, 0.9230769230769231, 0.9170829170829171, 0.5464535464535465]
Attempt  208
Score of validation 0.8804780876494024
Score of training 0.995004995004995
Score of validation (classical) [0.7848605577689243, 0.9123505976095617, 0.9163346613545816, 0.5856573705179283]
Score of training (classical) [0.7662337662337663, 0.929070929070929, 0.9140859140859141, 0.5644355644355644]
Attempt  209
Score of validation 0.8764940239043825
Score of training 0.994005994005994
Score of validation (classical) [0.7370517928286853, 0.8924302788844621, 0.896414342629482, 0.5657370517928287]
Score of training (classical) [0.7882117882117882, 0.935064935064935, 0.9270729270729271, 0.5324675324675324]
Attempt  210
Score of validation 0.8764940239043825
Score of training 0.996003996003996
Score of validation (classical) [0.7729083665338645, 0.900398406374502, 0.900398406374502, 0.5418326693227091]
Score of training (classical) [0.7852147852147852, 0.935064935064935, 0.919080919080919, 0.5454545454545454]
Attempt  211
Score of validation 0.8924302788844621
Score of training 0.994005994005994
Score of validation (classical) [0.7689243027888446, 0.9083665338645418, 0.9123505976095617, 0.5179282868525896]
Score of training (classical) [0.7862137862137862, 0.935064935064935, 0.919080919080919, 0.5984015984015985]
Attempt  212
Score of validation 0.8565737051792829
Score of training 0.996003996003996
Score of validation (classical) [0.796812749003984, 0.9362549800796812, 0.9322709163346613, 0.5657370517928287]
Score of training (classical) [0.7802197802197802, 0.922077922077922, 0.9100899100899101, 0.5364635364635365]
Attempt  213
Score of validation 0.8884462151394422
Score of training 0.996003996003996
Score of validation (classical) [0.7848605577689243, 0.9043824701195219, 0.9043824701195219, 0.5577689243027888]
Score of training (classical) [0.7672327672327672, 0.932067932067932, 0.919080919080919, 0.5694305694305695]
Attempt  214
Score of validation 0.8844621513944223
Score of training 0.994005994005994
Score of validation (classical) [0.7888446215139442, 0.900398406374502, 0.8924302788844621, 0.6135458167330677]
Score of training (classical) [0.7672327672327672, 0.9340659340659341, 0.9240759240759241, 0.5674325674325674]
Attempt  215
Score of validation 0.8605577689243028
Score of training 0.994005994005994
Score of validation (classical) [0.7928286852589641, 0.9243027888446215, 0.9243027888446215, 0.5537848605577689]
Score of training (classical) [0.7792207792207793, 0.9270729270729271, 0.919080919080919, 0.5634365634365635]
Attempt  216
Score of validation 0.9123505976095617
Score of training 0.998001998001998
Score of validation (classical) [0.7729083665338645, 0.9083665338645418, 0.9163346613545816, 0.5059760956175299]
Score of training (classical) [0.7772227772227772, 0.9310689310689311, 0.9170829170829171, 0.5544455544455544]
Attempt  217
Score of validation 0.8764940239043825
Score of training 0.996003996003996
Score of validation (classical) [0.7729083665338645, 0.900398406374502, 0.9083665338645418, 0.5697211155378487]
Score of training (classical) [0.7742257742257742, 0.9300699300699301, 0.9210789210789211, 0.5384615384615384]
Attempt  218
Score of validation 0.8725099601593626
Score of training 0.991008991008991
Score of validation (classical) [0.7211155378486056, 0.9083665338645418, 0.8844621513944223, 0.549800796812749]
Score of training (classical) [0.7912087912087912, 0.929070929070929, 0.9170829170829171, 0.5744255744255744]
Attempt  219
Score of validation 0.852589641434263
Score of training 0.995004995004995
Score of validation (classical) [0.7689243027888446, 0.900398406374502, 0.8844621513944223, 0.6055776892430279]
Score of training (classical) [0.7792207792207793, 0.9340659340659341, 0.9200799200799201, 0.5614385614385614]
Attempt  220
Score of validation 0.8725099601593626
Score of training 0.994005994005994
Score of validation (classical) [0.7529880478087649, 0.8924302788844621, 0.8844621513944223, 0.5697211155378487]
Score of training (classical) [0.7892107892107892, 0.9340659340659341, 0.9150849150849151, 0.5354645354645354]
Attempt  221
Score of validation 0.9282868525896414
Score of training 0.994005994005994
Score of validation (classical) [0.7689243027888446, 0.9203187250996016, 0.9322709163346613, 0.5816733067729084]
Score of training (classical) [0.7642357642357642, 0.9310689310689311, 0.916083916083916, 0.5294705294705294]
Attempt  222
Score of validation 0.8844621513944223
Score of training 0.993006993006993
Score of validation (classical) [0.7529880478087649, 0.9043824701195219, 0.9123505976095617, 0.4940239043824701]
Score of training (classical) [0.7652347652347652, 0.935064935064935, 0.9200799200799201, 0.5464535464535465]
Attempt  223
Score of validation 0.8804780876494024
Score of training 0.995004995004995
Score of validation (classical) [0.7848605577689243, 0.9123505976095617, 0.9243027888446215, 0.549800796812749]
Score of training (classical) [0.7762237762237763, 0.9330669330669331, 0.9200799200799201, 0.5714285714285714]
Attempt  224
Score of validation 0.8406374501992032
Score of training 0.993006993006993
Score of validation (classical) [0.7768924302788844, 0.9043824701195219, 0.8884462151394422, 0.5418326693227091]
Score of training (classical) [0.7832167832167832, 0.932067932067932, 0.9240759240759241, 0.5334665334665335]
Attempt  225
Score of validation 0.8605577689243028
Score of training 0.995004995004995
Score of validation (classical) [0.7848605577689243, 0.900398406374502, 0.9083665338645418, 0.5657370517928287]
Score of training (classical) [0.7702297702297702, 0.9300699300699301, 0.9230769230769231, 0.5414585414585414]
Attempt  226
Score of validation 0.8725099601593626
Score of training 0.996003996003996
Score of validation (classical) [0.7609561752988048, 0.900398406374502, 0.896414342629482, 0.5219123505976095]
Score of training (classical) [0.7912087912087912, 0.9330669330669331, 0.9210789210789211, 0.5734265734265734]
Attempt  227
Score of validation 0.8286852589641435
Score of training 0.994005994005994
Score of validation (classical) [0.7649402390438247, 0.9043824701195219, 0.896414342629482, 0.5856573705179283]
Score of training (classical) [0.7752247752247752, 0.9270729270729271, 0.9150849150849151, 0.5814185814185814]
Attempt  228
Score of validation 0.8565737051792829
Score of training 0.996003996003996
Score of validation (classical) [0.7888446215139442, 0.896414342629482, 0.8804780876494024, 0.5976095617529881]
Score of training (classical) [0.7702297702297702, 0.9400599400599401, 0.9170829170829171, 0.5274725274725275]
Attempt  229
Score of validation 0.8446215139442231
Score of training 0.998001998001998
Score of validation (classical) [0.7529880478087649, 0.896414342629482, 0.8764940239043825, 0.5617529880478087]
Score of training (classical) [0.7702297702297702, 0.939060939060939, 0.9250749250749251, 0.5674325674325674]
Attempt  230
Score of validation 0.8685258964143426
Score of training 0.995004995004995
Score of validation (classical) [0.7808764940239044, 0.9123505976095617, 0.9083665338645418, 0.6215139442231076]
Score of training (classical) [0.7642357642357642, 0.932067932067932, 0.916083916083916, 0.5574425574425574]
Attempt  231
Score of validation 0.8645418326693227
Score of training 0.997002997002997
Score of validation (classical) [0.7649402390438247, 0.9083665338645418, 0.9163346613545816, 0.5896414342629482]
Score of training (classical) [0.7802197802197802, 0.9340659340659341, 0.9170829170829171, 0.5644355644355644]
Attempt  232
Score of validation 0.8725099601593626
Score of training 0.993006993006993
Score of validation (classical) [0.749003984063745, 0.8725099601593626, 0.8844621513944223, 0.5219123505976095]
Score of training (classical) [0.7752247752247752, 0.932067932067932, 0.9240759240759241, 0.5564435564435565]
Attempt  233
Score of validation 0.8286852589641435
Score of training 0.996003996003996
Score of validation (classical) [0.7689243027888446, 0.9083665338645418, 0.9163346613545816, 0.5059760956175299]
Score of training (classical) [0.7822177822177823, 0.9300699300699301, 0.919080919080919, 0.5584415584415584]
Attempt  234
Score of validation 0.8207171314741036
Score of training 0.997002997002997
Score of validation (classical) [0.7689243027888446, 0.8884462151394422, 0.8884462151394422, 0.5776892430278885]
Score of training (classical) [0.7832167832167832, 0.9330669330669331, 0.926073926073926, 0.5534465534465535]
Attempt  235
Score of validation 0.8446215139442231
Score of training 0.994005994005994
Score of validation (classical) [0.7609561752988048, 0.8645418326693227, 0.852589641434263, 0.5657370517928287]
Score of training (classical) [0.8001998001998002, 0.9340659340659341, 0.9300699300699301, 0.5794205794205795]
Attempt  236
Score of validation 0.896414342629482
Score of training 0.995004995004995
Score of validation (classical) [0.7569721115537849, 0.9163346613545816, 0.9163346613545816, 0.549800796812749]
Score of training (classical) [0.7732267732267732, 0.932067932067932, 0.9180819180819181, 0.5534465534465535]
Attempt  237
Score of validation 0.848605577689243
Score of training 0.998001998001998
Score of validation (classical) [0.7689243027888446, 0.8844621513944223, 0.896414342629482, 0.5896414342629482]
Score of training (classical) [0.7782217782217782, 0.936063936063936, 0.9250749250749251, 0.5664335664335665]
Attempt  238
Score of validation 0.7888446215139442
Score of training 0.995004995004995
Score of validation (classical) [0.7729083665338645, 0.8804780876494024, 0.8804780876494024, 0.5737051792828686]
Score of training (classical) [0.7742257742257742, 0.932067932067932, 0.922077922077922, 0.5574425574425574]
Attempt  239
Score of validation 0.8725099601593626
Score of training 0.997002997002997
Score of validation (classical) [0.796812749003984, 0.9282868525896414, 0.9282868525896414, 0.5378486055776892]
Score of training (classical) [0.7762237762237763, 0.9330669330669331, 0.9200799200799201, 0.5554445554445554]
Attempt  240
Score of validation 0.8247011952191236
Score of training 0.995004995004995
Score of validation (classical) [0.7609561752988048, 0.900398406374502, 0.9043824701195219, 0.6055776892430279]
Score of training (classical) [0.7782217782217782, 0.935064935064935, 0.916083916083916, 0.5594405594405595]
Attempt  241
Score of validation 0.8924302788844621
Score of training 0.996003996003996
Score of validation (classical) [0.8087649402390438, 0.9083665338645418, 0.900398406374502, 0.601593625498008]
Score of training (classical) [0.7782217782217782, 0.9340659340659341, 0.9140859140859141, 0.5674325674325674]
Attempt  242
Score of validation 0.9043824701195219
Score of training 0.993006993006993
Score of validation (classical) [0.8127490039840638, 0.9123505976095617, 0.9083665338645418, 0.5737051792828686]
Score of training (classical) [0.7722277722277723, 0.936063936063936, 0.9210789210789211, 0.5654345654345654]
Attempt  243
Score of validation 0.8844621513944223
Score of training 0.995004995004995
Score of validation (classical) [0.7649402390438247, 0.9163346613545816, 0.9163346613545816, 0.601593625498008]
Score of training (classical) [0.7792207792207793, 0.9310689310689311, 0.919080919080919, 0.5554445554445554]
Attempt  244
Score of validation 0.8286852589641435
Score of training 0.996003996003996
Score of validation (classical) [0.7370517928286853, 0.9083665338645418, 0.900398406374502, 0.549800796812749]
Score of training (classical) [0.7892107892107892, 0.936063936063936, 0.9210789210789211, 0.5414585414585414]
Attempt  245
Score of validation 0.8804780876494024
Score of training 0.998001998001998
Score of validation (classical) [0.7370517928286853, 0.9123505976095617, 0.9243027888446215, 0.5657370517928287]
Score of training (classical) [0.7792207792207793, 0.9300699300699301, 0.9170829170829171, 0.5604395604395604]
Attempt  246
Score of validation 0.900398406374502
Score of training 0.995004995004995
Score of validation (classical) [0.7051792828685259, 0.8685258964143426, 0.8725099601593626, 0.5577689243027888]
Score of training (classical) [0.7852147852147852, 0.9430569430569431, 0.9270729270729271, 0.5554445554445554]
Attempt  247
Score of validation 0.8645418326693227
Score of training 0.993006993006993
Score of validation (classical) [0.7529880478087649, 0.900398406374502, 0.8884462151394422, 0.549800796812749]
Score of training (classical) [0.7952047952047953, 0.9330669330669331, 0.922077922077922, 0.5774225774225774]
Attempt  248
Score of validation 0.8924302788844621
Score of training 0.996003996003996
Score of validation (classical) [0.7569721115537849, 0.9282868525896414, 0.9243027888446215, 0.545816733067729]
Score of training (classical) [0.7732267732267732, 0.929070929070929, 0.916083916083916, 0.5594405594405595]
Attempt  249
Score of validation 0.848605577689243
Score of training 0.997002997002997
Score of validation (classical) [0.7768924302788844, 0.900398406374502, 0.900398406374502, 0.5378486055776892]
Score of training (classical) [0.7812187812187812, 0.932067932067932, 0.916083916083916, 0.5644355644355644]
Attempt  250
Score of validation 0.8446215139442231
Score of training 0.995004995004995
Score of validation (classical) [0.7609561752988048, 0.8764940239043825, 0.8884462151394422, 0.5378486055776892]
Score of training (classical) [0.7722277722277723, 0.938061938061938, 0.9180819180819181, 0.5644355644355644]
Attempt  251
Score of validation 0.8924302788844621
Score of training 0.996003996003996
Score of validation (classical) [0.7649402390438247, 0.9282868525896414, 0.9163346613545816, 0.5617529880478087]
Score of training (classical) [0.7732267732267732, 0.9210789210789211, 0.9150849150849151, 0.5784215784215784]
Attempt  252
Score of validation 0.8725099601593626
Score of training 0.995004995004995
Score of validation (classical) [0.7250996015936255, 0.8844621513944223, 0.8844621513944223, 0.5418326693227091]
Score of training (classical) [0.7812187812187812, 0.938061938061938, 0.9250749250749251, 0.5274725274725275]
Attempt  253
Score of validation 0.8804780876494024
Score of training 0.996003996003996
Score of validation (classical) [0.796812749003984, 0.9203187250996016, 0.9043824701195219, 0.6095617529880478]
Score of training (classical) [0.7712287712287712, 0.9340659340659341, 0.9250749250749251, 0.5384615384615384]
Attempt  254
Score of validation 0.8286852589641435
Score of training 0.995004995004995
Score of validation (classical) [0.8087649402390438, 0.9043824701195219, 0.9123505976095617, 0.5896414342629482]
Score of training (classical) [0.7702297702297702, 0.936063936063936, 0.9240759240759241, 0.5254745254745254]
Attempt  255
Score of validation 0.8725099601593626
Score of training 0.994005994005994
Score of validation (classical) [0.8247011952191236, 0.896414342629482, 0.896414342629482, 0.5936254980079682]
Score of training (classical) [0.7642357642357642, 0.939060939060939, 0.9210789210789211, 0.5334665334665335]
Attempt  256
Score of validation 0.896414342629482
Score of training 0.996003996003996
Score of validation (classical) [0.8007968127490039, 0.9243027888446215, 0.9203187250996016, 0.5776892430278885]
Score of training (classical) [0.7712287712287712, 0.9300699300699301, 0.9170829170829171, 0.5444555444555444]
Attempt  257
Score of validation 0.9083665338645418
Score of training 0.994005994005994
Score of validation (classical) [0.7450199203187251, 0.9123505976095617, 0.9123505976095617, 0.49800796812749004]
Score of training (classical) [0.7752247752247752, 0.9310689310689311, 0.916083916083916, 0.5394605394605395]
Attempt  258
Score of validation 0.8764940239043825
Score of training 0.997002997002997
Score of validation (classical) [0.7290836653386454, 0.9083665338645418, 0.9243027888446215, 0.5537848605577689]
Score of training (classical) [0.7842157842157842, 0.9340659340659341, 0.9210789210789211, 0.6003996003996004]
Attempt  259
Score of validation 0.8924302788844621
Score of training 0.994005994005994
Score of validation (classical) [0.7569721115537849, 0.8884462151394422, 0.8884462151394422, 0.5099601593625498]
Score of training (classical) [0.7782217782217782, 0.9370629370629371, 0.9230769230769231, 0.4935064935064935]
Attempt  260
Score of validation 0.9043824701195219
Score of training 0.996003996003996
Score of validation (classical) [0.7729083665338645, 0.9282868525896414, 0.9362549800796812, 0.5697211155378487]
Score of training (classical) [0.7732267732267732, 0.9250749250749251, 0.913086913086913, 0.5654345654345654]
Attempt  261
Score of validation 0.8844621513944223
Score of training 0.994005994005994
Score of validation (classical) [0.7928286852589641, 0.9243027888446215, 0.9322709163346613, 0.545816733067729]
Score of training (classical) [0.7822177822177823, 0.9280719280719281, 0.9110889110889111, 0.5424575424575424]
Attempt  262
Score of validation 0.8406374501992032
Score of training 0.997002997002997
Score of validation (classical) [0.7450199203187251, 0.896414342629482, 0.900398406374502, 0.549800796812749]
Score of training (classical) [0.7842157842157842, 0.9330669330669331, 0.916083916083916, 0.5714285714285714]
Attempt  263
Score of validation 0.9163346613545816
Score of training 0.995004995004995
Score of validation (classical) [0.7410358565737052, 0.8764940239043825, 0.8725099601593626, 0.5219123505976095]
Score of training (classical) [0.7872127872127872, 0.938061938061938, 0.9310689310689311, 0.5604395604395604]
Attempt  264
Score of validation 0.8446215139442231
Score of training 0.994005994005994
Score of validation (classical) [0.7450199203187251, 0.9123505976095617, 0.9043824701195219, 0.549800796812749]
Score of training (classical) [0.7782217782217782, 0.9330669330669331, 0.913086913086913, 0.5354645354645354]
Attempt  265
Score of validation 0.8565737051792829
Score of training 0.995004995004995
Score of validation (classical) [0.7290836653386454, 0.8884462151394422, 0.8605577689243028, 0.5617529880478087]
Score of training (classical) [0.7832167832167832, 0.938061938061938, 0.926073926073926, 0.5634365634365635]
Attempt  266
Score of validation 0.9043824701195219
Score of training 0.995004995004995
Score of validation (classical) [0.8167330677290837, 0.9561752988047809, 0.9601593625498008, 0.5776892430278885]
Score of training (classical) [0.7662337662337663, 0.9250749250749251, 0.916083916083916, 0.5594405594405595]
Attempt  267
Score of validation 0.8645418326693227
Score of training 0.991008991008991
Score of validation (classical) [0.7609561752988048, 0.8924302788844621, 0.8804780876494024, 0.5537848605577689]
Score of training (classical) [0.7802197802197802, 0.939060939060939, 0.9250749250749251, 0.5554445554445554]
Attempt  268
Score of validation 0.8446215139442231
Score of training 0.994005994005994
Score of validation (classical) [0.7768924302788844, 0.9203187250996016, 0.8924302788844621, 0.5577689243027888]
Score of training (classical) [0.7632367632367633, 0.9330669330669331, 0.922077922077922, 0.5774225774225774]
Attempt  269
Score of validation 0.8884462151394422
Score of training 0.996003996003996
Score of validation (classical) [0.7649402390438247, 0.9282868525896414, 0.9203187250996016, 0.549800796812749]
Score of training (classical) [0.7892107892107892, 0.9310689310689311, 0.913086913086913, 0.5974025974025974]
Attempt  270
Score of validation 0.8764940239043825
Score of training 0.994005994005994
Score of validation (classical) [0.7330677290836654, 0.9282868525896414, 0.9043824701195219, 0.5378486055776892]
Score of training (classical) [0.7802197802197802, 0.9330669330669331, 0.9170829170829171, 0.5674325674325674]
Attempt  271
Score of validation 0.8725099601593626
Score of training 0.994005994005994
Score of validation (classical) [0.7768924302788844, 0.9163346613545816, 0.9163346613545816, 0.5816733067729084]
Score of training (classical) [0.7822177822177823, 0.9310689310689311, 0.9200799200799201, 0.5814185814185814]
Attempt  272
Score of validation 0.848605577689243
Score of training 0.993006993006993
Score of validation (classical) [0.796812749003984, 0.896414342629482, 0.896414342629482, 0.5378486055776892]
Score of training (classical) [0.7842157842157842, 0.9300699300699301, 0.9210789210789211, 0.5574425574425574]
Attempt  273
Score of validation 0.8764940239043825
Score of training 0.996003996003996
Score of validation (classical) [0.7729083665338645, 0.8884462151394422, 0.8884462151394422, 0.5298804780876494]
Score of training (classical) [0.7892107892107892, 0.9340659340659341, 0.9140859140859141, 0.5534465534465535]
Attempt  274
Score of validation 0.8406374501992032
Score of training 0.991008991008991
Score of validation (classical) [0.7370517928286853, 0.9043824701195219, 0.9043824701195219, 0.4820717131474104]
Score of training (classical) [0.7812187812187812, 0.9330669330669331, 0.9170829170829171, 0.5694305694305695]
Attempt  275
Score of validation 0.8565737051792829
Score of training 0.995004995004995
Score of validation (classical) [0.7848605577689243, 0.9203187250996016, 0.9163346613545816, 0.6175298804780877]
Score of training (classical) [0.7822177822177823, 0.9280719280719281, 0.9150849150849151, 0.5674325674325674]
Attempt  276
Score of validation 0.8884462151394422
Score of training 0.996003996003996
Score of validation (classical) [0.7649402390438247, 0.9123505976095617, 0.9163346613545816, 0.5657370517928287]
Score of training (classical) [0.7712287712287712, 0.9330669330669331, 0.9200799200799201, 0.5484515484515484]
Attempt  277
Score of validation 0.8605577689243028
Score of training 0.995004995004995
Score of validation (classical) [0.7808764940239044, 0.9123505976095617, 0.9083665338645418, 0.5856573705179283]
Score of training (classical) [0.7782217782217782, 0.932067932067932, 0.9140859140859141, 0.5754245754245755]
Attempt  278
Score of validation 0.8565737051792829
Score of training 0.996003996003996
Score of validation (classical) [0.7410358565737052, 0.8884462151394422, 0.8884462151394422, 0.4860557768924303]
Score of training (classical) [0.7892107892107892, 0.9340659340659341, 0.919080919080919, 0.5834165834165834]
Attempt  279
Score of validation 0.8207171314741036
Score of training 0.995004995004995
Score of validation (classical) [0.7729083665338645, 0.9163346613545816, 0.9083665338645418, 0.5856573705179283]
Score of training (classical) [0.7802197802197802, 0.9310689310689311, 0.913086913086913, 0.5604395604395604]
Attempt  280
Score of validation 0.9203187250996016
Score of training 0.996003996003996
Score of validation (classical) [0.796812749003984, 0.9123505976095617, 0.9163346613545816, 0.5697211155378487]
Score of training (classical) [0.7852147852147852, 0.938061938061938, 0.9230769230769231, 0.5724275724275725]
Attempt  281
Score of validation 0.900398406374502
Score of training 0.994005994005994
Score of validation (classical) [0.7888446215139442, 0.9282868525896414, 0.9282868525896414, 0.6135458167330677]
Score of training (classical) [0.7872127872127872, 0.9270729270729271, 0.9100899100899101, 0.5804195804195804]
Attempt  282
Score of validation 0.9282868525896414
Score of training 0.995004995004995
Score of validation (classical) [0.7848605577689243, 0.896414342629482, 0.9163346613545816, 0.5537848605577689]
Score of training (classical) [0.7622377622377622, 0.9370629370629371, 0.9140859140859141, 0.5394605394605395]
Attempt  283
Score of validation 0.8725099601593626
Score of training 0.994005994005994
Score of validation (classical) [0.7569721115537849, 0.9163346613545816, 0.9043824701195219, 0.4900398406374502]
Score of training (classical) [0.7772227772227772, 0.9330669330669331, 0.919080919080919, 0.5424575424575424]
Attempt  284
Score of validation 0.900398406374502
Score of training 0.993006993006993
Score of validation (classical) [0.7569721115537849, 0.9083665338645418, 0.9123505976095617, 0.5776892430278885]
Score of training (classical) [0.7852147852147852, 0.926073926073926, 0.9200799200799201, 0.5324675324675324]
Attempt  285
Score of validation 0.8326693227091634
Score of training 0.995004995004995
Score of validation (classical) [0.7808764940239044, 0.8924302788844621, 0.8764940239043825, 0.5577689243027888]
Score of training (classical) [0.7832167832167832, 0.9340659340659341, 0.9200799200799201, 0.5684315684315684]
Attempt  286
Score of validation 0.8884462151394422
Score of training 0.995004995004995
Score of validation (classical) [0.7729083665338645, 0.9123505976095617, 0.896414342629482, 0.5258964143426295]
Score of training (classical) [0.7732267732267732, 0.9280719280719281, 0.9140859140859141, 0.5254745254745254]
Attempt  287
Score of validation 0.848605577689243
Score of training 0.995004995004995
Score of validation (classical) [0.796812749003984, 0.900398406374502, 0.896414342629482, 0.5936254980079682]
Score of training (classical) [0.7792207792207793, 0.938061938061938, 0.9180819180819181, 0.5474525474525475]
Attempt  288
Score of validation 0.8884462151394422
Score of training 0.995004995004995
Score of validation (classical) [0.7569721115537849, 0.8924302788844621, 0.9043824701195219, 0.6055776892430279]
Score of training (classical) [0.7792207792207793, 0.9330669330669331, 0.9210789210789211, 0.5394605394605395]
Attempt  289
Score of validation 0.852589641434263
Score of training 0.996003996003996
Score of validation (classical) [0.7529880478087649, 0.8764940239043825, 0.8844621513944223, 0.5577689243027888]
Score of training (classical) [0.7862137862137862, 0.939060939060939, 0.9250749250749251, 0.5664335664335665]
Attempt  290
Score of validation 0.896414342629482
Score of training 0.9920079920079921
Score of validation (classical) [0.7689243027888446, 0.9083665338645418, 0.9043824701195219, 0.5657370517928287]
Score of training (classical) [0.7822177822177823, 0.932067932067932, 0.9210789210789211, 0.5694305694305695]
Attempt  291
Score of validation 0.852589641434263
Score of training 0.997002997002997
Score of validation (classical) [0.6972111553784861, 0.8764940239043825, 0.8725099601593626, 0.545816733067729]
Score of training (classical) [0.7912087912087912, 0.936063936063936, 0.9200799200799201, 0.6013986013986014]
Attempt  292
Score of validation 0.8645418326693227
Score of training 0.994005994005994
Score of validation (classical) [0.7250996015936255, 0.9163346613545816, 0.896414342629482, 0.5617529880478087]
Score of training (classical) [0.8001998001998002, 0.9280719280719281, 0.916083916083916, 0.5554445554445554]
Attempt  293
Score of validation 0.8605577689243028
Score of training 0.991008991008991
Score of validation (classical) [0.7290836653386454, 0.900398406374502, 0.8804780876494024, 0.545816733067729]
Score of training (classical) [0.7952047952047953, 0.9270729270729271, 0.913086913086913, 0.5874125874125874]
Attempt  294
Score of validation 0.852589641434263
Score of training 0.995004995004995
Score of validation (classical) [0.7808764940239044, 0.9282868525896414, 0.9043824701195219, 0.5139442231075697]
Score of training (classical) [0.7912087912087912, 0.926073926073926, 0.9080919080919081, 0.5264735264735265]
Attempt  295
Score of validation 0.9043824701195219
Score of training 0.993006993006993
Score of validation (classical) [0.8087649402390438, 0.9243027888446215, 0.9203187250996016, 0.5577689243027888]
Score of training (classical) [0.7682317682317682, 0.939060939060939, 0.9180819180819181, 0.5274725274725275]
Attempt  296
Score of validation 0.852589641434263
Score of training 0.995004995004995
Score of validation (classical) [0.7928286852589641, 0.9322709163346613, 0.9123505976095617, 0.5976095617529881]
Score of training (classical) [0.7662337662337663, 0.929070929070929, 0.9080919080919081, 0.5404595404595405]
Attempt  297
Score of validation 0.8007968127490039
Score of training 0.989010989010989
Score of validation (classical) [0.7609561752988048, 0.896414342629482, 0.8884462151394422, 0.601593625498008]
Score of training (classical) [0.7972027972027972, 0.9330669330669331, 0.9210789210789211, 0.5584415584415584]
Attempt  298
Score of validation 0.8844621513944223
Score of training 0.995004995004995
Score of validation (classical) [0.8167330677290837, 0.9442231075697212, 0.9402390438247012, 0.5816733067729084]
Score of training (classical) [0.7822177822177823, 0.9280719280719281, 0.9070929070929071, 0.5374625374625375]
Attempt  299
Score of validation 0.8446215139442231
Score of training 0.995004995004995
Score of validation (classical) [0.7450199203187251, 0.900398406374502, 0.8844621513944223, 0.5936254980079682]
Score of training (classical) [0.7832167832167832, 0.9400599400599401, 0.9240759240759241, 0.5734265734265734]
