case_test 1
8 circular 1 0
Sample 0
Attempt  0
Take max_iter as  1385
Score of validation 0.8844621513944223
Score of training 0.9690309690309691
Sample 1
Attempt  1
Take max_iter as  1481
Score of validation 0.896414342629482
Score of training 0.971028971028971
Sample 2
Attempt  2
Take max_iter as  1402
Score of validation 0.8884462151394422
Score of training 0.9630369630369631
Sample 3
Attempt  3
Take max_iter as  1482
Score of validation 0.8725099601593626
Score of training 0.97002997002997
Sample 4
Attempt  4
Take max_iter as  1451
Score of validation 0.8685258964143426
Score of training 0.97002997002997
Sample 5
Attempt  5
Take max_iter as  1535
Score of validation 0.8884462151394422
Score of training 0.9690309690309691
Sample 6
Attempt  6
Take max_iter as  1407
Score of validation 0.8884462151394422
Score of training 0.97002997002997
Sample 7
Attempt  7
Take max_iter as  1578
Score of validation 0.8884462151394422
Score of training 0.972027972027972
Sample 8
Attempt  8
Take max_iter as  1392
Score of validation 0.9123505976095617
Score of training 0.962037962037962
Sample 9
Attempt  9
Take max_iter as  1391
Score of validation 0.9043824701195219
Score of training 0.97002997002997
Sample 10
Attempt  10
Take max_iter as  1467
Score of validation 0.8804780876494024
Score of training 0.97002997002997
Sample 11
Attempt  11
Take max_iter as  1532
Score of validation 0.8804780876494024
Score of training 0.975024975024975
Sample 12
Attempt  12
Take max_iter as  1644
Score of validation 0.8725099601593626
Score of training 0.973026973026973
Sample 13
Attempt  13
Take max_iter as  1509
Score of validation 0.8685258964143426
Score of training 0.974025974025974
Sample 14
Attempt  14
Take max_iter as  1474
Score of validation 0.8247011952191236
Score of training 0.97002997002997
Sample 15
Attempt  15
Take max_iter as  1409
Score of validation 0.8884462151394422
Score of training 0.968031968031968
Sample 16
Attempt  16
Take max_iter as  1436
Score of validation 0.8565737051792829
Score of training 0.97002997002997
Sample 17
Attempt  17
Take max_iter as  1451
Score of validation 0.8685258964143426
Score of training 0.974025974025974
Sample 18
Attempt  18
Take max_iter as  1485
Score of validation 0.8884462151394422
Score of training 0.978021978021978
Sample 19
Attempt  19
Take max_iter as  1456
Score of validation 0.9043824701195219
Score of training 0.967032967032967
Sample 20
Attempt  20
Take max_iter as  1495
Score of validation 0.8685258964143426
Score of training 0.975024975024975
Sample 21
Attempt  21
Take max_iter as  1479
Score of validation 0.8685258964143426
Score of training 0.974025974025974
Sample 22
Attempt  22
Take max_iter as  1456
Score of validation 0.8884462151394422
Score of training 0.9760239760239761
Sample 23
Attempt  23
Take max_iter as  1469
Score of validation 0.8804780876494024
Score of training 0.967032967032967
Sample 24
Attempt  24
Take max_iter as  1465
Score of validation 0.8924302788844621
Score of training 0.974025974025974
Sample 25
Attempt  25
Take max_iter as  1537
Score of validation 0.8685258964143426
Score of training 0.9660339660339661
Sample 26
Attempt  26
Take max_iter as  1437
Score of validation 0.8286852589641435
Score of training 0.971028971028971
Sample 27
Attempt  27
Take max_iter as  1391
Score of validation 0.896414342629482
Score of training 0.962037962037962
Sample 28
Attempt  28
Take max_iter as  1458
Score of validation 0.8844621513944223
Score of training 0.9600399600399601
Sample 29
Attempt  29
Take max_iter as  1556
Score of validation 0.8725099601593626
Score of training 0.9690309690309691
Sample 30
Attempt  30
Take max_iter as  1394
Score of validation 0.896414342629482
Score of training 0.973026973026973
Sample 31
Attempt  31
Take max_iter as  1457
Score of validation 0.8605577689243028
Score of training 0.97002997002997
Sample 32
Attempt  32
Take max_iter as  1566
Score of validation 0.8764940239043825
Score of training 0.965034965034965
Sample 33
Attempt  33
Take max_iter as  1416
Score of validation 0.900398406374502
Score of training 0.9660339660339661
Sample 34
Attempt  34
Take max_iter as  1467
Score of validation 0.8645418326693227
Score of training 0.97002997002997
Sample 35
Attempt  35
Take max_iter as  1647
Score of validation 0.900398406374502
Score of training 0.971028971028971
Sample 36
Attempt  36
Take max_iter as  1395
Score of validation 0.8884462151394422
Score of training 0.9690309690309691
Sample 37
Attempt  37
Take max_iter as  1344
Score of validation 0.8924302788844621
Score of training 0.974025974025974
Sample 38
Attempt  38
Take max_iter as  1579
Score of validation 0.8924302788844621
Score of training 0.972027972027972
Sample 39
Attempt  39
Take max_iter as  1411
Score of validation 0.9123505976095617
Score of training 0.967032967032967
Sample 40
Attempt  40
Take max_iter as  1572
Score of validation 0.9123505976095617
Score of training 0.974025974025974
Sample 41
Attempt  41
Take max_iter as  1393
Score of validation 0.8804780876494024
Score of training 0.967032967032967
Sample 42
Attempt  42
Take max_iter as  1528
Score of validation 0.9043824701195219
Score of training 0.97002997002997
Sample 43
Attempt  43
Take max_iter as  1578
Score of validation 0.8645418326693227
Score of training 0.971028971028971
Sample 44
Attempt  44
Take max_iter as  1460
Score of validation 0.8804780876494024
Score of training 0.971028971028971
Sample 45
Attempt  45
Take max_iter as  1597
Score of validation 0.9163346613545816
Score of training 0.9660339660339661
Sample 46
Attempt  46
Take max_iter as  1470
Score of validation 0.8645418326693227
Score of training 0.974025974025974
Sample 47
Attempt  47
Take max_iter as  1440
Score of validation 0.8884462151394422
Score of training 0.961038961038961
Sample 48
Attempt  48
Take max_iter as  1405
Score of validation 0.8605577689243028
Score of training 0.972027972027972
Sample 49
Attempt  49
Take max_iter as  1454
Score of validation 0.8645418326693227
Score of training 0.9660339660339661
Sample 50
Attempt  50
Take max_iter as  1518
Score of validation 0.9043824701195219
Score of training 0.978021978021978
Sample 51
Attempt  51
Take max_iter as  1487
Score of validation 0.8844621513944223
Score of training 0.973026973026973
Sample 52
Attempt  52
Take max_iter as  1459
Score of validation 0.9083665338645418
Score of training 0.967032967032967
Sample 53
Attempt  53
Take max_iter as  1584
Score of validation 0.8924302788844621
Score of training 0.968031968031968
Sample 54
Attempt  54
Take max_iter as  1462
Score of validation 0.9402390438247012
Score of training 0.965034965034965
Sample 55
Attempt  55
Take max_iter as  1463
Score of validation 0.9083665338645418
Score of training 0.965034965034965
Sample 56
Attempt  56
Take max_iter as  1509
Score of validation 0.9123505976095617
Score of training 0.9760239760239761
Sample 57
Attempt  57
Take max_iter as  1421
Score of validation 0.8924302788844621
Score of training 0.98001998001998
Sample 58
Attempt  58
Take max_iter as  1434
Score of validation 0.9043824701195219
Score of training 0.972027972027972
Sample 59
Attempt  59
Take max_iter as  1504
Score of validation 0.8844621513944223
Score of training 0.97002997002997
Sample 60
Attempt  60
Take max_iter as  1462
Score of validation 0.8884462151394422
Score of training 0.97002997002997
Sample 61
Attempt  61
Take max_iter as  1409
Score of validation 0.8605577689243028
Score of training 0.965034965034965
Sample 62
Attempt  62
Take max_iter as  1496
Score of validation 0.8844621513944223
Score of training 0.973026973026973
Sample 63
Attempt  63
Take max_iter as  1453
Score of validation 0.9203187250996016
Score of training 0.9630369630369631
Sample 64
Attempt  64
Take max_iter as  1421
Score of validation 0.9083665338645418
Score of training 0.9660339660339661
Sample 65
Attempt  65
Take max_iter as  1594
Score of validation 0.8924302788844621
Score of training 0.968031968031968
Sample 66
Attempt  66
Take max_iter as  1414
Score of validation 0.900398406374502
Score of training 0.9690309690309691
Sample 67
Attempt  67
Take max_iter as  1388
Score of validation 0.9123505976095617
Score of training 0.967032967032967
Sample 68
Attempt  68
Take max_iter as  1553
Score of validation 0.9043824701195219
Score of training 0.9690309690309691
Sample 69
Attempt  69
Take max_iter as  1449
Score of validation 0.8804780876494024
Score of training 0.97002997002997
Sample 70
Attempt  70
Take max_iter as  1487
Score of validation 0.9163346613545816
Score of training 0.97002997002997
Sample 71
Attempt  71
Take max_iter as  1489
Score of validation 0.8804780876494024
Score of training 0.973026973026973
Sample 72
Attempt  72
Take max_iter as  1519
Score of validation 0.8565737051792829
Score of training 0.971028971028971
Sample 73
Attempt  73
Take max_iter as  1576
Score of validation 0.8844621513944223
Score of training 0.97002997002997
Sample 74
Attempt  74
Take max_iter as  1457
Score of validation 0.900398406374502
Score of training 0.968031968031968
Sample 75
Attempt  75
Take max_iter as  1461
Score of validation 0.8764940239043825
Score of training 0.974025974025974
Sample 76
Attempt  76
Take max_iter as  1470
Score of validation 0.8844621513944223
Score of training 0.971028971028971
Sample 77
Attempt  77
Take max_iter as  1414
Score of validation 0.8725099601593626
Score of training 0.973026973026973
Sample 78
Attempt  78
Take max_iter as  1478
Score of validation 0.9203187250996016
Score of training 0.973026973026973
Sample 79
Attempt  79
Take max_iter as  1376
Score of validation 0.848605577689243
Score of training 0.974025974025974
Sample 80
Attempt  80
Take max_iter as  1536
Score of validation 0.8844621513944223
Score of training 0.968031968031968
Sample 81
Attempt  81
Take max_iter as  1448
Score of validation 0.8645418326693227
Score of training 0.975024975024975
Sample 82
Attempt  82
Take max_iter as  1431
Score of validation 0.9163346613545816
Score of training 0.967032967032967
Sample 83
Attempt  83
Take max_iter as  1510
Score of validation 0.8884462151394422
Score of training 0.971028971028971
Sample 84
Attempt  84
Take max_iter as  1521
Score of validation 0.8565737051792829
Score of training 0.972027972027972
Sample 85
Attempt  85
Take max_iter as  1536
Score of validation 0.8725099601593626
Score of training 0.971028971028971
Sample 86
Attempt  86
Take max_iter as  1523
Score of validation 0.8844621513944223
Score of training 0.973026973026973
Sample 87
Attempt  87
Take max_iter as  1495
Score of validation 0.8884462151394422
Score of training 0.973026973026973
Sample 88
Attempt  88
Take max_iter as  1532
Score of validation 0.852589641434263
Score of training 0.975024975024975
Sample 89
Attempt  89
Take max_iter as  1413
Score of validation 0.896414342629482
Score of training 0.9630369630369631
Sample 90
Attempt  90
Take max_iter as  1508
Score of validation 0.8924302788844621
Score of training 0.9600399600399601
Sample 91
Attempt  91
Take max_iter as  1586
Score of validation 0.896414342629482
Score of training 0.968031968031968
Sample 92
Attempt  92
Take max_iter as  1561
Score of validation 0.8844621513944223
Score of training 0.9690309690309691
Sample 93
Attempt  93
Take max_iter as  1438
Score of validation 0.900398406374502
Score of training 0.97002997002997
Sample 94
Attempt  94
Take max_iter as  1475
Score of validation 0.8685258964143426
Score of training 0.9690309690309691
Sample 95
Attempt  95
Take max_iter as  1497
Score of validation 0.8804780876494024
Score of training 0.971028971028971
Sample 96
Attempt  96
Take max_iter as  1500
Score of validation 0.900398406374502
Score of training 0.9690309690309691
Sample 97
Attempt  97
Take max_iter as  1526
Score of validation 0.8605577689243028
Score of training 0.964035964035964
Sample 98
Attempt  98
Take max_iter as  1530
Score of validation 0.8884462151394422
Score of training 0.968031968031968
Sample 99
Attempt  99
Take max_iter as  1532
Score of validation 0.8884462151394422
Score of training 0.972027972027972
Sample 100
Attempt  100
Take max_iter as  1498
Score of validation 0.8884462151394422
Score of training 0.972027972027972
Sample 101
Attempt  101
Take max_iter as  1508
Score of validation 0.900398406374502
Score of training 0.962037962037962
Sample 102
Attempt  102
Take max_iter as  1377
Score of validation 0.896414342629482
Score of training 0.974025974025974
Sample 103
Attempt  103
Take max_iter as  1641
Score of validation 0.9043824701195219
Score of training 0.97002997002997
Sample 104
Attempt  104
Take max_iter as  1532
Score of validation 0.8844621513944223
Score of training 0.9760239760239761
Sample 105
Attempt  105
Take max_iter as  1489
Score of validation 0.8645418326693227
Score of training 0.971028971028971
Sample 106
Attempt  106
Take max_iter as  1435
Score of validation 0.8884462151394422
Score of training 0.9660339660339661
Sample 107
Attempt  107
Take max_iter as  1492
Score of validation 0.9083665338645418
Score of training 0.97002997002997
Sample 108
Attempt  108
Take max_iter as  1503
Score of validation 0.8764940239043825
Score of training 0.974025974025974
Sample 109
Attempt  109
Take max_iter as  1522
Score of validation 0.8565737051792829
Score of training 0.97002997002997
Sample 110
Attempt  110
Take max_iter as  1446
Score of validation 0.9043824701195219
Score of training 0.962037962037962
Sample 111
Attempt  111
Take max_iter as  1511
Score of validation 0.8884462151394422
Score of training 0.973026973026973
Sample 112
Attempt  112
Take max_iter as  1492
Score of validation 0.8605577689243028
Score of training 0.971028971028971
Sample 113
Attempt  113
Take max_iter as  1446
Score of validation 0.9203187250996016
Score of training 0.967032967032967
Sample 114
Attempt  114
Take max_iter as  1520
Score of validation 0.8725099601593626
Score of training 0.967032967032967
Sample 115
Attempt  115
Take max_iter as  1435
Score of validation 0.9083665338645418
Score of training 0.968031968031968
Sample 116
Attempt  116
Take max_iter as  1460
Score of validation 0.8645418326693227
Score of training 0.9660339660339661
Sample 117
Attempt  117
Take max_iter as  1553
Score of validation 0.8446215139442231
Score of training 0.97002997002997
Sample 118
Attempt  118
Take max_iter as  1514
Score of validation 0.8645418326693227
Score of training 0.968031968031968
Sample 119
Attempt  119
Take max_iter as  1467
Score of validation 0.8685258964143426
Score of training 0.972027972027972
Sample 120
Attempt  120
Take max_iter as  1623
Score of validation 0.8844621513944223
Score of training 0.964035964035964
Sample 121
Attempt  121
Take max_iter as  1529
Score of validation 0.9123505976095617
Score of training 0.965034965034965
Sample 122
Attempt  122
Take max_iter as  1444
Score of validation 0.8764940239043825
Score of training 0.972027972027972
Sample 123
Attempt  123
Take max_iter as  1438
Score of validation 0.900398406374502
Score of training 0.965034965034965
Sample 124
Attempt  124
Take max_iter as  1509
Score of validation 0.8844621513944223
Score of training 0.977022977022977
Sample 125
Attempt  125
Take max_iter as  1451
Score of validation 0.8844621513944223
Score of training 0.9760239760239761
Sample 126
Attempt  126
Take max_iter as  1597
Score of validation 0.9043824701195219
Score of training 0.9660339660339661
Sample 127
Attempt  127
Take max_iter as  1498
Score of validation 0.9243027888446215
Score of training 0.967032967032967
Sample 128
Attempt  128
Take max_iter as  1491
Score of validation 0.8924302788844621
Score of training 0.964035964035964
Sample 129
Attempt  129
Take max_iter as  1479
Score of validation 0.8645418326693227
Score of training 0.973026973026973
Sample 130
Attempt  130
Take max_iter as  1568
Score of validation 0.8764940239043825
Score of training 0.9690309690309691
Sample 131
Attempt  131
Take max_iter as  1685
Score of validation 0.9083665338645418
Score of training 0.974025974025974
Sample 132
Attempt  132
Take max_iter as  1481
Score of validation 0.8884462151394422
Score of training 0.9690309690309691
Sample 133
Attempt  133
Take max_iter as  1494
Score of validation 0.9043824701195219
Score of training 0.972027972027972
Sample 134
Attempt  134
Take max_iter as  1453
Score of validation 0.9043824701195219
Score of training 0.973026973026973
Sample 135
Attempt  135
Take max_iter as  1518
Score of validation 0.8725099601593626
Score of training 0.97002997002997
Sample 136
Attempt  136
Take max_iter as  1455
Score of validation 0.8725099601593626
Score of training 0.974025974025974
Sample 137
Attempt  137
Take max_iter as  1465
Score of validation 0.8725099601593626
Score of training 0.97002997002997
Sample 138
Attempt  138
Take max_iter as  1496
Score of validation 0.8685258964143426
Score of training 0.971028971028971
Sample 139
Attempt  139
Take max_iter as  1454
Score of validation 0.8844621513944223
Score of training 0.973026973026973
Sample 140
Attempt  140
Take max_iter as  1561
Score of validation 0.900398406374502
Score of training 0.972027972027972
Sample 141
Attempt  141
Take max_iter as  1413
Score of validation 0.8685258964143426
Score of training 0.97002997002997
Sample 142
Attempt  142
Take max_iter as  1465
Score of validation 0.9123505976095617
Score of training 0.972027972027972
Sample 143
Attempt  143
Take max_iter as  1495
Score of validation 0.8565737051792829
Score of training 0.97002997002997
Sample 144
Attempt  144
Take max_iter as  1439
Score of validation 0.8924302788844621
Score of training 0.967032967032967
Sample 145
Attempt  145
Take max_iter as  1459
Score of validation 0.8764940239043825
Score of training 0.975024975024975
Sample 146
Attempt  146
Take max_iter as  1523
Score of validation 0.8725099601593626
Score of training 0.975024975024975
Sample 147
Attempt  147
Take max_iter as  1549
Score of validation 0.9083665338645418
Score of training 0.965034965034965
Sample 148
Attempt  148
Take max_iter as  1523
Score of validation 0.9123505976095617
Score of training 0.971028971028971
Sample 149
Attempt  149
Take max_iter as  1389
Score of validation 0.8884462151394422
Score of training 0.9690309690309691
Sample 150
Attempt  150
Take max_iter as  1524
Score of validation 0.8725099601593626
Score of training 0.964035964035964
Sample 151
Attempt  151
Take max_iter as  1517
Score of validation 0.8884462151394422
Score of training 0.9660339660339661
Sample 152
Attempt  152
Take max_iter as  1531
Score of validation 0.8804780876494024
Score of training 0.9690309690309691
Sample 153
Attempt  153
Take max_iter as  1530
Score of validation 0.8844621513944223
Score of training 0.9690309690309691
Sample 154
Attempt  154
Take max_iter as  1611
Score of validation 0.8844621513944223
Score of training 0.9790209790209791
Sample 155
Attempt  155
Take max_iter as  1526
Score of validation 0.8924302788844621
Score of training 0.97002997002997
Sample 156
Attempt  156
Take max_iter as  1411
Score of validation 0.8924302788844621
Score of training 0.97002997002997
Sample 157
Attempt  157
Take max_iter as  1460
Score of validation 0.900398406374502
Score of training 0.97002997002997
Sample 158
Attempt  158
Take max_iter as  1489
Score of validation 0.9163346613545816
Score of training 0.9690309690309691
Sample 159
Attempt  159
Take max_iter as  1441
Score of validation 0.9123505976095617
Score of training 0.9630369630369631
Sample 160
Attempt  160
Take max_iter as  1499
Score of validation 0.8764940239043825
Score of training 0.974025974025974
Sample 161
Attempt  161
Take max_iter as  1400
Score of validation 0.8685258964143426
Score of training 0.973026973026973
Sample 162
Attempt  162
Take max_iter as  1521
Score of validation 0.8685258964143426
Score of training 0.97002997002997
Sample 163
Attempt  163
Take max_iter as  1525
Score of validation 0.8844621513944223
Score of training 0.971028971028971
Sample 164
Attempt  164
Take max_iter as  1508
Score of validation 0.8884462151394422
Score of training 0.971028971028971
Sample 165
Attempt  165
Take max_iter as  1444
Score of validation 0.8565737051792829
Score of training 0.9690309690309691
Sample 166
Attempt  166
Take max_iter as  1582
Score of validation 0.8764940239043825
Score of training 0.97002997002997
Sample 167
Attempt  167
Take max_iter as  1431
Score of validation 0.8884462151394422
Score of training 0.971028971028971
Sample 168
Attempt  168
Take max_iter as  1388
Score of validation 0.852589641434263
Score of training 0.97002997002997
Sample 169
Attempt  169
Take max_iter as  1421
Score of validation 0.8685258964143426
Score of training 0.973026973026973
Sample 170
Attempt  170
Take max_iter as  1480
Score of validation 0.900398406374502
Score of training 0.9690309690309691
Sample 171
Attempt  171
Take max_iter as  1535
Score of validation 0.8884462151394422
Score of training 0.9690309690309691
Sample 172
Attempt  172
Take max_iter as  1493
Score of validation 0.900398406374502
Score of training 0.965034965034965
Sample 173
Attempt  173
Take max_iter as  1403
Score of validation 0.8725099601593626
Score of training 0.965034965034965
Sample 174
Attempt  174
Take max_iter as  1530
Score of validation 0.8685258964143426
Score of training 0.973026973026973
Sample 175
Attempt  175
Take max_iter as  1496
Score of validation 0.8565737051792829
Score of training 0.97002997002997
Sample 176
Attempt  176
Take max_iter as  1513
Score of validation 0.896414342629482
Score of training 0.967032967032967
Sample 177
Attempt  177
Take max_iter as  1557
Score of validation 0.8804780876494024
Score of training 0.967032967032967
Sample 178
Attempt  178
Take max_iter as  1550
Score of validation 0.8565737051792829
Score of training 0.967032967032967
Sample 179
Attempt  179
Take max_iter as  1541
Score of validation 0.8725099601593626
Score of training 0.9760239760239761
Sample 180
Attempt  180
Take max_iter as  1494
Score of validation 0.8804780876494024
Score of training 0.972027972027972
Sample 181
Attempt  181
Take max_iter as  1545
Score of validation 0.8764940239043825
Score of training 0.972027972027972
Sample 182
Attempt  182
Take max_iter as  1371
Score of validation 0.8645418326693227
Score of training 0.97002997002997
Sample 183
Attempt  183
Take max_iter as  1451
Score of validation 0.896414342629482
Score of training 0.968031968031968
Sample 184
Attempt  184
Take max_iter as  1521
Score of validation 0.8924302788844621
Score of training 0.968031968031968
Sample 185
Attempt  185
Take max_iter as  1510
Score of validation 0.8804780876494024
Score of training 0.972027972027972
Sample 186
Attempt  186
Take max_iter as  1466
Score of validation 0.896414342629482
Score of training 0.97002997002997
Sample 187
Attempt  187
Take max_iter as  1548
Score of validation 0.900398406374502
Score of training 0.9690309690309691
Sample 188
Attempt  188
Take max_iter as  1515
Score of validation 0.8764940239043825
Score of training 0.97002997002997
Sample 189
Attempt  189
Take max_iter as  1452
Score of validation 0.8804780876494024
Score of training 0.9660339660339661
Sample 190
Attempt  190
Take max_iter as  1541
Score of validation 0.9043824701195219
Score of training 0.968031968031968
Sample 191
Attempt  191
Take max_iter as  1510
Score of validation 0.8645418326693227
Score of training 0.973026973026973
Sample 192
Attempt  192
Take max_iter as  1411
Score of validation 0.8685258964143426
Score of training 0.974025974025974
Sample 193
Attempt  193
Take max_iter as  1559
Score of validation 0.8924302788844621
Score of training 0.974025974025974
Sample 194
Attempt  194
Take max_iter as  1535
Score of validation 0.848605577689243
Score of training 0.977022977022977
Sample 195
Attempt  195
Take max_iter as  1478
Score of validation 0.8247011952191236
Score of training 0.97002997002997
Sample 196
Attempt  196
Take max_iter as  1503
Score of validation 0.8685258964143426
Score of training 0.97002997002997
Sample 197
Attempt  197
Take max_iter as  1469
Score of validation 0.896414342629482
Score of training 0.962037962037962
Sample 198
Attempt  198
Take max_iter as  1445
Score of validation 0.8844621513944223
Score of training 0.967032967032967
Sample 199
Attempt  199
Take max_iter as  1541
Score of validation 0.9203187250996016
Score of training 0.9690309690309691
Sample 200
Attempt  200
Take max_iter as  1426
Score of validation 0.852589641434263
Score of training 0.961038961038961
Sample 201
Attempt  201
Take max_iter as  1400
Score of validation 0.8804780876494024
Score of training 0.97002997002997
Sample 202
Attempt  202
Take max_iter as  1415
Score of validation 0.8924302788844621
Score of training 0.967032967032967
Sample 203
Attempt  203
Take max_iter as  1565
Score of validation 0.8844621513944223
Score of training 0.971028971028971
Sample 204
Attempt  204
Take max_iter as  1557
Score of validation 0.9043824701195219
Score of training 0.962037962037962
Sample 205
Attempt  205
Take max_iter as  1547
Score of validation 0.8605577689243028
Score of training 0.9690309690309691
Sample 206
Attempt  206
Take max_iter as  1430
Score of validation 0.9123505976095617
Score of training 0.973026973026973
Sample 207
Attempt  207
Take max_iter as  1497
Score of validation 0.9083665338645418
Score of training 0.964035964035964
Sample 208
Attempt  208
Take max_iter as  1392
Score of validation 0.9123505976095617
Score of training 0.97002997002997
Sample 209
Attempt  209
Take max_iter as  1580
Score of validation 0.8924302788844621
Score of training 0.972027972027972
Sample 210
Attempt  210
Take max_iter as  1504
Score of validation 0.8764940239043825
Score of training 0.972027972027972
Sample 211
Attempt  211
Take max_iter as  1516
Score of validation 0.8804780876494024
Score of training 0.973026973026973
Sample 212
Attempt  212
Take max_iter as  1504
Score of validation 0.9243027888446215
Score of training 0.9760239760239761
Sample 213
Attempt  213
Take max_iter as  1517
Score of validation 0.9083665338645418
Score of training 0.967032967032967
Sample 214
Attempt  214
Take max_iter as  1610
Score of validation 0.8844621513944223
Score of training 0.9660339660339661
Sample 215
Attempt  215
Take max_iter as  1443
Score of validation 0.8924302788844621
Score of training 0.97002997002997
Sample 216
Attempt  216
Take max_iter as  1455
Score of validation 0.9123505976095617
Score of training 0.972027972027972
Sample 217
Attempt  217
Take max_iter as  1564
Score of validation 0.8725099601593626
Score of training 0.97002997002997
Sample 218
Attempt  218
Take max_iter as  1486
Score of validation 0.8725099601593626
Score of training 0.9690309690309691
Sample 219
Attempt  219
Take max_iter as  1477
Score of validation 0.8685258964143426
Score of training 0.971028971028971
Sample 220
Attempt  220
Take max_iter as  1497
Score of validation 0.9163346613545816
Score of training 0.972027972027972
Sample 221
Attempt  221
Take max_iter as  1472
Score of validation 0.9163346613545816
Score of training 0.968031968031968
Sample 222
Attempt  222
Take max_iter as  1434
Score of validation 0.8725099601593626
Score of training 0.967032967032967
Sample 223
Attempt  223
Take max_iter as  1438
Score of validation 0.900398406374502
Score of training 0.971028971028971
Sample 224
Attempt  224
Take max_iter as  1544
Score of validation 0.8725099601593626
Score of training 0.973026973026973
Sample 225
Attempt  225
Take max_iter as  1466
Score of validation 0.9043824701195219
Score of training 0.9660339660339661
Sample 226
Attempt  226
Take max_iter as  1414
Score of validation 0.8844621513944223
Score of training 0.971028971028971
Sample 227
Attempt  227
Take max_iter as  1437
Score of validation 0.896414342629482
Score of training 0.9660339660339661
Sample 228
Attempt  228
Take max_iter as  1527
Score of validation 0.8764940239043825
Score of training 0.973026973026973
Sample 229
Attempt  229
Take max_iter as  1638
Score of validation 0.8804780876494024
Score of training 0.978021978021978
Sample 230
Attempt  230
Take max_iter as  1465
Score of validation 0.8844621513944223
Score of training 0.97002997002997
Sample 231
Attempt  231
Take max_iter as  1490
Score of validation 0.8844621513944223
Score of training 0.968031968031968
Sample 232
Attempt  232
Take max_iter as  1466
Score of validation 0.8764940239043825
Score of training 0.972027972027972
Sample 233
Attempt  233
Take max_iter as  1490
Score of validation 0.8764940239043825
Score of training 0.9630369630369631
Sample 234
Attempt  234
Take max_iter as  1492
Score of validation 0.8366533864541833
Score of training 0.967032967032967
Sample 235
Attempt  235
Take max_iter as  1453
Score of validation 0.8605577689243028
Score of training 0.972027972027972
Sample 236
Attempt  236
Take max_iter as  1472
Score of validation 0.8884462151394422
Score of training 0.9660339660339661
Sample 237
Attempt  237
Take max_iter as  1442
Score of validation 0.8884462151394422
Score of training 0.9690309690309691
Sample 238
Attempt  238
Take max_iter as  1473
Score of validation 0.8605577689243028
Score of training 0.9690309690309691
Sample 239
Attempt  239
Take max_iter as  1427
Score of validation 0.9083665338645418
Score of training 0.973026973026973
Sample 240
Attempt  240
Take max_iter as  1485
Score of validation 0.8645418326693227
Score of training 0.97002997002997
Sample 241
Attempt  241
Take max_iter as  1384
Score of validation 0.8725099601593626
Score of training 0.974025974025974
Sample 242
Attempt  242
Take max_iter as  1557
Score of validation 0.8645418326693227
Score of training 0.973026973026973
Sample 243
Attempt  243
Take max_iter as  1461
Score of validation 0.8804780876494024
Score of training 0.9630369630369631
Sample 244
Attempt  244
Take max_iter as  1495
Score of validation 0.896414342629482
Score of training 0.9660339660339661
Sample 245
Attempt  245
Take max_iter as  1490
Score of validation 0.896414342629482
Score of training 0.977022977022977
Sample 246
Attempt  246
Take max_iter as  1542
Score of validation 0.9043824701195219
Score of training 0.968031968031968
Sample 247
Attempt  247
Take max_iter as  1560
Score of validation 0.8725099601593626
Score of training 0.964035964035964
Sample 248
Attempt  248
Take max_iter as  1471
Score of validation 0.9083665338645418
Score of training 0.973026973026973
Sample 249
Attempt  249
Take max_iter as  1572
Score of validation 0.8764940239043825
Score of training 0.973026973026973
Sample 250
Attempt  250
Take max_iter as  1503
Score of validation 0.8764940239043825
Score of training 0.972027972027972
Sample 251
Attempt  251
Take max_iter as  1512
Score of validation 0.9123505976095617
Score of training 0.971028971028971
Sample 252
Attempt  252
Take max_iter as  1485
Score of validation 0.8645418326693227
Score of training 0.973026973026973
Sample 253
Attempt  253
Take max_iter as  1480
Score of validation 0.9083665338645418
Score of training 0.974025974025974
Sample 254
Attempt  254
Take max_iter as  1504
Score of validation 0.896414342629482
Score of training 0.964035964035964
Sample 255
Attempt  255
Take max_iter as  1396
Score of validation 0.8685258964143426
Score of training 0.967032967032967
Sample 256
Attempt  256
Take max_iter as  1415
Score of validation 0.900398406374502
Score of training 0.968031968031968
Sample 257
Attempt  257
Take max_iter as  1535
Score of validation 0.8884462151394422
Score of training 0.9630369630369631
Sample 258
Attempt  258
Take max_iter as  1449
Score of validation 0.8924302788844621
Score of training 0.9690309690309691
Sample 259
Attempt  259
Take max_iter as  1414
Score of validation 0.8884462151394422
Score of training 0.97002997002997
Sample 260
Attempt  260
Take max_iter as  1554
Score of validation 0.9243027888446215
Score of training 0.9660339660339661
Sample 261
Attempt  261
Take max_iter as  1431
Score of validation 0.9362549800796812
Score of training 0.968031968031968
Sample 262
Attempt  262
Take max_iter as  1484
Score of validation 0.8645418326693227
Score of training 0.968031968031968
Sample 263
Attempt  263
Take max_iter as  1508
Score of validation 0.8924302788844621
Score of training 0.971028971028971
Sample 264
Attempt  264
Take max_iter as  1377
Score of validation 0.8685258964143426
Score of training 0.971028971028971
Sample 265
Attempt  265
Take max_iter as  1576
Score of validation 0.852589641434263
Score of training 0.973026973026973
Sample 266
Attempt  266
Take max_iter as  1488
Score of validation 0.9163346613545816
Score of training 0.974025974025974
Sample 267
Attempt  267
Take max_iter as  1552
Score of validation 0.852589641434263
Score of training 0.9760239760239761
Sample 268
Attempt  268
Take max_iter as  1500
Score of validation 0.8725099601593626
Score of training 0.973026973026973
Sample 269
Attempt  269
Take max_iter as  1513
Score of validation 0.8844621513944223
Score of training 0.97002997002997
Sample 270
Attempt  270
Take max_iter as  1473
Score of validation 0.8605577689243028
Score of training 0.973026973026973
Sample 271
Attempt  271
Take max_iter as  1528
Score of validation 0.900398406374502
Score of training 0.968031968031968
Sample 272
Attempt  272
Take max_iter as  1518
Score of validation 0.8804780876494024
Score of training 0.971028971028971
Sample 273
Attempt  273
Take max_iter as  1583
Score of validation 0.8605577689243028
Score of training 0.97002997002997
Sample 274
Attempt  274
Take max_iter as  1485
Score of validation 0.8605577689243028
Score of training 0.967032967032967
Sample 275
Attempt  275
Take max_iter as  1574
Score of validation 0.8884462151394422
Score of training 0.968031968031968
Sample 276
Attempt  276
Take max_iter as  1405
Score of validation 0.896414342629482
Score of training 0.9660339660339661
Sample 277
Attempt  277
Take max_iter as  1415
Score of validation 0.896414342629482
Score of training 0.975024975024975
Sample 278
Attempt  278
Take max_iter as  1479
Score of validation 0.9043824701195219
Score of training 0.972027972027972
Sample 279
Attempt  279
Take max_iter as  1485
Score of validation 0.896414342629482
Score of training 0.9690309690309691
Sample 280
Attempt  280
Take max_iter as  1529
Score of validation 0.8804780876494024
Score of training 0.973026973026973
Sample 281
Attempt  281
Take max_iter as  1560
Score of validation 0.896414342629482
Score of training 0.9690309690309691
Sample 282
Attempt  282
Take max_iter as  1575
Score of validation 0.8884462151394422
Score of training 0.972027972027972
Sample 283
Attempt  283
Take max_iter as  1558
Score of validation 0.8804780876494024
Score of training 0.968031968031968
Sample 284
Attempt  284
Take max_iter as  1599
Score of validation 0.8685258964143426
Score of training 0.971028971028971
Sample 285
Attempt  285
Take max_iter as  1413
Score of validation 0.8924302788844621
Score of training 0.9690309690309691
Sample 286
Attempt  286
Take max_iter as  1460
Score of validation 0.9123505976095617
Score of training 0.9660339660339661
Sample 287
Attempt  287
Take max_iter as  1617
Score of validation 0.8605577689243028
Score of training 0.968031968031968
Sample 288
Attempt  288
Take max_iter as  1485
Score of validation 0.896414342629482
Score of training 0.974025974025974
Sample 289
Attempt  289
Take max_iter as  1461
Score of validation 0.8804780876494024
Score of training 0.961038961038961
Sample 290
Attempt  290
Take max_iter as  1461
Score of validation 0.9083665338645418
Score of training 0.962037962037962
Sample 291
Attempt  291
Take max_iter as  1484
Score of validation 0.8645418326693227
Score of training 0.971028971028971
Sample 292
Attempt  292
Take max_iter as  1417
Score of validation 0.8884462151394422
Score of training 0.964035964035964
Sample 293
Attempt  293
Take max_iter as  1516
Score of validation 0.8884462151394422
Score of training 0.967032967032967
Sample 294
Attempt  294
Take max_iter as  1508
Score of validation 0.8924302788844621
Score of training 0.974025974025974
Sample 295
Attempt  295
Take max_iter as  1466
Score of validation 0.9083665338645418
Score of training 0.971028971028971
Sample 296
Attempt  296
Take max_iter as  1406
Score of validation 0.8764940239043825
Score of training 0.972027972027972
Sample 297
Attempt  297
Take max_iter as  1413
Score of validation 0.8645418326693227
Score of training 0.964035964035964
Sample 298
Attempt  298
Take max_iter as  1450
Score of validation 0.9123505976095617
Score of training 0.97002997002997
Sample 299
Attempt  299
Take max_iter as  1566
Score of validation 0.8725099601593626
Score of training 0.977022977022977
