case_test 3
6 linear 2 0
Sample 0
Attempt  0
Take max_iter as  1410
Score of validation 0.848605577689243
Score of training 0.9230769230769231
Sample 1
Attempt  1
Take max_iter as  1540
Score of validation 0.8047808764940239
Score of training 0.9330669330669331
Sample 2
Attempt  2
Take max_iter as  1393
Score of validation 0.8047808764940239
Score of training 0.9280719280719281
Sample 3
Attempt  3
Take max_iter as  1454
Score of validation 0.7928286852589641
Score of training 0.9370629370629371
Sample 4
Attempt  4
Take max_iter as  1428
Score of validation 0.8127490039840638
Score of training 0.935064935064935
Sample 5
Attempt  5
Take max_iter as  1380
Score of validation 0.8207171314741036
Score of training 0.929070929070929
Sample 6
Attempt  6
Take max_iter as  1439
Score of validation 0.8406374501992032
Score of training 0.926073926073926
Sample 7
Attempt  7
Take max_iter as  1347
Score of validation 0.8087649402390438
Score of training 0.9300699300699301
Sample 8
Attempt  8
Take max_iter as  1225
Score of validation 0.8127490039840638
Score of training 0.9210789210789211
Sample 9
Attempt  9
Take max_iter as  1279
Score of validation 0.8207171314741036
Score of training 0.929070929070929
Sample 10
Attempt  10
Take max_iter as  1182
Score of validation 0.8247011952191236
Score of training 0.9270729270729271
Sample 11
Attempt  11
Take max_iter as  1486
Score of validation 0.8087649402390438
Score of training 0.926073926073926
Sample 12
Attempt  12
Take max_iter as  1500
Score of validation 0.7768924302788844
Score of training 0.929070929070929
Sample 13
Attempt  13
Take max_iter as  1505
Score of validation 0.8366533864541833
Score of training 0.9440559440559441
Sample 14
Attempt  14
Take max_iter as  1273
Score of validation 0.8087649402390438
Score of training 0.9410589410589411
Sample 15
Attempt  15
Take max_iter as  1417
Score of validation 0.8326693227091634
Score of training 0.9310689310689311
Sample 16
Attempt  16
Take max_iter as  1504
Score of validation 0.7808764940239044
Score of training 0.935064935064935
Sample 17
Attempt  17
Take max_iter as  1459
Score of validation 0.7808764940239044
Score of training 0.9240759240759241
Sample 18
Attempt  18
Take max_iter as  1346
Score of validation 0.8326693227091634
Score of training 0.938061938061938
Sample 19
Attempt  19
Take max_iter as  1579
Score of validation 0.8406374501992032
Score of training 0.9270729270729271
Sample 20
Attempt  20
Take max_iter as  1411
Score of validation 0.8167330677290837
Score of training 0.9400599400599401
Sample 21
Attempt  21
Take max_iter as  1426
Score of validation 0.8286852589641435
Score of training 0.9340659340659341
Sample 22
Attempt  22
Take max_iter as  1381
Score of validation 0.8406374501992032
Score of training 0.9270729270729271
Sample 23
Attempt  23
Take max_iter as  1326
Score of validation 0.7768924302788844
Score of training 0.938061938061938
Sample 24
Attempt  24
Take max_iter as  1356
Score of validation 0.8207171314741036
Score of training 0.929070929070929
Sample 25
Attempt  25
Take max_iter as  1362
Score of validation 0.8366533864541833
Score of training 0.9370629370629371
Sample 26
Attempt  26
Take max_iter as  1344
Score of validation 0.8087649402390438
Score of training 0.942057942057942
Sample 27
Attempt  27
Take max_iter as  1329
Score of validation 0.8047808764940239
Score of training 0.951048951048951
Sample 28
Attempt  28
Take max_iter as  1387
Score of validation 0.8406374501992032
Score of training 0.926073926073926
Sample 29
Attempt  29
Take max_iter as  1327
Score of validation 0.8565737051792829
Score of training 0.9410589410589411
Sample 30
Attempt  30
Take max_iter as  1402
Score of validation 0.8645418326693227
Score of training 0.9310689310689311
Sample 31
Attempt  31
Take max_iter as  1293
Score of validation 0.8207171314741036
Score of training 0.935064935064935
Sample 32
Attempt  32
Take max_iter as  1328
Score of validation 0.8725099601593626
Score of training 0.9250749250749251
Sample 33
Attempt  33
Take max_iter as  1281
Score of validation 0.848605577689243
Score of training 0.929070929070929
Sample 34
Attempt  34
Take max_iter as  1524
Score of validation 0.8366533864541833
Score of training 0.9300699300699301
Sample 35
Attempt  35
Take max_iter as  1449
Score of validation 0.8605577689243028
Score of training 0.9330669330669331
Sample 36
Attempt  36
Take max_iter as  1207
Score of validation 0.8326693227091634
Score of training 0.929070929070929
Sample 37
Attempt  37
Take max_iter as  1465
Score of validation 0.8326693227091634
Score of training 0.926073926073926
Sample 38
Attempt  38
Take max_iter as  1390
Score of validation 0.8207171314741036
Score of training 0.9280719280719281
Sample 39
Attempt  39
Take max_iter as  1367
Score of validation 0.848605577689243
Score of training 0.9300699300699301
Sample 40
Attempt  40
Take max_iter as  1337
Score of validation 0.8247011952191236
Score of training 0.9330669330669331
Sample 41
Attempt  41
Take max_iter as  1302
Score of validation 0.8725099601593626
Score of training 0.9330669330669331
Sample 42
Attempt  42
Take max_iter as  1391
Score of validation 0.8645418326693227
Score of training 0.9340659340659341
Sample 43
Attempt  43
Take max_iter as  1405
Score of validation 0.8007968127490039
Score of training 0.9300699300699301
Sample 44
Attempt  44
Take max_iter as  1313
Score of validation 0.8207171314741036
Score of training 0.929070929070929
Sample 45
Attempt  45
Take max_iter as  1309
Score of validation 0.8286852589641435
Score of training 0.929070929070929
Sample 46
Attempt  46
Take max_iter as  1342
Score of validation 0.8366533864541833
Score of training 0.9340659340659341
Sample 47
Attempt  47
Take max_iter as  1316
Score of validation 0.8286852589641435
Score of training 0.9200799200799201
Sample 48
Attempt  48
Take max_iter as  1384
Score of validation 0.8565737051792829
Score of training 0.9330669330669331
Sample 49
Attempt  49
Take max_iter as  1305
Score of validation 0.8406374501992032
Score of training 0.9240759240759241
Sample 50
Attempt  50
Take max_iter as  1415
Score of validation 0.8446215139442231
Score of training 0.9330669330669331
Sample 51
Attempt  51
Take max_iter as  1364
Score of validation 0.8167330677290837
Score of training 0.936063936063936
Sample 52
Attempt  52
Take max_iter as  1450
Score of validation 0.848605577689243
Score of training 0.9270729270729271
Sample 53
Attempt  53
Take max_iter as  1205
Score of validation 0.8007968127490039
Score of training 0.9310689310689311
Sample 54
Attempt  54
Take max_iter as  1413
Score of validation 0.8605577689243028
Score of training 0.916083916083916
Sample 55
Attempt  55
Take max_iter as  1518
Score of validation 0.8764940239043825
Score of training 0.9270729270729271
Sample 56
Attempt  56
Take max_iter as  1501
Score of validation 0.848605577689243
Score of training 0.9330669330669331
Sample 57
Attempt  57
Take max_iter as  1404
Score of validation 0.8446215139442231
Score of training 0.936063936063936
Sample 58
Attempt  58
Take max_iter as  1446
Score of validation 0.8326693227091634
Score of training 0.9250749250749251
Sample 59
Attempt  59
Take max_iter as  1453
Score of validation 0.8247011952191236
Score of training 0.9370629370629371
Sample 60
Attempt  60
Take max_iter as  1314
Score of validation 0.8366533864541833
Score of training 0.939060939060939
Sample 61
Attempt  61
Take max_iter as  1298
Score of validation 0.8087649402390438
Score of training 0.922077922077922
Sample 62
Attempt  62
Take max_iter as  1385
Score of validation 0.8167330677290837
Score of training 0.9310689310689311
Sample 63
Attempt  63
Take max_iter as  1322
Score of validation 0.8446215139442231
Score of training 0.926073926073926
Sample 64
Attempt  64
Take max_iter as  1424
Score of validation 0.8247011952191236
Score of training 0.9280719280719281
Sample 65
Attempt  65
Take max_iter as  1290
Score of validation 0.8247011952191236
Score of training 0.9280719280719281
Sample 66
Attempt  66
Take max_iter as  1436
Score of validation 0.8446215139442231
Score of training 0.929070929070929
Sample 67
Attempt  67
Take max_iter as  1474
Score of validation 0.8446215139442231
Score of training 0.9180819180819181
Sample 68
Attempt  68
Take max_iter as  1426
Score of validation 0.8764940239043825
Score of training 0.9240759240759241
Sample 69
Attempt  69
Take max_iter as  1379
Score of validation 0.8167330677290837
Score of training 0.929070929070929
Sample 70
Attempt  70
Take max_iter as  1375
Score of validation 0.8565737051792829
Score of training 0.9330669330669331
Sample 71
Attempt  71
Take max_iter as  1426
Score of validation 0.8326693227091634
Score of training 0.9370629370629371
Sample 72
Attempt  72
Take max_iter as  1291
Score of validation 0.8247011952191236
Score of training 0.9340659340659341
Sample 73
Attempt  73
Take max_iter as  1502
Score of validation 0.852589641434263
Score of training 0.9300699300699301
Sample 74
Attempt  74
Take max_iter as  1484
Score of validation 0.8286852589641435
Score of training 0.9280719280719281
Sample 75
Attempt  75
Take max_iter as  1441
Score of validation 0.8047808764940239
Score of training 0.9310689310689311
Sample 76
Attempt  76
Take max_iter as  1348
Score of validation 0.8366533864541833
Score of training 0.9400599400599401
Sample 77
Attempt  77
Take max_iter as  1455
Score of validation 0.848605577689243
Score of training 0.922077922077922
Sample 78
Attempt  78
Take max_iter as  1346
Score of validation 0.852589641434263
Score of training 0.9300699300699301
Sample 79
Attempt  79
Take max_iter as  1375
Score of validation 0.8087649402390438
Score of training 0.9370629370629371
Sample 80
Attempt  80
Take max_iter as  1363
Score of validation 0.8247011952191236
Score of training 0.9340659340659341
Sample 81
Attempt  81
Take max_iter as  1293
Score of validation 0.8167330677290837
Score of training 0.936063936063936
Sample 82
Attempt  82
Take max_iter as  1326
Score of validation 0.8844621513944223
Score of training 0.9270729270729271
Sample 83
Attempt  83
Take max_iter as  1226
Score of validation 0.8565737051792829
Score of training 0.9330669330669331
Sample 84
Attempt  84
Take max_iter as  1625
Score of validation 0.7808764940239044
Score of training 0.935064935064935
Sample 85
Attempt  85
Take max_iter as  1268
Score of validation 0.8286852589641435
Score of training 0.9280719280719281
Sample 86
Attempt  86
Take max_iter as  1463
Score of validation 0.7928286852589641
Score of training 0.932067932067932
Sample 87
Attempt  87
Take max_iter as  1448
Score of validation 0.7808764940239044
Score of training 0.932067932067932
Sample 88
Attempt  88
Take max_iter as  1427
Score of validation 0.8047808764940239
Score of training 0.936063936063936
Sample 89
Attempt  89
Take max_iter as  1286
Score of validation 0.8127490039840638
Score of training 0.9370629370629371
Sample 90
Attempt  90
Take max_iter as  1239
Score of validation 0.8366533864541833
Score of training 0.9300699300699301
Sample 91
Attempt  91
Take max_iter as  1553
Score of validation 0.8087649402390438
Score of training 0.9270729270729271
Sample 92
Attempt  92
Take max_iter as  1265
Score of validation 0.8127490039840638
Score of training 0.935064935064935
Sample 93
Attempt  93
Take max_iter as  1386
Score of validation 0.8326693227091634
Score of training 0.9340659340659341
Sample 94
Attempt  94
Take max_iter as  1395
Score of validation 0.8207171314741036
Score of training 0.935064935064935
Sample 95
Attempt  95
Take max_iter as  1482
Score of validation 0.8286852589641435
Score of training 0.9330669330669331
Sample 96
Attempt  96
Take max_iter as  1386
Score of validation 0.8645418326693227
Score of training 0.9340659340659341
Sample 97
Attempt  97
Take max_iter as  1405
Score of validation 0.8247011952191236
Score of training 0.9310689310689311
Sample 98
Attempt  98
Take max_iter as  1423
Score of validation 0.8446215139442231
Score of training 0.9270729270729271
Sample 99
Attempt  99
Take max_iter as  1386
Score of validation 0.8326693227091634
Score of training 0.938061938061938
Sample 100
Attempt  100
Take max_iter as  1517
Score of validation 0.848605577689243
Score of training 0.9280719280719281
Sample 101
Attempt  101
Take max_iter as  1252
Score of validation 0.8087649402390438
Score of training 0.9280719280719281
Sample 102
Attempt  102
Take max_iter as  1464
Score of validation 0.852589641434263
Score of training 0.952047952047952
Sample 103
Attempt  103
Take max_iter as  1356
Score of validation 0.8605577689243028
Score of training 0.9300699300699301
Sample 104
Attempt  104
Take max_iter as  1297
Score of validation 0.8326693227091634
Score of training 0.9330669330669331
Sample 105
Attempt  105
Take max_iter as  1493
Score of validation 0.8286852589641435
Score of training 0.9280719280719281
Sample 106
Attempt  106
Take max_iter as  1292
Score of validation 0.8247011952191236
Score of training 0.938061938061938
Sample 107
Attempt  107
Take max_iter as  1632
Score of validation 0.8207171314741036
Score of training 0.9310689310689311
Sample 108
Attempt  108
Take max_iter as  1345
Score of validation 0.8087649402390438
Score of training 0.939060939060939
Sample 109
Attempt  109
Take max_iter as  1479
Score of validation 0.8127490039840638
Score of training 0.938061938061938
Sample 110
Attempt  110
Take max_iter as  1582
Score of validation 0.8446215139442231
Score of training 0.9440559440559441
Sample 111
Attempt  111
Take max_iter as  1229
Score of validation 0.8247011952191236
Score of training 0.9280719280719281
Sample 112
Attempt  112
Take max_iter as  1513
Score of validation 0.8047808764940239
Score of training 0.9340659340659341
Sample 113
Attempt  113
Take max_iter as  1433
Score of validation 0.8446215139442231
Score of training 0.9300699300699301
Sample 114
Attempt  114
Take max_iter as  1367
Score of validation 0.7848605577689243
Score of training 0.945054945054945
Sample 115
Attempt  115
Take max_iter as  1343
Score of validation 0.8406374501992032
Score of training 0.9250749250749251
Sample 116
Attempt  116
Take max_iter as  1284
Score of validation 0.8087649402390438
Score of training 0.929070929070929
Sample 117
Attempt  117
Take max_iter as  1366
Score of validation 0.8087649402390438
Score of training 0.939060939060939
Sample 118
Attempt  118
Take max_iter as  1350
Score of validation 0.7928286852589641
Score of training 0.9340659340659341
Sample 119
Attempt  119
Take max_iter as  1258
Score of validation 0.8366533864541833
Score of training 0.935064935064935
Sample 120
Attempt  120
Take max_iter as  1283
Score of validation 0.8127490039840638
Score of training 0.922077922077922
Sample 121
Attempt  121
Take max_iter as  1338
Score of validation 0.8446215139442231
Score of training 0.9300699300699301
Sample 122
Attempt  122
Take max_iter as  1459
Score of validation 0.8286852589641435
Score of training 0.9230769230769231
Sample 123
Attempt  123
Take max_iter as  1524
Score of validation 0.8406374501992032
Score of training 0.9310689310689311
Sample 124
Attempt  124
Take max_iter as  1317
Score of validation 0.848605577689243
Score of training 0.936063936063936
Sample 125
Attempt  125
Take max_iter as  1518
Score of validation 0.8645418326693227
Score of training 0.9270729270729271
Sample 126
Attempt  126
Take max_iter as  1421
Score of validation 0.8286852589641435
Score of training 0.9300699300699301
Sample 127
Attempt  127
Take max_iter as  1394
Score of validation 0.8764940239043825
Score of training 0.9300699300699301
Sample 128
Attempt  128
Take max_iter as  1448
Score of validation 0.8884462151394422
Score of training 0.938061938061938
Sample 129
Attempt  129
Take max_iter as  1460
Score of validation 0.8047808764940239
Score of training 0.9400599400599401
Sample 130
Attempt  130
Take max_iter as  1406
Score of validation 0.7848605577689243
Score of training 0.9300699300699301
Sample 131
Attempt  131
Take max_iter as  1493
Score of validation 0.8127490039840638
Score of training 0.932067932067932
Sample 132
Attempt  132
Take max_iter as  1206
Score of validation 0.8406374501992032
Score of training 0.9300699300699301
Sample 133
Attempt  133
Take max_iter as  1533
Score of validation 0.8326693227091634
Score of training 0.932067932067932
Sample 134
Attempt  134
Take max_iter as  1338
Score of validation 0.8286852589641435
Score of training 0.935064935064935
Sample 135
Attempt  135
Take max_iter as  1529
Score of validation 0.8087649402390438
Score of training 0.9370629370629371
Sample 136
Attempt  136
Take max_iter as  1420
Score of validation 0.8247011952191236
Score of training 0.9370629370629371
Sample 137
Attempt  137
Take max_iter as  1463
Score of validation 0.8366533864541833
Score of training 0.9310689310689311
Sample 138
Attempt  138
Take max_iter as  1544
Score of validation 0.7689243027888446
Score of training 0.9470529470529471
Sample 139
Attempt  139
Take max_iter as  1313
Score of validation 0.8167330677290837
Score of training 0.9370629370629371
Sample 140
Attempt  140
Take max_iter as  1285
Score of validation 0.8565737051792829
Score of training 0.9340659340659341
Sample 141
Attempt  141
Take max_iter as  1451
Score of validation 0.8406374501992032
Score of training 0.9300699300699301
Sample 142
Attempt  142
Take max_iter as  1533
Score of validation 0.848605577689243
Score of training 0.9370629370629371
Sample 143
Attempt  143
Take max_iter as  1487
Score of validation 0.8127490039840638
Score of training 0.9280719280719281
Sample 144
Attempt  144
Take max_iter as  1393
Score of validation 0.8406374501992032
Score of training 0.9400599400599401
Sample 145
Attempt  145
Take max_iter as  1342
Score of validation 0.8207171314741036
Score of training 0.942057942057942
Sample 146
Attempt  146
Take max_iter as  1371
Score of validation 0.8645418326693227
Score of training 0.9270729270729271
Sample 147
Attempt  147
Take max_iter as  1580
Score of validation 0.8087649402390438
Score of training 0.932067932067932
Sample 148
Attempt  148
Take max_iter as  1393
Score of validation 0.749003984063745
Score of training 0.9370629370629371
Sample 149
Attempt  149
Take max_iter as  1445
Score of validation 0.8247011952191236
Score of training 0.932067932067932
Sample 150
Attempt  150
Take max_iter as  1605
Score of validation 0.796812749003984
Score of training 0.932067932067932
Sample 151
Attempt  151
Take max_iter as  1325
Score of validation 0.8366533864541833
Score of training 0.929070929070929
Sample 152
Attempt  152
Take max_iter as  1462
Score of validation 0.7808764940239044
Score of training 0.9330669330669331
Sample 153
Attempt  153
Take max_iter as  1425
Score of validation 0.7928286852589641
Score of training 0.9340659340659341
Sample 154
Attempt  154
Take max_iter as  1411
Score of validation 0.7808764940239044
Score of training 0.935064935064935
Sample 155
Attempt  155
Take max_iter as  1413
Score of validation 0.848605577689243
Score of training 0.9230769230769231
Sample 156
Attempt  156
Take max_iter as  1411
Score of validation 0.8047808764940239
Score of training 0.935064935064935
Sample 157
Attempt  157
Take max_iter as  1215
Score of validation 0.8326693227091634
Score of training 0.9300699300699301
Sample 158
Attempt  158
Take max_iter as  1492
Score of validation 0.8286852589641435
Score of training 0.9240759240759241
Sample 159
Attempt  159
Take max_iter as  1405
Score of validation 0.8884462151394422
Score of training 0.9200799200799201
Sample 160
Attempt  160
Take max_iter as  1357
Score of validation 0.8167330677290837
Score of training 0.9300699300699301
Sample 161
Attempt  161
Take max_iter as  1220
Score of validation 0.8406374501992032
Score of training 0.9430569430569431
Sample 162
Attempt  162
Take max_iter as  1367
Score of validation 0.8406374501992032
Score of training 0.932067932067932
Sample 163
Attempt  163
Take max_iter as  1344
Score of validation 0.8446215139442231
Score of training 0.935064935064935
Sample 164
Attempt  164
Take max_iter as  1382
Score of validation 0.8406374501992032
Score of training 0.935064935064935
Sample 165
Attempt  165
Take max_iter as  1450
Score of validation 0.8406374501992032
Score of training 0.932067932067932
Sample 166
Attempt  166
Take max_iter as  1407
Score of validation 0.852589641434263
Score of training 0.9270729270729271
Sample 167
Attempt  167
Take max_iter as  1418
Score of validation 0.8286852589641435
Score of training 0.9340659340659341
Sample 168
Attempt  168
Take max_iter as  1377
Score of validation 0.8007968127490039
Score of training 0.9270729270729271
Sample 169
Attempt  169
Take max_iter as  1372
Score of validation 0.8127490039840638
Score of training 0.9280719280719281
Sample 170
Attempt  170
Take max_iter as  1451
Score of validation 0.8406374501992032
Score of training 0.9280719280719281
Sample 171
Attempt  171
Take max_iter as  1359
Score of validation 0.8167330677290837
Score of training 0.936063936063936
Sample 172
Attempt  172
Take max_iter as  1263
Score of validation 0.8247011952191236
Score of training 0.9280719280719281
Sample 173
Attempt  173
Take max_iter as  1374
Score of validation 0.796812749003984
Score of training 0.9300699300699301
Sample 174
Attempt  174
Take max_iter as  1323
Score of validation 0.7689243027888446
Score of training 0.932067932067932
Sample 175
Attempt  175
Take max_iter as  1271
Score of validation 0.8127490039840638
Score of training 0.939060939060939
Sample 176
Attempt  176
Take max_iter as  1403
Score of validation 0.8286852589641435
Score of training 0.9400599400599401
Sample 177
Attempt  177
Take max_iter as  1435
Score of validation 0.8286852589641435
Score of training 0.938061938061938
Sample 178
Attempt  178
Take max_iter as  1261
Score of validation 0.8127490039840638
Score of training 0.9340659340659341
Sample 179
Attempt  179
Take max_iter as  1452
Score of validation 0.7848605577689243
Score of training 0.9440559440559441
Sample 180
Attempt  180
Take max_iter as  1403
Score of validation 0.8047808764940239
Score of training 0.9310689310689311
Sample 181
Attempt  181
Take max_iter as  1274
Score of validation 0.8446215139442231
Score of training 0.9300699300699301
Sample 182
Attempt  182
Take max_iter as  1446
Score of validation 0.8366533864541833
Score of training 0.9430569430569431
Sample 183
Attempt  183
Take max_iter as  1369
Score of validation 0.8406374501992032
Score of training 0.9440559440559441
Sample 184
Attempt  184
Take max_iter as  1267
Score of validation 0.8446215139442231
Score of training 0.9300699300699301
Sample 185
Attempt  185
Take max_iter as  1479
Score of validation 0.8326693227091634
Score of training 0.932067932067932
Sample 186
Attempt  186
Take max_iter as  1533
Score of validation 0.8047808764940239
Score of training 0.935064935064935
Sample 187
Attempt  187
Take max_iter as  1404
Score of validation 0.8764940239043825
Score of training 0.926073926073926
Sample 188
Attempt  188
Take max_iter as  1281
Score of validation 0.796812749003984
Score of training 0.9330669330669331
Sample 189
Attempt  189
Take max_iter as  1345
Score of validation 0.7848605577689243
Score of training 0.9280719280719281
Sample 190
Attempt  190
Take max_iter as  1474
Score of validation 0.852589641434263
Score of training 0.929070929070929
Sample 191
Attempt  191
Take max_iter as  1440
Score of validation 0.7928286852589641
Score of training 0.9310689310689311
Sample 192
Attempt  192
Take max_iter as  1231
Score of validation 0.8047808764940239
Score of training 0.939060939060939
Sample 193
Attempt  193
Take max_iter as  1476
Score of validation 0.8127490039840638
Score of training 0.939060939060939
Sample 194
Attempt  194
Take max_iter as  1326
Score of validation 0.7529880478087649
Score of training 0.9430569430569431
Sample 195
Attempt  195
Take max_iter as  1322
Score of validation 0.7091633466135459
Score of training 0.9370629370629371
Sample 196
Attempt  196
Take max_iter as  1334
Score of validation 0.8326693227091634
Score of training 0.9240759240759241
Sample 197
Attempt  197
Take max_iter as  1322
Score of validation 0.8406374501992032
Score of training 0.932067932067932
Sample 198
Attempt  198
Take max_iter as  1224
Score of validation 0.8127490039840638
Score of training 0.929070929070929
Sample 199
Attempt  199
Take max_iter as  1645
Score of validation 0.8406374501992032
Score of training 0.9240759240759241
Sample 200
Attempt  200
Take max_iter as  1304
Score of validation 0.7768924302788844
Score of training 0.926073926073926
Sample 201
Attempt  201
Take max_iter as  1202
Score of validation 0.796812749003984
Score of training 0.929070929070929
Sample 202
Attempt  202
Take max_iter as  1406
Score of validation 0.8406374501992032
Score of training 0.9310689310689311
Sample 203
Attempt  203
Take max_iter as  1362
Score of validation 0.848605577689243
Score of training 0.938061938061938
Sample 204
Attempt  204
Take max_iter as  1366
Score of validation 0.8286852589641435
Score of training 0.9250749250749251
Sample 205
Attempt  205
Take max_iter as  1372
Score of validation 0.8406374501992032
Score of training 0.942057942057942
Sample 206
Attempt  206
Take max_iter as  1542
Score of validation 0.8446215139442231
Score of training 0.9230769230769231
Sample 207
Attempt  207
Take max_iter as  1241
Score of validation 0.8406374501992032
Score of training 0.919080919080919
Sample 208
Attempt  208
Take max_iter as  1438
Score of validation 0.848605577689243
Score of training 0.9330669330669331
Sample 209
Attempt  209
Take max_iter as  1372
Score of validation 0.8167330677290837
Score of training 0.9370629370629371
Sample 210
Attempt  210
Take max_iter as  1497
Score of validation 0.8127490039840638
Score of training 0.9330669330669331
Sample 211
Attempt  211
Take max_iter as  1377
Score of validation 0.8286852589641435
Score of training 0.9230769230769231
Sample 212
Attempt  212
Take max_iter as  1454
Score of validation 0.8446215139442231
Score of training 0.932067932067932
Sample 213
Attempt  213
Take max_iter as  1463
Score of validation 0.8326693227091634
Score of training 0.929070929070929
Sample 214
Attempt  214
Take max_iter as  1372
Score of validation 0.8167330677290837
Score of training 0.9300699300699301
Sample 215
Attempt  215
Take max_iter as  1334
Score of validation 0.8286852589641435
Score of training 0.9240759240759241
Sample 216
Attempt  216
Take max_iter as  1448
Score of validation 0.848605577689243
Score of training 0.932067932067932
Sample 217
Attempt  217
Take max_iter as  1452
Score of validation 0.8207171314741036
Score of training 0.932067932067932
Sample 218
Attempt  218
Take max_iter as  1368
Score of validation 0.8247011952191236
Score of training 0.9370629370629371
Sample 219
Attempt  219
Take max_iter as  1436
Score of validation 0.8047808764940239
Score of training 0.9280719280719281
Sample 220
Attempt  220
Take max_iter as  1535
Score of validation 0.8127490039840638
Score of training 0.9340659340659341
Sample 221
Attempt  221
Take max_iter as  1337
Score of validation 0.8326693227091634
Score of training 0.932067932067932
Sample 222
Attempt  222
Take max_iter as  1295
Score of validation 0.8446215139442231
Score of training 0.932067932067932
Sample 223
Attempt  223
Take max_iter as  1518
Score of validation 0.8366533864541833
Score of training 0.936063936063936
Sample 224
Attempt  224
Take max_iter as  1386
Score of validation 0.8247011952191236
Score of training 0.9410589410589411
Sample 225
Attempt  225
Take max_iter as  1429
Score of validation 0.848605577689243
Score of training 0.936063936063936
Sample 226
Attempt  226
Take max_iter as  1389
Score of validation 0.8406374501992032
Score of training 0.9250749250749251
Sample 227
Attempt  227
Take max_iter as  1279
Score of validation 0.8127490039840638
Score of training 0.9310689310689311
Sample 228
Attempt  228
Take max_iter as  1632
Score of validation 0.8207171314741036
Score of training 0.945054945054945
Sample 229
Attempt  229
Take max_iter as  1277
Score of validation 0.796812749003984
Score of training 0.952047952047952
Sample 230
Attempt  230
Take max_iter as  1456
Score of validation 0.8406374501992032
Score of training 0.9310689310689311
Sample 231
Attempt  231
Take max_iter as  1409
Score of validation 0.8446215139442231
Score of training 0.935064935064935
Sample 232
Attempt  232
Take max_iter as  1503
Score of validation 0.7848605577689243
Score of training 0.9340659340659341
Sample 233
Attempt  233
Take max_iter as  1310
Score of validation 0.8804780876494024
Score of training 0.9300699300699301
Sample 234
Attempt  234
Take max_iter as  1389
Score of validation 0.7848605577689243
Score of training 0.929070929070929
Sample 235
Attempt  235
Take max_iter as  1356
Score of validation 0.7888446215139442
Score of training 0.9370629370629371
Sample 236
Attempt  236
Take max_iter as  1296
Score of validation 0.8087649402390438
Score of training 0.9250749250749251
Sample 237
Attempt  237
Take max_iter as  1378
Score of validation 0.8406374501992032
Score of training 0.9310689310689311
Sample 238
Attempt  238
Take max_iter as  1460
Score of validation 0.8167330677290837
Score of training 0.936063936063936
Sample 239
Attempt  239
Take max_iter as  1520
Score of validation 0.8764940239043825
Score of training 0.926073926073926
Sample 240
Attempt  240
Take max_iter as  1312
Score of validation 0.8167330677290837
Score of training 0.939060939060939
Sample 241
Attempt  241
Take max_iter as  1431
Score of validation 0.8247011952191236
Score of training 0.9370629370629371
Sample 242
Attempt  242
Take max_iter as  1338
Score of validation 0.8167330677290837
Score of training 0.9340659340659341
Sample 243
Attempt  243
Take max_iter as  1291
Score of validation 0.8247011952191236
Score of training 0.939060939060939
Sample 244
Attempt  244
Take max_iter as  1511
Score of validation 0.8326693227091634
Score of training 0.9210789210789211
Sample 245
Attempt  245
Take max_iter as  1557
Score of validation 0.8326693227091634
Score of training 0.9410589410589411
Sample 246
Attempt  246
Take max_iter as  1539
Score of validation 0.8406374501992032
Score of training 0.9280719280719281
Sample 247
Attempt  247
Take max_iter as  1325
Score of validation 0.8366533864541833
Score of training 0.932067932067932
Sample 248
Attempt  248
Take max_iter as  1464
Score of validation 0.8247011952191236
Score of training 0.9330669330669331
Sample 249
Attempt  249
Take max_iter as  1353
Score of validation 0.7689243027888446
Score of training 0.9280719280719281
Sample 250
Attempt  250
Take max_iter as  1455
Score of validation 0.8007968127490039
Score of training 0.932067932067932
Sample 251
Attempt  251
Take max_iter as  1292
Score of validation 0.8326693227091634
Score of training 0.935064935064935
Sample 252
Attempt  252
Take max_iter as  1480
Score of validation 0.8326693227091634
Score of training 0.9370629370629371
Sample 253
Attempt  253
Take max_iter as  1378
Score of validation 0.8167330677290837
Score of training 0.926073926073926
Sample 254
Attempt  254
Take max_iter as  1227
Score of validation 0.8286852589641435
Score of training 0.932067932067932
Sample 255
Attempt  255
Take max_iter as  1427
Score of validation 0.8366533864541833
Score of training 0.9270729270729271
Sample 256
Attempt  256
Take max_iter as  1579
Score of validation 0.8605577689243028
Score of training 0.9270729270729271
Sample 257
Attempt  257
Take max_iter as  1264
Score of validation 0.8207171314741036
Score of training 0.9340659340659341
Sample 258
Attempt  258
Take max_iter as  1477
Score of validation 0.8366533864541833
Score of training 0.9280719280719281
Sample 259
Attempt  259
Take max_iter as  1348
Score of validation 0.8406374501992032
Score of training 0.935064935064935
Sample 260
Attempt  260
Take max_iter as  1401
Score of validation 0.8406374501992032
Score of training 0.9330669330669331
Sample 261
Attempt  261
Take max_iter as  1328
Score of validation 0.8844621513944223
Score of training 0.9300699300699301
Sample 262
Attempt  262
Take max_iter as  1307
Score of validation 0.8167330677290837
Score of training 0.9300699300699301
Sample 263
Attempt  263
Take max_iter as  1535
Score of validation 0.8326693227091634
Score of training 0.935064935064935
Sample 264
Attempt  264
Take max_iter as  1317
Score of validation 0.8366533864541833
Score of training 0.9310689310689311
Sample 265
Attempt  265
Take max_iter as  1463
Score of validation 0.8326693227091634
Score of training 0.932067932067932
Sample 266
Attempt  266
Take max_iter as  1335
Score of validation 0.8645418326693227
Score of training 0.939060939060939
Sample 267
Attempt  267
Take max_iter as  1478
Score of validation 0.7768924302788844
Score of training 0.9410589410589411
Sample 268
Attempt  268
Take max_iter as  1359
Score of validation 0.8247011952191236
Score of training 0.939060939060939
Sample 269
Attempt  269
Take max_iter as  1445
Score of validation 0.8167330677290837
Score of training 0.9370629370629371
Sample 270
Attempt  270
Take max_iter as  1427
Score of validation 0.8007968127490039
Score of training 0.935064935064935
Sample 271
Attempt  271
Take max_iter as  1475
Score of validation 0.8127490039840638
Score of training 0.9280719280719281
Sample 272
Attempt  272
Take max_iter as  1318
Score of validation 0.8047808764940239
Score of training 0.9250749250749251
Sample 273
Attempt  273
Take max_iter as  1481
Score of validation 0.8127490039840638
Score of training 0.9280719280719281
Sample 274
Attempt  274
Take max_iter as  1287
Score of validation 0.8286852589641435
Score of training 0.929070929070929
Sample 275
Attempt  275
Take max_iter as  1545
Score of validation 0.8247011952191236
Score of training 0.9310689310689311
Sample 276
Attempt  276
Take max_iter as  1342
Score of validation 0.8565737051792829
Score of training 0.9370629370629371
Sample 277
Attempt  277
Take max_iter as  1327
Score of validation 0.8366533864541833
Score of training 0.932067932067932
Sample 278
Attempt  278
Take max_iter as  1353
Score of validation 0.8286852589641435
Score of training 0.9370629370629371
Sample 279
Attempt  279
Take max_iter as  1250
Score of validation 0.8047808764940239
Score of training 0.9250749250749251
Sample 280
Attempt  280
Take max_iter as  1294
Score of validation 0.8247011952191236
Score of training 0.9340659340659341
Sample 281
Attempt  281
Take max_iter as  1375
Score of validation 0.8087649402390438
Score of training 0.938061938061938
Sample 282
Attempt  282
Take max_iter as  1374
Score of validation 0.8406374501992032
Score of training 0.929070929070929
Sample 283
Attempt  283
Take max_iter as  1374
Score of validation 0.8047808764940239
Score of training 0.9340659340659341
Sample 284
Attempt  284
Take max_iter as  1369
Score of validation 0.8047808764940239
Score of training 0.929070929070929
Sample 285
Attempt  285
Take max_iter as  1355
Score of validation 0.8605577689243028
Score of training 0.929070929070929
Sample 286
Attempt  286
Take max_iter as  1430
Score of validation 0.8446215139442231
Score of training 0.9250749250749251
Sample 287
Attempt  287
Take max_iter as  1417
Score of validation 0.7888446215139442
Score of training 0.9270729270729271
Sample 288
Attempt  288
Take max_iter as  1377
Score of validation 0.8366533864541833
Score of training 0.9340659340659341
Sample 289
Attempt  289
Take max_iter as  1185
Score of validation 0.8286852589641435
Score of training 0.919080919080919
Sample 290
Attempt  290
Take max_iter as  1495
Score of validation 0.8127490039840638
Score of training 0.929070929070929
Sample 291
Attempt  291
Take max_iter as  1248
Score of validation 0.8286852589641435
Score of training 0.9400599400599401
Sample 292
Attempt  292
Take max_iter as  1289
Score of validation 0.8685258964143426
Score of training 0.9410589410589411
Sample 293
Attempt  293
Take max_iter as  1419
Score of validation 0.8167330677290837
Score of training 0.939060939060939
Sample 294
Attempt  294
Take max_iter as  1377
Score of validation 0.8366533864541833
Score of training 0.9280719280719281
Sample 295
Attempt  295
Take max_iter as  1507
Score of validation 0.8565737051792829
Score of training 0.9310689310689311
Sample 296
Attempt  296
Take max_iter as  1457
Score of validation 0.8127490039840638
Score of training 0.9300699300699301
Sample 297
Attempt  297
Take max_iter as  1391
Score of validation 0.7928286852589641
Score of training 0.926073926073926
Sample 298
Attempt  298
Take max_iter as  1404
Score of validation 0.8446215139442231
Score of training 0.951048951048951
Sample 299
Attempt  299
Take max_iter as  1574
Score of validation 0.8326693227091634
Score of training 0.932067932067932
