dataset_size_test 100
8 circular 1 0 100
Sample 0
Take max_iter as  222
Score of validation 0.6
Score of training 1.0
Score of validation (classical) [0.8, 0.9, 0.85, 0.75]
Score of training (classical) [0.7875, 0.9, 0.875, 0.7375]
Sample 1
Take max_iter as  227
Score of validation 0.65
Score of training 1.0
Score of validation (classical) [0.55, 0.6, 0.65, 0.45]
Score of training (classical) [0.825, 0.9, 0.8875, 0.6875]
Sample 2
Take max_iter as  209
Score of validation 0.6
Score of training 0.9875
Score of validation (classical) [0.7, 0.8, 0.75, 0.65]
Score of training (classical) [0.8, 0.9125, 0.9, 0.725]
Sample 3
Take max_iter as  200
Score of validation 0.75
Score of training 0.9875
Score of validation (classical) [0.8, 0.7, 0.8, 0.7]
Score of training (classical) [0.6125, 0.8625, 0.8625, 0.475]
Sample 4
Take max_iter as  224
Score of validation 0.55
Score of training 1.0
Score of validation (classical) [0.8, 0.75, 0.75, 0.6]
Score of training (classical) [0.75, 0.875, 0.8375, 0.7]
Sample 5
Take max_iter as  226
Score of validation 0.75
Score of training 1.0
Score of validation (classical) [0.6, 0.75, 0.75, 0.7]
Score of training (classical) [0.8, 0.8625, 0.8125, 0.65]
Sample 6
Take max_iter as  208
Score of validation 0.7
Score of training 1.0
Score of validation (classical) [0.8, 0.8, 0.8, 0.65]
Score of training (classical) [0.8, 0.9625, 0.9375, 0.725]
Sample 7
Take max_iter as  231
Score of validation 0.65
Score of training 1.0
Score of validation (classical) [0.75, 0.8, 0.75, 0.4]
Score of training (classical) [0.7625, 0.8875, 0.8625, 0.5625]
Sample 8
Take max_iter as  228
Score of validation 0.65
Score of training 1.0
Score of validation (classical) [0.75, 0.75, 0.75, 0.7]
Score of training (classical) [0.8125, 0.9375, 0.8875, 0.725]
Sample 9
Take max_iter as  207
Score of validation 0.4
Score of training 0.9875
Score of validation (classical) [0.6, 0.65, 0.65, 0.45]
Score of training (classical) [0.7875, 0.8625, 0.85, 0.6125]
Sample 10
Take max_iter as  213
Score of validation 0.6
Score of training 1.0
Score of validation (classical) [0.55, 0.75, 0.65, 0.35]
Score of training (classical) [0.6875, 0.9, 0.85, 0.6375]
Sample 11
Take max_iter as  215
Score of validation 0.5
Score of training 1.0
Score of validation (classical) [0.65, 0.75, 0.75, 0.55]
Score of training (classical) [0.75, 0.9375, 0.9125, 0.5875]
Sample 12
Take max_iter as  214
Score of validation 0.45
Score of training 1.0
Score of validation (classical) [0.65, 0.8, 0.85, 0.5]
Score of training (classical) [0.7125, 0.9, 0.875, 0.575]
Sample 13
Take max_iter as  222
Score of validation 0.7
Score of training 1.0
Score of validation (classical) [0.7, 0.8, 0.65, 0.6]
Score of training (classical) [0.725, 0.8875, 0.875, 0.675]
Sample 14
Take max_iter as  216
Score of validation 0.55
Score of training 0.9875
Score of validation (classical) [0.7, 0.75, 0.8, 0.55]
Score of training (classical) [0.7625, 0.9, 0.875, 0.6]
Sample 15
Take max_iter as  242
Score of validation 0.7
Score of training 0.9875
Score of validation (classical) [0.6, 0.65, 0.75, 0.45]
Score of training (classical) [0.65, 0.9125, 0.775, 0.5]
Sample 16
Take max_iter as  193
Score of validation 0.75
Score of training 0.9875
Score of validation (classical) [0.65, 0.6, 0.75, 0.55]
Score of training (classical) [0.8125, 0.9125, 0.8875, 0.75]
Sample 17
Take max_iter as  231
Score of validation 0.75
Score of training 1.0
Score of validation (classical) [0.55, 0.6, 0.55, 0.5]
Score of training (classical) [0.7375, 0.9, 0.85, 0.5125]
Sample 18
Take max_iter as  219
Score of validation 0.7
Score of training 1.0
Score of validation (classical) [0.6, 0.6, 0.6, 0.65]
Score of training (classical) [0.7125, 0.9125, 0.85, 0.575]
Sample 19
Take max_iter as  200
Score of validation 0.85
Score of training 0.9875
Score of validation (classical) [0.4, 0.7, 0.7, 0.35]
Score of training (classical) [0.675, 0.8875, 0.825, 0.6125]
Sample 20
Take max_iter as  221
Score of validation 0.9
Score of training 0.9875
Score of validation (classical) [0.85, 0.8, 0.9, 0.85]
Score of training (classical) [0.8375, 0.8875, 0.875, 0.65]
Sample 21
Take max_iter as  211
Score of validation 0.7
Score of training 0.9875
Score of validation (classical) [0.6, 0.7, 0.75, 0.6]
Score of training (classical) [0.8125, 0.9375, 0.8875, 0.75]
Sample 22
Take max_iter as  203
Score of validation 0.65
Score of training 1.0
Score of validation (classical) [0.9, 0.95, 0.9, 0.65]
Score of training (classical) [0.7, 0.85, 0.8125, 0.55]
Sample 23
Take max_iter as  220
Score of validation 0.4
Score of training 1.0
Score of validation (classical) [0.55, 0.7, 0.7, 0.5]
Score of training (classical) [0.7375, 0.9125, 0.875, 0.55]
Sample 24
Take max_iter as  209
Score of validation 0.75
Score of training 0.975
Score of validation (classical) [0.65, 0.75, 0.7, 0.65]
Score of training (classical) [0.6875, 0.825, 0.7375, 0.6375]
Sample 25
Take max_iter as  202
Score of validation 0.65
Score of training 0.9875
Score of validation (classical) [0.5, 0.65, 0.65, 0.55]
Score of training (classical) [0.7125, 0.9, 0.85, 0.6]
Sample 26
Take max_iter as  233
Score of validation 0.5
Score of training 0.9875
Score of validation (classical) [0.8, 0.8, 0.8, 0.75]
Score of training (classical) [0.825, 0.95, 0.9, 0.6375]
Sample 27
Take max_iter as  207
Score of validation 0.65
Score of training 0.9875
Score of validation (classical) [0.9, 0.9, 0.9, 0.7]
Score of training (classical) [0.75, 0.875, 0.8625, 0.575]
Sample 28
Take max_iter as  219
Score of validation 0.7
Score of training 1.0
Score of validation (classical) [0.55, 0.8, 0.65, 0.5]
Score of training (classical) [0.7875, 0.8875, 0.8625, 0.7]
Sample 29
Take max_iter as  218
Score of validation 0.45
Score of training 0.9625
Score of validation (classical) [0.5, 0.65, 0.6, 0.5]
Score of training (classical) [0.825, 0.8875, 0.8875, 0.75]
Sample 30
Take max_iter as  220
Score of validation 0.55
Score of training 1.0
Score of validation (classical) [0.55, 0.55, 0.65, 0.55]
Score of training (classical) [0.8, 0.9125, 0.8625, 0.725]
Sample 31
Take max_iter as  236
Score of validation 0.6
Score of training 0.9875
Score of validation (classical) [0.8, 0.75, 0.8, 0.75]
Score of training (classical) [0.7125, 0.8625, 0.9, 0.65]
Sample 32
Take max_iter as  211
Score of validation 0.75
Score of training 1.0
Score of validation (classical) [0.6, 0.7, 0.65, 0.55]
Score of training (classical) [0.75, 0.875, 0.8875, 0.6625]
Sample 33
Take max_iter as  226
Score of validation 0.65
Score of training 1.0
Score of validation (classical) [0.65, 0.8, 0.7, 0.6]
Score of training (classical) [0.8, 0.9375, 0.9375, 0.6375]
Sample 34
Take max_iter as  226
Score of validation 0.5
Score of training 1.0
Score of validation (classical) [0.7, 0.7, 0.65, 0.6]
Score of training (classical) [0.7625, 0.925, 0.8875, 0.575]
Sample 35
Take max_iter as  204
Score of validation 0.75
Score of training 1.0
Score of validation (classical) [0.7, 0.85, 0.7, 0.65]
Score of training (classical) [0.775, 0.9125, 0.8625, 0.7125]
Sample 36
Take max_iter as  205
Score of validation 0.6
Score of training 1.0
Score of validation (classical) [0.6, 0.7, 0.65, 0.6]
Score of training (classical) [0.725, 0.8875, 0.8375, 0.6375]
Sample 37
Take max_iter as  228
Score of validation 0.75
Score of training 1.0
Score of validation (classical) [0.8, 0.9, 0.95, 0.7]
Score of training (classical) [0.7625, 0.8625, 0.8375, 0.6]
Sample 38
Take max_iter as  225
Score of validation 0.55
Score of training 1.0
Score of validation (classical) [0.75, 0.65, 0.65, 0.7]
Score of training (classical) [0.7875, 0.875, 0.85, 0.7125]
Sample 39
Take max_iter as  231
Score of validation 0.6
Score of training 1.0
Score of validation (classical) [0.65, 0.75, 0.7, 0.7]
Score of training (classical) [0.7625, 0.925, 0.9375, 0.65]
Sample 40
Take max_iter as  201
Score of validation 0.7
Score of training 1.0
Score of validation (classical) [0.4, 0.65, 0.7, 0.45]
Score of training (classical) [0.65, 0.925, 0.85, 0.4875]
Sample 41
Take max_iter as  214
Score of validation 0.65
Score of training 0.9875
Score of validation (classical) [0.65, 0.75, 0.75, 0.75]
Score of training (classical) [0.7875, 0.8875, 0.875, 0.6875]
Sample 42
Take max_iter as  203
Score of validation 0.85
Score of training 0.9875
Score of validation (classical) [0.65, 0.85, 0.75, 0.65]
Score of training (classical) [0.6875, 0.8875, 0.825, 0.6125]
Sample 43
Take max_iter as  216
Score of validation 0.7
Score of training 1.0
Score of validation (classical) [0.65, 0.9, 0.8, 0.45]
Score of training (classical) [0.75, 0.9125, 0.9, 0.5375]
Sample 44
Take max_iter as  231
Score of validation 0.75
Score of training 1.0
Score of validation (classical) [0.8, 0.7, 0.8, 0.75]
Score of training (classical) [0.7, 0.85, 0.825, 0.575]
Sample 45
Take max_iter as  244
Score of validation 0.7
Score of training 1.0
Score of validation (classical) [0.6, 0.65, 0.75, 0.45]
Score of training (classical) [0.7125, 0.8625, 0.8625, 0.575]
Sample 46
Take max_iter as  222
Score of validation 0.6
Score of training 0.9875
Score of validation (classical) [0.6, 0.75, 0.65, 0.55]
Score of training (classical) [0.7, 0.8625, 0.7875, 0.6375]
Sample 47
Take max_iter as  213
Score of validation 0.7
Score of training 1.0
Score of validation (classical) [0.75, 0.75, 0.75, 0.5]
Score of training (classical) [0.6875, 0.875, 0.8125, 0.6]
Sample 48
Take max_iter as  217
Score of validation 0.45
Score of training 1.0
Score of validation (classical) [0.75, 0.9, 0.8, 0.55]
Score of training (classical) [0.7, 0.9125, 0.875, 0.5375]
Sample 49
Take max_iter as  201
Score of validation 0.8
Score of training 0.9875
Score of validation (classical) [0.75, 0.95, 0.9, 0.5]
Score of training (classical) [0.8, 0.9, 0.875, 0.6625]
Sample 50
Take max_iter as  221
Score of validation 0.75
Score of training 1.0
Score of validation (classical) [0.6, 0.6, 0.6, 0.65]
Score of training (classical) [0.8125, 0.925, 0.8625, 0.8]
Sample 51
Take max_iter as  232
Score of validation 0.5
Score of training 1.0
Score of validation (classical) [0.6, 0.65, 0.65, 0.5]
Score of training (classical) [0.7625, 0.8625, 0.85, 0.5875]
Sample 52
Take max_iter as  232
Score of validation 0.65
Score of training 0.9875
Score of validation (classical) [0.6, 0.75, 0.7, 0.5]
Score of training (classical) [0.7125, 0.85, 0.85, 0.6875]
Sample 53
Take max_iter as  241
Score of validation 0.5
Score of training 0.9875
Score of validation (classical) [0.65, 0.8, 0.75, 0.45]
Score of training (classical) [0.8375, 0.925, 0.8875, 0.6375]
Sample 54
Take max_iter as  226
Score of validation 0.75
Score of training 0.9875
Score of validation (classical) [0.65, 0.85, 0.85, 0.7]
Score of training (classical) [0.75, 0.8625, 0.8375, 0.7]
Sample 55
Take max_iter as  219
Score of validation 0.9
Score of training 1.0
Score of validation (classical) [0.75, 0.85, 0.8, 0.75]
Score of training (classical) [0.775, 0.925, 0.8625, 0.7125]
Sample 56
Take max_iter as  218
Score of validation 0.6
Score of training 1.0
Score of validation (classical) [0.7, 0.65, 0.7, 0.7]
Score of training (classical) [0.7875, 0.9125, 0.9125, 0.7125]
Sample 57
Take max_iter as  236
Score of validation 0.7
Score of training 0.975
Score of validation (classical) [0.7, 0.7, 0.8, 0.7]
Score of training (classical) [0.775, 0.875, 0.8625, 0.7125]
Sample 58
Take max_iter as  236
Score of validation 0.75
Score of training 0.9875
Score of validation (classical) [0.75, 0.95, 0.9, 0.75]
Score of training (classical) [0.825, 0.925, 0.8625, 0.725]
Sample 59
Take max_iter as  232
Score of validation 0.8
Score of training 1.0
Score of validation (classical) [0.6, 0.8, 0.8, 0.55]
Score of training (classical) [0.8125, 0.9125, 0.8875, 0.7125]
Sample 60
Take max_iter as  231
Score of validation 0.5
Score of training 1.0
Score of validation (classical) [0.65, 0.7, 0.7, 0.55]
Score of training (classical) [0.85, 0.9, 0.85, 0.7125]
Sample 61
Take max_iter as  245
Score of validation 0.5
Score of training 0.9875
Score of validation (classical) [0.6, 0.55, 0.6, 0.5]
Score of training (classical) [0.75, 0.875, 0.825, 0.65]
Sample 62
Take max_iter as  236
Score of validation 0.65
Score of training 1.0
Score of validation (classical) [0.7, 0.7, 0.7, 0.65]
Score of training (classical) [0.7, 0.8875, 0.8625, 0.575]
Sample 63
Take max_iter as  226
Score of validation 0.7
Score of training 0.9875
Score of validation (classical) [0.75, 0.8, 0.85, 0.65]
Score of training (classical) [0.775, 0.9125, 0.9125, 0.6625]
Sample 64
Take max_iter as  233
Score of validation 0.65
Score of training 1.0
Score of validation (classical) [0.6, 0.7, 0.75, 0.55]
Score of training (classical) [0.8125, 0.9375, 0.9125, 0.7125]
Sample 65
Take max_iter as  239
Score of validation 0.7
Score of training 0.9875
Score of validation (classical) [0.7, 0.8, 0.9, 0.5]
Score of training (classical) [0.825, 0.85, 0.85, 0.675]
Sample 66
Take max_iter as  204
Score of validation 0.75
Score of training 1.0
Score of validation (classical) [0.5, 0.7, 0.75, 0.55]
Score of training (classical) [0.7, 0.8875, 0.7875, 0.5875]
Sample 67
Take max_iter as  219
Score of validation 0.75
Score of training 0.9875
Score of validation (classical) [0.7, 0.85, 0.9, 0.7]
Score of training (classical) [0.6625, 0.9125, 0.8875, 0.55]
Sample 68
Take max_iter as  219
Score of validation 0.7
Score of training 1.0
Score of validation (classical) [0.7, 0.75, 0.7, 0.5]
Score of training (classical) [0.7875, 0.9625, 0.9125, 0.6625]
Sample 69
Take max_iter as  215
Score of validation 0.8
Score of training 1.0
Score of validation (classical) [0.6, 0.85, 0.8, 0.55]
Score of training (classical) [0.8375, 0.9125, 0.8875, 0.775]
Sample 70
Take max_iter as  198
Score of validation 0.65
Score of training 0.9875
Score of validation (classical) [0.65, 0.55, 0.6, 0.75]
Score of training (classical) [0.7625, 0.8125, 0.7875, 0.6875]
Sample 71
Take max_iter as  225
Score of validation 0.55
Score of training 0.9875
Score of validation (classical) [0.6, 0.6, 0.55, 0.55]
Score of training (classical) [0.8125, 0.9, 0.8875, 0.65]
Sample 72
Take max_iter as  220
Score of validation 0.45
Score of training 0.9875
Score of validation (classical) [0.7, 0.85, 0.85, 0.3]
Score of training (classical) [0.65, 0.9, 0.825, 0.425]
Sample 73
Take max_iter as  211
Score of validation 0.65
Score of training 1.0
Score of validation (classical) [0.75, 0.8, 0.8, 0.7]
Score of training (classical) [0.8, 0.9, 0.8625, 0.725]
Sample 74
Take max_iter as  220
Score of validation 0.75
Score of training 0.9875
Score of validation (classical) [0.6, 0.6, 0.65, 0.7]
Score of training (classical) [0.775, 0.9, 0.85, 0.7125]
Sample 75
Take max_iter as  211
Score of validation 0.6
Score of training 1.0
Score of validation (classical) [0.75, 0.65, 0.7, 0.7]
Score of training (classical) [0.75, 0.9125, 0.875, 0.4875]
Sample 76
Take max_iter as  232
Score of validation 0.65
Score of training 1.0
Score of validation (classical) [0.55, 0.6, 0.5, 0.6]
Score of training (classical) [0.7375, 0.9, 0.8125, 0.6375]
Sample 77
Take max_iter as  214
Score of validation 0.8
Score of training 1.0
Score of validation (classical) [0.85, 0.95, 0.85, 0.55]
Score of training (classical) [0.7625, 0.85, 0.825, 0.6875]
Sample 78
Take max_iter as  248
Score of validation 0.75
Score of training 0.975
Score of validation (classical) [0.55, 0.85, 0.75, 0.5]
Score of training (classical) [0.75, 0.925, 0.8625, 0.7]
Sample 79
Take max_iter as  214
Score of validation 0.55
Score of training 0.9625
Score of validation (classical) [0.6, 0.75, 0.7, 0.6]
Score of training (classical) [0.6125, 0.875, 0.8125, 0.5625]
Sample 80
Take max_iter as  232
Score of validation 0.55
Score of training 1.0
Score of validation (classical) [0.8, 0.85, 1.0, 0.6]
Score of training (classical) [0.7125, 0.85, 0.8375, 0.575]
Sample 81
Take max_iter as  224
Score of validation 0.65
Score of training 1.0
Score of validation (classical) [0.6, 0.8, 0.85, 0.65]
Score of training (classical) [0.7125, 0.875, 0.8875, 0.6125]
Sample 82
Take max_iter as  238
Score of validation 0.65
Score of training 1.0
Score of validation (classical) [0.65, 0.75, 0.75, 0.55]
Score of training (classical) [0.6375, 0.8625, 0.8375, 0.55]
Sample 83
Take max_iter as  232
Score of validation 0.7
Score of training 0.9875
Score of validation (classical) [0.5, 0.85, 0.85, 0.4]
Score of training (classical) [0.7125, 0.975, 0.95, 0.6]
Sample 84
Take max_iter as  227
Score of validation 0.85
Score of training 1.0
Score of validation (classical) [0.75, 0.85, 0.75, 0.7]
Score of training (classical) [0.8125, 0.9125, 0.8875, 0.8]
Sample 85
Take max_iter as  209
Score of validation 0.75
Score of training 1.0
Score of validation (classical) [0.65, 0.75, 0.8, 0.5]
Score of training (classical) [0.7375, 0.9125, 0.925, 0.625]
Sample 86
Take max_iter as  217
Score of validation 0.7
Score of training 1.0
Score of validation (classical) [0.75, 0.8, 0.8, 0.75]
Score of training (classical) [0.75, 0.925, 0.8875, 0.675]
Sample 87
Take max_iter as  223
Score of validation 0.5
Score of training 1.0
Score of validation (classical) [0.55, 0.8, 0.75, 0.5]
Score of training (classical) [0.7625, 0.85, 0.825, 0.675]
Sample 88
Take max_iter as  211
Score of validation 0.8
Score of training 1.0
Score of validation (classical) [0.65, 0.7, 0.8, 0.8]
Score of training (classical) [0.7625, 0.95, 0.9125, 0.6625]
Sample 89
Take max_iter as  221
Score of validation 0.8
Score of training 0.975
Score of validation (classical) [0.65, 0.8, 0.8, 0.6]
Score of training (classical) [0.7375, 0.9, 0.875, 0.6375]
Sample 90
Take max_iter as  223
Score of validation 0.55
Score of training 1.0
Score of validation (classical) [0.7, 0.8, 0.65, 0.75]
Score of training (classical) [0.725, 0.8875, 0.8625, 0.6375]
Sample 91
Take max_iter as  236
Score of validation 0.65
Score of training 1.0
Score of validation (classical) [0.65, 0.8, 0.75, 0.45]
Score of training (classical) [0.8, 0.9, 0.8875, 0.675]
Sample 92
Take max_iter as  205
Score of validation 0.5
Score of training 1.0
Score of validation (classical) [0.7, 0.65, 0.65, 0.55]
Score of training (classical) [0.775, 0.875, 0.8625, 0.625]
Sample 93
Take max_iter as  203
Score of validation 0.65
Score of training 1.0
Score of validation (classical) [0.65, 0.75, 0.75, 0.65]
Score of training (classical) [0.8375, 0.9125, 0.9, 0.7375]
Sample 94
Take max_iter as  221
Score of validation 0.55
Score of training 0.9875
Score of validation (classical) [0.75, 0.75, 0.75, 0.7]
Score of training (classical) [0.7875, 0.9, 0.875, 0.625]
Sample 95
Take max_iter as  224
Score of validation 0.65
Score of training 1.0
Score of validation (classical) [0.55, 0.7, 0.7, 0.65]
Score of training (classical) [0.775, 0.9, 0.875, 0.625]
Sample 96
Take max_iter as  233
Score of validation 0.75
Score of training 1.0
Score of validation (classical) [1.0, 0.9, 0.85, 0.7]
Score of training (classical) [0.75, 0.925, 0.875, 0.575]
Sample 97
Take max_iter as  214
Score of validation 0.55
Score of training 1.0
Score of validation (classical) [0.75, 0.7, 0.75, 0.65]
Score of training (classical) [0.8375, 0.925, 0.875, 0.7]
Sample 98
Take max_iter as  225
Score of validation 0.45
Score of training 1.0
Score of validation (classical) [0.8, 0.85, 0.85, 0.75]
Score of training (classical) [0.8, 0.9, 0.8875, 0.6875]
Sample 99
Take max_iter as  215
Score of validation 0.75
Score of training 1.0
Score of validation (classical) [0.6, 0.85, 0.8, 0.6]
Score of training (classical) [0.7375, 0.85, 0.8125, 0.625]
Sample 100
Take max_iter as  239
Score of validation 0.75
Score of training 1.0
Score of validation (classical) [0.6, 0.75, 0.8, 0.6]
Score of training (classical) [0.8, 0.8875, 0.9, 0.6375]
Sample 101
Take max_iter as  234
Score of validation 0.75
Score of training 1.0
Score of validation (classical) [0.6, 0.7, 0.7, 0.65]
Score of training (classical) [0.8375, 0.95, 0.9, 0.6125]
Sample 102
Take max_iter as  204
Score of validation 0.75
Score of training 0.9875
Score of validation (classical) [0.8, 0.9, 0.85, 0.8]
Score of training (classical) [0.725, 0.925, 0.9, 0.6]
Sample 103
Take max_iter as  193
Score of validation 0.8
Score of training 0.9875
Score of validation (classical) [0.65, 0.75, 0.7, 0.55]
Score of training (classical) [0.75, 0.875, 0.85, 0.675]
Sample 104
Take max_iter as  213
Score of validation 0.65
Score of training 1.0
Score of validation (classical) [0.65, 0.9, 0.9, 0.5]
Score of training (classical) [0.75, 0.85, 0.8625, 0.6625]
Sample 105
Take max_iter as  207
Score of validation 0.7
Score of training 1.0
Score of validation (classical) [0.7, 0.75, 0.7, 0.6]
Score of training (classical) [0.7375, 0.875, 0.8, 0.5875]
Sample 106
Take max_iter as  219
Score of validation 0.75
Score of training 0.9875
Score of validation (classical) [0.85, 0.75, 0.75, 0.65]
Score of training (classical) [0.725, 0.8625, 0.8625, 0.65]
Sample 107
Take max_iter as  225
Score of validation 0.6
Score of training 0.9875
Score of validation (classical) [0.7, 0.85, 0.8, 0.65]
Score of training (classical) [0.7625, 0.875, 0.8375, 0.5375]
Sample 108
Take max_iter as  221
Score of validation 0.7
Score of training 0.9875
Score of validation (classical) [0.7, 0.75, 0.75, 0.75]
Score of training (classical) [0.75, 0.875, 0.8875, 0.65]
Sample 109
Take max_iter as  204
Score of validation 0.6
Score of training 0.9875
Score of validation (classical) [0.6, 0.55, 0.55, 0.75]
Score of training (classical) [0.7, 0.85, 0.7875, 0.625]
Sample 110
Take max_iter as  222
Score of validation 0.7
Score of training 0.975
Score of validation (classical) [0.75, 0.75, 0.75, 0.75]
Score of training (classical) [0.775, 0.8625, 0.825, 0.7125]
Sample 111
Take max_iter as  223
Score of validation 0.75
Score of training 1.0
Score of validation (classical) [0.8, 0.7, 0.8, 0.75]
Score of training (classical) [0.8125, 0.9375, 0.875, 0.6875]
Sample 112
Take max_iter as  217
Score of validation 0.6
Score of training 0.9875
Score of validation (classical) [0.8, 0.85, 0.85, 0.65]
Score of training (classical) [0.7, 0.925, 0.875, 0.65]
Sample 113
Take max_iter as  220
Score of validation 0.5
Score of training 1.0
Score of validation (classical) [0.65, 0.75, 0.7, 0.5]
Score of training (classical) [0.775, 0.925, 0.8875, 0.625]
Sample 114
Take max_iter as  226
Score of validation 0.95
Score of training 1.0
Score of validation (classical) [0.8, 0.85, 0.85, 0.65]
Score of training (classical) [0.775, 0.9, 0.8875, 0.6625]
Sample 115
Take max_iter as  209
Score of validation 0.7
Score of training 1.0
Score of validation (classical) [0.65, 0.7, 0.7, 0.65]
Score of training (classical) [0.75, 0.9375, 0.8875, 0.725]
Sample 116
Take max_iter as  224
Score of validation 0.65
Score of training 0.9875
Score of validation (classical) [0.85, 0.9, 0.85, 0.65]
Score of training (classical) [0.7, 0.875, 0.85, 0.4875]
Sample 117
Take max_iter as  215
Score of validation 0.7
Score of training 0.9875
Score of validation (classical) [0.75, 0.75, 0.65, 0.65]
Score of training (classical) [0.7, 0.825, 0.8125, 0.6625]
Sample 118
Take max_iter as  232
Score of validation 0.65
Score of training 1.0
Score of validation (classical) [0.8, 0.8, 0.8, 0.7]
Score of training (classical) [0.7125, 0.875, 0.8625, 0.625]
Sample 119
Take max_iter as  223
Score of validation 0.75
Score of training 1.0
Score of validation (classical) [0.7, 0.7, 0.8, 0.5]
Score of training (classical) [0.8, 0.9625, 0.9375, 0.65]
Sample 120
Take max_iter as  231
Score of validation 0.5
Score of training 1.0
Score of validation (classical) [0.65, 0.6, 0.7, 0.7]
Score of training (classical) [0.7625, 0.9, 0.8375, 0.7375]
Sample 121
Take max_iter as  237
Score of validation 0.55
Score of training 1.0
Score of validation (classical) [0.6, 0.6, 0.65, 0.65]
Score of training (classical) [0.8375, 0.875, 0.8375, 0.7625]
Sample 122
Take max_iter as  220
Score of validation 0.55
Score of training 1.0
Score of validation (classical) [0.65, 0.5, 0.65, 0.75]
Score of training (classical) [0.8, 0.9, 0.8625, 0.5375]
Sample 123
Take max_iter as  224
Score of validation 0.6
Score of training 1.0
Score of validation (classical) [0.6, 0.7, 0.65, 0.65]
Score of training (classical) [0.7625, 0.925, 0.8625, 0.725]
Sample 124
Take max_iter as  208
Score of validation 0.55
Score of training 1.0
Score of validation (classical) [0.6, 0.65, 0.6, 0.65]
Score of training (classical) [0.7125, 0.8375, 0.8, 0.5625]
Sample 125
Take max_iter as  238
Score of validation 0.45
Score of training 1.0
Score of validation (classical) [0.65, 0.8, 0.7, 0.4]
Score of training (classical) [0.6875, 0.8875, 0.8125, 0.5625]
Sample 126
Take max_iter as  225
Score of validation 0.85
Score of training 0.975
Score of validation (classical) [0.6, 0.75, 0.8, 0.4]
Score of training (classical) [0.725, 0.85, 0.8125, 0.575]
Sample 127
Take max_iter as  228
Score of validation 0.75
Score of training 1.0
Score of validation (classical) [0.8, 0.85, 0.9, 0.7]
Score of training (classical) [0.825, 0.9375, 0.8875, 0.7125]
Sample 128
Take max_iter as  223
Score of validation 0.6
Score of training 1.0
Score of validation (classical) [0.75, 0.65, 0.75, 0.75]
Score of training (classical) [0.8125, 0.9, 0.875, 0.7375]
Sample 129
Take max_iter as  204
Score of validation 0.6
Score of training 1.0
Score of validation (classical) [0.85, 0.95, 0.85, 0.75]
Score of training (classical) [0.675, 0.8125, 0.7875, 0.6125]
Sample 130
Take max_iter as  233
Score of validation 0.55
Score of training 0.9875
Score of validation (classical) [0.55, 0.75, 0.7, 0.4]
Score of training (classical) [0.725, 0.9, 0.85, 0.6375]
Sample 131
Take max_iter as  219
Score of validation 0.65
Score of training 0.9875
Score of validation (classical) [0.8, 0.7, 0.8, 0.65]
Score of training (classical) [0.75, 0.8375, 0.8875, 0.6375]
Sample 132
Take max_iter as  221
Score of validation 0.6
Score of training 1.0
Score of validation (classical) [0.75, 0.75, 0.75, 0.7]
Score of training (classical) [0.7125, 0.925, 0.875, 0.6375]
Sample 133
Take max_iter as  226
Score of validation 0.65
Score of training 0.9875
Score of validation (classical) [0.45, 0.45, 0.35, 0.45]
Score of training (classical) [0.8375, 0.8875, 0.8625, 0.6875]
Sample 134
Take max_iter as  227
Score of validation 0.65
Score of training 0.975
Score of validation (classical) [0.6, 0.75, 0.75, 0.6]
Score of training (classical) [0.775, 0.9, 0.875, 0.65]
Sample 135
Take max_iter as  229
Score of validation 0.65
Score of training 1.0
Score of validation (classical) [0.75, 0.5, 0.95, 0.8]
Score of training (classical) [0.7625, 0.8625, 0.8875, 0.625]
Sample 136
Take max_iter as  227
Score of validation 0.55
Score of training 1.0
Score of validation (classical) [0.65, 0.8, 0.75, 0.65]
Score of training (classical) [0.825, 0.925, 0.875, 0.6875]
Sample 137
Take max_iter as  216
Score of validation 0.55
Score of training 0.9875
Score of validation (classical) [0.7, 0.8, 0.75, 0.6]
Score of training (classical) [0.825, 0.9625, 0.9125, 0.7375]
Sample 138
Take max_iter as  218
Score of validation 0.5
Score of training 1.0
Score of validation (classical) [0.75, 0.75, 0.9, 0.55]
Score of training (classical) [0.8125, 0.925, 0.875, 0.6125]
Sample 139
Take max_iter as  240
Score of validation 0.65
Score of training 0.9875
Score of validation (classical) [0.7, 0.85, 0.75, 0.7]
Score of training (classical) [0.75, 0.8625, 0.8, 0.65]
Sample 140
Take max_iter as  206
Score of validation 0.65
Score of training 1.0
Score of validation (classical) [0.6, 0.75, 0.7, 0.6]
Score of training (classical) [0.8, 0.9375, 0.9, 0.725]
Sample 141
Take max_iter as  228
Score of validation 0.75
Score of training 1.0
Score of validation (classical) [0.75, 0.9, 0.8, 0.6]
Score of training (classical) [0.775, 0.9125, 0.875, 0.625]
Sample 142
Take max_iter as  233
Score of validation 0.4
Score of training 1.0
Score of validation (classical) [0.7, 0.75, 0.7, 0.6]
Score of training (classical) [0.7625, 0.9, 0.875, 0.6875]
Sample 143
Take max_iter as  229
Score of validation 0.75
Score of training 1.0
Score of validation (classical) [0.6, 0.7, 0.7, 0.55]
Score of training (classical) [0.775, 0.9, 0.8375, 0.6375]
Sample 144
Take max_iter as  224
Score of validation 0.65
Score of training 1.0
Score of validation (classical) [0.8, 0.6, 0.75, 0.7]
Score of training (classical) [0.8625, 0.925, 0.9, 0.675]
Sample 145
Take max_iter as  223
Score of validation 0.5
Score of training 1.0
Score of validation (classical) [0.55, 0.6, 0.6, 0.6]
Score of training (classical) [0.675, 0.875, 0.825, 0.425]
Sample 146
Take max_iter as  209
Score of validation 0.5
Score of training 0.9875
Score of validation (classical) [0.65, 0.85, 0.65, 0.4]
Score of training (classical) [0.7375, 0.95, 0.8875, 0.675]
Sample 147
Take max_iter as  219
Score of validation 0.8
Score of training 1.0
Score of validation (classical) [0.6, 0.8, 0.6, 0.4]
Score of training (classical) [0.7375, 0.8625, 0.825, 0.675]
Sample 148
Take max_iter as  226
Score of validation 0.65
Score of training 1.0
Score of validation (classical) [0.65, 0.65, 0.75, 0.65]
Score of training (classical) [0.775, 0.9, 0.85, 0.5875]
Sample 149
Take max_iter as  218
Score of validation 0.5
Score of training 1.0
Score of validation (classical) [0.5, 0.6, 0.55, 0.35]
Score of training (classical) [0.75, 0.9, 0.775, 0.4875]
Sample 150
Take max_iter as  210
Score of validation 0.7
Score of training 1.0
Score of validation (classical) [0.65, 0.85, 0.8, 0.55]
Score of training (classical) [0.75, 0.875, 0.8125, 0.625]
Sample 151
Take max_iter as  243
Score of validation 0.4
Score of training 1.0
Score of validation (classical) [0.55, 0.6, 0.55, 0.55]
Score of training (classical) [0.85, 0.9375, 0.925, 0.725]
Sample 152
Take max_iter as  227
Score of validation 0.8
Score of training 1.0
Score of validation (classical) [0.55, 0.9, 0.75, 0.55]
Score of training (classical) [0.725, 0.9375, 0.875, 0.625]
Sample 153
Take max_iter as  214
Score of validation 0.65
Score of training 0.9875
Score of validation (classical) [0.65, 0.8, 0.75, 0.65]
Score of training (classical) [0.7125, 0.9, 0.85, 0.6875]
Sample 154
Take max_iter as  236
Score of validation 0.65
Score of training 0.9875
Score of validation (classical) [0.7, 0.95, 0.8, 0.7]
Score of training (classical) [0.7125, 0.9, 0.8375, 0.675]
Sample 155
Take max_iter as  226
Score of validation 0.4
Score of training 1.0
Score of validation (classical) [0.6, 0.7, 0.8, 0.45]
Score of training (classical) [0.775, 0.9625, 0.9375, 0.7]
Sample 156
Take max_iter as  232
Score of validation 0.7
Score of training 1.0
Score of validation (classical) [0.65, 0.75, 0.75, 0.55]
Score of training (classical) [0.7625, 0.85, 0.775, 0.65]
Sample 157
Take max_iter as  212
Score of validation 0.6
Score of training 1.0
Score of validation (classical) [0.75, 0.7, 0.75, 0.75]
Score of training (classical) [0.675, 0.85, 0.8375, 0.6]
Sample 158
Take max_iter as  232
Score of validation 0.7
Score of training 1.0
Score of validation (classical) [0.75, 0.8, 0.8, 0.65]
Score of training (classical) [0.8, 0.925, 0.925, 0.75]
Sample 159
Take max_iter as  222
Score of validation 0.55
Score of training 1.0
Score of validation (classical) [0.55, 0.65, 0.6, 0.65]
Score of training (classical) [0.7625, 0.9375, 0.9, 0.6875]
Sample 160
Take max_iter as  226
Score of validation 0.8
Score of training 0.9875
Score of validation (classical) [0.55, 0.85, 0.85, 0.6]
Score of training (classical) [0.6625, 0.9125, 0.9, 0.4625]
Sample 161
Take max_iter as  212
Score of validation 0.75
Score of training 1.0
Score of validation (classical) [0.7, 0.75, 0.8, 0.5]
Score of training (classical) [0.725, 0.8375, 0.7875, 0.625]
Sample 162
Take max_iter as  230
Score of validation 0.65
Score of training 0.9875
Score of validation (classical) [0.5, 0.65, 0.65, 0.55]
Score of training (classical) [0.8, 0.925, 0.8625, 0.6625]
Sample 163
Take max_iter as  220
Score of validation 0.8
Score of training 1.0
Score of validation (classical) [0.75, 0.8, 0.8, 0.65]
Score of training (classical) [0.6875, 0.875, 0.875, 0.6125]
Sample 164
Take max_iter as  188
Score of validation 0.75
Score of training 0.9875
Score of validation (classical) [0.7, 0.8, 0.75, 0.6]
Score of training (classical) [0.7, 0.9, 0.8375, 0.6125]
Sample 165
Take max_iter as  212
Score of validation 0.8
Score of training 1.0
Score of validation (classical) [0.85, 0.9, 0.9, 0.8]
Score of training (classical) [0.7375, 0.925, 0.875, 0.6125]
Sample 166
Take max_iter as  223
Score of validation 0.55
Score of training 1.0
Score of validation (classical) [0.55, 0.75, 0.75, 0.5]
Score of training (classical) [0.6875, 0.875, 0.875, 0.5375]
Sample 167
Take max_iter as  220
Score of validation 0.35
Score of training 1.0
Score of validation (classical) [0.5, 0.7, 0.7, 0.6]
Score of training (classical) [0.6625, 0.8875, 0.825, 0.5875]
Sample 168
Take max_iter as  216
Score of validation 0.6
Score of training 1.0
Score of validation (classical) [0.85, 0.9, 0.9, 0.8]
Score of training (classical) [0.725, 0.8625, 0.85, 0.6375]
Sample 169
Take max_iter as  210
Score of validation 0.55
Score of training 1.0
Score of validation (classical) [0.6, 0.75, 0.6, 0.55]
Score of training (classical) [0.7125, 0.9125, 0.7875, 0.6375]
Sample 170
Take max_iter as  205
Score of validation 0.6
Score of training 1.0
Score of validation (classical) [0.65, 0.85, 0.8, 0.75]
Score of training (classical) [0.85, 0.9375, 0.9125, 0.75]
Sample 171
Take max_iter as  209
Score of validation 0.55
Score of training 1.0
Score of validation (classical) [0.7, 0.7, 0.8, 0.6]
Score of training (classical) [0.8375, 0.925, 0.9, 0.6875]
Sample 172
Take max_iter as  194
Score of validation 0.65
Score of training 0.9875
Score of validation (classical) [0.85, 0.95, 0.9, 0.75]
Score of training (classical) [0.7875, 0.8875, 0.875, 0.675]
Sample 173
Take max_iter as  219
Score of validation 0.65
Score of training 0.9875
Score of validation (classical) [0.55, 0.8, 0.7, 0.5]
Score of training (classical) [0.7125, 0.875, 0.85, 0.625]
Sample 174
Take max_iter as  203
Score of validation 0.5
Score of training 0.9875
Score of validation (classical) [0.85, 0.75, 0.75, 0.8]
Score of training (classical) [0.825, 0.9125, 0.9, 0.675]
Sample 175
Take max_iter as  226
Score of validation 0.6
Score of training 1.0
Score of validation (classical) [0.85, 0.85, 0.85, 0.65]
Score of training (classical) [0.8375, 0.9375, 0.875, 0.65]
Sample 176
Take max_iter as  203
Score of validation 0.85
Score of training 0.9875
Score of validation (classical) [0.75, 0.85, 0.8, 0.6]
Score of training (classical) [0.7375, 0.8875, 0.875, 0.6]
Sample 177
Take max_iter as  216
Score of validation 0.65
Score of training 0.9875
Score of validation (classical) [0.55, 0.85, 0.75, 0.3]
Score of training (classical) [0.8, 0.9, 0.9, 0.575]
Sample 178
Take max_iter as  206
Score of validation 0.6
Score of training 1.0
Score of validation (classical) [0.8, 0.9, 0.85, 0.75]
Score of training (classical) [0.75, 0.8625, 0.8125, 0.6875]
Sample 179
Take max_iter as  205
Score of validation 0.7
Score of training 1.0
Score of validation (classical) [0.75, 0.9, 0.9, 0.75]
Score of training (classical) [0.7125, 0.925, 0.875, 0.65]
Sample 180
Take max_iter as  205
Score of validation 0.6
Score of training 1.0
Score of validation (classical) [0.85, 0.8, 0.8, 0.8]
Score of training (classical) [0.7375, 0.875, 0.8375, 0.7]
Sample 181
Take max_iter as  214
Score of validation 0.7
Score of training 1.0
Score of validation (classical) [0.9, 0.95, 0.9, 0.8]
Score of training (classical) [0.8375, 0.95, 0.925, 0.7]
Sample 182
Take max_iter as  205
Score of validation 0.6
Score of training 1.0
Score of validation (classical) [0.8, 0.65, 0.65, 0.8]
Score of training (classical) [0.75, 0.9125, 0.8, 0.675]
Sample 183
Take max_iter as  217
Score of validation 0.6
Score of training 0.9875
Score of validation (classical) [0.6, 0.6, 0.65, 0.6]
Score of training (classical) [0.825, 0.8625, 0.875, 0.725]
Sample 184
Take max_iter as  227
Score of validation 0.55
Score of training 1.0
Score of validation (classical) [0.45, 0.7, 0.65, 0.5]
Score of training (classical) [0.7875, 0.875, 0.85, 0.625]
Sample 185
Take max_iter as  211
Score of validation 0.75
Score of training 0.9875
Score of validation (classical) [0.55, 0.7, 0.6, 0.5]
Score of training (classical) [0.7625, 0.85, 0.8375, 0.675]
Sample 186
Take max_iter as  227
Score of validation 0.35
Score of training 1.0
Score of validation (classical) [0.65, 0.65, 0.55, 0.55]
Score of training (classical) [0.8125, 0.8875, 0.9, 0.6875]
Sample 187
Take max_iter as  231
Score of validation 0.5
Score of training 1.0
Score of validation (classical) [0.8, 0.95, 0.9, 0.65]
Score of training (classical) [0.775, 0.85, 0.825, 0.7]
Sample 188
Take max_iter as  237
Score of validation 0.7
Score of training 0.9875
Score of validation (classical) [0.6, 0.8, 0.8, 0.55]
Score of training (classical) [0.8375, 0.925, 0.9125, 0.7375]
Sample 189
Take max_iter as  216
Score of validation 0.8
Score of training 1.0
Score of validation (classical) [0.75, 0.8, 0.8, 0.7]
Score of training (classical) [0.75, 0.95, 0.9375, 0.625]
Sample 190
Take max_iter as  240
Score of validation 0.55
Score of training 0.9875
Score of validation (classical) [0.65, 0.7, 0.7, 0.6]
Score of training (classical) [0.75, 0.9125, 0.85, 0.5875]
Sample 191
Take max_iter as  219
Score of validation 0.65
Score of training 1.0
Score of validation (classical) [0.65, 0.75, 0.75, 0.6]
Score of training (classical) [0.775, 0.8875, 0.875, 0.7]
Sample 192
Take max_iter as  213
Score of validation 0.6
Score of training 1.0
Score of validation (classical) [0.7, 0.65, 0.7, 0.55]
Score of training (classical) [0.8375, 0.9375, 0.925, 0.6875]
Sample 193
Take max_iter as  227
Score of validation 0.75
Score of training 1.0
Score of validation (classical) [0.75, 0.85, 0.85, 0.7]
Score of training (classical) [0.7875, 0.9375, 0.9125, 0.6]
Sample 194
Take max_iter as  209
Score of validation 0.7
Score of training 0.9875
Score of validation (classical) [0.6, 0.7, 0.7, 0.65]
Score of training (classical) [0.725, 0.8875, 0.8375, 0.625]
Sample 195
Take max_iter as  199
Score of validation 0.65
Score of training 0.9875
Score of validation (classical) [0.8, 0.85, 0.8, 0.65]
Score of training (classical) [0.7625, 0.875, 0.85, 0.6625]
Sample 196
Take max_iter as  226
Score of validation 0.6
Score of training 1.0
Score of validation (classical) [0.65, 0.7, 0.7, 0.55]
Score of training (classical) [0.825, 0.9, 0.8625, 0.7125]
Sample 197
Take max_iter as  222
Score of validation 0.75
Score of training 1.0
Score of validation (classical) [0.7, 0.85, 0.75, 0.6]
Score of training (classical) [0.7875, 0.925, 0.8625, 0.725]
Sample 198
Take max_iter as  225
Score of validation 0.65
Score of training 1.0
Score of validation (classical) [0.6, 0.5, 0.65, 0.55]
Score of training (classical) [0.7625, 0.85, 0.8125, 0.725]
Sample 199
Take max_iter as  212
Score of validation 0.85
Score of training 0.9875
Score of validation (classical) [0.8, 0.9, 0.95, 0.7]
Score of training (classical) [0.75, 0.875, 0.8625, 0.675]
Sample 200
Take max_iter as  222
Score of validation 0.6
Score of training 1.0
Score of validation (classical) [0.55, 0.7, 0.7, 0.4]
Score of training (classical) [0.775, 0.8875, 0.875, 0.675]
Sample 201
Take max_iter as  225
Score of validation 0.65
Score of training 0.9875
Score of validation (classical) [0.7, 0.65, 0.65, 0.6]
Score of training (classical) [0.725, 0.9375, 0.9125, 0.4875]
Sample 202
Take max_iter as  236
Score of validation 0.55
Score of training 0.9875
Score of validation (classical) [0.8, 0.95, 0.9, 0.65]
Score of training (classical) [0.75, 0.8625, 0.8625, 0.6625]
Sample 203
Take max_iter as  229
Score of validation 0.6
Score of training 0.9875
Score of validation (classical) [0.7, 0.85, 0.8, 0.55]
Score of training (classical) [0.6875, 0.875, 0.8375, 0.6375]
Sample 204
Take max_iter as  207
Score of validation 0.75
Score of training 1.0
Score of validation (classical) [0.75, 0.7, 0.75, 0.55]
Score of training (classical) [0.8, 0.8875, 0.85, 0.475]
Sample 205
Take max_iter as  243
Score of validation 0.45
Score of training 1.0
Score of validation (classical) [0.6, 0.8, 0.75, 0.65]
Score of training (classical) [0.825, 0.95, 0.925, 0.75]
Sample 206
Take max_iter as  210
Score of validation 0.75
Score of training 1.0
Score of validation (classical) [0.7, 0.8, 0.75, 0.45]
Score of training (classical) [0.65, 0.875, 0.875, 0.45]
Sample 207
Take max_iter as  218
Score of validation 0.85
Score of training 1.0
Score of validation (classical) [0.8, 0.75, 0.85, 0.75]
Score of training (classical) [0.725, 0.8375, 0.775, 0.6125]
Sample 208
Take max_iter as  224
Score of validation 0.4
Score of training 0.9875
Score of validation (classical) [0.7, 0.65, 0.65, 0.6]
Score of training (classical) [0.8375, 0.9, 0.8875, 0.7125]
Sample 209
Take max_iter as  215
Score of validation 0.7
Score of training 1.0
Score of validation (classical) [0.65, 0.75, 0.75, 0.45]
Score of training (classical) [0.7625, 0.9375, 0.85, 0.6]
Sample 210
Take max_iter as  222
Score of validation 0.8
Score of training 1.0
Score of validation (classical) [0.6, 0.75, 0.7, 0.6]
Score of training (classical) [0.7875, 0.9375, 0.9125, 0.6]
Sample 211
Take max_iter as  218
Score of validation 0.55
Score of training 1.0
Score of validation (classical) [0.65, 0.65, 0.65, 0.6]
Score of training (classical) [0.8125, 0.9125, 0.9125, 0.6625]
Sample 212
Take max_iter as  219
Score of validation 0.45
Score of training 0.9875
Score of validation (classical) [0.55, 0.75, 0.7, 0.4]
Score of training (classical) [0.7625, 0.9375, 0.925, 0.7]
Sample 213
Take max_iter as  218
Score of validation 0.65
Score of training 1.0
Score of validation (classical) [0.6, 0.65, 0.55, 0.55]
Score of training (classical) [0.8, 0.95, 0.9125, 0.625]
Sample 214
Take max_iter as  231
Score of validation 0.7
Score of training 1.0
Score of validation (classical) [0.65, 0.9, 0.75, 0.4]
Score of training (classical) [0.8, 0.9, 0.8625, 0.65]
Sample 215
Take max_iter as  216
Score of validation 0.85
Score of training 1.0
Score of validation (classical) [0.6, 0.8, 0.65, 0.5]
Score of training (classical) [0.7125, 0.9, 0.8625, 0.55]
Sample 216
Take max_iter as  230
Score of validation 0.6
Score of training 1.0
Score of validation (classical) [0.7, 0.65, 0.7, 0.45]
Score of training (classical) [0.775, 0.8, 0.7875, 0.625]
Sample 217
Take max_iter as  226
Score of validation 0.75
Score of training 0.9875
Score of validation (classical) [0.6, 0.65, 0.7, 0.5]
Score of training (classical) [0.7875, 0.9, 0.8875, 0.5875]
Sample 218
Take max_iter as  235
Score of validation 0.55
Score of training 0.9875
Score of validation (classical) [0.65, 0.75, 0.7, 0.8]
Score of training (classical) [0.775, 0.925, 0.875, 0.6375]
Sample 219
Take max_iter as  224
Score of validation 0.85
Score of training 1.0
Score of validation (classical) [0.8, 0.95, 0.8, 0.8]
Score of training (classical) [0.8125, 0.9125, 0.9, 0.6625]
Sample 220
Take max_iter as  226
Score of validation 0.5
Score of training 1.0
Score of validation (classical) [0.55, 0.8, 0.75, 0.45]
Score of training (classical) [0.75, 0.925, 0.875, 0.625]
Sample 221
Take max_iter as  219
Score of validation 0.65
Score of training 0.9875
Score of validation (classical) [0.75, 0.75, 0.75, 0.75]
Score of training (classical) [0.8, 0.925, 0.8375, 0.675]
Sample 222
Take max_iter as  206
Score of validation 0.85
Score of training 0.9875
Score of validation (classical) [0.7, 0.95, 0.9, 0.5]
Score of training (classical) [0.8125, 0.9125, 0.8875, 0.6125]
Sample 223
Take max_iter as  225
Score of validation 0.6
Score of training 1.0
Score of validation (classical) [0.7, 0.8, 0.75, 0.6]
Score of training (classical) [0.775, 0.9125, 0.8875, 0.725]
Sample 224
Take max_iter as  214
Score of validation 0.7
Score of training 0.9875
Score of validation (classical) [0.7, 0.7, 0.65, 0.65]
Score of training (classical) [0.8, 0.8875, 0.8875, 0.7125]
Sample 225
Take max_iter as  220
Score of validation 0.6
Score of training 1.0
Score of validation (classical) [0.65, 0.65, 0.6, 0.6]
Score of training (classical) [0.775, 0.9375, 0.8875, 0.675]
Sample 226
Take max_iter as  209
Score of validation 0.65
Score of training 1.0
Score of validation (classical) [0.75, 0.7, 0.75, 0.7]
Score of training (classical) [0.8375, 0.925, 0.9, 0.725]
Sample 227
Take max_iter as  200
Score of validation 0.55
Score of training 1.0
Score of validation (classical) [0.7, 0.85, 0.75, 0.7]
Score of training (classical) [0.7625, 0.875, 0.85, 0.6375]
Sample 228
Take max_iter as  237
Score of validation 0.65
Score of training 1.0
Score of validation (classical) [0.5, 0.55, 0.55, 0.35]
Score of training (classical) [0.7, 0.8625, 0.8125, 0.625]
Sample 229
Take max_iter as  229
Score of validation 0.65
Score of training 0.975
Score of validation (classical) [0.65, 0.8, 0.65, 0.6]
Score of training (classical) [0.7875, 0.8375, 0.8375, 0.7125]
Sample 230
Take max_iter as  220
Score of validation 0.55
Score of training 1.0
Score of validation (classical) [0.7, 0.8, 0.75, 0.6]
Score of training (classical) [0.8125, 0.8875, 0.8875, 0.5875]
Sample 231
Take max_iter as  229
Score of validation 0.55
Score of training 0.975
Score of validation (classical) [0.8, 0.9, 0.85, 0.65]
Score of training (classical) [0.725, 0.9, 0.8875, 0.575]
Sample 232
Take max_iter as  204
Score of validation 0.6
Score of training 1.0
Score of validation (classical) [0.6, 0.75, 0.75, 0.65]
Score of training (classical) [0.8375, 0.9125, 0.8875, 0.5875]
Sample 233
Take max_iter as  205
Score of validation 0.85
Score of training 0.975
Score of validation (classical) [0.5, 0.55, 0.6, 0.5]
Score of training (classical) [0.625, 0.7875, 0.7875, 0.5375]
Sample 234
Take max_iter as  216
Score of validation 0.45
Score of training 1.0
Score of validation (classical) [0.6, 0.8, 0.7, 0.6]
Score of training (classical) [0.7375, 0.9, 0.8, 0.725]
Sample 235
Take max_iter as  222
Score of validation 0.9
Score of training 1.0
Score of validation (classical) [0.75, 0.85, 0.85, 0.75]
Score of training (classical) [0.825, 0.95, 0.925, 0.75]
Sample 236
Take max_iter as  225
Score of validation 0.65
Score of training 0.9875
Score of validation (classical) [0.6, 0.65, 0.6, 0.55]
Score of training (classical) [0.8625, 0.9375, 0.9125, 0.7625]
Sample 237
Take max_iter as  217
Score of validation 0.65
Score of training 1.0
Score of validation (classical) [0.65, 0.75, 0.65, 0.6]
Score of training (classical) [0.825, 0.9625, 0.9375, 0.7875]
Sample 238
Take max_iter as  242
Score of validation 0.65
Score of training 1.0
Score of validation (classical) [0.7, 0.75, 0.65, 0.65]
Score of training (classical) [0.8, 0.9125, 0.875, 0.725]
Sample 239
Take max_iter as  203
Score of validation 0.85
Score of training 1.0
Score of validation (classical) [0.75, 0.8, 0.75, 0.5]
Score of training (classical) [0.8125, 0.875, 0.8375, 0.675]
Sample 240
Take max_iter as  232
Score of validation 0.65
Score of training 1.0
Score of validation (classical) [0.6, 0.7, 0.75, 0.4]
Score of training (classical) [0.7875, 0.925, 0.9, 0.6625]
Sample 241
Take max_iter as  240
Score of validation 0.55
Score of training 1.0
Score of validation (classical) [0.75, 0.8, 0.8, 0.7]
Score of training (classical) [0.825, 0.9375, 0.9125, 0.7875]
Sample 242
Take max_iter as  227
Score of validation 0.45
Score of training 0.9875
Score of validation (classical) [0.65, 0.7, 0.7, 0.55]
Score of training (classical) [0.85, 0.875, 0.8375, 0.7375]
Sample 243
Take max_iter as  202
Score of validation 0.6
Score of training 1.0
Score of validation (classical) [0.55, 0.7, 0.7, 0.5]
Score of training (classical) [0.8, 0.9125, 0.8375, 0.675]
Sample 244
Take max_iter as  191
Score of validation 0.75
Score of training 1.0
Score of validation (classical) [0.7, 0.7, 0.75, 0.65]
Score of training (classical) [0.7125, 0.8375, 0.7875, 0.55]
Sample 245
Take max_iter as  231
Score of validation 0.6
Score of training 1.0
Score of validation (classical) [0.75, 0.75, 0.75, 0.5]
Score of training (classical) [0.8, 0.925, 0.875, 0.675]
Sample 246
Take max_iter as  216
Score of validation 0.8
Score of training 1.0
Score of validation (classical) [0.55, 0.75, 0.7, 0.55]
Score of training (classical) [0.775, 0.925, 0.8375, 0.6625]
Sample 247
Take max_iter as  227
Score of validation 0.6
Score of training 1.0
Score of validation (classical) [0.75, 0.8, 0.8, 0.8]
Score of training (classical) [0.7375, 0.975, 0.925, 0.6625]
Sample 248
Take max_iter as  209
Score of validation 0.65
Score of training 0.9875
Score of validation (classical) [0.55, 0.55, 0.55, 0.55]
Score of training (classical) [0.825, 0.8375, 0.85, 0.75]
Sample 249
Take max_iter as  212
Score of validation 0.5
Score of training 1.0
Score of validation (classical) [0.65, 0.8, 0.8, 0.6]
Score of training (classical) [0.6625, 0.825, 0.8125, 0.5375]
Sample 250
Take max_iter as  214
Score of validation 0.65
Score of training 0.975
Score of validation (classical) [0.85, 0.7, 0.8, 0.75]
Score of training (classical) [0.75, 0.8625, 0.8375, 0.6625]
Sample 251
Take max_iter as  223
Score of validation 0.65
Score of training 1.0
Score of validation (classical) [0.7, 0.8, 0.75, 0.6]
Score of training (classical) [0.8125, 0.9875, 0.925, 0.6]
Sample 252
Take max_iter as  219
Score of validation 0.5
Score of training 1.0
Score of validation (classical) [0.7, 0.75, 0.8, 0.6]
Score of training (classical) [0.7625, 0.8625, 0.875, 0.575]
Sample 253
Take max_iter as  229
Score of validation 0.65
Score of training 1.0
Score of validation (classical) [0.6, 0.65, 0.65, 0.5]
Score of training (classical) [0.6875, 0.7625, 0.775, 0.625]
Sample 254
Take max_iter as  219
Score of validation 0.45
Score of training 0.9875
Score of validation (classical) [0.5, 0.7, 0.65, 0.45]
Score of training (classical) [0.75, 0.875, 0.7625, 0.6625]
Sample 255
Take max_iter as  221
Score of validation 0.5
Score of training 0.9875
Score of validation (classical) [0.7, 0.65, 0.7, 0.6]
Score of training (classical) [0.7375, 0.8875, 0.85, 0.6625]
Sample 256
Take max_iter as  216
Score of validation 0.75
Score of training 1.0
Score of validation (classical) [0.7, 0.8, 0.7, 0.7]
Score of training (classical) [0.7625, 0.925, 0.8875, 0.65]
Sample 257
Take max_iter as  226
Score of validation 0.6
Score of training 1.0
Score of validation (classical) [0.7, 0.7, 0.7, 0.65]
Score of training (classical) [0.7875, 0.8875, 0.875, 0.6625]
Sample 258
Take max_iter as  207
Score of validation 0.75
Score of training 1.0
Score of validation (classical) [0.6, 0.6, 0.55, 0.65]
Score of training (classical) [0.7875, 0.8625, 0.8375, 0.6875]
Sample 259
Take max_iter as  193
Score of validation 0.7
Score of training 0.9875
Score of validation (classical) [0.65, 0.9, 0.8, 0.4]
Score of training (classical) [0.7625, 0.925, 0.875, 0.6125]
Sample 260
Take max_iter as  219
Score of validation 0.7
Score of training 1.0
Score of validation (classical) [0.65, 0.7, 0.7, 0.7]
Score of training (classical) [0.7, 0.85, 0.8, 0.6625]
Sample 261
Take max_iter as  211
Score of validation 0.65
Score of training 0.9875
Score of validation (classical) [0.9, 0.95, 0.95, 0.7]
Score of training (classical) [0.825, 0.9125, 0.8875, 0.6625]
Sample 262
Take max_iter as  218
Score of validation 0.75
Score of training 1.0
Score of validation (classical) [0.8, 0.8, 0.8, 0.8]
Score of training (classical) [0.8375, 0.8875, 0.8625, 0.7875]
Sample 263
Take max_iter as  231
Score of validation 0.55
Score of training 0.975
Score of validation (classical) [0.7, 0.55, 0.65, 0.6]
Score of training (classical) [0.7625, 0.8875, 0.8375, 0.7]
Sample 264
Take max_iter as  196
Score of validation 0.75
Score of training 0.9875
Score of validation (classical) [0.8, 0.7, 0.85, 0.85]
Score of training (classical) [0.7375, 0.85, 0.825, 0.6625]
Sample 265
Take max_iter as  232
Score of validation 0.7
Score of training 1.0
Score of validation (classical) [0.7, 0.75, 0.7, 0.6]
Score of training (classical) [0.7, 0.925, 0.8875, 0.6]
Sample 266
Take max_iter as  213
Score of validation 0.65
Score of training 1.0
Score of validation (classical) [0.65, 0.85, 0.8, 0.6]
Score of training (classical) [0.7875, 0.9125, 0.875, 0.6875]
Sample 267
Take max_iter as  224
Score of validation 0.55
Score of training 1.0
Score of validation (classical) [0.6, 0.7, 0.65, 0.65]
Score of training (classical) [0.7875, 0.875, 0.875, 0.5625]
Sample 268
Take max_iter as  215
Score of validation 0.75
Score of training 0.9875
Score of validation (classical) [0.7, 0.9, 0.8, 0.65]
Score of training (classical) [0.725, 0.9125, 0.8875, 0.6375]
Sample 269
Take max_iter as  214
Score of validation 0.8
Score of training 1.0
Score of validation (classical) [0.75, 0.85, 0.9, 0.45]
Score of training (classical) [0.8375, 0.9125, 0.9, 0.725]
Sample 270
Take max_iter as  208
Score of validation 0.7
Score of training 0.9875
Score of validation (classical) [0.75, 0.9, 0.8, 0.65]
Score of training (classical) [0.7625, 0.825, 0.8125, 0.5625]
Sample 271
Take max_iter as  226
Score of validation 0.55
Score of training 0.975
Score of validation (classical) [0.6, 0.8, 0.65, 0.45]
Score of training (classical) [0.7125, 0.8875, 0.8625, 0.575]
Sample 272
Take max_iter as  228
Score of validation 0.8
Score of training 0.9875
Score of validation (classical) [0.65, 0.85, 0.7, 0.55]
Score of training (classical) [0.85, 0.9375, 0.875, 0.7375]
Sample 273
Take max_iter as  214
Score of validation 0.5
Score of training 0.9875
Score of validation (classical) [0.85, 0.9, 0.85, 0.8]
Score of training (classical) [0.8375, 0.925, 0.8875, 0.75]
Sample 274
Take max_iter as  189
Score of validation 0.85
Score of training 0.9875
Score of validation (classical) [0.75, 0.9, 0.95, 0.65]
Score of training (classical) [0.725, 0.9375, 0.9125, 0.625]
Sample 275
Take max_iter as  241
Score of validation 0.7
Score of training 1.0
Score of validation (classical) [0.65, 0.85, 0.65, 0.35]
Score of training (classical) [0.8375, 0.9125, 0.8875, 0.7125]
Sample 276
Take max_iter as  217
Score of validation 0.7
Score of training 1.0
Score of validation (classical) [0.9, 0.95, 0.9, 0.95]
Score of training (classical) [0.8375, 0.925, 0.925, 0.625]
Sample 277
Take max_iter as  242
Score of validation 0.45
Score of training 1.0
Score of validation (classical) [0.7, 0.7, 0.7, 0.7]
Score of training (classical) [0.8375, 0.95, 0.9375, 0.6125]
Sample 278
Take max_iter as  210
Score of validation 0.6
Score of training 0.9875
Score of validation (classical) [0.85, 0.8, 0.8, 0.65]
Score of training (classical) [0.7875, 0.8375, 0.8, 0.6375]
Sample 279
Take max_iter as  221
Score of validation 0.6
Score of training 1.0
Score of validation (classical) [0.8, 0.65, 0.7, 0.7]
Score of training (classical) [0.7625, 0.9125, 0.9125, 0.675]
Sample 280
Take max_iter as  218
Score of validation 0.65
Score of training 1.0
Score of validation (classical) [0.75, 1.0, 0.95, 0.65]
Score of training (classical) [0.775, 0.8625, 0.825, 0.6875]
Sample 281
Take max_iter as  214
Score of validation 0.7
Score of training 1.0
Score of validation (classical) [0.75, 0.9, 0.9, 0.5]
Score of training (classical) [0.775, 0.95, 0.8875, 0.6125]
Sample 282
Take max_iter as  225
Score of validation 0.85
Score of training 1.0
Score of validation (classical) [0.9, 0.8, 0.8, 0.6]
Score of training (classical) [0.775, 0.975, 0.925, 0.6]
Sample 283
Take max_iter as  206
Score of validation 0.7
Score of training 0.975
Score of validation (classical) [0.65, 0.7, 0.75, 0.55]
Score of training (classical) [0.725, 0.85, 0.8, 0.5625]
Sample 284
Take max_iter as  225
Score of validation 0.7
Score of training 0.9875
Score of validation (classical) [0.85, 0.9, 0.85, 0.65]
Score of training (classical) [0.825, 0.9375, 0.875, 0.6375]
Sample 285
Take max_iter as  230
Score of validation 0.7
Score of training 0.9875
Score of validation (classical) [0.6, 0.8, 0.7, 0.7]
Score of training (classical) [0.7625, 0.9125, 0.8875, 0.5875]
Sample 286
Take max_iter as  219
Score of validation 0.85
Score of training 1.0
Score of validation (classical) [0.7, 0.85, 0.7, 0.65]
Score of training (classical) [0.7375, 0.9125, 0.875, 0.525]
Sample 287
Take max_iter as  243
Score of validation 0.8
Score of training 0.9875
Score of validation (classical) [0.8, 0.95, 0.9, 0.85]
Score of training (classical) [0.7625, 0.8625, 0.8625, 0.6875]
Sample 288
Take max_iter as  212
Score of validation 0.65
Score of training 0.9875
Score of validation (classical) [0.65, 0.75, 0.8, 0.55]
Score of training (classical) [0.7375, 0.8875, 0.85, 0.7125]
Sample 289
Take max_iter as  206
Score of validation 0.65
Score of training 1.0
Score of validation (classical) [0.7, 0.85, 0.85, 0.6]
Score of training (classical) [0.75, 0.8875, 0.85, 0.55]
Sample 290
Take max_iter as  200
Score of validation 0.7
Score of training 1.0
Score of validation (classical) [0.65, 0.65, 0.65, 0.7]
Score of training (classical) [0.7625, 0.8625, 0.825, 0.6625]
Sample 291
Take max_iter as  217
Score of validation 0.8
Score of training 0.9875
Score of validation (classical) [0.8, 0.85, 0.85, 0.8]
Score of training (classical) [0.7875, 0.825, 0.825, 0.7]
Sample 292
Take max_iter as  192
Score of validation 0.7
Score of training 1.0
Score of validation (classical) [0.75, 0.75, 0.75, 0.55]
Score of training (classical) [0.7, 0.875, 0.8375, 0.55]
Sample 293
Take max_iter as  220
Score of validation 0.65
Score of training 1.0
Score of validation (classical) [0.75, 0.7, 0.8, 0.65]
Score of training (classical) [0.75, 0.8375, 0.8375, 0.65]
Sample 294
Take max_iter as  197
Score of validation 0.55
Score of training 1.0
Score of validation (classical) [0.6, 0.7, 0.7, 0.6]
Score of training (classical) [0.825, 0.9125, 0.875, 0.625]
Sample 295
Take max_iter as  225
Score of validation 0.7
Score of training 1.0
Score of validation (classical) [0.65, 0.75, 0.65, 0.6]
Score of training (classical) [0.8, 0.9125, 0.9, 0.7125]
Sample 296
Take max_iter as  227
Score of validation 0.65
Score of training 1.0
Score of validation (classical) [0.8, 0.8, 0.8, 0.7]
Score of training (classical) [0.7625, 0.9125, 0.875, 0.6875]
Sample 297
Take max_iter as  220
Score of validation 0.55
Score of training 1.0
Score of validation (classical) [0.4, 0.9, 0.7, 0.4]
Score of training (classical) [0.6375, 0.9375, 0.8125, 0.55]
Sample 298
Take max_iter as  219
Score of validation 0.75
Score of training 1.0
Score of validation (classical) [0.7, 0.8, 0.8, 0.35]
Score of training (classical) [0.65, 0.9125, 0.8625, 0.5875]
Sample 299
Take max_iter as  201
Score of validation 0.75
Score of training 1.0
Score of validation (classical) [0.65, 0.7, 0.8, 0.6]
Score of training (classical) [0.6, 0.8, 0.7875, 0.475]
