noise_test 3
8 circular 2 3
Attempt  0
Take max_iter as  1211
Score of validation 0.6653386454183267
Score of training 1.0
Score of validation (classical) [0.7250996015936255, 0.796812749003984, 0.7808764940239044, 0.6175298804780877]
Score of training (classical) [0.7432567432567433, 0.8411588411588412, 0.8491508491508492, 0.5434565434565435]
Attempt  1
Take max_iter as  1338
Score of validation 0.6972111553784861
Score of training 0.997002997002997
Score of validation (classical) [0.6972111553784861, 0.7848605577689243, 0.7649402390438247, 0.5776892430278885]
Score of training (classical) [0.7362637362637363, 0.8511488511488512, 0.8451548451548452, 0.5244755244755245]
Attempt  2
Take max_iter as  1323
Score of validation 0.6454183266932271
Score of training 0.998001998001998
Score of validation (classical) [0.7649402390438247, 0.7848605577689243, 0.796812749003984, 0.5617529880478087]
Score of training (classical) [0.7372627372627373, 0.8431568431568431, 0.8431568431568431, 0.5564435564435565]
Attempt  3
Take max_iter as  1307
Score of validation 0.5896414342629482
Score of training 0.999000999000999
Score of validation (classical) [0.7091633466135459, 0.7649402390438247, 0.796812749003984, 0.5737051792828686]
Score of training (classical) [0.7312687312687313, 0.8421578421578422, 0.8491508491508492, 0.5534465534465535]
Attempt  4
Take max_iter as  1332
Score of validation 0.6693227091633466
Score of training 1.0
Score of validation (classical) [0.6932270916334662, 0.7928286852589641, 0.7569721115537849, 0.549800796812749]
Score of training (classical) [0.7392607392607392, 0.8341658341658341, 0.8451548451548452, 0.5464535464535465]
Attempt  5
Take max_iter as  1291
Score of validation 0.6414342629482072
Score of training 1.0
Score of validation (classical) [0.7211155378486056, 0.7928286852589641, 0.7689243027888446, 0.5577689243027888]
Score of training (classical) [0.7322677322677322, 0.8351648351648352, 0.8401598401598401, 0.5334665334665335]
Attempt  6
Take max_iter as  1318
Score of validation 0.5816733067729084
Score of training 0.996003996003996
Score of validation (classical) [0.7410358565737052, 0.8047808764940239, 0.796812749003984, 0.545816733067729]
Score of training (classical) [0.7352647352647352, 0.8471528471528471, 0.8561438561438561, 0.5154845154845155]
Attempt  7
Take max_iter as  1294
Score of validation 0.601593625498008
Score of training 0.999000999000999
Score of validation (classical) [0.7171314741035857, 0.8286852589641435, 0.8167330677290837, 0.5537848605577689]
Score of training (classical) [0.7422577422577422, 0.8361638361638362, 0.8371628371628371, 0.5324675324675324]
Attempt  8
Take max_iter as  1322
Score of validation 0.6135458167330677
Score of training 0.999000999000999
Score of validation (classical) [0.6812749003984063, 0.8247011952191236, 0.8047808764940239, 0.4900398406374502]
Score of training (classical) [0.7142857142857143, 0.8381618381618382, 0.8281718281718282, 0.5344655344655345]
Attempt  9
Take max_iter as  1335
Score of validation 0.6733067729083665
Score of training 0.999000999000999
Score of validation (classical) [0.7250996015936255, 0.8127490039840638, 0.8127490039840638, 0.5976095617529881]
Score of training (classical) [0.7252747252747253, 0.8401598401598401, 0.8431568431568431, 0.5344655344655345]
Attempt  10
Take max_iter as  1282
Score of validation 0.6374501992031872
Score of training 0.997002997002997
Score of validation (classical) [0.7529880478087649, 0.8645418326693227, 0.8406374501992032, 0.5179282868525896]
Score of training (classical) [0.6863136863136863, 0.8251748251748252, 0.8171828171828172, 0.5184815184815185]
Attempt  11
Take max_iter as  1277
Score of validation 0.6175298804780877
Score of training 0.997002997002997
Score of validation (classical) [0.7091633466135459, 0.8087649402390438, 0.796812749003984, 0.5418326693227091]
Score of training (classical) [0.7012987012987013, 0.8401598401598401, 0.8361638361638362, 0.5374625374625375]
Attempt  12
Take max_iter as  1264
Score of validation 0.6653386454183267
Score of training 0.999000999000999
Score of validation (classical) [0.6972111553784861, 0.7888446215139442, 0.7768924302788844, 0.5338645418326693]
Score of training (classical) [0.7282717282717283, 0.8431568431568431, 0.8361638361638362, 0.5484515484515484]
Attempt  13
Take max_iter as  1339
Score of validation 0.6653386454183267
Score of training 1.0
Score of validation (classical) [0.7370517928286853, 0.8047808764940239, 0.8047808764940239, 0.6055776892430279]
Score of training (classical) [0.7332667332667333, 0.8371628371628371, 0.8371628371628371, 0.5404595404595405]
Attempt  14
Take max_iter as  1335
Score of validation 0.5856573705179283
Score of training 0.998001998001998
Score of validation (classical) [0.6892430278884463, 0.8047808764940239, 0.8007968127490039, 0.5338645418326693]
Score of training (classical) [0.7072927072927073, 0.8441558441558441, 0.8441558441558441, 0.5064935064935064]
Attempt  15
Take max_iter as  1320
Score of validation 0.6533864541832669
Score of training 0.994005994005994
Score of validation (classical) [0.6852589641434262, 0.8047808764940239, 0.7928286852589641, 0.5258964143426295]
Score of training (classical) [0.7152847152847153, 0.8411588411588412, 0.8411588411588412, 0.5544455544455544]
Attempt  16
Take max_iter as  1319
Score of validation 0.6294820717131474
Score of training 1.0
Score of validation (classical) [0.7689243027888446, 0.8167330677290837, 0.8207171314741036, 0.5936254980079682]
Score of training (classical) [0.7292707292707292, 0.8301698301698301, 0.8321678321678322, 0.5364635364635365]
Attempt  17
Take max_iter as  1319
Score of validation 0.6055776892430279
Score of training 0.999000999000999
Score of validation (classical) [0.7091633466135459, 0.7848605577689243, 0.8047808764940239, 0.5617529880478087]
Score of training (classical) [0.7232767232767233, 0.8501498501498501, 0.8531468531468531, 0.5354645354645354]
Attempt  18
Take max_iter as  1334
Score of validation 0.6294820717131474
Score of training 0.999000999000999
Score of validation (classical) [0.7051792828685259, 0.8247011952191236, 0.8047808764940239, 0.5537848605577689]
Score of training (classical) [0.7032967032967034, 0.8451548451548452, 0.8381618381618382, 0.5304695304695305]
Attempt  19
Take max_iter as  1319
Score of validation 0.6254980079681275
Score of training 0.998001998001998
Score of validation (classical) [0.6852589641434262, 0.8087649402390438, 0.8047808764940239, 0.5697211155378487]
Score of training (classical) [0.7292707292707292, 0.8401598401598401, 0.8371628371628371, 0.5334665334665335]
Attempt  20
Take max_iter as  1330
Score of validation 0.6215139442231076
Score of training 0.999000999000999
Score of validation (classical) [0.7131474103585658, 0.8366533864541833, 0.8087649402390438, 0.5657370517928287]
Score of training (classical) [0.7542457542457542, 0.8451548451548452, 0.8341658341658341, 0.5114885114885115]
Attempt  21
Take max_iter as  1281
Score of validation 0.5896414342629482
Score of training 0.999000999000999
Score of validation (classical) [0.7609561752988048, 0.8446215139442231, 0.8207171314741036, 0.5776892430278885]
Score of training (classical) [0.7192807192807192, 0.8421578421578422, 0.8421578421578422, 0.5254745254745254]
Attempt  22
Take max_iter as  1289
Score of validation 0.6653386454183267
Score of training 0.999000999000999
Score of validation (classical) [0.6812749003984063, 0.8047808764940239, 0.8087649402390438, 0.5418326693227091]
Score of training (classical) [0.7092907092907093, 0.8361638361638362, 0.8331668331668332, 0.5354645354645354]
Attempt  23
Take max_iter as  1266
Score of validation 0.5776892430278885
Score of training 1.0
Score of validation (classical) [0.6932270916334662, 0.796812749003984, 0.7928286852589641, 0.5657370517928287]
Score of training (classical) [0.7352647352647352, 0.8451548451548452, 0.8491508491508492, 0.5444555444555444]
Attempt  24
Take max_iter as  1306
Score of validation 0.6334661354581673
Score of training 0.999000999000999
Score of validation (classical) [0.7330677290836654, 0.8446215139442231, 0.8286852589641435, 0.5418326693227091]
Score of training (classical) [0.7502497502497503, 0.8401598401598401, 0.8431568431568431, 0.5434565434565435]
Attempt  25
Take max_iter as  1280
Score of validation 0.6294820717131474
Score of training 0.997002997002997
Score of validation (classical) [0.6892430278884463, 0.8087649402390438, 0.8167330677290837, 0.5139442231075697]
Score of training (classical) [0.7012987012987013, 0.8321678321678322, 0.8351648351648352, 0.5234765234765235]
Attempt  26
Take max_iter as  1302
Score of validation 0.5697211155378487
Score of training 0.998001998001998
Score of validation (classical) [0.6972111553784861, 0.7649402390438247, 0.7569721115537849, 0.5338645418326693]
Score of training (classical) [0.7562437562437563, 0.8491508491508492, 0.8491508491508492, 0.5564435564435565]
Attempt  27
Take max_iter as  1383
Score of validation 0.5537848605577689
Score of training 0.998001998001998
Score of validation (classical) [0.6812749003984063, 0.8087649402390438, 0.8047808764940239, 0.5697211155378487]
Score of training (classical) [0.7072927072927073, 0.8371628371628371, 0.8421578421578422, 0.5324675324675324]
Attempt  28
Take max_iter as  1302
Score of validation 0.6294820717131474
Score of training 0.999000999000999
Score of validation (classical) [0.7609561752988048, 0.8127490039840638, 0.8167330677290837, 0.545816733067729]
Score of training (classical) [0.7322677322677322, 0.8331668331668332, 0.8441558441558441, 0.5214785214785215]
Attempt  29
Take max_iter as  1333
Score of validation 0.6254980079681275
Score of training 0.997002997002997
Score of validation (classical) [0.701195219123506, 0.7729083665338645, 0.7848605577689243, 0.4940239043824701]
Score of training (classical) [0.7042957042957043, 0.8391608391608392, 0.8581418581418582, 0.5164835164835165]
Attempt  30
Take max_iter as  1285
Score of validation 0.5776892430278885
Score of training 0.998001998001998
Score of validation (classical) [0.7410358565737052, 0.8247011952191236, 0.8207171314741036, 0.5418326693227091]
Score of training (classical) [0.7442557442557443, 0.8441558441558441, 0.8511488511488512, 0.5494505494505495]
Attempt  31
Take max_iter as  1354
Score of validation 0.6254980079681275
Score of training 0.999000999000999
Score of validation (classical) [0.7250996015936255, 0.7848605577689243, 0.8047808764940239, 0.5976095617529881]
Score of training (classical) [0.7312687312687313, 0.8371628371628371, 0.8391608391608392, 0.5514485514485514]
Attempt  32
Take max_iter as  1288
Score of validation 0.6972111553784861
Score of training 0.998001998001998
Score of validation (classical) [0.7290836653386454, 0.8047808764940239, 0.7888446215139442, 0.5537848605577689]
Score of training (classical) [0.7462537462537463, 0.8461538461538461, 0.8551448551448552, 0.5314685314685315]
Attempt  33
Take max_iter as  1313
Score of validation 0.6334661354581673
Score of training 0.997002997002997
Score of validation (classical) [0.701195219123506, 0.7649402390438247, 0.8047808764940239, 0.6254980079681275]
Score of training (classical) [0.7032967032967034, 0.8011988011988012, 0.8311688311688312, 0.5714285714285714]
Attempt  34
Take max_iter as  1292
Score of validation 0.6095617529880478
Score of training 0.999000999000999
Score of validation (classical) [0.7569721115537849, 0.7649402390438247, 0.8007968127490039, 0.5617529880478087]
Score of training (classical) [0.7442557442557443, 0.8471528471528471, 0.8471528471528471, 0.5424575424575424]
Attempt  35
Take max_iter as  1280
Score of validation 0.6414342629482072
Score of training 0.999000999000999
Score of validation (classical) [0.7410358565737052, 0.8247011952191236, 0.8087649402390438, 0.5418326693227091]
Score of training (classical) [0.7482517482517482, 0.8331668331668332, 0.8311688311688312, 0.5684315684315684]
Attempt  36
Take max_iter as  1271
Score of validation 0.6135458167330677
Score of training 0.997002997002997
Score of validation (classical) [0.7091633466135459, 0.8247011952191236, 0.8087649402390438, 0.5577689243027888]
Score of training (classical) [0.7032967032967034, 0.8411588411588412, 0.8291708291708292, 0.5424575424575424]
Attempt  37
Take max_iter as  1316
Score of validation 0.5936254980079682
Score of training 1.0
Score of validation (classical) [0.7171314741035857, 0.8167330677290837, 0.8007968127490039, 0.5737051792828686]
Score of training (classical) [0.7312687312687313, 0.8411588411588412, 0.8401598401598401, 0.5684315684315684]
Attempt  38
Take max_iter as  1197
Score of validation 0.5896414342629482
Score of training 0.999000999000999
Score of validation (classical) [0.749003984063745, 0.7848605577689243, 0.7729083665338645, 0.5896414342629482]
Score of training (classical) [0.7222777222777222, 0.8461538461538461, 0.8461538461538461, 0.5384615384615384]
Attempt  39
Take max_iter as  1241
Score of validation 0.6294820717131474
Score of training 0.997002997002997
Score of validation (classical) [0.7729083665338645, 0.848605577689243, 0.8406374501992032, 0.5378486055776892]
Score of training (classical) [0.7282717282717283, 0.8341658341658341, 0.8301698301698301, 0.5304695304695305]
Attempt  40
Take max_iter as  1311
Score of validation 0.6055776892430279
Score of training 0.999000999000999
Score of validation (classical) [0.6852589641434262, 0.8007968127490039, 0.8087649402390438, 0.5378486055776892]
Score of training (classical) [0.7092907092907093, 0.8431568431568431, 0.8341658341658341, 0.5214785214785215]
Attempt  41
Take max_iter as  1290
Score of validation 0.5737051792828686
Score of training 0.998001998001998
Score of validation (classical) [0.6892430278884463, 0.8207171314741036, 0.8207171314741036, 0.5577689243027888]
Score of training (classical) [0.7122877122877123, 0.8371628371628371, 0.8341658341658341, 0.5484515484515484]
Attempt  42
Take max_iter as  1209
Score of validation 0.5896414342629482
Score of training 1.0
Score of validation (classical) [0.7410358565737052, 0.7928286852589641, 0.796812749003984, 0.5737051792828686]
Score of training (classical) [0.7172827172827173, 0.8441558441558441, 0.8471528471528471, 0.5554445554445554]
Attempt  43
Take max_iter as  1289
Score of validation 0.6095617529880478
Score of training 0.999000999000999
Score of validation (classical) [0.7649402390438247, 0.8286852589641435, 0.8286852589641435, 0.5617529880478087]
Score of training (classical) [0.7412587412587412, 0.8371628371628371, 0.8391608391608392, 0.5354645354645354]
Attempt  44
Take max_iter as  1282
Score of validation 0.649402390438247
Score of training 1.0
Score of validation (classical) [0.7171314741035857, 0.8167330677290837, 0.8127490039840638, 0.5896414342629482]
Score of training (classical) [0.7342657342657343, 0.8451548451548452, 0.8391608391608392, 0.5624375624375625]
Attempt  45
Take max_iter as  1267
Score of validation 0.6055776892430279
Score of training 0.998001998001998
Score of validation (classical) [0.6972111553784861, 0.8247011952191236, 0.8286852589641435, 0.5418326693227091]
Score of training (classical) [0.7122877122877123, 0.8241758241758241, 0.8251748251748252, 0.5494505494505495]
Attempt  46
Take max_iter as  1340
Score of validation 0.5896414342629482
Score of training 0.998001998001998
Score of validation (classical) [0.7689243027888446, 0.8406374501992032, 0.8406374501992032, 0.5657370517928287]
Score of training (classical) [0.7422577422577422, 0.8431568431568431, 0.8391608391608392, 0.5314685314685315]
Attempt  47
Take max_iter as  1264
Score of validation 0.5936254980079682
Score of training 0.999000999000999
Score of validation (classical) [0.6892430278884463, 0.8127490039840638, 0.8007968127490039, 0.549800796812749]
Score of training (classical) [0.7162837162837162, 0.8401598401598401, 0.8321678321678322, 0.5294705294705294]
Attempt  48
Take max_iter as  1276
Score of validation 0.6254980079681275
Score of training 0.999000999000999
Score of validation (classical) [0.7330677290836654, 0.8286852589641435, 0.8167330677290837, 0.5936254980079682]
Score of training (classical) [0.7252747252747253, 0.8351648351648352, 0.8351648351648352, 0.5604395604395604]
Attempt  49
Take max_iter as  1278
Score of validation 0.6254980079681275
Score of training 0.999000999000999
Score of validation (classical) [0.7051792828685259, 0.8127490039840638, 0.8366533864541833, 0.5378486055776892]
Score of training (classical) [0.7402597402597403, 0.8301698301698301, 0.8251748251748252, 0.5404595404595405]
Attempt  50
Take max_iter as  1254
Score of validation 0.6294820717131474
Score of training 0.999000999000999
Score of validation (classical) [0.7370517928286853, 0.8286852589641435, 0.8286852589641435, 0.5976095617529881]
Score of training (classical) [0.7382617382617382, 0.8501498501498501, 0.8381618381618382, 0.5364635364635365]
Attempt  51
Take max_iter as  1260
Score of validation 0.6215139442231076
Score of training 0.999000999000999
Score of validation (classical) [0.749003984063745, 0.8047808764940239, 0.796812749003984, 0.5896414342629482]
Score of training (classical) [0.7302697302697303, 0.8411588411588412, 0.8381618381618382, 0.5424575424575424]
Attempt  52
Take max_iter as  1294
Score of validation 0.6613545816733067
Score of training 0.998001998001998
Score of validation (classical) [0.7450199203187251, 0.8047808764940239, 0.8047808764940239, 0.5737051792828686]
Score of training (classical) [0.7262737262737263, 0.8411588411588412, 0.8331668331668332, 0.5404595404595405]
Attempt  53
Take max_iter as  1295
Score of validation 0.6573705179282868
Score of training 0.999000999000999
Score of validation (classical) [0.7211155378486056, 0.7888446215139442, 0.7928286852589641, 0.5418326693227091]
Score of training (classical) [0.7482517482517482, 0.8491508491508492, 0.8441558441558441, 0.5594405594405595]
Attempt  54
Take max_iter as  1268
Score of validation 0.6812749003984063
Score of training 1.0
Score of validation (classical) [0.7330677290836654, 0.852589641434263, 0.8406374501992032, 0.5657370517928287]
Score of training (classical) [0.7352647352647352, 0.8321678321678322, 0.8281718281718282, 0.5534465534465535]
Attempt  55
Take max_iter as  1328
Score of validation 0.7051792828685259
Score of training 0.997002997002997
Score of validation (classical) [0.7091633466135459, 0.7649402390438247, 0.8366533864541833, 0.5976095617529881]
Score of training (classical) [0.7042957042957043, 0.8041958041958042, 0.8431568431568431, 0.5394605394605395]
Attempt  56
Take max_iter as  1287
Score of validation 0.6215139442231076
Score of training 1.0
Score of validation (classical) [0.7569721115537849, 0.8326693227091634, 0.8286852589641435, 0.5338645418326693]
Score of training (classical) [0.7342657342657343, 0.8401598401598401, 0.8361638361638362, 0.5444555444555444]
Attempt  57
Take max_iter as  1349
Score of validation 0.6254980079681275
Score of training 1.0
Score of validation (classical) [0.7450199203187251, 0.796812749003984, 0.7888446215139442, 0.5697211155378487]
Score of training (classical) [0.7532467532467533, 0.8501498501498501, 0.8441558441558441, 0.5484515484515484]
Attempt  58
Take max_iter as  1298
Score of validation 0.5179282868525896
Score of training 1.0
Score of validation (classical) [0.6932270916334662, 0.8207171314741036, 0.8207171314741036, 0.5537848605577689]
Score of training (classical) [0.7462537462537463, 0.8391608391608392, 0.8581418581418582, 0.5334665334665335]
Attempt  59
Take max_iter as  1281
Score of validation 0.601593625498008
Score of training 0.998001998001998
Score of validation (classical) [0.7250996015936255, 0.7808764940239044, 0.7928286852589641, 0.6095617529880478]
Score of training (classical) [0.7522477522477522, 0.8471528471528471, 0.8511488511488512, 0.5514485514485514]
Attempt  60
Take max_iter as  1312
Score of validation 0.6095617529880478
Score of training 0.998001998001998
Score of validation (classical) [0.7051792828685259, 0.796812749003984, 0.8047808764940239, 0.5697211155378487]
Score of training (classical) [0.7122877122877123, 0.8501498501498501, 0.8371628371628371, 0.5454545454545454]
Attempt  61
Take max_iter as  1304
Score of validation 0.5936254980079682
Score of training 0.998001998001998
Score of validation (classical) [0.6852589641434262, 0.8047808764940239, 0.8007968127490039, 0.5059760956175299]
Score of training (classical) [0.7432567432567433, 0.8491508491508492, 0.8441558441558441, 0.5404595404595405]
Attempt  62
Take max_iter as  1336
Score of validation 0.6454183266932271
Score of training 1.0
Score of validation (classical) [0.7250996015936255, 0.8047808764940239, 0.8127490039840638, 0.5577689243027888]
Score of training (classical) [0.7402597402597403, 0.8431568431568431, 0.8431568431568431, 0.5494505494505495]
Attempt  63
Take max_iter as  1236
Score of validation 0.6055776892430279
Score of training 0.999000999000999
Score of validation (classical) [0.7649402390438247, 0.8247011952191236, 0.8406374501992032, 0.5737051792828686]
Score of training (classical) [0.7242757242757243, 0.8351648351648352, 0.8241758241758241, 0.5454545454545454]
Attempt  64
Take max_iter as  1334
Score of validation 0.5856573705179283
Score of training 0.998001998001998
Score of validation (classical) [0.6932270916334662, 0.8247011952191236, 0.8446215139442231, 0.545816733067729]
Score of training (classical) [0.7072927072927073, 0.8391608391608392, 0.8261738261738262, 0.5154845154845155]
Attempt  65
Take max_iter as  1333
Score of validation 0.6533864541832669
Score of training 0.994005994005994
Score of validation (classical) [0.7250996015936255, 0.8366533864541833, 0.8247011952191236, 0.5378486055776892]
Score of training (classical) [0.6993006993006993, 0.8331668331668332, 0.8221778221778222, 0.5134865134865135]
Attempt  66
Take max_iter as  1313
Score of validation 0.6613545816733067
Score of training 0.997002997002997
Score of validation (classical) [0.7051792828685259, 0.8007968127490039, 0.8406374501992032, 0.5976095617529881]
Score of training (classical) [0.7032967032967034, 0.8201798201798202, 0.8411588411588412, 0.5764235764235764]
Attempt  67
Take max_iter as  1263
Score of validation 0.6374501992031872
Score of training 0.996003996003996
Score of validation (classical) [0.6852589641434262, 0.796812749003984, 0.8087649402390438, 0.549800796812749]
Score of training (classical) [0.7082917082917083, 0.8461538461538461, 0.8431568431568431, 0.5384615384615384]
Attempt  68
Take max_iter as  1253
Score of validation 0.6254980079681275
Score of training 1.0
Score of validation (classical) [0.7808764940239044, 0.796812749003984, 0.8167330677290837, 0.5936254980079682]
Score of training (classical) [0.7382617382617382, 0.8451548451548452, 0.8431568431568431, 0.5204795204795205]
Attempt  69
Take max_iter as  1338
Score of validation 0.649402390438247
Score of training 0.998001998001998
Score of validation (classical) [0.8007968127490039, 0.8605577689243028, 0.8565737051792829, 0.5697211155378487]
Score of training (classical) [0.7362637362637363, 0.8271728271728271, 0.8331668331668332, 0.5264735264735265]
Attempt  70
Take max_iter as  1273
Score of validation 0.6254980079681275
Score of training 0.999000999000999
Score of validation (classical) [0.7569721115537849, 0.8446215139442231, 0.8446215139442231, 0.5976095617529881]
Score of training (classical) [0.7342657342657343, 0.8291708291708292, 0.8311688311688312, 0.5554445554445554]
Attempt  71
Take max_iter as  1304
Score of validation 0.5936254980079682
Score of training 0.999000999000999
Score of validation (classical) [0.7410358565737052, 0.8207171314741036, 0.8247011952191236, 0.5896414342629482]
Score of training (classical) [0.7462537462537463, 0.8311688311688312, 0.8241758241758241, 0.5374625374625375]
Attempt  72
Take max_iter as  1256
Score of validation 0.6533864541832669
Score of training 0.998001998001998
Score of validation (classical) [0.7051792828685259, 0.8007968127490039, 0.796812749003984, 0.549800796812749]
Score of training (classical) [0.7322677322677322, 0.8441558441558441, 0.8391608391608392, 0.5504495504495505]
Attempt  73
Take max_iter as  1283
Score of validation 0.6573705179282868
Score of training 0.997002997002997
Score of validation (classical) [0.6852589641434262, 0.8007968127490039, 0.7888446215139442, 0.50199203187251]
Score of training (classical) [0.7102897102897103, 0.8461538461538461, 0.8391608391608392, 0.5424575424575424]
Attempt  74
Take max_iter as  1319
Score of validation 0.6055776892430279
Score of training 0.997002997002997
Score of validation (classical) [0.7091633466135459, 0.7768924302788844, 0.796812749003984, 0.601593625498008]
Score of training (classical) [0.7302697302697303, 0.8441558441558441, 0.8461538461538461, 0.5564435564435565]
Attempt  75
Take max_iter as  1255
Score of validation 0.5976095617529881
Score of training 0.998001998001998
Score of validation (classical) [0.7410358565737052, 0.8167330677290837, 0.8366533864541833, 0.5378486055776892]
Score of training (classical) [0.7292707292707292, 0.8431568431568431, 0.8341658341658341, 0.5454545454545454]
Attempt  76
Take max_iter as  1354
Score of validation 0.5976095617529881
Score of training 0.999000999000999
Score of validation (classical) [0.7171314741035857, 0.8366533864541833, 0.8366533864541833, 0.5896414342629482]
Score of training (classical) [0.7072927072927073, 0.8301698301698301, 0.8351648351648352, 0.5384615384615384]
Attempt  77
Take max_iter as  1279
Score of validation 0.6135458167330677
Score of training 0.998001998001998
Score of validation (classical) [0.7051792828685259, 0.8047808764940239, 0.7888446215139442, 0.5816733067729084]
Score of training (classical) [0.7472527472527473, 0.8471528471528471, 0.8541458541458542, 0.5514485514485514]
Attempt  78
Take max_iter as  1283
Score of validation 0.5936254980079682
Score of training 0.997002997002997
Score of validation (classical) [0.7848605577689243, 0.8725099601593626, 0.8645418326693227, 0.6294820717131474]
Score of training (classical) [0.7172827172827173, 0.8351648351648352, 0.8241758241758241, 0.5374625374625375]
Attempt  79
Take max_iter as  1249
Score of validation 0.649402390438247
Score of training 0.998001998001998
Score of validation (classical) [0.7091633466135459, 0.7848605577689243, 0.8127490039840638, 0.5378486055776892]
Score of training (classical) [0.7482517482517482, 0.8401598401598401, 0.8431568431568431, 0.5654345654345654]
Attempt  80
Take max_iter as  1198
Score of validation 0.5976095617529881
Score of training 0.998001998001998
Score of validation (classical) [0.7051792828685259, 0.7928286852589641, 0.8007968127490039, 0.5976095617529881]
Score of training (classical) [0.7162837162837162, 0.8301698301698301, 0.8381618381618382, 0.5454545454545454]
Attempt  81
Take max_iter as  1320
Score of validation 0.5856573705179283
Score of training 1.0
Score of validation (classical) [0.7450199203187251, 0.8207171314741036, 0.8167330677290837, 0.5418326693227091]
Score of training (classical) [0.7502497502497503, 0.8441558441558441, 0.8471528471528471, 0.5504495504495505]
Attempt  82
Take max_iter as  1360
Score of validation 0.6414342629482072
Score of training 0.998001998001998
Score of validation (classical) [0.7569721115537849, 0.8725099601593626, 0.8725099601593626, 0.5896414342629482]
Score of training (classical) [0.6873126873126874, 0.8261738261738262, 0.8181818181818182, 0.5274725274725275]
Attempt  83
Take max_iter as  1296
Score of validation 0.6414342629482072
Score of training 0.999000999000999
Score of validation (classical) [0.6414342629482072, 0.7091633466135459, 0.7768924302788844, 0.5418326693227091]
Score of training (classical) [0.7212787212787213, 0.8191808191808192, 0.8501498501498501, 0.5714285714285714]
Attempt  84
Take max_iter as  1331
Score of validation 0.6613545816733067
Score of training 0.997002997002997
Score of validation (classical) [0.7290836653386454, 0.8247011952191236, 0.8047808764940239, 0.5258964143426295]
Score of training (classical) [0.7442557442557443, 0.8541458541458542, 0.8501498501498501, 0.5234765234765235]
Attempt  85
Take max_iter as  1315
Score of validation 0.5896414342629482
Score of training 0.998001998001998
Score of validation (classical) [0.7131474103585658, 0.8127490039840638, 0.8087649402390438, 0.6175298804780877]
Score of training (classical) [0.7022977022977023, 0.8371628371628371, 0.8421578421578422, 0.5304695304695305]
Attempt  86
Take max_iter as  1306
Score of validation 0.6215139442231076
Score of training 0.996003996003996
Score of validation (classical) [0.701195219123506, 0.8047808764940239, 0.8087649402390438, 0.5856573705179283]
Score of training (classical) [0.7452547452547452, 0.8461538461538461, 0.8551448551448552, 0.5504495504495505]
Attempt  87
Take max_iter as  1324
Score of validation 0.5896414342629482
Score of training 0.999000999000999
Score of validation (classical) [0.7091633466135459, 0.8326693227091634, 0.8446215139442231, 0.545816733067729]
Score of training (classical) [0.7292707292707292, 0.8451548451548452, 0.8401598401598401, 0.5334665334665335]
Attempt  88
Take max_iter as  1273
Score of validation 0.5617529880478087
Score of training 1.0
Score of validation (classical) [0.7171314741035857, 0.8007968127490039, 0.8007968127490039, 0.5059760956175299]
Score of training (classical) [0.7412587412587412, 0.8491508491508492, 0.8461538461538461, 0.5304695304695305]
Attempt  89
Take max_iter as  1279
Score of validation 0.6215139442231076
Score of training 0.995004995004995
Score of validation (classical) [0.6972111553784861, 0.7768924302788844, 0.7808764940239044, 0.5139442231075697]
Score of training (classical) [0.7022977022977023, 0.8421578421578422, 0.8401598401598401, 0.5114885114885115]
Attempt  90
Take max_iter as  1359
Score of validation 0.6414342629482072
Score of training 0.998001998001998
Score of validation (classical) [0.7091633466135459, 0.8286852589641435, 0.8007968127490039, 0.5936254980079682]
Score of training (classical) [0.6973026973026973, 0.8411588411588412, 0.8301698301698301, 0.5404595404595405]
Attempt  91
Take max_iter as  1273
Score of validation 0.6055776892430279
Score of training 0.999000999000999
Score of validation (classical) [0.7171314741035857, 0.7689243027888446, 0.7848605577689243, 0.5816733067729084]
Score of training (classical) [0.7462537462537463, 0.8351648351648352, 0.8441558441558441, 0.5644355644355644]
Attempt  92
Take max_iter as  1360
Score of validation 0.6254980079681275
Score of training 0.997002997002997
Score of validation (classical) [0.6852589641434262, 0.8047808764940239, 0.7808764940239044, 0.5378486055776892]
Score of training (classical) [0.7032967032967034, 0.8441558441558441, 0.8401598401598401, 0.5244755244755245]
Attempt  93
Take max_iter as  1301
Score of validation 0.7131474103585658
Score of training 1.0
Score of validation (classical) [0.6693227091633466, 0.8127490039840638, 0.8087649402390438, 0.6055776892430279]
Score of training (classical) [0.7282717282717283, 0.8441558441558441, 0.8521478521478522, 0.5774225774225774]
Attempt  94
Take max_iter as  1310
Score of validation 0.5896414342629482
Score of training 0.998001998001998
Score of validation (classical) [0.7051792828685259, 0.7729083665338645, 0.7928286852589641, 0.5577689243027888]
Score of training (classical) [0.7172827172827173, 0.8481518481518482, 0.8491508491508492, 0.5294705294705294]
Attempt  95
Take max_iter as  1305
Score of validation 0.6095617529880478
Score of training 1.0
Score of validation (classical) [0.7330677290836654, 0.7928286852589641, 0.8007968127490039, 0.5617529880478087]
Score of training (classical) [0.7352647352647352, 0.8341658341658341, 0.8311688311688312, 0.5674325674325674]
Attempt  96
Take max_iter as  1278
Score of validation 0.6334661354581673
Score of training 0.999000999000999
Score of validation (classical) [0.7649402390438247, 0.8326693227091634, 0.8366533864541833, 0.601593625498008]
Score of training (classical) [0.7252747252747253, 0.8201798201798202, 0.8231768231768232, 0.5224775224775224]
Attempt  97
Take max_iter as  1326
Score of validation 0.6254980079681275
Score of training 0.997002997002997
Score of validation (classical) [0.7290836653386454, 0.8286852589641435, 0.796812749003984, 0.5816733067729084]
Score of training (classical) [0.7222777222777222, 0.8401598401598401, 0.8371628371628371, 0.5354645354645354]
Attempt  98
Take max_iter as  1260
Score of validation 0.5896414342629482
Score of training 0.999000999000999
Score of validation (classical) [0.7689243027888446, 0.8366533864541833, 0.8247011952191236, 0.5697211155378487]
Score of training (classical) [0.7332667332667333, 0.8251748251748252, 0.8251748251748252, 0.5314685314685315]
Attempt  99
Take max_iter as  1303
Score of validation 0.601593625498008
Score of training 1.0
Score of validation (classical) [0.7529880478087649, 0.7768924302788844, 0.7928286852589641, 0.5657370517928287]
Score of training (classical) [0.7432567432567433, 0.8431568431568431, 0.8461538461538461, 0.5414585414585414]
Attempt  100
Take max_iter as  1275
Score of validation 0.6733067729083665
Score of training 0.993006993006993
Score of validation (classical) [0.7330677290836654, 0.8207171314741036, 0.8247011952191236, 0.5737051792828686]
Score of training (classical) [0.6973026973026973, 0.8381618381618382, 0.8451548451548452, 0.5364635364635365]
Attempt  101
Take max_iter as  1372
Score of validation 0.6414342629482072
Score of training 1.0
Score of validation (classical) [0.7171314741035857, 0.8087649402390438, 0.8087649402390438, 0.5737051792828686]
Score of training (classical) [0.7492507492507493, 0.8291708291708292, 0.8331668331668332, 0.5494505494505495]
Attempt  102
Take max_iter as  1312
Score of validation 0.5976095617529881
Score of training 0.997002997002997
Score of validation (classical) [0.7649402390438247, 0.8326693227091634, 0.848605577689243, 0.5856573705179283]
Score of training (classical) [0.7412587412587412, 0.8461538461538461, 0.8411588411588412, 0.5744255744255744]
Attempt  103
Take max_iter as  1348
Score of validation 0.6573705179282868
Score of training 0.995004995004995
Score of validation (classical) [0.7250996015936255, 0.8127490039840638, 0.8007968127490039, 0.5298804780876494]
Score of training (classical) [0.7012987012987013, 0.8391608391608392, 0.8341658341658341, 0.5374625374625375]
Attempt  104
Take max_iter as  1327
Score of validation 0.6294820717131474
Score of training 0.999000999000999
Score of validation (classical) [0.6892430278884463, 0.8286852589641435, 0.8286852589641435, 0.5577689243027888]
Score of training (classical) [0.7402597402597403, 0.8381618381618382, 0.8311688311688312, 0.5564435564435565]
Attempt  105
Take max_iter as  1305
Score of validation 0.6454183266932271
Score of training 0.999000999000999
Score of validation (classical) [0.7450199203187251, 0.8286852589641435, 0.8326693227091634, 0.5577689243027888]
Score of training (classical) [0.7502497502497503, 0.8391608391608392, 0.8331668331668332, 0.5584415584415584]
Attempt  106
Take max_iter as  1352
Score of validation 0.6215139442231076
Score of training 1.0
Score of validation (classical) [0.7091633466135459, 0.8047808764940239, 0.7808764940239044, 0.5737051792828686]
Score of training (classical) [0.7482517482517482, 0.8461538461538461, 0.8431568431568431, 0.5644355644355644]
Attempt  107
Take max_iter as  1307
Score of validation 0.5816733067729084
Score of training 0.997002997002997
Score of validation (classical) [0.7250996015936255, 0.7848605577689243, 0.7848605577689243, 0.6055776892430279]
Score of training (classical) [0.7322677322677322, 0.8411588411588412, 0.8401598401598401, 0.5414585414585414]
Attempt  108
Take max_iter as  1264
Score of validation 0.6055776892430279
Score of training 1.0
Score of validation (classical) [0.6972111553784861, 0.8087649402390438, 0.8087649402390438, 0.5537848605577689]
Score of training (classical) [0.7482517482517482, 0.8501498501498501, 0.8501498501498501, 0.5314685314685315]
Attempt  109
Take max_iter as  1307
Score of validation 0.6215139442231076
Score of training 1.0
Score of validation (classical) [0.6972111553784861, 0.7689243027888446, 0.7729083665338645, 0.6095617529880478]
Score of training (classical) [0.7412587412587412, 0.8561438561438561, 0.8531468531468531, 0.5484515484515484]
Attempt  110
Take max_iter as  1308
Score of validation 0.6095617529880478
Score of training 0.999000999000999
Score of validation (classical) [0.7609561752988048, 0.8127490039840638, 0.7928286852589641, 0.6374501992031872]
Score of training (classical) [0.7522477522477522, 0.8491508491508492, 0.8491508491508492, 0.5464535464535465]
Attempt  111
Take max_iter as  1275
Score of validation 0.6454183266932271
Score of training 0.999000999000999
Score of validation (classical) [0.7211155378486056, 0.8087649402390438, 0.8087649402390438, 0.5418326693227091]
Score of training (classical) [0.7382617382617382, 0.8291708291708292, 0.8311688311688312, 0.5464535464535465]
Attempt  112
Take max_iter as  1262
Score of validation 0.6055776892430279
Score of training 0.996003996003996
Score of validation (classical) [0.6414342629482072, 0.7569721115537849, 0.7768924302788844, 0.5338645418326693]
Score of training (classical) [0.7182817182817183, 0.8541458541458542, 0.8481518481518482, 0.5424575424575424]
Attempt  113
Take max_iter as  1225
Score of validation 0.649402390438247
Score of training 1.0
Score of validation (classical) [0.7450199203187251, 0.848605577689243, 0.8446215139442231, 0.5896414342629482]
Score of training (classical) [0.7372627372627373, 0.8351648351648352, 0.8381618381618382, 0.5364635364635365]
Attempt  114
Take max_iter as  1260
Score of validation 0.6175298804780877
Score of training 0.998001998001998
Score of validation (classical) [0.7051792828685259, 0.7888446215139442, 0.796812749003984, 0.6135458167330677]
Score of training (classical) [0.6993006993006993, 0.8481518481518482, 0.8481518481518482, 0.5364635364635365]
Attempt  115
Take max_iter as  1362
Score of validation 0.601593625498008
Score of training 0.997002997002997
Score of validation (classical) [0.7370517928286853, 0.8406374501992032, 0.8406374501992032, 0.5936254980079682]
Score of training (classical) [0.7322677322677322, 0.8331668331668332, 0.8361638361638362, 0.5344655344655345]
Attempt  116
Take max_iter as  1276
Score of validation 0.5856573705179283
Score of training 0.995004995004995
Score of validation (classical) [0.6852589641434262, 0.7529880478087649, 0.7370517928286853, 0.5577689243027888]
Score of training (classical) [0.7142857142857143, 0.8411588411588412, 0.8331668331668332, 0.5454545454545454]
Attempt  117
Take max_iter as  1300
Score of validation 0.5577689243027888
Score of training 0.998001998001998
Score of validation (classical) [0.6414342629482072, 0.7529880478087649, 0.7410358565737052, 0.5179282868525896]
Score of training (classical) [0.7582417582417582, 0.8431568431568431, 0.8461538461538461, 0.5694305694305695]
Attempt  118
Take max_iter as  1293
Score of validation 0.6175298804780877
Score of training 1.0
Score of validation (classical) [0.6613545816733067, 0.7888446215139442, 0.7768924302788844, 0.5139442231075697]
Score of training (classical) [0.7472527472527473, 0.8471528471528471, 0.8521478521478522, 0.5764235764235764]
Attempt  119
Take max_iter as  1347
Score of validation 0.6175298804780877
Score of training 0.998001998001998
Score of validation (classical) [0.7091633466135459, 0.8286852589641435, 0.8247011952191236, 0.5418326693227091]
Score of training (classical) [0.7042957042957043, 0.8361638361638362, 0.8271728271728271, 0.5424575424575424]
Attempt  120
Take max_iter as  1315
Score of validation 0.601593625498008
Score of training 1.0
Score of validation (classical) [0.6414342629482072, 0.8167330677290837, 0.8087649402390438, 0.5338645418326693]
Score of training (classical) [0.7172827172827173, 0.8361638361638362, 0.8391608391608392, 0.5364635364635365]
Attempt  121
Take max_iter as  1305
Score of validation 0.6334661354581673
Score of training 0.997002997002997
Score of validation (classical) [0.7290836653386454, 0.8326693227091634, 0.8127490039840638, 0.5816733067729084]
Score of training (classical) [0.7502497502497503, 0.8311688311688312, 0.8381618381618382, 0.5464535464535465]
Attempt  122
Take max_iter as  1331
Score of validation 0.5976095617529881
Score of training 1.0
Score of validation (classical) [0.7211155378486056, 0.7928286852589641, 0.7928286852589641, 0.5737051792828686]
Score of training (classical) [0.7452547452547452, 0.8441558441558441, 0.8411588411588412, 0.5444555444555444]
Attempt  123
Take max_iter as  1308
Score of validation 0.6414342629482072
Score of training 0.998001998001998
Score of validation (classical) [0.7250996015936255, 0.8446215139442231, 0.8247011952191236, 0.601593625498008]
Score of training (classical) [0.7442557442557443, 0.8261738261738262, 0.8331668331668332, 0.5664335664335665]
Attempt  124
Take max_iter as  1327
Score of validation 0.6254980079681275
Score of training 0.999000999000999
Score of validation (classical) [0.7051792828685259, 0.8167330677290837, 0.8087649402390438, 0.549800796812749]
Score of training (classical) [0.7522477522477522, 0.8461538461538461, 0.8351648351648352, 0.5504495504495505]
Attempt  125
Take max_iter as  1260
Score of validation 0.5976095617529881
Score of training 1.0
Score of validation (classical) [0.7211155378486056, 0.8326693227091634, 0.8247011952191236, 0.5059760956175299]
Score of training (classical) [0.7342657342657343, 0.8331668331668332, 0.8371628371628371, 0.5444555444555444]
Attempt  126
Take max_iter as  1299
Score of validation 0.6215139442231076
Score of training 0.999000999000999
Score of validation (classical) [0.7171314741035857, 0.8167330677290837, 0.8167330677290837, 0.5816733067729084]
Score of training (classical) [0.7022977022977023, 0.8371628371628371, 0.8271728271728271, 0.5274725274725275]
Attempt  127
Take max_iter as  1289
Score of validation 0.6772908366533864
Score of training 0.999000999000999
Score of validation (classical) [0.7330677290836654, 0.8286852589641435, 0.8366533864541833, 0.5896414342629482]
Score of training (classical) [0.7112887112887113, 0.8381618381618382, 0.8281718281718282, 0.5334665334665335]
Attempt  128
Take max_iter as  1298
Score of validation 0.6772908366533864
Score of training 0.999000999000999
Score of validation (classical) [0.749003984063745, 0.7609561752988048, 0.8247011952191236, 0.5936254980079682]
Score of training (classical) [0.7092907092907093, 0.7982017982017982, 0.8351648351648352, 0.5444555444555444]
Attempt  129
Take max_iter as  1311
Score of validation 0.5936254980079682
Score of training 0.999000999000999
Score of validation (classical) [0.7330677290836654, 0.8007968127490039, 0.7848605577689243, 0.5617529880478087]
Score of training (classical) [0.7542457542457542, 0.8471528471528471, 0.8431568431568431, 0.5724275724275725]
Attempt  130
Take max_iter as  1338
Score of validation 0.649402390438247
Score of training 1.0
Score of validation (classical) [0.6892430278884463, 0.749003984063745, 0.7808764940239044, 0.5099601593625498]
Score of training (classical) [0.7472527472527473, 0.8391608391608392, 0.8491508491508492, 0.5614385614385614]
Attempt  131
Take max_iter as  1342
Score of validation 0.5617529880478087
Score of training 1.0
Score of validation (classical) [0.7290836653386454, 0.852589641434263, 0.8446215139442231, 0.5896414342629482]
Score of training (classical) [0.7392607392607392, 0.8271728271728271, 0.8311688311688312, 0.5514485514485514]
Attempt  132
Take max_iter as  1230
Score of validation 0.6294820717131474
Score of training 0.999000999000999
Score of validation (classical) [0.7848605577689243, 0.848605577689243, 0.8645418326693227, 0.545816733067729]
Score of training (classical) [0.7462537462537463, 0.8261738261738262, 0.8211788211788211, 0.5444555444555444]
Attempt  133
Take max_iter as  1327
Score of validation 0.5936254980079682
Score of training 0.997002997002997
Score of validation (classical) [0.6852589641434262, 0.8207171314741036, 0.8007968127490039, 0.5298804780876494]
Score of training (classical) [0.7602397602397603, 0.8501498501498501, 0.8531468531468531, 0.5604395604395604]
Attempt  134
Take max_iter as  1260
Score of validation 0.649402390438247
Score of training 0.999000999000999
Score of validation (classical) [0.7091633466135459, 0.7808764940239044, 0.7848605577689243, 0.5896414342629482]
Score of training (classical) [0.7512487512487512, 0.8471528471528471, 0.8461538461538461, 0.5774225774225774]
Attempt  135
Take max_iter as  1308
Score of validation 0.6852589641434262
Score of training 0.997002997002997
Score of validation (classical) [0.6892430278884463, 0.7529880478087649, 0.7450199203187251, 0.49800796812749004]
Score of training (classical) [0.7632367632367633, 0.8561438561438561, 0.8621378621378621, 0.5384615384615384]
Attempt  136
Take max_iter as  1281
Score of validation 0.5697211155378487
Score of training 1.0
Score of validation (classical) [0.7131474103585658, 0.7848605577689243, 0.7848605577689243, 0.5936254980079682]
Score of training (classical) [0.7342657342657343, 0.8521478521478522, 0.8541458541458542, 0.5544455544455544]
Attempt  137
Take max_iter as  1202
Score of validation 0.6334661354581673
Score of training 0.998001998001998
Score of validation (classical) [0.7211155378486056, 0.8047808764940239, 0.8167330677290837, 0.549800796812749]
Score of training (classical) [0.7402597402597403, 0.8401598401598401, 0.8391608391608392, 0.5484515484515484]
Attempt  138
Take max_iter as  1291
Score of validation 0.6374501992031872
Score of training 1.0
Score of validation (classical) [0.7569721115537849, 0.7808764940239044, 0.8167330677290837, 0.6135458167330677]
Score of training (classical) [0.7262737262737263, 0.8341658341658341, 0.8411588411588412, 0.5734265734265734]
Attempt  139
Take max_iter as  1354
Score of validation 0.549800796812749
Score of training 0.998001998001998
Score of validation (classical) [0.6613545816733067, 0.796812749003984, 0.7768924302788844, 0.5776892430278885]
Score of training (classical) [0.7142857142857143, 0.8421578421578422, 0.8361638361638362, 0.5424575424575424]
Attempt  140
Take max_iter as  1280
Score of validation 0.6454183266932271
Score of training 1.0
Score of validation (classical) [0.7569721115537849, 0.8406374501992032, 0.8605577689243028, 0.545816733067729]
Score of training (classical) [0.6933066933066933, 0.8351648351648352, 0.8231768231768232, 0.5184815184815185]
Attempt  141
Take max_iter as  1378
Score of validation 0.6414342629482072
Score of training 1.0
Score of validation (classical) [0.749003984063745, 0.8007968127490039, 0.8127490039840638, 0.5338645418326693]
Score of training (classical) [0.7382617382617382, 0.8361638361638362, 0.8341658341658341, 0.5394605394605395]
Attempt  142
Take max_iter as  1262
Score of validation 0.5856573705179283
Score of training 0.999000999000999
Score of validation (classical) [0.7729083665338645, 0.8007968127490039, 0.8127490039840638, 0.6055776892430279]
Score of training (classical) [0.7362637362637363, 0.8471528471528471, 0.8441558441558441, 0.5364635364635365]
Attempt  143
Take max_iter as  1278
Score of validation 0.6812749003984063
Score of training 1.0
Score of validation (classical) [0.7370517928286853, 0.8087649402390438, 0.8087649402390438, 0.5378486055776892]
Score of training (classical) [0.7412587412587412, 0.8391608391608392, 0.8401598401598401, 0.5614385614385614]
Attempt  144
Take max_iter as  1387
Score of validation 0.6454183266932271
Score of training 0.995004995004995
Score of validation (classical) [0.7131474103585658, 0.8047808764940239, 0.8127490039840638, 0.5697211155378487]
Score of training (classical) [0.7022977022977023, 0.8321678321678322, 0.8291708291708292, 0.5364635364635365]
Attempt  145
Take max_iter as  1378
Score of validation 0.6772908366533864
Score of training 0.998001998001998
Score of validation (classical) [0.7410358565737052, 0.8127490039840638, 0.8087649402390438, 0.5258964143426295]
Score of training (classical) [0.7292707292707292, 0.8361638361638362, 0.8411588411588412, 0.5254745254745254]
Attempt  146
Take max_iter as  1272
Score of validation 0.5657370517928287
Score of training 1.0
Score of validation (classical) [0.6972111553784861, 0.8167330677290837, 0.8446215139442231, 0.5298804780876494]
Score of training (classical) [0.7492507492507493, 0.8341658341658341, 0.8371628371628371, 0.5464535464535465]
Attempt  147
Take max_iter as  1268
Score of validation 0.6414342629482072
Score of training 0.999000999000999
Score of validation (classical) [0.7410358565737052, 0.8047808764940239, 0.8087649402390438, 0.549800796812749]
Score of training (classical) [0.7432567432567433, 0.8441558441558441, 0.8521478521478522, 0.5384615384615384]
Attempt  148
Take max_iter as  1291
Score of validation 0.5896414342629482
Score of training 0.999000999000999
Score of validation (classical) [0.7131474103585658, 0.8047808764940239, 0.7928286852589641, 0.5577689243027888]
Score of training (classical) [0.7512487512487512, 0.8491508491508492, 0.8401598401598401, 0.5424575424575424]
Attempt  149
Take max_iter as  1291
Score of validation 0.6374501992031872
Score of training 0.998001998001998
Score of validation (classical) [0.7330677290836654, 0.8286852589641435, 0.8247011952191236, 0.6095617529880478]
Score of training (classical) [0.7302697302697303, 0.8401598401598401, 0.8431568431568431, 0.5444555444555444]
Attempt  150
Take max_iter as  1318
Score of validation 0.5856573705179283
Score of training 1.0
Score of validation (classical) [0.7211155378486056, 0.7928286852589641, 0.7928286852589641, 0.5816733067729084]
Score of training (classical) [0.7232767232767233, 0.8471528471528471, 0.8481518481518482, 0.5624375624375625]
Attempt  151
Take max_iter as  1297
Score of validation 0.6454183266932271
Score of training 0.999000999000999
Score of validation (classical) [0.7171314741035857, 0.8406374501992032, 0.8286852589641435, 0.5378486055776892]
Score of training (classical) [0.7362637362637363, 0.8401598401598401, 0.8391608391608392, 0.5494505494505495]
Attempt  152
Take max_iter as  1262
Score of validation 0.6254980079681275
Score of training 0.999000999000999
Score of validation (classical) [0.749003984063745, 0.796812749003984, 0.7888446215139442, 0.5856573705179283]
Score of training (classical) [0.7262737262737263, 0.8371628371628371, 0.8421578421578422, 0.5194805194805194]
Attempt  153
Take max_iter as  1374
Score of validation 0.6215139442231076
Score of training 1.0
Score of validation (classical) [0.749003984063745, 0.8366533864541833, 0.8406374501992032, 0.5378486055776892]
Score of training (classical) [0.7462537462537463, 0.8451548451548452, 0.8351648351648352, 0.5304695304695305]
Attempt  154
Take max_iter as  1292
Score of validation 0.6135458167330677
Score of training 1.0
Score of validation (classical) [0.701195219123506, 0.7848605577689243, 0.7689243027888446, 0.5418326693227091]
Score of training (classical) [0.7482517482517482, 0.8591408591408591, 0.8471528471528471, 0.5364635364635365]
Attempt  155
Take max_iter as  1258
Score of validation 0.6533864541832669
Score of training 1.0
Score of validation (classical) [0.7450199203187251, 0.8685258964143426, 0.8326693227091634, 0.4900398406374502]
Score of training (classical) [0.7442557442557443, 0.8421578421578422, 0.8511488511488512, 0.5314685314685315]
Attempt  156
Take max_iter as  1292
Score of validation 0.601593625498008
Score of training 0.998001998001998
Score of validation (classical) [0.701195219123506, 0.8087649402390438, 0.8127490039840638, 0.5617529880478087]
Score of training (classical) [0.7392607392607392, 0.8391608391608392, 0.8401598401598401, 0.5574425574425574]
Attempt  157
Take max_iter as  1313
Score of validation 0.6852589641434262
Score of training 0.999000999000999
Score of validation (classical) [0.7330677290836654, 0.8007968127490039, 0.8127490039840638, 0.5378486055776892]
Score of training (classical) [0.7432567432567433, 0.8431568431568431, 0.8401598401598401, 0.5514485514485514]
Attempt  158
Take max_iter as  1283
Score of validation 0.5976095617529881
Score of training 1.0
Score of validation (classical) [0.7529880478087649, 0.8247011952191236, 0.8207171314741036, 0.5219123505976095]
Score of training (classical) [0.7522477522477522, 0.8431568431568431, 0.8371628371628371, 0.5614385614385614]
Attempt  159
Take max_iter as  1314
Score of validation 0.6135458167330677
Score of training 0.999000999000999
Score of validation (classical) [0.7370517928286853, 0.8565737051792829, 0.8406374501992032, 0.5816733067729084]
Score of training (classical) [0.7222777222777222, 0.8271728271728271, 0.8351648351648352, 0.5384615384615384]
Attempt  160
Take max_iter as  1310
Score of validation 0.5896414342629482
Score of training 1.0
Score of validation (classical) [0.7290836653386454, 0.8047808764940239, 0.7928286852589641, 0.5657370517928287]
Score of training (classical) [0.7442557442557443, 0.8501498501498501, 0.8431568431568431, 0.5524475524475524]
Attempt  161
Take max_iter as  1345
Score of validation 0.6334661354581673
Score of training 1.0
Score of validation (classical) [0.6812749003984063, 0.7689243027888446, 0.7808764940239044, 0.5298804780876494]
Score of training (classical) [0.7132867132867133, 0.8241758241758241, 0.8561438561438561, 0.5374625374625375]
Attempt  162
Take max_iter as  1323
Score of validation 0.601593625498008
Score of training 1.0
Score of validation (classical) [0.7290836653386454, 0.8127490039840638, 0.8207171314741036, 0.5697211155378487]
Score of training (classical) [0.7342657342657343, 0.8341658341658341, 0.8431568431568431, 0.5384615384615384]
Attempt  163
Take max_iter as  1333
Score of validation 0.6135458167330677
Score of training 1.0
Score of validation (classical) [0.7250996015936255, 0.796812749003984, 0.8087649402390438, 0.5617529880478087]
Score of training (classical) [0.7532467532467533, 0.8331668331668332, 0.8361638361638362, 0.5474525474525475]
Attempt  164
Take max_iter as  1224
Score of validation 0.6772908366533864
Score of training 1.0
Score of validation (classical) [0.7370517928286853, 0.7928286852589641, 0.7848605577689243, 0.601593625498008]
Score of training (classical) [0.7282717282717283, 0.8491508491508492, 0.8471528471528471, 0.5234765234765235]
Attempt  165
Take max_iter as  1335
Score of validation 0.601593625498008
Score of training 0.999000999000999
Score of validation (classical) [0.7131474103585658, 0.8207171314741036, 0.8247011952191236, 0.5258964143426295]
Score of training (classical) [0.7482517482517482, 0.8461538461538461, 0.8401598401598401, 0.5404595404595405]
Attempt  166
Take max_iter as  1255
Score of validation 0.6175298804780877
Score of training 0.998001998001998
Score of validation (classical) [0.6932270916334662, 0.8007968127490039, 0.7928286852589641, 0.5697211155378487]
Score of training (classical) [0.7102897102897103, 0.8361638361638362, 0.8301698301698301, 0.5354645354645354]
Attempt  167
Take max_iter as  1340
Score of validation 0.6573705179282868
Score of training 0.999000999000999
Score of validation (classical) [0.7171314741035857, 0.796812749003984, 0.8127490039840638, 0.5936254980079682]
Score of training (classical) [0.6993006993006993, 0.8281718281718282, 0.8401598401598401, 0.5364635364635365]
Attempt  168
Take max_iter as  1332
Score of validation 0.6334661354581673
Score of training 1.0
Score of validation (classical) [0.7131474103585658, 0.796812749003984, 0.7768924302788844, 0.5737051792828686]
Score of training (classical) [0.7442557442557443, 0.8471528471528471, 0.8471528471528471, 0.5264735264735265]
Attempt  169
Take max_iter as  1290
Score of validation 0.6414342629482072
Score of training 0.999000999000999
Score of validation (classical) [0.7370517928286853, 0.7808764940239044, 0.7928286852589641, 0.549800796812749]
Score of training (classical) [0.7412587412587412, 0.8411588411588412, 0.8421578421578422, 0.5634365634365635]
Attempt  170
Take max_iter as  1311
Score of validation 0.6374501992031872
Score of training 0.995004995004995
Score of validation (classical) [0.7091633466135459, 0.7888446215139442, 0.7848605577689243, 0.5976095617529881]
Score of training (classical) [0.7352647352647352, 0.8481518481518482, 0.8401598401598401, 0.5474525474525475]
Attempt  171
Take max_iter as  1344
Score of validation 0.6454183266932271
Score of training 1.0
Score of validation (classical) [0.749003984063745, 0.8007968127490039, 0.8167330677290837, 0.5856573705179283]
Score of training (classical) [0.7382617382617382, 0.8411588411588412, 0.8411588411588412, 0.5414585414585414]
Attempt  172
Take max_iter as  1312
Score of validation 0.6812749003984063
Score of training 0.997002997002997
Score of validation (classical) [0.7410358565737052, 0.8207171314741036, 0.8087649402390438, 0.6175298804780877]
Score of training (classical) [0.7252747252747253, 0.8441558441558441, 0.8411588411588412, 0.5234765234765235]
Attempt  173
Take max_iter as  1253
Score of validation 0.6055776892430279
Score of training 0.999000999000999
Score of validation (classical) [0.7410358565737052, 0.8047808764940239, 0.7928286852589641, 0.5776892430278885]
Score of training (classical) [0.7282717282717283, 0.8501498501498501, 0.8441558441558441, 0.5224775224775224]
Attempt  174
Take max_iter as  1310
Score of validation 0.5418326693227091
Score of training 0.999000999000999
Score of validation (classical) [0.6733067729083665, 0.796812749003984, 0.7928286852589641, 0.5697211155378487]
Score of training (classical) [0.7342657342657343, 0.8481518481518482, 0.8411588411588412, 0.5394605394605395]
Attempt  175
Take max_iter as  1300
Score of validation 0.5816733067729084
Score of training 0.998001998001998
Score of validation (classical) [0.7450199203187251, 0.8406374501992032, 0.8446215139442231, 0.6095617529880478]
Score of training (classical) [0.6963036963036963, 0.8321678321678322, 0.8231768231768232, 0.5204795204795205]
Attempt  176
Take max_iter as  1251
Score of validation 0.6573705179282868
Score of training 1.0
Score of validation (classical) [0.7370517928286853, 0.8127490039840638, 0.8446215139442231, 0.5418326693227091]
Score of training (classical) [0.7302697302697303, 0.8431568431568431, 0.8471528471528471, 0.5304695304695305]
Attempt  177
Take max_iter as  1381
Score of validation 0.5577689243027888
Score of training 0.999000999000999
Score of validation (classical) [0.7131474103585658, 0.7888446215139442, 0.8087649402390438, 0.5776892430278885]
Score of training (classical) [0.7002997002997003, 0.8361638361638362, 0.8441558441558441, 0.5144855144855145]
Attempt  178
Take max_iter as  1291
Score of validation 0.6613545816733067
Score of training 1.0
Score of validation (classical) [0.7529880478087649, 0.8326693227091634, 0.8446215139442231, 0.50199203187251]
Score of training (classical) [0.7352647352647352, 0.8531468531468531, 0.8481518481518482, 0.5344655344655345]
Attempt  179
Take max_iter as  1271
Score of validation 0.5976095617529881
Score of training 0.997002997002997
Score of validation (classical) [0.6972111553784861, 0.7689243027888446, 0.7729083665338645, 0.49800796812749004]
Score of training (classical) [0.7642357642357642, 0.8441558441558441, 0.8601398601398601, 0.5474525474525475]
Attempt  180
Take max_iter as  1328
Score of validation 0.6135458167330677
Score of training 1.0
Score of validation (classical) [0.7529880478087649, 0.7808764940239044, 0.7888446215139442, 0.5617529880478087]
Score of training (classical) [0.7532467532467533, 0.8501498501498501, 0.8441558441558441, 0.5454545454545454]
Attempt  181
Take max_iter as  1344
Score of validation 0.6892430278884463
Score of training 0.998001998001998
Score of validation (classical) [0.7171314741035857, 0.8047808764940239, 0.8326693227091634, 0.5298804780876494]
Score of training (classical) [0.7442557442557443, 0.8381618381618382, 0.8421578421578422, 0.5324675324675324]
Attempt  182
Take max_iter as  1289
Score of validation 0.6055776892430279
Score of training 0.998001998001998
Score of validation (classical) [0.7171314741035857, 0.8127490039840638, 0.8047808764940239, 0.5737051792828686]
Score of training (classical) [0.7022977022977023, 0.8281718281718282, 0.8351648351648352, 0.5274725274725275]
Attempt  183
Take max_iter as  1278
Score of validation 0.5976095617529881
Score of training 0.999000999000999
Score of validation (classical) [0.7250996015936255, 0.8047808764940239, 0.8007968127490039, 0.5378486055776892]
Score of training (classical) [0.6983016983016983, 0.8311688311688312, 0.8251748251748252, 0.5114885114885115]
Attempt  184
Take max_iter as  1329
Score of validation 0.6454183266932271
Score of training 0.996003996003996
Score of validation (classical) [0.6972111553784861, 0.8286852589641435, 0.8127490039840638, 0.5537848605577689]
Score of training (classical) [0.7032967032967034, 0.8341658341658341, 0.8211788211788211, 0.5474525474525475]
Attempt  185
Take max_iter as  1294
Score of validation 0.6334661354581673
Score of training 0.999000999000999
Score of validation (classical) [0.7171314741035857, 0.7808764940239044, 0.7609561752988048, 0.5816733067729084]
Score of training (classical) [0.7392607392607392, 0.8581418581418582, 0.8521478521478522, 0.5514485514485514]
Attempt  186
Take max_iter as  1287
Score of validation 0.6414342629482072
Score of training 0.996003996003996
Score of validation (classical) [0.7370517928286853, 0.8286852589641435, 0.8047808764940239, 0.5737051792828686]
Score of training (classical) [0.7202797202797203, 0.8371628371628371, 0.8361638361638362, 0.5284715284715285]
Attempt  187
Take max_iter as  1271
Score of validation 0.6254980079681275
Score of training 0.999000999000999
Score of validation (classical) [0.7250996015936255, 0.8207171314741036, 0.8127490039840638, 0.5856573705179283]
Score of training (classical) [0.7392607392607392, 0.8341658341658341, 0.8401598401598401, 0.5334665334665335]
Attempt  188
Take max_iter as  1316
Score of validation 0.6653386454183267
Score of training 0.999000999000999
Score of validation (classical) [0.7171314741035857, 0.8446215139442231, 0.8286852589641435, 0.5338645418326693]
Score of training (classical) [0.7422577422577422, 0.8331668331668332, 0.8341658341658341, 0.5464535464535465]
Attempt  189
Take max_iter as  1344
Score of validation 0.6175298804780877
Score of training 0.998001998001998
Score of validation (classical) [0.7171314741035857, 0.796812749003984, 0.7888446215139442, 0.5418326693227091]
Score of training (classical) [0.7522477522477522, 0.8381618381618382, 0.8501498501498501, 0.5594405594405595]
Attempt  190
Take max_iter as  1339
Score of validation 0.5976095617529881
Score of training 0.996003996003996
Score of validation (classical) [0.7529880478087649, 0.7808764940239044, 0.7888446215139442, 0.5737051792828686]
Score of training (classical) [0.7442557442557443, 0.8441558441558441, 0.8441558441558441, 0.5384615384615384]
Attempt  191
Take max_iter as  1265
Score of validation 0.6374501992031872
Score of training 0.998001998001998
Score of validation (classical) [0.7290836653386454, 0.7689243027888446, 0.7768924302788844, 0.601593625498008]
Score of training (classical) [0.7212787212787213, 0.8451548451548452, 0.8501498501498501, 0.5394605394605395]
Attempt  192
Take max_iter as  1338
Score of validation 0.6294820717131474
Score of training 1.0
Score of validation (classical) [0.6852589641434262, 0.796812749003984, 0.796812749003984, 0.5657370517928287]
Score of training (classical) [0.7162837162837162, 0.8421578421578422, 0.8311688311688312, 0.5594405594405595]
Attempt  193
Take max_iter as  1295
Score of validation 0.6294820717131474
Score of training 1.0
Score of validation (classical) [0.7370517928286853, 0.8127490039840638, 0.7888446215139442, 0.5657370517928287]
Score of training (classical) [0.7432567432567433, 0.8451548451548452, 0.8451548451548452, 0.5284715284715285]
Attempt  194
Take max_iter as  1291
Score of validation 0.6294820717131474
Score of training 1.0
Score of validation (classical) [0.7450199203187251, 0.7808764940239044, 0.8007968127490039, 0.5816733067729084]
Score of training (classical) [0.7392607392607392, 0.8481518481518482, 0.8441558441558441, 0.5234765234765235]
Attempt  195
Take max_iter as  1275
Score of validation 0.6175298804780877
Score of training 1.0
Score of validation (classical) [0.7211155378486056, 0.8047808764940239, 0.7888446215139442, 0.5537848605577689]
Score of training (classical) [0.7492507492507493, 0.8451548451548452, 0.8341658341658341, 0.5724275724275725]
Attempt  196
Take max_iter as  1286
Score of validation 0.6454183266932271
Score of training 0.999000999000999
Score of validation (classical) [0.7091633466135459, 0.8286852589641435, 0.8207171314741036, 0.5537848605577689]
Score of training (classical) [0.7372627372627373, 0.8371628371628371, 0.8381618381618382, 0.5594405594405595]
Attempt  197
Take max_iter as  1277
Score of validation 0.6533864541832669
Score of training 0.998001998001998
Score of validation (classical) [0.7729083665338645, 0.8207171314741036, 0.8286852589641435, 0.5737051792828686]
Score of training (classical) [0.7362637362637363, 0.8451548451548452, 0.8521478521478522, 0.5394605394605395]
Attempt  198
Take max_iter as  1299
Score of validation 0.5776892430278885
Score of training 0.997002997002997
Score of validation (classical) [0.7091633466135459, 0.8406374501992032, 0.8326693227091634, 0.5737051792828686]
Score of training (classical) [0.7052947052947053, 0.8331668331668332, 0.8291708291708292, 0.5434565434565435]
Attempt  199
Take max_iter as  1271
Score of validation 0.6215139442231076
Score of training 0.997002997002997
Score of validation (classical) [0.7450199203187251, 0.8007968127490039, 0.796812749003984, 0.5936254980079682]
Score of training (classical) [0.7352647352647352, 0.8401598401598401, 0.8411588411588412, 0.5294705294705294]
Attempt  200
Take max_iter as  1372
Score of validation 0.5378486055776892
Score of training 1.0
Score of validation (classical) [0.7250996015936255, 0.8207171314741036, 0.8047808764940239, 0.5856573705179283]
Score of training (classical) [0.7372627372627373, 0.8431568431568431, 0.8461538461538461, 0.5404595404595405]
Attempt  201
Take max_iter as  1272
Score of validation 0.5936254980079682
Score of training 1.0
Score of validation (classical) [0.7529880478087649, 0.8007968127490039, 0.8087649402390438, 0.5617529880478087]
Score of training (classical) [0.7382617382617382, 0.8501498501498501, 0.8521478521478522, 0.5364635364635365]
Attempt  202
Take max_iter as  1297
Score of validation 0.6374501992031872
Score of training 0.999000999000999
Score of validation (classical) [0.7450199203187251, 0.8366533864541833, 0.8207171314741036, 0.5976095617529881]
Score of training (classical) [0.7452547452547452, 0.8311688311688312, 0.8251748251748252, 0.5654345654345654]
Attempt  203
Take max_iter as  1265
Score of validation 0.6175298804780877
Score of training 0.996003996003996
Score of validation (classical) [0.7051792828685259, 0.7768924302788844, 0.7928286852589641, 0.5936254980079682]
Score of training (classical) [0.7372627372627373, 0.8431568431568431, 0.8391608391608392, 0.5694305694305695]
Attempt  204
Take max_iter as  1234
Score of validation 0.6613545816733067
Score of training 1.0
Score of validation (classical) [0.6892430278884463, 0.7928286852589641, 0.7888446215139442, 0.5537848605577689]
Score of training (classical) [0.7492507492507493, 0.8381618381618382, 0.8441558441558441, 0.5554445554445554]
Attempt  205
Take max_iter as  1341
Score of validation 0.6334661354581673
Score of training 1.0
Score of validation (classical) [0.7529880478087649, 0.8326693227091634, 0.8286852589641435, 0.5697211155378487]
Score of training (classical) [0.7312687312687313, 0.8371628371628371, 0.8461538461538461, 0.5354645354645354]
Attempt  206
Take max_iter as  1277
Score of validation 0.6095617529880478
Score of training 0.999000999000999
Score of validation (classical) [0.749003984063745, 0.8127490039840638, 0.8047808764940239, 0.5577689243027888]
Score of training (classical) [0.7512487512487512, 0.8311688311688312, 0.8271728271728271, 0.5814185814185814]
Attempt  207
Take max_iter as  1302
Score of validation 0.5936254980079682
Score of training 0.998001998001998
Score of validation (classical) [0.6972111553784861, 0.8247011952191236, 0.8366533864541833, 0.5856573705179283]
Score of training (classical) [0.7042957042957043, 0.8321678321678322, 0.8431568431568431, 0.5264735264735265]
Attempt  208
Take max_iter as  1250
Score of validation 0.6175298804780877
Score of training 0.996003996003996
Score of validation (classical) [0.8007968127490039, 0.8446215139442231, 0.8605577689243028, 0.601593625498008]
Score of training (classical) [0.7142857142857143, 0.8311688311688312, 0.8281718281718282, 0.5614385614385614]
Attempt  209
Take max_iter as  1338
Score of validation 0.6055776892430279
Score of training 0.999000999000999
Score of validation (classical) [0.7131474103585658, 0.7808764940239044, 0.7808764940239044, 0.5737051792828686]
Score of training (classical) [0.7542457542457542, 0.8541458541458542, 0.8501498501498501, 0.5424575424575424]
Attempt  210
Take max_iter as  1267
Score of validation 0.6055776892430279
Score of training 0.999000999000999
Score of validation (classical) [0.7091633466135459, 0.8047808764940239, 0.8087649402390438, 0.5737051792828686]
Score of training (classical) [0.7422577422577422, 0.8351648351648352, 0.8451548451548452, 0.5654345654345654]
Attempt  211
Take max_iter as  1194
Score of validation 0.5896414342629482
Score of training 0.996003996003996
Score of validation (classical) [0.6693227091633466, 0.8047808764940239, 0.8286852589641435, 0.5418326693227091]
Score of training (classical) [0.7362637362637363, 0.8421578421578422, 0.8391608391608392, 0.5614385614385614]
Attempt  212
Take max_iter as  1322
Score of validation 0.6334661354581673
Score of training 1.0
Score of validation (classical) [0.8007968127490039, 0.8446215139442231, 0.8764940239043825, 0.5617529880478087]
Score of training (classical) [0.7332667332667333, 0.8231768231768232, 0.8341658341658341, 0.5334665334665335]
Attempt  213
Take max_iter as  1271
Score of validation 0.5816733067729084
Score of training 1.0
Score of validation (classical) [0.7051792828685259, 0.7609561752988048, 0.7848605577689243, 0.5338645418326693]
Score of training (classical) [0.7322677322677322, 0.8421578421578422, 0.8431568431568431, 0.5314685314685315]
Attempt  214
Take max_iter as  1291
Score of validation 0.6254980079681275
Score of training 0.998001998001998
Score of validation (classical) [0.7091633466135459, 0.7848605577689243, 0.7848605577689243, 0.5737051792828686]
Score of training (classical) [0.7452547452547452, 0.8451548451548452, 0.8441558441558441, 0.5264735264735265]
Attempt  215
Take max_iter as  1262
Score of validation 0.6533864541832669
Score of training 0.998001998001998
Score of validation (classical) [0.7131474103585658, 0.8167330677290837, 0.8207171314741036, 0.5657370517928287]
Score of training (classical) [0.7422577422577422, 0.8411588411588412, 0.8511488511488512, 0.5374625374625375]
Attempt  216
Take max_iter as  1286
Score of validation 0.6294820717131474
Score of training 1.0
Score of validation (classical) [0.7131474103585658, 0.8167330677290837, 0.7888446215139442, 0.5657370517928287]
Score of training (classical) [0.7472527472527473, 0.8371628371628371, 0.8401598401598401, 0.5684315684315684]
Attempt  217
Take max_iter as  1322
Score of validation 0.6533864541832669
Score of training 0.999000999000999
Score of validation (classical) [0.7290836653386454, 0.8207171314741036, 0.8247011952191236, 0.5617529880478087]
Score of training (classical) [0.7492507492507493, 0.8381618381618382, 0.8501498501498501, 0.5354645354645354]
Attempt  218
Take max_iter as  1290
Score of validation 0.6095617529880478
Score of training 0.999000999000999
Score of validation (classical) [0.6932270916334662, 0.7928286852589641, 0.7729083665338645, 0.5856573705179283]
Score of training (classical) [0.7512487512487512, 0.8561438561438561, 0.8511488511488512, 0.5394605394605395]
Attempt  219
Take max_iter as  1290
Score of validation 0.6334661354581673
Score of training 0.998001998001998
Score of validation (classical) [0.7410358565737052, 0.8167330677290837, 0.8047808764940239, 0.5657370517928287]
Score of training (classical) [0.7482517482517482, 0.8491508491508492, 0.8501498501498501, 0.5124875124875125]
Attempt  220
Take max_iter as  1335
Score of validation 0.6454183266932271
Score of training 0.999000999000999
Score of validation (classical) [0.7370517928286853, 0.7848605577689243, 0.7689243027888446, 0.5896414342629482]
Score of training (classical) [0.7662337662337663, 0.8411588411588412, 0.8461538461538461, 0.5434565434565435]
Attempt  221
Take max_iter as  1315
Score of validation 0.5856573705179283
Score of training 0.997002997002997
Score of validation (classical) [0.7649402390438247, 0.8366533864541833, 0.848605577689243, 0.5378486055776892]
Score of training (classical) [0.7342657342657343, 0.8261738261738262, 0.8411588411588412, 0.5274725274725275]
Attempt  222
Take max_iter as  1304
Score of validation 0.649402390438247
Score of training 1.0
Score of validation (classical) [0.7250996015936255, 0.8007968127490039, 0.8247011952191236, 0.5976095617529881]
Score of training (classical) [0.7392607392607392, 0.8361638361638362, 0.8391608391608392, 0.5414585414585414]
Attempt  223
Take max_iter as  1285
Score of validation 0.6254980079681275
Score of training 0.997002997002997
Score of validation (classical) [0.7171314741035857, 0.8286852589641435, 0.8207171314741036, 0.5816733067729084]
Score of training (classical) [0.7272727272727273, 0.8411588411588412, 0.8341658341658341, 0.5554445554445554]
Attempt  224
Take max_iter as  1386
Score of validation 0.6135458167330677
Score of training 0.999000999000999
Score of validation (classical) [0.6892430278884463, 0.7928286852589641, 0.7729083665338645, 0.5577689243027888]
Score of training (classical) [0.7152847152847153, 0.8381618381618382, 0.8561438561438561, 0.5364635364635365]
Attempt  225
Take max_iter as  1283
Score of validation 0.7051792828685259
Score of training 0.999000999000999
Score of validation (classical) [0.796812749003984, 0.8326693227091634, 0.8446215139442231, 0.5737051792828686]
Score of training (classical) [0.7352647352647352, 0.8351648351648352, 0.8361638361638362, 0.5324675324675324]
Attempt  226
Take max_iter as  1307
Score of validation 0.5936254980079682
Score of training 0.999000999000999
Score of validation (classical) [0.7051792828685259, 0.7928286852589641, 0.8007968127490039, 0.5298804780876494]
Score of training (classical) [0.7432567432567433, 0.8411588411588412, 0.8401598401598401, 0.5684315684315684]
Attempt  227
Take max_iter as  1281
Score of validation 0.6135458167330677
Score of training 1.0
Score of validation (classical) [0.7450199203187251, 0.8007968127490039, 0.8047808764940239, 0.5896414342629482]
Score of training (classical) [0.7532467532467533, 0.8371628371628371, 0.8431568431568431, 0.5264735264735265]
Attempt  228
Take max_iter as  1284
Score of validation 0.6095617529880478
Score of training 0.997002997002997
Score of validation (classical) [0.7211155378486056, 0.7768924302788844, 0.8286852589641435, 0.6215139442231076]
Score of training (classical) [0.6983016983016983, 0.7942057942057942, 0.8481518481518482, 0.5384615384615384]
Attempt  229
Take max_iter as  1314
Score of validation 0.5776892430278885
Score of training 0.999000999000999
Score of validation (classical) [0.6972111553784861, 0.7768924302788844, 0.7808764940239044, 0.6095617529880478]
Score of training (classical) [0.7332667332667333, 0.8451548451548452, 0.8451548451548452, 0.5344655344655345]
Attempt  230
Take max_iter as  1328
Score of validation 0.5697211155378487
Score of training 0.999000999000999
Score of validation (classical) [0.7529880478087649, 0.7928286852589641, 0.8047808764940239, 0.5936254980079682]
Score of training (classical) [0.7382617382617382, 0.8371628371628371, 0.8391608391608392, 0.5214785214785215]
Attempt  231
Take max_iter as  1355
Score of validation 0.6573705179282868
Score of training 0.999000999000999
Score of validation (classical) [0.7569721115537849, 0.8565737051792829, 0.8565737051792829, 0.5657370517928287]
Score of training (classical) [0.7412587412587412, 0.8381618381618382, 0.8291708291708292, 0.5314685314685315]
Attempt  232
Take max_iter as  1293
Score of validation 0.6055776892430279
Score of training 0.999000999000999
Score of validation (classical) [0.749003984063745, 0.7051792828685259, 0.7290836653386454, 0.5537848605577689]
Score of training (classical) [0.7442557442557443, 0.8551448551448552, 0.8561438561438561, 0.5554445554445554]
Attempt  233
Take max_iter as  1341
Score of validation 0.6374501992031872
Score of training 0.999000999000999
Score of validation (classical) [0.6892430278884463, 0.8127490039840638, 0.8127490039840638, 0.5179282868525896]
Score of training (classical) [0.7112887112887113, 0.8361638361638362, 0.8341658341658341, 0.5184815184815185]
Attempt  234
Take max_iter as  1327
Score of validation 0.5896414342629482
Score of training 0.999000999000999
Score of validation (classical) [0.7330677290836654, 0.7808764940239044, 0.7689243027888446, 0.5737051792828686]
Score of training (classical) [0.7382617382617382, 0.8431568431568431, 0.8481518481518482, 0.5284715284715285]
Attempt  235
Take max_iter as  1262
Score of validation 0.6175298804780877
Score of training 1.0
Score of validation (classical) [0.6772908366533864, 0.7808764940239044, 0.7649402390438247, 0.5099601593625498]
Score of training (classical) [0.7422577422577422, 0.8411588411588412, 0.8451548451548452, 0.5584415584415584]
Attempt  236
Take max_iter as  1281
Score of validation 0.601593625498008
Score of training 0.998001998001998
Score of validation (classical) [0.6772908366533864, 0.8167330677290837, 0.8087649402390438, 0.5338645418326693]
Score of training (classical) [0.7062937062937062, 0.8301698301698301, 0.8271728271728271, 0.5254745254745254]
Attempt  237
Take max_iter as  1296
Score of validation 0.6055776892430279
Score of training 0.996003996003996
Score of validation (classical) [0.7131474103585658, 0.8406374501992032, 0.8087649402390438, 0.5059760956175299]
Score of training (classical) [0.7432567432567433, 0.8491508491508492, 0.8421578421578422, 0.5424575424575424]
Attempt  238
Take max_iter as  1304
Score of validation 0.6414342629482072
Score of training 0.999000999000999
Score of validation (classical) [0.7410358565737052, 0.7529880478087649, 0.7529880478087649, 0.5936254980079682]
Score of training (classical) [0.7222777222777222, 0.8361638361638362, 0.8421578421578422, 0.5404595404595405]
Attempt  239
Take max_iter as  1311
Score of validation 0.6414342629482072
Score of training 0.998001998001998
Score of validation (classical) [0.7649402390438247, 0.8366533864541833, 0.8366533864541833, 0.549800796812749]
Score of training (classical) [0.7262737262737263, 0.8341658341658341, 0.8351648351648352, 0.5544455544455544]
Attempt  240
Take max_iter as  1215
Score of validation 0.6454183266932271
Score of training 0.998001998001998
Score of validation (classical) [0.7410358565737052, 0.8127490039840638, 0.8247011952191236, 0.5896414342629482]
Score of training (classical) [0.7132867132867133, 0.8371628371628371, 0.8431568431568431, 0.5524475524475524]
Attempt  241
Take max_iter as  1298
Score of validation 0.5976095617529881
Score of training 0.998001998001998
Score of validation (classical) [0.7330677290836654, 0.7808764940239044, 0.7768924302788844, 0.5896414342629482]
Score of training (classical) [0.7232767232767233, 0.8461538461538461, 0.8431568431568431, 0.5374625374625375]
Attempt  242
Take max_iter as  1268
Score of validation 0.6095617529880478
Score of training 0.998001998001998
Score of validation (classical) [0.7290836653386454, 0.8167330677290837, 0.8326693227091634, 0.5657370517928287]
Score of training (classical) [0.7232767232767233, 0.8391608391608392, 0.8421578421578422, 0.5404595404595405]
Attempt  243
Take max_iter as  1289
Score of validation 0.6613545816733067
Score of training 0.997002997002997
Score of validation (classical) [0.6852589641434262, 0.8247011952191236, 0.8007968127490039, 0.5378486055776892]
Score of training (classical) [0.7032967032967034, 0.8271728271728271, 0.8311688311688312, 0.5694305694305695]
Attempt  244
Take max_iter as  1280
Score of validation 0.6533864541832669
Score of training 1.0
Score of validation (classical) [0.7370517928286853, 0.8207171314741036, 0.8406374501992032, 0.5418326693227091]
Score of training (classical) [0.7252747252747253, 0.8301698301698301, 0.8311688311688312, 0.5334665334665335]
Attempt  245
Take max_iter as  1371
Score of validation 0.6772908366533864
Score of training 0.999000999000999
Score of validation (classical) [0.7051792828685259, 0.7888446215139442, 0.8007968127490039, 0.6414342629482072]
Score of training (classical) [0.7082917082917083, 0.8051948051948052, 0.8281718281718282, 0.5674325674325674]
Attempt  246
Take max_iter as  1314
Score of validation 0.6454183266932271
Score of training 0.999000999000999
Score of validation (classical) [0.6972111553784861, 0.7729083665338645, 0.7888446215139442, 0.549800796812749]
Score of training (classical) [0.7592407592407593, 0.8481518481518482, 0.8421578421578422, 0.5524475524475524]
Attempt  247
Take max_iter as  1284
Score of validation 0.6414342629482072
Score of training 0.997002997002997
Score of validation (classical) [0.6533864541832669, 0.7848605577689243, 0.7848605577689243, 0.5338645418326693]
Score of training (classical) [0.7232767232767233, 0.8461538461538461, 0.8371628371628371, 0.5384615384615384]
Attempt  248
Take max_iter as  1344
Score of validation 0.5936254980079682
Score of training 0.998001998001998
Score of validation (classical) [0.7649402390438247, 0.8605577689243028, 0.8605577689243028, 0.5657370517928287]
Score of training (classical) [0.7472527472527473, 0.8301698301698301, 0.8281718281718282, 0.5494505494505495]
Attempt  249
Take max_iter as  1290
Score of validation 0.6175298804780877
Score of training 0.999000999000999
Score of validation (classical) [0.7250996015936255, 0.796812749003984, 0.8207171314741036, 0.5936254980079682]
Score of training (classical) [0.7522477522477522, 0.8481518481518482, 0.8381618381618382, 0.5504495504495505]
Attempt  250
Take max_iter as  1264
Score of validation 0.6454183266932271
Score of training 0.999000999000999
Score of validation (classical) [0.6852589641434262, 0.7768924302788844, 0.7768924302788844, 0.5258964143426295]
Score of training (classical) [0.7162837162837162, 0.8581418581418582, 0.8351648351648352, 0.5314685314685315]
Attempt  251
Take max_iter as  1291
Score of validation 0.6294820717131474
Score of training 0.996003996003996
Score of validation (classical) [0.701195219123506, 0.8685258964143426, 0.8406374501992032, 0.5258964143426295]
Score of training (classical) [0.7112887112887113, 0.8311688311688312, 0.8301698301698301, 0.5224775224775224]
Attempt  252
Take max_iter as  1320
Score of validation 0.6533864541832669
Score of training 0.996003996003996
Score of validation (classical) [0.7131474103585658, 0.796812749003984, 0.7609561752988048, 0.5258964143426295]
Score of training (classical) [0.7602397602397603, 0.8381618381618382, 0.8501498501498501, 0.5474525474525475]
Attempt  253
Take max_iter as  1333
Score of validation 0.6095617529880478
Score of training 0.999000999000999
Score of validation (classical) [0.7729083665338645, 0.8366533864541833, 0.8286852589641435, 0.6215139442231076]
Score of training (classical) [0.7512487512487512, 0.8271728271728271, 0.8331668331668332, 0.5384615384615384]
Attempt  254
Take max_iter as  1255
Score of validation 0.6772908366533864
Score of training 1.0
Score of validation (classical) [0.7529880478087649, 0.8247011952191236, 0.8366533864541833, 0.5577689243027888]
Score of training (classical) [0.7172827172827173, 0.8401598401598401, 0.8381618381618382, 0.5234765234765235]
Attempt  255
Take max_iter as  1326
Score of validation 0.6055776892430279
Score of training 0.999000999000999
Score of validation (classical) [0.7609561752988048, 0.8326693227091634, 0.8366533864541833, 0.6055776892430279]
Score of training (classical) [0.7452547452547452, 0.8411588411588412, 0.8361638361638362, 0.5554445554445554]
Attempt  256
Take max_iter as  1345
Score of validation 0.6573705179282868
Score of training 1.0
Score of validation (classical) [0.7410358565737052, 0.8326693227091634, 0.848605577689243, 0.5059760956175299]
Score of training (classical) [0.7172827172827173, 0.8321678321678322, 0.8331668331668332, 0.5354645354645354]
Attempt  257
Take max_iter as  1330
Score of validation 0.6334661354581673
Score of training 0.998001998001998
Score of validation (classical) [0.6812749003984063, 0.8047808764940239, 0.7888446215139442, 0.50199203187251]
Score of training (classical) [0.7332667332667333, 0.8551448551448552, 0.8431568431568431, 0.5604395604395604]
Attempt  258
Take max_iter as  1304
Score of validation 0.6533864541832669
Score of training 0.997002997002997
Score of validation (classical) [0.7330677290836654, 0.8167330677290837, 0.8366533864541833, 0.5338645418326693]
Score of training (classical) [0.7162837162837162, 0.8231768231768232, 0.8301698301698301, 0.5554445554445554]
Attempt  259
Take max_iter as  1336
Score of validation 0.6135458167330677
Score of training 0.998001998001998
Score of validation (classical) [0.7171314741035857, 0.7848605577689243, 0.8286852589641435, 0.5577689243027888]
Score of training (classical) [0.7052947052947053, 0.8261738261738262, 0.8431568431568431, 0.5464535464535465]
Attempt  260
Take max_iter as  1231
Score of validation 0.6215139442231076
Score of training 0.997002997002997
Score of validation (classical) [0.7091633466135459, 0.8247011952191236, 0.8127490039840638, 0.5936254980079682]
Score of training (classical) [0.7292707292707292, 0.8351648351648352, 0.8301698301698301, 0.5434565434565435]
Attempt  261
Take max_iter as  1245
Score of validation 0.6294820717131474
Score of training 0.998001998001998
Score of validation (classical) [0.7529880478087649, 0.8685258964143426, 0.8685258964143426, 0.5657370517928287]
Score of training (classical) [0.7322677322677322, 0.8261738261738262, 0.8301698301698301, 0.5284715284715285]
Attempt  262
Take max_iter as  1249
Score of validation 0.6215139442231076
Score of training 1.0
Score of validation (classical) [0.7211155378486056, 0.7928286852589641, 0.7848605577689243, 0.5856573705179283]
Score of training (classical) [0.7652347652347652, 0.8591408591408591, 0.8491508491508492, 0.5544455544455544]
Attempt  263
Take max_iter as  1363
Score of validation 0.6573705179282868
Score of training 1.0
Score of validation (classical) [0.7131474103585658, 0.749003984063745, 0.7768924302788844, 0.6334661354581673]
Score of training (classical) [0.7342657342657343, 0.8471528471528471, 0.8501498501498501, 0.5644355644355644]
Attempt  264
Take max_iter as  1256
Score of validation 0.6573705179282868
Score of training 0.999000999000999
Score of validation (classical) [0.7051792828685259, 0.8047808764940239, 0.8127490039840638, 0.5896414342629482]
Score of training (classical) [0.7032967032967034, 0.8381618381618382, 0.8341658341658341, 0.5374625374625375]
Attempt  265
Take max_iter as  1398
Score of validation 0.5896414342629482
Score of training 1.0
Score of validation (classical) [0.6972111553784861, 0.7768924302788844, 0.7689243027888446, 0.6055776892430279]
Score of training (classical) [0.7492507492507493, 0.8601398601398601, 0.8671328671328671, 0.5374625374625375]
Attempt  266
Take max_iter as  1281
Score of validation 0.6334661354581673
Score of training 1.0
Score of validation (classical) [0.7330677290836654, 0.7928286852589641, 0.8645418326693227, 0.5976095617529881]
Score of training (classical) [0.7112887112887113, 0.7992007992007992, 0.8361638361638362, 0.5544455544455544]
Attempt  267
Take max_iter as  1294
Score of validation 0.6533864541832669
Score of training 1.0
Score of validation (classical) [0.6972111553784861, 0.7729083665338645, 0.7848605577689243, 0.5816733067729084]
Score of training (classical) [0.7402597402597403, 0.8481518481518482, 0.8461538461538461, 0.5324675324675324]
Attempt  268
Take max_iter as  1306
Score of validation 0.6613545816733067
Score of training 0.996003996003996
Score of validation (classical) [0.701195219123506, 0.8326693227091634, 0.8127490039840638, 0.5697211155378487]
Score of training (classical) [0.7312687312687313, 0.8461538461538461, 0.8381618381618382, 0.5434565434565435]
Attempt  269
Take max_iter as  1322
Score of validation 0.601593625498008
Score of training 1.0
Score of validation (classical) [0.701195219123506, 0.8007968127490039, 0.7928286852589641, 0.5139442231075697]
Score of training (classical) [0.7422577422577422, 0.8421578421578422, 0.8431568431568431, 0.5654345654345654]
Attempt  270
Take max_iter as  1332
Score of validation 0.6334661354581673
Score of training 0.999000999000999
Score of validation (classical) [0.701195219123506, 0.7888446215139442, 0.7848605577689243, 0.5059760956175299]
Score of training (classical) [0.7522477522477522, 0.8451548451548452, 0.8391608391608392, 0.5394605394605395]
Attempt  271
Take max_iter as  1266
Score of validation 0.5936254980079682
Score of training 0.998001998001998
Score of validation (classical) [0.7370517928286853, 0.8167330677290837, 0.8047808764940239, 0.5856573705179283]
Score of training (classical) [0.7252747252747253, 0.8291708291708292, 0.8331668331668332, 0.5384615384615384]
Attempt  272
Take max_iter as  1252
Score of validation 0.649402390438247
Score of training 0.999000999000999
Score of validation (classical) [0.7290836653386454, 0.8247011952191236, 0.8366533864541833, 0.5577689243027888]
Score of training (classical) [0.7502497502497503, 0.8241758241758241, 0.8311688311688312, 0.5784215784215784]
Attempt  273
Take max_iter as  1308
Score of validation 0.5936254980079682
Score of training 0.999000999000999
Score of validation (classical) [0.7131474103585658, 0.7848605577689243, 0.8087649402390438, 0.545816733067729]
Score of training (classical) [0.7372627372627373, 0.8381618381618382, 0.8491508491508492, 0.5174825174825175]
Attempt  274
Take max_iter as  1257
Score of validation 0.5976095617529881
Score of training 0.998001998001998
Score of validation (classical) [0.7091633466135459, 0.7928286852589641, 0.796812749003984, 0.6135458167330677]
Score of training (classical) [0.7382617382617382, 0.8281718281718282, 0.8341658341658341, 0.5524475524475524]
Attempt  275
Take max_iter as  1319
Score of validation 0.6573705179282868
Score of training 0.999000999000999
Score of validation (classical) [0.749003984063745, 0.8286852589641435, 0.8286852589641435, 0.5657370517928287]
Score of training (classical) [0.7472527472527473, 0.8341658341658341, 0.8441558441558441, 0.5414585414585414]
Attempt  276
Take max_iter as  1291
Score of validation 0.6175298804780877
Score of training 0.996003996003996
Score of validation (classical) [0.7250996015936255, 0.848605577689243, 0.8366533864541833, 0.5418326693227091]
Score of training (classical) [0.6953046953046953, 0.8241758241758241, 0.8201798201798202, 0.5384615384615384]
Attempt  277
Take max_iter as  1298
Score of validation 0.6055776892430279
Score of training 1.0
Score of validation (classical) [0.7370517928286853, 0.8207171314741036, 0.7928286852589641, 0.6055776892430279]
Score of training (classical) [0.7342657342657343, 0.8401598401598401, 0.8391608391608392, 0.5454545454545454]
Attempt  278
Take max_iter as  1407
Score of validation 0.6095617529880478
Score of training 0.999000999000999
Score of validation (classical) [0.6932270916334662, 0.7808764940239044, 0.8007968127490039, 0.5179282868525896]
Score of training (classical) [0.7372627372627373, 0.8431568431568431, 0.8461538461538461, 0.5334665334665335]
Attempt  279
Take max_iter as  1276
Score of validation 0.6533864541832669
Score of training 0.998001998001998
Score of validation (classical) [0.701195219123506, 0.8047808764940239, 0.8167330677290837, 0.5737051792828686]
Score of training (classical) [0.7082917082917083, 0.8351648351648352, 0.8371628371628371, 0.5184815184815185]
Attempt  280
Take max_iter as  1348
Score of validation 0.6215139442231076
Score of training 0.996003996003996
Score of validation (classical) [0.7131474103585658, 0.8007968127490039, 0.796812749003984, 0.4940239043824701]
Score of training (classical) [0.7072927072927073, 0.8381618381618382, 0.8351648351648352, 0.5234765234765235]
Attempt  281
Take max_iter as  1305
Score of validation 0.5697211155378487
Score of training 1.0
Score of validation (classical) [0.7729083665338645, 0.8366533864541833, 0.8247011952191236, 0.6135458167330677]
Score of training (classical) [0.7462537462537463, 0.8411588411588412, 0.8381618381618382, 0.5264735264735265]
Attempt  282
Take max_iter as  1302
Score of validation 0.5936254980079682
Score of training 0.999000999000999
Score of validation (classical) [0.7569721115537849, 0.8326693227091634, 0.852589641434263, 0.5378486055776892]
Score of training (classical) [0.7332667332667333, 0.8301698301698301, 0.8271728271728271, 0.5134865134865135]
Attempt  283
Take max_iter as  1297
Score of validation 0.6733067729083665
Score of training 1.0
Score of validation (classical) [0.7370517928286853, 0.8326693227091634, 0.8127490039840638, 0.5856573705179283]
Score of training (classical) [0.7392607392607392, 0.8321678321678322, 0.8361638361638362, 0.5684315684315684]
Attempt  284
Take max_iter as  1340
Score of validation 0.649402390438247
Score of training 0.999000999000999
Score of validation (classical) [0.7250996015936255, 0.8047808764940239, 0.8127490039840638, 0.5179282868525896]
Score of training (classical) [0.7462537462537463, 0.8401598401598401, 0.8441558441558441, 0.5214785214785215]
Attempt  285
Take max_iter as  1323
Score of validation 0.6693227091633466
Score of training 0.997002997002997
Score of validation (classical) [0.7131474103585658, 0.8127490039840638, 0.8007968127490039, 0.5617529880478087]
Score of training (classical) [0.7272727272727273, 0.8351648351648352, 0.8311688311688312, 0.5614385614385614]
Attempt  286
Take max_iter as  1329
Score of validation 0.5936254980079682
Score of training 0.998001998001998
Score of validation (classical) [0.7290836653386454, 0.8047808764940239, 0.7888446215139442, 0.5816733067729084]
Score of training (classical) [0.7442557442557443, 0.8411588411588412, 0.8441558441558441, 0.5624375624375625]
Attempt  287
Take max_iter as  1253
Score of validation 0.6135458167330677
Score of training 0.999000999000999
Score of validation (classical) [0.7290836653386454, 0.8047808764940239, 0.7808764940239044, 0.549800796812749]
Score of training (classical) [0.7292707292707292, 0.8441558441558441, 0.8391608391608392, 0.5414585414585414]
Attempt  288
Take max_iter as  1351
Score of validation 0.6175298804780877
Score of training 0.999000999000999
Score of validation (classical) [0.7410358565737052, 0.8007968127490039, 0.8087649402390438, 0.5936254980079682]
Score of training (classical) [0.7482517482517482, 0.8371628371628371, 0.8311688311688312, 0.5394605394605395]
Attempt  289
Take max_iter as  1286
Score of validation 0.6215139442231076
Score of training 1.0
Score of validation (classical) [0.6613545816733067, 0.8087649402390438, 0.7888446215139442, 0.5099601593625498]
Score of training (classical) [0.7192807192807192, 0.8411588411588412, 0.8351648351648352, 0.5684315684315684]
Attempt  290
Take max_iter as  1333
Score of validation 0.6175298804780877
Score of training 0.998001998001998
Score of validation (classical) [0.6892430278884463, 0.8007968127490039, 0.8087649402390438, 0.5577689243027888]
Score of training (classical) [0.7432567432567433, 0.8461538461538461, 0.8451548451548452, 0.5614385614385614]
Attempt  291
Take max_iter as  1307
Score of validation 0.6175298804780877
Score of training 0.998001998001998
Score of validation (classical) [0.6454183266932271, 0.8007968127490039, 0.7928286852589641, 0.5139442231075697]
Score of training (classical) [0.7212787212787213, 0.8411588411588412, 0.8361638361638362, 0.5694305694305695]
Attempt  292
Take max_iter as  1341
Score of validation 0.6414342629482072
Score of training 1.0
Score of validation (classical) [0.6414342629482072, 0.7330677290836654, 0.7808764940239044, 0.545816733067729]
Score of training (classical) [0.7312687312687313, 0.8091908091908092, 0.8401598401598401, 0.5724275724275725]
Attempt  293
Take max_iter as  1381
Score of validation 0.6852589641434262
Score of training 0.999000999000999
Score of validation (classical) [0.6772908366533864, 0.7729083665338645, 0.7928286852589641, 0.5657370517928287]
Score of training (classical) [0.7382617382617382, 0.8561438561438561, 0.8541458541458542, 0.5654345654345654]
Attempt  294
Take max_iter as  1324
Score of validation 0.6613545816733067
Score of training 0.999000999000999
Score of validation (classical) [0.6852589641434262, 0.8087649402390438, 0.7768924302788844, 0.4940239043824701]
Score of training (classical) [0.7102897102897103, 0.8381618381618382, 0.8351648351648352, 0.5674325674325674]
Attempt  295
Take max_iter as  1339
Score of validation 0.6613545816733067
Score of training 0.999000999000999
Score of validation (classical) [0.7171314741035857, 0.8127490039840638, 0.8446215139442231, 0.5577689243027888]
Score of training (classical) [0.6973026973026973, 0.8281718281718282, 0.8351648351648352, 0.5294705294705294]
Attempt  296
Take max_iter as  1316
Score of validation 0.6334661354581673
Score of training 0.999000999000999
Score of validation (classical) [0.7848605577689243, 0.8167330677290837, 0.7768924302788844, 0.5976095617529881]
Score of training (classical) [0.7312687312687313, 0.8511488511488512, 0.8521478521478522, 0.5414585414585414]
Attempt  297
Take max_iter as  1337
Score of validation 0.5976095617529881
Score of training 1.0
Score of validation (classical) [0.7410358565737052, 0.7848605577689243, 0.8007968127490039, 0.5298804780876494]
Score of training (classical) [0.7442557442557443, 0.8321678321678322, 0.8401598401598401, 0.5634365634365635]
Attempt  298
Take max_iter as  1302
Score of validation 0.5856573705179283
Score of training 1.0
Score of validation (classical) [0.7410358565737052, 0.8605577689243028, 0.852589641434263, 0.5537848605577689]
Score of training (classical) [0.7222777222777222, 0.8291708291708292, 0.8341658341658341, 0.5444555444555444]
Attempt  299
Take max_iter as  1309
Score of validation 0.6095617529880478
Score of training 1.0
Score of validation (classical) [0.749003984063745, 0.7848605577689243, 0.8007968127490039, 0.545816733067729]
Score of training (classical) [0.7322677322677322, 0.8421578421578422, 0.8421578421578422, 0.5364635364635365]
