noise_test 5
8 circular 2 5
Attempt  0
Take max_iter as  1135
Score of validation 0.549800796812749
Score of training 1.0
Score of validation (classical) [0.6972111553784861, 0.7330677290836654, 0.7569721115537849, 0.6693227091633466]
Score of training (classical) [0.7082917082917083, 0.7842157842157842, 0.8411588411588412, 0.5724275724275725]
Attempt  1
Take max_iter as  1139
Score of validation 0.5298804780876494
Score of training 1.0
Score of validation (classical) [0.6852589641434262, 0.7250996015936255, 0.7609561752988048, 0.5737051792828686]
Score of training (classical) [0.7192807192807192, 0.7752247752247752, 0.8211788211788211, 0.5784215784215784]
Attempt  2
Take max_iter as  1157
Score of validation 0.5059760956175299
Score of training 1.0
Score of validation (classical) [0.7051792828685259, 0.7450199203187251, 0.7928286852589641, 0.6454183266932271]
Score of training (classical) [0.7002997002997003, 0.7782217782217782, 0.8211788211788211, 0.5774225774225774]
Attempt  3
Take max_iter as  1074
Score of validation 0.5139442231075697
Score of training 1.0
Score of validation (classical) [0.6653386454183267, 0.7250996015936255, 0.7250996015936255, 0.5976095617529881]
Score of training (classical) [0.7122877122877123, 0.7912087912087912, 0.8281718281718282, 0.5834165834165834]
Attempt  4
Take max_iter as  1161
Score of validation 0.5219123505976095
Score of training 1.0
Score of validation (classical) [0.649402390438247, 0.6972111553784861, 0.7250996015936255, 0.5737051792828686]
Score of training (classical) [0.7312687312687313, 0.7802197802197802, 0.8261738261738262, 0.5914085914085914]
Attempt  5
Take max_iter as  1136
Score of validation 0.4820717131474104
Score of training 1.0
Score of validation (classical) [0.7091633466135459, 0.7290836653386454, 0.7450199203187251, 0.6374501992031872]
Score of training (classical) [0.7122877122877123, 0.7792207792207793, 0.8081918081918081, 0.5844155844155844]
Attempt  6
Take max_iter as  1171
Score of validation 0.5737051792828686
Score of training 1.0
Score of validation (classical) [0.7250996015936255, 0.7250996015936255, 0.7569721115537849, 0.6055776892430279]
Score of training (classical) [0.6983016983016983, 0.7732267732267732, 0.8171828171828172, 0.5694305694305695]
Attempt  7
Take max_iter as  1150
Score of validation 0.5099601593625498
Score of training 1.0
Score of validation (classical) [0.6693227091633466, 0.7330677290836654, 0.7848605577689243, 0.6454183266932271]
Score of training (classical) [0.7122877122877123, 0.7762237762237763, 0.8211788211788211, 0.5744255744255744]
Attempt  8
Take max_iter as  1080
Score of validation 0.5657370517928287
Score of training 1.0
Score of validation (classical) [0.6812749003984063, 0.749003984063745, 0.7609561752988048, 0.5856573705179283]
Score of training (classical) [0.7072927072927073, 0.7722277722277723, 0.8231768231768232, 0.5944055944055944]
Attempt  9
Take max_iter as  1150
Score of validation 0.5258964143426295
Score of training 1.0
Score of validation (classical) [0.7131474103585658, 0.7370517928286853, 0.7689243027888446, 0.6254980079681275]
Score of training (classical) [0.7112887112887113, 0.7792207792207793, 0.8171828171828172, 0.5924075924075924]
Attempt  10
Take max_iter as  1187
Score of validation 0.5099601593625498
Score of training 1.0
Score of validation (classical) [0.7768924302788844, 0.7848605577689243, 0.8207171314741036, 0.6454183266932271]
Score of training (classical) [0.7012987012987013, 0.7732267732267732, 0.8211788211788211, 0.5564435564435565]
Attempt  11
Take max_iter as  1097
Score of validation 0.6175298804780877
Score of training 1.0
Score of validation (classical) [0.7410358565737052, 0.7450199203187251, 0.7888446215139442, 0.6175298804780877]
Score of training (classical) [0.7032967032967034, 0.7762237762237763, 0.8211788211788211, 0.5804195804195804]
Attempt  12
Take max_iter as  1125
Score of validation 0.5139442231075697
Score of training 1.0
Score of validation (classical) [0.6693227091633466, 0.6972111553784861, 0.7689243027888446, 0.5657370517928287]
Score of training (classical) [0.7212787212787213, 0.7852147852147852, 0.8091908091908092, 0.5844155844155844]
Attempt  13
Take max_iter as  1121
Score of validation 0.5617529880478087
Score of training 1.0
Score of validation (classical) [0.7051792828685259, 0.7410358565737052, 0.7649402390438247, 0.6095617529880478]
Score of training (classical) [0.7042957042957043, 0.7722277722277723, 0.8081918081918081, 0.5754245754245755]
Attempt  14
Take max_iter as  1224
Score of validation 0.47808764940239046
Score of training 1.0
Score of validation (classical) [0.7051792828685259, 0.701195219123506, 0.7729083665338645, 0.6095617529880478]
Score of training (classical) [0.7132867132867133, 0.7662337662337663, 0.8071928071928072, 0.5764235764235764]
Attempt  15
Take max_iter as  1158
Score of validation 0.5219123505976095
Score of training 1.0
Score of validation (classical) [0.7091633466135459, 0.7330677290836654, 0.7529880478087649, 0.5099601593625498]
Score of training (classical) [0.7142857142857143, 0.7782217782217782, 0.8101898101898102, 0.5584415584415584]
Attempt  16
Take max_iter as  1165
Score of validation 0.5338645418326693
Score of training 1.0
Score of validation (classical) [0.749003984063745, 0.7729083665338645, 0.8167330677290837, 0.649402390438247]
Score of training (classical) [0.6913086913086913, 0.7692307692307693, 0.8111888111888111, 0.5754245754245755]
Attempt  17
Take max_iter as  1138
Score of validation 0.549800796812749
Score of training 1.0
Score of validation (classical) [0.6772908366533864, 0.7330677290836654, 0.7768924302788844, 0.5537848605577689]
Score of training (classical) [0.7042957042957043, 0.7812187812187812, 0.8201798201798202, 0.5884115884115884]
Attempt  18
Take max_iter as  1121
Score of validation 0.5896414342629482
Score of training 1.0
Score of validation (classical) [0.7051792828685259, 0.7569721115537849, 0.7609561752988048, 0.6095617529880478]
Score of training (classical) [0.6993006993006993, 0.7762237762237763, 0.8161838161838162, 0.5624375624375625]
Attempt  19
Take max_iter as  1111
Score of validation 0.47410358565737054
Score of training 1.0
Score of validation (classical) [0.6573705179282868, 0.6852589641434262, 0.7091633466135459, 0.6254980079681275]
Score of training (classical) [0.7172827172827173, 0.7882117882117882, 0.8311688311688312, 0.5924075924075924]
Attempt  20
Take max_iter as  1146
Score of validation 0.46215139442231074
Score of training 1.0
Score of validation (classical) [0.701195219123506, 0.7370517928286853, 0.7410358565737052, 0.6254980079681275]
Score of training (classical) [0.7052947052947053, 0.7672327672327672, 0.8091908091908092, 0.5944055944055944]
Attempt  21
Take max_iter as  1114
Score of validation 0.46215139442231074
Score of training 1.0
Score of validation (classical) [0.7131474103585658, 0.7370517928286853, 0.7848605577689243, 0.6294820717131474]
Score of training (classical) [0.7072927072927073, 0.7772227772227772, 0.8121878121878122, 0.5654345654345654]
Attempt  22
Take max_iter as  1228
Score of validation 0.4940239043824701
Score of training 1.0
Score of validation (classical) [0.7051792828685259, 0.6932270916334662, 0.749003984063745, 0.5856573705179283]
Score of training (classical) [0.7042957042957043, 0.7942057942057942, 0.8141858141858141, 0.5654345654345654]
Attempt  23
Take max_iter as  1189
Score of validation 0.5737051792828686
Score of training 1.0
Score of validation (classical) [0.6733067729083665, 0.7211155378486056, 0.7450199203187251, 0.6175298804780877]
Score of training (classical) [0.7162837162837162, 0.7992007992007992, 0.8191808191808192, 0.5614385614385614]
Attempt  24
Take max_iter as  1198
Score of validation 0.545816733067729
Score of training 1.0
Score of validation (classical) [0.6932270916334662, 0.7211155378486056, 0.7649402390438247, 0.5976095617529881]
Score of training (classical) [0.7042957042957043, 0.7842157842157842, 0.8041958041958042, 0.5634365634365635]
Attempt  25
Take max_iter as  1143
Score of validation 0.4860557768924303
Score of training 1.0
Score of validation (classical) [0.7131474103585658, 0.7410358565737052, 0.7370517928286853, 0.649402390438247]
Score of training (classical) [0.6953046953046953, 0.7892107892107892, 0.8171828171828172, 0.5654345654345654]
Attempt  26
Take max_iter as  1103
Score of validation 0.49800796812749004
Score of training 1.0
Score of validation (classical) [0.649402390438247, 0.6852589641434262, 0.701195219123506, 0.6175298804780877]
Score of training (classical) [0.7262737262737263, 0.7812187812187812, 0.8341658341658341, 0.5974025974025974]
Attempt  27
Take max_iter as  1246
Score of validation 0.5697211155378487
Score of training 1.0
Score of validation (classical) [0.7091633466135459, 0.7330677290836654, 0.7569721115537849, 0.6254980079681275]
Score of training (classical) [0.7172827172827173, 0.7892107892107892, 0.8251748251748252, 0.5584415584415584]
Attempt  28
Take max_iter as  1105
Score of validation 0.5537848605577689
Score of training 1.0
Score of validation (classical) [0.6972111553784861, 0.7330677290836654, 0.7888446215139442, 0.6095617529880478]
Score of training (classical) [0.7002997002997003, 0.7872127872127872, 0.8261738261738262, 0.5634365634365635]
Attempt  29
Take max_iter as  1123
Score of validation 0.5976095617529881
Score of training 1.0
Score of validation (classical) [0.6852589641434262, 0.7330677290836654, 0.7928286852589641, 0.5896414342629482]
Score of training (classical) [0.7012987012987013, 0.7932067932067932, 0.8251748251748252, 0.5644355644355644]
Attempt  30
Take max_iter as  1085
Score of validation 0.5298804780876494
Score of training 1.0
Score of validation (classical) [0.6892430278884463, 0.749003984063745, 0.7928286852589641, 0.6095617529880478]
Score of training (classical) [0.7072927072927073, 0.7662337662337663, 0.8241758241758241, 0.5854145854145855]
Attempt  31
Take max_iter as  1133
Score of validation 0.5537848605577689
Score of training 1.0
Score of validation (classical) [0.6972111553784861, 0.6932270916334662, 0.7609561752988048, 0.6254980079681275]
Score of training (classical) [0.7152847152847153, 0.8011988011988012, 0.8291708291708292, 0.5914085914085914]
Attempt  32
Take max_iter as  1126
Score of validation 0.5418326693227091
Score of training 1.0
Score of validation (classical) [0.6932270916334662, 0.7211155378486056, 0.7729083665338645, 0.601593625498008]
Score of training (classical) [0.7102897102897103, 0.7832167832167832, 0.8161838161838162, 0.5804195804195804]
Attempt  33
Take max_iter as  1201
Score of validation 0.5298804780876494
Score of training 1.0
Score of validation (classical) [0.7131474103585658, 0.7410358565737052, 0.7689243027888446, 0.6055776892430279]
Score of training (classical) [0.7052947052947053, 0.7792207792207793, 0.8101898101898102, 0.5674325674325674]
Attempt  34
Take max_iter as  1172
Score of validation 0.5219123505976095
Score of training 1.0
Score of validation (classical) [0.6932270916334662, 0.701195219123506, 0.749003984063745, 0.6693227091633466]
Score of training (classical) [0.7102897102897103, 0.7962037962037962, 0.8301698301698301, 0.5674325674325674]
Attempt  35
Take max_iter as  1125
Score of validation 0.5179282868525896
Score of training 1.0
Score of validation (classical) [0.6852589641434262, 0.7091633466135459, 0.7609561752988048, 0.6294820717131474]
Score of training (classical) [0.7012987012987013, 0.7742257742257742, 0.8081918081918081, 0.5994005994005994]
Attempt  36
Take max_iter as  1115
Score of validation 0.5059760956175299
Score of training 1.0
Score of validation (classical) [0.6972111553784861, 0.7410358565737052, 0.7609561752988048, 0.6294820717131474]
Score of training (classical) [0.7012987012987013, 0.7792207792207793, 0.8111888111888111, 0.5844155844155844]
Attempt  37
Take max_iter as  1126
Score of validation 0.5338645418326693
Score of training 1.0
Score of validation (classical) [0.6812749003984063, 0.7091633466135459, 0.749003984063745, 0.5936254980079682]
Score of training (classical) [0.7112887112887113, 0.7792207792207793, 0.8121878121878122, 0.5594405594405595]
Attempt  38
Take max_iter as  1086
Score of validation 0.5418326693227091
Score of training 1.0
Score of validation (classical) [0.701195219123506, 0.7211155378486056, 0.7729083665338645, 0.6414342629482072]
Score of training (classical) [0.7082917082917083, 0.7732267732267732, 0.8181818181818182, 0.5844155844155844]
Attempt  39
Take max_iter as  1192
Score of validation 0.545816733067729
Score of training 0.999000999000999
Score of validation (classical) [0.7290836653386454, 0.7290836653386454, 0.7689243027888446, 0.6613545816733067]
Score of training (classical) [0.6983016983016983, 0.7742257742257742, 0.8261738261738262, 0.5644355644355644]
Attempt  40
Take max_iter as  1129
Score of validation 0.4900398406374502
Score of training 1.0
Score of validation (classical) [0.6693227091633466, 0.6733067729083665, 0.749003984063745, 0.6334661354581673]
Score of training (classical) [0.7122877122877123, 0.7662337662337663, 0.8111888111888111, 0.5654345654345654]
Attempt  41
Take max_iter as  1130
Score of validation 0.49800796812749004
Score of training 1.0
Score of validation (classical) [0.7051792828685259, 0.7171314741035857, 0.7609561752988048, 0.6613545816733067]
Score of training (classical) [0.7322677322677322, 0.7962037962037962, 0.8241758241758241, 0.5914085914085914]
Attempt  42
Take max_iter as  1142
Score of validation 0.5418326693227091
Score of training 1.0
Score of validation (classical) [0.701195219123506, 0.6972111553784861, 0.7649402390438247, 0.6135458167330677]
Score of training (classical) [0.7082917082917083, 0.7922077922077922, 0.8171828171828172, 0.5714285714285714]
Attempt  43
Take max_iter as  1166
Score of validation 0.4940239043824701
Score of training 1.0
Score of validation (classical) [0.7250996015936255, 0.7529880478087649, 0.8007968127490039, 0.6254980079681275]
Score of training (classical) [0.7132867132867133, 0.7642357642357642, 0.8131868131868132, 0.5624375624375625]
Attempt  44
Take max_iter as  1118
Score of validation 0.601593625498008
Score of training 1.0
Score of validation (classical) [0.6892430278884463, 0.7250996015936255, 0.7848605577689243, 0.6294820717131474]
Score of training (classical) [0.7042957042957043, 0.7782217782217782, 0.8151848151848152, 0.6023976023976024]
Attempt  45
Take max_iter as  1193
Score of validation 0.5219123505976095
Score of training 0.999000999000999
Score of validation (classical) [0.7250996015936255, 0.7330677290836654, 0.7768924302788844, 0.601593625498008]
Score of training (classical) [0.7102897102897103, 0.7672327672327672, 0.8141858141858141, 0.5634365634365635]
Attempt  46
Take max_iter as  1187
Score of validation 0.5338645418326693
Score of training 1.0
Score of validation (classical) [0.7450199203187251, 0.7609561752988048, 0.8127490039840638, 0.6135458167330677]
Score of training (classical) [0.7042957042957043, 0.7862137862137862, 0.8091908091908092, 0.5634365634365635]
Attempt  47
Take max_iter as  1151
Score of validation 0.5338645418326693
Score of training 1.0
Score of validation (classical) [0.7051792828685259, 0.7250996015936255, 0.749003984063745, 0.6135458167330677]
Score of training (classical) [0.7132867132867133, 0.7822177822177823, 0.8201798201798202, 0.5824175824175825]
Attempt  48
Take max_iter as  1042
Score of validation 0.5179282868525896
Score of training 1.0
Score of validation (classical) [0.7290836653386454, 0.7250996015936255, 0.7529880478087649, 0.6215139442231076]
Score of training (classical) [0.7002997002997003, 0.7772227772227772, 0.8151848151848152, 0.5604395604395604]
Attempt  49
Take max_iter as  1086
Score of validation 0.4701195219123506
Score of training 1.0
Score of validation (classical) [0.6932270916334662, 0.7649402390438247, 0.796812749003984, 0.6414342629482072]
Score of training (classical) [0.7112887112887113, 0.7772227772227772, 0.8301698301698301, 0.5754245754245755]
Attempt  50
Take max_iter as  1104
Score of validation 0.5418326693227091
Score of training 1.0
Score of validation (classical) [0.7250996015936255, 0.6772908366533864, 0.7609561752988048, 0.6374501992031872]
Score of training (classical) [0.7012987012987013, 0.7812187812187812, 0.8171828171828172, 0.5674325674325674]
Attempt  51
Take max_iter as  1175
Score of validation 0.49800796812749004
Score of training 1.0
Score of validation (classical) [0.7131474103585658, 0.7330677290836654, 0.7410358565737052, 0.6454183266932271]
Score of training (classical) [0.7112887112887113, 0.7902097902097902, 0.8111888111888111, 0.5734265734265734]
Attempt  52
Take max_iter as  1184
Score of validation 0.5179282868525896
Score of training 1.0
Score of validation (classical) [0.7290836653386454, 0.7051792828685259, 0.7529880478087649, 0.6533864541832669]
Score of training (classical) [0.7042957042957043, 0.7802197802197802, 0.8181818181818182, 0.5884115884115884]
Attempt  53
Take max_iter as  1142
Score of validation 0.5298804780876494
Score of training 1.0
Score of validation (classical) [0.701195219123506, 0.6932270916334662, 0.749003984063745, 0.6135458167330677]
Score of training (classical) [0.7222777222777222, 0.7862137862137862, 0.8221778221778222, 0.5874125874125874]
Attempt  54
Take max_iter as  1090
Score of validation 0.5258964143426295
Score of training 1.0
Score of validation (classical) [0.6932270916334662, 0.7131474103585658, 0.7729083665338645, 0.649402390438247]
Score of training (classical) [0.7102897102897103, 0.7812187812187812, 0.8041958041958042, 0.5774225774225774]
Attempt  55
Take max_iter as  1193
Score of validation 0.5338645418326693
Score of training 1.0
Score of validation (classical) [0.7250996015936255, 0.7131474103585658, 0.7609561752988048, 0.6693227091633466]
Score of training (classical) [0.7062937062937062, 0.7812187812187812, 0.8121878121878122, 0.5654345654345654]
Attempt  56
Take max_iter as  1187
Score of validation 0.5936254980079682
Score of training 1.0
Score of validation (classical) [0.7330677290836654, 0.7649402390438247, 0.7768924302788844, 0.6135458167330677]
Score of training (classical) [0.6993006993006993, 0.7672327672327672, 0.8061938061938062, 0.5784215784215784]
Attempt  57
Take max_iter as  1175
Score of validation 0.5179282868525896
Score of training 1.0
Score of validation (classical) [0.701195219123506, 0.7450199203187251, 0.7569721115537849, 0.6215139442231076]
Score of training (classical) [0.7112887112887113, 0.7842157842157842, 0.8121878121878122, 0.5644355644355644]
Attempt  58
Take max_iter as  1167
Score of validation 0.5338645418326693
Score of training 1.0
Score of validation (classical) [0.701195219123506, 0.7330677290836654, 0.7370517928286853, 0.6533864541832669]
Score of training (classical) [0.7092907092907093, 0.7982017982017982, 0.8201798201798202, 0.5734265734265734]
Attempt  59
Take max_iter as  1165
Score of validation 0.5099601593625498
Score of training 1.0
Score of validation (classical) [0.6972111553784861, 0.6972111553784861, 0.7370517928286853, 0.6374501992031872]
Score of training (classical) [0.7022977022977023, 0.7842157842157842, 0.8271728271728271, 0.5914085914085914]
Attempt  60
Take max_iter as  1130
Score of validation 0.5139442231075697
Score of training 1.0
Score of validation (classical) [0.6852589641434262, 0.7131474103585658, 0.7808764940239044, 0.5976095617529881]
Score of training (classical) [0.7122877122877123, 0.7992007992007992, 0.8291708291708292, 0.5364635364635365]
Attempt  61
Take max_iter as  1125
Score of validation 0.5179282868525896
Score of training 1.0
Score of validation (classical) [0.6573705179282868, 0.6972111553784861, 0.7649402390438247, 0.5737051792828686]
Score of training (classical) [0.7172827172827173, 0.7952047952047953, 0.8131868131868132, 0.6013986013986014]
Attempt  62
Take max_iter as  1076
Score of validation 0.549800796812749
Score of training 1.0
Score of validation (classical) [0.7091633466135459, 0.7330677290836654, 0.7649402390438247, 0.6334661354581673]
Score of training (classical) [0.7112887112887113, 0.7832167832167832, 0.8251748251748252, 0.5784215784215784]
Attempt  63
Take max_iter as  1185
Score of validation 0.5617529880478087
Score of training 1.0
Score of validation (classical) [0.7051792828685259, 0.7729083665338645, 0.7689243027888446, 0.6215139442231076]
Score of training (classical) [0.7062937062937062, 0.7942057942057942, 0.8151848151848152, 0.5534465534465535]
Attempt  64
Take max_iter as  1181
Score of validation 0.5737051792828686
Score of training 1.0
Score of validation (classical) [0.7250996015936255, 0.7131474103585658, 0.7649402390438247, 0.6454183266932271]
Score of training (classical) [0.7172827172827173, 0.7922077922077922, 0.8131868131868132, 0.5834165834165834]
Attempt  65
Take max_iter as  1162
Score of validation 0.5258964143426295
Score of training 1.0
Score of validation (classical) [0.7370517928286853, 0.7370517928286853, 0.7808764940239044, 0.6215139442231076]
Score of training (classical) [0.6993006993006993, 0.7692307692307693, 0.8161838161838162, 0.5984015984015985]
Attempt  66
Take max_iter as  1130
Score of validation 0.545816733067729
Score of training 1.0
Score of validation (classical) [0.7131474103585658, 0.7290836653386454, 0.7729083665338645, 0.6215139442231076]
Score of training (classical) [0.7082917082917083, 0.7842157842157842, 0.8131868131868132, 0.5794205794205795]
Attempt  67
Take max_iter as  1199
Score of validation 0.5099601593625498
Score of training 1.0
Score of validation (classical) [0.6892430278884463, 0.7171314741035857, 0.749003984063745, 0.6215139442231076]
Score of training (classical) [0.7212787212787213, 0.7742257742257742, 0.8161838161838162, 0.5894105894105894]
Attempt  68
Take max_iter as  1147
Score of validation 0.5418326693227091
Score of training 1.0
Score of validation (classical) [0.7250996015936255, 0.7768924302788844, 0.7689243027888446, 0.6334661354581673]
Score of training (classical) [0.7022977022977023, 0.7672327672327672, 0.8131868131868132, 0.5824175824175825]
Attempt  69
Take max_iter as  1238
Score of validation 0.5617529880478087
Score of training 1.0
Score of validation (classical) [0.7410358565737052, 0.7888446215139442, 0.7808764940239044, 0.6693227091633466]
Score of training (classical) [0.6993006993006993, 0.7742257742257742, 0.8091908091908092, 0.5694305694305695]
Attempt  70
Take max_iter as  1210
Score of validation 0.5258964143426295
Score of training 1.0
Score of validation (classical) [0.7171314741035857, 0.7370517928286853, 0.7768924302788844, 0.6454183266932271]
Score of training (classical) [0.7132867132867133, 0.7822177822177823, 0.8101898101898102, 0.5454545454545454]
Attempt  71
Take max_iter as  1186
Score of validation 0.50199203187251
Score of training 1.0
Score of validation (classical) [0.7171314741035857, 0.7051792828685259, 0.7689243027888446, 0.6175298804780877]
Score of training (classical) [0.7032967032967034, 0.7712287712287712, 0.8121878121878122, 0.5534465534465535]
Attempt  72
Take max_iter as  1084
Score of validation 0.545816733067729
Score of training 1.0
Score of validation (classical) [0.6693227091633466, 0.6772908366533864, 0.7410358565737052, 0.6733067729083665]
Score of training (classical) [0.7222777222777222, 0.7722277722277723, 0.8181818181818182, 0.5774225774225774]
Attempt  73
Take max_iter as  1191
Score of validation 0.6135458167330677
Score of training 1.0
Score of validation (classical) [0.701195219123506, 0.7131474103585658, 0.7450199203187251, 0.6334661354581673]
Score of training (classical) [0.7192807192807192, 0.7692307692307693, 0.8271728271728271, 0.5534465534465535]
Attempt  74
Take max_iter as  1141
Score of validation 0.5537848605577689
Score of training 1.0
Score of validation (classical) [0.6932270916334662, 0.7330677290836654, 0.749003984063745, 0.601593625498008]
Score of training (classical) [0.7032967032967034, 0.7862137862137862, 0.8231768231768232, 0.5344655344655345]
Attempt  75
Take max_iter as  1118
Score of validation 0.5298804780876494
Score of training 1.0
Score of validation (classical) [0.7051792828685259, 0.7330677290836654, 0.7609561752988048, 0.5816733067729084]
Score of training (classical) [0.7082917082917083, 0.7742257742257742, 0.8071928071928072, 0.5754245754245755]
Attempt  76
Take max_iter as  1163
Score of validation 0.4900398406374502
Score of training 1.0
Score of validation (classical) [0.701195219123506, 0.7330677290836654, 0.7888446215139442, 0.6215139442231076]
Score of training (classical) [0.7012987012987013, 0.7822177822177823, 0.8111888111888111, 0.5804195804195804]
Attempt  77
Take max_iter as  1197
Score of validation 0.5617529880478087
Score of training 1.0
Score of validation (classical) [0.6972111553784861, 0.7529880478087649, 0.7689243027888446, 0.6454183266932271]
Score of training (classical) [0.7002997002997003, 0.7912087912087912, 0.8191808191808192, 0.5704295704295704]
Attempt  78
Take max_iter as  1149
Score of validation 0.545816733067729
Score of training 1.0
Score of validation (classical) [0.7649402390438247, 0.7370517928286853, 0.8326693227091634, 0.6772908366533864]
Score of training (classical) [0.7012987012987013, 0.7632367632367633, 0.7922077922077922, 0.5804195804195804]
Attempt  79
Take max_iter as  1218
Score of validation 0.5258964143426295
Score of training 1.0
Score of validation (classical) [0.6772908366533864, 0.7131474103585658, 0.7250996015936255, 0.6095617529880478]
Score of training (classical) [0.7232767232767233, 0.7992007992007992, 0.8321678321678322, 0.5784215784215784]
Attempt  80
Take max_iter as  1176
Score of validation 0.5219123505976095
Score of training 1.0
Score of validation (classical) [0.6972111553784861, 0.7330677290836654, 0.7689243027888446, 0.5338645418326693]
Score of training (classical) [0.7052947052947053, 0.7862137862137862, 0.8181818181818182, 0.5534465534465535]
Attempt  81
Take max_iter as  1164
Score of validation 0.5896414342629482
Score of training 1.0
Score of validation (classical) [0.6812749003984063, 0.701195219123506, 0.7609561752988048, 0.6454183266932271]
Score of training (classical) [0.7132867132867133, 0.7792207792207793, 0.8171828171828172, 0.5654345654345654]
Attempt  82
Take max_iter as  1170
Score of validation 0.5179282868525896
Score of training 1.0
Score of validation (classical) [0.7529880478087649, 0.7649402390438247, 0.8127490039840638, 0.6135458167330677]
Score of training (classical) [0.7042957042957043, 0.7712287712287712, 0.8051948051948052, 0.5394605394605395]
Attempt  83
Take max_iter as  1210
Score of validation 0.5418326693227091
Score of training 1.0
Score of validation (classical) [0.6613545816733067, 0.6733067729083665, 0.7290836653386454, 0.5657370517928287]
Score of training (classical) [0.7222777222777222, 0.7732267732267732, 0.8261738261738262, 0.6133866133866134]
Attempt  84
Take max_iter as  1141
Score of validation 0.5657370517928287
Score of training 1.0
Score of validation (classical) [0.6932270916334662, 0.7450199203187251, 0.7848605577689243, 0.5936254980079682]
Score of training (classical) [0.7032967032967034, 0.7712287712287712, 0.8241758241758241, 0.5694305694305695]
Attempt  85
Take max_iter as  1137
Score of validation 0.5697211155378487
Score of training 1.0
Score of validation (classical) [0.7370517928286853, 0.7211155378486056, 0.7609561752988048, 0.6294820717131474]
Score of training (classical) [0.6973026973026973, 0.7772227772227772, 0.8151848151848152, 0.5594405594405595]
Attempt  86
Take max_iter as  1088
Score of validation 0.5298804780876494
Score of training 1.0
Score of validation (classical) [0.7171314741035857, 0.7091633466135459, 0.7529880478087649, 0.6254980079681275]
Score of training (classical) [0.6993006993006993, 0.7802197802197802, 0.8261738261738262, 0.5504495504495505]
Attempt  87
Take max_iter as  1224
Score of validation 0.5577689243027888
Score of training 1.0
Score of validation (classical) [0.6812749003984063, 0.7450199203187251, 0.7928286852589641, 0.5976095617529881]
Score of training (classical) [0.7252747252747253, 0.7992007992007992, 0.8201798201798202, 0.5534465534465535]
Attempt  88
Take max_iter as  1108
Score of validation 0.5657370517928287
Score of training 1.0
Score of validation (classical) [0.6972111553784861, 0.701195219123506, 0.7729083665338645, 0.6055776892430279]
Score of training (classical) [0.7152847152847153, 0.7842157842157842, 0.8231768231768232, 0.5684315684315684]
Attempt  89
Take max_iter as  1120
Score of validation 0.545816733067729
Score of training 1.0
Score of validation (classical) [0.6972111553784861, 0.7171314741035857, 0.7370517928286853, 0.6055776892430279]
Score of training (classical) [0.7092907092907093, 0.7702297702297702, 0.8191808191808192, 0.5974025974025974]
Attempt  90
Take max_iter as  1110
Score of validation 0.5657370517928287
Score of training 1.0
Score of validation (classical) [0.7091633466135459, 0.7450199203187251, 0.7928286852589641, 0.6533864541832669]
Score of training (classical) [0.7022977022977023, 0.7872127872127872, 0.8211788211788211, 0.5574425574425574]
Attempt  91
Take max_iter as  1114
Score of validation 0.5338645418326693
Score of training 0.999000999000999
Score of validation (classical) [0.6812749003984063, 0.6812749003984063, 0.749003984063745, 0.5936254980079682]
Score of training (classical) [0.7132867132867133, 0.7882117882117882, 0.8291708291708292, 0.5754245754245755]
Attempt  92
Take max_iter as  1168
Score of validation 0.549800796812749
Score of training 1.0
Score of validation (classical) [0.6653386454183267, 0.7410358565737052, 0.7529880478087649, 0.5896414342629482]
Score of training (classical) [0.7112887112887113, 0.7642357642357642, 0.8111888111888111, 0.5954045954045954]
Attempt  93
Take max_iter as  1135
Score of validation 0.5816733067729084
Score of training 1.0
Score of validation (classical) [0.6454183266932271, 0.701195219123506, 0.7689243027888446, 0.5776892430278885]
Score of training (classical) [0.7212787212787213, 0.7822177822177823, 0.8151848151848152, 0.5854145854145855]
Attempt  94
Take max_iter as  1188
Score of validation 0.49800796812749004
Score of training 1.0
Score of validation (classical) [0.6812749003984063, 0.6932270916334662, 0.7450199203187251, 0.5896414342629482]
Score of training (classical) [0.7162837162837162, 0.7832167832167832, 0.8171828171828172, 0.5844155844155844]
Attempt  95
Take max_iter as  1116
Score of validation 0.5258964143426295
Score of training 1.0
Score of validation (classical) [0.7051792828685259, 0.7131474103585658, 0.7290836653386454, 0.6374501992031872]
Score of training (classical) [0.7102897102897103, 0.7702297702297702, 0.8171828171828172, 0.5934065934065934]
Attempt  96
Take max_iter as  1199
Score of validation 0.5378486055776892
Score of training 1.0
Score of validation (classical) [0.7609561752988048, 0.7649402390438247, 0.8207171314741036, 0.6693227091633466]
Score of training (classical) [0.6933066933066933, 0.7702297702297702, 0.8161838161838162, 0.5454545454545454]
Attempt  97
Take max_iter as  1224
Score of validation 0.5776892430278885
Score of training 1.0
Score of validation (classical) [0.7250996015936255, 0.7370517928286853, 0.7768924302788844, 0.6374501992031872]
Score of training (classical) [0.7092907092907093, 0.7822177822177823, 0.8071928071928072, 0.5784215784215784]
Attempt  98
Take max_iter as  1157
Score of validation 0.5418326693227091
Score of training 1.0
Score of validation (classical) [0.7211155378486056, 0.6892430278884463, 0.7529880478087649, 0.5936254980079682]
Score of training (classical) [0.6953046953046953, 0.7832167832167832, 0.8111888111888111, 0.5604395604395604]
Attempt  99
Take max_iter as  1164
Score of validation 0.5378486055776892
Score of training 0.999000999000999
Score of validation (classical) [0.6932270916334662, 0.7250996015936255, 0.7609561752988048, 0.6095617529880478]
Score of training (classical) [0.7002997002997003, 0.7962037962037962, 0.8341658341658341, 0.5494505494505495]
Attempt  100
Take max_iter as  1136
Score of validation 0.545816733067729
Score of training 1.0
Score of validation (classical) [0.7370517928286853, 0.7290836653386454, 0.8007968127490039, 0.6374501992031872]
Score of training (classical) [0.7042957042957043, 0.7792207792207793, 0.8091908091908092, 0.5624375624375625]
Attempt  101
Take max_iter as  1196
Score of validation 0.5179282868525896
Score of training 1.0
Score of validation (classical) [0.6653386454183267, 0.7410358565737052, 0.7928286852589641, 0.5697211155378487]
Score of training (classical) [0.7102897102897103, 0.7942057942057942, 0.8181818181818182, 0.5744255744255744]
Attempt  102
Take max_iter as  1136
Score of validation 0.5816733067729084
Score of training 1.0
Score of validation (classical) [0.7131474103585658, 0.7091633466135459, 0.796812749003984, 0.649402390438247]
Score of training (classical) [0.7042957042957043, 0.7732267732267732, 0.8151848151848152, 0.5854145854145855]
Attempt  103
Take max_iter as  1129
Score of validation 0.5657370517928287
Score of training 1.0
Score of validation (classical) [0.7250996015936255, 0.7091633466135459, 0.7768924302788844, 0.6254980079681275]
Score of training (classical) [0.7052947052947053, 0.7752247752247752, 0.8221778221778222, 0.5504495504495505]
Attempt  104
Take max_iter as  1229
Score of validation 0.545816733067729
Score of training 1.0
Score of validation (classical) [0.6812749003984063, 0.7330677290836654, 0.7569721115537849, 0.5976095617529881]
Score of training (classical) [0.7122877122877123, 0.7962037962037962, 0.8181818181818182, 0.5744255744255744]
Attempt  105
Take max_iter as  1181
Score of validation 0.5577689243027888
Score of training 1.0
Score of validation (classical) [0.701195219123506, 0.7250996015936255, 0.7848605577689243, 0.6653386454183267]
Score of training (classical) [0.7102897102897103, 0.7782217782217782, 0.8301698301698301, 0.5954045954045954]
Attempt  106
Take max_iter as  1182
Score of validation 0.6055776892430279
Score of training 1.0
Score of validation (classical) [0.6852589641434262, 0.6852589641434262, 0.7450199203187251, 0.6374501992031872]
Score of training (classical) [0.7072927072927073, 0.7822177822177823, 0.8241758241758241, 0.5774225774225774]
Attempt  107
Take max_iter as  1147
Score of validation 0.5219123505976095
Score of training 1.0
Score of validation (classical) [0.7051792828685259, 0.7330677290836654, 0.7569721115537849, 0.601593625498008]
Score of training (classical) [0.7112887112887113, 0.7842157842157842, 0.8201798201798202, 0.5704295704295704]
Attempt  108
Take max_iter as  1104
Score of validation 0.5179282868525896
Score of training 1.0
Score of validation (classical) [0.6972111553784861, 0.7290836653386454, 0.7410358565737052, 0.6175298804780877]
Score of training (classical) [0.7092907092907093, 0.7852147852147852, 0.8301698301698301, 0.5734265734265734]
Attempt  109
Take max_iter as  1152
Score of validation 0.5338645418326693
Score of training 1.0
Score of validation (classical) [0.6812749003984063, 0.6932270916334662, 0.7370517928286853, 0.5856573705179283]
Score of training (classical) [0.7152847152847153, 0.7852147852147852, 0.8291708291708292, 0.5684315684315684]
Attempt  110
Take max_iter as  1219
Score of validation 0.5418326693227091
Score of training 1.0
Score of validation (classical) [0.7051792828685259, 0.7330677290836654, 0.7370517928286853, 0.6334661354581673]
Score of training (classical) [0.7062937062937062, 0.7822177822177823, 0.8191808191808192, 0.5744255744255744]
Attempt  111
Take max_iter as  1140
Score of validation 0.5258964143426295
Score of training 1.0
Score of validation (classical) [0.6892430278884463, 0.7171314741035857, 0.7450199203187251, 0.6215139442231076]
Score of training (classical) [0.7082917082917083, 0.7722277722277723, 0.8201798201798202, 0.5814185814185814]
Attempt  112
Take max_iter as  1198
Score of validation 0.5338645418326693
Score of training 1.0
Score of validation (classical) [0.6454183266932271, 0.6772908366533864, 0.7330677290836654, 0.5776892430278885]
Score of training (classical) [0.7152847152847153, 0.7842157842157842, 0.8241758241758241, 0.5734265734265734]
Attempt  113
Take max_iter as  1106
Score of validation 0.5657370517928287
Score of training 1.0
Score of validation (classical) [0.749003984063745, 0.7888446215139442, 0.8087649402390438, 0.6095617529880478]
Score of training (classical) [0.7012987012987013, 0.7692307692307693, 0.8071928071928072, 0.5524475524475524]
Attempt  114
Take max_iter as  1155
Score of validation 0.5298804780876494
Score of training 1.0
Score of validation (classical) [0.7211155378486056, 0.701195219123506, 0.7410358565737052, 0.6095617529880478]
Score of training (classical) [0.7082917082917083, 0.7932067932067932, 0.8261738261738262, 0.5634365634365635]
Attempt  115
Take max_iter as  1199
Score of validation 0.545816733067729
Score of training 1.0
Score of validation (classical) [0.7290836653386454, 0.7410358565737052, 0.7768924302788844, 0.6254980079681275]
Score of training (classical) [0.7112887112887113, 0.7722277722277723, 0.8111888111888111, 0.5954045954045954]
Attempt  116
Take max_iter as  1083
Score of validation 0.5577689243027888
Score of training 1.0
Score of validation (classical) [0.6613545816733067, 0.7131474103585658, 0.7250996015936255, 0.6135458167330677]
Score of training (classical) [0.7132867132867133, 0.7952047952047953, 0.8201798201798202, 0.5944055944055944]
Attempt  117
Take max_iter as  1254
Score of validation 0.4701195219123506
Score of training 1.0
Score of validation (classical) [0.6095617529880478, 0.6334661354581673, 0.6653386454183267, 0.5737051792828686]
Score of training (classical) [0.7282717282717283, 0.7902097902097902, 0.8261738261738262, 0.6123876123876124]
Attempt  118
Take max_iter as  1134
Score of validation 0.47808764940239046
Score of training 1.0
Score of validation (classical) [0.6414342629482072, 0.6573705179282868, 0.7250996015936255, 0.5617529880478087]
Score of training (classical) [0.7272727272727273, 0.7852147852147852, 0.8181818181818182, 0.5764235764235764]
Attempt  119
Take max_iter as  1152
Score of validation 0.5059760956175299
Score of training 1.0
Score of validation (classical) [0.6972111553784861, 0.7211155378486056, 0.7609561752988048, 0.6374501992031872]
Score of training (classical) [0.7142857142857143, 0.7792207792207793, 0.8141858141858141, 0.5624375624375625]
Attempt  120
Take max_iter as  1171
Score of validation 0.5139442231075697
Score of training 1.0
Score of validation (classical) [0.649402390438247, 0.7091633466135459, 0.749003984063745, 0.5936254980079682]
Score of training (classical) [0.7182817182817183, 0.8031968031968032, 0.8241758241758241, 0.5744255744255744]
Attempt  121
Take max_iter as  1180
Score of validation 0.49800796812749004
Score of training 1.0
Score of validation (classical) [0.6772908366533864, 0.7370517928286853, 0.7450199203187251, 0.6135458167330677]
Score of training (classical) [0.7102897102897103, 0.7992007992007992, 0.8201798201798202, 0.5864135864135864]
Attempt  122
Take max_iter as  1146
Score of validation 0.5577689243027888
Score of training 1.0
Score of validation (classical) [0.6852589641434262, 0.6852589641434262, 0.749003984063745, 0.5976095617529881]
Score of training (classical) [0.7202797202797203, 0.7882117882117882, 0.8181818181818182, 0.5944055944055944]
Attempt  123
Take max_iter as  1166
Score of validation 0.4940239043824701
Score of training 1.0
Score of validation (classical) [0.7131474103585658, 0.7450199203187251, 0.7768924302788844, 0.6374501992031872]
Score of training (classical) [0.7002997002997003, 0.7782217782217782, 0.8111888111888111, 0.5514485514485514]
Attempt  124
Take max_iter as  1136
Score of validation 0.49800796812749004
Score of training 1.0
Score of validation (classical) [0.6613545816733067, 0.7290836653386454, 0.7729083665338645, 0.6533864541832669]
Score of training (classical) [0.7072927072927073, 0.7912087912087912, 0.8311688311688312, 0.5874125874125874]
Attempt  125
Take max_iter as  1134
Score of validation 0.545816733067729
Score of training 1.0
Score of validation (classical) [0.701195219123506, 0.7410358565737052, 0.7649402390438247, 0.6414342629482072]
Score of training (classical) [0.7122877122877123, 0.7932067932067932, 0.8211788211788211, 0.5644355644355644]
Attempt  126
Take max_iter as  1262
Score of validation 0.49800796812749004
Score of training 1.0
Score of validation (classical) [0.7171314741035857, 0.7649402390438247, 0.796812749003984, 0.6254980079681275]
Score of training (classical) [0.7002997002997003, 0.7812187812187812, 0.8121878121878122, 0.5524475524475524]
Attempt  127
Take max_iter as  1143
Score of validation 0.5338645418326693
Score of training 0.999000999000999
Score of validation (classical) [0.7131474103585658, 0.7888446215139442, 0.8007968127490039, 0.6693227091633466]
Score of training (classical) [0.7032967032967034, 0.7762237762237763, 0.8181818181818182, 0.5594405594405595]
Attempt  128
Take max_iter as  1189
Score of validation 0.5657370517928287
Score of training 1.0
Score of validation (classical) [0.7410358565737052, 0.7250996015936255, 0.7848605577689243, 0.6733067729083665]
Score of training (classical) [0.6943056943056943, 0.7762237762237763, 0.8181818181818182, 0.5644355644355644]
Attempt  129
Take max_iter as  1290
Score of validation 0.5776892430278885
Score of training 1.0
Score of validation (classical) [0.7131474103585658, 0.6852589641434262, 0.7370517928286853, 0.6334661354581673]
Score of training (classical) [0.7132867132867133, 0.7822177822177823, 0.8321678321678322, 0.5974025974025974]
Attempt  130
Take max_iter as  1146
Score of validation 0.5298804780876494
Score of training 1.0
Score of validation (classical) [0.6454183266932271, 0.6613545816733067, 0.6892430278884463, 0.6254980079681275]
Score of training (classical) [0.7172827172827173, 0.7942057942057942, 0.8301698301698301, 0.5754245754245755]
Attempt  131
Take max_iter as  1189
Score of validation 0.5059760956175299
Score of training 1.0
Score of validation (classical) [0.7211155378486056, 0.7290836653386454, 0.7848605577689243, 0.6693227091633466]
Score of training (classical) [0.7212787212787213, 0.7752247752247752, 0.8091908091908092, 0.5854145854145855]
Attempt  132
Take max_iter as  1145
Score of validation 0.5139442231075697
Score of training 1.0
Score of validation (classical) [0.749003984063745, 0.7768924302788844, 0.8047808764940239, 0.6055776892430279]
Score of training (classical) [0.7032967032967034, 0.7802197802197802, 0.8191808191808192, 0.5564435564435565]
Attempt  133
Take max_iter as  1168
Score of validation 0.5657370517928287
Score of training 1.0
Score of validation (classical) [0.649402390438247, 0.6972111553784861, 0.749003984063745, 0.5737051792828686]
Score of training (classical) [0.7142857142857143, 0.7932067932067932, 0.8221778221778222, 0.5934065934065934]
Attempt  134
Take max_iter as  1152
Score of validation 0.5776892430278885
Score of training 1.0
Score of validation (classical) [0.6653386454183267, 0.6772908366533864, 0.7450199203187251, 0.6175298804780877]
Score of training (classical) [0.7162837162837162, 0.7922077922077922, 0.8181818181818182, 0.5764235764235764]
Attempt  135
Take max_iter as  1107
Score of validation 0.5298804780876494
Score of training 1.0
Score of validation (classical) [0.6653386454183267, 0.6812749003984063, 0.7410358565737052, 0.6254980079681275]
Score of training (classical) [0.7102897102897103, 0.7872127872127872, 0.8211788211788211, 0.5704295704295704]
Attempt  136
Take max_iter as  1172
Score of validation 0.5657370517928287
Score of training 1.0
Score of validation (classical) [0.6852589641434262, 0.7290836653386454, 0.749003984063745, 0.6215139442231076]
Score of training (classical) [0.7132867132867133, 0.7792207792207793, 0.8191808191808192, 0.5814185814185814]
Attempt  137
Take max_iter as  1182
Score of validation 0.49800796812749004
Score of training 1.0
Score of validation (classical) [0.7091633466135459, 0.7250996015936255, 0.7689243027888446, 0.6175298804780877]
Score of training (classical) [0.7022977022977023, 0.7572427572427572, 0.8131868131868132, 0.5714285714285714]
Attempt  138
Take max_iter as  1141
Score of validation 0.545816733067729
Score of training 1.0
Score of validation (classical) [0.7290836653386454, 0.7370517928286853, 0.7928286852589641, 0.6334661354581673]
Score of training (classical) [0.7022977022977023, 0.7662337662337663, 0.8191808191808192, 0.5794205794205795]
Attempt  139
Take max_iter as  1164
Score of validation 0.4541832669322709
Score of training 1.0
Score of validation (classical) [0.6892430278884463, 0.6972111553784861, 0.7370517928286853, 0.6055776892430279]
Score of training (classical) [0.7112887112887113, 0.7762237762237763, 0.8201798201798202, 0.5814185814185814]
Attempt  140
Take max_iter as  1258
Score of validation 0.5139442231075697
Score of training 0.999000999000999
Score of validation (classical) [0.7450199203187251, 0.7649402390438247, 0.8127490039840638, 0.6573705179282868]
Score of training (classical) [0.6963036963036963, 0.7922077922077922, 0.8201798201798202, 0.5334665334665335]
Attempt  141
Take max_iter as  1179
Score of validation 0.4900398406374502
Score of training 1.0
Score of validation (classical) [0.7171314741035857, 0.7250996015936255, 0.7649402390438247, 0.6215139442231076]
Score of training (classical) [0.7122877122877123, 0.7832167832167832, 0.8161838161838162, 0.5604395604395604]
Attempt  142
Take max_iter as  1088
Score of validation 0.5856573705179283
Score of training 1.0
Score of validation (classical) [0.7410358565737052, 0.7529880478087649, 0.7729083665338645, 0.6374501992031872]
Score of training (classical) [0.7032967032967034, 0.7752247752247752, 0.8181818181818182, 0.5464535464535465]
Attempt  143
Take max_iter as  1149
Score of validation 0.5737051792828686
Score of training 1.0
Score of validation (classical) [0.7250996015936255, 0.701195219123506, 0.7569721115537849, 0.5418326693227091]
Score of training (classical) [0.7112887112887113, 0.7822177822177823, 0.8181818181818182, 0.5614385614385614]
Attempt  144
Take max_iter as  1251
Score of validation 0.5338645418326693
Score of training 1.0
Score of validation (classical) [0.7091633466135459, 0.7131474103585658, 0.7569721115537849, 0.6254980079681275]
Score of training (classical) [0.7062937062937062, 0.7832167832167832, 0.8081918081918081, 0.5644355644355644]
Attempt  145
Take max_iter as  1186
Score of validation 0.5617529880478087
Score of training 1.0
Score of validation (classical) [0.701195219123506, 0.749003984063745, 0.7689243027888446, 0.6374501992031872]
Score of training (classical) [0.7082917082917083, 0.7762237762237763, 0.8241758241758241, 0.5604395604395604]
Attempt  146
Take max_iter as  1148
Score of validation 0.5219123505976095
Score of training 1.0
Score of validation (classical) [0.6972111553784861, 0.7370517928286853, 0.7808764940239044, 0.6414342629482072]
Score of training (classical) [0.7062937062937062, 0.7892107892107892, 0.8191808191808192, 0.5504495504495505]
Attempt  147
Take max_iter as  1181
Score of validation 0.545816733067729
Score of training 1.0
Score of validation (classical) [0.6972111553784861, 0.7051792828685259, 0.7450199203187251, 0.6693227091633466]
Score of training (classical) [0.7102897102897103, 0.7962037962037962, 0.8191808191808192, 0.5724275724275725]
Attempt  148
Take max_iter as  1168
Score of validation 0.49800796812749004
Score of training 1.0
Score of validation (classical) [0.6932270916334662, 0.6852589641434262, 0.7569721115537849, 0.6414342629482072]
Score of training (classical) [0.7172827172827173, 0.7822177822177823, 0.8151848151848152, 0.5844155844155844]
Attempt  149
Take max_iter as  1109
Score of validation 0.549800796812749
Score of training 1.0
Score of validation (classical) [0.6892430278884463, 0.7171314741035857, 0.7729083665338645, 0.6414342629482072]
Score of training (classical) [0.7052947052947053, 0.7832167832167832, 0.8141858141858141, 0.5904095904095904]
Attempt  150
Take max_iter as  1193
Score of validation 0.5139442231075697
Score of training 1.0
Score of validation (classical) [0.7091633466135459, 0.6972111553784861, 0.7848605577689243, 0.6175298804780877]
Score of training (classical) [0.7132867132867133, 0.7792207792207793, 0.8171828171828172, 0.5804195804195804]
Attempt  151
Take max_iter as  1207
Score of validation 0.6533864541832669
Score of training 1.0
Score of validation (classical) [0.6613545816733067, 0.7250996015936255, 0.7609561752988048, 0.5617529880478087]
Score of training (classical) [0.7062937062937062, 0.7812187812187812, 0.8291708291708292, 0.5664335664335665]
Attempt  152
Take max_iter as  1143
Score of validation 0.49800796812749004
Score of training 1.0
Score of validation (classical) [0.6892430278884463, 0.6972111553784861, 0.7211155378486056, 0.6533864541832669]
Score of training (classical) [0.7162837162837162, 0.7962037962037962, 0.8201798201798202, 0.5774225774225774]
Attempt  153
Take max_iter as  1277
Score of validation 0.4900398406374502
Score of training 1.0
Score of validation (classical) [0.7330677290836654, 0.7410358565737052, 0.7569721115537849, 0.6095617529880478]
Score of training (classical) [0.6873126873126874, 0.7712287712287712, 0.8171828171828172, 0.5534465534465535]
Attempt  154
Take max_iter as  1071
Score of validation 0.5338645418326693
Score of training 1.0
Score of validation (classical) [0.6613545816733067, 0.6892430278884463, 0.7529880478087649, 0.5537848605577689]
Score of training (classical) [0.7132867132867133, 0.7782217782217782, 0.8381618381618382, 0.5874125874125874]
Attempt  155
Take max_iter as  1164
Score of validation 0.5418326693227091
Score of training 1.0
Score of validation (classical) [0.701195219123506, 0.7171314741035857, 0.7649402390438247, 0.6374501992031872]
Score of training (classical) [0.7032967032967034, 0.7832167832167832, 0.8161838161838162, 0.5744255744255744]
Attempt  156
Take max_iter as  1164
Score of validation 0.4940239043824701
Score of training 1.0
Score of validation (classical) [0.6653386454183267, 0.6772908366533864, 0.7450199203187251, 0.6374501992031872]
Score of training (classical) [0.7132867132867133, 0.7962037962037962, 0.8201798201798202, 0.5694305694305695]
Attempt  157
Take max_iter as  1116
Score of validation 0.49800796812749004
Score of training 1.0
Score of validation (classical) [0.6653386454183267, 0.7171314741035857, 0.7330677290836654, 0.5936254980079682]
Score of training (classical) [0.7252747252747253, 0.7942057942057942, 0.8181818181818182, 0.5894105894105894]
Attempt  158
Take max_iter as  1105
Score of validation 0.5258964143426295
Score of training 1.0
Score of validation (classical) [0.7290836653386454, 0.7410358565737052, 0.7768924302788844, 0.6374501992031872]
Score of training (classical) [0.7032967032967034, 0.7692307692307693, 0.8131868131868132, 0.5624375624375625]
Attempt  159
Take max_iter as  1284
Score of validation 0.49800796812749004
Score of training 1.0
Score of validation (classical) [0.7171314741035857, 0.7131474103585658, 0.8167330677290837, 0.5936254980079682]
Score of training (classical) [0.7082917082917083, 0.7652347652347652, 0.8171828171828172, 0.5884115884115884]
Attempt  160
Take max_iter as  1182
Score of validation 0.5059760956175299
Score of training 1.0
Score of validation (classical) [0.6852589641434262, 0.7091633466135459, 0.7689243027888446, 0.5976095617529881]
Score of training (classical) [0.7182817182817183, 0.7902097902097902, 0.8181818181818182, 0.5554445554445554]
Attempt  161
Take max_iter as  1170
Score of validation 0.4940239043824701
Score of training 1.0
Score of validation (classical) [0.6932270916334662, 0.6892430278884463, 0.749003984063745, 0.5776892430278885]
Score of training (classical) [0.7072927072927073, 0.8031968031968032, 0.8341658341658341, 0.5694305694305695]
Attempt  162
Take max_iter as  1183
Score of validation 0.5219123505976095
Score of training 1.0
Score of validation (classical) [0.7211155378486056, 0.7330677290836654, 0.7529880478087649, 0.6932270916334662]
Score of training (classical) [0.7022977022977023, 0.7742257742257742, 0.8111888111888111, 0.6043956043956044]
Attempt  163
Take max_iter as  1122
Score of validation 0.4900398406374502
Score of training 1.0
Score of validation (classical) [0.6852589641434262, 0.7529880478087649, 0.7729083665338645, 0.6374501992031872]
Score of training (classical) [0.7082917082917083, 0.7872127872127872, 0.8211788211788211, 0.5824175824175825]
Attempt  164
Take max_iter as  1222
Score of validation 0.4940239043824701
Score of training 1.0
Score of validation (classical) [0.701195219123506, 0.7250996015936255, 0.7649402390438247, 0.6294820717131474]
Score of training (classical) [0.7102897102897103, 0.7882117882117882, 0.8231768231768232, 0.5564435564435565]
Attempt  165
Take max_iter as  1192
Score of validation 0.5657370517928287
Score of training 1.0
Score of validation (classical) [0.6613545816733067, 0.7131474103585658, 0.7569721115537849, 0.6454183266932271]
Score of training (classical) [0.7162837162837162, 0.7892107892107892, 0.8331668331668332, 0.6183816183816184]
Attempt  166
Take max_iter as  1198
Score of validation 0.5219123505976095
Score of training 1.0
Score of validation (classical) [0.6972111553784861, 0.7131474103585658, 0.7450199203187251, 0.6454183266932271]
Score of training (classical) [0.7152847152847153, 0.7752247752247752, 0.8351648351648352, 0.5674325674325674]
Attempt  167
Take max_iter as  1145
Score of validation 0.5258964143426295
Score of training 1.0
Score of validation (classical) [0.7211155378486056, 0.7211155378486056, 0.7928286852589641, 0.6135458167330677]
Score of training (classical) [0.7072927072927073, 0.7752247752247752, 0.8271728271728271, 0.5664335664335665]
Attempt  168
Take max_iter as  1126
Score of validation 0.4860557768924303
Score of training 1.0
Score of validation (classical) [0.7091633466135459, 0.6972111553784861, 0.749003984063745, 0.6414342629482072]
Score of training (classical) [0.7202797202797203, 0.7762237762237763, 0.8171828171828172, 0.5764235764235764]
Attempt  169
Take max_iter as  1125
Score of validation 0.5537848605577689
Score of training 1.0
Score of validation (classical) [0.701195219123506, 0.7250996015936255, 0.7450199203187251, 0.6374501992031872]
Score of training (classical) [0.7142857142857143, 0.7772227772227772, 0.8201798201798202, 0.5604395604395604]
Attempt  170
Take max_iter as  1254
Score of validation 0.5338645418326693
Score of training 1.0
Score of validation (classical) [0.6932270916334662, 0.6693227091633466, 0.7410358565737052, 0.6414342629482072]
Score of training (classical) [0.7052947052947053, 0.7922077922077922, 0.8181818181818182, 0.5644355644355644]
Attempt  171
Take max_iter as  1184
Score of validation 0.6055776892430279
Score of training 1.0
Score of validation (classical) [0.7131474103585658, 0.7529880478087649, 0.7848605577689243, 0.5896414342629482]
Score of training (classical) [0.7052947052947053, 0.7842157842157842, 0.8131868131868132, 0.5954045954045954]
Attempt  172
Take max_iter as  1231
Score of validation 0.49800796812749004
Score of training 1.0
Score of validation (classical) [0.7091633466135459, 0.7290836653386454, 0.7888446215139442, 0.649402390438247]
Score of training (classical) [0.7012987012987013, 0.7842157842157842, 0.8111888111888111, 0.5774225774225774]
Attempt  173
Take max_iter as  1151
Score of validation 0.5418326693227091
Score of training 1.0
Score of validation (classical) [0.7131474103585658, 0.7131474103585658, 0.7410358565737052, 0.549800796812749]
Score of training (classical) [0.7082917082917083, 0.7702297702297702, 0.8221778221778222, 0.5744255744255744]
Attempt  174
Take max_iter as  1142
Score of validation 0.5338645418326693
Score of training 1.0
Score of validation (classical) [0.6613545816733067, 0.7569721115537849, 0.7729083665338645, 0.5856573705179283]
Score of training (classical) [0.7182817182817183, 0.7742257742257742, 0.8271728271728271, 0.5764235764235764]
Attempt  175
Take max_iter as  1140
Score of validation 0.5537848605577689
Score of training 1.0
Score of validation (classical) [0.7450199203187251, 0.7569721115537849, 0.8406374501992032, 0.6454183266932271]
Score of training (classical) [0.6983016983016983, 0.7772227772227772, 0.8081918081918081, 0.5604395604395604]
Attempt  176
Take max_iter as  1317
Score of validation 0.4940239043824701
Score of training 1.0
Score of validation (classical) [0.7171314741035857, 0.7131474103585658, 0.7649402390438247, 0.6454183266932271]
Score of training (classical) [0.6963036963036963, 0.7792207792207793, 0.8221778221778222, 0.5634365634365635]
Attempt  177
Take max_iter as  1196
Score of validation 0.549800796812749
Score of training 1.0
Score of validation (classical) [0.7051792828685259, 0.6972111553784861, 0.7569721115537849, 0.6454183266932271]
Score of training (classical) [0.7002997002997003, 0.7732267732267732, 0.8231768231768232, 0.5664335664335665]
Attempt  178
Take max_iter as  1202
Score of validation 0.50199203187251
Score of training 1.0
Score of validation (classical) [0.7330677290836654, 0.7410358565737052, 0.7768924302788844, 0.6095617529880478]
Score of training (classical) [0.7002997002997003, 0.7872127872127872, 0.8151848151848152, 0.5604395604395604]
Attempt  179
Take max_iter as  1129
Score of validation 0.50199203187251
Score of training 1.0
Score of validation (classical) [0.6613545816733067, 0.6932270916334662, 0.7609561752988048, 0.5737051792828686]
Score of training (classical) [0.7112887112887113, 0.7812187812187812, 0.8191808191808192, 0.5734265734265734]
Attempt  180
Take max_iter as  1235
Score of validation 0.5737051792828686
Score of training 1.0
Score of validation (classical) [0.7211155378486056, 0.749003984063745, 0.7370517928286853, 0.6095617529880478]
Score of training (classical) [0.7062937062937062, 0.7892107892107892, 0.8271728271728271, 0.5594405594405595]
Attempt  181
Take max_iter as  1138
Score of validation 0.5378486055776892
Score of training 1.0
Score of validation (classical) [0.6892430278884463, 0.7091633466135459, 0.7649402390438247, 0.601593625498008]
Score of training (classical) [0.7142857142857143, 0.7712287712287712, 0.8081918081918081, 0.5764235764235764]
Attempt  182
Take max_iter as  1194
Score of validation 0.5577689243027888
Score of training 1.0
Score of validation (classical) [0.7330677290836654, 0.7768924302788844, 0.796812749003984, 0.6175298804780877]
Score of training (classical) [0.7072927072927073, 0.7592407592407593, 0.8161838161838162, 0.5724275724275725]
Attempt  183
Take max_iter as  1206
Score of validation 0.5378486055776892
Score of training 1.0
Score of validation (classical) [0.7051792828685259, 0.701195219123506, 0.7609561752988048, 0.601593625498008]
Score of training (classical) [0.6983016983016983, 0.7752247752247752, 0.8311688311688312, 0.5884115884115884]
Attempt  184
Take max_iter as  1127
Score of validation 0.5697211155378487
Score of training 0.999000999000999
Score of validation (classical) [0.7250996015936255, 0.7450199203187251, 0.7768924302788844, 0.6095617529880478]
Score of training (classical) [0.7042957042957043, 0.7822177822177823, 0.8191808191808192, 0.5764235764235764]
Attempt  185
Take max_iter as  1124
Score of validation 0.5657370517928287
Score of training 1.0
Score of validation (classical) [0.6573705179282868, 0.7131474103585658, 0.7450199203187251, 0.6175298804780877]
Score of training (classical) [0.7212787212787213, 0.7992007992007992, 0.8321678321678322, 0.5734265734265734]
Attempt  186
Take max_iter as  1191
Score of validation 0.5776892430278885
Score of training 1.0
Score of validation (classical) [0.7330677290836654, 0.749003984063745, 0.7529880478087649, 0.6294820717131474]
Score of training (classical) [0.7042957042957043, 0.7872127872127872, 0.8201798201798202, 0.5514485514485514]
Attempt  187
Take max_iter as  1227
Score of validation 0.5936254980079682
Score of training 1.0
Score of validation (classical) [0.7091633466135459, 0.7250996015936255, 0.7848605577689243, 0.649402390438247]
Score of training (classical) [0.7102897102897103, 0.7872127872127872, 0.8141858141858141, 0.5704295704295704]
Attempt  188
Take max_iter as  1117
Score of validation 0.5418326693227091
Score of training 1.0
Score of validation (classical) [0.6892430278884463, 0.7569721115537849, 0.8087649402390438, 0.5816733067729084]
Score of training (classical) [0.7062937062937062, 0.7792207792207793, 0.8181818181818182, 0.5694305694305695]
Attempt  189
Take max_iter as  1154
Score of validation 0.5139442231075697
Score of training 1.0
Score of validation (classical) [0.6772908366533864, 0.701195219123506, 0.7729083665338645, 0.6175298804780877]
Score of training (classical) [0.7002997002997003, 0.7802197802197802, 0.8261738261738262, 0.5774225774225774]
Attempt  190
Take max_iter as  1242
Score of validation 0.549800796812749
Score of training 1.0
Score of validation (classical) [0.701195219123506, 0.7290836653386454, 0.7569721115537849, 0.601593625498008]
Score of training (classical) [0.7122877122877123, 0.7762237762237763, 0.8211788211788211, 0.5514485514485514]
Attempt  191
Take max_iter as  1152
Score of validation 0.5537848605577689
Score of training 1.0
Score of validation (classical) [0.7171314741035857, 0.6972111553784861, 0.7450199203187251, 0.6334661354581673]
Score of training (classical) [0.7072927072927073, 0.7862137862137862, 0.8281718281718282, 0.5924075924075924]
Attempt  192
Take max_iter as  1100
Score of validation 0.4860557768924303
Score of training 0.999000999000999
Score of validation (classical) [0.6772908366533864, 0.7370517928286853, 0.7729083665338645, 0.6334661354581673]
Score of training (classical) [0.7162837162837162, 0.7802197802197802, 0.8231768231768232, 0.5584415584415584]
Attempt  193
Take max_iter as  1165
Score of validation 0.47808764940239046
Score of training 1.0
Score of validation (classical) [0.7171314741035857, 0.7330677290836654, 0.7649402390438247, 0.5976095617529881]
Score of training (classical) [0.7052947052947053, 0.7682317682317682, 0.8251748251748252, 0.5474525474525475]
Attempt  194
Take max_iter as  1180
Score of validation 0.5537848605577689
Score of training 1.0
Score of validation (classical) [0.6932270916334662, 0.7171314741035857, 0.749003984063745, 0.6334661354581673]
Score of training (classical) [0.7112887112887113, 0.7962037962037962, 0.8141858141858141, 0.5714285714285714]
Attempt  195
Take max_iter as  1175
Score of validation 0.5099601593625498
Score of training 1.0
Score of validation (classical) [0.6573705179282868, 0.7051792828685259, 0.7450199203187251, 0.6055776892430279]
Score of training (classical) [0.7152847152847153, 0.7792207792207793, 0.8231768231768232, 0.5744255744255744]
Attempt  196
Take max_iter as  1151
Score of validation 0.5219123505976095
Score of training 1.0
Score of validation (classical) [0.7131474103585658, 0.6892430278884463, 0.7729083665338645, 0.6254980079681275]
Score of training (classical) [0.7102897102897103, 0.7922077922077922, 0.8131868131868132, 0.5594405594405595]
Attempt  197
Take max_iter as  1163
Score of validation 0.5697211155378487
Score of training 1.0
Score of validation (classical) [0.7410358565737052, 0.7729083665338645, 0.8247011952191236, 0.6175298804780877]
Score of training (classical) [0.6963036963036963, 0.7802197802197802, 0.8141858141858141, 0.5554445554445554]
Attempt  198
Take max_iter as  1229
Score of validation 0.5378486055776892
Score of training 1.0
Score of validation (classical) [0.7091633466135459, 0.7529880478087649, 0.8087649402390438, 0.6095617529880478]
Score of training (classical) [0.6933066933066933, 0.7772227772227772, 0.8031968031968032, 0.5734265734265734]
Attempt  199
Take max_iter as  1191
Score of validation 0.4940239043824701
Score of training 1.0
Score of validation (classical) [0.6812749003984063, 0.7370517928286853, 0.7768924302788844, 0.6135458167330677]
Score of training (classical) [0.7042957042957043, 0.7662337662337663, 0.8211788211788211, 0.5824175824175825]
Attempt  200
Take max_iter as  1211
Score of validation 0.5338645418326693
Score of training 1.0
Score of validation (classical) [0.6653386454183267, 0.7051792828685259, 0.749003984063745, 0.6175298804780877]
Score of training (classical) [0.7052947052947053, 0.7872127872127872, 0.8141858141858141, 0.6003996003996004]
Attempt  201
Take max_iter as  1165
Score of validation 0.5258964143426295
Score of training 1.0
Score of validation (classical) [0.7330677290836654, 0.7131474103585658, 0.7689243027888446, 0.6693227091633466]
Score of training (classical) [0.6993006993006993, 0.7872127872127872, 0.8261738261738262, 0.5674325674325674]
Attempt  202
Take max_iter as  1163
Score of validation 0.5617529880478087
Score of training 1.0
Score of validation (classical) [0.7250996015936255, 0.7768924302788844, 0.8087649402390438, 0.649402390438247]
Score of training (classical) [0.7102897102897103, 0.7872127872127872, 0.8231768231768232, 0.5544455544455544]
Attempt  203
Take max_iter as  1086
Score of validation 0.5577689243027888
Score of training 1.0
Score of validation (classical) [0.6812749003984063, 0.7131474103585658, 0.7410358565737052, 0.6215139442231076]
Score of training (classical) [0.7092907092907093, 0.7802197802197802, 0.8241758241758241, 0.5954045954045954]
Attempt  204
Take max_iter as  1151
Score of validation 0.5418326693227091
Score of training 1.0
Score of validation (classical) [0.6653386454183267, 0.7410358565737052, 0.7649402390438247, 0.5776892430278885]
Score of training (classical) [0.7082917082917083, 0.7852147852147852, 0.8211788211788211, 0.5734265734265734]
Attempt  205
Take max_iter as  1273
Score of validation 0.5258964143426295
Score of training 1.0
Score of validation (classical) [0.749003984063745, 0.7370517928286853, 0.7848605577689243, 0.6334661354581673]
Score of training (classical) [0.7082917082917083, 0.7772227772227772, 0.8161838161838162, 0.5634365634365635]
Attempt  206
Take max_iter as  1172
Score of validation 0.5418326693227091
Score of training 1.0
Score of validation (classical) [0.6852589641434262, 0.7370517928286853, 0.7450199203187251, 0.5896414342629482]
Score of training (classical) [0.7082917082917083, 0.7752247752247752, 0.8251748251748252, 0.5914085914085914]
Attempt  207
Take max_iter as  1177
Score of validation 0.50199203187251
Score of training 1.0
Score of validation (classical) [0.7091633466135459, 0.7450199203187251, 0.8286852589641435, 0.6095617529880478]
Score of training (classical) [0.7102897102897103, 0.7692307692307693, 0.8131868131868132, 0.5804195804195804]
Attempt  208
Take max_iter as  1100
Score of validation 0.5657370517928287
Score of training 0.999000999000999
Score of validation (classical) [0.7569721115537849, 0.7569721115537849, 0.8207171314741036, 0.649402390438247]
Score of training (classical) [0.6853146853146853, 0.7672327672327672, 0.8091908091908092, 0.5554445554445554]
Attempt  209
Take max_iter as  1174
Score of validation 0.5577689243027888
Score of training 1.0
Score of validation (classical) [0.6972111553784861, 0.7250996015936255, 0.7729083665338645, 0.6533864541832669]
Score of training (classical) [0.7142857142857143, 0.7802197802197802, 0.8201798201798202, 0.5834165834165834]
Attempt  210
Take max_iter as  1171
Score of validation 0.4940239043824701
Score of training 1.0
Score of validation (classical) [0.6932270916334662, 0.7051792828685259, 0.7848605577689243, 0.6294820717131474]
Score of training (classical) [0.7082917082917083, 0.7892107892107892, 0.8131868131868132, 0.5524475524475524]
Attempt  211
Take max_iter as  1125
Score of validation 0.5258964143426295
Score of training 1.0
Score of validation (classical) [0.6374501992031872, 0.6932270916334662, 0.7689243027888446, 0.5936254980079682]
Score of training (classical) [0.7232767232767233, 0.7712287712287712, 0.8101898101898102, 0.5954045954045954]
Attempt  212
Take max_iter as  1108
Score of validation 0.5776892430278885
Score of training 1.0
Score of validation (classical) [0.7569721115537849, 0.7928286852589641, 0.8087649402390438, 0.6533864541832669]
Score of training (classical) [0.7032967032967034, 0.7792207792207793, 0.8001998001998002, 0.5664335664335665]
Attempt  213
Take max_iter as  1163
Score of validation 0.5537848605577689
Score of training 1.0
Score of validation (classical) [0.6972111553784861, 0.7450199203187251, 0.7410358565737052, 0.6135458167330677]
Score of training (classical) [0.7052947052947053, 0.7762237762237763, 0.8131868131868132, 0.5824175824175825]
Attempt  214
Take max_iter as  1122
Score of validation 0.5697211155378487
Score of training 1.0
Score of validation (classical) [0.6972111553784861, 0.7091633466135459, 0.7450199203187251, 0.5776892430278885]
Score of training (classical) [0.7072927072927073, 0.7942057942057942, 0.8201798201798202, 0.5564435564435565]
Attempt  215
Take max_iter as  1164
Score of validation 0.5258964143426295
Score of training 1.0
Score of validation (classical) [0.6892430278884463, 0.7131474103585658, 0.7450199203187251, 0.601593625498008]
Score of training (classical) [0.7152847152847153, 0.7812187812187812, 0.8131868131868132, 0.5864135864135864]
Attempt  216
Take max_iter as  1169
Score of validation 0.50199203187251
Score of training 1.0
Score of validation (classical) [0.6932270916334662, 0.7410358565737052, 0.7729083665338645, 0.5976095617529881]
Score of training (classical) [0.7182817182817183, 0.7832167832167832, 0.8181818181818182, 0.6123876123876124]
Attempt  217
Take max_iter as  1116
Score of validation 0.5298804780876494
Score of training 1.0
Score of validation (classical) [0.6932270916334662, 0.7250996015936255, 0.7569721115537849, 0.6135458167330677]
Score of training (classical) [0.7152847152847153, 0.7672327672327672, 0.8061938061938062, 0.5924075924075924]
Attempt  218
Take max_iter as  1063
Score of validation 0.5378486055776892
Score of training 1.0
Score of validation (classical) [0.6932270916334662, 0.6772908366533864, 0.7370517928286853, 0.6254980079681275]
Score of training (classical) [0.7062937062937062, 0.7822177822177823, 0.8171828171828172, 0.5864135864135864]
Attempt  219
Take max_iter as  1188
Score of validation 0.5219123505976095
Score of training 1.0
Score of validation (classical) [0.7529880478087649, 0.7410358565737052, 0.7768924302788844, 0.6454183266932271]
Score of training (classical) [0.7132867132867133, 0.7702297702297702, 0.8181818181818182, 0.5634365634365635]
Attempt  220
Take max_iter as  1113
Score of validation 0.5378486055776892
Score of training 1.0
Score of validation (classical) [0.7211155378486056, 0.7171314741035857, 0.749003984063745, 0.6414342629482072]
Score of training (classical) [0.7042957042957043, 0.7762237762237763, 0.8111888111888111, 0.5884115884115884]
Attempt  221
Take max_iter as  1265
Score of validation 0.50199203187251
Score of training 1.0
Score of validation (classical) [0.7091633466135459, 0.7609561752988048, 0.796812749003984, 0.6175298804780877]
Score of training (classical) [0.7142857142857143, 0.7972027972027972, 0.8211788211788211, 0.5804195804195804]
Attempt  222
Take max_iter as  1172
Score of validation 0.47410358565737054
Score of training 1.0
Score of validation (classical) [0.7250996015936255, 0.7370517928286853, 0.7768924302788844, 0.6374501992031872]
Score of training (classical) [0.6923076923076923, 0.7792207792207793, 0.8191808191808192, 0.5734265734265734]
Attempt  223
Take max_iter as  1128
Score of validation 0.5338645418326693
Score of training 1.0
Score of validation (classical) [0.7131474103585658, 0.7250996015936255, 0.7689243027888446, 0.5976095617529881]
Score of training (classical) [0.7042957042957043, 0.7792207792207793, 0.8191808191808192, 0.5924075924075924]
Attempt  224
Take max_iter as  1158
Score of validation 0.5258964143426295
Score of training 1.0
Score of validation (classical) [0.6812749003984063, 0.7051792828685259, 0.7569721115537849, 0.6414342629482072]
Score of training (classical) [0.7172827172827173, 0.7942057942057942, 0.8321678321678322, 0.5834165834165834]
Attempt  225
Take max_iter as  1144
Score of validation 0.5657370517928287
Score of training 1.0
Score of validation (classical) [0.7768924302788844, 0.7569721115537849, 0.8087649402390438, 0.6135458167330677]
Score of training (classical) [0.7012987012987013, 0.7592407592407593, 0.8061938061938062, 0.5614385614385614]
Attempt  226
Take max_iter as  1111
Score of validation 0.5059760956175299
Score of training 1.0
Score of validation (classical) [0.6733067729083665, 0.6733067729083665, 0.7450199203187251, 0.6454183266932271]
Score of training (classical) [0.7092907092907093, 0.7882117882117882, 0.8191808191808192, 0.5544455544455544]
Attempt  227
Take max_iter as  1106
Score of validation 0.5298804780876494
Score of training 1.0
Score of validation (classical) [0.7330677290836654, 0.7091633466135459, 0.7330677290836654, 0.6294820717131474]
Score of training (classical) [0.7192807192807192, 0.7982017982017982, 0.8221778221778222, 0.5634365634365635]
Attempt  228
Take max_iter as  1182
Score of validation 0.5577689243027888
Score of training 1.0
Score of validation (classical) [0.7370517928286853, 0.7370517928286853, 0.7808764940239044, 0.6454183266932271]
Score of training (classical) [0.7102897102897103, 0.7752247752247752, 0.8101898101898102, 0.5614385614385614]
Attempt  229
Take max_iter as  1119
Score of validation 0.5418326693227091
Score of training 1.0
Score of validation (classical) [0.701195219123506, 0.6852589641434262, 0.7569721115537849, 0.6254980079681275]
Score of training (classical) [0.7102897102897103, 0.7882117882117882, 0.8331668331668332, 0.5924075924075924]
Attempt  230
Take max_iter as  1138
Score of validation 0.5697211155378487
Score of training 1.0
Score of validation (classical) [0.7250996015936255, 0.7051792828685259, 0.749003984063745, 0.6374501992031872]
Score of training (classical) [0.6933066933066933, 0.7792207792207793, 0.8301698301698301, 0.5624375624375625]
Attempt  231
Take max_iter as  1072
Score of validation 0.49800796812749004
Score of training 1.0
Score of validation (classical) [0.7290836653386454, 0.7729083665338645, 0.796812749003984, 0.6135458167330677]
Score of training (classical) [0.7002997002997003, 0.7612387612387612, 0.8051948051948052, 0.5824175824175825]
Attempt  232
Take max_iter as  1186
Score of validation 0.44621513944223107
Score of training 1.0
Score of validation (classical) [0.6733067729083665, 0.6772908366533864, 0.701195219123506, 0.6095617529880478]
Score of training (classical) [0.7052947052947053, 0.7732267732267732, 0.8251748251748252, 0.5724275724275725]
Attempt  233
Take max_iter as  1144
Score of validation 0.4820717131474104
Score of training 1.0
Score of validation (classical) [0.7091633466135459, 0.7290836653386454, 0.7689243027888446, 0.6254980079681275]
Score of training (classical) [0.7182817182817183, 0.7982017982017982, 0.8251748251748252, 0.5624375624375625]
Attempt  234
Take max_iter as  1157
Score of validation 0.4820717131474104
Score of training 1.0
Score of validation (classical) [0.7091633466135459, 0.6653386454183267, 0.7051792828685259, 0.6294820717131474]
Score of training (classical) [0.7022977022977023, 0.7812187812187812, 0.8311688311688312, 0.5644355644355644]
Attempt  235
Take max_iter as  1228
Score of validation 0.5099601593625498
Score of training 1.0
Score of validation (classical) [0.6573705179282868, 0.6733067729083665, 0.7370517928286853, 0.5856573705179283]
Score of training (classical) [0.7132867132867133, 0.8021978021978022, 0.8361638361638362, 0.5974025974025974]
Attempt  236
Take max_iter as  1240
Score of validation 0.5577689243027888
Score of training 1.0
Score of validation (classical) [0.6733067729083665, 0.7410358565737052, 0.7808764940239044, 0.6454183266932271]
Score of training (classical) [0.7122877122877123, 0.7792207792207793, 0.8221778221778222, 0.5644355644355644]
Attempt  237
Take max_iter as  1155
Score of validation 0.4860557768924303
Score of training 1.0
Score of validation (classical) [0.7091633466135459, 0.7370517928286853, 0.7370517928286853, 0.6374501992031872]
Score of training (classical) [0.7082917082917083, 0.7732267732267732, 0.8221778221778222, 0.5674325674325674]
Attempt  238
Take max_iter as  1174
Score of validation 0.5338645418326693
Score of training 1.0
Score of validation (classical) [0.6733067729083665, 0.7171314741035857, 0.749003984063745, 0.6055776892430279]
Score of training (classical) [0.7192807192807192, 0.7862137862137862, 0.8311688311688312, 0.5834165834165834]
Attempt  239
Take max_iter as  1117
Score of validation 0.5338645418326693
Score of training 1.0
Score of validation (classical) [0.701195219123506, 0.7808764940239044, 0.796812749003984, 0.5657370517928287]
Score of training (classical) [0.7012987012987013, 0.7662337662337663, 0.8051948051948052, 0.5594405594405595]
Attempt  240
Take max_iter as  1118
Score of validation 0.5258964143426295
Score of training 1.0
Score of validation (classical) [0.7211155378486056, 0.7290836653386454, 0.8007968127490039, 0.6055776892430279]
Score of training (classical) [0.7052947052947053, 0.7722277722277723, 0.8221778221778222, 0.5554445554445554]
Attempt  241
Take max_iter as  1142
Score of validation 0.5179282868525896
Score of training 1.0
Score of validation (classical) [0.7091633466135459, 0.7250996015936255, 0.7689243027888446, 0.6135458167330677]
Score of training (classical) [0.7002997002997003, 0.7812187812187812, 0.8151848151848152, 0.5774225774225774]
Attempt  242
Take max_iter as  1074
Score of validation 0.4860557768924303
Score of training 1.0
Score of validation (classical) [0.6972111553784861, 0.6812749003984063, 0.7689243027888446, 0.6533864541832669]
Score of training (classical) [0.7112887112887113, 0.7862137862137862, 0.8091908091908092, 0.5754245754245755]
Attempt  243
Take max_iter as  1248
Score of validation 0.5258964143426295
Score of training 1.0
Score of validation (classical) [0.6932270916334662, 0.7250996015936255, 0.7450199203187251, 0.5697211155378487]
Score of training (classical) [0.7102897102897103, 0.7892107892107892, 0.8261738261738262, 0.5754245754245755]
Attempt  244
Take max_iter as  1121
Score of validation 0.545816733067729
Score of training 1.0
Score of validation (classical) [0.7211155378486056, 0.749003984063745, 0.7928286852589641, 0.6095617529880478]
Score of training (classical) [0.7032967032967034, 0.7762237762237763, 0.8201798201798202, 0.5814185814185814]
Attempt  245
Take max_iter as  1144
Score of validation 0.47808764940239046
Score of training 1.0
Score of validation (classical) [0.6892430278884463, 0.7211155378486056, 0.7729083665338645, 0.6055776892430279]
Score of training (classical) [0.7102897102897103, 0.7922077922077922, 0.8261738261738262, 0.5804195804195804]
Attempt  246
Take max_iter as  1219
Score of validation 0.5657370517928287
Score of training 1.0
Score of validation (classical) [0.6573705179282868, 0.7211155378486056, 0.7529880478087649, 0.5976095617529881]
Score of training (classical) [0.7112887112887113, 0.7662337662337663, 0.8291708291708292, 0.5924075924075924]
Attempt  247
Take max_iter as  1113
Score of validation 0.5338645418326693
Score of training 1.0
Score of validation (classical) [0.6533864541832669, 0.701195219123506, 0.7171314741035857, 0.601593625498008]
Score of training (classical) [0.7232767232767233, 0.7942057942057942, 0.8291708291708292, 0.5844155844155844]
Attempt  248
Take max_iter as  1178
Score of validation 0.5657370517928287
Score of training 1.0
Score of validation (classical) [0.7250996015936255, 0.7729083665338645, 0.7689243027888446, 0.6294820717131474]
Score of training (classical) [0.7072927072927073, 0.7682317682317682, 0.8011988011988012, 0.5554445554445554]
Attempt  249
Take max_iter as  1135
Score of validation 0.5258964143426295
Score of training 1.0
Score of validation (classical) [0.7171314741035857, 0.7410358565737052, 0.8007968127490039, 0.5856573705179283]
Score of training (classical) [0.7092907092907093, 0.7642357642357642, 0.8101898101898102, 0.5724275724275725]
Attempt  250
Take max_iter as  1121
Score of validation 0.5378486055776892
Score of training 1.0
Score of validation (classical) [0.6693227091633466, 0.6852589641434262, 0.7131474103585658, 0.5896414342629482]
Score of training (classical) [0.7122877122877123, 0.7942057942057942, 0.8241758241758241, 0.5924075924075924]
Attempt  251
Take max_iter as  1184
Score of validation 0.50199203187251
Score of training 1.0
Score of validation (classical) [0.7250996015936255, 0.7649402390438247, 0.8167330677290837, 0.6254980079681275]
Score of training (classical) [0.7122877122877123, 0.7682317682317682, 0.8071928071928072, 0.5784215784215784]
Attempt  252
Take max_iter as  1113
Score of validation 0.5378486055776892
Score of training 1.0
Score of validation (classical) [0.6852589641434262, 0.6972111553784861, 0.7131474103585658, 0.5617529880478087]
Score of training (classical) [0.7082917082917083, 0.7922077922077922, 0.8181818181818182, 0.5744255744255744]
Attempt  253
Take max_iter as  1128
Score of validation 0.5059760956175299
Score of training 1.0
Score of validation (classical) [0.749003984063745, 0.7569721115537849, 0.7689243027888446, 0.6135458167330677]
Score of training (classical) [0.7012987012987013, 0.7762237762237763, 0.8261738261738262, 0.5434565434565435]
Attempt  254
Take max_iter as  1179
Score of validation 0.49800796812749004
Score of training 0.999000999000999
Score of validation (classical) [0.7131474103585658, 0.7211155378486056, 0.7808764940239044, 0.6055776892430279]
Score of training (classical) [0.7082917082917083, 0.7782217782217782, 0.8181818181818182, 0.5534465534465535]
Attempt  255
Take max_iter as  1194
Score of validation 0.5737051792828686
Score of training 1.0
Score of validation (classical) [0.7569721115537849, 0.7450199203187251, 0.7928286852589641, 0.6334661354581673]
Score of training (classical) [0.7112887112887113, 0.7732267732267732, 0.8121878121878122, 0.5754245754245755]
Attempt  256
Take max_iter as  1146
Score of validation 0.4900398406374502
Score of training 1.0
Score of validation (classical) [0.7211155378486056, 0.7609561752988048, 0.7808764940239044, 0.601593625498008]
Score of training (classical) [0.7042957042957043, 0.7762237762237763, 0.8041958041958042, 0.5594405594405595]
Attempt  257
Take max_iter as  1216
Score of validation 0.5338645418326693
Score of training 1.0
Score of validation (classical) [0.6573705179282868, 0.6693227091633466, 0.7330677290836654, 0.5816733067729084]
Score of training (classical) [0.7142857142857143, 0.7822177822177823, 0.8261738261738262, 0.5984015984015985]
Attempt  258
Take max_iter as  1144
Score of validation 0.5856573705179283
Score of training 1.0
Score of validation (classical) [0.6812749003984063, 0.7131474103585658, 0.7729083665338645, 0.601593625498008]
Score of training (classical) [0.7052947052947053, 0.7832167832167832, 0.8231768231768232, 0.5804195804195804]
Attempt  259
Take max_iter as  1163
Score of validation 0.549800796812749
Score of training 1.0
Score of validation (classical) [0.7370517928286853, 0.7410358565737052, 0.7649402390438247, 0.6095617529880478]
Score of training (classical) [0.7102897102897103, 0.7912087912087912, 0.8171828171828172, 0.5494505494505495]
Attempt  260
Take max_iter as  1190
Score of validation 0.549800796812749
Score of training 1.0
Score of validation (classical) [0.6693227091633466, 0.7211155378486056, 0.7768924302788844, 0.5737051792828686]
Score of training (classical) [0.7062937062937062, 0.7702297702297702, 0.8101898101898102, 0.5674325674325674]
Attempt  261
Take max_iter as  1102
Score of validation 0.545816733067729
Score of training 1.0
Score of validation (classical) [0.7211155378486056, 0.7569721115537849, 0.7848605577689243, 0.6414342629482072]
Score of training (classical) [0.7032967032967034, 0.7772227772227772, 0.8151848151848152, 0.5624375624375625]
Attempt  262
Take max_iter as  1134
Score of validation 0.5418326693227091
Score of training 1.0
Score of validation (classical) [0.7131474103585658, 0.7410358565737052, 0.7529880478087649, 0.6095617529880478]
Score of training (classical) [0.7072927072927073, 0.7842157842157842, 0.8111888111888111, 0.5704295704295704]
Attempt  263
Take max_iter as  1197
Score of validation 0.4701195219123506
Score of training 1.0
Score of validation (classical) [0.7211155378486056, 0.7131474103585658, 0.7410358565737052, 0.6055776892430279]
Score of training (classical) [0.7032967032967034, 0.7692307692307693, 0.8181818181818182, 0.5744255744255744]
Attempt  264
Take max_iter as  1149
Score of validation 0.5258964143426295
Score of training 1.0
Score of validation (classical) [0.7131474103585658, 0.7410358565737052, 0.7649402390438247, 0.6055776892430279]
Score of training (classical) [0.7002997002997003, 0.7722277722277723, 0.8061938061938062, 0.5574425574425574]
Attempt  265
Take max_iter as  1177
Score of validation 0.5059760956175299
Score of training 1.0
Score of validation (classical) [0.6892430278884463, 0.7131474103585658, 0.7569721115537849, 0.6454183266932271]
Score of training (classical) [0.7132867132867133, 0.7932067932067932, 0.8371628371628371, 0.5794205794205795]
Attempt  266
Take max_iter as  1152
Score of validation 0.5617529880478087
Score of training 1.0
Score of validation (classical) [0.7171314741035857, 0.7689243027888446, 0.8007968127490039, 0.6095617529880478]
Score of training (classical) [0.7032967032967034, 0.7852147852147852, 0.8151848151848152, 0.5564435564435565]
Attempt  267
Take max_iter as  1182
Score of validation 0.5378486055776892
Score of training 1.0
Score of validation (classical) [0.6733067729083665, 0.6892430278884463, 0.7051792828685259, 0.6892430278884463]
Score of training (classical) [0.7062937062937062, 0.7752247752247752, 0.8171828171828172, 0.5974025974025974]
Attempt  268
Take max_iter as  1218
Score of validation 0.5139442231075697
Score of training 1.0
Score of validation (classical) [0.7171314741035857, 0.7211155378486056, 0.7609561752988048, 0.6175298804780877]
Score of training (classical) [0.7202797202797203, 0.7772227772227772, 0.8091908091908092, 0.5774225774225774]
Attempt  269
Take max_iter as  1230
Score of validation 0.49800796812749004
Score of training 1.0
Score of validation (classical) [0.6613545816733067, 0.7091633466135459, 0.7091633466135459, 0.6055776892430279]
Score of training (classical) [0.7202797202797203, 0.7702297702297702, 0.8161838161838162, 0.6053946053946054]
Attempt  270
Take max_iter as  1189
Score of validation 0.5537848605577689
Score of training 1.0
Score of validation (classical) [0.6812749003984063, 0.7211155378486056, 0.7529880478087649, 0.6454183266932271]
Score of training (classical) [0.7152847152847153, 0.7922077922077922, 0.8171828171828172, 0.6023976023976024]
Attempt  271
Take max_iter as  1094
Score of validation 0.4860557768924303
Score of training 1.0
Score of validation (classical) [0.7131474103585658, 0.7051792828685259, 0.7569721115537849, 0.6414342629482072]
Score of training (classical) [0.7112887112887113, 0.7902097902097902, 0.8081918081918081, 0.5724275724275725]
Attempt  272
Take max_iter as  1105
Score of validation 0.5219123505976095
Score of training 1.0
Score of validation (classical) [0.6772908366533864, 0.7091633466135459, 0.749003984063745, 0.6414342629482072]
Score of training (classical) [0.7132867132867133, 0.7712287712287712, 0.8121878121878122, 0.5934065934065934]
Attempt  273
Take max_iter as  1101
Score of validation 0.5338645418326693
Score of training 1.0
Score of validation (classical) [0.6772908366533864, 0.7051792828685259, 0.7290836653386454, 0.649402390438247]
Score of training (classical) [0.7052947052947053, 0.7722277722277723, 0.8111888111888111, 0.5734265734265734]
Attempt  274
Take max_iter as  1104
Score of validation 0.5378486055776892
Score of training 1.0
Score of validation (classical) [0.6812749003984063, 0.7211155378486056, 0.7689243027888446, 0.6215139442231076]
Score of training (classical) [0.7252747252747253, 0.7852147852147852, 0.8241758241758241, 0.5654345654345654]
Attempt  275
Take max_iter as  1153
Score of validation 0.545816733067729
Score of training 1.0
Score of validation (classical) [0.7091633466135459, 0.7250996015936255, 0.7729083665338645, 0.649402390438247]
Score of training (classical) [0.7122877122877123, 0.7902097902097902, 0.8121878121878122, 0.5874125874125874]
Attempt  276
Take max_iter as  1127
Score of validation 0.545816733067729
Score of training 1.0
Score of validation (classical) [0.7330677290836654, 0.7211155378486056, 0.8127490039840638, 0.6812749003984063]
Score of training (classical) [0.6953046953046953, 0.7722277722277723, 0.8071928071928072, 0.5594405594405595]
Attempt  277
Take max_iter as  1027
Score of validation 0.5258964143426295
Score of training 1.0
Score of validation (classical) [0.7330677290836654, 0.7649402390438247, 0.7888446215139442, 0.6215139442231076]
Score of training (classical) [0.7012987012987013, 0.7872127872127872, 0.8241758241758241, 0.5494505494505495]
Attempt  278
Take max_iter as  1108
Score of validation 0.5378486055776892
Score of training 1.0
Score of validation (classical) [0.6653386454183267, 0.6892430278884463, 0.7211155378486056, 0.5896414342629482]
Score of training (classical) [0.7232767232767233, 0.7812187812187812, 0.8161838161838162, 0.5744255744255744]
Attempt  279
Take max_iter as  1187
Score of validation 0.5139442231075697
Score of training 1.0
Score of validation (classical) [0.7051792828685259, 0.7211155378486056, 0.7689243027888446, 0.5976095617529881]
Score of training (classical) [0.7062937062937062, 0.7892107892107892, 0.8151848151848152, 0.5814185814185814]
Attempt  280
Take max_iter as  1097
Score of validation 0.5298804780876494
Score of training 1.0
Score of validation (classical) [0.7091633466135459, 0.7051792828685259, 0.7768924302788844, 0.6374501992031872]
Score of training (classical) [0.7082917082917083, 0.7702297702297702, 0.8191808191808192, 0.5844155844155844]
Attempt  281
Take max_iter as  1154
Score of validation 0.5418326693227091
Score of training 1.0
Score of validation (classical) [0.7370517928286853, 0.7250996015936255, 0.7928286852589641, 0.6414342629482072]
Score of training (classical) [0.7042957042957043, 0.7602397602397603, 0.8171828171828172, 0.5654345654345654]
Attempt  282
Take max_iter as  1203
Score of validation 0.5577689243027888
Score of training 1.0
Score of validation (classical) [0.7450199203187251, 0.7410358565737052, 0.8207171314741036, 0.6055776892430279]
Score of training (classical) [0.7042957042957043, 0.7752247752247752, 0.8021978021978022, 0.5694305694305695]
Attempt  283
Take max_iter as  1144
Score of validation 0.5617529880478087
Score of training 1.0
Score of validation (classical) [0.7131474103585658, 0.7171314741035857, 0.7569721115537849, 0.6095617529880478]
Score of training (classical) [0.7052947052947053, 0.7882117882117882, 0.8101898101898102, 0.5754245754245755]
Attempt  284
Take max_iter as  1210
Score of validation 0.5737051792828686
Score of training 1.0
Score of validation (classical) [0.7091633466135459, 0.7091633466135459, 0.749003984063745, 0.6533864541832669]
Score of training (classical) [0.7012987012987013, 0.7832167832167832, 0.8211788211788211, 0.5564435564435565]
Attempt  285
Take max_iter as  1177
Score of validation 0.5258964143426295
Score of training 0.999000999000999
Score of validation (classical) [0.6653386454183267, 0.7290836653386454, 0.7450199203187251, 0.6095617529880478]
Score of training (classical) [0.7122877122877123, 0.7862137862137862, 0.8081918081918081, 0.5714285714285714]
Attempt  286
Take max_iter as  1266
Score of validation 0.5099601593625498
Score of training 1.0
Score of validation (classical) [0.6892430278884463, 0.6932270916334662, 0.7529880478087649, 0.5976095617529881]
Score of training (classical) [0.7192807192807192, 0.7932067932067932, 0.8291708291708292, 0.5804195804195804]
Attempt  287
Take max_iter as  1140
Score of validation 0.545816733067729
Score of training 1.0
Score of validation (classical) [0.6932270916334662, 0.7171314741035857, 0.7729083665338645, 0.6135458167330677]
Score of training (classical) [0.7082917082917083, 0.7842157842157842, 0.8211788211788211, 0.5744255744255744]
Attempt  288
Take max_iter as  1207
Score of validation 0.5537848605577689
Score of training 0.999000999000999
Score of validation (classical) [0.6972111553784861, 0.7410358565737052, 0.7808764940239044, 0.601593625498008]
Score of training (classical) [0.7022977022977023, 0.7642357642357642, 0.8101898101898102, 0.5714285714285714]
Attempt  289
Take max_iter as  1207
Score of validation 0.5298804780876494
Score of training 1.0
Score of validation (classical) [0.6772908366533864, 0.7250996015936255, 0.7250996015936255, 0.549800796812749]
Score of training (classical) [0.7182817182817183, 0.7952047952047953, 0.8261738261738262, 0.5804195804195804]
Attempt  290
Take max_iter as  1125
Score of validation 0.5537848605577689
Score of training 1.0
Score of validation (classical) [0.6693227091633466, 0.6932270916334662, 0.7729083665338645, 0.5976095617529881]
Score of training (classical) [0.7132867132867133, 0.7852147852147852, 0.8231768231768232, 0.5774225774225774]
Attempt  291
Take max_iter as  1088
Score of validation 0.5617529880478087
Score of training 1.0
Score of validation (classical) [0.6533864541832669, 0.6892430278884463, 0.7410358565737052, 0.601593625498008]
Score of training (classical) [0.7222777222777222, 0.7952047952047953, 0.8361638361638362, 0.5904095904095904]
Attempt  292
Take max_iter as  1215
Score of validation 0.545816733067729
Score of training 1.0
Score of validation (classical) [0.6215139442231076, 0.7051792828685259, 0.7051792828685259, 0.5418326693227091]
Score of training (classical) [0.7192807192807192, 0.7922077922077922, 0.8211788211788211, 0.5944055944055944]
Attempt  293
Take max_iter as  1137
Score of validation 0.5099601593625498
Score of training 1.0
Score of validation (classical) [0.6733067729083665, 0.7131474103585658, 0.7250996015936255, 0.5657370517928287]
Score of training (classical) [0.7302697302697303, 0.7872127872127872, 0.8181818181818182, 0.6013986013986014]
Attempt  294
Take max_iter as  1148
Score of validation 0.5577689243027888
Score of training 1.0
Score of validation (classical) [0.7091633466135459, 0.6613545816733067, 0.7450199203187251, 0.6055776892430279]
Score of training (classical) [0.7212787212787213, 0.8131868131868132, 0.8291708291708292, 0.5674325674325674]
Attempt  295
Take max_iter as  1065
Score of validation 0.5059760956175299
Score of training 1.0
Score of validation (classical) [0.7131474103585658, 0.7450199203187251, 0.7689243027888446, 0.601593625498008]
Score of training (classical) [0.6983016983016983, 0.7522477522477522, 0.8061938061938062, 0.5464535464535465]
Attempt  296
Take max_iter as  1129
Score of validation 0.5617529880478087
Score of training 1.0
Score of validation (classical) [0.7370517928286853, 0.7569721115537849, 0.7888446215139442, 0.6334661354581673]
Score of training (classical) [0.7022977022977023, 0.7682317682317682, 0.8141858141858141, 0.5784215784215784]
Attempt  297
Take max_iter as  1119
Score of validation 0.4820717131474104
Score of training 1.0
Score of validation (classical) [0.6812749003984063, 0.7171314741035857, 0.7808764940239044, 0.601593625498008]
Score of training (classical) [0.7102897102897103, 0.7702297702297702, 0.8211788211788211, 0.5664335664335665]
Attempt  298
Take max_iter as  1126
Score of validation 0.5258964143426295
Score of training 1.0
Score of validation (classical) [0.7051792828685259, 0.7729083665338645, 0.7689243027888446, 0.6135458167330677]
Score of training (classical) [0.7062937062937062, 0.7802197802197802, 0.8221778221778222, 0.5824175824175825]
Attempt  299
Take max_iter as  1110
Score of validation 0.549800796812749
Score of training 1.0
Score of validation (classical) [0.7091633466135459, 0.701195219123506, 0.7450199203187251, 0.6374501992031872]
Score of training (classical) [0.7072927072927073, 0.7782217782217782, 0.8061938061938062, 0.5994005994005994]
