dataset_size_test 700
8 circular 2 0 700
Sample 0
Take max_iter as  961
Score of validation 0.8214285714285714
Score of training 0.9946428571428572
Score of validation (classical) [0.7, 0.8285714285714286, 0.8357142857142857, 0.5]
Score of training (classical) [0.725, 0.8678571428571429, 0.8535714285714285, 0.46785714285714286]
Sample 1
Take max_iter as  921
Score of validation 0.8785714285714286
Score of training 0.9910714285714286
Score of validation (classical) [0.6642857142857143, 0.8214285714285714, 0.8428571428571429, 0.4357142857142857]
Score of training (classical) [0.7267857142857143, 0.8571428571428571, 0.8607142857142858, 0.4857142857142857]
Sample 2
Take max_iter as  922
Score of validation 0.8571428571428571
Score of training 0.975
Score of validation (classical) [0.7357142857142858, 0.8571428571428571, 0.8642857142857143, 0.45714285714285713]
Score of training (classical) [0.7375, 0.8660714285714286, 0.8535714285714285, 0.5107142857142857]
Sample 3
Take max_iter as  908
Score of validation 0.8428571428571429
Score of training 0.9892857142857143
Score of validation (classical) [0.7142857142857143, 0.8571428571428571, 0.85, 0.5]
Score of training (classical) [0.7482142857142857, 0.8767857142857143, 0.8678571428571429, 0.4982142857142857]
Sample 4
Take max_iter as  919
Score of validation 0.85
Score of training 0.9875
Score of validation (classical) [0.7357142857142858, 0.8142857142857143, 0.8214285714285714, 0.5357142857142857]
Score of training (classical) [0.7267857142857143, 0.8321428571428572, 0.8339285714285715, 0.49107142857142855]
Sample 5
Take max_iter as  870
Score of validation 0.8642857142857143
Score of training 0.9910714285714286
Score of validation (classical) [0.7285714285714285, 0.8714285714285714, 0.8928571428571429, 0.40714285714285714]
Score of training (classical) [0.7125, 0.8910714285714286, 0.8964285714285715, 0.475]
Sample 6
Take max_iter as  977
Score of validation 0.8214285714285714
Score of training 0.9928571428571429
Score of validation (classical) [0.7214285714285714, 0.8285714285714286, 0.7928571428571428, 0.5571428571428572]
Score of training (classical) [0.7910714285714285, 0.9178571428571428, 0.8964285714285715, 0.5714285714285714]
Sample 7
Take max_iter as  866
Score of validation 0.8857142857142857
Score of training 0.9821428571428571
Score of validation (classical) [0.7642857142857142, 0.8571428571428571, 0.8357142857142857, 0.5857142857142857]
Score of training (classical) [0.7482142857142857, 0.8857142857142857, 0.8571428571428571, 0.5767857142857142]
Sample 8
Take max_iter as  1072
Score of validation 0.8357142857142857
Score of training 0.9928571428571429
Score of validation (classical) [0.8, 0.8714285714285714, 0.8714285714285714, 0.5642857142857143]
Score of training (classical) [0.7232142857142857, 0.8964285714285715, 0.8875, 0.48392857142857143]
Sample 9
Take max_iter as  858
Score of validation 0.7785714285714286
Score of training 0.9857142857142858
Score of validation (classical) [0.7428571428571429, 0.8857142857142857, 0.8642857142857143, 0.55]
Score of training (classical) [0.7285714285714285, 0.8660714285714286, 0.8607142857142858, 0.4857142857142857]
Sample 10
Take max_iter as  880
Score of validation 0.8214285714285714
Score of training 0.9803571428571428
Score of validation (classical) [0.6857142857142857, 0.8214285714285714, 0.7857142857142857, 0.44285714285714284]
Score of training (classical) [0.7446428571428572, 0.8732142857142857, 0.8696428571428572, 0.48035714285714287]
Sample 11
Take max_iter as  927
Score of validation 0.7857142857142857
Score of training 0.9839285714285714
Score of validation (classical) [0.7928571428571428, 0.8857142857142857, 0.8642857142857143, 0.5142857142857142]
Score of training (classical) [0.7232142857142857, 0.8589285714285714, 0.8517857142857143, 0.46785714285714286]
Sample 12
Take max_iter as  907
Score of validation 0.85
Score of training 0.9875
Score of validation (classical) [0.7, 0.8571428571428571, 0.8785714285714286, 0.4928571428571429]
Score of training (classical) [0.7214285714285714, 0.8678571428571429, 0.875, 0.5303571428571429]
Sample 13
Take max_iter as  955
Score of validation 0.8714285714285714
Score of training 0.9785714285714285
Score of validation (classical) [0.75, 0.8714285714285714, 0.8285714285714286, 0.5642857142857143]
Score of training (classical) [0.7553571428571428, 0.8714285714285714, 0.8607142857142858, 0.5339285714285714]
Sample 14
Take max_iter as  891
Score of validation 0.8714285714285714
Score of training 0.9857142857142858
Score of validation (classical) [0.7571428571428571, 0.8071428571428572, 0.8, 0.5428571428571428]
Score of training (classical) [0.7678571428571429, 0.8732142857142857, 0.8553571428571428, 0.5964285714285714]
Sample 15
Take max_iter as  850
Score of validation 0.8357142857142857
Score of training 0.9803571428571428
Score of validation (classical) [0.7, 0.8, 0.8142857142857143, 0.4714285714285714]
Score of training (classical) [0.7428571428571429, 0.8803571428571428, 0.8767857142857143, 0.4982142857142857]
Sample 16
Take max_iter as  895
Score of validation 0.8142857142857143
Score of training 0.9892857142857143
Score of validation (classical) [0.7785714285714286, 0.8357142857142857, 0.8571428571428571, 0.5214285714285715]
Score of training (classical) [0.7267857142857143, 0.8625, 0.8571428571428571, 0.48214285714285715]
Sample 17
Take max_iter as  896
Score of validation 0.8142857142857143
Score of training 0.9875
Score of validation (classical) [0.75, 0.8714285714285714, 0.8785714285714286, 0.5]
Score of training (classical) [0.7178571428571429, 0.8892857142857142, 0.8696428571428572, 0.4607142857142857]
Sample 18
Take max_iter as  958
Score of validation 0.8857142857142857
Score of training 0.9821428571428571
Score of validation (classical) [0.7571428571428571, 0.7857142857142857, 0.8214285714285714, 0.5071428571428571]
Score of training (classical) [0.7696428571428572, 0.8803571428571428, 0.8714285714285714, 0.5321428571428571]
Sample 19
Take max_iter as  935
Score of validation 0.8071428571428572
Score of training 0.9875
Score of validation (classical) [0.75, 0.8642857142857143, 0.8785714285714286, 0.5642857142857143]
Score of training (classical) [0.7678571428571429, 0.8892857142857142, 0.8821428571428571, 0.5107142857142857]
Sample 20
Take max_iter as  886
Score of validation 0.7642857142857142
Score of training 0.9910714285714286
Score of validation (classical) [0.6785714285714286, 0.8142857142857143, 0.7714285714285715, 0.5714285714285714]
Score of training (classical) [0.7464285714285714, 0.8607142857142858, 0.8589285714285714, 0.55]
Sample 21
Take max_iter as  871
Score of validation 0.8857142857142857
Score of training 0.9892857142857143
Score of validation (classical) [0.7285714285714285, 0.85, 0.8214285714285714, 0.5428571428571428]
Score of training (classical) [0.75, 0.8571428571428571, 0.8553571428571428, 0.5714285714285714]
Sample 22
Take max_iter as  952
Score of validation 0.8357142857142857
Score of training 0.9910714285714286
Score of validation (classical) [0.7571428571428571, 0.8214285714285714, 0.8071428571428572, 0.5785714285714286]
Score of training (classical) [0.7589285714285714, 0.8767857142857143, 0.8714285714285714, 0.5303571428571429]
Sample 23
Take max_iter as  956
Score of validation 0.8214285714285714
Score of training 0.9928571428571429
Score of validation (classical) [0.7857142857142857, 0.8642857142857143, 0.8571428571428571, 0.5214285714285715]
Score of training (classical) [0.725, 0.8892857142857142, 0.8875, 0.48035714285714287]
Sample 24
Take max_iter as  896
Score of validation 0.8928571428571429
Score of training 0.9785714285714285
Score of validation (classical) [0.7214285714285714, 0.8357142857142857, 0.8642857142857143, 0.45714285714285713]
Score of training (classical) [0.7428571428571429, 0.8803571428571428, 0.8821428571428571, 0.4642857142857143]
Sample 25
Take max_iter as  895
Score of validation 0.7928571428571428
Score of training 0.9875
Score of validation (classical) [0.6857142857142857, 0.8357142857142857, 0.8142857142857143, 0.6]
Score of training (classical) [0.7339285714285714, 0.875, 0.8589285714285714, 0.5767857142857142]
Sample 26
Take max_iter as  913
Score of validation 0.8357142857142857
Score of training 0.9875
Score of validation (classical) [0.6571428571428571, 0.8142857142857143, 0.8, 0.5428571428571428]
Score of training (classical) [0.7160714285714286, 0.8642857142857143, 0.8660714285714286, 0.5357142857142857]
Sample 27
Take max_iter as  866
Score of validation 0.8285714285714286
Score of training 0.9875
Score of validation (classical) [0.7214285714285714, 0.8142857142857143, 0.8, 0.5285714285714286]
Score of training (classical) [0.7446428571428572, 0.8589285714285714, 0.8696428571428572, 0.5160714285714286]
Sample 28
Take max_iter as  886
Score of validation 0.7928571428571428
Score of training 0.9821428571428571
Score of validation (classical) [0.7285714285714285, 0.8142857142857143, 0.8214285714285714, 0.5214285714285715]
Score of training (classical) [0.7428571428571429, 0.8660714285714286, 0.8625, 0.5464285714285714]
Sample 29
Take max_iter as  938
Score of validation 0.8642857142857143
Score of training 0.9875
Score of validation (classical) [0.7214285714285714, 0.8571428571428571, 0.8571428571428571, 0.4857142857142857]
Score of training (classical) [0.7571428571428571, 0.8660714285714286, 0.8517857142857143, 0.625]
Sample 30
Take max_iter as  943
Score of validation 0.8428571428571429
Score of training 0.9821428571428571
Score of validation (classical) [0.7785714285714286, 0.8714285714285714, 0.8785714285714286, 0.4642857142857143]
Score of training (classical) [0.7517857142857143, 0.8535714285714285, 0.8535714285714285, 0.48214285714285715]
Sample 31
Take max_iter as  890
Score of validation 0.8
Score of training 0.9875
Score of validation (classical) [0.6857142857142857, 0.8142857142857143, 0.8071428571428572, 0.5285714285714286]
Score of training (classical) [0.7392857142857143, 0.8660714285714286, 0.8678571428571429, 0.5071428571428571]
Sample 32
Take max_iter as  925
Score of validation 0.8357142857142857
Score of training 0.9910714285714286
Score of validation (classical) [0.7357142857142858, 0.85, 0.8428571428571429, 0.5285714285714286]
Score of training (classical) [0.7625, 0.8803571428571428, 0.8714285714285714, 0.5089285714285714]
Sample 33
Take max_iter as  806
Score of validation 0.8
Score of training 0.9875
Score of validation (classical) [0.7785714285714286, 0.9071428571428571, 0.9, 0.5285714285714286]
Score of training (classical) [0.7410714285714286, 0.8696428571428572, 0.8910714285714286, 0.5375]
Sample 34
Take max_iter as  867
Score of validation 0.8357142857142857
Score of training 0.9928571428571429
Score of validation (classical) [0.6928571428571428, 0.8857142857142857, 0.8642857142857143, 0.4642857142857143]
Score of training (classical) [0.7446428571428572, 0.9053571428571429, 0.8803571428571428, 0.5142857142857142]
Sample 35
Take max_iter as  854
Score of validation 0.8214285714285714
Score of training 0.9892857142857143
Score of validation (classical) [0.7357142857142858, 0.8071428571428572, 0.8071428571428572, 0.5428571428571428]
Score of training (classical) [0.7446428571428572, 0.8625, 0.8642857142857143, 0.5267857142857143]
Sample 36
Take max_iter as  905
Score of validation 0.7357142857142858
Score of training 0.9839285714285714
Score of validation (classical) [0.7214285714285714, 0.8285714285714286, 0.8, 0.5428571428571428]
Score of training (classical) [0.7428571428571429, 0.8696428571428572, 0.8642857142857143, 0.5321428571428571]
Sample 37
Take max_iter as  891
Score of validation 0.8214285714285714
Score of training 0.9892857142857143
Score of validation (classical) [0.6857142857142857, 0.8428571428571429, 0.8285714285714286, 0.5142857142857142]
Score of training (classical) [0.7464285714285714, 0.9, 0.8857142857142857, 0.5642857142857143]
Sample 38
Take max_iter as  910
Score of validation 0.8785714285714286
Score of training 0.9803571428571428
Score of validation (classical) [0.6571428571428571, 0.8714285714285714, 0.8857142857142857, 0.4142857142857143]
Score of training (classical) [0.7160714285714286, 0.8714285714285714, 0.8910714285714286, 0.5071428571428571]
Sample 39
Take max_iter as  820
Score of validation 0.8071428571428572
Score of training 0.9910714285714286
Score of validation (classical) [0.7142857142857143, 0.8571428571428571, 0.8571428571428571, 0.4928571428571429]
Score of training (classical) [0.7553571428571428, 0.8803571428571428, 0.8589285714285714, 0.5]
Sample 40
Take max_iter as  901
Score of validation 0.8428571428571429
Score of training 0.9875
Score of validation (classical) [0.6642857142857143, 0.8428571428571429, 0.8142857142857143, 0.5071428571428571]
Score of training (classical) [0.7160714285714286, 0.9017857142857143, 0.8892857142857142, 0.48928571428571427]
Sample 41
Take max_iter as  925
Score of validation 0.8857142857142857
Score of training 0.9892857142857143
Score of validation (classical) [0.75, 0.8571428571428571, 0.8785714285714286, 0.5142857142857142]
Score of training (classical) [0.7464285714285714, 0.8839285714285714, 0.8642857142857143, 0.5107142857142857]
Sample 42
Take max_iter as  879
Score of validation 0.8857142857142857
Score of training 0.9857142857142858
Score of validation (classical) [0.6214285714285714, 0.7571428571428571, 0.75, 0.4857142857142857]
Score of training (classical) [0.7678571428571429, 0.8714285714285714, 0.8660714285714286, 0.5910714285714286]
Sample 43
Take max_iter as  961
Score of validation 0.7571428571428571
Score of training 0.9892857142857143
Score of validation (classical) [0.7071428571428572, 0.8214285714285714, 0.7928571428571428, 0.5642857142857143]
Score of training (classical) [0.7660714285714286, 0.8535714285714285, 0.8410714285714286, 0.575]
Sample 44
Take max_iter as  988
Score of validation 0.7857142857142857
Score of training 0.9910714285714286
Score of validation (classical) [0.6642857142857143, 0.85, 0.8214285714285714, 0.4785714285714286]
Score of training (classical) [0.7196428571428571, 0.8410714285714286, 0.8392857142857143, 0.5142857142857142]
Sample 45
Take max_iter as  883
Score of validation 0.8428571428571429
Score of training 0.9910714285714286
Score of validation (classical) [0.6928571428571428, 0.8428571428571429, 0.8357142857142857, 0.4928571428571429]
Score of training (classical) [0.7357142857142858, 0.8857142857142857, 0.8589285714285714, 0.5857142857142857]
Sample 46
Take max_iter as  916
Score of validation 0.8214285714285714
Score of training 0.9821428571428571
Score of validation (classical) [0.7142857142857143, 0.8142857142857143, 0.7928571428571428, 0.40714285714285714]
Score of training (classical) [0.75, 0.8571428571428571, 0.8428571428571429, 0.48214285714285715]
Sample 47
Take max_iter as  936
Score of validation 0.8928571428571429
Score of training 0.9821428571428571
Score of validation (classical) [0.7785714285714286, 0.8714285714285714, 0.9, 0.40714285714285714]
Score of training (classical) [0.7321428571428571, 0.8660714285714286, 0.8732142857142857, 0.4732142857142857]
Sample 48
Take max_iter as  932
Score of validation 0.8785714285714286
Score of training 0.9857142857142858
Score of validation (classical) [0.7142857142857143, 0.8785714285714286, 0.9214285714285714, 0.44285714285714284]
Score of training (classical) [0.7214285714285714, 0.8571428571428571, 0.85, 0.4625]
Sample 49
Take max_iter as  950
Score of validation 0.9071428571428571
Score of training 0.9767857142857143
Score of validation (classical) [0.7071428571428572, 0.8642857142857143, 0.85, 0.4857142857142857]
Score of training (classical) [0.75, 0.8821428571428571, 0.8732142857142857, 0.49642857142857144]
Sample 50
Take max_iter as  925
Score of validation 0.85
Score of training 0.9946428571428572
Score of validation (classical) [0.7642857142857142, 0.8571428571428571, 0.85, 0.5714285714285714]
Score of training (classical) [0.7642857142857142, 0.8892857142857142, 0.8660714285714286, 0.4642857142857143]
Sample 51
Take max_iter as  895
Score of validation 0.8142857142857143
Score of training 0.9892857142857143
Score of validation (classical) [0.7428571428571429, 0.85, 0.8428571428571429, 0.5142857142857142]
Score of training (classical) [0.7410714285714286, 0.8553571428571428, 0.85, 0.5357142857142857]
Sample 52
Take max_iter as  872
Score of validation 0.8642857142857143
Score of training 0.9875
Score of validation (classical) [0.7571428571428571, 0.9, 0.9142857142857143, 0.5]
Score of training (classical) [0.6875, 0.8196428571428571, 0.8285714285714286, 0.46785714285714286]
Sample 53
Take max_iter as  962
Score of validation 0.8642857142857143
Score of training 0.9928571428571429
Score of validation (classical) [0.7214285714285714, 0.85, 0.8285714285714286, 0.5214285714285715]
Score of training (classical) [0.7339285714285714, 0.875, 0.8821428571428571, 0.5196428571428572]
Sample 54
Take max_iter as  921
Score of validation 0.8571428571428571
Score of training 0.9946428571428572
Score of validation (classical) [0.7142857142857143, 0.8428571428571429, 0.8285714285714286, 0.4857142857142857]
Score of training (classical) [0.7446428571428572, 0.9035714285714286, 0.8875, 0.5178571428571429]
Sample 55
Take max_iter as  919
Score of validation 0.8
Score of training 0.9875
Score of validation (classical) [0.75, 0.8571428571428571, 0.8428571428571429, 0.4357142857142857]
Score of training (classical) [0.7428571428571429, 0.9089285714285714, 0.8892857142857142, 0.5107142857142857]
Sample 56
Take max_iter as  897
Score of validation 0.8642857142857143
Score of training 0.9821428571428571
Score of validation (classical) [0.7071428571428572, 0.8428571428571429, 0.85, 0.4857142857142857]
Score of training (classical) [0.7214285714285714, 0.8732142857142857, 0.8696428571428572, 0.5678571428571428]
Sample 57
Take max_iter as  931
Score of validation 0.8571428571428571
Score of training 0.9928571428571429
Score of validation (classical) [0.7714285714285715, 0.8714285714285714, 0.8642857142857143, 0.5928571428571429]
Score of training (classical) [0.7589285714285714, 0.8571428571428571, 0.8517857142857143, 0.5446428571428571]
Sample 58
Take max_iter as  883
Score of validation 0.8214285714285714
Score of training 0.9928571428571429
Score of validation (classical) [0.7214285714285714, 0.8642857142857143, 0.8785714285714286, 0.4928571428571429]
Score of training (classical) [0.7517857142857143, 0.8696428571428572, 0.8642857142857143, 0.48035714285714287]
Sample 59
Take max_iter as  853
Score of validation 0.8428571428571429
Score of training 0.9839285714285714
Score of validation (classical) [0.7, 0.8571428571428571, 0.8428571428571429, 0.5214285714285715]
Score of training (classical) [0.7392857142857143, 0.8803571428571428, 0.8785714285714286, 0.48214285714285715]
Sample 60
Take max_iter as  953
Score of validation 0.85
Score of training 0.9928571428571429
Score of validation (classical) [0.7142857142857143, 0.8428571428571429, 0.8142857142857143, 0.4928571428571429]
Score of training (classical) [0.7678571428571429, 0.875, 0.8607142857142858, 0.5017857142857143]
Sample 61
Take max_iter as  974
Score of validation 0.8571428571428571
Score of training 0.9928571428571429
Score of validation (classical) [0.7571428571428571, 0.8785714285714286, 0.8642857142857143, 0.5214285714285715]
Score of training (classical) [0.7267857142857143, 0.8517857142857143, 0.8464285714285714, 0.46785714285714286]
Sample 62
Take max_iter as  893
Score of validation 0.8
Score of training 0.9910714285714286
Score of validation (classical) [0.7285714285714285, 0.8571428571428571, 0.8428571428571429, 0.44285714285714284]
Score of training (classical) [0.7285714285714285, 0.9, 0.8910714285714286, 0.48035714285714287]
Sample 63
Take max_iter as  889
Score of validation 0.8
Score of training 0.9803571428571428
Score of validation (classical) [0.8, 0.8857142857142857, 0.8857142857142857, 0.5571428571428572]
Score of training (classical) [0.7517857142857143, 0.8642857142857143, 0.8482142857142857, 0.6142857142857143]
Sample 64
Take max_iter as  950
Score of validation 0.8428571428571429
Score of training 0.9875
Score of validation (classical) [0.7285714285714285, 0.8285714285714286, 0.8214285714285714, 0.5857142857142857]
Score of training (classical) [0.7375, 0.8803571428571428, 0.8517857142857143, 0.5089285714285714]
Sample 65
Take max_iter as  924
Score of validation 0.8642857142857143
Score of training 0.9892857142857143
Score of validation (classical) [0.7142857142857143, 0.8642857142857143, 0.8571428571428571, 0.5428571428571428]
Score of training (classical) [0.7535714285714286, 0.8982142857142857, 0.8928571428571429, 0.5339285714285714]
Sample 66
Take max_iter as  944
Score of validation 0.8571428571428571
Score of training 0.9892857142857143
Score of validation (classical) [0.75, 0.8071428571428572, 0.8142857142857143, 0.4642857142857143]
Score of training (classical) [0.7678571428571429, 0.8928571428571429, 0.8696428571428572, 0.4857142857142857]
Sample 67
Take max_iter as  889
Score of validation 0.8214285714285714
Score of training 0.9946428571428572
Score of validation (classical) [0.7071428571428572, 0.8, 0.8357142857142857, 0.5571428571428572]
Score of training (classical) [0.7910714285714285, 0.9142857142857143, 0.8910714285714286, 0.55]
Sample 68
Take max_iter as  874
Score of validation 0.8928571428571429
Score of training 0.9839285714285714
Score of validation (classical) [0.7714285714285715, 0.8571428571428571, 0.8642857142857143, 0.4928571428571429]
Score of training (classical) [0.7607142857142857, 0.8875, 0.875, 0.5482142857142858]
Sample 69
Take max_iter as  892
Score of validation 0.7857142857142857
Score of training 0.9910714285714286
Score of validation (classical) [0.6928571428571428, 0.8285714285714286, 0.8357142857142857, 0.4785714285714286]
Score of training (classical) [0.7267857142857143, 0.8732142857142857, 0.8714285714285714, 0.5053571428571428]
Sample 70
Take max_iter as  941
Score of validation 0.85
Score of training 0.9875
Score of validation (classical) [0.7928571428571428, 0.8785714285714286, 0.8714285714285714, 0.4714285714285714]
Score of training (classical) [0.7232142857142857, 0.8464285714285714, 0.8482142857142857, 0.4660714285714286]
Sample 71
Take max_iter as  897
Score of validation 0.8714285714285714
Score of training 0.9946428571428572
Score of validation (classical) [0.75, 0.8142857142857143, 0.8071428571428572, 0.6214285714285714]
Score of training (classical) [0.7321428571428571, 0.8946428571428572, 0.875, 0.5267857142857143]
Sample 72
Take max_iter as  909
Score of validation 0.7714285714285715
Score of training 0.9857142857142858
Score of validation (classical) [0.7428571428571429, 0.8642857142857143, 0.8214285714285714, 0.5285714285714286]
Score of training (classical) [0.7196428571428571, 0.875, 0.8625, 0.48214285714285715]
Sample 73
Take max_iter as  922
Score of validation 0.8214285714285714
Score of training 0.9875
Score of validation (classical) [0.7071428571428572, 0.8928571428571429, 0.8642857142857143, 0.4928571428571429]
Score of training (classical) [0.7357142857142858, 0.8785714285714286, 0.8571428571428571, 0.5142857142857142]
Sample 74
Take max_iter as  951
Score of validation 0.8785714285714286
Score of training 0.9892857142857143
Score of validation (classical) [0.7142857142857143, 0.9214285714285714, 0.9285714285714286, 0.4714285714285714]
Score of training (classical) [0.7464285714285714, 0.8857142857142857, 0.8625, 0.5357142857142857]
Sample 75
Take max_iter as  911
Score of validation 0.8142857142857143
Score of training 0.9928571428571429
Score of validation (classical) [0.7285714285714285, 0.85, 0.8571428571428571, 0.4142857142857143]
Score of training (classical) [0.7428571428571429, 0.8839285714285714, 0.8714285714285714, 0.4767857142857143]
Sample 76
Take max_iter as  939
Score of validation 0.8071428571428572
Score of training 0.9928571428571429
Score of validation (classical) [0.75, 0.8428571428571429, 0.8357142857142857, 0.4928571428571429]
Score of training (classical) [0.7357142857142858, 0.8732142857142857, 0.8625, 0.49464285714285716]
Sample 77
Take max_iter as  985
Score of validation 0.85
Score of training 0.9857142857142858
Score of validation (classical) [0.8142857142857143, 0.9071428571428571, 0.8928571428571429, 0.5071428571428571]
Score of training (classical) [0.7392857142857143, 0.8857142857142857, 0.8607142857142858, 0.4857142857142857]
Sample 78
Take max_iter as  891
Score of validation 0.8
Score of training 0.9946428571428572
Score of validation (classical) [0.8142857142857143, 0.8571428571428571, 0.8285714285714286, 0.4714285714285714]
Score of training (classical) [0.7678571428571429, 0.8857142857142857, 0.8821428571428571, 0.46964285714285714]
Sample 79
Take max_iter as  924
Score of validation 0.8285714285714286
Score of training 0.9928571428571429
Score of validation (classical) [0.7214285714285714, 0.8428571428571429, 0.8571428571428571, 0.44285714285714284]
Score of training (classical) [0.7339285714285714, 0.8535714285714285, 0.8642857142857143, 0.48035714285714287]
Sample 80
Take max_iter as  906
Score of validation 0.8642857142857143
Score of training 0.9785714285714285
Score of validation (classical) [0.7428571428571429, 0.8928571428571429, 0.8642857142857143, 0.42142857142857143]
Score of training (classical) [0.7446428571428572, 0.8607142857142858, 0.8625, 0.5285714285714286]
Sample 81
Take max_iter as  940
Score of validation 0.7785714285714286
Score of training 0.9910714285714286
Score of validation (classical) [0.7285714285714285, 0.8428571428571429, 0.8571428571428571, 0.5285714285714286]
Score of training (classical) [0.75, 0.8732142857142857, 0.8607142857142858, 0.4607142857142857]
Sample 82
Take max_iter as  853
Score of validation 0.85
Score of training 0.9839285714285714
Score of validation (classical) [0.7714285714285715, 0.8571428571428571, 0.8357142857142857, 0.5785714285714286]
Score of training (classical) [0.7589285714285714, 0.8875, 0.8696428571428572, 0.5660714285714286]
Sample 83
Take max_iter as  880
Score of validation 0.8
Score of training 0.9875
Score of validation (classical) [0.7285714285714285, 0.8357142857142857, 0.8214285714285714, 0.5857142857142857]
Score of training (classical) [0.7142857142857143, 0.8803571428571428, 0.8589285714285714, 0.46964285714285714]
Sample 84
Take max_iter as  968
Score of validation 0.8142857142857143
Score of training 0.9839285714285714
Score of validation (classical) [0.6714285714285714, 0.8285714285714286, 0.85, 0.4714285714285714]
Score of training (classical) [0.7160714285714286, 0.8785714285714286, 0.875, 0.4642857142857143]
Sample 85
Take max_iter as  875
Score of validation 0.8571428571428571
Score of training 0.9785714285714285
Score of validation (classical) [0.8, 0.8214285714285714, 0.8071428571428572, 0.5571428571428572]
Score of training (classical) [0.7607142857142857, 0.8910714285714286, 0.8839285714285714, 0.5410714285714285]
Sample 86
Take max_iter as  910
Score of validation 0.7714285714285715
Score of training 0.9910714285714286
Score of validation (classical) [0.6357142857142857, 0.7928571428571428, 0.7857142857142857, 0.45714285714285713]
Score of training (classical) [0.7375, 0.8964285714285715, 0.8642857142857143, 0.5642857142857143]
Sample 87
Take max_iter as  914
Score of validation 0.8071428571428572
Score of training 0.9839285714285714
Score of validation (classical) [0.7714285714285715, 0.8285714285714286, 0.8214285714285714, 0.5642857142857143]
Score of training (classical) [0.7732142857142857, 0.8625, 0.8535714285714285, 0.5267857142857143]
Sample 88
Take max_iter as  905
Score of validation 0.8428571428571429
Score of training 0.9785714285714285
Score of validation (classical) [0.7857142857142857, 0.8928571428571429, 0.9142857142857143, 0.5571428571428572]
Score of training (classical) [0.7392857142857143, 0.8535714285714285, 0.8589285714285714, 0.49642857142857144]
Sample 89
Take max_iter as  938
Score of validation 0.8357142857142857
Score of training 0.9875
Score of validation (classical) [0.7142857142857143, 0.8357142857142857, 0.8214285714285714, 0.5071428571428571]
Score of training (classical) [0.75, 0.8535714285714285, 0.8553571428571428, 0.5232142857142857]
Sample 90
Take max_iter as  940
Score of validation 0.8642857142857143
Score of training 0.9928571428571429
Score of validation (classical) [0.7285714285714285, 0.8714285714285714, 0.8785714285714286, 0.4928571428571429]
Score of training (classical) [0.7178571428571429, 0.8785714285714286, 0.8839285714285714, 0.5089285714285714]
Sample 91
Take max_iter as  910
Score of validation 0.7785714285714286
Score of training 0.9875
Score of validation (classical) [0.7142857142857143, 0.8142857142857143, 0.8214285714285714, 0.5142857142857142]
Score of training (classical) [0.7125, 0.8517857142857143, 0.8714285714285714, 0.44821428571428573]
Sample 92
Take max_iter as  886
Score of validation 0.8285714285714286
Score of training 0.9964285714285714
Score of validation (classical) [0.6642857142857143, 0.8214285714285714, 0.8071428571428572, 0.5]
Score of training (classical) [0.7339285714285714, 0.9089285714285714, 0.8964285714285715, 0.5214285714285715]
Sample 93
Take max_iter as  1032
Score of validation 0.85
Score of training 0.9875
Score of validation (classical) [0.7214285714285714, 0.8928571428571429, 0.9142857142857143, 0.36428571428571427]
Score of training (classical) [0.7178571428571429, 0.9035714285714286, 0.8928571428571429, 0.44285714285714284]
Sample 94
Take max_iter as  887
Score of validation 0.8714285714285714
Score of training 0.9857142857142858
Score of validation (classical) [0.7714285714285715, 0.85, 0.85, 0.5142857142857142]
Score of training (classical) [0.7535714285714286, 0.8875, 0.8660714285714286, 0.49642857142857144]
Sample 95
Take max_iter as  927
Score of validation 0.8642857142857143
Score of training 0.975
Score of validation (classical) [0.6785714285714286, 0.8285714285714286, 0.8357142857142857, 0.5071428571428571]
Score of training (classical) [0.7464285714285714, 0.8625, 0.8589285714285714, 0.5482142857142858]
Sample 96
Take max_iter as  922
Score of validation 0.8071428571428572
Score of training 0.9857142857142858
Score of validation (classical) [0.6857142857142857, 0.8357142857142857, 0.8214285714285714, 0.5071428571428571]
Score of training (classical) [0.7482142857142857, 0.8839285714285714, 0.8857142857142857, 0.525]
Sample 97
Take max_iter as  927
Score of validation 0.8285714285714286
Score of training 0.9892857142857143
Score of validation (classical) [0.7214285714285714, 0.8142857142857143, 0.8357142857142857, 0.45]
Score of training (classical) [0.7339285714285714, 0.8642857142857143, 0.8464285714285714, 0.48214285714285715]
Sample 98
Take max_iter as  969
Score of validation 0.8285714285714286
Score of training 0.9839285714285714
Score of validation (classical) [0.7214285714285714, 0.8785714285714286, 0.8642857142857143, 0.5142857142857142]
Score of training (classical) [0.7482142857142857, 0.8607142857142858, 0.8464285714285714, 0.5142857142857142]
Sample 99
Take max_iter as  961
Score of validation 0.8357142857142857
Score of training 0.9857142857142858
Score of validation (classical) [0.7142857142857143, 0.8714285714285714, 0.8928571428571429, 0.4714285714285714]
Score of training (classical) [0.7660714285714286, 0.9071428571428571, 0.8857142857142857, 0.42857142857142855]
Sample 100
Take max_iter as  920
Score of validation 0.7571428571428571
Score of training 0.9928571428571429
Score of validation (classical) [0.7285714285714285, 0.8214285714285714, 0.8214285714285714, 0.4857142857142857]
Score of training (classical) [0.7160714285714286, 0.8946428571428572, 0.8767857142857143, 0.49107142857142855]
Sample 101
Take max_iter as  945
Score of validation 0.8285714285714286
Score of training 0.9875
Score of validation (classical) [0.7285714285714285, 0.8214285714285714, 0.8, 0.45]
Score of training (classical) [0.7553571428571428, 0.8732142857142857, 0.8714285714285714, 0.525]
Sample 102
Take max_iter as  933
Score of validation 0.8285714285714286
Score of training 0.9857142857142858
Score of validation (classical) [0.7285714285714285, 0.8142857142857143, 0.8071428571428572, 0.55]
Score of training (classical) [0.7339285714285714, 0.8464285714285714, 0.8464285714285714, 0.48392857142857143]
Sample 103
Take max_iter as  879
Score of validation 0.8357142857142857
Score of training 0.9857142857142858
Score of validation (classical) [0.7428571428571429, 0.8571428571428571, 0.8428571428571429, 0.5785714285714286]
Score of training (classical) [0.7464285714285714, 0.8964285714285715, 0.8767857142857143, 0.4928571428571429]
Sample 104
Take max_iter as  927
Score of validation 0.8357142857142857
Score of training 0.9946428571428572
Score of validation (classical) [0.6714285714285714, 0.8571428571428571, 0.8285714285714286, 0.4142857142857143]
Score of training (classical) [0.7375, 0.8642857142857143, 0.8375, 0.5053571428571428]
Sample 105
Take max_iter as  861
Score of validation 0.85
Score of training 0.9839285714285714
Score of validation (classical) [0.7428571428571429, 0.8642857142857143, 0.8142857142857143, 0.44285714285714284]
Score of training (classical) [0.7303571428571428, 0.8607142857142858, 0.8446428571428571, 0.5410714285714285]
Sample 106
Take max_iter as  860
Score of validation 0.7857142857142857
Score of training 0.9857142857142858
Score of validation (classical) [0.7071428571428572, 0.8285714285714286, 0.8071428571428572, 0.5142857142857142]
Score of training (classical) [0.7607142857142857, 0.9053571428571429, 0.8910714285714286, 0.5035714285714286]
Sample 107
Take max_iter as  949
Score of validation 0.8
Score of training 0.9892857142857143
Score of validation (classical) [0.7071428571428572, 0.8642857142857143, 0.8285714285714286, 0.5857142857142857]
Score of training (classical) [0.7321428571428571, 0.875, 0.8607142857142858, 0.6035714285714285]
Sample 108
Take max_iter as  925
Score of validation 0.8285714285714286
Score of training 0.9946428571428572
Score of validation (classical) [0.7, 0.8428571428571429, 0.8428571428571429, 0.5357142857142857]
Score of training (classical) [0.7517857142857143, 0.8642857142857143, 0.8625, 0.5589285714285714]
Sample 109
Take max_iter as  847
Score of validation 0.8571428571428571
Score of training 0.9875
Score of validation (classical) [0.7928571428571428, 0.8928571428571429, 0.8857142857142857, 0.5571428571428572]
Score of training (classical) [0.7160714285714286, 0.8839285714285714, 0.8803571428571428, 0.5196428571428572]
Sample 110
Take max_iter as  958
Score of validation 0.8142857142857143
Score of training 0.9821428571428571
Score of validation (classical) [0.7357142857142858, 0.85, 0.8571428571428571, 0.45714285714285713]
Score of training (classical) [0.7214285714285714, 0.8642857142857143, 0.8696428571428572, 0.5160714285714286]
Sample 111
Take max_iter as  943
Score of validation 0.8928571428571429
Score of training 0.9785714285714285
Score of validation (classical) [0.7428571428571429, 0.9, 0.9142857142857143, 0.4928571428571429]
Score of training (classical) [0.7428571428571429, 0.8910714285714286, 0.8857142857142857, 0.5142857142857142]
Sample 112
Take max_iter as  920
Score of validation 0.8214285714285714
Score of training 0.9875
Score of validation (classical) [0.7214285714285714, 0.8285714285714286, 0.85, 0.4714285714285714]
Score of training (classical) [0.7357142857142858, 0.8696428571428572, 0.8821428571428571, 0.48035714285714287]
Sample 113
Take max_iter as  920
Score of validation 0.7857142857142857
Score of training 0.9910714285714286
Score of validation (classical) [0.7642857142857142, 0.8714285714285714, 0.8714285714285714, 0.42857142857142855]
Score of training (classical) [0.7553571428571428, 0.8946428571428572, 0.8946428571428572, 0.48928571428571427]
Sample 114
Take max_iter as  895
Score of validation 0.8428571428571429
Score of training 0.9857142857142858
Score of validation (classical) [0.7142857142857143, 0.85, 0.8642857142857143, 0.5214285714285715]
Score of training (classical) [0.7410714285714286, 0.8535714285714285, 0.8607142857142858, 0.5035714285714286]
Sample 115
Take max_iter as  934
Score of validation 0.7928571428571428
Score of training 0.9875
Score of validation (classical) [0.6857142857142857, 0.85, 0.8642857142857143, 0.4857142857142857]
Score of training (classical) [0.7339285714285714, 0.8535714285714285, 0.8642857142857143, 0.4714285714285714]
Sample 116
Take max_iter as  898
Score of validation 0.7571428571428571
Score of training 0.9946428571428572
Score of validation (classical) [0.6928571428571428, 0.8071428571428572, 0.8214285714285714, 0.4928571428571429]
Score of training (classical) [0.7482142857142857, 0.8767857142857143, 0.8839285714285714, 0.5285714285714286]
Sample 117
Take max_iter as  870
Score of validation 0.7857142857142857
Score of training 0.9910714285714286
Score of validation (classical) [0.7714285714285715, 0.8714285714285714, 0.8571428571428571, 0.5214285714285715]
Score of training (classical) [0.7196428571428571, 0.85, 0.8553571428571428, 0.4732142857142857]
Sample 118
Take max_iter as  929
Score of validation 0.7785714285714286
Score of training 0.9857142857142858
Score of validation (classical) [0.6785714285714286, 0.7857142857142857, 0.7785714285714286, 0.5857142857142857]
Score of training (classical) [0.75, 0.8696428571428572, 0.8535714285714285, 0.5464285714285714]
Sample 119
Take max_iter as  882
Score of validation 0.8428571428571429
Score of training 0.9892857142857143
Score of validation (classical) [0.7214285714285714, 0.85, 0.8428571428571429, 0.5]
Score of training (classical) [0.7678571428571429, 0.8678571428571429, 0.8660714285714286, 0.5178571428571429]
Sample 120
Take max_iter as  889
Score of validation 0.8428571428571429
Score of training 0.9875
Score of validation (classical) [0.6642857142857143, 0.85, 0.8285714285714286, 0.5]
Score of training (classical) [0.7428571428571429, 0.8535714285714285, 0.8446428571428571, 0.4625]
Sample 121
Take max_iter as  918
Score of validation 0.8
Score of training 0.9928571428571429
Score of validation (classical) [0.7357142857142858, 0.85, 0.85, 0.5785714285714286]
Score of training (classical) [0.75, 0.9035714285714286, 0.9035714285714286, 0.5535714285714286]
Sample 122
Take max_iter as  878
Score of validation 0.7928571428571428
Score of training 0.9875
Score of validation (classical) [0.7, 0.7714285714285715, 0.7571428571428571, 0.5571428571428572]
Score of training (classical) [0.7321428571428571, 0.8875, 0.8660714285714286, 0.5089285714285714]
Sample 123
Take max_iter as  886
Score of validation 0.8071428571428572
Score of training 0.9892857142857143
Score of validation (classical) [0.7714285714285715, 0.8785714285714286, 0.8714285714285714, 0.44285714285714284]
Score of training (classical) [0.7428571428571429, 0.8875, 0.8946428571428572, 0.49642857142857144]
Sample 124
Take max_iter as  877
Score of validation 0.8142857142857143
Score of training 0.9910714285714286
Score of validation (classical) [0.6928571428571428, 0.8571428571428571, 0.85, 0.5142857142857142]
Score of training (classical) [0.7357142857142858, 0.8821428571428571, 0.8696428571428572, 0.5232142857142857]
Sample 125
Take max_iter as  875
Score of validation 0.8642857142857143
Score of training 0.9839285714285714
Score of validation (classical) [0.6857142857142857, 0.8428571428571429, 0.85, 0.44285714285714284]
Score of training (classical) [0.7178571428571429, 0.8785714285714286, 0.8714285714285714, 0.5071428571428571]
Sample 126
Take max_iter as  874
Score of validation 0.8928571428571429
Score of training 0.9875
Score of validation (classical) [0.8142857142857143, 0.9, 0.9071428571428571, 0.5]
Score of training (classical) [0.7696428571428572, 0.8535714285714285, 0.875, 0.5535714285714286]
Sample 127
Take max_iter as  954
Score of validation 0.7928571428571428
Score of training 0.9857142857142858
Score of validation (classical) [0.75, 0.8142857142857143, 0.7928571428571428, 0.45]
Score of training (classical) [0.7714285714285715, 0.875, 0.8714285714285714, 0.5535714285714286]
Sample 128
Take max_iter as  848
Score of validation 0.8428571428571429
Score of training 0.9785714285714285
Score of validation (classical) [0.6857142857142857, 0.8285714285714286, 0.8142857142857143, 0.5]
Score of training (classical) [0.7571428571428571, 0.8464285714285714, 0.8428571428571429, 0.5410714285714285]
Sample 129
Take max_iter as  912
Score of validation 0.85
Score of training 0.9857142857142858
Score of validation (classical) [0.7428571428571429, 0.8214285714285714, 0.8428571428571429, 0.5214285714285715]
Score of training (classical) [0.7160714285714286, 0.85, 0.8464285714285714, 0.4982142857142857]
Sample 130
Take max_iter as  940
Score of validation 0.8785714285714286
Score of training 0.9892857142857143
Score of validation (classical) [0.7071428571428572, 0.8785714285714286, 0.8785714285714286, 0.5071428571428571]
Score of training (classical) [0.7125, 0.8785714285714286, 0.8678571428571429, 0.4928571428571429]
Sample 131
Take max_iter as  883
Score of validation 0.8357142857142857
Score of training 0.9892857142857143
Score of validation (classical) [0.7285714285714285, 0.8285714285714286, 0.8, 0.5642857142857143]
Score of training (classical) [0.7321428571428571, 0.8982142857142857, 0.8714285714285714, 0.5232142857142857]
Sample 132
Take max_iter as  900
Score of validation 0.8571428571428571
Score of training 0.9946428571428572
Score of validation (classical) [0.7, 0.8214285714285714, 0.8285714285714286, 0.5928571428571429]
Score of training (classical) [0.7642857142857142, 0.8678571428571429, 0.8892857142857142, 0.475]
Sample 133
Take max_iter as  919
Score of validation 0.8571428571428571
Score of training 0.9839285714285714
Score of validation (classical) [0.7214285714285714, 0.8571428571428571, 0.8571428571428571, 0.5071428571428571]
Score of training (classical) [0.7142857142857143, 0.8392857142857143, 0.8339285714285715, 0.49464285714285716]
Sample 134
Take max_iter as  853
Score of validation 0.8357142857142857
Score of training 0.9857142857142858
Score of validation (classical) [0.7857142857142857, 0.8928571428571429, 0.8928571428571429, 0.5571428571428572]
Score of training (classical) [0.7357142857142858, 0.8625, 0.8535714285714285, 0.5285714285714286]
Sample 135
Take max_iter as  846
Score of validation 0.9071428571428571
Score of training 0.9875
Score of validation (classical) [0.7428571428571429, 0.8785714285714286, 0.8857142857142857, 0.5]
Score of training (classical) [0.7, 0.8875, 0.8732142857142857, 0.5232142857142857]
Sample 136
Take max_iter as  949
Score of validation 0.8571428571428571
Score of training 0.9910714285714286
Score of validation (classical) [0.7285714285714285, 0.85, 0.8214285714285714, 0.5285714285714286]
Score of training (classical) [0.7464285714285714, 0.8553571428571428, 0.8446428571428571, 0.4875]
Sample 137
Take max_iter as  905
Score of validation 0.8357142857142857
Score of training 0.9839285714285714
Score of validation (classical) [0.7142857142857143, 0.8428571428571429, 0.8571428571428571, 0.4785714285714286]
Score of training (classical) [0.7571428571428571, 0.8732142857142857, 0.8553571428571428, 0.4857142857142857]
Sample 138
Take max_iter as  879
Score of validation 0.8
Score of training 0.9821428571428571
Score of validation (classical) [0.8, 0.8928571428571429, 0.8785714285714286, 0.5571428571428572]
Score of training (classical) [0.7392857142857143, 0.8571428571428571, 0.8553571428571428, 0.49642857142857144]
Sample 139
Take max_iter as  890
Score of validation 0.85
Score of training 0.9892857142857143
Score of validation (classical) [0.6428571428571429, 0.8, 0.7857142857142857, 0.45714285714285713]
Score of training (classical) [0.7410714285714286, 0.8589285714285714, 0.8571428571428571, 0.5589285714285714]
Sample 140
Take max_iter as  899
Score of validation 0.85
Score of training 0.9839285714285714
Score of validation (classical) [0.7571428571428571, 0.8857142857142857, 0.8571428571428571, 0.42857142857142855]
Score of training (classical) [0.7035714285714286, 0.8607142857142858, 0.8482142857142857, 0.49464285714285716]
Sample 141
Take max_iter as  911
Score of validation 0.8785714285714286
Score of training 0.9839285714285714
Score of validation (classical) [0.6928571428571428, 0.8714285714285714, 0.8571428571428571, 0.55]
Score of training (classical) [0.7339285714285714, 0.8946428571428572, 0.8803571428571428, 0.5035714285714286]
Sample 142
Take max_iter as  923
Score of validation 0.8071428571428572
Score of training 0.9875
Score of validation (classical) [0.7785714285714286, 0.8785714285714286, 0.8571428571428571, 0.5714285714285714]
Score of training (classical) [0.75, 0.8892857142857142, 0.8660714285714286, 0.5321428571428571]
Sample 143
Take max_iter as  1013
Score of validation 0.8
Score of training 0.9857142857142858
Score of validation (classical) [0.8142857142857143, 0.8857142857142857, 0.8571428571428571, 0.6214285714285714]
Score of training (classical) [0.7589285714285714, 0.8892857142857142, 0.8678571428571429, 0.5982142857142857]
Sample 144
Take max_iter as  875
Score of validation 0.8571428571428571
Score of training 0.9821428571428571
Score of validation (classical) [0.7857142857142857, 0.8214285714285714, 0.8357142857142857, 0.55]
Score of training (classical) [0.7267857142857143, 0.8714285714285714, 0.8660714285714286, 0.4928571428571429]
Sample 145
Take max_iter as  900
Score of validation 0.85
Score of training 0.9928571428571429
Score of validation (classical) [0.7785714285714286, 0.8714285714285714, 0.8642857142857143, 0.4714285714285714]
Score of training (classical) [0.7392857142857143, 0.8553571428571428, 0.8535714285714285, 0.5178571428571429]
Sample 146
Take max_iter as  954
Score of validation 0.8714285714285714
Score of training 0.9839285714285714
Score of validation (classical) [0.7285714285714285, 0.8285714285714286, 0.8285714285714286, 0.5214285714285715]
Score of training (classical) [0.7535714285714286, 0.8714285714285714, 0.8642857142857143, 0.5982142857142857]
Sample 147
Take max_iter as  942
Score of validation 0.8214285714285714
Score of training 0.9928571428571429
Score of validation (classical) [0.7214285714285714, 0.85, 0.8071428571428572, 0.5214285714285715]
Score of training (classical) [0.7571428571428571, 0.8928571428571429, 0.8839285714285714, 0.4589285714285714]
Sample 148
Take max_iter as  847
Score of validation 0.8714285714285714
Score of training 0.9857142857142858
Score of validation (classical) [0.7928571428571428, 0.8928571428571429, 0.8857142857142857, 0.5285714285714286]
Score of training (classical) [0.7571428571428571, 0.8571428571428571, 0.8428571428571429, 0.5696428571428571]
Sample 149
Take max_iter as  948
Score of validation 0.8357142857142857
Score of training 0.9892857142857143
Score of validation (classical) [0.6571428571428571, 0.8071428571428572, 0.7928571428571428, 0.5428571428571428]
Score of training (classical) [0.7428571428571429, 0.8625, 0.8428571428571429, 0.5446428571428571]
Sample 150
Take max_iter as  898
Score of validation 0.8
Score of training 0.9946428571428572
Score of validation (classical) [0.7071428571428572, 0.8357142857142857, 0.8071428571428572, 0.5071428571428571]
Score of training (classical) [0.7482142857142857, 0.8589285714285714, 0.8607142857142858, 0.4928571428571429]
Sample 151
Take max_iter as  930
Score of validation 0.8214285714285714
Score of training 0.9875
Score of validation (classical) [0.7571428571428571, 0.8285714285714286, 0.8357142857142857, 0.5357142857142857]
Score of training (classical) [0.7089285714285715, 0.8571428571428571, 0.8589285714285714, 0.5071428571428571]
Sample 152
Take max_iter as  891
Score of validation 0.8142857142857143
Score of training 0.9928571428571429
Score of validation (classical) [0.7428571428571429, 0.8928571428571429, 0.9, 0.5142857142857142]
Score of training (classical) [0.7464285714285714, 0.8714285714285714, 0.8553571428571428, 0.5714285714285714]
Sample 153
Take max_iter as  940
Score of validation 0.8214285714285714
Score of training 0.9821428571428571
Score of validation (classical) [0.7071428571428572, 0.8428571428571429, 0.85, 0.5357142857142857]
Score of training (classical) [0.7321428571428571, 0.9071428571428571, 0.8910714285714286, 0.5339285714285714]
Sample 154
Take max_iter as  921
Score of validation 0.8
Score of training 0.9857142857142858
Score of validation (classical) [0.7714285714285715, 0.8428571428571429, 0.8428571428571429, 0.4642857142857143]
Score of training (classical) [0.7553571428571428, 0.8964285714285715, 0.8821428571428571, 0.5178571428571429]
Sample 155
Take max_iter as  899
Score of validation 0.8142857142857143
Score of training 0.9892857142857143
Score of validation (classical) [0.7285714285714285, 0.8142857142857143, 0.8285714285714286, 0.4928571428571429]
Score of training (classical) [0.775, 0.875, 0.8982142857142857, 0.5125]
Sample 156
Take max_iter as  896
Score of validation 0.7714285714285715
Score of training 0.9910714285714286
Score of validation (classical) [0.7428571428571429, 0.8428571428571429, 0.8357142857142857, 0.5714285714285714]
Score of training (classical) [0.7196428571428571, 0.8482142857142857, 0.8482142857142857, 0.5607142857142857]
Sample 157
Take max_iter as  917
Score of validation 0.8571428571428571
Score of training 0.9875
Score of validation (classical) [0.7142857142857143, 0.8428571428571429, 0.8571428571428571, 0.4714285714285714]
Score of training (classical) [0.7357142857142858, 0.8553571428571428, 0.8642857142857143, 0.48214285714285715]
Sample 158
Take max_iter as  914
Score of validation 0.9071428571428571
Score of training 0.9785714285714285
Score of validation (classical) [0.7857142857142857, 0.8785714285714286, 0.8785714285714286, 0.5142857142857142]
Score of training (classical) [0.7589285714285714, 0.8642857142857143, 0.8446428571428571, 0.5142857142857142]
Sample 159
Take max_iter as  871
Score of validation 0.8571428571428571
Score of training 0.9892857142857143
Score of validation (classical) [0.6785714285714286, 0.7928571428571428, 0.7857142857142857, 0.5357142857142857]
Score of training (classical) [0.7142857142857143, 0.8625, 0.8392857142857143, 0.5303571428571429]
Sample 160
Take max_iter as  927
Score of validation 0.85
Score of training 0.9857142857142858
Score of validation (classical) [0.7785714285714286, 0.8714285714285714, 0.8642857142857143, 0.5142857142857142]
Score of training (classical) [0.7428571428571429, 0.875, 0.8642857142857143, 0.4714285714285714]
Sample 161
Take max_iter as  892
Score of validation 0.8714285714285714
Score of training 0.9892857142857143
Score of validation (classical) [0.7071428571428572, 0.8571428571428571, 0.8285714285714286, 0.4857142857142857]
Score of training (classical) [0.725, 0.8678571428571429, 0.8625, 0.5214285714285715]
Sample 162
Take max_iter as  972
Score of validation 0.8285714285714286
Score of training 0.9875
Score of validation (classical) [0.65, 0.8285714285714286, 0.8142857142857143, 0.42857142857142855]
Score of training (classical) [0.7428571428571429, 0.8910714285714286, 0.8910714285714286, 0.5214285714285715]
Sample 163
Take max_iter as  915
Score of validation 0.8428571428571429
Score of training 0.9857142857142858
Score of validation (classical) [0.8, 0.8357142857142857, 0.8428571428571429, 0.5714285714285714]
Score of training (classical) [0.7017857142857142, 0.8875, 0.8785714285714286, 0.4642857142857143]
Sample 164
Take max_iter as  950
Score of validation 0.8857142857142857
Score of training 0.9910714285714286
Score of validation (classical) [0.7714285714285715, 0.8714285714285714, 0.8642857142857143, 0.5214285714285715]
Score of training (classical) [0.7553571428571428, 0.8714285714285714, 0.8535714285714285, 0.45535714285714285]
Sample 165
Take max_iter as  930
Score of validation 0.8142857142857143
Score of training 0.9892857142857143
Score of validation (classical) [0.7357142857142858, 0.8285714285714286, 0.8285714285714286, 0.4642857142857143]
Score of training (classical) [0.7553571428571428, 0.8696428571428572, 0.8696428571428572, 0.5196428571428572]
Sample 166
Take max_iter as  845
Score of validation 0.8428571428571429
Score of training 0.9892857142857143
Score of validation (classical) [0.6857142857142857, 0.85, 0.8857142857142857, 0.4642857142857143]
Score of training (classical) [0.7357142857142858, 0.9, 0.8982142857142857, 0.5089285714285714]
Sample 167
Take max_iter as  923
Score of validation 0.8
Score of training 0.9875
Score of validation (classical) [0.6857142857142857, 0.7928571428571428, 0.8071428571428572, 0.40714285714285714]
Score of training (classical) [0.7285714285714285, 0.8660714285714286, 0.8607142857142858, 0.45535714285714285]
Sample 168
Take max_iter as  861
Score of validation 0.8357142857142857
Score of training 0.9875
Score of validation (classical) [0.7214285714285714, 0.8785714285714286, 0.85, 0.5]
Score of training (classical) [0.775, 0.8839285714285714, 0.875, 0.5303571428571429]
Sample 169
Take max_iter as  876
Score of validation 0.8642857142857143
Score of training 0.9928571428571429
Score of validation (classical) [0.7571428571428571, 0.85, 0.8357142857142857, 0.45]
Score of training (classical) [0.7410714285714286, 0.8803571428571428, 0.8660714285714286, 0.5071428571428571]
Sample 170
Take max_iter as  902
Score of validation 0.8142857142857143
Score of training 0.9910714285714286
Score of validation (classical) [0.7214285714285714, 0.8214285714285714, 0.8214285714285714, 0.5071428571428571]
Score of training (classical) [0.75, 0.8803571428571428, 0.8660714285714286, 0.5214285714285715]
Sample 171
Take max_iter as  895
Score of validation 0.8785714285714286
Score of training 0.9892857142857143
Score of validation (classical) [0.7857142857142857, 0.8357142857142857, 0.8428571428571429, 0.5285714285714286]
Score of training (classical) [0.7446428571428572, 0.875, 0.85, 0.48035714285714287]
Sample 172
Take max_iter as  908
Score of validation 0.8857142857142857
Score of training 0.9892857142857143
Score of validation (classical) [0.7, 0.8785714285714286, 0.8857142857142857, 0.39285714285714285]
Score of training (classical) [0.7285714285714285, 0.8803571428571428, 0.8678571428571429, 0.4642857142857143]
Sample 173
Take max_iter as  881
Score of validation 0.8357142857142857
Score of training 0.9892857142857143
Score of validation (classical) [0.7071428571428572, 0.8142857142857143, 0.8142857142857143, 0.5214285714285715]
Score of training (classical) [0.7196428571428571, 0.8892857142857142, 0.8785714285714286, 0.5482142857142858]
Sample 174
Take max_iter as  908
Score of validation 0.8285714285714286
Score of training 0.9946428571428572
Score of validation (classical) [0.7357142857142858, 0.8857142857142857, 0.8857142857142857, 0.5071428571428571]
Score of training (classical) [0.7464285714285714, 0.8714285714285714, 0.8625, 0.49642857142857144]
Sample 175
Take max_iter as  890
Score of validation 0.8642857142857143
Score of training 0.9946428571428572
Score of validation (classical) [0.6642857142857143, 0.8071428571428572, 0.8, 0.5214285714285715]
Score of training (classical) [0.7089285714285715, 0.8375, 0.8357142857142857, 0.4857142857142857]
Sample 176
Take max_iter as  869
Score of validation 0.8642857142857143
Score of training 0.9839285714285714
Score of validation (classical) [0.7642857142857142, 0.8857142857142857, 0.8714285714285714, 0.5]
Score of training (classical) [0.7321428571428571, 0.8803571428571428, 0.8714285714285714, 0.4875]
Sample 177
Take max_iter as  878
Score of validation 0.8571428571428571
Score of training 0.9857142857142858
Score of validation (classical) [0.6571428571428571, 0.8071428571428572, 0.8357142857142857, 0.5142857142857142]
Score of training (classical) [0.7553571428571428, 0.8678571428571429, 0.8785714285714286, 0.5339285714285714]
Sample 178
Take max_iter as  900
Score of validation 0.8714285714285714
Score of training 0.9910714285714286
Score of validation (classical) [0.6857142857142857, 0.85, 0.85, 0.4714285714285714]
Score of training (classical) [0.7285714285714285, 0.8767857142857143, 0.8571428571428571, 0.5071428571428571]
Sample 179
Take max_iter as  888
Score of validation 0.8071428571428572
Score of training 0.9839285714285714
Score of validation (classical) [0.7071428571428572, 0.7928571428571428, 0.7857142857142857, 0.5142857142857142]
Score of training (classical) [0.7392857142857143, 0.8464285714285714, 0.8375, 0.49464285714285716]
Sample 180
Take max_iter as  916
Score of validation 0.8357142857142857
Score of training 0.9875
Score of validation (classical) [0.7642857142857142, 0.8357142857142857, 0.8357142857142857, 0.5571428571428572]
Score of training (classical) [0.7267857142857143, 0.8839285714285714, 0.8803571428571428, 0.5107142857142857]
Sample 181
Take max_iter as  904
Score of validation 0.9
Score of training 0.9875
Score of validation (classical) [0.7428571428571429, 0.9, 0.85, 0.5428571428571428]
Score of training (classical) [0.7535714285714286, 0.8767857142857143, 0.8517857142857143, 0.5535714285714286]
Sample 182
Take max_iter as  933
Score of validation 0.8571428571428571
Score of training 0.9875
Score of validation (classical) [0.7642857142857142, 0.8642857142857143, 0.8785714285714286, 0.4857142857142857]
Score of training (classical) [0.7375, 0.8625, 0.85, 0.49642857142857144]
Sample 183
Take max_iter as  909
Score of validation 0.8642857142857143
Score of training 0.9821428571428571
Score of validation (classical) [0.7285714285714285, 0.85, 0.8642857142857143, 0.4357142857142857]
Score of training (classical) [0.7732142857142857, 0.8696428571428572, 0.8607142857142858, 0.5035714285714286]
Sample 184
Take max_iter as  891
Score of validation 0.8142857142857143
Score of training 0.9875
Score of validation (classical) [0.75, 0.8357142857142857, 0.8428571428571429, 0.5928571428571429]
Score of training (classical) [0.7375, 0.8642857142857143, 0.8696428571428572, 0.5696428571428571]
Sample 185
Take max_iter as  942
Score of validation 0.8571428571428571
Score of training 0.9875
Score of validation (classical) [0.6928571428571428, 0.8857142857142857, 0.8928571428571429, 0.5]
Score of training (classical) [0.7285714285714285, 0.8839285714285714, 0.8803571428571428, 0.5428571428571428]
Sample 186
Take max_iter as  892
Score of validation 0.8142857142857143
Score of training 0.9857142857142858
Score of validation (classical) [0.7928571428571428, 0.9, 0.8785714285714286, 0.4785714285714286]
Score of training (classical) [0.7357142857142858, 0.8928571428571429, 0.8982142857142857, 0.4857142857142857]
Sample 187
Take max_iter as  922
Score of validation 0.8285714285714286
Score of training 0.9875
Score of validation (classical) [0.7214285714285714, 0.8785714285714286, 0.8714285714285714, 0.44285714285714284]
Score of training (classical) [0.7625, 0.8803571428571428, 0.8732142857142857, 0.48035714285714287]
Sample 188
Take max_iter as  888
Score of validation 0.8142857142857143
Score of training 0.9982142857142857
Score of validation (classical) [0.75, 0.8428571428571429, 0.8642857142857143, 0.5428571428571428]
Score of training (classical) [0.7232142857142857, 0.875, 0.875, 0.4785714285714286]
Sample 189
Take max_iter as  935
Score of validation 0.9
Score of training 0.9910714285714286
Score of validation (classical) [0.7642857142857142, 0.8428571428571429, 0.8428571428571429, 0.5142857142857142]
Score of training (classical) [0.775, 0.9071428571428571, 0.8964285714285715, 0.5339285714285714]
Sample 190
Take max_iter as  950
Score of validation 0.8285714285714286
Score of training 0.9857142857142858
Score of validation (classical) [0.7428571428571429, 0.8357142857142857, 0.85, 0.4357142857142857]
Score of training (classical) [0.725, 0.8964285714285715, 0.8839285714285714, 0.48214285714285715]
Sample 191
Take max_iter as  938
Score of validation 0.7928571428571428
Score of training 0.9946428571428572
Score of validation (classical) [0.7071428571428572, 0.8642857142857143, 0.8285714285714286, 0.5571428571428572]
Score of training (classical) [0.7428571428571429, 0.8571428571428571, 0.8625, 0.5375]
Sample 192
Take max_iter as  957
Score of validation 0.8214285714285714
Score of training 0.9875
Score of validation (classical) [0.6714285714285714, 0.8357142857142857, 0.8214285714285714, 0.4642857142857143]
Score of training (classical) [0.7285714285714285, 0.8696428571428572, 0.8785714285714286, 0.5107142857142857]
Sample 193
Take max_iter as  923
Score of validation 0.8714285714285714
Score of training 0.9839285714285714
Score of validation (classical) [0.6571428571428571, 0.8285714285714286, 0.8285714285714286, 0.45]
Score of training (classical) [0.7642857142857142, 0.8785714285714286, 0.8839285714285714, 0.48214285714285715]
Sample 194
Take max_iter as  925
Score of validation 0.8
Score of training 0.9857142857142858
Score of validation (classical) [0.7428571428571429, 0.8285714285714286, 0.8142857142857143, 0.5571428571428572]
Score of training (classical) [0.7589285714285714, 0.8642857142857143, 0.8607142857142858, 0.5267857142857143]
Sample 195
Take max_iter as  936
Score of validation 0.8714285714285714
Score of training 0.9892857142857143
Score of validation (classical) [0.7214285714285714, 0.8, 0.8357142857142857, 0.45714285714285713]
Score of training (classical) [0.7375, 0.8696428571428572, 0.9053571428571429, 0.5017857142857143]
Sample 196
Take max_iter as  869
Score of validation 0.8428571428571429
Score of training 0.9875
Score of validation (classical) [0.7214285714285714, 0.8571428571428571, 0.8428571428571429, 0.6]
Score of training (classical) [0.7446428571428572, 0.9035714285714286, 0.8821428571428571, 0.4875]
Sample 197
Take max_iter as  883
Score of validation 0.8714285714285714
Score of training 0.9857142857142858
Score of validation (classical) [0.75, 0.85, 0.8785714285714286, 0.5214285714285715]
Score of training (classical) [0.7535714285714286, 0.8767857142857143, 0.8696428571428572, 0.4875]
Sample 198
Take max_iter as  910
Score of validation 0.85
Score of training 0.9892857142857143
Score of validation (classical) [0.7857142857142857, 0.8642857142857143, 0.8785714285714286, 0.4714285714285714]
Score of training (classical) [0.7339285714285714, 0.875, 0.8517857142857143, 0.4928571428571429]
Sample 199
Take max_iter as  905
Score of validation 0.8214285714285714
Score of training 0.9892857142857143
Score of validation (classical) [0.7357142857142858, 0.8285714285714286, 0.8142857142857143, 0.5714285714285714]
Score of training (classical) [0.7339285714285714, 0.8821428571428571, 0.8553571428571428, 0.5]
Sample 200
Take max_iter as  884
Score of validation 0.85
Score of training 0.9910714285714286
Score of validation (classical) [0.7071428571428572, 0.8714285714285714, 0.8785714285714286, 0.5]
Score of training (classical) [0.7232142857142857, 0.8767857142857143, 0.8767857142857143, 0.45535714285714285]
Sample 201
Take max_iter as  842
Score of validation 0.8357142857142857
Score of training 0.9910714285714286
Score of validation (classical) [0.7428571428571429, 0.8214285714285714, 0.85, 0.4357142857142857]
Score of training (classical) [0.7232142857142857, 0.8607142857142858, 0.8678571428571429, 0.4857142857142857]
Sample 202
Take max_iter as  931
Score of validation 0.8214285714285714
Score of training 0.9910714285714286
Score of validation (classical) [0.7571428571428571, 0.8428571428571429, 0.8785714285714286, 0.5357142857142857]
Score of training (classical) [0.7142857142857143, 0.8660714285714286, 0.8589285714285714, 0.4857142857142857]
Sample 203
Take max_iter as  913
Score of validation 0.85
Score of training 0.9892857142857143
Score of validation (classical) [0.7285714285714285, 0.8428571428571429, 0.8357142857142857, 0.5714285714285714]
Score of training (classical) [0.7267857142857143, 0.8732142857142857, 0.8767857142857143, 0.5732142857142857]
Sample 204
Take max_iter as  905
Score of validation 0.8
Score of training 0.9892857142857143
Score of validation (classical) [0.7, 0.8214285714285714, 0.8285714285714286, 0.44285714285714284]
Score of training (classical) [0.7303571428571428, 0.8892857142857142, 0.8875, 0.5017857142857143]
Sample 205
Take max_iter as  936
Score of validation 0.8214285714285714
Score of training 0.9821428571428571
Score of validation (classical) [0.7071428571428572, 0.85, 0.8214285714285714, 0.4642857142857143]
Score of training (classical) [0.7375, 0.8589285714285714, 0.8446428571428571, 0.5178571428571429]
Sample 206
Take max_iter as  923
Score of validation 0.8214285714285714
Score of training 0.9785714285714285
Score of validation (classical) [0.7142857142857143, 0.8142857142857143, 0.8214285714285714, 0.5285714285714286]
Score of training (classical) [0.7321428571428571, 0.8625, 0.8642857142857143, 0.5321428571428571]
Sample 207
Take max_iter as  920
Score of validation 0.8142857142857143
Score of training 0.9910714285714286
Score of validation (classical) [0.7428571428571429, 0.8285714285714286, 0.85, 0.4928571428571429]
Score of training (classical) [0.7392857142857143, 0.8857142857142857, 0.8875, 0.43392857142857144]
Sample 208
Take max_iter as  913
Score of validation 0.8357142857142857
Score of training 0.9928571428571429
Score of validation (classical) [0.7285714285714285, 0.8571428571428571, 0.8785714285714286, 0.45714285714285713]
Score of training (classical) [0.7071428571428572, 0.8571428571428571, 0.8535714285714285, 0.4714285714285714]
Sample 209
Take max_iter as  880
Score of validation 0.7714285714285715
Score of training 0.9892857142857143
Score of validation (classical) [0.7428571428571429, 0.8785714285714286, 0.8714285714285714, 0.5071428571428571]
Score of training (classical) [0.7392857142857143, 0.9178571428571428, 0.9053571428571429, 0.5]
Sample 210
Take max_iter as  893
Score of validation 0.8714285714285714
Score of training 0.9875
Score of validation (classical) [0.7214285714285714, 0.8142857142857143, 0.8214285714285714, 0.5428571428571428]
Score of training (classical) [0.7357142857142858, 0.85, 0.8553571428571428, 0.5267857142857143]
Sample 211
Take max_iter as  872
Score of validation 0.8142857142857143
Score of training 0.9857142857142858
Score of validation (classical) [0.75, 0.8142857142857143, 0.8071428571428572, 0.5428571428571428]
Score of training (classical) [0.7375, 0.8589285714285714, 0.8625, 0.4732142857142857]
Sample 212
Take max_iter as  847
Score of validation 0.8357142857142857
Score of training 0.9892857142857143
Score of validation (classical) [0.75, 0.85, 0.8428571428571429, 0.4857142857142857]
Score of training (classical) [0.7357142857142858, 0.8642857142857143, 0.8535714285714285, 0.4767857142857143]
Sample 213
Take max_iter as  972
Score of validation 0.7214285714285714
Score of training 0.9910714285714286
Score of validation (classical) [0.7071428571428572, 0.85, 0.8785714285714286, 0.5142857142857142]
Score of training (classical) [0.7196428571428571, 0.8607142857142858, 0.8553571428571428, 0.5089285714285714]
Sample 214
Take max_iter as  891
Score of validation 0.8857142857142857
Score of training 0.9910714285714286
Score of validation (classical) [0.7, 0.8357142857142857, 0.8428571428571429, 0.5]
Score of training (classical) [0.7482142857142857, 0.8857142857142857, 0.8678571428571429, 0.5035714285714286]
Sample 215
Take max_iter as  896
Score of validation 0.7714285714285715
Score of training 0.9910714285714286
Score of validation (classical) [0.8071428571428572, 0.8428571428571429, 0.8214285714285714, 0.5428571428571428]
Score of training (classical) [0.7607142857142857, 0.8892857142857142, 0.8875, 0.5125]
Sample 216
Take max_iter as  900
Score of validation 0.8642857142857143
Score of training 0.9910714285714286
Score of validation (classical) [0.75, 0.7928571428571428, 0.7785714285714286, 0.5142857142857142]
Score of training (classical) [0.7589285714285714, 0.8946428571428572, 0.8785714285714286, 0.5214285714285715]
Sample 217
Take max_iter as  935
Score of validation 0.8785714285714286
Score of training 0.9892857142857143
Score of validation (classical) [0.7714285714285715, 0.8642857142857143, 0.8571428571428571, 0.4785714285714286]
Score of training (classical) [0.7321428571428571, 0.8821428571428571, 0.8839285714285714, 0.5053571428571428]
Sample 218
Take max_iter as  911
Score of validation 0.8571428571428571
Score of training 0.9767857142857143
Score of validation (classical) [0.6857142857142857, 0.8571428571428571, 0.8785714285714286, 0.5]
Score of training (classical) [0.7053571428571429, 0.8857142857142857, 0.8696428571428572, 0.4589285714285714]
Sample 219
Take max_iter as  872
Score of validation 0.8357142857142857
Score of training 0.9839285714285714
Score of validation (classical) [0.7857142857142857, 0.8642857142857143, 0.8357142857142857, 0.45714285714285713]
Score of training (classical) [0.7571428571428571, 0.8553571428571428, 0.8464285714285714, 0.5339285714285714]
Sample 220
Take max_iter as  854
Score of validation 0.7857142857142857
Score of training 0.9803571428571428
Score of validation (classical) [0.6928571428571428, 0.8214285714285714, 0.7785714285714286, 0.4714285714285714]
Score of training (classical) [0.7446428571428572, 0.8625, 0.8464285714285714, 0.5285714285714286]
Sample 221
Take max_iter as  889
Score of validation 0.8857142857142857
Score of training 0.9910714285714286
Score of validation (classical) [0.7071428571428572, 0.8285714285714286, 0.8214285714285714, 0.45714285714285713]
Score of training (classical) [0.7482142857142857, 0.8785714285714286, 0.8625, 0.49464285714285716]
Sample 222
Take max_iter as  898
Score of validation 0.85
Score of training 0.9892857142857143
Score of validation (classical) [0.6857142857142857, 0.8571428571428571, 0.8642857142857143, 0.5071428571428571]
Score of training (classical) [0.7321428571428571, 0.8767857142857143, 0.8839285714285714, 0.5321428571428571]
Sample 223
Take max_iter as  871
Score of validation 0.8142857142857143
Score of training 0.9875
Score of validation (classical) [0.7, 0.85, 0.8214285714285714, 0.5714285714285714]
Score of training (classical) [0.7267857142857143, 0.8642857142857143, 0.8678571428571429, 0.6017857142857143]
Sample 224
Take max_iter as  917
Score of validation 0.8
Score of training 0.9946428571428572
Score of validation (classical) [0.7642857142857142, 0.9285714285714286, 0.9428571428571428, 0.5714285714285714]
Score of training (classical) [0.7321428571428571, 0.8660714285714286, 0.8571428571428571, 0.5357142857142857]
Sample 225
Take max_iter as  844
Score of validation 0.8214285714285714
Score of training 0.9839285714285714
Score of validation (classical) [0.75, 0.8714285714285714, 0.9, 0.5071428571428571]
Score of training (classical) [0.7392857142857143, 0.9035714285714286, 0.9035714285714286, 0.4785714285714286]
Sample 226
Take max_iter as  887
Score of validation 0.8142857142857143
Score of training 0.9875
Score of validation (classical) [0.6857142857142857, 0.8285714285714286, 0.8142857142857143, 0.5285714285714286]
Score of training (classical) [0.7339285714285714, 0.8696428571428572, 0.8660714285714286, 0.525]
Sample 227
Take max_iter as  911
Score of validation 0.7857142857142857
Score of training 0.9857142857142858
Score of validation (classical) [0.7357142857142858, 0.85, 0.8428571428571429, 0.5571428571428572]
Score of training (classical) [0.7339285714285714, 0.8928571428571429, 0.8821428571428571, 0.5089285714285714]
Sample 228
Take max_iter as  870
Score of validation 0.8428571428571429
Score of training 0.9910714285714286
Score of validation (classical) [0.7571428571428571, 0.9071428571428571, 0.8928571428571429, 0.6357142857142857]
Score of training (classical) [0.7321428571428571, 0.8767857142857143, 0.8607142857142858, 0.5410714285714285]
Sample 229
Take max_iter as  949
Score of validation 0.8142857142857143
Score of training 0.9839285714285714
Score of validation (classical) [0.7142857142857143, 0.7785714285714286, 0.7714285714285715, 0.5214285714285715]
Score of training (classical) [0.7517857142857143, 0.875, 0.8714285714285714, 0.5178571428571429]
Sample 230
Take max_iter as  873
Score of validation 0.8071428571428572
Score of training 0.9964285714285714
Score of validation (classical) [0.7285714285714285, 0.8142857142857143, 0.8142857142857143, 0.55]
Score of training (classical) [0.7375, 0.875, 0.8589285714285714, 0.49642857142857144]
Sample 231
Take max_iter as  878
Score of validation 0.8214285714285714
Score of training 0.9892857142857143
Score of validation (classical) [0.7785714285714286, 0.8357142857142857, 0.8214285714285714, 0.5714285714285714]
Score of training (classical) [0.7232142857142857, 0.8732142857142857, 0.8678571428571429, 0.5392857142857143]
Sample 232
Take max_iter as  898
Score of validation 0.7571428571428571
Score of training 0.9839285714285714
Score of validation (classical) [0.6928571428571428, 0.8571428571428571, 0.8428571428571429, 0.4928571428571429]
Score of training (classical) [0.7464285714285714, 0.8839285714285714, 0.8821428571428571, 0.49464285714285716]
Sample 233
Take max_iter as  961
Score of validation 0.8285714285714286
Score of training 0.9875
Score of validation (classical) [0.7571428571428571, 0.8714285714285714, 0.8857142857142857, 0.4857142857142857]
Score of training (classical) [0.7089285714285715, 0.8392857142857143, 0.8321428571428572, 0.49107142857142855]
Sample 234
Take max_iter as  872
Score of validation 0.8285714285714286
Score of training 0.9928571428571429
Score of validation (classical) [0.6714285714285714, 0.8714285714285714, 0.8642857142857143, 0.42142857142857143]
Score of training (classical) [0.7285714285714285, 0.8892857142857142, 0.8803571428571428, 0.5392857142857143]
Sample 235
Take max_iter as  882
Score of validation 0.8214285714285714
Score of training 0.9875
Score of validation (classical) [0.7357142857142858, 0.8, 0.8285714285714286, 0.55]
Score of training (classical) [0.7482142857142857, 0.8535714285714285, 0.8517857142857143, 0.4767857142857143]
Sample 236
Take max_iter as  867
Score of validation 0.8071428571428572
Score of training 0.9910714285714286
Score of validation (classical) [0.7642857142857142, 0.8214285714285714, 0.8, 0.6142857142857143]
Score of training (classical) [0.7535714285714286, 0.8839285714285714, 0.8696428571428572, 0.5160714285714286]
Sample 237
Take max_iter as  892
Score of validation 0.8
Score of training 0.9839285714285714
Score of validation (classical) [0.7428571428571429, 0.8571428571428571, 0.8571428571428571, 0.6]
Score of training (classical) [0.7660714285714286, 0.9035714285714286, 0.9053571428571429, 0.5035714285714286]
Sample 238
Take max_iter as  1031
Score of validation 0.7857142857142857
Score of training 0.9946428571428572
Score of validation (classical) [0.6928571428571428, 0.8857142857142857, 0.8642857142857143, 0.5714285714285714]
Score of training (classical) [0.775, 0.9178571428571428, 0.9071428571428571, 0.6160714285714286]
Sample 239
Take max_iter as  900
Score of validation 0.8428571428571429
Score of training 0.9964285714285714
Score of validation (classical) [0.6857142857142857, 0.85, 0.8285714285714286, 0.5214285714285715]
Score of training (classical) [0.7535714285714286, 0.8964285714285715, 0.8857142857142857, 0.5642857142857143]
Sample 240
Take max_iter as  894
Score of validation 0.8714285714285714
Score of training 0.9910714285714286
Score of validation (classical) [0.7428571428571429, 0.8571428571428571, 0.8642857142857143, 0.6142857142857143]
Score of training (classical) [0.7482142857142857, 0.8660714285714286, 0.8696428571428572, 0.5446428571428571]
Sample 241
Take max_iter as  912
Score of validation 0.8142857142857143
Score of training 0.9928571428571429
Score of validation (classical) [0.7, 0.8214285714285714, 0.7857142857142857, 0.5]
Score of training (classical) [0.7392857142857143, 0.8928571428571429, 0.8857142857142857, 0.48928571428571427]
Sample 242
Take max_iter as  915
Score of validation 0.8285714285714286
Score of training 0.9928571428571429
Score of validation (classical) [0.7785714285714286, 0.8928571428571429, 0.8928571428571429, 0.5]
Score of training (classical) [0.7642857142857142, 0.8892857142857142, 0.8678571428571429, 0.4785714285714286]
Sample 243
Take max_iter as  864
Score of validation 0.8428571428571429
Score of training 0.9857142857142858
Score of validation (classical) [0.7428571428571429, 0.8428571428571429, 0.8428571428571429, 0.55]
Score of training (classical) [0.7232142857142857, 0.8696428571428572, 0.8571428571428571, 0.5035714285714286]
Sample 244
Take max_iter as  894
Score of validation 0.8214285714285714
Score of training 0.9928571428571429
Score of validation (classical) [0.7714285714285715, 0.7785714285714286, 0.8, 0.42142857142857143]
Score of training (classical) [0.7160714285714286, 0.9107142857142857, 0.9, 0.4857142857142857]
Sample 245
Take max_iter as  869
Score of validation 0.8428571428571429
Score of training 0.9857142857142858
Score of validation (classical) [0.75, 0.8857142857142857, 0.8714285714285714, 0.55]
Score of training (classical) [0.7482142857142857, 0.8678571428571429, 0.8482142857142857, 0.4607142857142857]
Sample 246
Take max_iter as  911
Score of validation 0.85
Score of training 0.9892857142857143
Score of validation (classical) [0.7785714285714286, 0.8642857142857143, 0.8571428571428571, 0.5714285714285714]
Score of training (classical) [0.7446428571428572, 0.8732142857142857, 0.8642857142857143, 0.45714285714285713]
Sample 247
Take max_iter as  846
Score of validation 0.8428571428571429
Score of training 0.9857142857142858
Score of validation (classical) [0.7428571428571429, 0.8714285714285714, 0.8214285714285714, 0.4928571428571429]
Score of training (classical) [0.7446428571428572, 0.9, 0.8785714285714286, 0.5428571428571428]
Sample 248
Take max_iter as  907
Score of validation 0.8071428571428572
Score of training 0.9857142857142858
Score of validation (classical) [0.7642857142857142, 0.85, 0.8357142857142857, 0.5071428571428571]
Score of training (classical) [0.775, 0.8803571428571428, 0.8732142857142857, 0.45714285714285713]
Sample 249
Take max_iter as  883
Score of validation 0.8714285714285714
Score of training 0.9875
Score of validation (classical) [0.7642857142857142, 0.8571428571428571, 0.8428571428571429, 0.42142857142857143]
Score of training (classical) [0.7482142857142857, 0.8642857142857143, 0.8607142857142858, 0.5303571428571429]
Sample 250
Take max_iter as  879
Score of validation 0.8714285714285714
Score of training 0.9857142857142858
Score of validation (classical) [0.7571428571428571, 0.8357142857142857, 0.8428571428571429, 0.44285714285714284]
Score of training (classical) [0.7107142857142857, 0.8660714285714286, 0.8785714285714286, 0.4767857142857143]
Sample 251
Take max_iter as  879
Score of validation 0.8214285714285714
Score of training 0.9892857142857143
Score of validation (classical) [0.7142857142857143, 0.8785714285714286, 0.8785714285714286, 0.5214285714285715]
Score of training (classical) [0.7232142857142857, 0.8928571428571429, 0.8732142857142857, 0.48214285714285715]
Sample 252
Take max_iter as  983
Score of validation 0.7857142857142857
Score of training 0.9892857142857143
Score of validation (classical) [0.7214285714285714, 0.8428571428571429, 0.8571428571428571, 0.5071428571428571]
Score of training (classical) [0.7017857142857142, 0.8625, 0.8732142857142857, 0.4982142857142857]
Sample 253
Take max_iter as  925
Score of validation 0.8357142857142857
Score of training 0.9857142857142858
Score of validation (classical) [0.7571428571428571, 0.8285714285714286, 0.85, 0.4785714285714286]
Score of training (classical) [0.7232142857142857, 0.8982142857142857, 0.8678571428571429, 0.46785714285714286]
Sample 254
Take max_iter as  953
Score of validation 0.8357142857142857
Score of training 0.9875
Score of validation (classical) [0.65, 0.75, 0.7642857142857142, 0.5285714285714286]
Score of training (classical) [0.7571428571428571, 0.8857142857142857, 0.8625, 0.49464285714285716]
Sample 255
Take max_iter as  899
Score of validation 0.8285714285714286
Score of training 0.9928571428571429
Score of validation (classical) [0.6714285714285714, 0.8214285714285714, 0.8, 0.4714285714285714]
Score of training (classical) [0.7285714285714285, 0.8875, 0.875, 0.49642857142857144]
Sample 256
Take max_iter as  854
Score of validation 0.8285714285714286
Score of training 0.9875
Score of validation (classical) [0.7214285714285714, 0.8357142857142857, 0.8285714285714286, 0.4857142857142857]
Score of training (classical) [0.7732142857142857, 0.8839285714285714, 0.8625, 0.5375]
Sample 257
Take max_iter as  924
Score of validation 0.8071428571428572
Score of training 0.9875
Score of validation (classical) [0.7357142857142858, 0.8357142857142857, 0.8285714285714286, 0.5571428571428572]
Score of training (classical) [0.7660714285714286, 0.8839285714285714, 0.8607142857142858, 0.5285714285714286]
Sample 258
Take max_iter as  906
Score of validation 0.8071428571428572
Score of training 0.9857142857142858
Score of validation (classical) [0.7642857142857142, 0.85, 0.8357142857142857, 0.5142857142857142]
Score of training (classical) [0.7303571428571428, 0.8910714285714286, 0.8803571428571428, 0.5285714285714286]
Sample 259
Take max_iter as  953
Score of validation 0.8428571428571429
Score of training 0.9910714285714286
Score of validation (classical) [0.7357142857142858, 0.8285714285714286, 0.8214285714285714, 0.55]
Score of training (classical) [0.6946428571428571, 0.8892857142857142, 0.8857142857142857, 0.4714285714285714]
Sample 260
Take max_iter as  887
Score of validation 0.9
Score of training 0.9821428571428571
Score of validation (classical) [0.7357142857142858, 0.8357142857142857, 0.8642857142857143, 0.55]
Score of training (classical) [0.75, 0.8857142857142857, 0.8821428571428571, 0.5589285714285714]
Sample 261
Take max_iter as  914
Score of validation 0.8
Score of training 0.9910714285714286
Score of validation (classical) [0.6857142857142857, 0.8285714285714286, 0.8, 0.4785714285714286]
Score of training (classical) [0.7571428571428571, 0.9035714285714286, 0.9, 0.5071428571428571]
Sample 262
Take max_iter as  891
Score of validation 0.7928571428571428
Score of training 0.9857142857142858
Score of validation (classical) [0.7357142857142858, 0.8, 0.8142857142857143, 0.5571428571428572]
Score of training (classical) [0.7357142857142858, 0.8875, 0.8642857142857143, 0.5125]
Sample 263
Take max_iter as  955
Score of validation 0.8285714285714286
Score of training 0.9946428571428572
Score of validation (classical) [0.6714285714285714, 0.8214285714285714, 0.8142857142857143, 0.45]
Score of training (classical) [0.7464285714285714, 0.8785714285714286, 0.8589285714285714, 0.5375]
Sample 264
Take max_iter as  878
Score of validation 0.8928571428571429
Score of training 0.9821428571428571
Score of validation (classical) [0.7571428571428571, 0.8642857142857143, 0.8785714285714286, 0.4714285714285714]
Score of training (classical) [0.7357142857142858, 0.8767857142857143, 0.8785714285714286, 0.5017857142857143]
Sample 265
Take max_iter as  945
Score of validation 0.8357142857142857
Score of training 0.9910714285714286
Score of validation (classical) [0.6785714285714286, 0.8428571428571429, 0.8428571428571429, 0.5357142857142857]
Score of training (classical) [0.7553571428571428, 0.8821428571428571, 0.8696428571428572, 0.5142857142857142]
Sample 266
Take max_iter as  913
Score of validation 0.85
Score of training 0.9875
Score of validation (classical) [0.75, 0.8928571428571429, 0.8928571428571429, 0.5357142857142857]
Score of training (classical) [0.7107142857142857, 0.8892857142857142, 0.8678571428571429, 0.4857142857142857]
Sample 267
Take max_iter as  962
Score of validation 0.85
Score of training 0.9928571428571429
Score of validation (classical) [0.7428571428571429, 0.8928571428571429, 0.8714285714285714, 0.5071428571428571]
Score of training (classical) [0.7214285714285714, 0.8714285714285714, 0.8482142857142857, 0.5214285714285715]
Sample 268
Take max_iter as  967
Score of validation 0.8285714285714286
Score of training 0.9857142857142858
Score of validation (classical) [0.7071428571428572, 0.8142857142857143, 0.8142857142857143, 0.5714285714285714]
Score of training (classical) [0.75, 0.875, 0.8696428571428572, 0.4982142857142857]
Sample 269
Take max_iter as  964
Score of validation 0.8857142857142857
Score of training 0.9875
Score of validation (classical) [0.7857142857142857, 0.8714285714285714, 0.8785714285714286, 0.5928571428571429]
Score of training (classical) [0.7196428571428571, 0.9, 0.9017857142857143, 0.5410714285714285]
Sample 270
Take max_iter as  847
Score of validation 0.7785714285714286
Score of training 0.9875
Score of validation (classical) [0.7214285714285714, 0.7928571428571428, 0.7785714285714286, 0.5142857142857142]
Score of training (classical) [0.7535714285714286, 0.8839285714285714, 0.8767857142857143, 0.4625]
Sample 271
Take max_iter as  931
Score of validation 0.8642857142857143
Score of training 0.9875
Score of validation (classical) [0.7071428571428572, 0.8785714285714286, 0.8285714285714286, 0.4857142857142857]
Score of training (classical) [0.7517857142857143, 0.8785714285714286, 0.8535714285714285, 0.4928571428571429]
Sample 272
Take max_iter as  927
Score of validation 0.8642857142857143
Score of training 0.9875
Score of validation (classical) [0.7928571428571428, 0.85, 0.8571428571428571, 0.5928571428571429]
Score of training (classical) [0.7714285714285715, 0.875, 0.8625, 0.5107142857142857]
Sample 273
Take max_iter as  891
Score of validation 0.8428571428571429
Score of training 0.9946428571428572
Score of validation (classical) [0.7714285714285715, 0.8285714285714286, 0.8428571428571429, 0.5857142857142857]
Score of training (classical) [0.7553571428571428, 0.8607142857142858, 0.8446428571428571, 0.5303571428571429]
Sample 274
Take max_iter as  862
Score of validation 0.7857142857142857
Score of training 0.9892857142857143
Score of validation (classical) [0.7142857142857143, 0.8071428571428572, 0.8285714285714286, 0.5785714285714286]
Score of training (classical) [0.7517857142857143, 0.8857142857142857, 0.875, 0.49107142857142855]
Sample 275
Take max_iter as  854
Score of validation 0.8714285714285714
Score of training 0.9803571428571428
Score of validation (classical) [0.6785714285714286, 0.9, 0.8642857142857143, 0.5071428571428571]
Score of training (classical) [0.7125, 0.8875, 0.8642857142857143, 0.4928571428571429]
Sample 276
Take max_iter as  946
Score of validation 0.8285714285714286
Score of training 0.9928571428571429
Score of validation (classical) [0.7214285714285714, 0.8571428571428571, 0.8214285714285714, 0.4785714285714286]
Score of training (classical) [0.7232142857142857, 0.8607142857142858, 0.8625, 0.5053571428571428]
Sample 277
Take max_iter as  884
Score of validation 0.8071428571428572
Score of training 0.9982142857142857
Score of validation (classical) [0.7857142857142857, 0.8714285714285714, 0.8571428571428571, 0.5]
Score of training (classical) [0.7607142857142857, 0.8875, 0.8821428571428571, 0.4642857142857143]
Sample 278
Take max_iter as  843
Score of validation 0.8214285714285714
Score of training 0.9821428571428571
Score of validation (classical) [0.6928571428571428, 0.8857142857142857, 0.8571428571428571, 0.44285714285714284]
Score of training (classical) [0.7303571428571428, 0.85, 0.8428571428571429, 0.4875]
Sample 279
Take max_iter as  947
Score of validation 0.8214285714285714
Score of training 0.9892857142857143
Score of validation (classical) [0.7428571428571429, 0.8428571428571429, 0.8285714285714286, 0.5428571428571428]
Score of training (classical) [0.7678571428571429, 0.8696428571428572, 0.8553571428571428, 0.5214285714285715]
Sample 280
Take max_iter as  904
Score of validation 0.8642857142857143
Score of training 0.9928571428571429
Score of validation (classical) [0.7142857142857143, 0.8571428571428571, 0.8428571428571429, 0.5142857142857142]
Score of training (classical) [0.7607142857142857, 0.8589285714285714, 0.8589285714285714, 0.525]
Sample 281
Take max_iter as  903
Score of validation 0.8357142857142857
Score of training 0.9875
Score of validation (classical) [0.7071428571428572, 0.8642857142857143, 0.8571428571428571, 0.4857142857142857]
Score of training (classical) [0.75, 0.8785714285714286, 0.8785714285714286, 0.5303571428571429]
Sample 282
Take max_iter as  964
Score of validation 0.8428571428571429
Score of training 0.9821428571428571
Score of validation (classical) [0.7071428571428572, 0.7857142857142857, 0.7857142857142857, 0.4785714285714286]
Score of training (classical) [0.7589285714285714, 0.8678571428571429, 0.8464285714285714, 0.49107142857142855]
Sample 283
Take max_iter as  879
Score of validation 0.7571428571428571
Score of training 0.9875
Score of validation (classical) [0.7285714285714285, 0.85, 0.8428571428571429, 0.5428571428571428]
Score of training (classical) [0.7321428571428571, 0.8642857142857143, 0.8642857142857143, 0.5660714285714286]
Sample 284
Take max_iter as  895
Score of validation 0.8428571428571429
Score of training 0.9839285714285714
Score of validation (classical) [0.7214285714285714, 0.8571428571428571, 0.8357142857142857, 0.5142857142857142]
Score of training (classical) [0.7732142857142857, 0.8517857142857143, 0.8535714285714285, 0.5142857142857142]
Sample 285
Take max_iter as  880
Score of validation 0.8571428571428571
Score of training 0.9857142857142858
Score of validation (classical) [0.8071428571428572, 0.9071428571428571, 0.9071428571428571, 0.5071428571428571]
Score of training (classical) [0.7285714285714285, 0.8767857142857143, 0.8732142857142857, 0.4767857142857143]
Sample 286
Take max_iter as  851
Score of validation 0.8428571428571429
Score of training 0.9821428571428571
Score of validation (classical) [0.7714285714285715, 0.85, 0.8571428571428571, 0.5428571428571428]
Score of training (classical) [0.7410714285714286, 0.8482142857142857, 0.8517857142857143, 0.5160714285714286]
Sample 287
Take max_iter as  972
Score of validation 0.8642857142857143
Score of training 0.9910714285714286
Score of validation (classical) [0.7214285714285714, 0.8571428571428571, 0.8214285714285714, 0.5357142857142857]
Score of training (classical) [0.7678571428571429, 0.8571428571428571, 0.8482142857142857, 0.49642857142857144]
Sample 288
Take max_iter as  891
Score of validation 0.8428571428571429
Score of training 0.9910714285714286
Score of validation (classical) [0.7571428571428571, 0.8642857142857143, 0.85, 0.5357142857142857]
Score of training (classical) [0.7482142857142857, 0.8571428571428571, 0.8571428571428571, 0.5232142857142857]
Sample 289
Take max_iter as  902
Score of validation 0.8571428571428571
Score of training 0.9839285714285714
Score of validation (classical) [0.7071428571428572, 0.85, 0.8214285714285714, 0.55]
Score of training (classical) [0.7339285714285714, 0.8785714285714286, 0.8696428571428572, 0.5267857142857143]
Sample 290
Take max_iter as  930
Score of validation 0.8357142857142857
Score of training 0.9928571428571429
Score of validation (classical) [0.7071428571428572, 0.85, 0.8214285714285714, 0.42857142857142855]
Score of training (classical) [0.7375, 0.8589285714285714, 0.8535714285714285, 0.5214285714285715]
Sample 291
Take max_iter as  876
Score of validation 0.7285714285714285
Score of training 0.9875
Score of validation (classical) [0.6285714285714286, 0.7357142857142858, 0.7571428571428571, 0.5785714285714286]
Score of training (classical) [0.7375, 0.8803571428571428, 0.8767857142857143, 0.5571428571428572]
Sample 292
Take max_iter as  916
Score of validation 0.8428571428571429
Score of training 0.9875
Score of validation (classical) [0.75, 0.8142857142857143, 0.8, 0.4785714285714286]
Score of training (classical) [0.7517857142857143, 0.8857142857142857, 0.8696428571428572, 0.4732142857142857]
Sample 293
Take max_iter as  885
Score of validation 0.7785714285714286
Score of training 0.9839285714285714
Score of validation (classical) [0.6785714285714286, 0.7785714285714286, 0.7714285714285715, 0.4642857142857143]
Score of training (classical) [0.7589285714285714, 0.8678571428571429, 0.8660714285714286, 0.48214285714285715]
Sample 294
Take max_iter as  995
Score of validation 0.75
Score of training 0.9910714285714286
Score of validation (classical) [0.6714285714285714, 0.85, 0.85, 0.45]
Score of training (classical) [0.7410714285714286, 0.8553571428571428, 0.8464285714285714, 0.5553571428571429]
Sample 295
Take max_iter as  884
Score of validation 0.8142857142857143
Score of training 0.9857142857142858
Score of validation (classical) [0.6714285714285714, 0.8214285714285714, 0.8214285714285714, 0.4928571428571429]
Score of training (classical) [0.7303571428571428, 0.8642857142857143, 0.8571428571428571, 0.5428571428571428]
Sample 296
Take max_iter as  906
Score of validation 0.8142857142857143
Score of training 0.9892857142857143
Score of validation (classical) [0.7142857142857143, 0.8, 0.7714285714285715, 0.4928571428571429]
Score of training (classical) [0.75, 0.8892857142857142, 0.8857142857142857, 0.5142857142857142]
Sample 297
Take max_iter as  971
Score of validation 0.8357142857142857
Score of training 0.9875
Score of validation (classical) [0.7214285714285714, 0.8285714285714286, 0.8285714285714286, 0.4857142857142857]
Score of training (classical) [0.7392857142857143, 0.8696428571428572, 0.8803571428571428, 0.475]
Sample 298
Take max_iter as  892
Score of validation 0.8571428571428571
Score of training 0.9910714285714286
Score of validation (classical) [0.7785714285714286, 0.8714285714285714, 0.8714285714285714, 0.5357142857142857]
Score of training (classical) [0.7482142857142857, 0.8696428571428572, 0.8607142857142858, 0.4785714285714286]
Sample 299
Take max_iter as  880
Score of validation 0.8714285714285714
Score of training 0.9875
Score of validation (classical) [0.7357142857142858, 0.8857142857142857, 0.8785714285714286, 0.5071428571428571]
Score of training (classical) [0.7107142857142857, 0.8446428571428571, 0.8464285714285714, 0.48035714285714287]
