noise_test 2
2 circular 1
Attempt  0
Score of validation 0.7410358565737052
Score of training 0.7402597402597403
Score of validation (classical) [0.6932270916334662, 0.6334661354581673, 0.749003984063745, 0.6613545816733067]
Score of training (classical) [0.7092907092907093, 0.6243756243756243, 0.7452547452547452, 0.6453546453546454]
Attempt  1
Score of validation 0.7171314741035857
Score of training 0.7522477522477522
Score of validation (classical) [0.6772908366533864, 0.649402390438247, 0.7131474103585658, 0.6334661354581673]
Score of training (classical) [0.7062937062937062, 0.6633366633366633, 0.7472527472527473, 0.6533466533466533]
Attempt  2
Score of validation 0.749003984063745
Score of training 0.7462537462537463
Score of validation (classical) [0.7051792828685259, 0.6733067729083665, 0.749003984063745, 0.6733067729083665]
Score of training (classical) [0.7042957042957043, 0.6643356643356644, 0.7362637362637363, 0.6363636363636364]
Attempt  3
Score of validation 0.7250996015936255
Score of training 0.7442557442557443
Score of validation (classical) [0.6693227091633466, 0.649402390438247, 0.701195219123506, 0.6653386454183267]
Score of training (classical) [0.7092907092907093, 0.6493506493506493, 0.7512487512487512, 0.6483516483516484]
Attempt  4
Score of validation 0.6972111553784861
Score of training 0.7492507492507493
Score of validation (classical) [0.6374501992031872, 0.6135458167330677, 0.6812749003984063, 0.5298804780876494]
Score of training (classical) [0.7182817182817183, 0.6603396603396603, 0.7572427572427572, 0.5604395604395604]
Attempt  5
Score of validation 0.7649402390438247
Score of training 0.7292707292707292
Score of validation (classical) [0.7211155378486056, 0.6693227091633466, 0.7450199203187251, 0.649402390438247]
Score of training (classical) [0.7052947052947053, 0.6543456543456544, 0.7502497502497503, 0.6503496503496503]
Attempt  6
Score of validation 0.7330677290836654
Score of training 0.7512487512487512
Score of validation (classical) [0.7091633466135459, 0.6533864541832669, 0.7171314741035857, 0.6693227091633466]
Score of training (classical) [0.6993006993006993, 0.6563436563436563, 0.7482517482517482, 0.6523476523476524]
Attempt  7
Score of validation 0.7091633466135459
Score of training 0.7422577422577422
Score of validation (classical) [0.6812749003984063, 0.6175298804780877, 0.7370517928286853, 0.5617529880478087]
Score of training (classical) [0.7032967032967034, 0.6423576423576424, 0.7522477522477522, 0.5444555444555444]
Attempt  8
Score of validation 0.7330677290836654
Score of training 0.7422577422577422
Score of validation (classical) [0.6972111553784861, 0.6454183266932271, 0.7290836653386454, 0.6135458167330677]
Score of training (classical) [0.7092907092907093, 0.6543456543456544, 0.7382617382617382, 0.6623376623376623]
Attempt  9
Score of validation 0.7370517928286853
Score of training 0.7442557442557443
Score of validation (classical) [0.6932270916334662, 0.6693227091633466, 0.7370517928286853, 0.6254980079681275]
Score of training (classical) [0.7022977022977023, 0.6493506493506493, 0.7612387612387612, 0.6443556443556444]
Attempt  10
Score of validation 0.7689243027888446
Score of training 0.7412587412587412
Score of validation (classical) [0.7529880478087649, 0.7091633466135459, 0.7848605577689243, 0.7211155378486056]
Score of training (classical) [0.6913086913086913, 0.6433566433566433, 0.7362637362637363, 0.6273726273726273]
Attempt  11
Score of validation 0.749003984063745
Score of training 0.7392607392607392
Score of validation (classical) [0.7290836653386454, 0.6135458167330677, 0.7529880478087649, 0.6932270916334662]
Score of training (classical) [0.6973026973026973, 0.6233766233766234, 0.7362637362637363, 0.6543456543456544]
Attempt  12
Score of validation 0.6852589641434262
Score of training 0.7492507492507493
Score of validation (classical) [0.6573705179282868, 0.5936254980079682, 0.6852589641434262, 0.6254980079681275]
Score of training (classical) [0.7152847152847153, 0.6573426573426573, 0.7632367632367633, 0.6583416583416584]
Attempt  13
Score of validation 0.7330677290836654
Score of training 0.7542457542457542
Score of validation (classical) [0.7051792828685259, 0.6892430278884463, 0.7290836653386454, 0.5258964143426295]
Score of training (classical) [0.7072927072927073, 0.6503496503496503, 0.7322677322677322, 0.5634365634365635]
Attempt  14
Score of validation 0.7370517928286853
Score of training 0.7422577422577422
Score of validation (classical) [0.7051792828685259, 0.5776892430278885, 0.7211155378486056, 0.6733067729083665]
Score of training (classical) [0.7072927072927073, 0.6633366633366633, 0.7592407592407593, 0.6383616383616384]
Attempt  15
Score of validation 0.7370517928286853
Score of training 0.7372627372627373
Score of validation (classical) [0.7051792828685259, 0.6334661354581673, 0.7450199203187251, 0.5936254980079682]
Score of training (classical) [0.7092907092907093, 0.6473526473526473, 0.7472527472527473, 0.6523476523476524]
Attempt  16
Score of validation 0.7649402390438247
Score of training 0.7412587412587412
Score of validation (classical) [0.749003984063745, 0.6892430278884463, 0.7529880478087649, 0.601593625498008]
Score of training (classical) [0.6913086913086913, 0.6523476523476524, 0.7492507492507493, 0.6413586413586414]
Attempt  17
Score of validation 0.7171314741035857
Score of training 0.7502497502497503
Score of validation (classical) [0.6892430278884463, 0.6414342629482072, 0.7211155378486056, 0.6613545816733067]
Score of training (classical) [0.7062937062937062, 0.6613386613386614, 0.7522477522477522, 0.6563436563436563]
Attempt  18
Score of validation 0.7370517928286853
Score of training 0.7422577422577422
Score of validation (classical) [0.7211155378486056, 0.6135458167330677, 0.7410358565737052, 0.6414342629482072]
Score of training (classical) [0.7022977022977023, 0.6313686313686314, 0.7482517482517482, 0.6473526473526473]
Attempt  19
Score of validation 0.6892430278884463
Score of training 0.7492507492507493
Score of validation (classical) [0.6653386454183267, 0.649402390438247, 0.6932270916334662, 0.6254980079681275]
Score of training (classical) [0.7132867132867133, 0.6673326673326674, 0.7442557442557443, 0.6743256743256744]
Attempt  20
Score of validation 0.7569721115537849
Score of training 0.7462537462537463
Score of validation (classical) [0.701195219123506, 0.6533864541832669, 0.749003984063745, 0.6573705179282868]
Score of training (classical) [0.7022977022977023, 0.6603396603396603, 0.7352647352647352, 0.6603396603396603]
Attempt  21
Score of validation 0.7051792828685259
Score of training 0.7452547452547452
Score of validation (classical) [0.7051792828685259, 0.7131474103585658, 0.7370517928286853, 0.5657370517928287]
Score of training (classical) [0.7032967032967034, 0.6443556443556444, 0.7482517482517482, 0.5384615384615384]
Attempt  22
Score of validation 0.749003984063745
Score of training 0.7322677322677322
Score of validation (classical) [0.701195219123506, 0.6215139442231076, 0.7450199203187251, 0.5298804780876494]
Score of training (classical) [0.7072927072927073, 0.6433566433566433, 0.7502497502497503, 0.5594405594405595]
Attempt  23
Score of validation 0.6972111553784861
Score of training 0.7502497502497503
Score of validation (classical) [0.6733067729083665, 0.6533864541832669, 0.7131474103585658, 0.5976095617529881]
Score of training (classical) [0.7122877122877123, 0.6693306693306693, 0.7572427572427572, 0.6523476523476524]
Attempt  24
Score of validation 0.7529880478087649
Score of training 0.7412587412587412
Score of validation (classical) [0.6932270916334662, 0.6454183266932271, 0.7569721115537849, 0.5816733067729084]
Score of training (classical) [0.7002997002997003, 0.6593406593406593, 0.7492507492507493, 0.5384615384615384]
Attempt  25
Score of validation 0.7569721115537849
Score of training 0.7452547452547452
Score of validation (classical) [0.7131474103585658, 0.6414342629482072, 0.7569721115537849, 0.6653386454183267]
Score of training (classical) [0.7002997002997003, 0.6393606393606394, 0.7442557442557443, 0.6553446553446554]
Attempt  26
Score of validation 0.6972111553784861
Score of training 0.7462537462537463
Score of validation (classical) [0.6693227091633466, 0.6414342629482072, 0.7051792828685259, 0.6254980079681275]
Score of training (classical) [0.7162837162837162, 0.6543456543456544, 0.7482517482517482, 0.6623376623376623]
Attempt  27
Score of validation 0.7131474103585658
Score of training 0.7302697302697303
Score of validation (classical) [0.701195219123506, 0.701195219123506, 0.7250996015936255, 0.4820717131474104]
Score of training (classical) [0.7052947052947053, 0.6473526473526473, 0.7422577422577422, 0.5654345654345654]
Attempt  28
Score of validation 0.7330677290836654
Score of training 0.7342657342657343
Score of validation (classical) [0.7091633466135459, 0.6772908366533864, 0.7569721115537849, 0.5617529880478087]
Score of training (classical) [0.6993006993006993, 0.6413586413586414, 0.7492507492507493, 0.5354645354645354]
Attempt  29
Score of validation 0.701195219123506
Score of training 0.7592407592407593
Score of validation (classical) [0.7131474103585658, 0.6254980079681275, 0.7131474103585658, 0.6454183266932271]
Score of training (classical) [0.7072927072927073, 0.6383616383616384, 0.7542457542457542, 0.6463536463536463]
Attempt  30
Score of validation 0.7569721115537849
Score of training 0.7422577422577422
Score of validation (classical) [0.6892430278884463, 0.649402390438247, 0.7529880478087649, 0.6892430278884463]
Score of training (classical) [0.7072927072927073, 0.6573426573426573, 0.7432567432567433, 0.6573426573426573]
Attempt  31
Score of validation 0.7171314741035857
Score of training 0.7422577422577422
Score of validation (classical) [0.701195219123506, 0.6414342629482072, 0.7290836653386454, 0.6254980079681275]
Score of training (classical) [0.7012987012987013, 0.6703296703296703, 0.7562437562437563, 0.6563436563436563]
Attempt  32
Score of validation 0.7330677290836654
Score of training 0.7402597402597403
Score of validation (classical) [0.6932270916334662, 0.6175298804780877, 0.7250996015936255, 0.6573705179282868]
Score of training (classical) [0.7042957042957043, 0.6273726273726273, 0.7522477522477522, 0.6503496503496503]
Attempt  33
Score of validation 0.749003984063745
Score of training 0.7362637362637363
Score of validation (classical) [0.7051792828685259, 0.5856573705179283, 0.7410358565737052, 0.6374501992031872]
Score of training (classical) [0.7102897102897103, 0.6513486513486514, 0.7532467532467533, 0.6453546453546454]
Attempt  34
Score of validation 0.7330677290836654
Score of training 0.7412587412587412
Score of validation (classical) [0.6892430278884463, 0.5856573705179283, 0.7330677290836654, 0.6693227091633466]
Score of training (classical) [0.7132867132867133, 0.6553446553446554, 0.7442557442557443, 0.6523476523476524]
Attempt  35
Score of validation 0.7410358565737052
Score of training 0.7402597402597403
Score of validation (classical) [0.7051792828685259, 0.6653386454183267, 0.749003984063745, 0.649402390438247]
Score of training (classical) [0.7052947052947053, 0.6603396603396603, 0.7382617382617382, 0.6443556443556444]
Attempt  36
Score of validation 0.7370517928286853
Score of training 0.7462537462537463
Score of validation (classical) [0.7051792828685259, 0.601593625498008, 0.7450199203187251, 0.6932270916334662]
Score of training (classical) [0.6993006993006993, 0.6363636363636364, 0.7402597402597403, 0.6523476523476524]
Attempt  37
Score of validation 0.701195219123506
Score of training 0.7592407592407593
Score of validation (classical) [0.6693227091633466, 0.6095617529880478, 0.7091633466135459, 0.6294820717131474]
Score of training (classical) [0.7092907092907093, 0.6703296703296703, 0.7542457542457542, 0.6673326673326674]
Attempt  38
Score of validation 0.7609561752988048
Score of training 0.7462537462537463
Score of validation (classical) [0.7171314741035857, 0.6095617529880478, 0.7450199203187251, 0.5816733067729084]
Score of training (classical) [0.6953046953046953, 0.6513486513486514, 0.7412587412587412, 0.5464535464535465]
Attempt  39
Score of validation 0.7808764940239044
Score of training 0.7272727272727273
Score of validation (classical) [0.7330677290836654, 0.6095617529880478, 0.7808764940239044, 0.6454183266932271]
Score of training (classical) [0.6923076923076923, 0.6323676323676324, 0.7382617382617382, 0.6353646353646354]
Attempt  40
Score of validation 0.7211155378486056
Score of training 0.7472527472527473
Score of validation (classical) [0.6852589641434262, 0.6374501992031872, 0.7450199203187251, 0.6613545816733067]
Score of training (classical) [0.7032967032967034, 0.6513486513486514, 0.7372627372627373, 0.6323676323676324]
Attempt  41
Score of validation 0.7171314741035857
Score of training 0.7452547452547452
Score of validation (classical) [0.6772908366533864, 0.6533864541832669, 0.749003984063745, 0.6414342629482072]
Score of training (classical) [0.7152847152847153, 0.6373626373626373, 0.7452547452547452, 0.6533466533466533]
Attempt  42
Score of validation 0.7529880478087649
Score of training 0.7332667332667333
Score of validation (classical) [0.7051792828685259, 0.6055776892430279, 0.7410358565737052, 0.6374501992031872]
Score of training (classical) [0.6993006993006993, 0.6463536463536463, 0.7512487512487512, 0.6383616383616384]
Attempt  43
Score of validation 0.7330677290836654
Score of training 0.7422577422577422
Score of validation (classical) [0.7091633466135459, 0.6454183266932271, 0.7569721115537849, 0.649402390438247]
Score of training (classical) [0.6973026973026973, 0.6373626373626373, 0.7472527472527473, 0.6433566433566433]
Attempt  44
Score of validation 0.7689243027888446
Score of training 0.7342657342657343
Score of validation (classical) [0.6892430278884463, 0.6613545816733067, 0.7609561752988048, 0.6095617529880478]
Score of training (classical) [0.7062937062937062, 0.6333666333666333, 0.7552447552447552, 0.6563436563436563]
Attempt  45
Score of validation 0.749003984063745
Score of training 0.7482517482517482
Score of validation (classical) [0.7131474103585658, 0.6573705179282868, 0.7370517928286853, 0.5896414342629482]
Score of training (classical) [0.7042957042957043, 0.6683316683316683, 0.7492507492507493, 0.6513486513486514]
Attempt  46
Score of validation 0.7450199203187251
Score of training 0.7392607392607392
Score of validation (classical) [0.7450199203187251, 0.6772908366533864, 0.7529880478087649, 0.5697211155378487]
Score of training (classical) [0.6953046953046953, 0.6653346653346653, 0.7532467532467533, 0.5354645354645354]
Attempt  47
Score of validation 0.7450199203187251
Score of training 0.7402597402597403
Score of validation (classical) [0.6972111553784861, 0.6254980079681275, 0.7569721115537849, 0.5139442231075697]
Score of training (classical) [0.7072927072927073, 0.6493506493506493, 0.7412587412587412, 0.5434565434565435]
Attempt  48
Score of validation 0.7569721115537849
Score of training 0.7322677322677322
Score of validation (classical) [0.7330677290836654, 0.6533864541832669, 0.7609561752988048, 0.6374501992031872]
Score of training (classical) [0.6943056943056943, 0.6583416583416584, 0.7402597402597403, 0.6463536463536463]
Attempt  49
Score of validation 0.7529880478087649
Score of training 0.7332667332667333
Score of validation (classical) [0.6892430278884463, 0.6613545816733067, 0.7529880478087649, 0.6653386454183267]
Score of training (classical) [0.7042957042957043, 0.6343656343656343, 0.7312687312687313, 0.6293706293706294]
Attempt  50
Score of validation 0.7410358565737052
Score of training 0.7482517482517482
Score of validation (classical) [0.701195219123506, 0.6254980079681275, 0.7450199203187251, 0.6932270916334662]
Score of training (classical) [0.7002997002997003, 0.6413586413586414, 0.7522477522477522, 0.6363636363636364]
Attempt  51
Score of validation 0.701195219123506
Score of training 0.7522477522477522
Score of validation (classical) [0.7091633466135459, 0.6175298804780877, 0.7091633466135459, 0.6334661354581673]
Score of training (classical) [0.7012987012987013, 0.6373626373626373, 0.7602397602397603, 0.6553446553446554]
Attempt  52
Score of validation 0.7330677290836654
Score of training 0.7352647352647352
Score of validation (classical) [0.7171314741035857, 0.6254980079681275, 0.7569721115537849, 0.6613545816733067]
Score of training (classical) [0.6943056943056943, 0.6453546453546454, 0.7452547452547452, 0.6443556443556444]
Attempt  53
Score of validation 0.7290836653386454
Score of training 0.7392607392607392
Score of validation (classical) [0.6972111553784861, 0.6334661354581673, 0.7370517928286853, 0.6294820717131474]
Score of training (classical) [0.7002997002997003, 0.6253746253746254, 0.7582417582417582, 0.6463536463536463]
Attempt  54
Score of validation 0.7569721115537849
Score of training 0.7272727272727273
Score of validation (classical) [0.7131474103585658, 0.6693227091633466, 0.7808764940239044, 0.6414342629482072]
Score of training (classical) [0.6983016983016983, 0.6543456543456544, 0.7392607392607392, 0.6493506493506493]
Attempt  55
Score of validation 0.7529880478087649
Score of training 0.7322677322677322
Score of validation (classical) [0.7171314741035857, 0.5856573705179283, 0.7689243027888446, 0.6693227091633466]
Score of training (classical) [0.6943056943056943, 0.6423576423576424, 0.7442557442557443, 0.6313686313686314]
Attempt  56
Score of validation 0.749003984063745
Score of training 0.7392607392607392
Score of validation (classical) [0.7250996015936255, 0.6852589641434262, 0.7410358565737052, 0.6334661354581673]
Score of training (classical) [0.7002997002997003, 0.6593406593406593, 0.7432567432567433, 0.6513486513486514]
Attempt  57
Score of validation 0.7848605577689243
Score of training 0.7362637362637363
Score of validation (classical) [0.6892430278884463, 0.6573705179282868, 0.7410358565737052, 0.6454183266932271]
Score of training (classical) [0.7022977022977023, 0.6583416583416584, 0.7352647352647352, 0.6473526473526473]
Attempt  58
Score of validation 0.6892430278884463
Score of training 0.7532467532467533
Score of validation (classical) [0.7091633466135459, 0.6454183266932271, 0.7091633466135459, 0.6454183266932271]
Score of training (classical) [0.7042957042957043, 0.6663336663336663, 0.7492507492507493, 0.6543456543456544]
Attempt  59
Score of validation 0.7131474103585658
Score of training 0.7382617382617382
Score of validation (classical) [0.701195219123506, 0.6374501992031872, 0.7290836653386454, 0.649402390438247]
Score of training (classical) [0.7012987012987013, 0.6243756243756243, 0.7492507492507493, 0.6543456543456544]
Attempt  60
Score of validation 0.749003984063745
Score of training 0.7422577422577422
Score of validation (classical) [0.6892430278884463, 0.6334661354581673, 0.7171314741035857, 0.6772908366533864]
Score of training (classical) [0.7032967032967034, 0.6523476523476524, 0.7602397602397603, 0.6383616383616384]
Attempt  61
Score of validation 0.6972111553784861
Score of training 0.7482517482517482
Score of validation (classical) [0.6573705179282868, 0.6135458167330677, 0.701195219123506, 0.549800796812749]
Score of training (classical) [0.7122877122877123, 0.6633366633366633, 0.7442557442557443, 0.5534465534465535]
Attempt  62
Score of validation 0.6972111553784861
Score of training 0.7492507492507493
Score of validation (classical) [0.701195219123506, 0.6653386454183267, 0.7250996015936255, 0.5936254980079682]
Score of training (classical) [0.7012987012987013, 0.6613386613386614, 0.7602397602397603, 0.6573426573426573]
Attempt  63
Score of validation 0.7290836653386454
Score of training 0.7362637362637363
Score of validation (classical) [0.7091633466135459, 0.6334661354581673, 0.749003984063745, 0.6533864541832669]
Score of training (classical) [0.7012987012987013, 0.6473526473526473, 0.7502497502497503, 0.6403596403596403]
Attempt  64
Score of validation 0.7450199203187251
Score of training 0.7322677322677322
Score of validation (classical) [0.6932270916334662, 0.649402390438247, 0.7649402390438247, 0.6693227091633466]
Score of training (classical) [0.7012987012987013, 0.6553446553446554, 0.7452547452547452, 0.6323676323676324]
Attempt  65
Score of validation 0.7689243027888446
Score of training 0.7312687312687313
Score of validation (classical) [0.7330677290836654, 0.6294820717131474, 0.7888446215139442, 0.6693227091633466]
Score of training (classical) [0.6923076923076923, 0.6473526473526473, 0.7402597402597403, 0.6403596403596403]
Attempt  66
Score of validation 0.7450199203187251
Score of training 0.7362637362637363
Score of validation (classical) [0.7091633466135459, 0.6334661354581673, 0.7729083665338645, 0.545816733067729]
Score of training (classical) [0.7002997002997003, 0.6443556443556444, 0.7462537462537463, 0.5314685314685315]
Attempt  67
Score of validation 0.749003984063745
Score of training 0.7452547452547452
Score of validation (classical) [0.6772908366533864, 0.6254980079681275, 0.7410358565737052, 0.5577689243027888]
Score of training (classical) [0.7122877122877123, 0.6643356643356644, 0.7382617382617382, 0.5624375624375625]
Attempt  68
Score of validation 0.7848605577689243
Score of training 0.7382617382617382
Score of validation (classical) [0.749003984063745, 0.6972111553784861, 0.7808764940239044, 0.6733067729083665]
Score of training (classical) [0.6973026973026973, 0.6503496503496503, 0.7362637362637363, 0.6473526473526473]
Attempt  69
Score of validation 0.7649402390438247
Score of training 0.7362637362637363
Score of validation (classical) [0.7290836653386454, 0.6892430278884463, 0.7888446215139442, 0.6573705179282868]
Score of training (classical) [0.6943056943056943, 0.6343656343656343, 0.7472527472527473, 0.6353646353646354]
Attempt  70
Score of validation 0.7609561752988048
Score of training 0.7292707292707292
Score of validation (classical) [0.6972111553784861, 0.6454183266932271, 0.749003984063745, 0.6812749003984063]
Score of training (classical) [0.7122877122877123, 0.6473526473526473, 0.7462537462537463, 0.6303696303696303]
Attempt  71
Score of validation 0.7609561752988048
Score of training 0.7292707292707292
Score of validation (classical) [0.7211155378486056, 0.6772908366533864, 0.7410358565737052, 0.6533864541832669]
Score of training (classical) [0.6963036963036963, 0.6483516483516484, 0.7392607392607392, 0.6523476523476524]
Attempt  72
Score of validation 0.7290836653386454
Score of training 0.7512487512487512
Score of validation (classical) [0.6892430278884463, 0.6852589641434262, 0.7171314741035857, 0.6294820717131474]
Score of training (classical) [0.7082917082917083, 0.6633366633366633, 0.7522477522477522, 0.6463536463536463]
Attempt  73
Score of validation 0.7569721115537849
Score of training 0.7332667332667333
Score of validation (classical) [0.6892430278884463, 0.6812749003984063, 0.7569721115537849, 0.6733067729083665]
Score of training (classical) [0.7132867132867133, 0.6503496503496503, 0.7442557442557443, 0.6583416583416584]
Attempt  74
Score of validation 0.7450199203187251
Score of training 0.7362637362637363
Score of validation (classical) [0.6932270916334662, 0.6414342629482072, 0.7330677290836654, 0.6653386454183267]
Score of training (classical) [0.7012987012987013, 0.6433566433566433, 0.7562437562437563, 0.6453546453546454]
Attempt  75
Score of validation 0.7450199203187251
Score of training 0.7362637362637363
Score of validation (classical) [0.7051792828685259, 0.6414342629482072, 0.7569721115537849, 0.6334661354581673]
Score of training (classical) [0.6993006993006993, 0.6543456543456544, 0.7472527472527473, 0.6313686313686314]
Attempt  76
Score of validation 0.7529880478087649
Score of training 0.7492507492507493
Score of validation (classical) [0.7131474103585658, 0.6972111553784861, 0.7450199203187251, 0.6454183266932271]
Score of training (classical) [0.7032967032967034, 0.6683316683316683, 0.7352647352647352, 0.6673326673326674]
Attempt  77
Score of validation 0.7250996015936255
Score of training 0.7342657342657343
Score of validation (classical) [0.6972111553784861, 0.6254980079681275, 0.7211155378486056, 0.6573705179282868]
Score of training (classical) [0.7012987012987013, 0.6403596403596403, 0.7542457542457542, 0.6473526473526473]
Attempt  78
Score of validation 0.7768924302788844
Score of training 0.7282717282717283
Score of validation (classical) [0.7569721115537849, 0.6414342629482072, 0.7888446215139442, 0.7171314741035857]
Score of training (classical) [0.6853146853146853, 0.6313686313686314, 0.7422577422577422, 0.6233766233766234]
Attempt  79
Score of validation 0.7250996015936255
Score of training 0.7382617382617382
Score of validation (classical) [0.6772908366533864, 0.5936254980079682, 0.7250996015936255, 0.6454183266932271]
Score of training (classical) [0.7062937062937062, 0.6573426573426573, 0.7452547452547452, 0.6543456543456544]
Attempt  80
Score of validation 0.7370517928286853
Score of training 0.7332667332667333
Score of validation (classical) [0.6892430278884463, 0.6135458167330677, 0.7370517928286853, 0.6772908366533864]
Score of training (classical) [0.7012987012987013, 0.6373626373626373, 0.7542457542457542, 0.6513486513486514]
Attempt  81
Score of validation 0.6852589641434262
Score of training 0.7372627372627373
Score of validation (classical) [0.6852589641434262, 0.6772908366533864, 0.7290836653386454, 0.5617529880478087]
Score of training (classical) [0.7042957042957043, 0.6453546453546454, 0.7472527472527473, 0.5704295704295704]
Attempt  82
Score of validation 0.7689243027888446
Score of training 0.7352647352647352
Score of validation (classical) [0.749003984063745, 0.6812749003984063, 0.7768924302788844, 0.6812749003984063]
Score of training (classical) [0.6873126873126874, 0.6223776223776224, 0.7422577422577422, 0.6173826173826173]
Attempt  83
Score of validation 0.701195219123506
Score of training 0.7492507492507493
Score of validation (classical) [0.6414342629482072, 0.5896414342629482, 0.7171314741035857, 0.6613545816733067]
Score of training (classical) [0.7142857142857143, 0.6543456543456544, 0.7612387612387612, 0.6593406593406593]
Attempt  84
Score of validation 0.7410358565737052
Score of training 0.7402597402597403
Score of validation (classical) [0.6972111553784861, 0.6414342629482072, 0.7211155378486056, 0.6573705179282868]
Score of training (classical) [0.7092907092907093, 0.6673326673326674, 0.7462537462537463, 0.6313686313686314]
Attempt  85
Score of validation 0.7410358565737052
Score of training 0.7452547452547452
Score of validation (classical) [0.7330677290836654, 0.7091633466135459, 0.7529880478087649, 0.6972111553784861]
Score of training (classical) [0.7012987012987013, 0.6303696303696303, 0.7432567432567433, 0.6313686313686314]
Attempt  86
Score of validation 0.7171314741035857
Score of training 0.7452547452547452
Score of validation (classical) [0.7330677290836654, 0.6533864541832669, 0.7370517928286853, 0.6454183266932271]
Score of training (classical) [0.6963036963036963, 0.6573426573426573, 0.7432567432567433, 0.6453546453546454]
Attempt  87
Score of validation 0.6972111553784861
Score of training 0.7452547452547452
Score of validation (classical) [0.6812749003984063, 0.6892430278884463, 0.7171314741035857, 0.5776892430278885]
Score of training (classical) [0.7052947052947053, 0.6493506493506493, 0.7502497502497503, 0.5254745254745254]
Attempt  88
Score of validation 0.7091633466135459
Score of training 0.7432567432567433
Score of validation (classical) [0.6892430278884463, 0.6175298804780877, 0.7091633466135459, 0.6892430278884463]
Score of training (classical) [0.7032967032967034, 0.6483516483516484, 0.7552447552447552, 0.6583416583416584]
Attempt  89
Score of validation 0.7171314741035857
Score of training 0.7432567432567433
Score of validation (classical) [0.7051792828685259, 0.6254980079681275, 0.7450199203187251, 0.5179282868525896]
Score of training (classical) [0.6983016983016983, 0.6493506493506493, 0.7492507492507493, 0.5484515484515484]
Attempt  90
Score of validation 0.7250996015936255
Score of training 0.7412587412587412
Score of validation (classical) [0.7051792828685259, 0.6733067729083665, 0.7450199203187251, 0.6454183266932271]
Score of training (classical) [0.7002997002997003, 0.6513486513486514, 0.7432567432567433, 0.6373626373626373]
Attempt  91
Score of validation 0.7131474103585658
Score of training 0.7482517482517482
Score of validation (classical) [0.6932270916334662, 0.6215139442231076, 0.7091633466135459, 0.6294820717131474]
Score of training (classical) [0.7092907092907093, 0.6553446553446554, 0.7542457542457542, 0.6703296703296703]
Attempt  92
Score of validation 0.7290836653386454
Score of training 0.7402597402597403
Score of validation (classical) [0.6812749003984063, 0.6533864541832669, 0.7290836653386454, 0.6573705179282868]
Score of training (classical) [0.7092907092907093, 0.6553446553446554, 0.7492507492507493, 0.6553446553446554]
Attempt  93
Score of validation 0.6892430278884463
Score of training 0.7452547452547452
Score of validation (classical) [0.6653386454183267, 0.6055776892430279, 0.7131474103585658, 0.5298804780876494]
Score of training (classical) [0.7212787212787213, 0.6443556443556444, 0.7682317682317682, 0.5544455544455544]
Attempt  94
Score of validation 0.7131474103585658
Score of training 0.7492507492507493
Score of validation (classical) [0.6852589641434262, 0.5737051792828686, 0.6932270916334662, 0.5298804780876494]
Score of training (classical) [0.7042957042957043, 0.6483516483516484, 0.7632367632367633, 0.5594405594405595]
Attempt  95
Score of validation 0.7450199203187251
Score of training 0.7362637362637363
Score of validation (classical) [0.6932270916334662, 0.6653386454183267, 0.7649402390438247, 0.6693227091633466]
Score of training (classical) [0.7032967032967034, 0.6463536463536463, 0.7462537462537463, 0.6463536463536463]
Attempt  96
Score of validation 0.7649402390438247
Score of training 0.7352647352647352
Score of validation (classical) [0.7529880478087649, 0.6454183266932271, 0.7689243027888446, 0.6573705179282868]
Score of training (classical) [0.6953046953046953, 0.6333666333666333, 0.7452547452547452, 0.6253746253746254]
Attempt  97
Score of validation 0.7450199203187251
Score of training 0.7452547452547452
Score of validation (classical) [0.7211155378486056, 0.6892430278884463, 0.7330677290836654, 0.6414342629482072]
Score of training (classical) [0.6953046953046953, 0.6403596403596403, 0.7432567432567433, 0.6663336663336663]
Attempt  98
Score of validation 0.7529880478087649
Score of training 0.7312687312687313
Score of validation (classical) [0.7211155378486056, 0.6573705179282868, 0.7729083665338645, 0.649402390438247]
Score of training (classical) [0.6973026973026973, 0.6333666333666333, 0.7402597402597403, 0.6363636363636364]
Attempt  99
Score of validation 0.7450199203187251
Score of training 0.7402597402597403
Score of validation (classical) [0.6852589641434262, 0.5976095617529881, 0.7290836653386454, 0.6414342629482072]
Score of training (classical) [0.7052947052947053, 0.6403596403596403, 0.7542457542457542, 0.6283716283716284]
Attempt  100
Score of validation 0.7569721115537849
Score of training 0.7362637362637363
Score of validation (classical) [0.7211155378486056, 0.6772908366533864, 0.7410358565737052, 0.649402390438247]
Score of training (classical) [0.6923076923076923, 0.6513486513486514, 0.7422577422577422, 0.6393606393606394]
Attempt  101
Score of validation 0.7211155378486056
Score of training 0.7462537462537463
Score of validation (classical) [0.6852589641434262, 0.7171314741035857, 0.7410358565737052, 0.6533864541832669]
Score of training (classical) [0.7082917082917083, 0.6693306693306693, 0.7482517482517482, 0.6503496503496503]
Attempt  102
Score of validation 0.7450199203187251
Score of training 0.7372627372627373
Score of validation (classical) [0.701195219123506, 0.6533864541832669, 0.749003984063745, 0.5298804780876494]
Score of training (classical) [0.6983016983016983, 0.6543456543456544, 0.7512487512487512, 0.5274725274725275]
Attempt  103
Score of validation 0.7410358565737052
Score of training 0.7392607392607392
Score of validation (classical) [0.7171314741035857, 0.6573705179282868, 0.7410358565737052, 0.6733067729083665]
Score of training (classical) [0.6943056943056943, 0.6453546453546454, 0.7492507492507493, 0.6573426573426573]
Attempt  104
Score of validation 0.7131474103585658
Score of training 0.7432567432567433
Score of validation (classical) [0.6693227091633466, 0.6334661354581673, 0.7091633466135459, 0.545816733067729]
Score of training (classical) [0.7102897102897103, 0.6573426573426573, 0.7472527472527473, 0.5524475524475524]
Attempt  105
Score of validation 0.749003984063745
Score of training 0.7452547452547452
Score of validation (classical) [0.7051792828685259, 0.6414342629482072, 0.7370517928286853, 0.6772908366533864]
Score of training (classical) [0.7032967032967034, 0.6553446553446554, 0.7422577422577422, 0.6533466533466533]
Attempt  106
Score of validation 0.7171314741035857
Score of training 0.7462537462537463
Score of validation (classical) [0.6852589641434262, 0.6334661354581673, 0.7370517928286853, 0.6294820717131474]
Score of training (classical) [0.7022977022977023, 0.6543456543456544, 0.7552447552447552, 0.6583416583416584]
Attempt  107
Score of validation 0.7330677290836654
Score of training 0.7412587412587412
Score of validation (classical) [0.6972111553784861, 0.6733067729083665, 0.7410358565737052, 0.5737051792828686]
Score of training (classical) [0.7052947052947053, 0.6463536463536463, 0.7432567432567433, 0.6463536463536463]
Attempt  108
Score of validation 0.7290836653386454
Score of training 0.7402597402597403
Score of validation (classical) [0.6852589641434262, 0.6055776892430279, 0.7370517928286853, 0.6095617529880478]
Score of training (classical) [0.7062937062937062, 0.6393606393606394, 0.7522477522477522, 0.6433566433566433]
Attempt  109
Score of validation 0.6972111553784861
Score of training 0.7472527472527473
Score of validation (classical) [0.6573705179282868, 0.6334661354581673, 0.7131474103585658, 0.5258964143426295]
Score of training (classical) [0.7112887112887113, 0.6603396603396603, 0.7512487512487512, 0.5574425574425574]
Attempt  110
Score of validation 0.7290836653386454
Score of training 0.7432567432567433
Score of validation (classical) [0.7171314741035857, 0.6533864541832669, 0.7450199203187251, 0.649402390438247]
Score of training (classical) [0.7042957042957043, 0.6263736263736264, 0.7402597402597403, 0.6473526473526473]
Attempt  111
Score of validation 0.7529880478087649
Score of training 0.7432567432567433
Score of validation (classical) [0.6892430278884463, 0.601593625498008, 0.7171314741035857, 0.6613545816733067]
Score of training (classical) [0.7102897102897103, 0.6593406593406593, 0.7582417582417582, 0.6523476523476524]
Attempt  112
Score of validation 0.7171314741035857
Score of training 0.7502497502497503
Score of validation (classical) [0.6454183266932271, 0.6254980079681275, 0.7091633466135459, 0.6414342629482072]
Score of training (classical) [0.7172827172827173, 0.6573426573426573, 0.7492507492507493, 0.6613386613386614]
Attempt  113
Score of validation 0.7689243027888446
Score of training 0.7342657342657343
Score of validation (classical) [0.7370517928286853, 0.6812749003984063, 0.7768924302788844, 0.5418326693227091]
Score of training (classical) [0.6923076923076923, 0.6323676323676324, 0.7442557442557443, 0.5274725274725275]
Attempt  114
Score of validation 0.701195219123506
Score of training 0.7492507492507493
Score of validation (classical) [0.7171314741035857, 0.6095617529880478, 0.7211155378486056, 0.5139442231075697]
Score of training (classical) [0.7042957042957043, 0.6423576423576424, 0.7732267732267732, 0.5494505494505495]
Attempt  115
Score of validation 0.7290836653386454
Score of training 0.7402597402597403
Score of validation (classical) [0.7330677290836654, 0.6892430278884463, 0.7529880478087649, 0.5896414342629482]
Score of training (classical) [0.6983016983016983, 0.6543456543456544, 0.7462537462537463, 0.5534465534465535]
Attempt  116
Score of validation 0.7211155378486056
Score of training 0.7452547452547452
Score of validation (classical) [0.6772908366533864, 0.6533864541832669, 0.7330677290836654, 0.5219123505976095]
Score of training (classical) [0.7152847152847153, 0.6633366633366633, 0.7632367632367633, 0.5434565434565435]
Attempt  117
Score of validation 0.6653386454183267
Score of training 0.7542457542457542
Score of validation (classical) [0.6135458167330677, 0.5338645418326693, 0.6852589641434262, 0.6772908366533864]
Score of training (classical) [0.7302697302697303, 0.6763236763236763, 0.7602397602397603, 0.6593406593406593]
Attempt  118
Score of validation 0.6533864541832669
Score of training 0.7552447552447552
Score of validation (classical) [0.6334661354581673, 0.649402390438247, 0.6613545816733067, 0.49800796812749004]
Score of training (classical) [0.7232767232767233, 0.6643356643356644, 0.7622377622377622, 0.5694305694305695]
Attempt  119
Score of validation 0.7290836653386454
Score of training 0.7482517482517482
Score of validation (classical) [0.6972111553784861, 0.6135458167330677, 0.7290836653386454, 0.6055776892430279]
Score of training (classical) [0.7002997002997003, 0.6303696303696303, 0.7562437562437563, 0.5384615384615384]
Attempt  120
Score of validation 0.6693227091633466
Score of training 0.7602397602397603
Score of validation (classical) [0.6414342629482072, 0.6254980079681275, 0.6733067729083665, 0.6135458167330677]
Score of training (classical) [0.7192807192807192, 0.6813186813186813, 0.7572427572427572, 0.6563436563436563]
Attempt  121
Score of validation 0.7211155378486056
Score of training 0.7432567432567433
Score of validation (classical) [0.6852589641434262, 0.6613545816733067, 0.7330677290836654, 0.6294820717131474]
Score of training (classical) [0.7092907092907093, 0.6713286713286714, 0.7512487512487512, 0.6503496503496503]
Attempt  122
Score of validation 0.7211155378486056
Score of training 0.7382617382617382
Score of validation (classical) [0.6772908366533864, 0.6254980079681275, 0.7250996015936255, 0.6852589641434262]
Score of training (classical) [0.7042957042957043, 0.6553446553446554, 0.7572427572427572, 0.6503496503496503]
Attempt  123
Score of validation 0.7609561752988048
Score of training 0.7422577422577422
Score of validation (classical) [0.7171314741035857, 0.6693227091633466, 0.7529880478087649, 0.4900398406374502]
Score of training (classical) [0.7012987012987013, 0.6523476523476524, 0.7422577422577422, 0.5464535464535465]
Attempt  124
Score of validation 0.7211155378486056
Score of training 0.7452547452547452
Score of validation (classical) [0.6693227091633466, 0.6772908366533864, 0.7211155378486056, 0.5856573705179283]
Score of training (classical) [0.7122877122877123, 0.6633366633366633, 0.7502497502497503, 0.6733266733266733]
Attempt  125
Score of validation 0.7370517928286853
Score of training 0.7372627372627373
Score of validation (classical) [0.7091633466135459, 0.601593625498008, 0.7450199203187251, 0.6454183266932271]
Score of training (classical) [0.7052947052947053, 0.6433566433566433, 0.7502497502497503, 0.6523476523476524]
Attempt  126
Score of validation 0.7529880478087649
Score of training 0.7362637362637363
Score of validation (classical) [0.7091633466135459, 0.6294820717131474, 0.7689243027888446, 0.6932270916334662]
Score of training (classical) [0.7092907092907093, 0.6463536463536463, 0.7392607392607392, 0.6263736263736264]
Attempt  127
Score of validation 0.7569721115537849
Score of training 0.7372627372627373
Score of validation (classical) [0.7290836653386454, 0.6693227091633466, 0.7808764940239044, 0.6573705179282868]
Score of training (classical) [0.6993006993006993, 0.6333666333666333, 0.7332667332667333, 0.6553446553446554]
Attempt  128
Score of validation 0.7808764940239044
Score of training 0.7282717282717283
Score of validation (classical) [0.7529880478087649, 0.6254980079681275, 0.7649402390438247, 0.6414342629482072]
Score of training (classical) [0.6963036963036963, 0.6423576423576424, 0.7392607392607392, 0.6353646353646354]
Attempt  129
Score of validation 0.6772908366533864
Score of training 0.7522477522477522
Score of validation (classical) [0.6972111553784861, 0.701195219123506, 0.701195219123506, 0.6135458167330677]
Score of training (classical) [0.7122877122877123, 0.6643356643356644, 0.7442557442557443, 0.6723276723276723]
Attempt  130
Score of validation 0.7290836653386454
Score of training 0.7402597402597403
Score of validation (classical) [0.6533864541832669, 0.5976095617529881, 0.7290836653386454, 0.6334661354581673]
Score of training (classical) [0.7202797202797203, 0.6513486513486514, 0.7582417582417582, 0.6623376623376623]
Attempt  131
Score of validation 0.7250996015936255
Score of training 0.7392607392607392
Score of validation (classical) [0.701195219123506, 0.6653386454183267, 0.749003984063745, 0.6135458167330677]
Score of training (classical) [0.7072927072927073, 0.6553446553446554, 0.7452547452547452, 0.6593406593406593]
Attempt  132
Score of validation 0.7928286852589641
Score of training 0.7212787212787213
Score of validation (classical) [0.7450199203187251, 0.6334661354581673, 0.8047808764940239, 0.7290836653386454]
Score of training (classical) [0.6883116883116883, 0.6293706293706294, 0.7392607392607392, 0.6273726273726273]
Attempt  133
Score of validation 0.7131474103585658
Score of training 0.7562437562437563
Score of validation (classical) [0.6613545816733067, 0.6374501992031872, 0.6932270916334662, 0.6374501992031872]
Score of training (classical) [0.7152847152847153, 0.6753246753246753, 0.7432567432567433, 0.6703296703296703]
Attempt  134
Score of validation 0.6972111553784861
Score of training 0.7442557442557443
Score of validation (classical) [0.6653386454183267, 0.5976095617529881, 0.6932270916334662, 0.6852589641434262]
Score of training (classical) [0.7172827172827173, 0.6443556443556444, 0.7542457542457542, 0.6463536463536463]
Attempt  135
Score of validation 0.6972111553784861
Score of training 0.7502497502497503
Score of validation (classical) [0.6733067729083665, 0.6294820717131474, 0.701195219123506, 0.6653386454183267]
Score of training (classical) [0.7132867132867133, 0.6523476523476524, 0.7412587412587412, 0.6413586413586414]
Attempt  136
Score of validation 0.7250996015936255
Score of training 0.7382617382617382
Score of validation (classical) [0.6892430278884463, 0.6175298804780877, 0.7529880478087649, 0.6254980079681275]
Score of training (classical) [0.7032967032967034, 0.6563436563436563, 0.7432567432567433, 0.6483516483516484]
Attempt  137
Score of validation 0.7569721115537849
Score of training 0.7422577422577422
Score of validation (classical) [0.7051792828685259, 0.6055776892430279, 0.7410358565737052, 0.6573705179282868]
Score of training (classical) [0.6993006993006993, 0.6583416583416584, 0.7492507492507493, 0.6463536463536463]
Attempt  138
Score of validation 0.7131474103585658
Score of training 0.7362637362637363
Score of validation (classical) [0.7290836653386454, 0.6294820717131474, 0.7450199203187251, 0.6374501992031872]
Score of training (classical) [0.6933066933066933, 0.6293706293706294, 0.7562437562437563, 0.6433566433566433]
Attempt  139
Score of validation 0.7211155378486056
Score of training 0.7482517482517482
Score of validation (classical) [0.6852589641434262, 0.6374501992031872, 0.7250996015936255, 0.6414342629482072]
Score of training (classical) [0.7132867132867133, 0.6543456543456544, 0.7482517482517482, 0.6453546453546454]
Attempt  140
Score of validation 0.7609561752988048
Score of training 0.7362637362637363
Score of validation (classical) [0.749003984063745, 0.6294820717131474, 0.7649402390438247, 0.601593625498008]
Score of training (classical) [0.7002997002997003, 0.6293706293706294, 0.7462537462537463, 0.5194805194805194]
Attempt  141
Score of validation 0.701195219123506
Score of training 0.7412587412587412
Score of validation (classical) [0.7091633466135459, 0.7211155378486056, 0.749003984063745, 0.5577689243027888]
Score of training (classical) [0.7052947052947053, 0.6543456543456544, 0.7302697302697303, 0.5794205794205795]
Attempt  142
Score of validation 0.7370517928286853
Score of training 0.7372627372627373
Score of validation (classical) [0.7370517928286853, 0.6334661354581673, 0.7689243027888446, 0.5577689243027888]
Score of training (classical) [0.6943056943056943, 0.6283716283716284, 0.7472527472527473, 0.5354645354645354]
Attempt  143
Score of validation 0.7091633466135459
Score of training 0.7492507492507493
Score of validation (classical) [0.701195219123506, 0.601593625498008, 0.701195219123506, 0.6693227091633466]
Score of training (classical) [0.6983016983016983, 0.6493506493506493, 0.7642357642357642, 0.6513486513486514]
Attempt  144
Score of validation 0.7290836653386454
Score of training 0.7472527472527473
Score of validation (classical) [0.7250996015936255, 0.6852589641434262, 0.749003984063745, 0.601593625498008]
Score of training (classical) [0.6993006993006993, 0.6593406593406593, 0.7432567432567433, 0.6513486513486514]
Attempt  145
Score of validation 0.749003984063745
Score of training 0.7412587412587412
Score of validation (classical) [0.701195219123506, 0.6693227091633466, 0.7410358565737052, 0.6055776892430279]
Score of training (classical) [0.7012987012987013, 0.6573426573426573, 0.7562437562437563, 0.5394605394605395]
Attempt  146
Score of validation 0.7131474103585658
Score of training 0.7482517482517482
Score of validation (classical) [0.701195219123506, 0.6454183266932271, 0.7171314741035857, 0.5338645418326693]
Score of training (classical) [0.7082917082917083, 0.6583416583416584, 0.7392607392607392, 0.5604395604395604]
Attempt  147
Score of validation 0.7290836653386454
Score of training 0.7392607392607392
Score of validation (classical) [0.6972111553784861, 0.6055776892430279, 0.7250996015936255, 0.6533864541832669]
Score of training (classical) [0.7112887112887113, 0.6663336663336663, 0.7542457542457542, 0.6583416583416584]
Attempt  148
Score of validation 0.6972111553784861
Score of training 0.7362637362637363
Score of validation (classical) [0.701195219123506, 0.5737051792828686, 0.7211155378486056, 0.6533864541832669]
Score of training (classical) [0.7132867132867133, 0.6663336663336663, 0.7542457542457542, 0.6443556443556444]
Attempt  149
Score of validation 0.7808764940239044
Score of training 0.7432567432567433
Score of validation (classical) [0.6852589641434262, 0.6454183266932271, 0.7450199203187251, 0.6374501992031872]
Score of training (classical) [0.7062937062937062, 0.6603396603396603, 0.7332667332667333, 0.6423576423576424]
Attempt  150
Score of validation 0.7051792828685259
Score of training 0.7532467532467533
Score of validation (classical) [0.701195219123506, 0.6095617529880478, 0.7211155378486056, 0.6374501992031872]
Score of training (classical) [0.7022977022977023, 0.6693306693306693, 0.7472527472527473, 0.6543456543456544]
Attempt  151
Score of validation 0.7131474103585658
Score of training 0.7462537462537463
Score of validation (classical) [0.6613545816733067, 0.5856573705179283, 0.6892430278884463, 0.549800796812749]
Score of training (classical) [0.7072927072927073, 0.6443556443556444, 0.7582417582417582, 0.5474525474525475]
Attempt  152
Score of validation 0.7211155378486056
Score of training 0.7472527472527473
Score of validation (classical) [0.6932270916334662, 0.6215139442231076, 0.7410358565737052, 0.649402390438247]
Score of training (classical) [0.7002997002997003, 0.6453546453546454, 0.7492507492507493, 0.6323676323676324]
Attempt  153
Score of validation 0.7330677290836654
Score of training 0.7402597402597403
Score of validation (classical) [0.7450199203187251, 0.6772908366533864, 0.7649402390438247, 0.649402390438247]
Score of training (classical) [0.6933066933066933, 0.6483516483516484, 0.7412587412587412, 0.6363636363636364]
Attempt  154
Score of validation 0.7051792828685259
Score of training 0.7602397602397603
Score of validation (classical) [0.6653386454183267, 0.6095617529880478, 0.701195219123506, 0.6454183266932271]
Score of training (classical) [0.7122877122877123, 0.6713286713286714, 0.7452547452547452, 0.6513486513486514]
Attempt  155
Score of validation 0.7569721115537849
Score of training 0.7412587412587412
Score of validation (classical) [0.7211155378486056, 0.6653386454183267, 0.7529880478087649, 0.5776892430278885]
Score of training (classical) [0.7002997002997003, 0.6453546453546454, 0.7502497502497503, 0.5254745254745254]
Attempt  156
Score of validation 0.6932270916334662
Score of training 0.7512487512487512
Score of validation (classical) [0.6733067729083665, 0.6055776892430279, 0.7091633466135459, 0.545816733067729]
Score of training (classical) [0.7062937062937062, 0.6663336663336663, 0.7512487512487512, 0.5464535464535465]
Attempt  157
Score of validation 0.7171314741035857
Score of training 0.7412587412587412
Score of validation (classical) [0.6852589641434262, 0.649402390438247, 0.7171314741035857, 0.6573705179282868]
Score of training (classical) [0.7072927072927073, 0.6423576423576424, 0.7552447552447552, 0.6583416583416584]
Attempt  158
Score of validation 0.7569721115537849
Score of training 0.7332667332667333
Score of validation (classical) [0.7330677290836654, 0.6374501992031872, 0.7569721115537849, 0.6613545816733067]
Score of training (classical) [0.6983016983016983, 0.6583416583416584, 0.7422577422577422, 0.6543456543456544]
Attempt  159
Score of validation 0.7290836653386454
Score of training 0.7452547452547452
Score of validation (classical) [0.7250996015936255, 0.5896414342629482, 0.7529880478087649, 0.6374501992031872]
Score of training (classical) [0.7002997002997003, 0.6433566433566433, 0.7522477522477522, 0.6373626373626373]
Attempt  160
Score of validation 0.7370517928286853
Score of training 0.7402597402597403
Score of validation (classical) [0.6852589641434262, 0.6454183266932271, 0.7450199203187251, 0.6254980079681275]
Score of training (classical) [0.7032967032967034, 0.6633366633366633, 0.7482517482517482, 0.6453546453546454]
Attempt  161
Score of validation 0.7171314741035857
Score of training 0.7472527472527473
Score of validation (classical) [0.6972111553784861, 0.6613545816733067, 0.7290836653386454, 0.6613545816733067]
Score of training (classical) [0.7022977022977023, 0.6433566433566433, 0.7552447552447552, 0.6523476523476524]
Attempt  162
Score of validation 0.7290836653386454
Score of training 0.7402597402597403
Score of validation (classical) [0.7131474103585658, 0.6693227091633466, 0.7529880478087649, 0.5099601593625498]
Score of training (classical) [0.7042957042957043, 0.6523476523476524, 0.7472527472527473, 0.5414585414585414]
Attempt  163
Score of validation 0.7290836653386454
Score of training 0.7432567432567433
Score of validation (classical) [0.6892430278884463, 0.6693227091633466, 0.7450199203187251, 0.6095617529880478]
Score of training (classical) [0.7032967032967034, 0.6583416583416584, 0.7512487512487512, 0.6393606393606394]
Attempt  164
Score of validation 0.7250996015936255
Score of training 0.7392607392607392
Score of validation (classical) [0.7051792828685259, 0.5697211155378487, 0.7211155378486056, 0.6573705179282868]
Score of training (classical) [0.6993006993006993, 0.6413586413586414, 0.7532467532467533, 0.6493506493506493]
Attempt  165
Score of validation 0.7250996015936255
Score of training 0.7472527472527473
Score of validation (classical) [0.6733067729083665, 0.6454183266932271, 0.7051792828685259, 0.6055776892430279]
Score of training (classical) [0.7102897102897103, 0.6813186813186813, 0.7492507492507493, 0.5534465534465535]
Attempt  166
Score of validation 0.7171314741035857
Score of training 0.7432567432567433
Score of validation (classical) [0.6932270916334662, 0.6454183266932271, 0.7569721115537849, 0.6135458167330677]
Score of training (classical) [0.7042957042957043, 0.6603396603396603, 0.7492507492507493, 0.6533466533466533]
Attempt  167
Score of validation 0.701195219123506
Score of training 0.7562437562437563
Score of validation (classical) [0.7250996015936255, 0.649402390438247, 0.7091633466135459, 0.649402390438247]
Score of training (classical) [0.7012987012987013, 0.6483516483516484, 0.7382617382617382, 0.6593406593406593]
Attempt  168
Score of validation 0.7171314741035857
Score of training 0.7352647352647352
Score of validation (classical) [0.6932270916334662, 0.6653386454183267, 0.7250996015936255, 0.6254980079681275]
Score of training (classical) [0.7082917082917083, 0.6503496503496503, 0.7412587412587412, 0.6663336663336663]
Attempt  169
Score of validation 0.7131474103585658
Score of training 0.7422577422577422
Score of validation (classical) [0.701195219123506, 0.6055776892430279, 0.7370517928286853, 0.6533864541832669]
Score of training (classical) [0.7002997002997003, 0.6473526473526473, 0.7632367632367633, 0.6373626373626373]
Attempt  170
Score of validation 0.7290836653386454
Score of training 0.7482517482517482
Score of validation (classical) [0.6972111553784861, 0.5577689243027888, 0.7290836653386454, 0.5577689243027888]
Score of training (classical) [0.7012987012987013, 0.6453546453546454, 0.7522477522477522, 0.5664335664335665]
Attempt  171
Score of validation 0.7211155378486056
Score of training 0.7382617382617382
Score of validation (classical) [0.7211155378486056, 0.6414342629482072, 0.7529880478087649, 0.6454183266932271]
Score of training (classical) [0.6983016983016983, 0.6383616383616384, 0.7522477522477522, 0.6423576423576424]
Attempt  172
Score of validation 0.7888446215139442
Score of training 0.7292707292707292
Score of validation (classical) [0.7171314741035857, 0.5976095617529881, 0.7729083665338645, 0.6653386454183267]
Score of training (classical) [0.7072927072927073, 0.6283716283716284, 0.7462537462537463, 0.6363636363636364]
Attempt  173
Score of validation 0.7609561752988048
Score of training 0.7372627372627373
Score of validation (classical) [0.7211155378486056, 0.6613545816733067, 0.749003984063745, 0.6175298804780877]
Score of training (classical) [0.7022977022977023, 0.6643356643356644, 0.7392607392607392, 0.6583416583416584]
Attempt  174
Score of validation 0.7450199203187251
Score of training 0.7322677322677322
Score of validation (classical) [0.6812749003984063, 0.6294820717131474, 0.7649402390438247, 0.5976095617529881]
Score of training (classical) [0.7172827172827173, 0.6543456543456544, 0.7402597402597403, 0.6513486513486514]
Attempt  175
Score of validation 0.7848605577689243
Score of training 0.7392607392607392
Score of validation (classical) [0.749003984063745, 0.6653386454183267, 0.7729083665338645, 0.601593625498008]
Score of training (classical) [0.6923076923076923, 0.6473526473526473, 0.7392607392607392, 0.5184815184815185]
Attempt  176
Score of validation 0.7569721115537849
Score of training 0.7332667332667333
Score of validation (classical) [0.7290836653386454, 0.6334661354581673, 0.7290836653386454, 0.6215139442231076]
Score of training (classical) [0.7052947052947053, 0.6413586413586414, 0.7552447552447552, 0.6383616383616384]
Attempt  177
Score of validation 0.7131474103585658
Score of training 0.7472527472527473
Score of validation (classical) [0.7131474103585658, 0.6693227091633466, 0.7330677290836654, 0.6254980079681275]
Score of training (classical) [0.7022977022977023, 0.6643356643356644, 0.7412587412587412, 0.6513486513486514]
Attempt  178
Score of validation 0.7171314741035857
Score of training 0.7402597402597403
Score of validation (classical) [0.7370517928286853, 0.6135458167330677, 0.7330677290836654, 0.6613545816733067]
Score of training (classical) [0.6993006993006993, 0.6403596403596403, 0.7502497502497503, 0.6423576423576424]
Attempt  179
Score of validation 0.6932270916334662
Score of training 0.7432567432567433
Score of validation (classical) [0.6613545816733067, 0.649402390438247, 0.701195219123506, 0.6294820717131474]
Score of training (classical) [0.7092907092907093, 0.6313686313686314, 0.7462537462537463, 0.6543456543456544]
Attempt  180
Score of validation 0.7211155378486056
Score of training 0.7452547452547452
Score of validation (classical) [0.7131474103585658, 0.6693227091633466, 0.7290836653386454, 0.6254980079681275]
Score of training (classical) [0.6983016983016983, 0.6533466533466533, 0.7552447552447552, 0.6623376623376623]
Attempt  181
Score of validation 0.7370517928286853
Score of training 0.7352647352647352
Score of validation (classical) [0.6932270916334662, 0.6414342629482072, 0.7529880478087649, 0.5219123505976095]
Score of training (classical) [0.7042957042957043, 0.6373626373626373, 0.7512487512487512, 0.5374625374625375]
Attempt  182
Score of validation 0.7689243027888446
Score of training 0.7332667332667333
Score of validation (classical) [0.7250996015936255, 0.6653386454183267, 0.7729083665338645, 0.6573705179282868]
Score of training (classical) [0.7002997002997003, 0.6443556443556444, 0.7342657342657343, 0.6573426573426573]
Attempt  183
Score of validation 0.749003984063745
Score of training 0.7252747252747253
Score of validation (classical) [0.7250996015936255, 0.6733067729083665, 0.749003984063745, 0.6374501992031872]
Score of training (classical) [0.6973026973026973, 0.6583416583416584, 0.7452547452547452, 0.6553446553446554]
Attempt  184
Score of validation 0.7529880478087649
Score of training 0.7462537462537463
Score of validation (classical) [0.6972111553784861, 0.6334661354581673, 0.749003984063745, 0.6772908366533864]
Score of training (classical) [0.7002997002997003, 0.6443556443556444, 0.7372627372627373, 0.6533466533466533]
Attempt  185
Score of validation 0.6932270916334662
Score of training 0.7532467532467533
Score of validation (classical) [0.6653386454183267, 0.6573705179282868, 0.701195219123506, 0.549800796812749]
Score of training (classical) [0.7202797202797203, 0.6693306693306693, 0.7562437562437563, 0.5634365634365635]
Attempt  186
Score of validation 0.7609561752988048
Score of training 0.7282717282717283
Score of validation (classical) [0.7250996015936255, 0.6812749003984063, 0.749003984063745, 0.5617529880478087]
Score of training (classical) [0.6943056943056943, 0.6453546453546454, 0.7432567432567433, 0.5584415584415584]
Attempt  187
Score of validation 0.7529880478087649
Score of training 0.7382617382617382
Score of validation (classical) [0.7051792828685259, 0.6573705179282868, 0.7609561752988048, 0.6733067729083665]
Score of training (classical) [0.7052947052947053, 0.6683316683316683, 0.7412587412587412, 0.6393606393606394]
Attempt  188
Score of validation 0.7410358565737052
Score of training 0.7352647352647352
Score of validation (classical) [0.6852589641434262, 0.5976095617529881, 0.7529880478087649, 0.5418326693227091]
Score of training (classical) [0.7072927072927073, 0.6483516483516484, 0.7502497502497503, 0.5264735264735265]
Attempt  189
Score of validation 0.7051792828685259
Score of training 0.7422577422577422
Score of validation (classical) [0.6972111553784861, 0.601593625498008, 0.7091633466135459, 0.6733067729083665]
Score of training (classical) [0.7032967032967034, 0.6443556443556444, 0.7602397602397603, 0.6483516483516484]
Attempt  190
Score of validation 0.701195219123506
Score of training 0.7442557442557443
Score of validation (classical) [0.7131474103585658, 0.6135458167330677, 0.7211155378486056, 0.6812749003984063]
Score of training (classical) [0.7052947052947053, 0.6263736263736264, 0.7572427572427572, 0.6423576423576424]
Attempt  191
Score of validation 0.7450199203187251
Score of training 0.7332667332667333
Score of validation (classical) [0.7131474103585658, 0.6374501992031872, 0.7450199203187251, 0.5298804780876494]
Score of training (classical) [0.7002997002997003, 0.6443556443556444, 0.7502497502497503, 0.5504495504495505]
Attempt  192
Score of validation 0.7410358565737052
Score of training 0.7402597402597403
Score of validation (classical) [0.6892430278884463, 0.6693227091633466, 0.7529880478087649, 0.6135458167330677]
Score of training (classical) [0.7132867132867133, 0.6663336663336663, 0.7472527472527473, 0.6513486513486514]
Attempt  193
Score of validation 0.7091633466135459
Score of training 0.7492507492507493
Score of validation (classical) [0.7250996015936255, 0.7171314741035857, 0.7091633466135459, 0.6334661354581673]
Score of training (classical) [0.7032967032967034, 0.6333666333666333, 0.7562437562437563, 0.6693306693306693]
Attempt  194
Score of validation 0.7131474103585658
Score of training 0.7542457542457542
Score of validation (classical) [0.6932270916334662, 0.6533864541832669, 0.6972111553784861, 0.6334661354581673]
Score of training (classical) [0.7092907092907093, 0.6533466533466533, 0.7632367632367633, 0.6633366633366633]
Attempt  195
Score of validation 0.7250996015936255
Score of training 0.7502497502497503
Score of validation (classical) [0.6733067729083665, 0.601593625498008, 0.7171314741035857, 0.6454183266932271]
Score of training (classical) [0.7062937062937062, 0.6713286713286714, 0.7412587412587412, 0.6443556443556444]
Attempt  196
Score of validation 0.7410358565737052
Score of training 0.7332667332667333
Score of validation (classical) [0.7051792828685259, 0.6374501992031872, 0.7609561752988048, 0.6892430278884463]
Score of training (classical) [0.6993006993006993, 0.6383616383616384, 0.7432567432567433, 0.6453546453546454]
Attempt  197
Score of validation 0.749003984063745
Score of training 0.7372627372627373
Score of validation (classical) [0.7410358565737052, 0.6693227091633466, 0.7609561752988048, 0.6772908366533864]
Score of training (classical) [0.6943056943056943, 0.6563436563436563, 0.7472527472527473, 0.6483516483516484]
Attempt  198
Score of validation 0.7450199203187251
Score of training 0.7392607392607392
Score of validation (classical) [0.7211155378486056, 0.6733067729083665, 0.7529880478087649, 0.6254980079681275]
Score of training (classical) [0.7022977022977023, 0.6533466533466533, 0.7462537462537463, 0.6703296703296703]
Attempt  199
Score of validation 0.7370517928286853
Score of training 0.7382617382617382
Score of validation (classical) [0.6812749003984063, 0.6334661354581673, 0.7410358565737052, 0.6693227091633466]
Score of training (classical) [0.7052947052947053, 0.6463536463536463, 0.7452547452547452, 0.6353646353646354]
Attempt  200
Score of validation 0.7290836653386454
Score of training 0.7422577422577422
Score of validation (classical) [0.6772908366533864, 0.6215139442231076, 0.7330677290836654, 0.6374501992031872]
Score of training (classical) [0.7042957042957043, 0.6653346653346653, 0.7482517482517482, 0.6513486513486514]
Attempt  201
Score of validation 0.7290836653386454
Score of training 0.7482517482517482
Score of validation (classical) [0.7250996015936255, 0.6613545816733067, 0.7768924302788844, 0.6972111553784861]
Score of training (classical) [0.6943056943056943, 0.6543456543456544, 0.7462537462537463, 0.6303696303696303]
Attempt  202
Score of validation 0.7729083665338645
Score of training 0.7342657342657343
Score of validation (classical) [0.7330677290836654, 0.6334661354581673, 0.7689243027888446, 0.5697211155378487]
Score of training (classical) [0.7012987012987013, 0.6483516483516484, 0.7452547452547452, 0.5374625374625375]
Attempt  203
Score of validation 0.7330677290836654
Score of training 0.7372627372627373
Score of validation (classical) [0.6892430278884463, 0.6095617529880478, 0.7529880478087649, 0.6653386454183267]
Score of training (classical) [0.7012987012987013, 0.6783216783216783, 0.7432567432567433, 0.6483516483516484]
Attempt  204
Score of validation 0.7250996015936255
Score of training 0.7372627372627373
Score of validation (classical) [0.6812749003984063, 0.6055776892430279, 0.7290836653386454, 0.5856573705179283]
Score of training (classical) [0.7072927072927073, 0.6433566433566433, 0.7472527472527473, 0.5464535464535465]
Attempt  205
Score of validation 0.7171314741035857
Score of training 0.7442557442557443
Score of validation (classical) [0.7410358565737052, 0.701195219123506, 0.7569721115537849, 0.6812749003984063]
Score of training (classical) [0.6943056943056943, 0.6413586413586414, 0.7462537462537463, 0.6353646353646354]
Attempt  206
Score of validation 0.7091633466135459
Score of training 0.7482517482517482
Score of validation (classical) [0.6932270916334662, 0.6334661354581673, 0.6972111553784861, 0.6095617529880478]
Score of training (classical) [0.7032967032967034, 0.6533466533466533, 0.7622377622377622, 0.6633366633366633]
Attempt  207
Score of validation 0.7569721115537849
Score of training 0.7332667332667333
Score of validation (classical) [0.701195219123506, 0.6215139442231076, 0.7689243027888446, 0.4940239043824701]
Score of training (classical) [0.7122877122877123, 0.6393606393606394, 0.7522477522477522, 0.5474525474525475]
Attempt  208
Score of validation 0.7689243027888446
Score of training 0.7292707292707292
Score of validation (classical) [0.7410358565737052, 0.6454183266932271, 0.7888446215139442, 0.6733067729083665]
Score of training (classical) [0.6863136863136863, 0.6403596403596403, 0.7402597402597403, 0.6423576423576424]
Attempt  209
Score of validation 0.7649402390438247
Score of training 0.7442557442557443
Score of validation (classical) [0.701195219123506, 0.6613545816733067, 0.7529880478087649, 0.5418326693227091]
Score of training (classical) [0.7062937062937062, 0.6663336663336663, 0.7342657342657343, 0.5534465534465535]
Attempt  210
Score of validation 0.7330677290836654
Score of training 0.7332667332667333
Score of validation (classical) [0.6892430278884463, 0.6693227091633466, 0.7450199203187251, 0.6374501992031872]
Score of training (classical) [0.7052947052947053, 0.6413586413586414, 0.7502497502497503, 0.6493506493506493]
Attempt  211
Score of validation 0.6892430278884463
Score of training 0.7552447552447552
Score of validation (classical) [0.6454183266932271, 0.6254980079681275, 0.6852589641434262, 0.5219123505976095]
Score of training (classical) [0.7132867132867133, 0.6863136863136863, 0.7502497502497503, 0.5504495504495505]
Attempt  212
Score of validation 0.7768924302788844
Score of training 0.7352647352647352
Score of validation (classical) [0.7410358565737052, 0.701195219123506, 0.7729083665338645, 0.5338645418326693]
Score of training (classical) [0.6993006993006993, 0.6543456543456544, 0.7512487512487512, 0.5124875124875125]
Attempt  213
Score of validation 0.701195219123506
Score of training 0.7462537462537463
Score of validation (classical) [0.6972111553784861, 0.6215139442231076, 0.7211155378486056, 0.6613545816733067]
Score of training (classical) [0.7002997002997003, 0.6373626373626373, 0.7542457542457542, 0.6653346653346653]
Attempt  214
Score of validation 0.7171314741035857
Score of training 0.7482517482517482
Score of validation (classical) [0.6932270916334662, 0.6454183266932271, 0.7051792828685259, 0.6653386454183267]
Score of training (classical) [0.7022977022977023, 0.6513486513486514, 0.7552447552447552, 0.6513486513486514]
Attempt  215
Score of validation 0.749003984063745
Score of training 0.7382617382617382
Score of validation (classical) [0.6892430278884463, 0.6254980079681275, 0.7529880478087649, 0.601593625498008]
Score of training (classical) [0.7112887112887113, 0.6543456543456544, 0.7482517482517482, 0.6443556443556444]
Attempt  216
Score of validation 0.7171314741035857
Score of training 0.7512487512487512
Score of validation (classical) [0.6972111553784861, 0.6254980079681275, 0.7211155378486056, 0.6414342629482072]
Score of training (classical) [0.7072927072927073, 0.6533466533466533, 0.7472527472527473, 0.6503496503496503]
Attempt  217
Score of validation 0.7211155378486056
Score of training 0.7382617382617382
Score of validation (classical) [0.6812749003984063, 0.6972111553784861, 0.7410358565737052, 0.5737051792828686]
Score of training (classical) [0.7122877122877123, 0.6563436563436563, 0.7452547452547452, 0.5574425574425574]
Attempt  218
Score of validation 0.7330677290836654
Score of training 0.7422577422577422
Score of validation (classical) [0.6852589641434262, 0.6852589641434262, 0.7211155378486056, 0.545816733067729]
Score of training (classical) [0.7142857142857143, 0.6663336663336663, 0.7412587412587412, 0.5784215784215784]
Attempt  219
Score of validation 0.7808764940239044
Score of training 0.7262737262737263
Score of validation (classical) [0.7410358565737052, 0.6693227091633466, 0.7808764940239044, 0.6653386454183267]
Score of training (classical) [0.6893106893106893, 0.6573426573426573, 0.7372627372627373, 0.6323676323676324]
Attempt  220
Score of validation 0.7330677290836654
Score of training 0.7402597402597403
Score of validation (classical) [0.7131474103585658, 0.6693227091633466, 0.7649402390438247, 0.6772908366533864]
Score of training (classical) [0.6963036963036963, 0.6643356643356644, 0.7392607392607392, 0.6413586413586414]
Attempt  221
Score of validation 0.7450199203187251
Score of training 0.7342657342657343
Score of validation (classical) [0.7211155378486056, 0.6932270916334662, 0.749003984063745, 0.6095617529880478]
Score of training (classical) [0.7042957042957043, 0.6753246753246753, 0.7362637362637363, 0.6413586413586414]
Attempt  222
Score of validation 0.7370517928286853
Score of training 0.7382617382617382
Score of validation (classical) [0.7171314741035857, 0.6294820717131474, 0.7569721115537849, 0.6294820717131474]
Score of training (classical) [0.6963036963036963, 0.6373626373626373, 0.7482517482517482, 0.6553446553446554]
Attempt  223
Score of validation 0.7171314741035857
Score of training 0.7412587412587412
Score of validation (classical) [0.7131474103585658, 0.6613545816733067, 0.7091633466135459, 0.5219123505976095]
Score of training (classical) [0.6963036963036963, 0.6523476523476524, 0.7572427572427572, 0.5574425574425574]
Attempt  224
Score of validation 0.7091633466135459
Score of training 0.7362637362637363
Score of validation (classical) [0.6932270916334662, 0.7051792828685259, 0.7051792828685259, 0.5896414342629482]
Score of training (classical) [0.7062937062937062, 0.6533466533466533, 0.7502497502497503, 0.5394605394605395]
Attempt  225
Score of validation 0.7808764940239044
Score of training 0.7292707292707292
Score of validation (classical) [0.7649402390438247, 0.6573705179282868, 0.796812749003984, 0.6852589641434262]
Score of training (classical) [0.6893106893106893, 0.6303696303696303, 0.7382617382617382, 0.6443556443556444]
Attempt  226
Score of validation 0.7091633466135459
Score of training 0.7432567432567433
Score of validation (classical) [0.6932270916334662, 0.6294820717131474, 0.749003984063745, 0.6374501992031872]
Score of training (classical) [0.7112887112887113, 0.6483516483516484, 0.7462537462537463, 0.6523476523476524]
Attempt  227
Score of validation 0.7529880478087649
Score of training 0.7292707292707292
Score of validation (classical) [0.7211155378486056, 0.6573705179282868, 0.7410358565737052, 0.5219123505976095]
Score of training (classical) [0.6963036963036963, 0.6373626373626373, 0.7492507492507493, 0.5434565434565435]
Attempt  228
Score of validation 0.7450199203187251
Score of training 0.7432567432567433
Score of validation (classical) [0.7171314741035857, 0.6972111553784861, 0.7569721115537849, 0.6135458167330677]
Score of training (classical) [0.7052947052947053, 0.6483516483516484, 0.7462537462537463, 0.6343656343656343]
Attempt  229
Score of validation 0.7091633466135459
Score of training 0.7432567432567433
Score of validation (classical) [0.6812749003984063, 0.6175298804780877, 0.701195219123506, 0.6294820717131474]
Score of training (classical) [0.7032967032967034, 0.6283716283716284, 0.7572427572427572, 0.6643356643356644]
Attempt  230
Score of validation 0.7370517928286853
Score of training 0.7432567432567433
Score of validation (classical) [0.7211155378486056, 0.6733067729083665, 0.7689243027888446, 0.6414342629482072]
Score of training (classical) [0.7002997002997003, 0.6513486513486514, 0.7412587412587412, 0.6443556443556444]
Attempt  231
Score of validation 0.7649402390438247
Score of training 0.7342657342657343
Score of validation (classical) [0.7250996015936255, 0.6573705179282868, 0.7768924302788844, 0.6613545816733067]
Score of training (classical) [0.7002997002997003, 0.6573426573426573, 0.7342657342657343, 0.6503496503496503]
Attempt  232
Score of validation 0.6972111553784861
Score of training 0.7472527472527473
Score of validation (classical) [0.6852589641434262, 0.6334661354581673, 0.7211155378486056, 0.601593625498008]
Score of training (classical) [0.7022977022977023, 0.6393606393606394, 0.7522477522477522, 0.6593406593406593]
Attempt  233
Score of validation 0.7131474103585658
Score of training 0.7372627372627373
Score of validation (classical) [0.7131474103585658, 0.6055776892430279, 0.749003984063745, 0.6812749003984063]
Score of training (classical) [0.7062937062937062, 0.6383616383616384, 0.7522477522477522, 0.6543456543456544]
Attempt  234
Score of validation 0.7091633466135459
Score of training 0.7482517482517482
Score of validation (classical) [0.7131474103585658, 0.649402390438247, 0.6812749003984063, 0.5418326693227091]
Score of training (classical) [0.7022977022977023, 0.6353646353646354, 0.7672327672327672, 0.5294705294705294]
Attempt  235
Score of validation 0.6892430278884463
Score of training 0.7522477522477522
Score of validation (classical) [0.649402390438247, 0.5816733067729084, 0.701195219123506, 0.5258964143426295]
Score of training (classical) [0.7132867132867133, 0.6433566433566433, 0.7662337662337663, 0.5574425574425574]
Attempt  236
Score of validation 0.7131474103585658
Score of training 0.7582417582417582
Score of validation (classical) [0.701195219123506, 0.6613545816733067, 0.7211155378486056, 0.6334661354581673]
Score of training (classical) [0.7092907092907093, 0.6653346653346653, 0.7432567432567433, 0.6643356643356644]
Attempt  237
Score of validation 0.7330677290836654
Score of training 0.7482517482517482
Score of validation (classical) [0.6892430278884463, 0.6294820717131474, 0.7211155378486056, 0.549800796812749]
Score of training (classical) [0.7042957042957043, 0.6533466533466533, 0.7472527472527473, 0.5394605394605395]
Attempt  238
Score of validation 0.7250996015936255
Score of training 0.7452547452547452
Score of validation (classical) [0.6932270916334662, 0.6095617529880478, 0.7171314741035857, 0.5537848605577689]
Score of training (classical) [0.7092907092907093, 0.6263736263736264, 0.7602397602397603, 0.5314685314685315]
Attempt  239
Score of validation 0.7649402390438247
Score of training 0.7292707292707292
Score of validation (classical) [0.7131474103585658, 0.6613545816733067, 0.7768924302788844, 0.6733067729083665]
Score of training (classical) [0.6973026973026973, 0.6383616383616384, 0.7322677322677322, 0.6383616383616384]
Attempt  240
Score of validation 0.7370517928286853
Score of training 0.7412587412587412
Score of validation (classical) [0.7211155378486056, 0.6454183266932271, 0.7410358565737052, 0.6334661354581673]
Score of training (classical) [0.6963036963036963, 0.6563436563436563, 0.7442557442557443, 0.6553446553446554]
Attempt  241
Score of validation 0.7211155378486056
Score of training 0.7462537462537463
Score of validation (classical) [0.7171314741035857, 0.6294820717131474, 0.7370517928286853, 0.6613545816733067]
Score of training (classical) [0.7042957042957043, 0.6513486513486514, 0.7522477522477522, 0.6383616383616384]
Attempt  242
Score of validation 0.7330677290836654
Score of training 0.7412587412587412
Score of validation (classical) [0.7131474103585658, 0.649402390438247, 0.7250996015936255, 0.649402390438247]
Score of training (classical) [0.7032967032967034, 0.6353646353646354, 0.7552447552447552, 0.6383616383616384]
Attempt  243
Score of validation 0.7290836653386454
Score of training 0.7382617382617382
Score of validation (classical) [0.6932270916334662, 0.6454183266932271, 0.7330677290836654, 0.6294820717131474]
Score of training (classical) [0.7092907092907093, 0.6823176823176823, 0.7442557442557443, 0.6563436563436563]
Attempt  244
Score of validation 0.7649402390438247
Score of training 0.7462537462537463
Score of validation (classical) [0.7051792828685259, 0.6254980079681275, 0.7689243027888446, 0.6653386454183267]
Score of training (classical) [0.6973026973026973, 0.6663336663336663, 0.7472527472527473, 0.6453546453546454]
Attempt  245
Score of validation 0.7290836653386454
Score of training 0.7442557442557443
Score of validation (classical) [0.6932270916334662, 0.6294820717131474, 0.7330677290836654, 0.5936254980079682]
Score of training (classical) [0.7082917082917083, 0.6613386613386614, 0.7532467532467533, 0.5414585414585414]
Attempt  246
Score of validation 0.749003984063745
Score of training 0.7362637362637363
Score of validation (classical) [0.6653386454183267, 0.6653386454183267, 0.7250996015936255, 0.6374501992031872]
Score of training (classical) [0.7132867132867133, 0.6673326673326674, 0.7382617382617382, 0.6633366633366633]
Attempt  247
Score of validation 0.7131474103585658
Score of training 0.7532467532467533
Score of validation (classical) [0.6573705179282868, 0.5936254980079682, 0.7171314741035857, 0.47808764940239046]
Score of training (classical) [0.7172827172827173, 0.6633366633366633, 0.7432567432567433, 0.5814185814185814]
Attempt  248
Score of validation 0.7410358565737052
Score of training 0.7402597402597403
Score of validation (classical) [0.7051792828685259, 0.7051792828685259, 0.7649402390438247, 0.6613545816733067]
Score of training (classical) [0.7022977022977023, 0.6413586413586414, 0.7532467532467533, 0.6553446553446554]
Attempt  249
Score of validation 0.749003984063745
Score of training 0.7342657342657343
Score of validation (classical) [0.701195219123506, 0.6055776892430279, 0.7808764940239044, 0.6454183266932271]
Score of training (classical) [0.6973026973026973, 0.6603396603396603, 0.7402597402597403, 0.6373626373626373]
Attempt  250
Score of validation 0.7250996015936255
Score of training 0.7392607392607392
Score of validation (classical) [0.6613545816733067, 0.6135458167330677, 0.7330677290836654, 0.6852589641434262]
Score of training (classical) [0.7112887112887113, 0.6443556443556444, 0.7452547452547452, 0.6523476523476524]
Attempt  251
Score of validation 0.7529880478087649
Score of training 0.7402597402597403
Score of validation (classical) [0.7171314741035857, 0.6653386454183267, 0.7768924302788844, 0.6254980079681275]
Score of training (classical) [0.7012987012987013, 0.6613386613386614, 0.7402597402597403, 0.6563436563436563]
Attempt  252
Score of validation 0.6972111553784861
Score of training 0.7452547452547452
Score of validation (classical) [0.6812749003984063, 0.6294820717131474, 0.7051792828685259, 0.5378486055776892]
Score of training (classical) [0.7042957042957043, 0.6543456543456544, 0.7482517482517482, 0.5504495504495505]
Attempt  253
Score of validation 0.7848605577689243
Score of training 0.7362637362637363
Score of validation (classical) [0.7529880478087649, 0.6972111553784861, 0.7768924302788844, 0.6454183266932271]
Score of training (classical) [0.6953046953046953, 0.6493506493506493, 0.7232767232767233, 0.6473526473526473]
Attempt  254
Score of validation 0.7529880478087649
Score of training 0.7392607392607392
Score of validation (classical) [0.7171314741035857, 0.6334661354581673, 0.749003984063745, 0.6254980079681275]
Score of training (classical) [0.7012987012987013, 0.6293706293706294, 0.7442557442557443, 0.6463536463536463]
Attempt  255
Score of validation 0.7649402390438247
Score of training 0.7432567432567433
Score of validation (classical) [0.7450199203187251, 0.7091633466135459, 0.7689243027888446, 0.6215139442231076]
Score of training (classical) [0.6933066933066933, 0.6593406593406593, 0.7362637362637363, 0.6453546453546454]
Attempt  256
Score of validation 0.7290836653386454
Score of training 0.7362637362637363
Score of validation (classical) [0.7051792828685259, 0.6932270916334662, 0.7609561752988048, 0.649402390438247]
Score of training (classical) [0.7032967032967034, 0.6543456543456544, 0.7432567432567433, 0.6583416583416584]
Attempt  257
Score of validation 0.7211155378486056
Score of training 0.7352647352647352
Score of validation (classical) [0.6533864541832669, 0.601593625498008, 0.7211155378486056, 0.6653386454183267]
Score of training (classical) [0.7132867132867133, 0.6593406593406593, 0.7432567432567433, 0.6543456543456544]
Attempt  258
Score of validation 0.7211155378486056
Score of training 0.7452547452547452
Score of validation (classical) [0.6892430278884463, 0.5776892430278885, 0.7131474103585658, 0.5737051792828686]
Score of training (classical) [0.7032967032967034, 0.6663336663336663, 0.7632367632367633, 0.5444555444555444]
Attempt  259
Score of validation 0.7450199203187251
Score of training 0.7392607392607392
Score of validation (classical) [0.7410358565737052, 0.6733067729083665, 0.7689243027888446, 0.6533864541832669]
Score of training (classical) [0.6973026973026973, 0.6603396603396603, 0.7342657342657343, 0.6603396603396603]
Attempt  260
Score of validation 0.7211155378486056
Score of training 0.7482517482517482
Score of validation (classical) [0.6653386454183267, 0.6414342629482072, 0.7091633466135459, 0.601593625498008]
Score of training (classical) [0.7072927072927073, 0.6613386613386614, 0.7502497502497503, 0.6573426573426573]
Attempt  261
Score of validation 0.7689243027888446
Score of training 0.7262737262737263
Score of validation (classical) [0.7290836653386454, 0.6852589641434262, 0.8007968127490039, 0.5697211155378487]
Score of training (classical) [0.7022977022977023, 0.6453546453546454, 0.7392607392607392, 0.5194805194805194]
Attempt  262
Score of validation 0.7330677290836654
Score of training 0.7412587412587412
Score of validation (classical) [0.701195219123506, 0.6215139442231076, 0.7649402390438247, 0.6613545816733067]
Score of training (classical) [0.7032967032967034, 0.6393606393606394, 0.7482517482517482, 0.6493506493506493]
Attempt  263
Score of validation 0.7131474103585658
Score of training 0.7492507492507493
Score of validation (classical) [0.701195219123506, 0.6454183266932271, 0.7250996015936255, 0.6254980079681275]
Score of training (classical) [0.7012987012987013, 0.6653346653346653, 0.7522477522477522, 0.6543456543456544]
Attempt  264
Score of validation 0.7569721115537849
Score of training 0.7352647352647352
Score of validation (classical) [0.7091633466135459, 0.649402390438247, 0.7689243027888446, 0.7131474103585658]
Score of training (classical) [0.6973026973026973, 0.6323676323676324, 0.7402597402597403, 0.6383616383616384]
Attempt  265
Score of validation 0.7171314741035857
Score of training 0.7622377622377622
Score of validation (classical) [0.7051792828685259, 0.601593625498008, 0.6812749003984063, 0.6334661354581673]
Score of training (classical) [0.7032967032967034, 0.6603396603396603, 0.7622377622377622, 0.6463536463536463]
Attempt  266
Score of validation 0.7410358565737052
Score of training 0.7362637362637363
Score of validation (classical) [0.7211155378486056, 0.6095617529880478, 0.7569721115537849, 0.5418326693227091]
Score of training (classical) [0.6963036963036963, 0.6523476523476524, 0.7422577422577422, 0.5194805194805194]
Attempt  267
Score of validation 0.7051792828685259
Score of training 0.7442557442557443
Score of validation (classical) [0.6693227091633466, 0.6294820717131474, 0.7330677290836654, 0.6095617529880478]
Score of training (classical) [0.7062937062937062, 0.6443556443556444, 0.7532467532467533, 0.6593406593406593]
Attempt  268
Score of validation 0.7410358565737052
Score of training 0.7462537462537463
Score of validation (classical) [0.6892430278884463, 0.6095617529880478, 0.7410358565737052, 0.6733067729083665]
Score of training (classical) [0.7052947052947053, 0.6253746253746254, 0.7562437562437563, 0.6503496503496503]
Attempt  269
Score of validation 0.7051792828685259
Score of training 0.7472527472527473
Score of validation (classical) [0.649402390438247, 0.6095617529880478, 0.7051792828685259, 0.6294820717131474]
Score of training (classical) [0.7152847152847153, 0.6683316683316683, 0.7592407592407593, 0.6623376623376623]
Attempt  270
Score of validation 0.7330677290836654
Score of training 0.7472527472527473
Score of validation (classical) [0.6972111553784861, 0.6613545816733067, 0.7370517928286853, 0.5059760956175299]
Score of training (classical) [0.7032967032967034, 0.6543456543456544, 0.7562437562437563, 0.5484515484515484]
Attempt  271
Score of validation 0.7330677290836654
Score of training 0.7412587412587412
Score of validation (classical) [0.6892430278884463, 0.6653386454183267, 0.7290836653386454, 0.6733067729083665]
Score of training (classical) [0.7002997002997003, 0.6523476523476524, 0.7512487512487512, 0.6523476523476524]
Attempt  272
Score of validation 0.7051792828685259
Score of training 0.7442557442557443
Score of validation (classical) [0.6772908366533864, 0.6215139442231076, 0.7250996015936255, 0.6374501992031872]
Score of training (classical) [0.7172827172827173, 0.6543456543456544, 0.7592407592407593, 0.6533466533466533]
Attempt  273
Score of validation 0.7250996015936255
Score of training 0.7462537462537463
Score of validation (classical) [0.6892430278884463, 0.6215139442231076, 0.7250996015936255, 0.7131474103585658]
Score of training (classical) [0.7012987012987013, 0.6463536463536463, 0.7392607392607392, 0.6363636363636364]
Attempt  274
Score of validation 0.6852589641434262
Score of training 0.7482517482517482
Score of validation (classical) [0.6653386454183267, 0.6334661354581673, 0.7330677290836654, 0.6055776892430279]
Score of training (classical) [0.7092907092907093, 0.6553446553446554, 0.7522477522477522, 0.6603396603396603]
Attempt  275
Score of validation 0.7250996015936255
Score of training 0.7452547452547452
Score of validation (classical) [0.701195219123506, 0.6972111553784861, 0.7131474103585658, 0.6175298804780877]
Score of training (classical) [0.7102897102897103, 0.6393606393606394, 0.7592407592407593, 0.6473526473526473]
Attempt  276
Score of validation 0.7529880478087649
Score of training 0.7312687312687313
Score of validation (classical) [0.7290836653386454, 0.6972111553784861, 0.7649402390438247, 0.7091633466135459]
Score of training (classical) [0.6913086913086913, 0.6453546453546454, 0.7452547452547452, 0.6373626373626373]
Attempt  277
Score of validation 0.7171314741035857
Score of training 0.7392607392607392
Score of validation (classical) [0.7330677290836654, 0.7131474103585658, 0.7370517928286853, 0.6454183266932271]
Score of training (classical) [0.6943056943056943, 0.6643356643356644, 0.7542457542457542, 0.6433566433566433]
Attempt  278
Score of validation 0.6653386454183267
Score of training 0.7462537462537463
Score of validation (classical) [0.6454183266932271, 0.6135458167330677, 0.6852589641434262, 0.6254980079681275]
Score of training (classical) [0.7122877122877123, 0.6523476523476524, 0.7642357642357642, 0.6703296703296703]
Attempt  279
Score of validation 0.7450199203187251
Score of training 0.7462537462537463
Score of validation (classical) [0.7211155378486056, 0.6055776892430279, 0.7330677290836654, 0.6414342629482072]
Score of training (classical) [0.7072927072927073, 0.6463536463536463, 0.7572427572427572, 0.6433566433566433]
Attempt  280
Score of validation 0.7529880478087649
Score of training 0.7402597402597403
Score of validation (classical) [0.7171314741035857, 0.6095617529880478, 0.7410358565737052, 0.6693227091633466]
Score of training (classical) [0.7032967032967034, 0.6483516483516484, 0.7502497502497503, 0.6353646353646354]
Attempt  281
Score of validation 0.7729083665338645
Score of training 0.7442557442557443
Score of validation (classical) [0.7330677290836654, 0.6932270916334662, 0.7768924302788844, 0.5896414342629482]
Score of training (classical) [0.6973026973026973, 0.6643356643356644, 0.7252747252747253, 0.5494505494505495]
Attempt  282
Score of validation 0.7888446215139442
Score of training 0.7242757242757243
Score of validation (classical) [0.7450199203187251, 0.6733067729083665, 0.796812749003984, 0.6454183266932271]
Score of training (classical) [0.6913086913086913, 0.6433566433566433, 0.7412587412587412, 0.6373626373626373]
Attempt  283
Score of validation 0.7529880478087649
Score of training 0.7412587412587412
Score of validation (classical) [0.7370517928286853, 0.6254980079681275, 0.7529880478087649, 0.6653386454183267]
Score of training (classical) [0.6973026973026973, 0.6413586413586414, 0.7512487512487512, 0.6493506493506493]
Attempt  284
Score of validation 0.7330677290836654
Score of training 0.7342657342657343
Score of validation (classical) [0.7091633466135459, 0.6772908366533864, 0.7768924302788844, 0.5896414342629482]
Score of training (classical) [0.7012987012987013, 0.6433566433566433, 0.7322677322677322, 0.5414585414585414]
Attempt  285
Score of validation 0.7450199203187251
Score of training 0.7382617382617382
Score of validation (classical) [0.6852589641434262, 0.5816733067729084, 0.7410358565737052, 0.6972111553784861]
Score of training (classical) [0.7122877122877123, 0.6523476523476524, 0.7552447552447552, 0.6483516483516484]
Attempt  286
Score of validation 0.7091633466135459
Score of training 0.7492507492507493
Score of validation (classical) [0.6852589641434262, 0.7091633466135459, 0.7131474103585658, 0.5179282868525896]
Score of training (classical) [0.7092907092907093, 0.6443556443556444, 0.7452547452547452, 0.5434565434565435]
Attempt  287
Score of validation 0.7250996015936255
Score of training 0.7462537462537463
Score of validation (classical) [0.6852589641434262, 0.6454183266932271, 0.7290836653386454, 0.6693227091633466]
Score of training (classical) [0.7082917082917083, 0.6403596403596403, 0.7582417582417582, 0.6343656343656343]
Attempt  288
Score of validation 0.7370517928286853
Score of training 0.7382617382617382
Score of validation (classical) [0.701195219123506, 0.6852589641434262, 0.7569721115537849, 0.6254980079681275]
Score of training (classical) [0.7032967032967034, 0.6533466533466533, 0.7322677322677322, 0.6513486513486514]
Attempt  289
Score of validation 0.6932270916334662
Score of training 0.7572427572427572
Score of validation (classical) [0.6653386454183267, 0.6653386454183267, 0.7091633466135459, 0.6294820717131474]
Score of training (classical) [0.7152847152847153, 0.6743256743256744, 0.7552447552447552, 0.6673326673326674]
Attempt  290
Score of validation 0.6932270916334662
Score of training 0.7582417582417582
Score of validation (classical) [0.6573705179282868, 0.6294820717131474, 0.7131474103585658, 0.5537848605577689]
Score of training (classical) [0.7112887112887113, 0.6643356643356644, 0.7462537462537463, 0.5624375624375625]
Attempt  291
Score of validation 0.6772908366533864
Score of training 0.7592407592407593
Score of validation (classical) [0.6454183266932271, 0.6175298804780877, 0.6772908366533864, 0.6573705179282868]
Score of training (classical) [0.7182817182817183, 0.6653346653346653, 0.7592407592407593, 0.6623376623376623]
Attempt  292
Score of validation 0.701195219123506
Score of training 0.7572427572427572
Score of validation (classical) [0.6334661354581673, 0.6135458167330677, 0.6693227091633466, 0.5657370517928287]
Score of training (classical) [0.7202797202797203, 0.6773226773226774, 0.7502497502497503, 0.5624375624375625]
Attempt  293
Score of validation 0.701195219123506
Score of training 0.7442557442557443
Score of validation (classical) [0.649402390438247, 0.5936254980079682, 0.7131474103585658, 0.601593625498008]
Score of training (classical) [0.7152847152847153, 0.6573426573426573, 0.7592407592407593, 0.6703296703296703]
Attempt  294
Score of validation 0.7250996015936255
Score of training 0.7462537462537463
Score of validation (classical) [0.6812749003984063, 0.6693227091633466, 0.7250996015936255, 0.6374501992031872]
Score of training (classical) [0.7072927072927073, 0.6423576423576424, 0.7582417582417582, 0.6663336663336663]
Attempt  295
Score of validation 0.7649402390438247
Score of training 0.7422577422577422
Score of validation (classical) [0.7250996015936255, 0.6812749003984063, 0.7370517928286853, 0.6613545816733067]
Score of training (classical) [0.7012987012987013, 0.6553446553446554, 0.7372627372627373, 0.6603396603396603]
Attempt  296
Score of validation 0.7529880478087649
Score of training 0.7392607392607392
Score of validation (classical) [0.7370517928286853, 0.6533864541832669, 0.7370517928286853, 0.6374501992031872]
Score of training (classical) [0.6923076923076923, 0.6303696303696303, 0.7552447552447552, 0.6413586413586414]
Attempt  297
Score of validation 0.7729083665338645
Score of training 0.7342657342657343
Score of validation (classical) [0.6852589641434262, 0.6254980079681275, 0.7689243027888446, 0.6653386454183267]
Score of training (classical) [0.7042957042957043, 0.6623376623376623, 0.7392607392607392, 0.6383616383616384]
Attempt  298
Score of validation 0.7450199203187251
Score of training 0.7362637362637363
Score of validation (classical) [0.7131474103585658, 0.6573705179282868, 0.7649402390438247, 0.5936254980079682]
Score of training (classical) [0.7032967032967034, 0.6563436563436563, 0.7462537462537463, 0.5304695304695305]
Attempt  299
Score of validation 0.749003984063745
Score of training 0.7452547452547452
Score of validation (classical) [0.6932270916334662, 0.5936254980079682, 0.7410358565737052, 0.6693227091633466]
Score of training (classical) [0.7002997002997003, 0.6423576423576424, 0.7492507492507493, 0.6443556443556444]
