dataset_size_test 900
8 circular 1 0 900
Sample 0
Take max_iter as  1200
Score of validation 0.8722222222222222
Score of training 0.9680555555555556
Score of validation (classical) [0.7388888888888889, 0.8333333333333334, 0.8166666666666667, 0.4]
Score of training (classical) [0.7319444444444444, 0.8569444444444444, 0.85, 0.4708333333333333]
Sample 1
Take max_iter as  1127
Score of validation 0.8944444444444445
Score of training 0.975
Score of validation (classical) [0.7166666666666667, 0.8722222222222222, 0.8833333333333333, 0.5111111111111111]
Score of training (classical) [0.7416666666666667, 0.8666666666666667, 0.8708333333333333, 0.5444444444444444]
Sample 2
Take max_iter as  1091
Score of validation 0.8833333333333333
Score of training 0.9680555555555556
Score of validation (classical) [0.7333333333333333, 0.8611111111111112, 0.8611111111111112, 0.45]
Score of training (classical) [0.7333333333333333, 0.8597222222222223, 0.8694444444444445, 0.4513888888888889]
Sample 3
Take max_iter as  1061
Score of validation 0.9
Score of training 0.9819444444444444
Score of validation (classical) [0.7277777777777777, 0.8833333333333333, 0.8722222222222222, 0.48333333333333334]
Score of training (classical) [0.7236111111111111, 0.8583333333333333, 0.8597222222222223, 0.46111111111111114]
Sample 4
Take max_iter as  1067
Score of validation 0.8388888888888889
Score of training 0.9777777777777777
Score of validation (classical) [0.7555555555555555, 0.85, 0.8666666666666667, 0.5166666666666667]
Score of training (classical) [0.7111111111111111, 0.8666666666666667, 0.8902777777777777, 0.4791666666666667]
Sample 5
Take max_iter as  1128
Score of validation 0.9111111111111111
Score of training 0.9652777777777778
Score of validation (classical) [0.7444444444444445, 0.8666666666666667, 0.8777777777777778, 0.5611111111111111]
Score of training (classical) [0.7236111111111111, 0.8625, 0.8527777777777777, 0.5097222222222222]
Sample 6
Take max_iter as  1087
Score of validation 0.8277777777777777
Score of training 0.9694444444444444
Score of validation (classical) [0.6444444444444445, 0.7833333333333333, 0.7777777777777778, 0.4666666666666667]
Score of training (classical) [0.7305555555555555, 0.8694444444444445, 0.8763888888888889, 0.4875]
Sample 7
Take max_iter as  1077
Score of validation 0.85
Score of training 0.975
Score of validation (classical) [0.7722222222222223, 0.8555555555555555, 0.8777777777777778, 0.5611111111111111]
Score of training (classical) [0.7291666666666666, 0.8625, 0.8708333333333333, 0.49444444444444446]
Sample 8
Take max_iter as  1070
Score of validation 0.8611111111111112
Score of training 0.9805555555555555
Score of validation (classical) [0.7277777777777777, 0.8444444444444444, 0.8611111111111112, 0.4777777777777778]
Score of training (classical) [0.7569444444444444, 0.8638888888888889, 0.8708333333333333, 0.5152777777777777]
Sample 9
Take max_iter as  1117
Score of validation 0.85
Score of training 0.9763888888888889
Score of validation (classical) [0.7166666666666667, 0.8111111111111111, 0.8444444444444444, 0.49444444444444446]
Score of training (classical) [0.7208333333333333, 0.8763888888888889, 0.8916666666666667, 0.49166666666666664]
Sample 10
Take max_iter as  1106
Score of validation 0.8888888888888888
Score of training 0.9708333333333333
Score of validation (classical) [0.7277777777777777, 0.85, 0.8555555555555555, 0.5222222222222223]
Score of training (classical) [0.7361111111111112, 0.8777777777777778, 0.8680555555555556, 0.5180555555555556]
Sample 11
Take max_iter as  1169
Score of validation 0.8666666666666667
Score of training 0.9819444444444444
Score of validation (classical) [0.7055555555555556, 0.9, 0.8944444444444445, 0.4444444444444444]
Score of training (classical) [0.7458333333333333, 0.8916666666666667, 0.8888888888888888, 0.5222222222222223]
Sample 12
Take max_iter as  1154
Score of validation 0.8555555555555555
Score of training 0.9763888888888889
Score of validation (classical) [0.7166666666666667, 0.8111111111111111, 0.8, 0.5333333333333333]
Score of training (classical) [0.7402777777777778, 0.8666666666666667, 0.8708333333333333, 0.5027777777777778]
Sample 13
Take max_iter as  1073
Score of validation 0.8666666666666667
Score of training 0.9777777777777777
Score of validation (classical) [0.7722222222222223, 0.8944444444444445, 0.8888888888888888, 0.5166666666666667]
Score of training (classical) [0.7430555555555556, 0.8722222222222222, 0.8611111111111112, 0.5291666666666667]
Sample 14
Take max_iter as  1097
Score of validation 0.8944444444444445
Score of training 0.9763888888888889
Score of validation (classical) [0.7666666666666667, 0.8833333333333333, 0.8777777777777778, 0.49444444444444446]
Score of training (classical) [0.7361111111111112, 0.8916666666666667, 0.8847222222222222, 0.48333333333333334]
Sample 15
Take max_iter as  1109
Score of validation 0.8888888888888888
Score of training 0.975
Score of validation (classical) [0.7222222222222222, 0.8722222222222222, 0.8777777777777778, 0.5722222222222222]
Score of training (classical) [0.7111111111111111, 0.8861111111111111, 0.8819444444444444, 0.49722222222222223]
Sample 16
Take max_iter as  1083
Score of validation 0.8944444444444445
Score of training 0.9736111111111111
Score of validation (classical) [0.7611111111111111, 0.8555555555555555, 0.8444444444444444, 0.5222222222222223]
Score of training (classical) [0.7527777777777778, 0.8888888888888888, 0.8694444444444445, 0.49444444444444446]
Sample 17
Take max_iter as  1117
Score of validation 0.8666666666666667
Score of training 0.9763888888888889
Score of validation (classical) [0.7055555555555556, 0.8722222222222222, 0.8611111111111112, 0.4777777777777778]
Score of training (classical) [0.7597222222222222, 0.9083333333333333, 0.9013888888888889, 0.5472222222222223]
Sample 18
Take max_iter as  1175
Score of validation 0.8777777777777778
Score of training 0.9791666666666666
Score of validation (classical) [0.7333333333333333, 0.8166666666666667, 0.8166666666666667, 0.4666666666666667]
Score of training (classical) [0.7430555555555556, 0.8805555555555555, 0.8722222222222222, 0.4861111111111111]
Sample 19
Take max_iter as  1086
Score of validation 0.9111111111111111
Score of training 0.9736111111111111
Score of validation (classical) [0.7944444444444444, 0.9277777777777778, 0.9333333333333333, 0.45555555555555555]
Score of training (classical) [0.7430555555555556, 0.8694444444444445, 0.8597222222222223, 0.5152777777777777]
Sample 20
Take max_iter as  1176
Score of validation 0.8777777777777778
Score of training 0.9777777777777777
Score of validation (classical) [0.7888888888888889, 0.8833333333333333, 0.8722222222222222, 0.5611111111111111]
Score of training (classical) [0.75, 0.8736111111111111, 0.8611111111111112, 0.5666666666666667]
Sample 21
Take max_iter as  1065
Score of validation 0.8722222222222222
Score of training 0.9791666666666666
Score of validation (classical) [0.7166666666666667, 0.8388888888888889, 0.85, 0.4888888888888889]
Score of training (classical) [0.7375, 0.8763888888888889, 0.875, 0.4777777777777778]
Sample 22
Take max_iter as  1057
Score of validation 0.8722222222222222
Score of training 0.9652777777777778
Score of validation (classical) [0.7222222222222222, 0.8555555555555555, 0.8388888888888889, 0.5055555555555555]
Score of training (classical) [0.7375, 0.8638888888888889, 0.8513888888888889, 0.5083333333333333]
Sample 23
Take max_iter as  1166
Score of validation 0.8388888888888889
Score of training 0.9763888888888889
Score of validation (classical) [0.6944444444444444, 0.8277777777777777, 0.8222222222222222, 0.4111111111111111]
Score of training (classical) [0.7541666666666667, 0.8708333333333333, 0.8666666666666667, 0.5097222222222222]
Sample 24
Take max_iter as  1141
Score of validation 0.8555555555555555
Score of training 0.9805555555555555
Score of validation (classical) [0.6555555555555556, 0.8166666666666667, 0.8222222222222222, 0.4777777777777778]
Score of training (classical) [0.7569444444444444, 0.8763888888888889, 0.8680555555555556, 0.49444444444444446]
Sample 25
Take max_iter as  1145
Score of validation 0.8666666666666667
Score of training 0.9652777777777778
Score of validation (classical) [0.7611111111111111, 0.8833333333333333, 0.8666666666666667, 0.5611111111111111]
Score of training (classical) [0.7361111111111112, 0.8513888888888889, 0.8416666666666667, 0.5]
Sample 26
Take max_iter as  1095
Score of validation 0.8888888888888888
Score of training 0.9777777777777777
Score of validation (classical) [0.7388888888888889, 0.8611111111111112, 0.85, 0.4888888888888889]
Score of training (classical) [0.7361111111111112, 0.8819444444444444, 0.8861111111111111, 0.4986111111111111]
Sample 27
Take max_iter as  1091
Score of validation 0.9055555555555556
Score of training 0.9708333333333333
Score of validation (classical) [0.8111111111111111, 0.9, 0.8944444444444445, 0.4222222222222222]
Score of training (classical) [0.7652777777777777, 0.8680555555555556, 0.8583333333333333, 0.5208333333333334]
Sample 28
Take max_iter as  1137
Score of validation 0.9055555555555556
Score of training 0.9791666666666666
Score of validation (classical) [0.7111111111111111, 0.8166666666666667, 0.8111111111111111, 0.55]
Score of training (classical) [0.7375, 0.8763888888888889, 0.8736111111111111, 0.5]
Sample 29
Take max_iter as  1113
Score of validation 0.8833333333333333
Score of training 0.9791666666666666
Score of validation (classical) [0.7444444444444445, 0.8666666666666667, 0.8611111111111112, 0.5388888888888889]
Score of training (classical) [0.7277777777777777, 0.8763888888888889, 0.8763888888888889, 0.5069444444444444]
Sample 30
Take max_iter as  1167
Score of validation 0.8722222222222222
Score of training 0.9819444444444444
Score of validation (classical) [0.8, 0.8611111111111112, 0.85, 0.55]
Score of training (classical) [0.7583333333333333, 0.8833333333333333, 0.8791666666666667, 0.49583333333333335]
Sample 31
Take max_iter as  1194
Score of validation 0.85
Score of training 0.9694444444444444
Score of validation (classical) [0.6666666666666666, 0.8166666666666667, 0.8055555555555556, 0.4388888888888889]
Score of training (classical) [0.7458333333333333, 0.8805555555555555, 0.8680555555555556, 0.4847222222222222]
Sample 32
Take max_iter as  1137
Score of validation 0.8111111111111111
Score of training 0.9763888888888889
Score of validation (classical) [0.6666666666666666, 0.85, 0.8166666666666667, 0.4777777777777778]
Score of training (classical) [0.7680555555555556, 0.9097222222222222, 0.9013888888888889, 0.5263888888888889]
Sample 33
Take max_iter as  1050
Score of validation 0.8777777777777778
Score of training 0.9777777777777777
Score of validation (classical) [0.7444444444444445, 0.8333333333333334, 0.8388888888888889, 0.5055555555555555]
Score of training (classical) [0.7291666666666666, 0.8847222222222222, 0.8805555555555555, 0.49583333333333335]
Sample 34
Take max_iter as  1135
Score of validation 0.8555555555555555
Score of training 0.975
Score of validation (classical) [0.7611111111111111, 0.8277777777777777, 0.8333333333333334, 0.5555555555555556]
Score of training (classical) [0.7291666666666666, 0.8694444444444445, 0.8597222222222223, 0.49722222222222223]
Sample 35
Take max_iter as  1084
Score of validation 0.8666666666666667
Score of training 0.9722222222222222
Score of validation (classical) [0.7333333333333333, 0.85, 0.8555555555555555, 0.49444444444444446]
Score of training (classical) [0.7611111111111111, 0.8708333333333333, 0.8736111111111111, 0.49722222222222223]
Sample 36
Take max_iter as  1097
Score of validation 0.8777777777777778
Score of training 0.9791666666666666
Score of validation (classical) [0.7222222222222222, 0.8222222222222222, 0.8222222222222222, 0.4722222222222222]
Score of training (classical) [0.7472222222222222, 0.8736111111111111, 0.8694444444444445, 0.5]
Sample 37
Take max_iter as  1092
Score of validation 0.8722222222222222
Score of training 0.9722222222222222
Score of validation (classical) [0.7611111111111111, 0.85, 0.8888888888888888, 0.4666666666666667]
Score of training (classical) [0.7361111111111112, 0.8902777777777777, 0.8805555555555555, 0.5055555555555555]
Sample 38
Take max_iter as  1146
Score of validation 0.85
Score of training 0.9805555555555555
Score of validation (classical) [0.6777777777777778, 0.8555555555555555, 0.8444444444444444, 0.4777777777777778]
Score of training (classical) [0.7819444444444444, 0.8888888888888888, 0.8888888888888888, 0.5472222222222223]
Sample 39
Take max_iter as  1102
Score of validation 0.9222222222222223
Score of training 0.9736111111111111
Score of validation (classical) [0.7388888888888889, 0.8611111111111112, 0.8722222222222222, 0.4111111111111111]
Score of training (classical) [0.7527777777777778, 0.875, 0.8833333333333333, 0.475]
Sample 40
Take max_iter as  1087
Score of validation 0.8833333333333333
Score of training 0.9763888888888889
Score of validation (classical) [0.7166666666666667, 0.8555555555555555, 0.8555555555555555, 0.5444444444444444]
Score of training (classical) [0.7555555555555555, 0.8652777777777778, 0.8666666666666667, 0.5083333333333333]
Sample 41
Take max_iter as  1068
Score of validation 0.8777777777777778
Score of training 0.9791666666666666
Score of validation (classical) [0.8166666666666667, 0.8888888888888888, 0.8888888888888888, 0.5611111111111111]
Score of training (classical) [0.7638888888888888, 0.8694444444444445, 0.8694444444444445, 0.48333333333333334]
Sample 42
Take max_iter as  1144
Score of validation 0.85
Score of training 0.9763888888888889
Score of validation (classical) [0.7444444444444445, 0.8166666666666667, 0.8333333333333334, 0.5888888888888889]
Score of training (classical) [0.7430555555555556, 0.8708333333333333, 0.8555555555555555, 0.5166666666666667]
Sample 43
Take max_iter as  1184
Score of validation 0.9
Score of training 0.9777777777777777
Score of validation (classical) [0.6833333333333333, 0.8277777777777777, 0.8333333333333334, 0.4722222222222222]
Score of training (classical) [0.7375, 0.8805555555555555, 0.8777777777777778, 0.5527777777777778]
Sample 44
Take max_iter as  1136
Score of validation 0.8444444444444444
Score of training 0.9708333333333333
Score of validation (classical) [0.75, 0.8388888888888889, 0.8388888888888889, 0.5833333333333334]
Score of training (classical) [0.7416666666666667, 0.8625, 0.8722222222222222, 0.5125]
Sample 45
Take max_iter as  1136
Score of validation 0.8222222222222222
Score of training 0.9708333333333333
Score of validation (classical) [0.6888888888888889, 0.8277777777777777, 0.8277777777777777, 0.55]
Score of training (classical) [0.7375, 0.8958333333333334, 0.8930555555555556, 0.5083333333333333]
Sample 46
Take max_iter as  1131
Score of validation 0.9
Score of training 0.9708333333333333
Score of validation (classical) [0.7777777777777778, 0.8611111111111112, 0.8722222222222222, 0.43333333333333335]
Score of training (classical) [0.7041666666666667, 0.8666666666666667, 0.8819444444444444, 0.4888888888888889]
Sample 47
Take max_iter as  1186
Score of validation 0.8944444444444445
Score of training 0.9736111111111111
Score of validation (classical) [0.7277777777777777, 0.8888888888888888, 0.8722222222222222, 0.5666666666666667]
Score of training (classical) [0.7416666666666667, 0.8736111111111111, 0.8708333333333333, 0.5388888888888889]
Sample 48
Take max_iter as  1091
Score of validation 0.8888888888888888
Score of training 0.9722222222222222
Score of validation (classical) [0.7166666666666667, 0.8666666666666667, 0.8555555555555555, 0.5388888888888889]
Score of training (classical) [0.7319444444444444, 0.8888888888888888, 0.875, 0.5347222222222222]
Sample 49
Take max_iter as  1131
Score of validation 0.8777777777777778
Score of training 0.9819444444444444
Score of validation (classical) [0.7722222222222223, 0.8888888888888888, 0.8944444444444445, 0.5222222222222223]
Score of training (classical) [0.7416666666666667, 0.8736111111111111, 0.8666666666666667, 0.4888888888888889]
Sample 50
Take max_iter as  1080
Score of validation 0.8777777777777778
Score of training 0.9652777777777778
Score of validation (classical) [0.7666666666666667, 0.8833333333333333, 0.8888888888888888, 0.5111111111111111]
Score of training (classical) [0.7472222222222222, 0.8694444444444445, 0.8611111111111112, 0.5375]
Sample 51
Take max_iter as  1105
Score of validation 0.8666666666666667
Score of training 0.9722222222222222
Score of validation (classical) [0.7111111111111111, 0.85, 0.8277777777777777, 0.49444444444444446]
Score of training (classical) [0.7513888888888889, 0.8888888888888888, 0.8722222222222222, 0.5305555555555556]
Sample 52
Take max_iter as  1186
Score of validation 0.8944444444444445
Score of training 0.9777777777777777
Score of validation (classical) [0.7333333333333333, 0.85, 0.8444444444444444, 0.5222222222222223]
Score of training (classical) [0.7666666666666667, 0.8888888888888888, 0.875, 0.5138888888888888]
Sample 53
Take max_iter as  1130
Score of validation 0.8777777777777778
Score of training 0.975
Score of validation (classical) [0.8, 0.8666666666666667, 0.8777777777777778, 0.5777777777777777]
Score of training (classical) [0.725, 0.8625, 0.8652777777777778, 0.4666666666666667]
Sample 54
Take max_iter as  1083
Score of validation 0.8611111111111112
Score of training 0.9791666666666666
Score of validation (classical) [0.7333333333333333, 0.8777777777777778, 0.8666666666666667, 0.5444444444444444]
Score of training (classical) [0.7583333333333333, 0.9041666666666667, 0.8944444444444445, 0.4777777777777778]
Sample 55
Take max_iter as  1058
Score of validation 0.8666666666666667
Score of training 0.9722222222222222
Score of validation (classical) [0.7277777777777777, 0.8222222222222222, 0.8388888888888889, 0.5388888888888889]
Score of training (classical) [0.7305555555555555, 0.8666666666666667, 0.8583333333333333, 0.4888888888888889]
Sample 56
Take max_iter as  1061
Score of validation 0.8944444444444445
Score of training 0.9736111111111111
Score of validation (classical) [0.7388888888888889, 0.8611111111111112, 0.8722222222222222, 0.45555555555555555]
Score of training (classical) [0.7458333333333333, 0.8694444444444445, 0.8930555555555556, 0.46805555555555556]
Sample 57
Take max_iter as  1210
Score of validation 0.8666666666666667
Score of training 0.9694444444444444
Score of validation (classical) [0.7666666666666667, 0.8722222222222222, 0.85, 0.45555555555555555]
Score of training (classical) [0.7416666666666667, 0.8763888888888889, 0.8986111111111111, 0.44722222222222224]
Sample 58
Take max_iter as  992
Score of validation 0.8333333333333334
Score of training 0.975
Score of validation (classical) [0.7777777777777778, 0.8444444444444444, 0.8666666666666667, 0.5388888888888889]
Score of training (classical) [0.7375, 0.8805555555555555, 0.8694444444444445, 0.5069444444444444]
Sample 59
Take max_iter as  1100
Score of validation 0.8666666666666667
Score of training 0.9763888888888889
Score of validation (classical) [0.7333333333333333, 0.8555555555555555, 0.85, 0.5]
Score of training (classical) [0.7430555555555556, 0.8569444444444444, 0.8597222222222223, 0.45555555555555555]
Sample 60
Take max_iter as  1143
Score of validation 0.8555555555555555
Score of training 0.9763888888888889
Score of validation (classical) [0.7055555555555556, 0.8222222222222222, 0.8166666666666667, 0.5111111111111111]
Score of training (classical) [0.7722222222222223, 0.8763888888888889, 0.8680555555555556, 0.49722222222222223]
Sample 61
Take max_iter as  1160
Score of validation 0.8611111111111112
Score of training 0.9805555555555555
Score of validation (classical) [0.7333333333333333, 0.9, 0.8888888888888888, 0.4166666666666667]
Score of training (classical) [0.75, 0.8805555555555555, 0.8833333333333333, 0.44583333333333336]
Sample 62
Take max_iter as  1031
Score of validation 0.8722222222222222
Score of training 0.9680555555555556
Score of validation (classical) [0.7611111111111111, 0.8055555555555556, 0.8111111111111111, 0.5]
Score of training (classical) [0.7486111111111111, 0.8763888888888889, 0.8652777777777778, 0.5416666666666666]
Sample 63
Take max_iter as  1146
Score of validation 0.9055555555555556
Score of training 0.9805555555555555
Score of validation (classical) [0.7666666666666667, 0.8944444444444445, 0.8944444444444445, 0.5055555555555555]
Score of training (classical) [0.75, 0.8972222222222223, 0.8736111111111111, 0.5166666666666667]
Sample 64
Take max_iter as  1186
Score of validation 0.8777777777777778
Score of training 0.9708333333333333
Score of validation (classical) [0.7611111111111111, 0.8444444444444444, 0.85, 0.5277777777777778]
Score of training (classical) [0.7388888888888889, 0.8638888888888889, 0.8583333333333333, 0.49027777777777776]
Sample 65
Take max_iter as  1074
Score of validation 0.8944444444444445
Score of training 0.9763888888888889
Score of validation (classical) [0.6666666666666666, 0.8666666666666667, 0.8555555555555555, 0.4777777777777778]
Score of training (classical) [0.7569444444444444, 0.8625, 0.8569444444444444, 0.5305555555555556]
Sample 66
Take max_iter as  1107
Score of validation 0.8666666666666667
Score of training 0.9791666666666666
Score of validation (classical) [0.6944444444444444, 0.8444444444444444, 0.8444444444444444, 0.46111111111111114]
Score of training (classical) [0.7388888888888889, 0.875, 0.8777777777777778, 0.4986111111111111]
Sample 67
Take max_iter as  1171
Score of validation 0.8222222222222222
Score of training 0.9736111111111111
Score of validation (classical) [0.6777777777777778, 0.7944444444444444, 0.8055555555555556, 0.4888888888888889]
Score of training (classical) [0.7416666666666667, 0.9, 0.8777777777777778, 0.49444444444444446]
Sample 68
Take max_iter as  1135
Score of validation 0.8666666666666667
Score of training 0.9777777777777777
Score of validation (classical) [0.75, 0.8277777777777777, 0.8444444444444444, 0.4666666666666667]
Score of training (classical) [0.7222222222222222, 0.8819444444444444, 0.8958333333333334, 0.5]
Sample 69
Take max_iter as  1153
Score of validation 0.85
Score of training 0.9777777777777777
Score of validation (classical) [0.5944444444444444, 0.8444444444444444, 0.8111111111111111, 0.5166666666666667]
Score of training (classical) [0.7486111111111111, 0.8986111111111111, 0.8875, 0.5513888888888889]
Sample 70
Take max_iter as  1127
Score of validation 0.8666666666666667
Score of training 0.9680555555555556
Score of validation (classical) [0.7055555555555556, 0.8333333333333334, 0.8277777777777777, 0.5555555555555556]
Score of training (classical) [0.7263888888888889, 0.8736111111111111, 0.8611111111111112, 0.5069444444444444]
Sample 71
Take max_iter as  1112
Score of validation 0.8777777777777778
Score of training 0.9791666666666666
Score of validation (classical) [0.7166666666666667, 0.8166666666666667, 0.8277777777777777, 0.5277777777777778]
Score of training (classical) [0.7569444444444444, 0.8708333333333333, 0.8722222222222222, 0.5194444444444445]
Sample 72
Take max_iter as  1110
Score of validation 0.9166666666666666
Score of training 0.975
Score of validation (classical) [0.7611111111111111, 0.8611111111111112, 0.8777777777777778, 0.5166666666666667]
Score of training (classical) [0.7513888888888889, 0.8791666666666667, 0.8680555555555556, 0.5097222222222222]
Sample 73
Take max_iter as  1077
Score of validation 0.9166666666666666
Score of training 0.9805555555555555
Score of validation (classical) [0.7888888888888889, 0.8944444444444445, 0.8888888888888888, 0.5166666666666667]
Score of training (classical) [0.7319444444444444, 0.8888888888888888, 0.8819444444444444, 0.4861111111111111]
Sample 74
Take max_iter as  1254
Score of validation 0.9055555555555556
Score of training 0.9763888888888889
Score of validation (classical) [0.7166666666666667, 0.8277777777777777, 0.8166666666666667, 0.48333333333333334]
Score of training (classical) [0.7611111111111111, 0.8736111111111111, 0.8694444444444445, 0.5166666666666667]
Sample 75
Take max_iter as  1150
Score of validation 0.8555555555555555
Score of training 0.975
Score of validation (classical) [0.7333333333333333, 0.8666666666666667, 0.85, 0.5222222222222223]
Score of training (classical) [0.7347222222222223, 0.8625, 0.8805555555555555, 0.48194444444444445]
Sample 76
Take max_iter as  1092
Score of validation 0.8777777777777778
Score of training 0.9722222222222222
Score of validation (classical) [0.7444444444444445, 0.8944444444444445, 0.8722222222222222, 0.48333333333333334]
Score of training (classical) [0.7236111111111111, 0.8847222222222222, 0.8833333333333333, 0.4875]
Sample 77
Take max_iter as  1081
Score of validation 0.8888888888888888
Score of training 0.9777777777777777
Score of validation (classical) [0.7944444444444444, 0.8722222222222222, 0.8833333333333333, 0.48333333333333334]
Score of training (classical) [0.7375, 0.8777777777777778, 0.8708333333333333, 0.5013888888888889]
Sample 78
Take max_iter as  1110
Score of validation 0.8611111111111112
Score of training 0.9722222222222222
Score of validation (classical) [0.7166666666666667, 0.8722222222222222, 0.8777777777777778, 0.5055555555555555]
Score of training (classical) [0.7444444444444445, 0.8638888888888889, 0.8652777777777778, 0.5194444444444445]
Sample 79
Take max_iter as  1148
Score of validation 0.85
Score of training 0.9680555555555556
Score of validation (classical) [0.7166666666666667, 0.8611111111111112, 0.8333333333333334, 0.5]
Score of training (classical) [0.7208333333333333, 0.8597222222222223, 0.8541666666666666, 0.5138888888888888]
Sample 80
Take max_iter as  1091
Score of validation 0.9166666666666666
Score of training 0.9791666666666666
Score of validation (classical) [0.7388888888888889, 0.8666666666666667, 0.8333333333333334, 0.46111111111111114]
Score of training (classical) [0.7583333333333333, 0.8541666666666666, 0.85, 0.5194444444444445]
Sample 81
Take max_iter as  1155
Score of validation 0.8722222222222222
Score of training 0.9736111111111111
Score of validation (classical) [0.7055555555555556, 0.8777777777777778, 0.8611111111111112, 0.4777777777777778]
Score of training (classical) [0.7569444444444444, 0.8930555555555556, 0.8916666666666667, 0.5152777777777777]
Sample 82
Take max_iter as  1088
Score of validation 0.8611111111111112
Score of training 0.9763888888888889
Score of validation (classical) [0.7555555555555555, 0.8388888888888889, 0.8333333333333334, 0.5222222222222223]
Score of training (classical) [0.7458333333333333, 0.8680555555555556, 0.8611111111111112, 0.5055555555555555]
Sample 83
Take max_iter as  1094
Score of validation 0.9222222222222223
Score of training 0.9736111111111111
Score of validation (classical) [0.7388888888888889, 0.8555555555555555, 0.8555555555555555, 0.5555555555555556]
Score of training (classical) [0.7375, 0.8708333333333333, 0.8708333333333333, 0.5083333333333333]
Sample 84
Take max_iter as  1036
Score of validation 0.8944444444444445
Score of training 0.9833333333333333
Score of validation (classical) [0.6888888888888889, 0.85, 0.8666666666666667, 0.49444444444444446]
Score of training (classical) [0.7361111111111112, 0.9, 0.9, 0.5333333333333333]
Sample 85
Take max_iter as  1074
Score of validation 0.8833333333333333
Score of training 0.9708333333333333
Score of validation (classical) [0.7388888888888889, 0.8555555555555555, 0.8722222222222222, 0.5333333333333333]
Score of training (classical) [0.7333333333333333, 0.8486111111111111, 0.8444444444444444, 0.5111111111111111]
Sample 86
Take max_iter as  1112
Score of validation 0.8611111111111112
Score of training 0.975
Score of validation (classical) [0.7666666666666667, 0.8333333333333334, 0.8166666666666667, 0.5277777777777778]
Score of training (classical) [0.7291666666666666, 0.8708333333333333, 0.8694444444444445, 0.5]
Sample 87
Take max_iter as  1161
Score of validation 0.8944444444444445
Score of training 0.9777777777777777
Score of validation (classical) [0.7444444444444445, 0.8722222222222222, 0.9, 0.5277777777777778]
Score of training (classical) [0.7236111111111111, 0.8791666666666667, 0.8763888888888889, 0.5236111111111111]
Sample 88
Take max_iter as  1145
Score of validation 0.8388888888888889
Score of training 0.9777777777777777
Score of validation (classical) [0.7777777777777778, 0.8166666666666667, 0.8388888888888889, 0.49444444444444446]
Score of training (classical) [0.7416666666666667, 0.8597222222222223, 0.8652777777777778, 0.49027777777777776]
Sample 89
Take max_iter as  1171
Score of validation 0.85
Score of training 0.9777777777777777
Score of validation (classical) [0.7055555555555556, 0.7944444444444444, 0.7944444444444444, 0.5277777777777778]
Score of training (classical) [0.7625, 0.8736111111111111, 0.8625, 0.5222222222222223]
Sample 90
Take max_iter as  1163
Score of validation 0.8888888888888888
Score of training 0.9736111111111111
Score of validation (classical) [0.7888888888888889, 0.8722222222222222, 0.8777777777777778, 0.55]
Score of training (classical) [0.7416666666666667, 0.8638888888888889, 0.8722222222222222, 0.4986111111111111]
Sample 91
Take max_iter as  1129
Score of validation 0.8722222222222222
Score of training 0.9736111111111111
Score of validation (classical) [0.7111111111111111, 0.8444444444444444, 0.8555555555555555, 0.5111111111111111]
Score of training (classical) [0.7513888888888889, 0.8722222222222222, 0.8611111111111112, 0.5652777777777778]
Sample 92
Take max_iter as  1041
Score of validation 0.9
Score of training 0.975
Score of validation (classical) [0.7166666666666667, 0.8888888888888888, 0.8555555555555555, 0.5166666666666667]
Score of training (classical) [0.7388888888888889, 0.8944444444444445, 0.8805555555555555, 0.5055555555555555]
Sample 93
Take max_iter as  1175
Score of validation 0.8666666666666667
Score of training 0.9680555555555556
Score of validation (classical) [0.7388888888888889, 0.8722222222222222, 0.8722222222222222, 0.4722222222222222]
Score of training (classical) [0.7375, 0.85, 0.8472222222222222, 0.5180555555555556]
Sample 94
Take max_iter as  1144
Score of validation 0.8444444444444444
Score of training 0.9777777777777777
Score of validation (classical) [0.7277777777777777, 0.8555555555555555, 0.8333333333333334, 0.5666666666666667]
Score of training (classical) [0.7333333333333333, 0.9027777777777778, 0.8861111111111111, 0.5222222222222223]
Sample 95
Take max_iter as  1177
Score of validation 0.8722222222222222
Score of training 0.9777777777777777
Score of validation (classical) [0.7611111111111111, 0.8611111111111112, 0.8611111111111112, 0.5277777777777778]
Score of training (classical) [0.7416666666666667, 0.8708333333333333, 0.8666666666666667, 0.5166666666666667]
Sample 96
Take max_iter as  1140
Score of validation 0.8611111111111112
Score of training 0.9680555555555556
Score of validation (classical) [0.7444444444444445, 0.8388888888888889, 0.8333333333333334, 0.4777777777777778]
Score of training (classical) [0.7277777777777777, 0.8625, 0.8569444444444444, 0.5055555555555555]
Sample 97
Take max_iter as  1106
Score of validation 0.8722222222222222
Score of training 0.9652777777777778
Score of validation (classical) [0.7055555555555556, 0.8444444444444444, 0.85, 0.5444444444444444]
Score of training (classical) [0.7361111111111112, 0.8583333333333333, 0.8541666666666666, 0.4777777777777778]
Sample 98
Take max_iter as  1128
Score of validation 0.8888888888888888
Score of training 0.9722222222222222
Score of validation (classical) [0.7833333333333333, 0.8444444444444444, 0.8611111111111112, 0.5055555555555555]
Score of training (classical) [0.7430555555555556, 0.8819444444444444, 0.8791666666666667, 0.49166666666666664]
Sample 99
Take max_iter as  1108
Score of validation 0.8833333333333333
Score of training 0.975
Score of validation (classical) [0.7222222222222222, 0.8666666666666667, 0.8666666666666667, 0.5555555555555556]
Score of training (classical) [0.7291666666666666, 0.8722222222222222, 0.8583333333333333, 0.49444444444444446]
Sample 100
Take max_iter as  1060
Score of validation 0.8388888888888889
Score of training 0.9625
Score of validation (classical) [0.6944444444444444, 0.85, 0.8222222222222222, 0.5222222222222223]
Score of training (classical) [0.7513888888888889, 0.8638888888888889, 0.8625, 0.5263888888888889]
Sample 101
Take max_iter as  1130
Score of validation 0.8555555555555555
Score of training 0.9736111111111111
Score of validation (classical) [0.8222222222222222, 0.9, 0.9, 0.4888888888888889]
Score of training (classical) [0.7305555555555555, 0.8875, 0.8791666666666667, 0.5055555555555555]
Sample 102
Take max_iter as  1167
Score of validation 0.85
Score of training 0.975
Score of validation (classical) [0.7222222222222222, 0.8444444444444444, 0.8277777777777777, 0.46111111111111114]
Score of training (classical) [0.7361111111111112, 0.8625, 0.8736111111111111, 0.5125]
Sample 103
Take max_iter as  1155
Score of validation 0.8722222222222222
Score of training 0.975
Score of validation (classical) [0.6833333333333333, 0.8166666666666667, 0.8055555555555556, 0.4666666666666667]
Score of training (classical) [0.7583333333333333, 0.8680555555555556, 0.8555555555555555, 0.5333333333333333]
Sample 104
Take max_iter as  1104
Score of validation 0.8555555555555555
Score of training 0.9763888888888889
Score of validation (classical) [0.6944444444444444, 0.8444444444444444, 0.8388888888888889, 0.4666666666666667]
Score of training (classical) [0.7291666666666666, 0.8694444444444445, 0.8763888888888889, 0.5166666666666667]
Sample 105
Take max_iter as  1088
Score of validation 0.9
Score of training 0.9791666666666666
Score of validation (classical) [0.8, 0.9, 0.9222222222222223, 0.5333333333333333]
Score of training (classical) [0.7180555555555556, 0.8819444444444444, 0.8791666666666667, 0.4861111111111111]
Sample 106
Take max_iter as  1121
Score of validation 0.8777777777777778
Score of training 0.975
Score of validation (classical) [0.7666666666666667, 0.8777777777777778, 0.8722222222222222, 0.4888888888888889]
Score of training (classical) [0.7680555555555556, 0.9027777777777778, 0.8944444444444445, 0.5305555555555556]
Sample 107
Take max_iter as  1102
Score of validation 0.9
Score of training 0.9736111111111111
Score of validation (classical) [0.7222222222222222, 0.8944444444444445, 0.8944444444444445, 0.45555555555555555]
Score of training (classical) [0.7388888888888889, 0.8875, 0.8805555555555555, 0.48333333333333334]
Sample 108
Take max_iter as  1160
Score of validation 0.8777777777777778
Score of training 0.9722222222222222
Score of validation (classical) [0.7444444444444445, 0.8666666666666667, 0.8444444444444444, 0.5055555555555555]
Score of training (classical) [0.7513888888888889, 0.8694444444444445, 0.8638888888888889, 0.5027777777777778]
Sample 109
Take max_iter as  1225
Score of validation 0.9
Score of training 0.9722222222222222
Score of validation (classical) [0.7555555555555555, 0.85, 0.85, 0.5388888888888889]
Score of training (classical) [0.7319444444444444, 0.8777777777777778, 0.8763888888888889, 0.47638888888888886]
Sample 110
Take max_iter as  1062
Score of validation 0.8666666666666667
Score of training 0.9708333333333333
Score of validation (classical) [0.7, 0.8388888888888889, 0.85, 0.49444444444444446]
Score of training (classical) [0.7458333333333333, 0.8819444444444444, 0.8861111111111111, 0.5291666666666667]
Sample 111
Take max_iter as  1150
Score of validation 0.8611111111111112
Score of training 0.975
Score of validation (classical) [0.7111111111111111, 0.8444444444444444, 0.8555555555555555, 0.46111111111111114]
Score of training (classical) [0.7555555555555555, 0.8736111111111111, 0.8611111111111112, 0.48055555555555557]
Sample 112
Take max_iter as  1130
Score of validation 0.8722222222222222
Score of training 0.9791666666666666
Score of validation (classical) [0.7777777777777778, 0.8444444444444444, 0.8555555555555555, 0.4666666666666667]
Score of training (classical) [0.7555555555555555, 0.8930555555555556, 0.8680555555555556, 0.49444444444444446]
Sample 113
Take max_iter as  1061
Score of validation 0.8722222222222222
Score of training 0.9625
Score of validation (classical) [0.7333333333333333, 0.8111111111111111, 0.8055555555555556, 0.5666666666666667]
Score of training (classical) [0.7694444444444445, 0.8833333333333333, 0.8708333333333333, 0.5236111111111111]
Sample 114
Take max_iter as  1226
Score of validation 0.8444444444444444
Score of training 0.9833333333333333
Score of validation (classical) [0.7777777777777778, 0.8555555555555555, 0.8611111111111112, 0.5166666666666667]
Score of training (classical) [0.7583333333333333, 0.8638888888888889, 0.8513888888888889, 0.525]
Sample 115
Take max_iter as  1198
Score of validation 0.8277777777777777
Score of training 0.9833333333333333
Score of validation (classical) [0.6888888888888889, 0.7888888888888889, 0.8, 0.5777777777777777]
Score of training (classical) [0.7472222222222222, 0.875, 0.8694444444444445, 0.5791666666666667]
Sample 116
Take max_iter as  1160
Score of validation 0.9055555555555556
Score of training 0.9763888888888889
Score of validation (classical) [0.7111111111111111, 0.85, 0.8611111111111112, 0.5]
Score of training (classical) [0.7416666666666667, 0.8763888888888889, 0.8708333333333333, 0.5138888888888888]
Sample 117
Take max_iter as  1179
Score of validation 0.8888888888888888
Score of training 0.9763888888888889
Score of validation (classical) [0.7, 0.8388888888888889, 0.8666666666666667, 0.5388888888888889]
Score of training (classical) [0.7444444444444445, 0.8763888888888889, 0.8708333333333333, 0.4875]
Sample 118
Take max_iter as  1226
Score of validation 0.8611111111111112
Score of training 0.9736111111111111
Score of validation (classical) [0.7, 0.8222222222222222, 0.8444444444444444, 0.4777777777777778]
Score of training (classical) [0.7388888888888889, 0.8722222222222222, 0.8736111111111111, 0.5263888888888889]
Sample 119
Take max_iter as  1173
Score of validation 0.8944444444444445
Score of training 0.9791666666666666
Score of validation (classical) [0.7222222222222222, 0.8444444444444444, 0.8555555555555555, 0.5111111111111111]
Score of training (classical) [0.7291666666666666, 0.8666666666666667, 0.8666666666666667, 0.5]
Sample 120
Take max_iter as  1107
Score of validation 0.9333333333333333
Score of training 0.9736111111111111
Score of validation (classical) [0.6944444444444444, 0.8944444444444445, 0.8944444444444445, 0.5333333333333333]
Score of training (classical) [0.7236111111111111, 0.8680555555555556, 0.8708333333333333, 0.49166666666666664]
Sample 121
Take max_iter as  1118
Score of validation 0.8222222222222222
Score of training 0.9777777777777777
Score of validation (classical) [0.6722222222222223, 0.8, 0.7944444444444444, 0.4222222222222222]
Score of training (classical) [0.7388888888888889, 0.8597222222222223, 0.8652777777777778, 0.5055555555555555]
Sample 122
Take max_iter as  1068
Score of validation 0.9277777777777778
Score of training 0.9722222222222222
Score of validation (classical) [0.7555555555555555, 0.8666666666666667, 0.8666666666666667, 0.45555555555555555]
Score of training (classical) [0.7527777777777778, 0.8805555555555555, 0.8819444444444444, 0.48194444444444445]
Sample 123
Take max_iter as  1138
Score of validation 0.8666666666666667
Score of training 0.975
Score of validation (classical) [0.7166666666666667, 0.8555555555555555, 0.8666666666666667, 0.5166666666666667]
Score of training (classical) [0.7166666666666667, 0.8583333333333333, 0.8583333333333333, 0.49166666666666664]
Sample 124
Take max_iter as  1222
Score of validation 0.8388888888888889
Score of training 0.9680555555555556
Score of validation (classical) [0.7111111111111111, 0.8666666666666667, 0.8777777777777778, 0.4666666666666667]
Score of training (classical) [0.7347222222222223, 0.8694444444444445, 0.8555555555555555, 0.5041666666666667]
Sample 125
Take max_iter as  1117
Score of validation 0.8722222222222222
Score of training 0.9777777777777777
Score of validation (classical) [0.7333333333333333, 0.8777777777777778, 0.8833333333333333, 0.49444444444444446]
Score of training (classical) [0.7402777777777778, 0.8833333333333333, 0.8805555555555555, 0.4888888888888889]
Sample 126
Take max_iter as  1123
Score of validation 0.8611111111111112
Score of training 0.9666666666666667
Score of validation (classical) [0.6833333333333333, 0.8388888888888889, 0.8166666666666667, 0.5777777777777777]
Score of training (classical) [0.7486111111111111, 0.8763888888888889, 0.8694444444444445, 0.5680555555555555]
Sample 127
Take max_iter as  1109
Score of validation 0.8611111111111112
Score of training 0.9819444444444444
Score of validation (classical) [0.7166666666666667, 0.8555555555555555, 0.8444444444444444, 0.5388888888888889]
Score of training (classical) [0.7375, 0.8736111111111111, 0.8569444444444444, 0.46805555555555556]
Sample 128
Take max_iter as  1185
Score of validation 0.8166666666666667
Score of training 0.9763888888888889
Score of validation (classical) [0.75, 0.8444444444444444, 0.8611111111111112, 0.5444444444444444]
Score of training (classical) [0.7736111111111111, 0.8875, 0.8819444444444444, 0.5305555555555556]
Sample 129
Take max_iter as  1155
Score of validation 0.8777777777777778
Score of training 0.9847222222222223
Score of validation (classical) [0.7444444444444445, 0.8222222222222222, 0.8, 0.5388888888888889]
Score of training (classical) [0.7763888888888889, 0.8736111111111111, 0.8569444444444444, 0.5097222222222222]
Sample 130
Take max_iter as  1134
Score of validation 0.9166666666666666
Score of training 0.9694444444444444
Score of validation (classical) [0.7277777777777777, 0.8833333333333333, 0.9, 0.5944444444444444]
Score of training (classical) [0.7305555555555555, 0.875, 0.8847222222222222, 0.48333333333333334]
Sample 131
Take max_iter as  1113
Score of validation 0.9111111111111111
Score of training 0.9777777777777777
Score of validation (classical) [0.7222222222222222, 0.8777777777777778, 0.8611111111111112, 0.5]
Score of training (classical) [0.7291666666666666, 0.8708333333333333, 0.8777777777777778, 0.5055555555555555]
Sample 132
Take max_iter as  1302
Score of validation 0.8611111111111112
Score of training 0.9777777777777777
Score of validation (classical) [0.7777777777777778, 0.85, 0.8611111111111112, 0.4222222222222222]
Score of training (classical) [0.7541666666666667, 0.875, 0.8597222222222223, 0.5069444444444444]
Sample 133
Take max_iter as  1193
Score of validation 0.8444444444444444
Score of training 0.9694444444444444
Score of validation (classical) [0.7166666666666667, 0.85, 0.8388888888888889, 0.5777777777777777]
Score of training (classical) [0.7666666666666667, 0.8666666666666667, 0.8597222222222223, 0.5041666666666667]
Sample 134
Take max_iter as  1097
Score of validation 0.8611111111111112
Score of training 0.9597222222222223
Score of validation (classical) [0.7111111111111111, 0.8611111111111112, 0.8611111111111112, 0.4222222222222222]
Score of training (classical) [0.7263888888888889, 0.8611111111111112, 0.8680555555555556, 0.5208333333333334]
Sample 135
Take max_iter as  1120
Score of validation 0.8944444444444445
Score of training 0.9708333333333333
Score of validation (classical) [0.7666666666666667, 0.8777777777777778, 0.8777777777777778, 0.5277777777777778]
Score of training (classical) [0.7277777777777777, 0.8986111111111111, 0.8986111111111111, 0.4930555555555556]
Sample 136
Take max_iter as  1112
Score of validation 0.8666666666666667
Score of training 0.9833333333333333
Score of validation (classical) [0.7055555555555556, 0.85, 0.8444444444444444, 0.5166666666666667]
Score of training (classical) [0.7416666666666667, 0.8805555555555555, 0.8722222222222222, 0.5236111111111111]
Sample 137
Take max_iter as  1060
Score of validation 0.9
Score of training 0.9736111111111111
Score of validation (classical) [0.7666666666666667, 0.8555555555555555, 0.8666666666666667, 0.4666666666666667]
Score of training (classical) [0.7388888888888889, 0.8597222222222223, 0.8791666666666667, 0.48333333333333334]
Sample 138
Take max_iter as  1187
Score of validation 0.9
Score of training 0.9666666666666667
Score of validation (classical) [0.7388888888888889, 0.8222222222222222, 0.8444444444444444, 0.45]
Score of training (classical) [0.7319444444444444, 0.8638888888888889, 0.8625, 0.5194444444444445]
Sample 139
Take max_iter as  1122
Score of validation 0.8555555555555555
Score of training 0.9763888888888889
Score of validation (classical) [0.7333333333333333, 0.8388888888888889, 0.85, 0.5111111111111111]
Score of training (classical) [0.7638888888888888, 0.8875, 0.8722222222222222, 0.5277777777777778]
Sample 140
Take max_iter as  1144
Score of validation 0.9
Score of training 0.9652777777777778
Score of validation (classical) [0.75, 0.8666666666666667, 0.8666666666666667, 0.4388888888888889]
Score of training (classical) [0.7513888888888889, 0.8666666666666667, 0.8597222222222223, 0.5375]
Sample 141
Take max_iter as  1103
Score of validation 0.8666666666666667
Score of training 0.9694444444444444
Score of validation (classical) [0.7722222222222223, 0.8777777777777778, 0.8833333333333333, 0.5388888888888889]
Score of training (classical) [0.7083333333333334, 0.8611111111111112, 0.8722222222222222, 0.4930555555555556]
Sample 142
Take max_iter as  1149
Score of validation 0.8444444444444444
Score of training 0.9861111111111112
Score of validation (classical) [0.6777777777777778, 0.8055555555555556, 0.8111111111111111, 0.5277777777777778]
Score of training (classical) [0.7333333333333333, 0.8847222222222222, 0.8875, 0.5180555555555556]
Sample 143
Take max_iter as  1119
Score of validation 0.8833333333333333
Score of training 0.9652777777777778
Score of validation (classical) [0.7, 0.85, 0.85, 0.48333333333333334]
Score of training (classical) [0.7291666666666666, 0.8777777777777778, 0.8763888888888889, 0.5]
Sample 144
Take max_iter as  1106
Score of validation 0.8722222222222222
Score of training 0.9847222222222223
Score of validation (classical) [0.7444444444444445, 0.8666666666666667, 0.8777777777777778, 0.5333333333333333]
Score of training (classical) [0.7430555555555556, 0.8847222222222222, 0.8833333333333333, 0.5083333333333333]
Sample 145
Take max_iter as  1050
Score of validation 0.9
Score of training 0.9652777777777778
Score of validation (classical) [0.7444444444444445, 0.8833333333333333, 0.9, 0.5055555555555555]
Score of training (classical) [0.725, 0.8638888888888889, 0.8666666666666667, 0.5083333333333333]
Sample 146
Take max_iter as  1124
Score of validation 0.8611111111111112
Score of training 0.9736111111111111
Score of validation (classical) [0.7166666666666667, 0.8611111111111112, 0.8444444444444444, 0.49444444444444446]
Score of training (classical) [0.7305555555555555, 0.8680555555555556, 0.8708333333333333, 0.5611111111111111]
Sample 147
Take max_iter as  1118
Score of validation 0.8611111111111112
Score of training 0.9722222222222222
Score of validation (classical) [0.8111111111111111, 0.8888888888888888, 0.8944444444444445, 0.5111111111111111]
Score of training (classical) [0.7541666666666667, 0.8666666666666667, 0.8722222222222222, 0.47638888888888886]
Sample 148
Take max_iter as  1118
Score of validation 0.85
Score of training 0.975
Score of validation (classical) [0.7777777777777778, 0.8722222222222222, 0.8722222222222222, 0.6]
Score of training (classical) [0.7388888888888889, 0.8930555555555556, 0.8819444444444444, 0.5208333333333334]
Sample 149
Take max_iter as  1065
Score of validation 0.8722222222222222
Score of training 0.9805555555555555
Score of validation (classical) [0.7222222222222222, 0.8111111111111111, 0.8055555555555556, 0.55]
Score of training (classical) [0.7527777777777778, 0.8972222222222223, 0.8930555555555556, 0.4986111111111111]
Sample 150
Take max_iter as  1080
Score of validation 0.9166666666666666
Score of training 0.975
Score of validation (classical) [0.8055555555555556, 0.8888888888888888, 0.9, 0.5333333333333333]
Score of training (classical) [0.7027777777777777, 0.8736111111111111, 0.8569444444444444, 0.44305555555555554]
Sample 151
Take max_iter as  1111
Score of validation 0.8722222222222222
Score of training 0.9680555555555556
Score of validation (classical) [0.8222222222222222, 0.8777777777777778, 0.8888888888888888, 0.40555555555555556]
Score of training (classical) [0.7388888888888889, 0.8569444444444444, 0.8569444444444444, 0.49027777777777776]
Sample 152
Take max_iter as  1123
Score of validation 0.9166666666666666
Score of training 0.9805555555555555
Score of validation (classical) [0.7055555555555556, 0.8444444444444444, 0.8611111111111112, 0.49444444444444446]
Score of training (classical) [0.7277777777777777, 0.8708333333333333, 0.875, 0.48333333333333334]
Sample 153
Take max_iter as  1073
Score of validation 0.85
Score of training 0.9666666666666667
Score of validation (classical) [0.7444444444444445, 0.8888888888888888, 0.8888888888888888, 0.5611111111111111]
Score of training (classical) [0.7402777777777778, 0.8847222222222222, 0.8819444444444444, 0.4986111111111111]
Sample 154
Take max_iter as  1127
Score of validation 0.8333333333333334
Score of training 0.9763888888888889
Score of validation (classical) [0.7222222222222222, 0.85, 0.85, 0.46111111111111114]
Score of training (classical) [0.7333333333333333, 0.8958333333333334, 0.8875, 0.5236111111111111]
Sample 155
Take max_iter as  1212
Score of validation 0.8222222222222222
Score of training 0.9819444444444444
Score of validation (classical) [0.6722222222222223, 0.8333333333333334, 0.8111111111111111, 0.5611111111111111]
Score of training (classical) [0.7305555555555555, 0.8875, 0.8833333333333333, 0.5305555555555556]
Sample 156
Take max_iter as  1089
Score of validation 0.85
Score of training 0.9819444444444444
Score of validation (classical) [0.7166666666666667, 0.8333333333333334, 0.8388888888888889, 0.5111111111111111]
Score of training (classical) [0.7375, 0.8972222222222223, 0.8847222222222222, 0.5069444444444444]
Sample 157
Take max_iter as  1122
Score of validation 0.8888888888888888
Score of training 0.9763888888888889
Score of validation (classical) [0.7555555555555555, 0.85, 0.8666666666666667, 0.49444444444444446]
Score of training (classical) [0.7486111111111111, 0.8805555555555555, 0.8861111111111111, 0.5180555555555556]
Sample 158
Take max_iter as  1042
Score of validation 0.8555555555555555
Score of training 0.975
Score of validation (classical) [0.7333333333333333, 0.8666666666666667, 0.8777777777777778, 0.43333333333333335]
Score of training (classical) [0.7416666666666667, 0.8722222222222222, 0.8680555555555556, 0.49444444444444446]
Sample 159
Take max_iter as  1148
Score of validation 0.8944444444444445
Score of training 0.9722222222222222
Score of validation (classical) [0.7222222222222222, 0.8888888888888888, 0.9, 0.4388888888888889]
Score of training (classical) [0.7263888888888889, 0.8569444444444444, 0.8861111111111111, 0.48194444444444445]
Sample 160
Take max_iter as  1081
Score of validation 0.8611111111111112
Score of training 0.9708333333333333
Score of validation (classical) [0.6888888888888889, 0.8055555555555556, 0.8111111111111111, 0.5055555555555555]
Score of training (classical) [0.7305555555555555, 0.8861111111111111, 0.8736111111111111, 0.5180555555555556]
Sample 161
Take max_iter as  1136
Score of validation 0.8777777777777778
Score of training 0.9680555555555556
Score of validation (classical) [0.7111111111111111, 0.85, 0.85, 0.48333333333333334]
Score of training (classical) [0.7430555555555556, 0.8833333333333333, 0.8666666666666667, 0.525]
Sample 162
Take max_iter as  1050
Score of validation 0.8388888888888889
Score of training 0.9708333333333333
Score of validation (classical) [0.7111111111111111, 0.8166666666666667, 0.8277777777777777, 0.5277777777777778]
Score of training (classical) [0.7347222222222223, 0.9055555555555556, 0.8930555555555556, 0.46111111111111114]
Sample 163
Take max_iter as  1066
Score of validation 0.85
Score of training 0.9722222222222222
Score of validation (classical) [0.7666666666666667, 0.7944444444444444, 0.8222222222222222, 0.5166666666666667]
Score of training (classical) [0.7513888888888889, 0.8930555555555556, 0.8944444444444445, 0.5069444444444444]
Sample 164
Take max_iter as  1129
Score of validation 0.9333333333333333
Score of training 0.9805555555555555
Score of validation (classical) [0.7, 0.8555555555555555, 0.8611111111111112, 0.5]
Score of training (classical) [0.7555555555555555, 0.8763888888888889, 0.875, 0.48055555555555557]
Sample 165
Take max_iter as  1142
Score of validation 0.9055555555555556
Score of training 0.9763888888888889
Score of validation (classical) [0.7, 0.85, 0.8388888888888889, 0.4777777777777778]
Score of training (classical) [0.75, 0.8694444444444445, 0.8638888888888889, 0.525]
Sample 166
Take max_iter as  1069
Score of validation 0.8611111111111112
Score of training 0.9722222222222222
Score of validation (classical) [0.7555555555555555, 0.8333333333333334, 0.8277777777777777, 0.5388888888888889]
Score of training (classical) [0.7402777777777778, 0.8680555555555556, 0.8819444444444444, 0.5111111111111111]
Sample 167
Take max_iter as  1098
Score of validation 0.8611111111111112
Score of training 0.9805555555555555
Score of validation (classical) [0.7388888888888889, 0.8722222222222222, 0.8611111111111112, 0.4722222222222222]
Score of training (classical) [0.7652777777777777, 0.8861111111111111, 0.8833333333333333, 0.5013888888888889]
Sample 168
Take max_iter as  1117
Score of validation 0.8444444444444444
Score of training 0.9736111111111111
Score of validation (classical) [0.7222222222222222, 0.85, 0.8611111111111112, 0.5]
Score of training (classical) [0.775, 0.8861111111111111, 0.8875, 0.5180555555555556]
Sample 169
Take max_iter as  1200
Score of validation 0.9055555555555556
Score of training 0.9722222222222222
Score of validation (classical) [0.7444444444444445, 0.8777777777777778, 0.8777777777777778, 0.5388888888888889]
Score of training (classical) [0.7277777777777777, 0.8583333333333333, 0.8513888888888889, 0.5166666666666667]
Sample 170
Take max_iter as  1120
Score of validation 0.8888888888888888
Score of training 0.9833333333333333
Score of validation (classical) [0.7555555555555555, 0.8277777777777777, 0.8277777777777777, 0.49444444444444446]
Score of training (classical) [0.7541666666666667, 0.8805555555555555, 0.8861111111111111, 0.46944444444444444]
Sample 171
Take max_iter as  1181
Score of validation 0.8777777777777778
Score of training 0.9763888888888889
Score of validation (classical) [0.7166666666666667, 0.8222222222222222, 0.8222222222222222, 0.5055555555555555]
Score of training (classical) [0.7652777777777777, 0.8763888888888889, 0.8666666666666667, 0.4847222222222222]
Sample 172
Take max_iter as  1124
Score of validation 0.8833333333333333
Score of training 0.9736111111111111
Score of validation (classical) [0.7111111111111111, 0.8388888888888889, 0.8222222222222222, 0.5722222222222222]
Score of training (classical) [0.7555555555555555, 0.875, 0.8708333333333333, 0.5763888888888888]
Sample 173
Take max_iter as  1114
Score of validation 0.85
Score of training 0.9791666666666666
Score of validation (classical) [0.7222222222222222, 0.85, 0.8277777777777777, 0.45555555555555555]
Score of training (classical) [0.7527777777777778, 0.8652777777777778, 0.8652777777777778, 0.5013888888888889]
Sample 174
Take max_iter as  1162
Score of validation 0.8666666666666667
Score of training 0.9666666666666667
Score of validation (classical) [0.7222222222222222, 0.8333333333333334, 0.8333333333333334, 0.5222222222222223]
Score of training (classical) [0.7402777777777778, 0.8625, 0.8611111111111112, 0.46805555555555556]
Sample 175
Take max_iter as  1093
Score of validation 0.8666666666666667
Score of training 0.9666666666666667
Score of validation (classical) [0.7611111111111111, 0.8555555555555555, 0.8944444444444445, 0.5222222222222223]
Score of training (classical) [0.7319444444444444, 0.8652777777777778, 0.8777777777777778, 0.49444444444444446]
Sample 176
Take max_iter as  1129
Score of validation 0.8777777777777778
Score of training 0.9694444444444444
Score of validation (classical) [0.75, 0.8277777777777777, 0.8444444444444444, 0.55]
Score of training (classical) [0.7555555555555555, 0.8666666666666667, 0.8472222222222222, 0.4875]
Sample 177
Take max_iter as  1162
Score of validation 0.9
Score of training 0.975
Score of validation (classical) [0.7277777777777777, 0.8833333333333333, 0.8888888888888888, 0.5555555555555556]
Score of training (classical) [0.7416666666666667, 0.8555555555555555, 0.8597222222222223, 0.4875]
Sample 178
Take max_iter as  1191
Score of validation 0.8888888888888888
Score of training 0.9736111111111111
Score of validation (classical) [0.6777777777777778, 0.8611111111111112, 0.8444444444444444, 0.4777777777777778]
Score of training (classical) [0.75, 0.8680555555555556, 0.8625, 0.4986111111111111]
Sample 179
Take max_iter as  1115
Score of validation 0.8611111111111112
Score of training 0.9805555555555555
Score of validation (classical) [0.7111111111111111, 0.8222222222222222, 0.8333333333333334, 0.4888888888888889]
Score of training (classical) [0.7263888888888889, 0.8694444444444445, 0.875, 0.4722222222222222]
Sample 180
Take max_iter as  1230
Score of validation 0.8888888888888888
Score of training 0.975
Score of validation (classical) [0.7611111111111111, 0.8444444444444444, 0.8388888888888889, 0.4444444444444444]
Score of training (classical) [0.7555555555555555, 0.8736111111111111, 0.8777777777777778, 0.49027777777777776]
Sample 181
Take max_iter as  1086
Score of validation 0.7833333333333333
Score of training 0.9708333333333333
Score of validation (classical) [0.6666666666666666, 0.8111111111111111, 0.8166666666666667, 0.4888888888888889]
Score of training (classical) [0.7277777777777777, 0.8708333333333333, 0.8652777777777778, 0.4861111111111111]
Sample 182
Take max_iter as  1196
Score of validation 0.8888888888888888
Score of training 0.9694444444444444
Score of validation (classical) [0.7611111111111111, 0.8833333333333333, 0.8833333333333333, 0.43333333333333335]
Score of training (classical) [0.7458333333333333, 0.8666666666666667, 0.8611111111111112, 0.49166666666666664]
Sample 183
Take max_iter as  1078
Score of validation 0.8666666666666667
Score of training 0.9708333333333333
Score of validation (classical) [0.7277777777777777, 0.8555555555555555, 0.8666666666666667, 0.5166666666666667]
Score of training (classical) [0.7361111111111112, 0.8972222222222223, 0.8819444444444444, 0.5055555555555555]
Sample 184
Take max_iter as  1157
Score of validation 0.8666666666666667
Score of training 0.9847222222222223
Score of validation (classical) [0.6777777777777778, 0.8055555555555556, 0.8333333333333334, 0.5611111111111111]
Score of training (classical) [0.7472222222222222, 0.875, 0.875, 0.5625]
Sample 185
Take max_iter as  1118
Score of validation 0.8722222222222222
Score of training 0.9722222222222222
Score of validation (classical) [0.7388888888888889, 0.8555555555555555, 0.8777777777777778, 0.5444444444444444]
Score of training (classical) [0.7527777777777778, 0.8902777777777777, 0.8875, 0.4930555555555556]
Sample 186
Take max_iter as  1160
Score of validation 0.8333333333333334
Score of training 0.9805555555555555
Score of validation (classical) [0.7333333333333333, 0.8611111111111112, 0.8444444444444444, 0.5388888888888889]
Score of training (classical) [0.7486111111111111, 0.8791666666666667, 0.8722222222222222, 0.48194444444444445]
Sample 187
Take max_iter as  1086
Score of validation 0.9111111111111111
Score of training 0.9708333333333333
Score of validation (classical) [0.7611111111111111, 0.8777777777777778, 0.9055555555555556, 0.46111111111111114]
Score of training (classical) [0.7375, 0.8805555555555555, 0.8875, 0.48194444444444445]
Sample 188
Take max_iter as  1202
Score of validation 0.8777777777777778
Score of training 0.9763888888888889
Score of validation (classical) [0.7444444444444445, 0.8666666666666667, 0.8444444444444444, 0.5277777777777778]
Score of training (classical) [0.7486111111111111, 0.8875, 0.8833333333333333, 0.49722222222222223]
Sample 189
Take max_iter as  1049
Score of validation 0.8777777777777778
Score of training 0.9708333333333333
Score of validation (classical) [0.75, 0.8611111111111112, 0.8611111111111112, 0.4777777777777778]
Score of training (classical) [0.7319444444444444, 0.8638888888888889, 0.8611111111111112, 0.5166666666666667]
Sample 190
Take max_iter as  1093
Score of validation 0.9
Score of training 0.9722222222222222
Score of validation (classical) [0.7222222222222222, 0.8777777777777778, 0.8888888888888888, 0.5]
Score of training (classical) [0.7263888888888889, 0.8833333333333333, 0.8833333333333333, 0.46805555555555556]
Sample 191
Take max_iter as  1078
Score of validation 0.8666666666666667
Score of training 0.9736111111111111
Score of validation (classical) [0.7611111111111111, 0.8888888888888888, 0.8888888888888888, 0.5388888888888889]
Score of training (classical) [0.7152777777777778, 0.8541666666666666, 0.8611111111111112, 0.475]
Sample 192
Take max_iter as  1107
Score of validation 0.9
Score of training 0.9708333333333333
Score of validation (classical) [0.7611111111111111, 0.8444444444444444, 0.8555555555555555, 0.46111111111111114]
Score of training (classical) [0.7388888888888889, 0.8694444444444445, 0.8625, 0.48333333333333334]
Sample 193
Take max_iter as  1052
Score of validation 0.8833333333333333
Score of training 0.975
Score of validation (classical) [0.7666666666666667, 0.85, 0.8611111111111112, 0.45]
Score of training (classical) [0.7291666666666666, 0.8597222222222223, 0.8666666666666667, 0.49444444444444446]
Sample 194
Take max_iter as  1127
Score of validation 0.9277777777777778
Score of training 0.9722222222222222
Score of validation (classical) [0.7388888888888889, 0.8777777777777778, 0.8944444444444445, 0.46111111111111114]
Score of training (classical) [0.7513888888888889, 0.875, 0.8680555555555556, 0.47638888888888886]
Sample 195
Take max_iter as  1226
Score of validation 0.8444444444444444
Score of training 0.9777777777777777
Score of validation (classical) [0.7277777777777777, 0.8722222222222222, 0.8277777777777777, 0.4777777777777778]
Score of training (classical) [0.7458333333333333, 0.8666666666666667, 0.8611111111111112, 0.5277777777777778]
Sample 196
Take max_iter as  1089
Score of validation 0.8555555555555555
Score of training 0.9708333333333333
Score of validation (classical) [0.7333333333333333, 0.85, 0.8611111111111112, 0.4777777777777778]
Score of training (classical) [0.7180555555555556, 0.8555555555555555, 0.8569444444444444, 0.5194444444444445]
Sample 197
Take max_iter as  1086
Score of validation 0.8888888888888888
Score of training 0.9833333333333333
Score of validation (classical) [0.7388888888888889, 0.8611111111111112, 0.8444444444444444, 0.5555555555555556]
Score of training (classical) [0.7694444444444445, 0.8638888888888889, 0.8652777777777778, 0.5319444444444444]
Sample 198
Take max_iter as  1225
Score of validation 0.9055555555555556
Score of training 0.9736111111111111
Score of validation (classical) [0.7333333333333333, 0.9111111111111111, 0.9, 0.55]
Score of training (classical) [0.7305555555555555, 0.8902777777777777, 0.8680555555555556, 0.49722222222222223]
Sample 199
Take max_iter as  1094
Score of validation 0.8555555555555555
Score of training 0.9777777777777777
Score of validation (classical) [0.7, 0.8166666666666667, 0.8055555555555556, 0.5333333333333333]
Score of training (classical) [0.7680555555555556, 0.8819444444444444, 0.8791666666666667, 0.5263888888888889]
Sample 200
Take max_iter as  1188
Score of validation 0.85
Score of training 0.9791666666666666
Score of validation (classical) [0.7166666666666667, 0.8555555555555555, 0.8444444444444444, 0.5611111111111111]
Score of training (classical) [0.7166666666666667, 0.8902777777777777, 0.8819444444444444, 0.49166666666666664]
Sample 201
Take max_iter as  1008
Score of validation 0.8944444444444445
Score of training 0.975
Score of validation (classical) [0.7833333333333333, 0.9111111111111111, 0.9166666666666666, 0.5388888888888889]
Score of training (classical) [0.725, 0.8986111111111111, 0.8902777777777777, 0.525]
Sample 202
Take max_iter as  1229
Score of validation 0.8611111111111112
Score of training 0.9666666666666667
Score of validation (classical) [0.7166666666666667, 0.8555555555555555, 0.8722222222222222, 0.5111111111111111]
Score of training (classical) [0.7319444444444444, 0.85, 0.8555555555555555, 0.4791666666666667]
Sample 203
Take max_iter as  1167
Score of validation 0.85
Score of training 0.975
Score of validation (classical) [0.7055555555555556, 0.8388888888888889, 0.8611111111111112, 0.5111111111111111]
Score of training (classical) [0.7625, 0.8555555555555555, 0.8458333333333333, 0.5180555555555556]
Sample 204
Take max_iter as  1135
Score of validation 0.8777777777777778
Score of training 0.9791666666666666
Score of validation (classical) [0.7388888888888889, 0.85, 0.8944444444444445, 0.5444444444444444]
Score of training (classical) [0.7555555555555555, 0.8680555555555556, 0.8708333333333333, 0.5152777777777777]
Sample 205
Take max_iter as  1191
Score of validation 0.9055555555555556
Score of training 0.9694444444444444
Score of validation (classical) [0.6777777777777778, 0.8666666666666667, 0.8722222222222222, 0.5]
Score of training (classical) [0.7388888888888889, 0.8861111111111111, 0.8680555555555556, 0.55]
Sample 206
Take max_iter as  1120
Score of validation 0.8555555555555555
Score of training 0.9777777777777777
Score of validation (classical) [0.7333333333333333, 0.8722222222222222, 0.8888888888888888, 0.5166666666666667]
Score of training (classical) [0.7222222222222222, 0.8597222222222223, 0.8583333333333333, 0.5069444444444444]
Sample 207
Take max_iter as  1126
Score of validation 0.8166666666666667
Score of training 0.9819444444444444
Score of validation (classical) [0.7111111111111111, 0.8444444444444444, 0.8722222222222222, 0.4722222222222222]
Score of training (classical) [0.7833333333333333, 0.9083333333333333, 0.9013888888888889, 0.4736111111111111]
Sample 208
Take max_iter as  1043
Score of validation 0.8611111111111112
Score of training 0.9680555555555556
Score of validation (classical) [0.6888888888888889, 0.8388888888888889, 0.8666666666666667, 0.5]
Score of training (classical) [0.7416666666666667, 0.8611111111111112, 0.8555555555555555, 0.4791666666666667]
Sample 209
Take max_iter as  1076
Score of validation 0.8666666666666667
Score of training 0.9777777777777777
Score of validation (classical) [0.7555555555555555, 0.8666666666666667, 0.8777777777777778, 0.5444444444444444]
Score of training (classical) [0.7375, 0.8930555555555556, 0.875, 0.5236111111111111]
Sample 210
Take max_iter as  1067
Score of validation 0.8944444444444445
Score of training 0.9722222222222222
Score of validation (classical) [0.7055555555555556, 0.8555555555555555, 0.8333333333333334, 0.4777777777777778]
Score of training (classical) [0.7430555555555556, 0.8638888888888889, 0.8583333333333333, 0.5222222222222223]
Sample 211
Take max_iter as  1206
Score of validation 0.8722222222222222
Score of training 0.9736111111111111
Score of validation (classical) [0.7666666666666667, 0.8777777777777778, 0.8722222222222222, 0.46111111111111114]
Score of training (classical) [0.7458333333333333, 0.8680555555555556, 0.8638888888888889, 0.49444444444444446]
Sample 212
Take max_iter as  1076
Score of validation 0.8777777777777778
Score of training 0.9708333333333333
Score of validation (classical) [0.75, 0.85, 0.8611111111111112, 0.5]
Score of training (classical) [0.7222222222222222, 0.8666666666666667, 0.8527777777777777, 0.5027777777777778]
Sample 213
Take max_iter as  1121
Score of validation 0.8777777777777778
Score of training 0.975
Score of validation (classical) [0.6777777777777778, 0.8555555555555555, 0.85, 0.49444444444444446]
Score of training (classical) [0.7291666666666666, 0.8583333333333333, 0.8583333333333333, 0.4722222222222222]
Sample 214
Take max_iter as  1261
Score of validation 0.8888888888888888
Score of training 0.9722222222222222
Score of validation (classical) [0.75, 0.8888888888888888, 0.8944444444444445, 0.43333333333333335]
Score of training (classical) [0.7347222222222223, 0.8583333333333333, 0.8625, 0.49166666666666664]
Sample 215
Take max_iter as  1138
Score of validation 0.8277777777777777
Score of training 0.9819444444444444
Score of validation (classical) [0.75, 0.8333333333333334, 0.8277777777777777, 0.5333333333333333]
Score of training (classical) [0.7597222222222222, 0.8847222222222222, 0.8708333333333333, 0.4875]
Sample 216
Take max_iter as  1220
Score of validation 0.8944444444444445
Score of training 0.9708333333333333
Score of validation (classical) [0.8055555555555556, 0.9, 0.8944444444444445, 0.5055555555555555]
Score of training (classical) [0.7361111111111112, 0.8583333333333333, 0.8527777777777777, 0.5083333333333333]
Sample 217
Take max_iter as  1201
Score of validation 0.8444444444444444
Score of training 0.975
Score of validation (classical) [0.7222222222222222, 0.8333333333333334, 0.8277777777777777, 0.46111111111111114]
Score of training (classical) [0.7680555555555556, 0.8652777777777778, 0.8513888888888889, 0.5194444444444445]
Sample 218
Take max_iter as  1026
Score of validation 0.8944444444444445
Score of training 0.975
Score of validation (classical) [0.8, 0.8888888888888888, 0.8833333333333333, 0.5555555555555556]
Score of training (classical) [0.7333333333333333, 0.8694444444444445, 0.8652777777777778, 0.4986111111111111]
Sample 219
Take max_iter as  1235
Score of validation 0.8888888888888888
Score of training 0.9736111111111111
Score of validation (classical) [0.7055555555555556, 0.8611111111111112, 0.8611111111111112, 0.5111111111111111]
Score of training (classical) [0.7402777777777778, 0.8888888888888888, 0.8861111111111111, 0.49583333333333335]
Sample 220
Take max_iter as  1115
Score of validation 0.8722222222222222
Score of training 0.9805555555555555
Score of validation (classical) [0.8166666666666667, 0.9055555555555556, 0.9111111111111111, 0.5944444444444444]
Score of training (classical) [0.7222222222222222, 0.8777777777777778, 0.8763888888888889, 0.5166666666666667]
Sample 221
Take max_iter as  1039
Score of validation 0.8777777777777778
Score of training 0.9722222222222222
Score of validation (classical) [0.7888888888888889, 0.8611111111111112, 0.8666666666666667, 0.5055555555555555]
Score of training (classical) [0.7583333333333333, 0.8736111111111111, 0.8736111111111111, 0.5180555555555556]
Sample 222
Take max_iter as  1117
Score of validation 0.8833333333333333
Score of training 0.9819444444444444
Score of validation (classical) [0.7166666666666667, 0.85, 0.8388888888888889, 0.49444444444444446]
Score of training (classical) [0.7125, 0.9013888888888889, 0.8819444444444444, 0.49444444444444446]
Sample 223
Take max_iter as  1097
Score of validation 0.9055555555555556
Score of training 0.9722222222222222
Score of validation (classical) [0.7666666666666667, 0.9, 0.8888888888888888, 0.4166666666666667]
Score of training (classical) [0.7402777777777778, 0.8666666666666667, 0.8638888888888889, 0.5083333333333333]
Sample 224
Take max_iter as  1129
Score of validation 0.8888888888888888
Score of training 0.975
Score of validation (classical) [0.7888888888888889, 0.8666666666666667, 0.85, 0.48333333333333334]
Score of training (classical) [0.7402777777777778, 0.8666666666666667, 0.8736111111111111, 0.5208333333333334]
Sample 225
Take max_iter as  1169
Score of validation 0.8611111111111112
Score of training 0.9763888888888889
Score of validation (classical) [0.7777777777777778, 0.8722222222222222, 0.8722222222222222, 0.5277777777777778]
Score of training (classical) [0.7722222222222223, 0.8722222222222222, 0.8791666666666667, 0.49583333333333335]
Sample 226
Take max_iter as  1156
Score of validation 0.8944444444444445
Score of training 0.9680555555555556
Score of validation (classical) [0.7277777777777777, 0.8888888888888888, 0.9055555555555556, 0.4777777777777778]
Score of training (classical) [0.7402777777777778, 0.8569444444444444, 0.8666666666666667, 0.5208333333333334]
Sample 227
Take max_iter as  1095
Score of validation 0.8777777777777778
Score of training 0.9666666666666667
Score of validation (classical) [0.7555555555555555, 0.8555555555555555, 0.8555555555555555, 0.55]
Score of training (classical) [0.7180555555555556, 0.8638888888888889, 0.8680555555555556, 0.4847222222222222]
Sample 228
Take max_iter as  1152
Score of validation 0.8833333333333333
Score of training 0.9638888888888889
Score of validation (classical) [0.7722222222222223, 0.8555555555555555, 0.8611111111111112, 0.4111111111111111]
Score of training (classical) [0.7305555555555555, 0.8763888888888889, 0.8791666666666667, 0.5041666666666667]
Sample 229
Take max_iter as  1115
Score of validation 0.8777777777777778
Score of training 0.975
Score of validation (classical) [0.7777777777777778, 0.8222222222222222, 0.8555555555555555, 0.5777777777777777]
Score of training (classical) [0.7652777777777777, 0.875, 0.8625, 0.4652777777777778]
Sample 230
Take max_iter as  1262
Score of validation 0.8722222222222222
Score of training 0.9777777777777777
Score of validation (classical) [0.7166666666666667, 0.8555555555555555, 0.8611111111111112, 0.4666666666666667]
Score of training (classical) [0.7527777777777778, 0.8694444444444445, 0.8625, 0.4736111111111111]
Sample 231
Take max_iter as  1110
Score of validation 0.8666666666666667
Score of training 0.9791666666666666
Score of validation (classical) [0.7388888888888889, 0.8444444444444444, 0.85, 0.5444444444444444]
Score of training (classical) [0.7152777777777778, 0.8833333333333333, 0.8986111111111111, 0.49166666666666664]
Sample 232
Take max_iter as  1137
Score of validation 0.8388888888888889
Score of training 0.9736111111111111
Score of validation (classical) [0.7666666666666667, 0.8777777777777778, 0.8611111111111112, 0.5111111111111111]
Score of training (classical) [0.7222222222222222, 0.8583333333333333, 0.8625, 0.47638888888888886]
Sample 233
Take max_iter as  1121
Score of validation 0.8777777777777778
Score of training 0.9694444444444444
Score of validation (classical) [0.7277777777777777, 0.8555555555555555, 0.8611111111111112, 0.5111111111111111]
Score of training (classical) [0.7583333333333333, 0.8986111111111111, 0.8888888888888888, 0.5111111111111111]
Sample 234
Take max_iter as  1198
Score of validation 0.8833333333333333
Score of training 0.9777777777777777
Score of validation (classical) [0.7277777777777777, 0.8944444444444445, 0.8888888888888888, 0.5222222222222223]
Score of training (classical) [0.7416666666666667, 0.8916666666666667, 0.8861111111111111, 0.5222222222222223]
Sample 235
Take max_iter as  1155
Score of validation 0.8611111111111112
Score of training 0.9708333333333333
Score of validation (classical) [0.7888888888888889, 0.8444444444444444, 0.8333333333333334, 0.45]
Score of training (classical) [0.7541666666666667, 0.8680555555555556, 0.8680555555555556, 0.48194444444444445]
Sample 236
Take max_iter as  1091
Score of validation 0.8944444444444445
Score of training 0.9638888888888889
Score of validation (classical) [0.7666666666666667, 0.8888888888888888, 0.8833333333333333, 0.5166666666666667]
Score of training (classical) [0.7402777777777778, 0.8597222222222223, 0.8722222222222222, 0.5]
Sample 237
Take max_iter as  1130
Score of validation 0.9111111111111111
Score of training 0.9736111111111111
Score of validation (classical) [0.7055555555555556, 0.85, 0.85, 0.45]
Score of training (classical) [0.7263888888888889, 0.8555555555555555, 0.85, 0.4875]
Sample 238
Take max_iter as  1150
Score of validation 0.8333333333333334
Score of training 0.9736111111111111
Score of validation (classical) [0.7, 0.8444444444444444, 0.8333333333333334, 0.5388888888888889]
Score of training (classical) [0.7388888888888889, 0.8805555555555555, 0.8666666666666667, 0.5013888888888889]
Sample 239
Take max_iter as  1140
Score of validation 0.8777777777777778
Score of training 0.9722222222222222
Score of validation (classical) [0.6777777777777778, 0.8388888888888889, 0.8277777777777777, 0.43333333333333335]
Score of training (classical) [0.7402777777777778, 0.8597222222222223, 0.8652777777777778, 0.5416666666666666]
Sample 240
Take max_iter as  1068
Score of validation 0.8722222222222222
Score of training 0.9722222222222222
Score of validation (classical) [0.7111111111111111, 0.8388888888888889, 0.8555555555555555, 0.5666666666666667]
Score of training (classical) [0.7569444444444444, 0.8680555555555556, 0.8819444444444444, 0.5402777777777777]
Sample 241
Take max_iter as  1036
Score of validation 0.9277777777777778
Score of training 0.975
Score of validation (classical) [0.7888888888888889, 0.8888888888888888, 0.9, 0.5222222222222223]
Score of training (classical) [0.7388888888888889, 0.8791666666666667, 0.8902777777777777, 0.49444444444444446]
Sample 242
Take max_iter as  1148
Score of validation 0.8833333333333333
Score of training 0.9652777777777778
Score of validation (classical) [0.7722222222222223, 0.8944444444444445, 0.9055555555555556, 0.5555555555555556]
Score of training (classical) [0.7333333333333333, 0.9055555555555556, 0.8972222222222223, 0.48333333333333334]
Sample 243
Take max_iter as  1120
Score of validation 0.8833333333333333
Score of training 0.9763888888888889
Score of validation (classical) [0.7055555555555556, 0.8833333333333333, 0.8777777777777778, 0.5444444444444444]
Score of training (classical) [0.725, 0.8847222222222222, 0.8722222222222222, 0.5]
Sample 244
Take max_iter as  1001
Score of validation 0.8888888888888888
Score of training 0.9625
Score of validation (classical) [0.7777777777777778, 0.8888888888888888, 0.8888888888888888, 0.49444444444444446]
Score of training (classical) [0.7361111111111112, 0.8555555555555555, 0.8569444444444444, 0.4875]
Sample 245
Take max_iter as  1020
Score of validation 0.8777777777777778
Score of training 0.9708333333333333
Score of validation (classical) [0.7611111111111111, 0.8944444444444445, 0.8888888888888888, 0.4777777777777778]
Score of training (classical) [0.7291666666666666, 0.8944444444444445, 0.875, 0.47638888888888886]
Sample 246
Take max_iter as  1031
Score of validation 0.8666666666666667
Score of training 0.9611111111111111
Score of validation (classical) [0.7444444444444445, 0.8111111111111111, 0.8111111111111111, 0.4777777777777778]
Score of training (classical) [0.7625, 0.8791666666666667, 0.8694444444444445, 0.49027777777777776]
Sample 247
Take max_iter as  1075
Score of validation 0.8055555555555556
Score of training 0.9777777777777777
Score of validation (classical) [0.6333333333333333, 0.8222222222222222, 0.8111111111111111, 0.4444444444444444]
Score of training (classical) [0.7555555555555555, 0.8736111111111111, 0.8652777777777778, 0.6027777777777777]
Sample 248
Take max_iter as  1051
Score of validation 0.8722222222222222
Score of training 0.9666666666666667
Score of validation (classical) [0.7277777777777777, 0.8666666666666667, 0.8555555555555555, 0.4777777777777778]
Score of training (classical) [0.7375, 0.8569444444444444, 0.8416666666666667, 0.5166666666666667]
Sample 249
Take max_iter as  1111
Score of validation 0.8611111111111112
Score of training 0.975
Score of validation (classical) [0.7555555555555555, 0.8444444444444444, 0.8444444444444444, 0.55]
Score of training (classical) [0.7458333333333333, 0.8736111111111111, 0.8611111111111112, 0.4638888888888889]
Sample 250
Take max_iter as  1150
Score of validation 0.8944444444444445
Score of training 0.9902777777777778
Score of validation (classical) [0.7888888888888889, 0.8666666666666667, 0.8888888888888888, 0.4222222222222222]
Score of training (classical) [0.7333333333333333, 0.8777777777777778, 0.8930555555555556, 0.4847222222222222]
Sample 251
Take max_iter as  1136
Score of validation 0.8555555555555555
Score of training 0.9638888888888889
Score of validation (classical) [0.7777777777777778, 0.8944444444444445, 0.8944444444444445, 0.5111111111111111]
Score of training (classical) [0.7444444444444445, 0.8736111111111111, 0.8611111111111112, 0.4666666666666667]
Sample 252
Take max_iter as  1176
Score of validation 0.85
Score of training 0.9722222222222222
Score of validation (classical) [0.6944444444444444, 0.85, 0.8555555555555555, 0.48333333333333334]
Score of training (classical) [0.7333333333333333, 0.9, 0.8930555555555556, 0.48055555555555557]
Sample 253
Take max_iter as  1144
Score of validation 0.8611111111111112
Score of training 0.9652777777777778
Score of validation (classical) [0.7111111111111111, 0.7833333333333333, 0.7833333333333333, 0.5555555555555556]
Score of training (classical) [0.75, 0.8694444444444445, 0.8736111111111111, 0.5194444444444445]
Sample 254
Take max_iter as  1099
Score of validation 0.85
Score of training 0.975
Score of validation (classical) [0.7833333333333333, 0.8555555555555555, 0.8388888888888889, 0.5]
Score of training (classical) [0.7652777777777777, 0.875, 0.8708333333333333, 0.4986111111111111]
Sample 255
Take max_iter as  1108
Score of validation 0.9055555555555556
Score of training 0.9652777777777778
Score of validation (classical) [0.7555555555555555, 0.8833333333333333, 0.8722222222222222, 0.5833333333333334]
Score of training (classical) [0.7569444444444444, 0.8833333333333333, 0.8763888888888889, 0.5138888888888888]
Sample 256
Take max_iter as  1135
Score of validation 0.8833333333333333
Score of training 0.975
Score of validation (classical) [0.7777777777777778, 0.9055555555555556, 0.8944444444444445, 0.5388888888888889]
Score of training (classical) [0.7222222222222222, 0.8736111111111111, 0.8666666666666667, 0.4986111111111111]
Sample 257
Take max_iter as  1131
Score of validation 0.9166666666666666
Score of training 0.9777777777777777
Score of validation (classical) [0.7333333333333333, 0.8833333333333333, 0.8944444444444445, 0.4888888888888889]
Score of training (classical) [0.7347222222222223, 0.9013888888888889, 0.8875, 0.5291666666666667]
Sample 258
Take max_iter as  1118
Score of validation 0.8722222222222222
Score of training 0.9763888888888889
Score of validation (classical) [0.7722222222222223, 0.8722222222222222, 0.8833333333333333, 0.5444444444444444]
Score of training (classical) [0.7263888888888889, 0.8625, 0.8666666666666667, 0.5194444444444445]
Sample 259
Take max_iter as  1292
Score of validation 0.8166666666666667
Score of training 0.9763888888888889
Score of validation (classical) [0.7666666666666667, 0.8388888888888889, 0.8444444444444444, 0.5]
Score of training (classical) [0.7444444444444445, 0.8763888888888889, 0.8694444444444445, 0.5013888888888889]
Sample 260
Take max_iter as  1144
Score of validation 0.85
Score of training 0.9791666666666666
Score of validation (classical) [0.6944444444444444, 0.8333333333333334, 0.8222222222222222, 0.5277777777777778]
Score of training (classical) [0.7402777777777778, 0.8708333333333333, 0.8708333333333333, 0.5055555555555555]
Sample 261
Take max_iter as  1192
Score of validation 0.8888888888888888
Score of training 0.9777777777777777
Score of validation (classical) [0.75, 0.8611111111111112, 0.8388888888888889, 0.5111111111111111]
Score of training (classical) [0.7486111111111111, 0.8847222222222222, 0.8805555555555555, 0.4861111111111111]
Sample 262
Take max_iter as  1090
Score of validation 0.8888888888888888
Score of training 0.9777777777777777
Score of validation (classical) [0.75, 0.8611111111111112, 0.85, 0.6111111111111112]
Score of training (classical) [0.7291666666666666, 0.8625, 0.8527777777777777, 0.5222222222222223]
Sample 263
Take max_iter as  1133
Score of validation 0.9
Score of training 0.9611111111111111
Score of validation (classical) [0.7611111111111111, 0.85, 0.8777777777777778, 0.45]
Score of training (classical) [0.7444444444444445, 0.8722222222222222, 0.8736111111111111, 0.5027777777777778]
Sample 264
Take max_iter as  1193
Score of validation 0.8722222222222222
Score of training 0.9763888888888889
Score of validation (classical) [0.7277777777777777, 0.8444444444444444, 0.8444444444444444, 0.43333333333333335]
Score of training (classical) [0.7638888888888888, 0.8861111111111111, 0.8902777777777777, 0.5180555555555556]
Sample 265
Take max_iter as  1088
Score of validation 0.8444444444444444
Score of training 0.9722222222222222
Score of validation (classical) [0.7333333333333333, 0.8555555555555555, 0.8277777777777777, 0.4722222222222222]
Score of training (classical) [0.7402777777777778, 0.8652777777777778, 0.8597222222222223, 0.5194444444444445]
Sample 266
Take max_iter as  1101
Score of validation 0.8666666666666667
Score of training 0.975
Score of validation (classical) [0.7277777777777777, 0.8611111111111112, 0.8555555555555555, 0.5333333333333333]
Score of training (classical) [0.7375, 0.9, 0.8819444444444444, 0.5013888888888889]
Sample 267
Take max_iter as  1132
Score of validation 0.8722222222222222
Score of training 0.9680555555555556
Score of validation (classical) [0.7333333333333333, 0.8611111111111112, 0.8666666666666667, 0.5111111111111111]
Score of training (classical) [0.7375, 0.8472222222222222, 0.8583333333333333, 0.5402777777777777]
Sample 268
Take max_iter as  1119
Score of validation 0.8944444444444445
Score of training 0.9763888888888889
Score of validation (classical) [0.7222222222222222, 0.8611111111111112, 0.85, 0.5166666666666667]
Score of training (classical) [0.7416666666666667, 0.8597222222222223, 0.8555555555555555, 0.5138888888888888]
Sample 269
Take max_iter as  1116
Score of validation 0.9055555555555556
Score of training 0.9805555555555555
Score of validation (classical) [0.7333333333333333, 0.8666666666666667, 0.8611111111111112, 0.5666666666666667]
Score of training (classical) [0.7611111111111111, 0.8638888888888889, 0.8694444444444445, 0.5402777777777777]
Sample 270
Take max_iter as  1105
Score of validation 0.8777777777777778
Score of training 0.9666666666666667
Score of validation (classical) [0.7111111111111111, 0.8388888888888889, 0.85, 0.5055555555555555]
Score of training (classical) [0.7416666666666667, 0.8569444444444444, 0.8527777777777777, 0.5375]
Sample 271
Take max_iter as  1084
Score of validation 0.8888888888888888
Score of training 0.9680555555555556
Score of validation (classical) [0.7611111111111111, 0.8555555555555555, 0.8611111111111112, 0.5222222222222223]
Score of training (classical) [0.7194444444444444, 0.8555555555555555, 0.8486111111111111, 0.4861111111111111]
Sample 272
Take max_iter as  1097
Score of validation 0.8944444444444445
Score of training 0.9736111111111111
Score of validation (classical) [0.7055555555555556, 0.85, 0.8444444444444444, 0.5277777777777778]
Score of training (classical) [0.7458333333333333, 0.8708333333333333, 0.8666666666666667, 0.5138888888888888]
Sample 273
Take max_iter as  1120
Score of validation 0.8833333333333333
Score of training 0.9722222222222222
Score of validation (classical) [0.7555555555555555, 0.8722222222222222, 0.8833333333333333, 0.4888888888888889]
Score of training (classical) [0.7347222222222223, 0.8763888888888889, 0.8722222222222222, 0.48194444444444445]
Sample 274
Take max_iter as  1214
Score of validation 0.8722222222222222
Score of training 0.9861111111111112
Score of validation (classical) [0.7611111111111111, 0.8444444444444444, 0.8388888888888889, 0.4722222222222222]
Score of training (classical) [0.7541666666666667, 0.8597222222222223, 0.8611111111111112, 0.4986111111111111]
Sample 275
Take max_iter as  1075
Score of validation 0.8944444444444445
Score of training 0.9791666666666666
Score of validation (classical) [0.7166666666666667, 0.8722222222222222, 0.8611111111111112, 0.5111111111111111]
Score of training (classical) [0.7222222222222222, 0.8736111111111111, 0.8694444444444445, 0.4861111111111111]
Sample 276
Take max_iter as  1023
Score of validation 0.8611111111111112
Score of training 0.9736111111111111
Score of validation (classical) [0.7166666666666667, 0.8388888888888889, 0.8444444444444444, 0.5111111111111111]
Score of training (classical) [0.7597222222222222, 0.8777777777777778, 0.8777777777777778, 0.49722222222222223]
Sample 277
Take max_iter as  1151
Score of validation 0.8944444444444445
Score of training 0.9763888888888889
Score of validation (classical) [0.7666666666666667, 0.8722222222222222, 0.8666666666666667, 0.5]
Score of training (classical) [0.7458333333333333, 0.8861111111111111, 0.8805555555555555, 0.5055555555555555]
Sample 278
Take max_iter as  1154
Score of validation 0.8888888888888888
Score of training 0.975
Score of validation (classical) [0.7222222222222222, 0.8555555555555555, 0.85, 0.5277777777777778]
Score of training (classical) [0.7319444444444444, 0.8972222222222223, 0.8916666666666667, 0.5319444444444444]
Sample 279
Take max_iter as  1105
Score of validation 0.8333333333333334
Score of training 0.9722222222222222
Score of validation (classical) [0.7333333333333333, 0.8555555555555555, 0.8555555555555555, 0.5444444444444444]
Score of training (classical) [0.7152777777777778, 0.8722222222222222, 0.8694444444444445, 0.46944444444444444]
Sample 280
Take max_iter as  1125
Score of validation 0.8888888888888888
Score of training 0.9736111111111111
Score of validation (classical) [0.7555555555555555, 0.85, 0.8722222222222222, 0.4666666666666667]
Score of training (classical) [0.7222222222222222, 0.8805555555555555, 0.8888888888888888, 0.46944444444444444]
Sample 281
Take max_iter as  1118
Score of validation 0.8722222222222222
Score of training 0.9777777777777777
Score of validation (classical) [0.7444444444444445, 0.8555555555555555, 0.8555555555555555, 0.48333333333333334]
Score of training (classical) [0.7569444444444444, 0.8930555555555556, 0.8930555555555556, 0.49027777777777776]
Sample 282
Take max_iter as  1198
Score of validation 0.8666666666666667
Score of training 0.975
Score of validation (classical) [0.7111111111111111, 0.8388888888888889, 0.8444444444444444, 0.45]
Score of training (classical) [0.7541666666666667, 0.8958333333333334, 0.8930555555555556, 0.4888888888888889]
Sample 283
Take max_iter as  1054
Score of validation 0.8888888888888888
Score of training 0.9694444444444444
Score of validation (classical) [0.7055555555555556, 0.8555555555555555, 0.8555555555555555, 0.4722222222222222]
Score of training (classical) [0.7375, 0.8555555555555555, 0.8583333333333333, 0.49027777777777776]
Sample 284
Take max_iter as  1105
Score of validation 0.9055555555555556
Score of training 0.9597222222222223
Score of validation (classical) [0.7111111111111111, 0.8722222222222222, 0.8888888888888888, 0.45]
Score of training (classical) [0.7777777777777778, 0.8638888888888889, 0.8625, 0.49027777777777776]
Sample 285
Take max_iter as  1070
Score of validation 0.8944444444444445
Score of training 0.9763888888888889
Score of validation (classical) [0.7555555555555555, 0.8722222222222222, 0.8666666666666667, 0.4388888888888889]
Score of training (classical) [0.7305555555555555, 0.8611111111111112, 0.8638888888888889, 0.5416666666666666]
Sample 286
Take max_iter as  1091
Score of validation 0.9166666666666666
Score of training 0.9777777777777777
Score of validation (classical) [0.7555555555555555, 0.8611111111111112, 0.8777777777777778, 0.5111111111111111]
Score of training (classical) [0.7375, 0.8680555555555556, 0.8916666666666667, 0.49027777777777776]
Sample 287
Take max_iter as  1135
Score of validation 0.9111111111111111
Score of training 0.975
Score of validation (classical) [0.7388888888888889, 0.8555555555555555, 0.85, 0.46111111111111114]
Score of training (classical) [0.7444444444444445, 0.8736111111111111, 0.8694444444444445, 0.49583333333333335]
Sample 288
Take max_iter as  1011
Score of validation 0.8555555555555555
Score of training 0.9722222222222222
Score of validation (classical) [0.6944444444444444, 0.8, 0.8111111111111111, 0.5277777777777778]
Score of training (classical) [0.7402777777777778, 0.8875, 0.8930555555555556, 0.5319444444444444]
Sample 289
Take max_iter as  1101
Score of validation 0.8833333333333333
Score of training 0.9722222222222222
Score of validation (classical) [0.7166666666666667, 0.8388888888888889, 0.8444444444444444, 0.5555555555555556]
Score of training (classical) [0.7458333333333333, 0.8777777777777778, 0.8722222222222222, 0.5263888888888889]
Sample 290
Take max_iter as  1144
Score of validation 0.8888888888888888
Score of training 0.9777777777777777
Score of validation (classical) [0.7555555555555555, 0.8277777777777777, 0.8277777777777777, 0.46111111111111114]
Score of training (classical) [0.7555555555555555, 0.8722222222222222, 0.8625, 0.49444444444444446]
Sample 291
Take max_iter as  1082
Score of validation 0.8944444444444445
Score of training 0.9722222222222222
Score of validation (classical) [0.7111111111111111, 0.8777777777777778, 0.8555555555555555, 0.4111111111111111]
Score of training (classical) [0.7375, 0.8652777777777778, 0.85, 0.5180555555555556]
Sample 292
Take max_iter as  1108
Score of validation 0.8944444444444445
Score of training 0.9680555555555556
Score of validation (classical) [0.7722222222222223, 0.8555555555555555, 0.8611111111111112, 0.4777777777777778]
Score of training (classical) [0.7361111111111112, 0.8652777777777778, 0.8625, 0.5125]
Sample 293
Take max_iter as  1157
Score of validation 0.9055555555555556
Score of training 0.9722222222222222
Score of validation (classical) [0.7222222222222222, 0.8722222222222222, 0.85, 0.5222222222222223]
Score of training (classical) [0.7472222222222222, 0.8888888888888888, 0.8861111111111111, 0.5055555555555555]
Sample 294
Take max_iter as  1103
Score of validation 0.8888888888888888
Score of training 0.9708333333333333
Score of validation (classical) [0.7277777777777777, 0.8611111111111112, 0.8611111111111112, 0.40555555555555556]
Score of training (classical) [0.7333333333333333, 0.8652777777777778, 0.875, 0.5208333333333334]
Sample 295
Take max_iter as  1096
Score of validation 0.9
Score of training 0.975
Score of validation (classical) [0.7222222222222222, 0.8333333333333334, 0.8333333333333334, 0.45]
Score of training (classical) [0.7611111111111111, 0.8722222222222222, 0.8680555555555556, 0.4930555555555556]
Sample 296
Take max_iter as  1058
Score of validation 0.8722222222222222
Score of training 0.9847222222222223
Score of validation (classical) [0.7111111111111111, 0.8777777777777778, 0.8555555555555555, 0.5611111111111111]
Score of training (classical) [0.7388888888888889, 0.8819444444444444, 0.8680555555555556, 0.5361111111111111]
Sample 297
Take max_iter as  1127
Score of validation 0.8888888888888888
Score of training 0.9763888888888889
Score of validation (classical) [0.7666666666666667, 0.8888888888888888, 0.8833333333333333, 0.5055555555555555]
Score of training (classical) [0.7430555555555556, 0.8833333333333333, 0.8763888888888889, 0.5375]
Sample 298
Take max_iter as  1097
Score of validation 0.8333333333333334
Score of training 0.9708333333333333
Score of validation (classical) [0.7166666666666667, 0.8222222222222222, 0.8166666666666667, 0.5666666666666667]
Score of training (classical) [0.75, 0.8625, 0.8541666666666666, 0.5055555555555555]
Sample 299
Take max_iter as  1113
Score of validation 0.8222222222222222
Score of training 0.9819444444444444
Score of validation (classical) [0.7444444444444445, 0.8333333333333334, 0.8444444444444444, 0.4888888888888889]
Score of training (classical) [0.7527777777777778, 0.8986111111111111, 0.8819444444444444, 0.4777777777777778]
