noise_test 6
6 circular 1
Attempt  0
Score of validation 0.9043824701195219
Score of training 0.9440559440559441
Score of validation (classical) [0.7171314741035857, 0.8127490039840638, 0.8127490039840638, 0.450199203187251]
Score of training (classical) [0.7372627372627373, 0.8501498501498501, 0.8501498501498501, 0.4725274725274725]
Attempt  1
Score of validation 0.8446215139442231
Score of training 0.9470529470529471
Score of validation (classical) [0.6972111553784861, 0.8087649402390438, 0.8207171314741036, 0.5179282868525896]
Score of training (classical) [0.7312687312687313, 0.8551448551448552, 0.8531468531468531, 0.4775224775224775]
Attempt  2
Score of validation 0.8844621513944223
Score of training 0.9310689310689311
Score of validation (classical) [0.7370517928286853, 0.8207171314741036, 0.8286852589641435, 0.5059760956175299]
Score of training (classical) [0.7382617382617382, 0.8511488511488512, 0.8481518481518482, 0.47052947052947053]
Attempt  3
Score of validation 0.8804780876494024
Score of training 0.939060939060939
Score of validation (classical) [0.7171314741035857, 0.8286852589641435, 0.8446215139442231, 0.49800796812749004]
Score of training (classical) [0.7422577422577422, 0.8491508491508492, 0.8451548451548452, 0.5064935064935064]
Attempt  4
Score of validation 0.8167330677290837
Score of training 0.9500499500499501
Score of validation (classical) [0.6852589641434262, 0.7928286852589641, 0.8087649402390438, 0.4820717131474104]
Score of training (classical) [0.7442557442557443, 0.8511488511488512, 0.8531468531468531, 0.5204795204795205]
Attempt  5
Score of validation 0.8605577689243028
Score of training 0.9410589410589411
Score of validation (classical) [0.7370517928286853, 0.848605577689243, 0.848605577689243, 0.5179282868525896]
Score of training (classical) [0.7352647352647352, 0.8461538461538461, 0.8491508491508492, 0.5064935064935064]
Attempt  6
Score of validation 0.8844621513944223
Score of training 0.9330669330669331
Score of validation (classical) [0.7569721115537849, 0.8247011952191236, 0.8366533864541833, 0.47808764940239046]
Score of training (classical) [0.7282717282717283, 0.8541458541458542, 0.8551448551448552, 0.4775224775224775]
Attempt  7
Score of validation 0.8685258964143426
Score of training 0.936063936063936
Score of validation (classical) [0.7131474103585658, 0.8605577689243028, 0.852589641434263, 0.4820717131474104]
Score of training (classical) [0.7292707292707292, 0.8471528471528471, 0.8491508491508492, 0.48951048951048953]
Attempt  8
Score of validation 0.8645418326693227
Score of training 0.9330669330669331
Score of validation (classical) [0.7211155378486056, 0.8366533864541833, 0.8406374501992032, 0.4820717131474104]
Score of training (classical) [0.7282717282717283, 0.8481518481518482, 0.8461538461538461, 0.48451548451548454]
Attempt  9
Score of validation 0.8844621513944223
Score of training 0.9340659340659341
Score of validation (classical) [0.7330677290836654, 0.8286852589641435, 0.8406374501992032, 0.5537848605577689]
Score of training (classical) [0.7242757242757243, 0.8531468531468531, 0.8501498501498501, 0.5084915084915085]
Attempt  10
Score of validation 0.8565737051792829
Score of training 0.939060939060939
Score of validation (classical) [0.7649402390438247, 0.8764940239043825, 0.8725099601593626, 0.3784860557768924]
Score of training (classical) [0.7212787212787213, 0.8321678321678322, 0.8391608391608392, 0.4865134865134865]
Attempt  11
Score of validation 0.8685258964143426
Score of training 0.936063936063936
Score of validation (classical) [0.749003984063745, 0.8446215139442231, 0.8286852589641435, 0.4820717131474104]
Score of training (classical) [0.7372627372627373, 0.8481518481518482, 0.8541458541458542, 0.4865134865134865]
Attempt  12
Score of validation 0.8446215139442231
Score of training 0.942057942057942
Score of validation (classical) [0.701195219123506, 0.8207171314741036, 0.8326693227091634, 0.4342629482071713]
Score of training (classical) [0.7342657342657343, 0.8511488511488512, 0.8491508491508492, 0.5184815184815185]
Attempt  13
Score of validation 0.8565737051792829
Score of training 0.942057942057942
Score of validation (classical) [0.7370517928286853, 0.8645418326693227, 0.8565737051792829, 0.4860557768924303]
Score of training (classical) [0.7372627372627373, 0.8431568431568431, 0.8481518481518482, 0.4835164835164835]
Attempt  14
Score of validation 0.8326693227091634
Score of training 0.952047952047952
Score of validation (classical) [0.7370517928286853, 0.8366533864541833, 0.8406374501992032, 0.4940239043824701]
Score of training (classical) [0.7252747252747253, 0.8501498501498501, 0.8491508491508492, 0.4985014985014985]
Attempt  15
Score of validation 0.8605577689243028
Score of training 0.938061938061938
Score of validation (classical) [0.7211155378486056, 0.8207171314741036, 0.8127490039840638, 0.49800796812749004]
Score of training (classical) [0.7382617382617382, 0.8531468531468531, 0.8541458541458542, 0.4865134865134865]
Attempt  16
Score of validation 0.8406374501992032
Score of training 0.951048951048951
Score of validation (classical) [0.7649402390438247, 0.8406374501992032, 0.8406374501992032, 0.5059760956175299]
Score of training (classical) [0.7242757242757243, 0.8451548451548452, 0.8481518481518482, 0.47952047952047955]
Attempt  17
Score of validation 0.8565737051792829
Score of training 0.951048951048951
Score of validation (classical) [0.7250996015936255, 0.8286852589641435, 0.8286852589641435, 0.450199203187251]
Score of training (classical) [0.7312687312687313, 0.8501498501498501, 0.8491508491508492, 0.4855144855144855]
Attempt  18
Score of validation 0.8605577689243028
Score of training 0.9340659340659341
Score of validation (classical) [0.7410358565737052, 0.8406374501992032, 0.8446215139442231, 0.47808764940239046]
Score of training (classical) [0.7362637362637363, 0.8561438561438561, 0.8541458541458542, 0.48151848151848153]
Attempt  19
Score of validation 0.8645418326693227
Score of training 0.9410589410589411
Score of validation (classical) [0.7211155378486056, 0.8286852589641435, 0.8446215139442231, 0.5219123505976095]
Score of training (classical) [0.7512487512487512, 0.8481518481518482, 0.8411588411588412, 0.48951048951048953]
Attempt  20
Score of validation 0.852589641434263
Score of training 0.952047952047952
Score of validation (classical) [0.7250996015936255, 0.848605577689243, 0.8645418326693227, 0.46613545816733065]
Score of training (classical) [0.7372627372627373, 0.8551448551448552, 0.8511488511488512, 0.4905094905094905]
Attempt  21
Score of validation 0.848605577689243
Score of training 0.9470529470529471
Score of validation (classical) [0.7569721115537849, 0.8366533864541833, 0.8446215139442231, 0.49800796812749004]
Score of training (classical) [0.7312687312687313, 0.8501498501498501, 0.8511488511488512, 0.4695304695304695]
Attempt  22
Score of validation 0.8725099601593626
Score of training 0.935064935064935
Score of validation (classical) [0.7370517928286853, 0.8446215139442231, 0.8725099601593626, 0.4820717131474104]
Score of training (classical) [0.7322677322677322, 0.8471528471528471, 0.8441558441558441, 0.4955044955044955]
Attempt  23
Score of validation 0.8565737051792829
Score of training 0.9400599400599401
Score of validation (classical) [0.6932270916334662, 0.8087649402390438, 0.8167330677290837, 0.5418326693227091]
Score of training (classical) [0.7392607392607392, 0.8551448551448552, 0.8541458541458542, 0.5214785214785215]
Attempt  24
Score of validation 0.8764940239043825
Score of training 0.932067932067932
Score of validation (classical) [0.7410358565737052, 0.8366533864541833, 0.848605577689243, 0.4820717131474104]
Score of training (classical) [0.7282717282717283, 0.8471528471528471, 0.8471528471528471, 0.4905094905094905]
Attempt  25
Score of validation 0.8645418326693227
Score of training 0.935064935064935
Score of validation (classical) [0.7290836653386454, 0.8406374501992032, 0.852589641434263, 0.5298804780876494]
Score of training (classical) [0.7302697302697303, 0.8381618381618382, 0.8461538461538461, 0.47652347652347654]
Attempt  26
Score of validation 0.8286852589641435
Score of training 0.9460539460539461
Score of validation (classical) [0.7250996015936255, 0.7729083665338645, 0.7649402390438247, 0.5059760956175299]
Score of training (classical) [0.7642357642357642, 0.8621378621378621, 0.8591408591408591, 0.5184815184815185]
Attempt  27
Score of validation 0.8844621513944223
Score of training 0.9460539460539461
Score of validation (classical) [0.7370517928286853, 0.848605577689243, 0.8406374501992032, 0.46215139442231074]
Score of training (classical) [0.7512487512487512, 0.8491508491508492, 0.8521478521478522, 0.47152847152847155]
Attempt  28
Score of validation 0.8645418326693227
Score of training 0.926073926073926
Score of validation (classical) [0.7649402390438247, 0.8645418326693227, 0.852589641434263, 0.47410358565737054]
Score of training (classical) [0.7352647352647352, 0.8411588411588412, 0.8421578421578422, 0.4925074925074925]
Attempt  29
Score of validation 0.8725099601593626
Score of training 0.949050949050949
Score of validation (classical) [0.7290836653386454, 0.8207171314741036, 0.8286852589641435, 0.450199203187251]
Score of training (classical) [0.7352647352647352, 0.8571428571428571, 0.8671328671328671, 0.4945054945054945]
Attempt  30
Score of validation 0.8884462151394422
Score of training 0.939060939060939
Score of validation (classical) [0.7450199203187251, 0.8326693227091634, 0.8406374501992032, 0.4900398406374502]
Score of training (classical) [0.7372627372627373, 0.8551448551448552, 0.8541458541458542, 0.47952047952047955]
Attempt  31
Score of validation 0.8605577689243028
Score of training 0.939060939060939
Score of validation (classical) [0.7250996015936255, 0.8326693227091634, 0.8326693227091634, 0.5298804780876494]
Score of training (classical) [0.7352647352647352, 0.8361638361638362, 0.8391608391608392, 0.4755244755244755]
Attempt  32
Score of validation 0.8764940239043825
Score of training 0.9340659340659341
Score of validation (classical) [0.7131474103585658, 0.8247011952191236, 0.8247011952191236, 0.4541832669322709]
Score of training (classical) [0.7362637362637363, 0.8551448551448552, 0.8541458541458542, 0.4835164835164835]
Attempt  33
Score of validation 0.8924302788844621
Score of training 0.935064935064935
Score of validation (classical) [0.7370517928286853, 0.8565737051792829, 0.8565737051792829, 0.5219123505976095]
Score of training (classical) [0.7262737262737263, 0.8451548451548452, 0.8471528471528471, 0.47652347652347654]
Attempt  34
Score of validation 0.8844621513944223
Score of training 0.9440559440559441
Score of validation (classical) [0.7171314741035857, 0.8167330677290837, 0.848605577689243, 0.4820717131474104]
Score of training (classical) [0.7392607392607392, 0.8451548451548452, 0.8501498501498501, 0.4775224775224775]
Attempt  35
Score of validation 0.8764940239043825
Score of training 0.9430569430569431
Score of validation (classical) [0.7370517928286853, 0.852589641434263, 0.848605577689243, 0.5179282868525896]
Score of training (classical) [0.7402597402597403, 0.8431568431568431, 0.8431568431568431, 0.5074925074925075]
Attempt  36
Score of validation 0.848605577689243
Score of training 0.936063936063936
Score of validation (classical) [0.7410358565737052, 0.8446215139442231, 0.848605577689243, 0.4581673306772908]
Score of training (classical) [0.7312687312687313, 0.8381618381618382, 0.8371628371628371, 0.47052947052947053]
Attempt  37
Score of validation 0.8406374501992032
Score of training 0.9370629370629371
Score of validation (classical) [0.7211155378486056, 0.8406374501992032, 0.8366533864541833, 0.450199203187251]
Score of training (classical) [0.7262737262737263, 0.8501498501498501, 0.8491508491508492, 0.5024975024975025]
Attempt  38
Score of validation 0.8565737051792829
Score of training 0.945054945054945
Score of validation (classical) [0.749003984063745, 0.8247011952191236, 0.8286852589641435, 0.4820717131474104]
Score of training (classical) [0.7422577422577422, 0.8541458541458542, 0.8491508491508492, 0.48451548451548454]
Attempt  39
Score of validation 0.9123505976095617
Score of training 0.939060939060939
Score of validation (classical) [0.7689243027888446, 0.8685258964143426, 0.8685258964143426, 0.4900398406374502]
Score of training (classical) [0.7292707292707292, 0.8441558441558441, 0.8381618381618382, 0.47952047952047955]
Attempt  40
Score of validation 0.8804780876494024
Score of training 0.938061938061938
Score of validation (classical) [0.7051792828685259, 0.8286852589641435, 0.8446215139442231, 0.47808764940239046]
Score of training (classical) [0.7322677322677322, 0.8511488511488512, 0.8501498501498501, 0.4805194805194805]
Attempt  41
Score of validation 0.8725099601593626
Score of training 0.9300699300699301
Score of validation (classical) [0.7131474103585658, 0.8326693227091634, 0.8286852589641435, 0.47410358565737054]
Score of training (classical) [0.7312687312687313, 0.8441558441558441, 0.8471528471528471, 0.4925074925074925]
Attempt  42
Score of validation 0.8924302788844621
Score of training 0.9410589410589411
Score of validation (classical) [0.7410358565737052, 0.8366533864541833, 0.8326693227091634, 0.5099601593625498]
Score of training (classical) [0.7212787212787213, 0.8471528471528471, 0.8491508491508492, 0.47352647352647353]
Attempt  43
Score of validation 0.8326693227091634
Score of training 0.938061938061938
Score of validation (classical) [0.7729083665338645, 0.8446215139442231, 0.8565737051792829, 0.5219123505976095]
Score of training (classical) [0.7412587412587412, 0.8471528471528471, 0.8501498501498501, 0.4915084915084915]
Attempt  44
Score of validation 0.8605577689243028
Score of training 0.9340659340659341
Score of validation (classical) [0.7330677290836654, 0.8605577689243028, 0.8645418326693227, 0.5219123505976095]
Score of training (classical) [0.7422577422577422, 0.8421578421578422, 0.8391608391608392, 0.4925074925074925]
Attempt  45
Score of validation 0.896414342629482
Score of training 0.9330669330669331
Score of validation (classical) [0.7330677290836654, 0.8764940239043825, 0.8764940239043825, 0.4541832669322709]
Score of training (classical) [0.7322677322677322, 0.8391608391608392, 0.8441558441558441, 0.47952047952047955]
Attempt  46
Score of validation 0.8764940239043825
Score of training 0.938061938061938
Score of validation (classical) [0.749003984063745, 0.8565737051792829, 0.8605577689243028, 0.5139442231075697]
Score of training (classical) [0.7452547452547452, 0.8461538461538461, 0.8481518481518482, 0.5184815184815185]
Attempt  47
Score of validation 0.8605577689243028
Score of training 0.9410589410589411
Score of validation (classical) [0.7051792828685259, 0.8366533864541833, 0.8247011952191236, 0.4860557768924303]
Score of training (classical) [0.7382617382617382, 0.8501498501498501, 0.8471528471528471, 0.4965034965034965]
Attempt  48
Score of validation 0.8725099601593626
Score of training 0.9410589410589411
Score of validation (classical) [0.7609561752988048, 0.8565737051792829, 0.852589641434263, 0.4860557768924303]
Score of training (classical) [0.7312687312687313, 0.8461538461538461, 0.8431568431568431, 0.4775224775224775]
Attempt  49
Score of validation 0.8565737051792829
Score of training 0.9310689310689311
Score of validation (classical) [0.7250996015936255, 0.8645418326693227, 0.8565737051792829, 0.4860557768924303]
Score of training (classical) [0.7372627372627373, 0.8421578421578422, 0.8411588411588412, 0.4785214785214785]
Attempt  50
Score of validation 0.8565737051792829
Score of training 0.945054945054945
Score of validation (classical) [0.7211155378486056, 0.8645418326693227, 0.8685258964143426, 0.44621513944223107]
Score of training (classical) [0.7242757242757243, 0.8471528471528471, 0.8451548451548452, 0.4775224775224775]
Attempt  51
Score of validation 0.8565737051792829
Score of training 0.945054945054945
Score of validation (classical) [0.7808764940239044, 0.8446215139442231, 0.8406374501992032, 0.4860557768924303]
Score of training (classical) [0.7432567432567433, 0.8481518481518482, 0.8561438561438561, 0.4915084915084915]
Attempt  52
Score of validation 0.9163346613545816
Score of training 0.938061938061938
Score of validation (classical) [0.7649402390438247, 0.852589641434263, 0.8446215139442231, 0.49800796812749004]
Score of training (classical) [0.7392607392607392, 0.8431568431568431, 0.8421578421578422, 0.4835164835164835]
Attempt  53
Score of validation 0.848605577689243
Score of training 0.932067932067932
Score of validation (classical) [0.7250996015936255, 0.8127490039840638, 0.8007968127490039, 0.46215139442231074]
Score of training (classical) [0.7452547452547452, 0.8571428571428571, 0.8541458541458542, 0.4935064935064935]
Attempt  54
Score of validation 0.9123505976095617
Score of training 0.9330669330669331
Score of validation (classical) [0.7370517928286853, 0.8725099601593626, 0.8764940239043825, 0.44621513944223107]
Score of training (classical) [0.7392607392607392, 0.8381618381618382, 0.8341658341658341, 0.4925074925074925]
Attempt  55
Score of validation 0.900398406374502
Score of training 0.9280719280719281
Score of validation (classical) [0.7410358565737052, 0.848605577689243, 0.8565737051792829, 0.4860557768924303]
Score of training (classical) [0.7502497502497503, 0.8541458541458542, 0.8511488511488512, 0.4915084915084915]
Attempt  56
Score of validation 0.8764940239043825
Score of training 0.9430569430569431
Score of validation (classical) [0.7649402390438247, 0.8764940239043825, 0.8764940239043825, 0.47808764940239046]
Score of training (classical) [0.7452547452547452, 0.8431568431568431, 0.8421578421578422, 0.4945054945054945]
Attempt  57
Score of validation 0.8725099601593626
Score of training 0.9460539460539461
Score of validation (classical) [0.7529880478087649, 0.8406374501992032, 0.8446215139442231, 0.49800796812749004]
Score of training (classical) [0.7502497502497503, 0.8521478521478522, 0.8501498501498501, 0.4725274725274725]
Attempt  58
Score of validation 0.8884462151394422
Score of training 0.942057942057942
Score of validation (classical) [0.7051792828685259, 0.8366533864541833, 0.8446215139442231, 0.450199203187251]
Score of training (classical) [0.7522477522477522, 0.8441558441558441, 0.8431568431568431, 0.4825174825174825]
Attempt  59
Score of validation 0.8685258964143426
Score of training 0.939060939060939
Score of validation (classical) [0.7290836653386454, 0.8127490039840638, 0.8087649402390438, 0.5059760956175299]
Score of training (classical) [0.7422577422577422, 0.8631368631368631, 0.8521478521478522, 0.4725274725274725]
Attempt  60
Score of validation 0.8605577689243028
Score of training 0.939060939060939
Score of validation (classical) [0.7529880478087649, 0.8366533864541833, 0.848605577689243, 0.4940239043824701]
Score of training (classical) [0.7472527472527473, 0.8461538461538461, 0.8461538461538461, 0.4995004995004995]
Attempt  61
Score of validation 0.8446215139442231
Score of training 0.9370629370629371
Score of validation (classical) [0.6733067729083665, 0.8247011952191236, 0.8326693227091634, 0.44621513944223107]
Score of training (classical) [0.7402597402597403, 0.8481518481518482, 0.8541458541458542, 0.4975024975024975]
Attempt  62
Score of validation 0.8565737051792829
Score of training 0.9430569430569431
Score of validation (classical) [0.7290836653386454, 0.8406374501992032, 0.8167330677290837, 0.4940239043824701]
Score of training (classical) [0.7472527472527473, 0.8501498501498501, 0.8511488511488512, 0.4825174825174825]
Attempt  63
Score of validation 0.8884462151394422
Score of training 0.942057942057942
Score of validation (classical) [0.7569721115537849, 0.8605577689243028, 0.8764940239043825, 0.4940239043824701]
Score of training (classical) [0.7232767232767233, 0.8411588411588412, 0.8431568431568431, 0.4875124875124875]
Attempt  64
Score of validation 0.8804780876494024
Score of training 0.9370629370629371
Score of validation (classical) [0.7211155378486056, 0.8446215139442231, 0.8406374501992032, 0.4940239043824701]
Score of training (classical) [0.7392607392607392, 0.8481518481518482, 0.8451548451548452, 0.4905094905094905]
Attempt  65
Score of validation 0.8605577689243028
Score of training 0.939060939060939
Score of validation (classical) [0.7768924302788844, 0.8645418326693227, 0.8645418326693227, 0.49800796812749004]
Score of training (classical) [0.7212787212787213, 0.8401598401598401, 0.8401598401598401, 0.5004995004995005]
Attempt  66
Score of validation 0.8924302788844621
Score of training 0.939060939060939
Score of validation (classical) [0.7370517928286853, 0.8685258964143426, 0.8844621513944223, 0.4860557768924303]
Score of training (classical) [0.7242757242757243, 0.8491508491508492, 0.8511488511488512, 0.4785214785214785]
Attempt  67
Score of validation 0.8645418326693227
Score of training 0.936063936063936
Score of validation (classical) [0.7290836653386454, 0.8047808764940239, 0.8167330677290837, 0.47410358565737054]
Score of training (classical) [0.7512487512487512, 0.8491508491508492, 0.8531468531468531, 0.5014985014985015]
Attempt  68
Score of validation 0.8605577689243028
Score of training 0.9400599400599401
Score of validation (classical) [0.7569721115537849, 0.848605577689243, 0.8446215139442231, 0.47808764940239046]
Score of training (classical) [0.7242757242757243, 0.8451548451548452, 0.8481518481518482, 0.4785214785214785]
Attempt  69
Score of validation 0.8605577689243028
Score of training 0.945054945054945
Score of validation (classical) [0.7928286852589641, 0.8884462151394422, 0.8844621513944223, 0.5099601593625498]
Score of training (classical) [0.7302697302697303, 0.8341658341658341, 0.8321678321678322, 0.48951048951048953]
Attempt  70
Score of validation 0.900398406374502
Score of training 0.9460539460539461
Score of validation (classical) [0.7609561752988048, 0.8645418326693227, 0.8605577689243028, 0.4900398406374502]
Score of training (classical) [0.7352647352647352, 0.8491508491508492, 0.8481518481518482, 0.48151848151848153]
Attempt  71
Score of validation 0.8685258964143426
Score of training 0.9460539460539461
Score of validation (classical) [0.7450199203187251, 0.8406374501992032, 0.8446215139442231, 0.5139442231075697]
Score of training (classical) [0.7462537462537463, 0.8471528471528471, 0.8461538461538461, 0.47952047952047955]
Attempt  72
Score of validation 0.8326693227091634
Score of training 0.948051948051948
Score of validation (classical) [0.7091633466135459, 0.8366533864541833, 0.8366533864541833, 0.4900398406374502]
Score of training (classical) [0.7452547452547452, 0.8521478521478522, 0.8521478521478522, 0.4885114885114885]
Attempt  73
Score of validation 0.8725099601593626
Score of training 0.9410589410589411
Score of validation (classical) [0.7250996015936255, 0.8286852589641435, 0.8286852589641435, 0.5219123505976095]
Score of training (classical) [0.7322677322677322, 0.8481518481518482, 0.8501498501498501, 0.4995004995004995]
Attempt  74
Score of validation 0.8764940239043825
Score of training 0.9400599400599401
Score of validation (classical) [0.7450199203187251, 0.8247011952191236, 0.8446215139442231, 0.4940239043824701]
Score of training (classical) [0.7192807192807192, 0.8481518481518482, 0.8531468531468531, 0.4755244755244755]
Attempt  75
Score of validation 0.8924302788844621
Score of training 0.938061938061938
Score of validation (classical) [0.7450199203187251, 0.8565737051792829, 0.848605577689243, 0.4860557768924303]
Score of training (classical) [0.7332667332667333, 0.8481518481518482, 0.8491508491508492, 0.4725274725274725]
Attempt  76
Score of validation 0.8725099601593626
Score of training 0.945054945054945
Score of validation (classical) [0.7410358565737052, 0.8764940239043825, 0.8685258964143426, 0.5059760956175299]
Score of training (classical) [0.7342657342657343, 0.8441558441558441, 0.8431568431568431, 0.4755244755244755]
Attempt  77
Score of validation 0.8446215139442231
Score of training 0.9310689310689311
Score of validation (classical) [0.7250996015936255, 0.8247011952191236, 0.8326693227091634, 0.5298804780876494]
Score of training (classical) [0.7512487512487512, 0.8511488511488512, 0.8511488511488512, 0.48151848151848153]
Attempt  78
Score of validation 0.8804780876494024
Score of training 0.9400599400599401
Score of validation (classical) [0.7848605577689243, 0.8884462151394422, 0.8884462151394422, 0.44223107569721115]
Score of training (classical) [0.7182817182817183, 0.8361638361638362, 0.8381618381618382, 0.4915084915084915]
Attempt  79
Score of validation 0.8605577689243028
Score of training 0.936063936063936
Score of validation (classical) [0.701195219123506, 0.8326693227091634, 0.8326693227091634, 0.4820717131474104]
Score of training (classical) [0.7442557442557443, 0.8481518481518482, 0.8481518481518482, 0.5274725274725275]
Attempt  80
Score of validation 0.8764940239043825
Score of training 0.9400599400599401
Score of validation (classical) [0.7410358565737052, 0.8605577689243028, 0.8565737051792829, 0.44223107569721115]
Score of training (classical) [0.7192807192807192, 0.8451548451548452, 0.8441558441558441, 0.4915084915084915]
Attempt  81
Score of validation 0.8127490039840638
Score of training 0.9430569430569431
Score of validation (classical) [0.7250996015936255, 0.8247011952191236, 0.8366533864541833, 0.4701195219123506]
Score of training (classical) [0.7372627372627373, 0.8461538461538461, 0.8491508491508492, 0.4695304695304695]
Attempt  82
Score of validation 0.9043824701195219
Score of training 0.9310689310689311
Score of validation (classical) [0.8167330677290837, 0.896414342629482, 0.9043824701195219, 0.46215139442231074]
Score of training (classical) [0.7242757242757243, 0.8361638361638362, 0.8361638361638362, 0.46853146853146854]
Attempt  83
Score of validation 0.8645418326693227
Score of training 0.935064935064935
Score of validation (classical) [0.6613545816733067, 0.8207171314741036, 0.8247011952191236, 0.44223107569721115]
Score of training (classical) [0.7382617382617382, 0.8521478521478522, 0.8421578421578422, 0.5054945054945055]
Attempt  84
Score of validation 0.8844621513944223
Score of training 0.9440559440559441
Score of validation (classical) [0.7250996015936255, 0.8326693227091634, 0.8286852589641435, 0.4262948207171315]
Score of training (classical) [0.7382617382617382, 0.8551448551448552, 0.8561438561438561, 0.5024975024975025]
Attempt  85
Score of validation 0.8605577689243028
Score of training 0.9460539460539461
Score of validation (classical) [0.749003984063745, 0.852589641434263, 0.8406374501992032, 0.4860557768924303]
Score of training (classical) [0.7462537462537463, 0.8491508491508492, 0.8521478521478522, 0.4645354645354645]
Attempt  86
Score of validation 0.852589641434263
Score of training 0.942057942057942
Score of validation (classical) [0.7091633466135459, 0.8247011952191236, 0.8366533864541833, 0.545816733067729]
Score of training (classical) [0.7562437562437563, 0.8511488511488512, 0.8531468531468531, 0.4755244755244755]
Attempt  87
Score of validation 0.8565737051792829
Score of training 0.951048951048951
Score of validation (classical) [0.7370517928286853, 0.8685258964143426, 0.8645418326693227, 0.4262948207171315]
Score of training (classical) [0.7362637362637363, 0.8441558441558441, 0.8521478521478522, 0.48451548451548454]
Attempt  88
Score of validation 0.8406374501992032
Score of training 0.9500499500499501
Score of validation (classical) [0.7211155378486056, 0.8047808764940239, 0.8047808764940239, 0.43824701195219123]
Score of training (classical) [0.7412587412587412, 0.8581418581418582, 0.8571428571428571, 0.47952047952047955]
Attempt  89
Score of validation 0.848605577689243
Score of training 0.935064935064935
Score of validation (classical) [0.7051792828685259, 0.8247011952191236, 0.8286852589641435, 0.450199203187251]
Score of training (classical) [0.7582417582417582, 0.8501498501498501, 0.8511488511488512, 0.47652347652347654]
Attempt  90
Score of validation 0.8685258964143426
Score of training 0.9300699300699301
Score of validation (classical) [0.7450199203187251, 0.8446215139442231, 0.848605577689243, 0.4900398406374502]
Score of training (classical) [0.7402597402597403, 0.8401598401598401, 0.8421578421578422, 0.47152847152847155]
Attempt  91
Score of validation 0.848605577689243
Score of training 0.9430569430569431
Score of validation (classical) [0.7290836653386454, 0.8366533864541833, 0.8366533864541833, 0.4820717131474104]
Score of training (classical) [0.7382617382617382, 0.8491508491508492, 0.8691308691308691, 0.4725274725274725]
Attempt  92
Score of validation 0.8685258964143426
Score of training 0.942057942057942
Score of validation (classical) [0.7051792828685259, 0.8286852589641435, 0.8286852589641435, 0.4900398406374502]
Score of training (classical) [0.7432567432567433, 0.8511488511488512, 0.8481518481518482, 0.4935064935064935]
Attempt  93
Score of validation 0.8565737051792829
Score of training 0.935064935064935
Score of validation (classical) [0.7051792828685259, 0.848605577689243, 0.8565737051792829, 0.4820717131474104]
Score of training (classical) [0.7422577422577422, 0.8481518481518482, 0.8471528471528471, 0.5294705294705294]
Attempt  94
Score of validation 0.8565737051792829
Score of training 0.9410589410589411
Score of validation (classical) [0.7370517928286853, 0.8247011952191236, 0.8207171314741036, 0.49800796812749004]
Score of training (classical) [0.7322677322677322, 0.8551448551448552, 0.8591408591408591, 0.48451548451548454]
Attempt  95
Score of validation 0.848605577689243
Score of training 0.9400599400599401
Score of validation (classical) [0.7290836653386454, 0.8167330677290837, 0.8207171314741036, 0.4900398406374502]
Score of training (classical) [0.7262737262737263, 0.8461538461538461, 0.8461538461538461, 0.46853146853146854]
Attempt  96
Score of validation 0.8844621513944223
Score of training 0.938061938061938
Score of validation (classical) [0.7808764940239044, 0.8764940239043825, 0.8884462151394422, 0.46215139442231074]
Score of training (classical) [0.7222777222777222, 0.8391608391608392, 0.8341658341658341, 0.4775224775224775]
Attempt  97
Score of validation 0.8565737051792829
Score of training 0.948051948051948
Score of validation (classical) [0.7290836653386454, 0.8286852589641435, 0.8406374501992032, 0.46613545816733065]
Score of training (classical) [0.7332667332667333, 0.8531468531468531, 0.8511488511488512, 0.47152847152847155]
Attempt  98
Score of validation 0.8844621513944223
Score of training 0.9340659340659341
Score of validation (classical) [0.7808764940239044, 0.8565737051792829, 0.852589641434263, 0.50199203187251]
Score of training (classical) [0.7272727272727273, 0.8491508491508492, 0.8421578421578422, 0.4775224775224775]
Attempt  99
Score of validation 0.848605577689243
Score of training 0.9330669330669331
Score of validation (classical) [0.7211155378486056, 0.8047808764940239, 0.8047808764940239, 0.5378486055776892]
Score of training (classical) [0.7442557442557443, 0.8501498501498501, 0.8511488511488512, 0.4775224775224775]
Attempt  100
Score of validation 0.9043824701195219
Score of training 0.939060939060939
Score of validation (classical) [0.7410358565737052, 0.8605577689243028, 0.8605577689243028, 0.4900398406374502]
Score of training (classical) [0.7312687312687313, 0.8421578421578422, 0.8461538461538461, 0.48151848151848153]
Attempt  101
Score of validation 0.8446215139442231
Score of training 0.9310689310689311
Score of validation (classical) [0.7171314741035857, 0.8366533864541833, 0.8406374501992032, 0.5418326693227091]
Score of training (classical) [0.7432567432567433, 0.8461538461538461, 0.8501498501498501, 0.5064935064935064]
Attempt  102
Score of validation 0.8804780876494024
Score of training 0.9500499500499501
Score of validation (classical) [0.749003984063745, 0.848605577689243, 0.8685258964143426, 0.4940239043824701]
Score of training (classical) [0.7222777222777222, 0.8731268731268731, 0.8871128871128872, 0.45054945054945056]
Attempt  103
Score of validation 0.8844621513944223
Score of training 0.9440559440559441
Score of validation (classical) [0.7529880478087649, 0.8406374501992032, 0.8247011952191236, 0.50199203187251]
Score of training (classical) [0.7312687312687313, 0.8521478521478522, 0.8531468531468531, 0.4955044955044955]
Attempt  104
Score of validation 0.8565737051792829
Score of training 0.949050949050949
Score of validation (classical) [0.6972111553784861, 0.8685258964143426, 0.8685258964143426, 0.5179282868525896]
Score of training (classical) [0.7482517482517482, 0.8421578421578422, 0.8391608391608392, 0.4975024975024975]
Attempt  105
Score of validation 0.852589641434263
Score of training 0.9430569430569431
Score of validation (classical) [0.7330677290836654, 0.852589641434263, 0.848605577689243, 0.42231075697211157]
Score of training (classical) [0.7462537462537463, 0.8481518481518482, 0.8511488511488512, 0.4945054945054945]
Attempt  106
Score of validation 0.8645418326693227
Score of training 0.932067932067932
Score of validation (classical) [0.7131474103585658, 0.8366533864541833, 0.8326693227091634, 0.4900398406374502]
Score of training (classical) [0.7582417582417582, 0.8501498501498501, 0.8591408591408591, 0.47052947052947053]
Attempt  107
Score of validation 0.896414342629482
Score of training 0.938061938061938
Score of validation (classical) [0.749003984063745, 0.852589641434263, 0.8286852589641435, 0.545816733067729]
Score of training (classical) [0.7372627372627373, 0.8521478521478522, 0.8521478521478522, 0.46253746253746253]
Attempt  108
Score of validation 0.8565737051792829
Score of training 0.9460539460539461
Score of validation (classical) [0.701195219123506, 0.8207171314741036, 0.8326693227091634, 0.49800796812749004]
Score of training (classical) [0.7412587412587412, 0.8551448551448552, 0.8491508491508492, 0.4935064935064935]
Attempt  109
Score of validation 0.8406374501992032
Score of training 0.938061938061938
Score of validation (classical) [0.6693227091633466, 0.8007968127490039, 0.796812749003984, 0.5537848605577689]
Score of training (classical) [0.7382617382617382, 0.8501498501498501, 0.8531468531468531, 0.4865134865134865]
Attempt  110
Score of validation 0.8764940239043825
Score of training 0.9330669330669331
Score of validation (classical) [0.7569721115537849, 0.8326693227091634, 0.8286852589641435, 0.49800796812749004]
Score of training (classical) [0.7352647352647352, 0.8671328671328671, 0.8721278721278721, 0.4745254745254745]
Attempt  111
Score of validation 0.8565737051792829
Score of training 0.936063936063936
Score of validation (classical) [0.7250996015936255, 0.8366533864541833, 0.852589641434263, 0.46613545816733065]
Score of training (classical) [0.7312687312687313, 0.8491508491508492, 0.8431568431568431, 0.5074925074925075]
Attempt  112
Score of validation 0.8326693227091634
Score of training 0.936063936063936
Score of validation (classical) [0.7051792828685259, 0.8127490039840638, 0.8087649402390438, 0.4860557768924303]
Score of training (classical) [0.7432567432567433, 0.8621378621378621, 0.8591408591408591, 0.4965034965034965]
Attempt  113
Score of validation 0.8924302788844621
Score of training 0.9430569430569431
Score of validation (classical) [0.7569721115537849, 0.8685258964143426, 0.8645418326693227, 0.5338645418326693]
Score of training (classical) [0.7382617382617382, 0.8471528471528471, 0.8421578421578422, 0.5054945054945055]
Attempt  114
Score of validation 0.8446215139442231
Score of training 0.939060939060939
Score of validation (classical) [0.7410358565737052, 0.7888446215139442, 0.7888446215139442, 0.5258964143426295]
Score of training (classical) [0.7562437562437563, 0.8621378621378621, 0.8601398601398601, 0.5004995004995005]
Attempt  115
Score of validation 0.9163346613545816
Score of training 0.935064935064935
Score of validation (classical) [0.7370517928286853, 0.9083665338645418, 0.896414342629482, 0.5298804780876494]
Score of training (classical) [0.7292707292707292, 0.8321678321678322, 0.8331668331668332, 0.4825174825174825]
Attempt  116
Score of validation 0.8565737051792829
Score of training 0.9460539460539461
Score of validation (classical) [0.7091633466135459, 0.7928286852589641, 0.8007968127490039, 0.545816733067729]
Score of training (classical) [0.7442557442557443, 0.8521478521478522, 0.8541458541458542, 0.5004995004995005]
Attempt  117
Score of validation 0.8247011952191236
Score of training 0.9460539460539461
Score of validation (classical) [0.649402390438247, 0.7768924302788844, 0.7649402390438247, 0.43824701195219123]
Score of training (classical) [0.7612387612387612, 0.8611388611388612, 0.8601398601398601, 0.5434565434565435]
Attempt  118
Score of validation 0.8286852589641435
Score of training 0.948051948051948
Score of validation (classical) [0.6733067729083665, 0.8247011952191236, 0.8247011952191236, 0.4900398406374502]
Score of training (classical) [0.7512487512487512, 0.8461538461538461, 0.8541458541458542, 0.5254745254745254]
Attempt  119
Score of validation 0.8565737051792829
Score of training 0.938061938061938
Score of validation (classical) [0.7450199203187251, 0.8446215139442231, 0.848605577689243, 0.5179282868525896]
Score of training (classical) [0.7382617382617382, 0.8471528471528471, 0.8481518481518482, 0.46553446553446554]
Attempt  120
Score of validation 0.8446215139442231
Score of training 0.939060939060939
Score of validation (classical) [0.6812749003984063, 0.8326693227091634, 0.8286852589641435, 0.4940239043824701]
Score of training (classical) [0.7542457542457542, 0.8471528471528471, 0.8491508491508492, 0.5094905094905094]
Attempt  121
Score of validation 0.8804780876494024
Score of training 0.9340659340659341
Score of validation (classical) [0.7091633466135459, 0.852589641434263, 0.848605577689243, 0.5139442231075697]
Score of training (classical) [0.7422577422577422, 0.8431568431568431, 0.8431568431568431, 0.4915084915084915]
Attempt  122
Score of validation 0.8884462151394422
Score of training 0.9370629370629371
Score of validation (classical) [0.7051792828685259, 0.8127490039840638, 0.8207171314741036, 0.4900398406374502]
Score of training (classical) [0.7412587412587412, 0.8561438561438561, 0.8521478521478522, 0.5024975024975025]
Attempt  123
Score of validation 0.8804780876494024
Score of training 0.939060939060939
Score of validation (classical) [0.7450199203187251, 0.8605577689243028, 0.8605577689243028, 0.44621513944223107]
Score of training (classical) [0.7442557442557443, 0.8441558441558441, 0.8491508491508492, 0.4805194805194805]
Attempt  124
Score of validation 0.8605577689243028
Score of training 0.949050949050949
Score of validation (classical) [0.701195219123506, 0.8286852589641435, 0.8247011952191236, 0.47808764940239046]
Score of training (classical) [0.7462537462537463, 0.8491508491508492, 0.8481518481518482, 0.5084915084915085]
Attempt  125
Score of validation 0.8804780876494024
Score of training 0.936063936063936
Score of validation (classical) [0.7091633466135459, 0.8844621513944223, 0.8804780876494024, 0.46613545816733065]
Score of training (classical) [0.7352647352647352, 0.8371628371628371, 0.8401598401598401, 0.4855144855144855]
Attempt  126
Score of validation 0.900398406374502
Score of training 0.9460539460539461
Score of validation (classical) [0.7649402390438247, 0.8645418326693227, 0.8685258964143426, 0.47808764940239046]
Score of training (classical) [0.7242757242757243, 0.8371628371628371, 0.8421578421578422, 0.4885114885114885]
Attempt  127
Score of validation 0.900398406374502
Score of training 0.9370629370629371
Score of validation (classical) [0.7450199203187251, 0.8645418326693227, 0.8565737051792829, 0.4860557768924303]
Score of training (classical) [0.7282717282717283, 0.8471528471528471, 0.8471528471528471, 0.4825174825174825]
Attempt  128
Score of validation 0.8804780876494024
Score of training 0.938061938061938
Score of validation (classical) [0.7729083665338645, 0.8446215139442231, 0.852589641434263, 0.5338645418326693]
Score of training (classical) [0.7212787212787213, 0.8501498501498501, 0.8481518481518482, 0.4695304695304695]
Attempt  129
Score of validation 0.8565737051792829
Score of training 0.9440559440559441
Score of validation (classical) [0.7250996015936255, 0.8007968127490039, 0.7928286852589641, 0.44223107569721115]
Score of training (classical) [0.7552447552447552, 0.8621378621378621, 0.8591408591408591, 0.4905094905094905]
Attempt  130
Score of validation 0.8286852589641435
Score of training 0.945054945054945
Score of validation (classical) [0.6772908366533864, 0.8207171314741036, 0.8167330677290837, 0.46613545816733065]
Score of training (classical) [0.7462537462537463, 0.8571428571428571, 0.8521478521478522, 0.5144855144855145]
Attempt  131
Score of validation 0.8725099601593626
Score of training 0.9400599400599401
Score of validation (classical) [0.7450199203187251, 0.8764940239043825, 0.8725099601593626, 0.47808764940239046]
Score of training (classical) [0.7402597402597403, 0.8391608391608392, 0.8321678321678322, 0.47052947052947053]
Attempt  132
Score of validation 0.8804780876494024
Score of training 0.9270729270729271
Score of validation (classical) [0.7888446215139442, 0.8725099601593626, 0.8804780876494024, 0.43824701195219123]
Score of training (classical) [0.7352647352647352, 0.8421578421578422, 0.8351648351648352, 0.4865134865134865]
Attempt  133
Score of validation 0.8804780876494024
Score of training 0.9400599400599401
Score of validation (classical) [0.6693227091633466, 0.8366533864541833, 0.8326693227091634, 0.47808764940239046]
Score of training (classical) [0.7592407592407593, 0.8491508491508492, 0.8511488511488512, 0.5144855144855145]
Attempt  134
Score of validation 0.852589641434263
Score of training 0.9400599400599401
Score of validation (classical) [0.7171314741035857, 0.8286852589641435, 0.8326693227091634, 0.5139442231075697]
Score of training (classical) [0.7412587412587412, 0.8491508491508492, 0.8461538461538461, 0.4755244755244755]
Attempt  135
Score of validation 0.8725099601593626
Score of training 0.9500499500499501
Score of validation (classical) [0.6972111553784861, 0.7729083665338645, 0.7729083665338645, 0.4541832669322709]
Score of training (classical) [0.7582417582417582, 0.8691308691308691, 0.8621378621378621, 0.4865134865134865]
Attempt  136
Score of validation 0.8605577689243028
Score of training 0.948051948051948
Score of validation (classical) [0.7051792828685259, 0.8087649402390438, 0.8127490039840638, 0.50199203187251]
Score of training (classical) [0.7282717282717283, 0.8481518481518482, 0.8501498501498501, 0.48151848151848153]
Attempt  137
Score of validation 0.8605577689243028
Score of training 0.9440559440559441
Score of validation (classical) [0.7091633466135459, 0.8406374501992032, 0.848605577689243, 0.4820717131474104]
Score of training (classical) [0.7352647352647352, 0.8451548451548452, 0.8491508491508492, 0.4905094905094905]
Attempt  138
Score of validation 0.8366533864541833
Score of training 0.9560439560439561
Score of validation (classical) [0.749003984063745, 0.8446215139442231, 0.8764940239043825, 0.5059760956175299]
Score of training (classical) [0.7302697302697303, 0.8651348651348651, 0.8761238761238761, 0.4865134865134865]
Attempt  139
Score of validation 0.8804780876494024
Score of training 0.9370629370629371
Score of validation (classical) [0.7290836653386454, 0.8326693227091634, 0.8446215139442231, 0.47808764940239046]
Score of training (classical) [0.7382617382617382, 0.8501498501498501, 0.8441558441558441, 0.4855144855144855]
Attempt  140
Score of validation 0.8764940239043825
Score of training 0.9400599400599401
Score of validation (classical) [0.7888446215139442, 0.8605577689243028, 0.8685258964143426, 0.5258964143426295]
Score of training (classical) [0.7102897102897103, 0.8411588411588412, 0.8401598401598401, 0.47652347652347654]
Attempt  141
Score of validation 0.8645418326693227
Score of training 0.9440559440559441
Score of validation (classical) [0.7410358565737052, 0.852589641434263, 0.852589641434263, 0.5099601593625498]
Score of training (classical) [0.7382617382617382, 0.8401598401598401, 0.8421578421578422, 0.4825174825174825]
Attempt  142
Score of validation 0.8725099601593626
Score of training 0.939060939060939
Score of validation (classical) [0.7649402390438247, 0.8645418326693227, 0.8605577689243028, 0.47808764940239046]
Score of training (classical) [0.7262737262737263, 0.8501498501498501, 0.8511488511488512, 0.47952047952047955]
Attempt  143
Score of validation 0.848605577689243
Score of training 0.939060939060939
Score of validation (classical) [0.7410358565737052, 0.8247011952191236, 0.8286852589641435, 0.4820717131474104]
Score of training (classical) [0.7342657342657343, 0.8531468531468531, 0.8551448551448552, 0.5064935064935064]
Attempt  144
Score of validation 0.8884462151394422
Score of training 0.942057942057942
Score of validation (classical) [0.7450199203187251, 0.8645418326693227, 0.8725099601593626, 0.4940239043824701]
Score of training (classical) [0.7162837162837162, 0.8451548451548452, 0.8461538461538461, 0.5094905094905094]
Attempt  145
Score of validation 0.8605577689243028
Score of training 0.945054945054945
Score of validation (classical) [0.7410358565737052, 0.8565737051792829, 0.8565737051792829, 0.5298804780876494]
Score of training (classical) [0.7382617382617382, 0.8451548451548452, 0.8411588411588412, 0.4885114885114885]
Attempt  146
Score of validation 0.8804780876494024
Score of training 0.9440559440559441
Score of validation (classical) [0.701195219123506, 0.848605577689243, 0.8645418326693227, 0.4900398406374502]
Score of training (classical) [0.7462537462537463, 0.8481518481518482, 0.8481518481518482, 0.4865134865134865]
Attempt  147
Score of validation 0.8804780876494024
Score of training 0.942057942057942
Score of validation (classical) [0.7290836653386454, 0.8286852589641435, 0.8406374501992032, 0.4820717131474104]
Score of training (classical) [0.7462537462537463, 0.8501498501498501, 0.8541458541458542, 0.5114885114885115]
Attempt  148
Score of validation 0.8605577689243028
Score of training 0.9500499500499501
Score of validation (classical) [0.7051792828685259, 0.8446215139442231, 0.852589641434263, 0.50199203187251]
Score of training (classical) [0.7542457542457542, 0.8471528471528471, 0.8481518481518482, 0.5074925074925075]
Attempt  149
Score of validation 0.8645418326693227
Score of training 0.9500499500499501
Score of validation (classical) [0.7290836653386454, 0.8605577689243028, 0.8884462151394422, 0.46215139442231074]
Score of training (classical) [0.7252747252747253, 0.8481518481518482, 0.8531468531468531, 0.46353646353646355]
Attempt  150
Score of validation 0.8605577689243028
Score of training 0.949050949050949
Score of validation (classical) [0.7410358565737052, 0.8207171314741036, 0.8286852589641435, 0.4302788844621514]
Score of training (classical) [0.7212787212787213, 0.8571428571428571, 0.8591408591408591, 0.4975024975024975]
Attempt  151
Score of validation 0.8804780876494024
Score of training 0.9310689310689311
Score of validation (classical) [0.7091633466135459, 0.848605577689243, 0.852589641434263, 0.4541832669322709]
Score of training (classical) [0.7382617382617382, 0.8411588411588412, 0.8411588411588412, 0.4965034965034965]
Attempt  152
Score of validation 0.8406374501992032
Score of training 0.9460539460539461
Score of validation (classical) [0.7370517928286853, 0.8247011952191236, 0.8286852589641435, 0.4860557768924303]
Score of training (classical) [0.7212787212787213, 0.8561438561438561, 0.8491508491508492, 0.46653346653346656]
Attempt  153
Score of validation 0.8406374501992032
Score of training 0.9430569430569431
Score of validation (classical) [0.749003984063745, 0.8446215139442231, 0.8366533864541833, 0.47410358565737054]
Score of training (classical) [0.7462537462537463, 0.8471528471528471, 0.8531468531468531, 0.4855144855144855]
Attempt  154
Score of validation 0.8645418326693227
Score of training 0.939060939060939
Score of validation (classical) [0.6932270916334662, 0.8007968127490039, 0.8087649402390438, 0.44223107569721115]
Score of training (classical) [0.7492507492507493, 0.8591408591408591, 0.8541458541458542, 0.4975024975024975]
Attempt  155
Score of validation 0.8764940239043825
Score of training 0.9470529470529471
Score of validation (classical) [0.7450199203187251, 0.8446215139442231, 0.848605577689243, 0.42231075697211157]
Score of training (classical) [0.7392607392607392, 0.8491508491508492, 0.8441558441558441, 0.4985014985014985]
Attempt  156
Score of validation 0.8565737051792829
Score of training 0.9500499500499501
Score of validation (classical) [0.6812749003984063, 0.8366533864541833, 0.848605577689243, 0.5219123505976095]
Score of training (classical) [0.7312687312687313, 0.8481518481518482, 0.8491508491508492, 0.4975024975024975]
Attempt  157
Score of validation 0.8924302788844621
Score of training 0.932067932067932
Score of validation (classical) [0.7290836653386454, 0.8366533864541833, 0.848605577689243, 0.46215139442231074]
Score of training (classical) [0.7502497502497503, 0.8491508491508492, 0.8461538461538461, 0.5064935064935064]
Attempt  158
Score of validation 0.8844621513944223
Score of training 0.939060939060939
Score of validation (classical) [0.7290836653386454, 0.8446215139442231, 0.852589641434263, 0.4541832669322709]
Score of training (classical) [0.7492507492507493, 0.8491508491508492, 0.8501498501498501, 0.48451548451548454]
Attempt  159
Score of validation 0.8884462151394422
Score of training 0.9270729270729271
Score of validation (classical) [0.7370517928286853, 0.8685258964143426, 0.8605577689243028, 0.49800796812749004]
Score of training (classical) [0.7282717282717283, 0.8461538461538461, 0.8481518481518482, 0.4825174825174825]
Attempt  160
Score of validation 0.8764940239043825
Score of training 0.9430569430569431
Score of validation (classical) [0.7250996015936255, 0.8247011952191236, 0.8286852589641435, 0.5139442231075697]
Score of training (classical) [0.7452547452547452, 0.8531468531468531, 0.8551448551448552, 0.4945054945054945]
Attempt  161
Score of validation 0.8207171314741036
Score of training 0.9370629370629371
Score of validation (classical) [0.7250996015936255, 0.796812749003984, 0.796812749003984, 0.49800796812749004]
Score of training (classical) [0.7522477522477522, 0.8701298701298701, 0.8661338661338661, 0.4855144855144855]
Attempt  162
Score of validation 0.848605577689243
Score of training 0.945054945054945
Score of validation (classical) [0.7250996015936255, 0.8366533864541833, 0.8326693227091634, 0.50199203187251]
Score of training (classical) [0.7362637362637363, 0.8481518481518482, 0.8391608391608392, 0.5044955044955045]
Attempt  163
Score of validation 0.8645418326693227
Score of training 0.9410589410589411
Score of validation (classical) [0.749003984063745, 0.8326693227091634, 0.8326693227091634, 0.4701195219123506]
Score of training (classical) [0.7442557442557443, 0.8431568431568431, 0.8491508491508492, 0.4945054945054945]
Attempt  164
Score of validation 0.8764940239043825
Score of training 0.938061938061938
Score of validation (classical) [0.7290836653386454, 0.8207171314741036, 0.8247011952191236, 0.4820717131474104]
Score of training (classical) [0.7332667332667333, 0.8591408591408591, 0.8601398601398601, 0.4745254745254745]
Attempt  165
Score of validation 0.8804780876494024
Score of training 0.942057942057942
Score of validation (classical) [0.6852589641434262, 0.8406374501992032, 0.8326693227091634, 0.5258964143426295]
Score of training (classical) [0.7322677322677322, 0.8481518481518482, 0.8471528471528471, 0.4975024975024975]
Attempt  166
Score of validation 0.8725099601593626
Score of training 0.9330669330669331
Score of validation (classical) [0.7051792828685259, 0.8366533864541833, 0.8326693227091634, 0.5179282868525896]
Score of training (classical) [0.7532467532467533, 0.8521478521478522, 0.8501498501498501, 0.4955044955044955]
Attempt  167
Score of validation 0.8645418326693227
Score of training 0.942057942057942
Score of validation (classical) [0.7569721115537849, 0.8406374501992032, 0.8645418326693227, 0.4581673306772908]
Score of training (classical) [0.7202797202797203, 0.8431568431568431, 0.8511488511488512, 0.4745254745254745]
Attempt  168
Score of validation 0.8366533864541833
Score of training 0.939060939060939
Score of validation (classical) [0.7211155378486056, 0.8247011952191236, 0.8326693227091634, 0.5298804780876494]
Score of training (classical) [0.7392607392607392, 0.8481518481518482, 0.8481518481518482, 0.4945054945054945]
Attempt  169
Score of validation 0.8446215139442231
Score of training 0.9370629370629371
Score of validation (classical) [0.7290836653386454, 0.8286852589641435, 0.8286852589641435, 0.5219123505976095]
Score of training (classical) [0.7362637362637363, 0.8481518481518482, 0.8471528471528471, 0.5034965034965035]
Attempt  170
Score of validation 0.8844621513944223
Score of training 0.9410589410589411
Score of validation (classical) [0.7131474103585658, 0.8366533864541833, 0.8286852589641435, 0.4820717131474104]
Score of training (classical) [0.7352647352647352, 0.8571428571428571, 0.8551448551448552, 0.4885114885114885]
Attempt  171
Score of validation 0.8446215139442231
Score of training 0.951048951048951
Score of validation (classical) [0.7330677290836654, 0.852589641434263, 0.852589641434263, 0.47410358565737054]
Score of training (classical) [0.7392607392607392, 0.8461538461538461, 0.8421578421578422, 0.4935064935064935]
Attempt  172
Score of validation 0.9163346613545816
Score of training 0.938061938061938
Score of validation (classical) [0.7410358565737052, 0.852589641434263, 0.852589641434263, 0.50199203187251]
Score of training (classical) [0.7252747252747253, 0.8501498501498501, 0.8441558441558441, 0.4785214785214785]
Attempt  173
Score of validation 0.848605577689243
Score of training 0.936063936063936
Score of validation (classical) [0.7529880478087649, 0.8207171314741036, 0.8366533864541833, 0.4940239043824701]
Score of training (classical) [0.7432567432567433, 0.8501498501498501, 0.8521478521478522, 0.5034965034965035]
Attempt  174
Score of validation 0.8247011952191236
Score of training 0.942057942057942
Score of validation (classical) [0.7051792828685259, 0.8286852589641435, 0.8207171314741036, 0.5219123505976095]
Score of training (classical) [0.7382617382617382, 0.8451548451548452, 0.8481518481518482, 0.48451548451548454]
Attempt  175
Score of validation 0.8645418326693227
Score of training 0.939060939060939
Score of validation (classical) [0.7729083665338645, 0.8725099601593626, 0.8844621513944223, 0.5059760956175299]
Score of training (classical) [0.7222777222777222, 0.8411588411588412, 0.8461538461538461, 0.47652347652347654]
Attempt  176
Score of validation 0.896414342629482
Score of training 0.939060939060939
Score of validation (classical) [0.7290836653386454, 0.8565737051792829, 0.8645418326693227, 0.49800796812749004]
Score of training (classical) [0.7292707292707292, 0.8481518481518482, 0.8521478521478522, 0.48151848151848153]
Attempt  177
Score of validation 0.848605577689243
Score of training 0.942057942057942
Score of validation (classical) [0.7290836653386454, 0.8207171314741036, 0.8247011952191236, 0.5099601593625498]
Score of training (classical) [0.7582417582417582, 0.8511488511488512, 0.8581418581418582, 0.47652347652347654]
Attempt  178
Score of validation 0.8406374501992032
Score of training 0.9410589410589411
Score of validation (classical) [0.7450199203187251, 0.8605577689243028, 0.852589641434263, 0.5059760956175299]
Score of training (classical) [0.7322677322677322, 0.8431568431568431, 0.8371628371628371, 0.47352647352647353]
Attempt  179
Score of validation 0.8446215139442231
Score of training 0.949050949050949
Score of validation (classical) [0.7131474103585658, 0.8007968127490039, 0.796812749003984, 0.5219123505976095]
Score of training (classical) [0.7512487512487512, 0.8571428571428571, 0.8521478521478522, 0.4825174825174825]
Attempt  180
Score of validation 0.8725099601593626
Score of training 0.951048951048951
Score of validation (classical) [0.7410358565737052, 0.8247011952191236, 0.8286852589641435, 0.5219123505976095]
Score of training (classical) [0.7542457542457542, 0.8541458541458542, 0.8511488511488512, 0.4905094905094905]
Attempt  181
Score of validation 0.8764940239043825
Score of training 0.9340659340659341
Score of validation (classical) [0.7211155378486056, 0.8565737051792829, 0.8565737051792829, 0.4940239043824701]
Score of training (classical) [0.7322677322677322, 0.8471528471528471, 0.8381618381618382, 0.4925074925074925]
Attempt  182
Score of validation 0.852589641434263
Score of training 0.945054945054945
Score of validation (classical) [0.7410358565737052, 0.8326693227091634, 0.8366533864541833, 0.47808764940239046]
Score of training (classical) [0.7452547452547452, 0.8541458541458542, 0.8501498501498501, 0.46153846153846156]
Attempt  183
Score of validation 0.8685258964143426
Score of training 0.938061938061938
Score of validation (classical) [0.7410358565737052, 0.8446215139442231, 0.848605577689243, 0.5179282868525896]
Score of training (classical) [0.7122877122877123, 0.8451548451548452, 0.8461538461538461, 0.4835164835164835]
Attempt  184
Score of validation 0.896414342629482
Score of training 0.9340659340659341
Score of validation (classical) [0.7211155378486056, 0.852589641434263, 0.8605577689243028, 0.50199203187251]
Score of training (classical) [0.7372627372627373, 0.8421578421578422, 0.8421578421578422, 0.47952047952047955]
Attempt  185
Score of validation 0.8764940239043825
Score of training 0.9410589410589411
Score of validation (classical) [0.7250996015936255, 0.8047808764940239, 0.8087649402390438, 0.4940239043824701]
Score of training (classical) [0.7362637362637363, 0.8631368631368631, 0.8631368631368631, 0.48951048951048953]
Attempt  186
Score of validation 0.8924302788844621
Score of training 0.939060939060939
Score of validation (classical) [0.7370517928286853, 0.8446215139442231, 0.8406374501992032, 0.50199203187251]
Score of training (classical) [0.7312687312687313, 0.8421578421578422, 0.8461538461538461, 0.4695304695304695]
Attempt  187
Score of validation 0.8685258964143426
Score of training 0.945054945054945
Score of validation (classical) [0.7370517928286853, 0.848605577689243, 0.848605577689243, 0.47410358565737054]
Score of training (classical) [0.7272727272727273, 0.8481518481518482, 0.8491508491508492, 0.4855144855144855]
Attempt  188
Score of validation 0.8685258964143426
Score of training 0.938061938061938
Score of validation (classical) [0.7410358565737052, 0.8446215139442231, 0.8565737051792829, 0.4940239043824701]
Score of training (classical) [0.7412587412587412, 0.8491508491508492, 0.8461538461538461, 0.4915084915084915]
Attempt  189
Score of validation 0.8565737051792829
Score of training 0.9340659340659341
Score of validation (classical) [0.7171314741035857, 0.8366533864541833, 0.8406374501992032, 0.41832669322709165]
Score of training (classical) [0.7562437562437563, 0.8491508491508492, 0.8551448551448552, 0.4935064935064935]
Attempt  190
Score of validation 0.8764940239043825
Score of training 0.9430569430569431
Score of validation (classical) [0.7250996015936255, 0.8326693227091634, 0.8366533864541833, 0.5219123505976095]
Score of training (classical) [0.7342657342657343, 0.8421578421578422, 0.8441558441558441, 0.4965034965034965]
Attempt  191
Score of validation 0.8565737051792829
Score of training 0.948051948051948
Score of validation (classical) [0.7330677290836654, 0.796812749003984, 0.796812749003984, 0.50199203187251]
Score of training (classical) [0.7362637362637363, 0.8531468531468531, 0.8541458541458542, 0.4995004995004995]
Attempt  192
Score of validation 0.8326693227091634
Score of training 0.948051948051948
Score of validation (classical) [0.7290836653386454, 0.8446215139442231, 0.8565737051792829, 0.49800796812749004]
Score of training (classical) [0.7442557442557443, 0.8491508491508492, 0.8451548451548452, 0.4905094905094905]
Attempt  193
Score of validation 0.852589641434263
Score of training 0.9460539460539461
Score of validation (classical) [0.7330677290836654, 0.8087649402390438, 0.8247011952191236, 0.5059760956175299]
Score of training (classical) [0.7402597402597403, 0.8611388611388612, 0.8581418581418582, 0.4925074925074925]
Attempt  194
Score of validation 0.848605577689243
Score of training 0.9560439560439561
Score of validation (classical) [0.7290836653386454, 0.8207171314741036, 0.8326693227091634, 0.5418326693227091]
Score of training (classical) [0.7462537462537463, 0.8571428571428571, 0.8571428571428571, 0.5014985014985015]
Attempt  195
Score of validation 0.8087649402390438
Score of training 0.939060939060939
Score of validation (classical) [0.6972111553784861, 0.8247011952191236, 0.8207171314741036, 0.43824701195219123]
Score of training (classical) [0.7382617382617382, 0.8541458541458542, 0.8551448551448552, 0.5084915084915085]
Attempt  196
Score of validation 0.8764940239043825
Score of training 0.9400599400599401
Score of validation (classical) [0.7091633466135459, 0.8685258964143426, 0.8764940239043825, 0.47808764940239046]
Score of training (classical) [0.7282717282717283, 0.8451548451548452, 0.8451548451548452, 0.4905094905094905]
Attempt  197
Score of validation 0.8725099601593626
Score of training 0.938061938061938
Score of validation (classical) [0.7729083665338645, 0.8326693227091634, 0.8406374501992032, 0.4820717131474104]
Score of training (classical) [0.7272727272727273, 0.8471528471528471, 0.8481518481518482, 0.4805194805194805]
Attempt  198
Score of validation 0.8804780876494024
Score of training 0.932067932067932
Score of validation (classical) [0.7370517928286853, 0.8645418326693227, 0.8605577689243028, 0.4940239043824701]
Score of training (classical) [0.7352647352647352, 0.8411588411588412, 0.8441558441558441, 0.5014985014985015]
Attempt  199
Score of validation 0.9043824701195219
Score of training 0.9410589410589411
Score of validation (classical) [0.7330677290836654, 0.8446215139442231, 0.848605577689243, 0.46215139442231074]
Score of training (classical) [0.7252747252747253, 0.8531468531468531, 0.8491508491508492, 0.4935064935064935]
Attempt  200
Score of validation 0.8167330677290837
Score of training 0.936063936063936
Score of validation (classical) [0.701195219123506, 0.8286852589641435, 0.8247011952191236, 0.4701195219123506]
Score of training (classical) [0.7412587412587412, 0.8551448551448552, 0.8581418581418582, 0.48151848151848153]
Attempt  201
Score of validation 0.852589641434263
Score of training 0.939060939060939
Score of validation (classical) [0.7450199203187251, 0.8326693227091634, 0.8286852589641435, 0.5139442231075697]
Score of training (classical) [0.7422577422577422, 0.8511488511488512, 0.8501498501498501, 0.4695304695304695]
Attempt  202
Score of validation 0.896414342629482
Score of training 0.9440559440559441
Score of validation (classical) [0.7848605577689243, 0.8645418326693227, 0.8685258964143426, 0.50199203187251]
Score of training (classical) [0.7412587412587412, 0.8421578421578422, 0.8421578421578422, 0.5164835164835165]
Attempt  203
Score of validation 0.8764940239043825
Score of training 0.9400599400599401
Score of validation (classical) [0.7171314741035857, 0.8167330677290837, 0.8247011952191236, 0.4940239043824701]
Score of training (classical) [0.7392607392607392, 0.8501498501498501, 0.8461538461538461, 0.4925074925074925]
Attempt  204
Score of validation 0.8207171314741036
Score of training 0.935064935064935
Score of validation (classical) [0.6812749003984063, 0.8247011952191236, 0.8286852589641435, 0.47410358565737054]
Score of training (classical) [0.7392607392607392, 0.8521478521478522, 0.8501498501498501, 0.5124875124875125]
Attempt  205
Score of validation 0.8565737051792829
Score of training 0.9370629370629371
Score of validation (classical) [0.7848605577689243, 0.8406374501992032, 0.8366533864541833, 0.4342629482071713]
Score of training (classical) [0.7452547452547452, 0.8501498501498501, 0.8601398601398601, 0.46153846153846156]
Attempt  206
Score of validation 0.8764940239043825
Score of training 0.936063936063936
Score of validation (classical) [0.7250996015936255, 0.8565737051792829, 0.8605577689243028, 0.43824701195219123]
Score of training (classical) [0.7522477522477522, 0.8481518481518482, 0.8481518481518482, 0.47352647352647353]
Attempt  207
Score of validation 0.8645418326693227
Score of training 0.9330669330669331
Score of validation (classical) [0.749003984063745, 0.8645418326693227, 0.8725099601593626, 0.5219123505976095]
Score of training (classical) [0.7252747252747253, 0.8471528471528471, 0.8401598401598401, 0.5094905094905094]
Attempt  208
Score of validation 0.8844621513944223
Score of training 0.939060939060939
Score of validation (classical) [0.7808764940239044, 0.8804780876494024, 0.8725099601593626, 0.4262948207171315]
Score of training (classical) [0.7242757242757243, 0.8391608391608392, 0.8441558441558441, 0.4725274725274725]
Attempt  209
Score of validation 0.8406374501992032
Score of training 0.952047952047952
Score of validation (classical) [0.7171314741035857, 0.8087649402390438, 0.8167330677290837, 0.47808764940239046]
Score of training (classical) [0.7552447552447552, 0.8521478521478522, 0.8491508491508492, 0.48151848151848153]
Attempt  210
Score of validation 0.8725099601593626
Score of training 0.9430569430569431
Score of validation (classical) [0.7250996015936255, 0.8326693227091634, 0.8406374501992032, 0.4820717131474104]
Score of training (classical) [0.7392607392607392, 0.8511488511488512, 0.8511488511488512, 0.4975024975024975]
Attempt  211
Score of validation 0.852589641434263
Score of training 0.945054945054945
Score of validation (classical) [0.6693227091633466, 0.848605577689243, 0.8565737051792829, 0.4820717131474104]
Score of training (classical) [0.7332667332667333, 0.8381618381618382, 0.8461538461538461, 0.5084915084915085]
Attempt  212
Score of validation 0.896414342629482
Score of training 0.9400599400599401
Score of validation (classical) [0.8047808764940239, 0.8725099601593626, 0.8804780876494024, 0.4701195219123506]
Score of training (classical) [0.7322677322677322, 0.8371628371628371, 0.8401598401598401, 0.5104895104895105]
Attempt  213
Score of validation 0.8924302788844621
Score of training 0.939060939060939
Score of validation (classical) [0.7211155378486056, 0.8007968127490039, 0.8326693227091634, 0.5298804780876494]
Score of training (classical) [0.7282717282717283, 0.8511488511488512, 0.8441558441558441, 0.4775224775224775]
Attempt  214
Score of validation 0.8884462151394422
Score of training 0.9430569430569431
Score of validation (classical) [0.7171314741035857, 0.8167330677290837, 0.8167330677290837, 0.4940239043824701]
Score of training (classical) [0.7352647352647352, 0.8551448551448552, 0.8541458541458542, 0.4725274725274725]
Attempt  215
Score of validation 0.8804780876494024
Score of training 0.9340659340659341
Score of validation (classical) [0.7051792828685259, 0.8247011952191236, 0.8247011952191236, 0.5219123505976095]
Score of training (classical) [0.7422577422577422, 0.8531468531468531, 0.8511488511488512, 0.5094905094905094]
Attempt  216
Score of validation 0.896414342629482
Score of training 0.9440559440559441
Score of validation (classical) [0.6932270916334662, 0.8406374501992032, 0.8446215139442231, 0.4581673306772908]
Score of training (classical) [0.7482517482517482, 0.8521478521478522, 0.8521478521478522, 0.5024975024975025]
Attempt  217
Score of validation 0.8565737051792829
Score of training 0.939060939060939
Score of validation (classical) [0.7211155378486056, 0.852589641434263, 0.8446215139442231, 0.5338645418326693]
Score of training (classical) [0.7542457542457542, 0.8491508491508492, 0.8511488511488512, 0.47952047952047955]
Attempt  218
Score of validation 0.8286852589641435
Score of training 0.942057942057942
Score of validation (classical) [0.701195219123506, 0.8207171314741036, 0.8087649402390438, 0.5139442231075697]
Score of training (classical) [0.7572427572427572, 0.8551448551448552, 0.8531468531468531, 0.5084915084915085]
Attempt  219
Score of validation 0.8685258964143426
Score of training 0.945054945054945
Score of validation (classical) [0.7689243027888446, 0.848605577689243, 0.848605577689243, 0.5179282868525896]
Score of training (classical) [0.7342657342657343, 0.8491508491508492, 0.8521478521478522, 0.4775224775224775]
Attempt  220
Score of validation 0.8764940239043825
Score of training 0.949050949050949
Score of validation (classical) [0.749003984063745, 0.8047808764940239, 0.8087649402390438, 0.5179282868525896]
Score of training (classical) [0.7472527472527473, 0.8531468531468531, 0.8531468531468531, 0.4915084915084915]
Attempt  221
Score of validation 0.8764940239043825
Score of training 0.938061938061938
Score of validation (classical) [0.7848605577689243, 0.8605577689243028, 0.8685258964143426, 0.5219123505976095]
Score of training (classical) [0.7302697302697303, 0.8421578421578422, 0.8461538461538461, 0.46153846153846156]
Attempt  222
Score of validation 0.8804780876494024
Score of training 0.939060939060939
Score of validation (classical) [0.7330677290836654, 0.8326693227091634, 0.8446215139442231, 0.49800796812749004]
Score of training (classical) [0.7432567432567433, 0.8491508491508492, 0.8501498501498501, 0.4785214785214785]
Attempt  223
Score of validation 0.8685258964143426
Score of training 0.942057942057942
Score of validation (classical) [0.7171314741035857, 0.8406374501992032, 0.8446215139442231, 0.4940239043824701]
Score of training (classical) [0.7362637362637363, 0.8431568431568431, 0.8481518481518482, 0.48151848151848153]
Attempt  224
Score of validation 0.8247011952191236
Score of training 0.949050949050949
Score of validation (classical) [0.7211155378486056, 0.796812749003984, 0.8127490039840638, 0.4900398406374502]
Score of training (classical) [0.7472527472527473, 0.8641358641358642, 0.8591408591408591, 0.4695304695304695]
Attempt  225
Score of validation 0.8884462151394422
Score of training 0.932067932067932
Score of validation (classical) [0.8007968127490039, 0.8446215139442231, 0.852589641434263, 0.46215139442231074]
Score of training (classical) [0.7272727272727273, 0.8461538461538461, 0.8471528471528471, 0.48451548451548454]
Attempt  226
Score of validation 0.8565737051792829
Score of training 0.9400599400599401
Score of validation (classical) [0.6972111553784861, 0.8247011952191236, 0.8087649402390438, 0.4860557768924303]
Score of training (classical) [0.7422577422577422, 0.8451548451548452, 0.8501498501498501, 0.5094905094905094]
Attempt  227
Score of validation 0.852589641434263
Score of training 0.936063936063936
Score of validation (classical) [0.7450199203187251, 0.8326693227091634, 0.8366533864541833, 0.5378486055776892]
Score of training (classical) [0.7382617382617382, 0.8391608391608392, 0.8441558441558441, 0.4755244755244755]
Attempt  228
Score of validation 0.8247011952191236
Score of training 0.9470529470529471
Score of validation (classical) [0.7290836653386454, 0.8366533864541833, 0.8406374501992032, 0.5179282868525896]
Score of training (classical) [0.7562437562437563, 0.8481518481518482, 0.8561438561438561, 0.4955044955044955]
Attempt  229
Score of validation 0.8286852589641435
Score of training 0.949050949050949
Score of validation (classical) [0.7131474103585658, 0.8247011952191236, 0.8286852589641435, 0.5537848605577689]
Score of training (classical) [0.7402597402597403, 0.8561438561438561, 0.8521478521478522, 0.47052947052947053]
Attempt  230
Score of validation 0.8685258964143426
Score of training 0.9410589410589411
Score of validation (classical) [0.749003984063745, 0.8406374501992032, 0.852589641434263, 0.5258964143426295]
Score of training (classical) [0.7362637362637363, 0.8521478521478522, 0.8431568431568431, 0.4865134865134865]
Attempt  231
Score of validation 0.8605577689243028
Score of training 0.9310689310689311
Score of validation (classical) [0.7569721115537849, 0.8844621513944223, 0.8844621513944223, 0.5139442231075697]
Score of training (classical) [0.7352647352647352, 0.8421578421578422, 0.8431568431568431, 0.5014985014985015]
Attempt  232
Score of validation 0.8565737051792829
Score of training 0.9440559440559441
Score of validation (classical) [0.7370517928286853, 0.7609561752988048, 0.7529880478087649, 0.5139442231075697]
Score of training (classical) [0.7532467532467533, 0.8691308691308691, 0.8671328671328671, 0.4785214785214785]
Attempt  233
Score of validation 0.8565737051792829
Score of training 0.938061938061938
Score of validation (classical) [0.749003984063745, 0.8366533864541833, 0.848605577689243, 0.46613545816733065]
Score of training (classical) [0.7322677322677322, 0.8531468531468531, 0.8421578421578422, 0.47652347652347654]
Attempt  234
Score of validation 0.8286852589641435
Score of training 0.9440559440559441
Score of validation (classical) [0.7250996015936255, 0.8207171314741036, 0.8087649402390438, 0.545816733067729]
Score of training (classical) [0.7352647352647352, 0.8531468531468531, 0.8531468531468531, 0.4805194805194805]
Attempt  235
Score of validation 0.8565737051792829
Score of training 0.942057942057942
Score of validation (classical) [0.6852589641434262, 0.8127490039840638, 0.8087649402390438, 0.4701195219123506]
Score of training (classical) [0.7352647352647352, 0.8511488511488512, 0.8501498501498501, 0.5224775224775224]
Attempt  236
Score of validation 0.852589641434263
Score of training 0.9310689310689311
Score of validation (classical) [0.7450199203187251, 0.852589641434263, 0.848605577689243, 0.46215139442231074]
Score of training (classical) [0.7422577422577422, 0.8371628371628371, 0.8381618381618382, 0.4875124875124875]
Attempt  237
Score of validation 0.8725099601593626
Score of training 0.9440559440559441
Score of validation (classical) [0.7091633466135459, 0.8605577689243028, 0.852589641434263, 0.43824701195219123]
Score of training (classical) [0.7512487512487512, 0.8431568431568431, 0.8501498501498501, 0.48451548451548454]
Attempt  238
Score of validation 0.8167330677290837
Score of training 0.948051948051948
Score of validation (classical) [0.7250996015936255, 0.8247011952191236, 0.8047808764940239, 0.44223107569721115]
Score of training (classical) [0.7312687312687313, 0.8551448551448552, 0.8531468531468531, 0.4835164835164835]
Attempt  239
Score of validation 0.896414342629482
Score of training 0.9400599400599401
Score of validation (classical) [0.7649402390438247, 0.848605577689243, 0.8645418326693227, 0.4581673306772908]
Score of training (classical) [0.7202797202797203, 0.8431568431568431, 0.8461538461538461, 0.4755244755244755]
Attempt  240
Score of validation 0.8446215139442231
Score of training 0.939060939060939
Score of validation (classical) [0.7450199203187251, 0.8446215139442231, 0.8446215139442231, 0.4541832669322709]
Score of training (classical) [0.7222777222777222, 0.8461538461538461, 0.8481518481518482, 0.5014985014985015]
Attempt  241
Score of validation 0.8685258964143426
Score of training 0.945054945054945
Score of validation (classical) [0.7410358565737052, 0.848605577689243, 0.848605577689243, 0.50199203187251]
Score of training (classical) [0.7312687312687313, 0.8481518481518482, 0.8501498501498501, 0.46553446553446554]
Attempt  242
Score of validation 0.8565737051792829
Score of training 0.9460539460539461
Score of validation (classical) [0.7250996015936255, 0.8565737051792829, 0.8645418326693227, 0.4581673306772908]
Score of training (classical) [0.7322677322677322, 0.8451548451548452, 0.8471528471528471, 0.4805194805194805]
Attempt  243
Score of validation 0.8725099601593626
Score of training 0.942057942057942
Score of validation (classical) [0.7131474103585658, 0.8167330677290837, 0.8247011952191236, 0.4820717131474104]
Score of training (classical) [0.7382617382617382, 0.8451548451548452, 0.8491508491508492, 0.5064935064935064]
Attempt  244
Score of validation 0.8645418326693227
Score of training 0.9430569430569431
Score of validation (classical) [0.7330677290836654, 0.852589641434263, 0.852589641434263, 0.47410358565737054]
Score of training (classical) [0.7212787212787213, 0.8451548451548452, 0.8511488511488512, 0.5014985014985015]
Attempt  245
Score of validation 0.8605577689243028
Score of training 0.951048951048951
Score of validation (classical) [0.7370517928286853, 0.8406374501992032, 0.848605577689243, 0.4860557768924303]
Score of training (classical) [0.7372627372627373, 0.8471528471528471, 0.8481518481518482, 0.5144855144855145]
Attempt  246
Score of validation 0.8804780876494024
Score of training 0.939060939060939
Score of validation (classical) [0.6693227091633466, 0.8406374501992032, 0.8247011952191236, 0.44621513944223107]
Score of training (classical) [0.7672327672327672, 0.8441558441558441, 0.8401598401598401, 0.4975024975024975]
Attempt  247
Score of validation 0.8605577689243028
Score of training 0.9370629370629371
Score of validation (classical) [0.6852589641434262, 0.8167330677290837, 0.8326693227091634, 0.47410358565737054]
Score of training (classical) [0.7512487512487512, 0.8551448551448552, 0.8481518481518482, 0.5024975024975025]
Attempt  248
Score of validation 0.8844621513944223
Score of training 0.9460539460539461
Score of validation (classical) [0.7609561752988048, 0.8764940239043825, 0.8764940239043825, 0.5139442231075697]
Score of training (classical) [0.7422577422577422, 0.8431568431568431, 0.8451548451548452, 0.4945054945054945]
Attempt  249
Score of validation 0.8366533864541833
Score of training 0.9370629370629371
Score of validation (classical) [0.7131474103585658, 0.8326693227091634, 0.8406374501992032, 0.4860557768924303]
Score of training (classical) [0.7442557442557443, 0.8501498501498501, 0.8551448551448552, 0.4965034965034965]
Attempt  250
Score of validation 0.8645418326693227
Score of training 0.945054945054945
Score of validation (classical) [0.6932270916334662, 0.7928286852589641, 0.8047808764940239, 0.5179282868525896]
Score of training (classical) [0.7402597402597403, 0.8571428571428571, 0.8551448551448552, 0.4885114885114885]
Attempt  251
Score of validation 0.8685258964143426
Score of training 0.9410589410589411
Score of validation (classical) [0.7609561752988048, 0.8725099601593626, 0.8764940239043825, 0.4581673306772908]
Score of training (classical) [0.7482517482517482, 0.8421578421578422, 0.8411588411588412, 0.5014985014985015]
Attempt  252
Score of validation 0.8366533864541833
Score of training 0.9500499500499501
Score of validation (classical) [0.7051792828685259, 0.8167330677290837, 0.8047808764940239, 0.4342629482071713]
Score of training (classical) [0.7462537462537463, 0.8561438561438561, 0.8601398601398601, 0.4955044955044955]
Attempt  253
Score of validation 0.8804780876494024
Score of training 0.942057942057942
Score of validation (classical) [0.7729083665338645, 0.8446215139442231, 0.8446215139442231, 0.50199203187251]
Score of training (classical) [0.7442557442557443, 0.8481518481518482, 0.8481518481518482, 0.45254745254745254]
Attempt  254
Score of validation 0.8764940239043825
Score of training 0.9370629370629371
Score of validation (classical) [0.749003984063745, 0.8406374501992032, 0.8645418326693227, 0.5338645418326693]
Score of training (classical) [0.7132867132867133, 0.8471528471528471, 0.8581418581418582, 0.4775224775224775]
Attempt  255
Score of validation 0.8565737051792829
Score of training 0.9460539460539461
Score of validation (classical) [0.7729083665338645, 0.8446215139442231, 0.852589641434263, 0.4900398406374502]
Score of training (classical) [0.7172827172827173, 0.8571428571428571, 0.8521478521478522, 0.4695304695304695]
Attempt  256
Score of validation 0.8884462151394422
Score of training 0.945054945054945
Score of validation (classical) [0.7330677290836654, 0.8764940239043825, 0.8884462151394422, 0.46215139442231074]
Score of training (classical) [0.7292707292707292, 0.8381618381618382, 0.8371628371628371, 0.5034965034965035]
Attempt  257
Score of validation 0.8605577689243028
Score of training 0.9310689310689311
Score of validation (classical) [0.7091633466135459, 0.8087649402390438, 0.8087649402390438, 0.41832669322709165]
Score of training (classical) [0.7432567432567433, 0.8581418581418582, 0.8611388611388612, 0.5084915084915085]
Attempt  258
Score of validation 0.852589641434263
Score of training 0.942057942057942
Score of validation (classical) [0.7290836653386454, 0.8446215139442231, 0.8565737051792829, 0.4302788844621514]
Score of training (classical) [0.7242757242757243, 0.8411588411588412, 0.8431568431568431, 0.5144855144855145]
Attempt  259
Score of validation 0.8565737051792829
Score of training 0.9400599400599401
Score of validation (classical) [0.7410358565737052, 0.8326693227091634, 0.848605577689243, 0.47410358565737054]
Score of training (classical) [0.7332667332667333, 0.8611388611388612, 0.8601398601398601, 0.4755244755244755]
Attempt  260
Score of validation 0.8685258964143426
Score of training 0.942057942057942
Score of validation (classical) [0.7211155378486056, 0.8406374501992032, 0.8446215139442231, 0.5059760956175299]
Score of training (classical) [0.7302697302697303, 0.8491508491508492, 0.8431568431568431, 0.4965034965034965]
Attempt  261
Score of validation 0.9123505976095617
Score of training 0.9340659340659341
Score of validation (classical) [0.7888446215139442, 0.8804780876494024, 0.8804780876494024, 0.4940239043824701]
Score of training (classical) [0.7382617382617382, 0.8411588411588412, 0.8401598401598401, 0.5054945054945055]
Attempt  262
Score of validation 0.8725099601593626
Score of training 0.9300699300699301
Score of validation (classical) [0.7410358565737052, 0.8047808764940239, 0.8127490039840638, 0.50199203187251]
Score of training (classical) [0.7552447552447552, 0.8531468531468531, 0.8571428571428571, 0.5054945054945055]
Attempt  263
Score of validation 0.8884462151394422
Score of training 0.9410589410589411
Score of validation (classical) [0.7370517928286853, 0.796812749003984, 0.7888446215139442, 0.5059760956175299]
Score of training (classical) [0.7452547452547452, 0.8641358641358642, 0.8621378621378621, 0.47652347652347654]
Attempt  264
Score of validation 0.8446215139442231
Score of training 0.9440559440559441
Score of validation (classical) [0.7370517928286853, 0.8127490039840638, 0.8286852589641435, 0.47410358565737054]
Score of training (classical) [0.7362637362637363, 0.8581418581418582, 0.8571428571428571, 0.4885114885114885]
Attempt  265
Score of validation 0.8286852589641435
Score of training 0.9400599400599401
Score of validation (classical) [0.6932270916334662, 0.8007968127490039, 0.796812749003984, 0.47410358565737054]
Score of training (classical) [0.7512487512487512, 0.8661338661338661, 0.8671328671328671, 0.4785214785214785]
Attempt  266
Score of validation 0.896414342629482
Score of training 0.935064935064935
Score of validation (classical) [0.749003984063745, 0.8685258964143426, 0.896414342629482, 0.450199203187251]
Score of training (classical) [0.7292707292707292, 0.8361638361638362, 0.8391608391608392, 0.4905094905094905]
Attempt  267
Score of validation 0.7888446215139442
Score of training 0.942057942057942
Score of validation (classical) [0.6852589641434262, 0.8127490039840638, 0.8167330677290837, 0.5139442231075697]
Score of training (classical) [0.7352647352647352, 0.8471528471528471, 0.8491508491508492, 0.4865134865134865]
Attempt  268
Score of validation 0.8446215139442231
Score of training 0.939060939060939
Score of validation (classical) [0.7171314741035857, 0.8406374501992032, 0.8406374501992032, 0.4342629482071713]
Score of training (classical) [0.7372627372627373, 0.8481518481518482, 0.8531468531468531, 0.4965034965034965]
Attempt  269
Score of validation 0.852589641434263
Score of training 0.942057942057942
Score of validation (classical) [0.6932270916334662, 0.8286852589641435, 0.8247011952191236, 0.5219123505976095]
Score of training (classical) [0.7412587412587412, 0.8511488511488512, 0.8551448551448552, 0.5144855144855145]
Attempt  270
Score of validation 0.8366533864541833
Score of training 0.9400599400599401
Score of validation (classical) [0.7131474103585658, 0.8167330677290837, 0.8207171314741036, 0.4900398406374502]
Score of training (classical) [0.7582417582417582, 0.8541458541458542, 0.8521478521478522, 0.5084915084915085]
Attempt  271
Score of validation 0.848605577689243
Score of training 0.945054945054945
Score of validation (classical) [0.7569721115537849, 0.8446215139442231, 0.848605577689243, 0.4900398406374502]
Score of training (classical) [0.7272727272727273, 0.8371628371628371, 0.8431568431568431, 0.47952047952047955]
Attempt  272
Score of validation 0.8406374501992032
Score of training 0.9370629370629371
Score of validation (classical) [0.7330677290836654, 0.8645418326693227, 0.8685258964143426, 0.49800796812749004]
Score of training (classical) [0.7322677322677322, 0.8491508491508492, 0.8511488511488512, 0.5084915084915085]
Attempt  273
Score of validation 0.8366533864541833
Score of training 0.945054945054945
Score of validation (classical) [0.7091633466135459, 0.8366533864541833, 0.8366533864541833, 0.4820717131474104]
Score of training (classical) [0.7362637362637363, 0.8461538461538461, 0.8421578421578422, 0.4905094905094905]
Attempt  274
Score of validation 0.8286852589641435
Score of training 0.9370629370629371
Score of validation (classical) [0.701195219123506, 0.8286852589641435, 0.8286852589641435, 0.50199203187251]
Score of training (classical) [0.7332667332667333, 0.8491508491508492, 0.8501498501498501, 0.4925074925074925]
Attempt  275
Score of validation 0.8804780876494024
Score of training 0.9400599400599401
Score of validation (classical) [0.749003984063745, 0.8366533864541833, 0.8446215139442231, 0.5338645418326693]
Score of training (classical) [0.7452547452547452, 0.8461538461538461, 0.8481518481518482, 0.48151848151848153]
Attempt  276
Score of validation 0.8844621513944223
Score of training 0.9370629370629371
Score of validation (classical) [0.7609561752988048, 0.8605577689243028, 0.8725099601593626, 0.5139442231075697]
Score of training (classical) [0.7332667332667333, 0.8401598401598401, 0.8411588411588412, 0.4675324675324675]
Attempt  277
Score of validation 0.8645418326693227
Score of training 0.9370629370629371
Score of validation (classical) [0.7529880478087649, 0.8565737051792829, 0.8446215139442231, 0.5179282868525896]
Score of training (classical) [0.7302697302697303, 0.8481518481518482, 0.8481518481518482, 0.4945054945054945]
Attempt  278
Score of validation 0.8605577689243028
Score of training 0.9470529470529471
Score of validation (classical) [0.6733067729083665, 0.8326693227091634, 0.8326693227091634, 0.44621513944223107]
Score of training (classical) [0.7342657342657343, 0.8441558441558441, 0.8451548451548452, 0.48951048951048953]
Attempt  279
Score of validation 0.8565737051792829
Score of training 0.932067932067932
Score of validation (classical) [0.7330677290836654, 0.8605577689243028, 0.848605577689243, 0.4940239043824701]
Score of training (classical) [0.7432567432567433, 0.8461538461538461, 0.8481518481518482, 0.5174825174825175]
Attempt  280
Score of validation 0.8685258964143426
Score of training 0.9410589410589411
Score of validation (classical) [0.7649402390438247, 0.8326693227091634, 0.8446215139442231, 0.4541832669322709]
Score of training (classical) [0.7372627372627373, 0.8451548451548452, 0.8461538461538461, 0.4905094905094905]
Attempt  281
Score of validation 0.8645418326693227
Score of training 0.942057942057942
Score of validation (classical) [0.7649402390438247, 0.848605577689243, 0.848605577689243, 0.5338645418326693]
Score of training (classical) [0.7352647352647352, 0.8491508491508492, 0.8451548451548452, 0.4745254745254745]
Attempt  282
Score of validation 0.900398406374502
Score of training 0.942057942057942
Score of validation (classical) [0.7529880478087649, 0.8804780876494024, 0.8804780876494024, 0.4860557768924303]
Score of training (classical) [0.7352647352647352, 0.8411588411588412, 0.8381618381618382, 0.48451548451548454]
Attempt  283
Score of validation 0.8406374501992032
Score of training 0.938061938061938
Score of validation (classical) [0.7370517928286853, 0.848605577689243, 0.8366533864541833, 0.450199203187251]
Score of training (classical) [0.7372627372627373, 0.8471528471528471, 0.8481518481518482, 0.4865134865134865]
Attempt  284
Score of validation 0.8645418326693227
Score of training 0.942057942057942
Score of validation (classical) [0.7330677290836654, 0.8406374501992032, 0.8366533864541833, 0.4701195219123506]
Score of training (classical) [0.7462537462537463, 0.8491508491508492, 0.8461538461538461, 0.4945054945054945]
Attempt  285
Score of validation 0.8764940239043825
Score of training 0.939060939060939
Score of validation (classical) [0.7290836653386454, 0.852589641434263, 0.8605577689243028, 0.4900398406374502]
Score of training (classical) [0.7312687312687313, 0.8401598401598401, 0.8361638361638362, 0.5174825174825175]
Attempt  286
Score of validation 0.8804780876494024
Score of training 0.9310689310689311
Score of validation (classical) [0.7290836653386454, 0.8446215139442231, 0.8366533864541833, 0.4302788844621514]
Score of training (classical) [0.7432567432567433, 0.8461538461538461, 0.8531468531468531, 0.5084915084915085]
Attempt  287
Score of validation 0.8207171314741036
Score of training 0.942057942057942
Score of validation (classical) [0.7290836653386454, 0.8286852589641435, 0.8247011952191236, 0.5258964143426295]
Score of training (classical) [0.7432567432567433, 0.8511488511488512, 0.8551448551448552, 0.4955044955044955]
Attempt  288
Score of validation 0.8645418326693227
Score of training 0.948051948051948
Score of validation (classical) [0.7290836653386454, 0.848605577689243, 0.848605577689243, 0.5617529880478087]
Score of training (classical) [0.7472527472527473, 0.8441558441558441, 0.8421578421578422, 0.5024975024975025]
Attempt  289
Score of validation 0.8605577689243028
Score of training 0.935064935064935
Score of validation (classical) [0.7051792828685259, 0.8286852589641435, 0.8286852589641435, 0.4541832669322709]
Score of training (classical) [0.7402597402597403, 0.8491508491508492, 0.8511488511488512, 0.5084915084915085]
Attempt  290
Score of validation 0.8645418326693227
Score of training 0.938061938061938
Score of validation (classical) [0.6932270916334662, 0.8406374501992032, 0.8406374501992032, 0.4581673306772908]
Score of training (classical) [0.7412587412587412, 0.8441558441558441, 0.8481518481518482, 0.5044955044955045]
Attempt  291
Score of validation 0.8366533864541833
Score of training 0.945054945054945
Score of validation (classical) [0.6932270916334662, 0.8087649402390438, 0.8167330677290837, 0.4302788844621514]
Score of training (classical) [0.7472527472527473, 0.8531468531468531, 0.8551448551448552, 0.5104895104895105]
Attempt  292
Score of validation 0.8565737051792829
Score of training 0.935064935064935
Score of validation (classical) [0.6454183266932271, 0.8167330677290837, 0.8366533864541833, 0.4342629482071713]
Score of training (classical) [0.7512487512487512, 0.8551448551448552, 0.8531468531468531, 0.5154845154845155]
Attempt  293
Score of validation 0.8406374501992032
Score of training 0.9440559440559441
Score of validation (classical) [0.6613545816733067, 0.7888446215139442, 0.8087649402390438, 0.4900398406374502]
Score of training (classical) [0.7422577422577422, 0.8531468531468531, 0.8521478521478522, 0.5174825174825175]
Attempt  294
Score of validation 0.852589641434263
Score of training 0.939060939060939
Score of validation (classical) [0.7171314741035857, 0.8207171314741036, 0.8207171314741036, 0.4860557768924303]
Score of training (classical) [0.7482517482517482, 0.8541458541458542, 0.8551448551448552, 0.5124875124875125]
Attempt  295
Score of validation 0.8844621513944223
Score of training 0.939060939060939
Score of validation (classical) [0.7330677290836654, 0.852589641434263, 0.8565737051792829, 0.4860557768924303]
Score of training (classical) [0.7312687312687313, 0.8481518481518482, 0.8561438561438561, 0.46653346653346656]
Attempt  296
Score of validation 0.8605577689243028
Score of training 0.9370629370629371
Score of validation (classical) [0.7729083665338645, 0.8286852589641435, 0.8247011952191236, 0.5179282868525896]
Score of training (classical) [0.7342657342657343, 0.8491508491508492, 0.8501498501498501, 0.48151848151848153]
Attempt  297
Score of validation 0.848605577689243
Score of training 0.9400599400599401
Score of validation (classical) [0.7131474103585658, 0.852589641434263, 0.8565737051792829, 0.5338645418326693]
Score of training (classical) [0.7432567432567433, 0.8451548451548452, 0.8441558441558441, 0.4985014985014985]
Attempt  298
Score of validation 0.8884462151394422
Score of training 0.9470529470529471
Score of validation (classical) [0.749003984063745, 0.8605577689243028, 0.8764940239043825, 0.549800796812749]
Score of training (classical) [0.7212787212787213, 0.8591408591408591, 0.8761238761238761, 0.5164835164835165]
Attempt  299
Score of validation 0.8406374501992032
Score of training 0.9530469530469531
Score of validation (classical) [0.749003984063745, 0.8127490039840638, 0.8127490039840638, 0.4820717131474104]
Score of training (classical) [0.7302697302697303, 0.8621378621378621, 0.8521478521478522, 0.4835164835164835]
